epoch	batch	iter	loss	acc	lr
1	1	1	10477087744.0	0.125	0.001
1	2	2	5231758336.0	0.125	0.001
1	3	3	2614092288.0	0.0	0.001
1	4	4	1306562048.0	0.0	0.001
1	5	5	652587584.0	0.125	0.001
1	6	6	326202496.0	0.125	0.001
1	7	7	163014768.0	0.0	0.001
1	8	8	81466512.0	0.0	0.001
1	9	9	40715120.0	0.125	0.001
1	10	10	20346934.0	0.0	0.001
1	11	11	10174077.0	0.125	0.001
1	12	12	5083407.5	0.0	0.001
1	13	13	2541264.5	0.0	0.001
1	14	14	1270179.875	0.0	0.001
1	15	15	635025.25	0.0	0.001
2	1	16	10401742848.0	0.0	0.001
2	2	17	5198667776.0	0.375	0.001
2	3	18	2599059200.0	0.0	0.001
2	4	19	1298474880.0	0.125	0.001
2	5	20	648950144.0	0.125	0.001
2	6	21	324358656.0	0.125	0.001
2	7	22	162136288.0	0.125	0.001
2	8	23	81021736.0	0.125	0.001
2	9	24	40512492.0	0.25	0.001
2	10	25	20245346.0	0.25	0.001
2	11	26	10115705.0	0.0	0.001
2	12	27	5056947.0	0.0	0.001
2	13	28	2527865.25	0.125	0.001
2	14	29	1264061.625	0.0	0.001
2	15	30	631764.9375	0.3333333333333333	0.001
3	1	31	10350245888.0	0.25	0.001
3	2	32	5174151168.0	0.125	0.001
3	3	33	2585433088.0	0.125	0.001
3	4	34	1292532992.0	0.0	0.001
3	5	35	645818112.0	0.0	0.001
3	6	36	322763520.0	0.125	0.001
3	7	37	161427072.0	0.125	0.001
3	8	38	80649352.0	0.0	0.001
3	9	39	40305220.0	0.0	0.001
3	10	40	20144144.0	0.125	0.001
3	11	41	10073575.0	0.25	0.001
3	12	42	5036064.0	0.125	0.001
3	13	43	2516857.0	0.25	0.001
3	14	44	1258375.875	0.25	0.001
3	15	45	628906.3125	0.0	0.001
4	1	46	10303494144.0	0.0	0.001
4	2	47	5150247424.0	0.125	0.001
4	3	48	2573638656.0	0.25	0.001
4	4	49	1286430208.0	0.125	0.001
4	5	50	642897088.0	0.25	0.001
4	6	51	321471712.0	0.125	0.001
4	7	52	160630672.0	0.125	0.001
4	8	53	80275656.0	0.0	0.001
4	9	54	40143068.0	0.125	0.001
4	10	55	20058996.0	0.125	0.001
4	11	56	10024892.0	0.0	0.001
4	12	57	5013254.5	0.0	0.001
4	13	58	2505922.0	0.0	0.001
4	14	59	1252551.125	0.0	0.001
4	15	60	626330.75	0.0	0.001
5	1	61	10257305600.0	0.125	0.001
5	2	62	5127824384.0	0.375	0.001
5	3	63	2562449920.0	0.0	0.001
5	4	64	1281088128.0	0.0	0.001
5	5	65	640174656.0	0.375	0.001
5	6	66	319909376.0	0.0	0.001
5	7	67	159908912.0	0.125	0.001
5	8	68	79938432.0	0.25	0.001
5	9	69	39954284.0	0.0	0.001
5	10	70	19974842.0	0.125	0.001
5	11	71	9979966.0	0.25	0.001
5	12	72	4990459.0	0.25	0.001
5	13	73	2495120.25	0.125	0.001
5	14	74	1247614.0	0.125	0.001
5	15	75	623510.3125	0.0	0.001
6	1	76	10214467584.0	0.0	0.001
6	2	77	5105054208.0	0.125	0.001
6	3	78	2551532032.0	0.0	0.001
6	4	79	1275849600.0	0.5	0.001
6	5	80	637404544.0	0.0	0.001
6	6	81	318527296.0	0.0	0.001
6	7	82	159251776.0	0.0	0.001
6	8	83	79622728.0	0.125	0.001
6	9	84	39787040.0	0.25	0.001
6	10	85	19881316.0	0.0	0.001
6	11	86	9940354.0	0.0	0.001
6	12	87	4968718.5	0.125	0.001
6	13	88	2484147.75	0.0	0.001
6	14	89	1241792.125	0.0	0.001
6	15	90	620940.25	0.0	0.001
7	1	91	10169243648.0	0.125	0.001
7	2	92	5083555840.0	0.125	0.001
7	3	93	2540503552.0	0.0	0.001
7	4	94	1269713792.0	0.125	0.001
7	5	95	634624384.0	0.0	0.001
7	6	96	317232064.0	0.5	0.001
7	7	97	158538272.0	0.0	0.001
7	8	98	79276304.0	0.0	0.001
7	9	99	39624304.0	0.0	0.001
7	10	100	19804570.0	0.125	0.001
7	11	101	9895952.0	0.0	0.001
7	12	102	4947167.5	0.375	0.001
7	13	103	2472434.0	0.125	0.001
7	14	104	1236976.625	0.125	0.001
7	15	105	618123.5	0.0	0.001
8	1	106	10131503104.0	0.125	0.001
8	2	107	5061932544.0	0.0	0.001
8	3	108	2530711808.0	0.25	0.001
8	4	109	1264426240.0	0.0	0.001
8	5	110	632118528.0	0.0	0.001
8	6	111	315832192.0	0.25	0.001
8	7	112	157840944.0	0.125	0.001
8	8	113	78930120.0	0.25	0.001
8	9	114	39447336.0	0.125	0.001
8	10	115	19714852.0	0.0	0.001
8	11	116	9858862.0	0.125	0.001
8	12	117	4927202.5	0.0	0.001
8	13	118	2462850.75	0.25	0.001
8	14	119	1231324.5	0.375	0.001
8	15	120	615560.375	0.0	0.001
9	1	121	10088650752.0	0.375	0.001
9	2	122	5040689152.0	0.0	0.001
9	3	123	2519051264.0	0.0	0.001
9	4	124	1259251072.0	0.125	0.001
9	5	125	629199488.0	0.125	0.001
9	6	126	314500512.0	0.125	0.001
9	7	127	157209296.0	0.0	0.001
9	8	128	78582168.0	0.25	0.001
9	9	129	39279352.0	0.125	0.001
9	10	130	19638990.0	0.125	0.001
9	11	131	9813167.0	0.0	0.001
9	12	132	4905431.0	0.125	0.001
9	13	133	2453244.75	0.125	0.001
9	14	134	1226353.375	0.375	0.001
9	15	135	613002.125	0.0	0.001
10	1	136	10047939584.0	0.25	0.001
10	2	137	5020518912.0	0.25	0.001
10	3	138	2509199872.0	0.125	0.001
10	4	139	1254206336.0	0.0	0.001
10	5	140	626840576.0	0.25	0.001
10	6	141	313284288.0	0.125	0.001
10	7	142	156600144.0	0.0	0.001
10	8	143	78266360.0	0.25	0.001
10	9	144	39130096.0	0.125	0.001
10	10	145	19556980.0	0.125	0.001
10	11	146	9775674.0	0.125	0.001
10	12	147	4885337.5	0.0	0.001
10	13	148	2443253.25	0.0	0.001
10	14	149	1221382.625	0.0	0.001
10	15	150	610616.3125	0.0	0.001
11	1	151	9998182400.0	0.0	0.001
11	2	152	4998353408.0	0.25	0.001
11	3	153	2499136000.0	0.0	0.001
11	4	154	1248832768.0	0.0	0.001
11	5	155	624253312.0	0.125	0.001
11	6	156	311985920.0	0.375	0.001
11	7	157	155884800.0	0.0	0.001
11	8	158	77929160.0	0.125	0.001
11	9	159	38971288.0	0.0	0.001
11	10	160	19473288.0	0.25	0.001
11	11	161	9735916.0	0.0	0.001
11	12	162	4866973.5	0.0	0.001
11	13	163	2433600.5	0.25	0.001
11	14	164	1216110.125	0.0	0.001
11	15	165	608197.625	0.3333333333333333	0.001
12	1	166	9960933376.0	0.125	0.001
12	2	167	4980845056.0	0.125	0.001
12	3	168	2488459008.0	0.25	0.001
12	4	169	1243174144.0	0.125	0.001
12	5	170	621765632.0	0.0	0.001
12	6	171	310620352.0	0.25	0.001
12	7	172	155324000.0	0.0	0.001
12	8	173	77651832.0	0.25	0.001
12	9	174	38802672.0	0.0	0.001
12	10	175	19402322.0	0.125	0.001
12	11	176	9696369.0	0.125	0.001
12	12	177	4846149.5	0.375	0.001
12	13	178	2423173.0	0.25	0.001
12	14	179	1211181.5	0.125	0.001
12	15	180	605625.9375	1.0	0.001
13	1	181	9917046784.0	0.0	0.001
13	2	182	4958052352.0	0.125	0.001
13	3	183	2478344192.0	0.0	0.001
13	4	184	1238770944.0	0.125	0.001
13	5	185	619049472.0	0.25	0.001
13	6	186	309269824.0	0.0	0.001
13	7	187	154674304.0	0.0	0.001
13	8	188	77317680.0	0.5	0.001
13	9	189	38644948.0	0.125	0.001
13	10	190	19323930.0	0.125	0.001
13	11	191	9654997.0	0.0	0.001
13	12	192	4825992.0	0.25	0.001
13	13	193	2413478.25	0.0	0.001
13	14	194	1206073.375	0.25	0.001
13	15	195	603053.9375	0.3333333333333333	0.001
14	1	196	9879854080.0	0.25	0.001
14	2	197	4937765888.0	0.125	0.001
14	3	198	2467989504.0	0.125	0.001
14	4	199	1233800960.0	0.125	0.001
14	5	200	616568320.0	0.125	0.001
14	6	201	308218880.0	0.125	0.001
14	7	202	154037952.0	0.0	0.001
14	8	203	76993048.0	0.5	0.001
14	9	204	38476604.0	0.125	0.001
14	10	205	19241332.0	0.5	0.001
14	11	206	9618192.0	0.125	0.001
14	12	207	4808285.5	0.25	0.001
14	13	208	2403202.0	0.0	0.001
14	14	209	1201319.875	0.0	0.001
14	15	210	600736.125	0.0	0.001
15	1	211	9841346560.0	0.25	0.001
15	2	212	4917385728.0	0.0	0.001
15	3	213	2458904064.0	0.0	0.001
15	4	214	1228129280.0	0.0	0.001
15	5	215	614087168.0	0.25	0.001
15	6	216	306981376.0	0.125	0.001
15	7	217	153428480.0	0.25	0.001
15	8	218	76673568.0	0.0	0.001
15	9	219	38338848.0	0.25	0.001
15	10	220	19162458.0	0.0	0.001
15	11	221	9576397.0	0.25	0.001
15	12	222	4788734.5	0.0	0.001
15	13	223	2393537.0	0.0	0.001
15	14	224	1196685.75	0.0	0.001
15	15	225	598260.375	0.0	0.001
16	1	226	9798113280.0	0.125	0.001
16	2	227	4899304448.0	0.25	0.001
16	3	228	2448014848.0	0.125	0.001
16	4	229	1223605504.0	0.125	0.001
16	5	230	611584832.0	0.125	0.001
16	6	231	305702208.0	0.125	0.001
16	7	232	152738432.0	0.25	0.001
16	8	233	76369352.0	0.0	0.001
16	9	234	38176960.0	0.0	0.001
16	10	235	19084218.0	0.125	0.001
16	11	236	9543934.0	0.125	0.001
16	12	237	4770039.5	0.0	0.001
16	13	238	2384122.25	0.125	0.001
16	14	239	1191832.0	0.125	0.001
16	15	240	595950.75	0.0	0.001
17	1	241	9762184192.0	0.125	0.001
17	2	242	4880061440.0	0.0	0.001
17	3	243	2438927104.0	0.125	0.001
17	4	244	1218473984.0	0.25	0.001
17	5	245	609150528.0	0.125	0.001
17	6	246	304547232.0	0.125	0.001
17	7	247	152205504.0	0.125	0.001
17	8	248	76064568.0	0.0	0.001
17	9	249	38022308.0	0.125	0.001
17	10	250	19015092.0	0.125	0.001
17	11	251	9503491.0	0.125	0.001
17	12	252	4749792.0	0.375	0.001
17	13	253	2374587.75	0.0	0.001
17	14	254	1186964.125	0.125	0.001
17	15	255	593571.9375	0.3333333333333333	0.001
18	1	256	9720264704.0	0.125	0.001
18	2	257	4859863040.0	0.25	0.001
18	3	258	2428057344.0	0.125	0.001
18	4	259	1213907968.0	0.375	0.001
18	5	260	606903744.0	0.25	0.001
18	6	261	303172672.0	0.0	0.001
18	7	262	151623472.0	0.125	0.001
18	8	263	75785320.0	0.0	0.001
18	9	264	37891432.0	0.375	0.001
18	10	265	18932796.0	0.0	0.001
18	11	266	9462236.0	0.0	0.001
18	12	267	4731649.5	0.125	0.001
18	13	268	2365126.0	0.125	0.001
18	14	269	1182301.875	0.125	0.001
18	15	270	591283.0625	0.0	0.001
19	1	271	9680757760.0	0.125	0.001
19	2	272	4840180736.0	0.25	0.001
19	3	273	2418608640.0	0.0	0.001
19	4	274	1209245952.0	0.5	0.001
19	5	275	604407872.0	0.125	0.001
19	6	276	302080192.0	0.125	0.001
19	7	277	150972432.0	0.125	0.001
19	8	278	75460680.0	0.125	0.001
19	9	279	37721716.0	0.25	0.001
19	10	280	18863476.0	0.25	0.001
19	11	281	9428355.0	0.25	0.001
19	12	282	4712844.5	0.0	0.001
19	13	283	2355873.0	0.25	0.001
19	14	284	1177917.75	0.25	0.001
19	15	285	588892.6875	0.0	0.001
20	1	286	9645361152.0	0.25	0.0001
20	2	287	4822349824.0	0.0	0.0001
20	3	288	2410951168.0	0.0	0.0001
20	4	289	1205543040.0	0.25	0.0001
20	5	290	602581888.0	0.25	0.0001
20	6	291	301350432.0	0.125	0.0001
20	7	292	150619632.0	0.25	0.0001
20	8	293	75351512.0	0.0	0.0001
20	9	294	37661948.0	0.5	0.0001
20	10	295	18830310.0	0.375	0.0001
20	11	296	9416945.0	0.125	0.0001
20	12	297	4709695.5	0.125	0.0001
20	13	298	2353495.25	0.0	0.0001
20	14	299	1177055.625	0.125	0.0001
20	15	300	588684.9375	0.0	0.0001
21	1	301	9639424000.0	0.125	0.0001
21	2	302	4821505024.0	0.25	0.0001
21	3	303	2409624576.0	0.0	0.0001
21	4	304	1205039104.0	0.125	0.0001
21	5	305	602433280.0	0.125	0.0001
21	6	306	301098464.0	0.0	0.0001
21	7	307	150613296.0	0.125	0.0001
21	8	308	75311440.0	0.125	0.0001
21	9	309	37656956.0	0.5	0.0001
21	10	310	18826692.0	0.25	0.0001
21	11	311	9412719.0	0.0	0.0001
21	12	312	4706663.5	0.5	0.0001
21	13	313	2352958.25	0.125	0.0001
21	14	314	1176710.0	0.0	0.0001
21	15	315	588325.375	0.3333333333333333	0.0001
22	1	316	9635873792.0	0.125	0.0001
22	2	317	4818991616.0	0.25	0.0001
22	3	318	2408828416.0	0.125	0.0001
22	4	319	1204810752.0	0.125	0.0001
22	5	320	602259776.0	0.125	0.0001
22	6	321	301173696.0	0.0	0.0001
22	7	322	150478432.0	0.125	0.0001
22	8	323	75276728.0	0.125	0.0001
22	9	324	37639928.0	0.0	0.0001
22	10	325	18819642.0	0.125	0.0001
22	11	326	9412088.0	0.125	0.0001
22	12	327	4703792.5	0.0	0.0001
22	13	328	2352670.25	0.375	0.0001
22	14	329	1175939.625	0.0	0.0001
22	15	330	587918.4375	0.0	0.0001
23	1	331	9634891776.0	0.0	0.0001
23	2	332	4816832512.0	0.125	0.0001
23	3	333	2408474624.0	0.0	0.0001
23	4	334	1203890944.0	0.125	0.0001
23	5	335	601918528.0	0.125	0.0001
23	6	336	301075456.0	0.375	0.0001
23	7	337	150482752.0	0.125	0.0001
23	8	338	75236800.0	0.125	0.0001
23	9	339	37619276.0	0.25	0.0001
23	10	340	18805272.0	0.25	0.0001
23	11	341	9404146.0	0.0	0.0001
23	12	342	4702541.0	0.25	0.0001
23	13	343	2351518.75	0.0	0.0001
23	14	344	1175813.0	0.0	0.0001
23	15	345	587667.25	0.0	0.0001
24	1	346	9633354752.0	0.125	0.0001
24	2	347	4814360576.0	0.125	0.0001
24	3	348	2407513088.0	0.125	0.0001
24	4	349	1203556096.0	0.125	0.0001
24	5	350	601671424.0	0.0	0.0001
24	6	351	300968544.0	0.0	0.0001
24	7	352	150457760.0	0.125	0.0001
24	8	353	75217704.0	0.125	0.0001
24	9	354	37594404.0	0.0	0.0001
24	10	355	18804954.0	0.25	0.0001
24	11	356	9402479.0	0.375	0.0001
24	12	357	4701235.5	0.125	0.0001
24	13	358	2350151.25	0.0	0.0001
24	14	359	1175015.125	0.125	0.0001
24	15	360	587706.0	0.3333333333333333	0.0001
25	1	361	9626772480.0	0.25	0.0001
25	2	362	4813391872.0	0.0	0.0001
25	3	363	2406621184.0	0.0	0.0001
25	4	364	1202930432.0	0.0	0.0001
25	5	365	601325632.0	0.125	0.0001
25	6	366	300726400.0	0.0	0.0001
25	7	367	150358368.0	0.125	0.0001
25	8	368	75192024.0	0.125	0.0001
25	9	369	37593028.0	0.25	0.0001
25	10	370	18797232.0	0.375	0.0001
25	11	371	9398175.0	0.0	0.0001
25	12	372	4698675.0	0.125	0.0001
25	13	373	2349328.75	0.25	0.0001
25	14	374	1174282.625	0.25	0.0001
25	15	375	587437.5625	0.0	0.0001
26	1	376	9625726976.0	0.25	0.0001
26	2	377	4810844160.0	0.125	0.0001
26	3	378	2405945088.0	0.0	0.0001
26	4	379	1202509824.0	0.25	0.0001
26	5	380	601316864.0	0.25	0.0001
26	6	381	300677184.0	0.0	0.0001
26	7	382	150358288.0	0.0	0.0001
26	8	383	75185872.0	0.0	0.0001
26	9	384	37579420.0	0.125	0.0001
26	10	385	18786082.0	0.375	0.0001
26	11	386	9396178.0	0.0	0.0001
26	12	387	4697525.0	0.125	0.0001
26	13	388	2348620.5	0.0	0.0001
26	14	389	1174424.125	0.375	0.0001
26	15	390	587147.8125	0.0	0.0001
27	1	391	9621826560.0	0.125	0.0001
27	2	392	4808273920.0	0.125	0.0001
27	3	393	2405387776.0	0.625	0.0001
27	4	394	1202028032.0	0.125	0.0001
27	5	395	600993344.0	0.125	0.0001
27	6	396	300536864.0	0.125	0.0001
27	7	397	150251696.0	0.25	0.0001
27	8	398	75116320.0	0.0	0.0001
27	9	399	37554228.0	0.25	0.0001
27	10	400	18782370.0	0.0	0.0001
27	11	401	9390964.0	0.125	0.0001
27	12	402	4696183.5	0.25	0.0001
27	13	403	2347337.5	0.125	0.0001
27	14	404	1173451.125	0.0	0.0001
27	15	405	586765.8125	0.3333333333333333	0.0001
28	1	406	9614759936.0	0.25	0.0001
28	2	407	4805905408.0	0.25	0.0001
28	3	408	2403224320.0	0.25	0.0001
28	4	409	1201344384.0	0.125	0.0001
28	5	410	600766336.0	0.125	0.0001
28	6	411	300354400.0	0.25	0.0001
28	7	412	150218800.0	0.0	0.0001
28	8	413	75134584.0	0.25	0.0001
28	9	414	37538332.0	0.125	0.0001
28	10	415	18773624.0	0.25	0.0001
28	11	416	9386443.0	0.25	0.0001
28	12	417	4691683.0	0.125	0.0001
28	13	418	2347139.0	0.25	0.0001
28	14	419	1173175.625	0.125	0.0001
28	15	420	586714.0	0.3333333333333333	0.0001
29	1	421	9609912320.0	0.125	0.0001
29	2	422	4805839360.0	0.125	0.0001
29	3	423	2402490112.0	0.0	0.0001
29	4	424	1201025408.0	0.25	0.0001
29	5	425	600650560.0	0.125	0.0001
29	6	426	300274752.0	0.25	0.0001
29	7	427	150118608.0	0.25	0.0001
29	8	428	75082600.0	0.125	0.0001
29	9	429	37534104.0	0.0	0.0001
29	10	430	18768536.0	0.25	0.0001
29	11	431	9380642.0	0.125	0.0001
29	12	432	4693115.0	0.25	0.0001
29	13	433	2346026.75	0.0	0.0001
29	14	434	1172719.0	0.0	0.0001
29	15	435	586396.6875	0.0	0.0001
30	1	436	9605969920.0	0.5	0.0001
30	2	437	4802555904.0	0.25	0.0001
30	3	438	2401516800.0	0.25	0.0001
30	4	439	1200509184.0	0.0	0.0001
30	5	440	600514432.0	0.25	0.0001
30	6	441	300236416.0	0.0	0.0001
30	7	442	150060624.0	0.25	0.0001
30	8	443	75035648.0	0.25	0.0001
30	9	444	37521252.0	0.125	0.0001
30	10	445	18761080.0	0.125	0.0001
30	11	446	9380128.0	0.0	0.0001
30	12	447	4689804.0	0.125	0.0001
30	13	448	2344937.5	0.25	0.0001
30	14	449	1172368.75	0.125	0.0001
30	15	450	586039.3125	0.0	0.0001
31	1	451	9604706304.0	0.25	1e-05
31	2	452	4801189888.0	0.125	1e-05
31	3	453	2401546240.0	0.125	1e-05
31	4	454	1200464512.0	0.125	1e-05
31	5	455	600177024.0	0.0	1e-05
31	6	456	300148032.0	0.0	1e-05
31	7	457	150058320.0	0.125	1e-05
31	8	458	75010696.0	0.0	1e-05
31	9	459	37505728.0	0.0	1e-05
31	10	460	18754220.0	0.125	1e-05
31	11	461	9377673.0	0.25	1e-05
31	12	462	4688451.5	0.0	1e-05
31	13	463	2343932.75	0.125	1e-05
31	14	464	1172226.75	0.0	1e-05
31	15	465	586071.875	0.0	1e-05
32	1	466	9604587520.0	0.25	1e-05
32	2	467	4800115200.0	0.375	1e-05
32	3	468	2401151744.0	0.25	1e-05
32	4	469	1200347520.0	0.0	1e-05
32	5	470	600057728.0	0.25	1e-05
32	6	471	300101248.0	0.0	1e-05
32	7	472	150049376.0	0.375	1e-05
32	8	473	75006560.0	0.5	1e-05
32	9	474	37506996.0	0.375	1e-05
32	10	475	18757594.0	0.0	1e-05
32	11	476	9377642.0	0.0	1e-05
32	12	477	4688506.0	0.25	1e-05
32	13	478	2344471.75	0.25	1e-05
32	14	479	1172730.625	0.25	1e-05
32	15	480	585920.5625	0.0	1e-05
33	1	481	9602679808.0	0.375	1e-05
33	2	482	4801658368.0	0.125	1e-05
33	3	483	2400612352.0	0.25	1e-05
33	4	484	1200340480.0	0.375	1e-05
33	5	485	600116992.0	0.125	1e-05
33	6	486	300116064.0	0.0	1e-05
33	7	487	150068336.0	0.125	1e-05
33	8	488	75013664.0	0.0	1e-05
33	9	489	37521344.0	0.0	1e-05
33	10	490	18760726.0	0.25	1e-05
33	11	491	9378191.0	0.0	1e-05
33	12	492	4687804.5	0.25	1e-05
33	13	493	2343899.75	0.125	1e-05
33	14	494	1172171.625	0.125	1e-05
33	15	495	586324.3125	0.3333333333333333	1e-05
34	1	496	9603407872.0	0.125	1e-05
34	2	497	4801439744.0	0.125	1e-05
34	3	498	2400271616.0	0.0	1e-05
34	4	499	1200184960.0	0.125	1e-05
34	5	500	600167680.0	0.125	1e-05
34	6	501	300047936.0	0.25	1e-05
34	7	502	150021408.0	0.25	1e-05
34	8	503	75033480.0	0.0	1e-05
34	9	504	37504876.0	0.125	1e-05
34	10	505	18752918.0	0.0	1e-05
34	11	506	9377643.0	0.0	1e-05
34	12	507	4689158.5	0.125	1e-05
34	13	508	2344367.75	0.0	1e-05
34	14	509	1172319.0	0.25	1e-05
34	15	510	586037.75	0.0	1e-05
35	1	511	9603469312.0	0.125	1e-05
