epoch	loss	acc	lr
1	3.9774451796748056	0.02689075630252101	0.0001
2	3.7971067335091386	0.04985994397759104	0.0001
3	3.7254952302499977	0.06358543417366946	0.0001
4	3.65618720575541	0.08011204481792718	0.0001
5	3.560625032216561	0.09355742296918768	0.0001
6	3.4837380090013608	0.11008403361344538	0.0001
7	3.3833077514872834	0.12717086834733893	0.0001
8	3.3500403329437853	0.1341736694677871	0.0001
9	3.308469066432878	0.1392156862745098	0.0001
10	3.1997003769006382	0.16302521008403362	0.0001
11	3.1456466449075053	0.18011204481792717	0.0001
12	3.0608868365194284	0.19663865546218487	0.0001
13	3.03332507643713	0.20056022408963586	0.0001
14	2.9132368971987597	0.23333333333333334	0.0001
15	2.888100876527674	0.2330532212885154	0.0001
16	2.8080282785645387	0.25882352941176473	0.0001
17	2.7699796452241787	0.25658263305322127	0.0001
18	2.7069005632266947	0.2826330532212885	0.0001
19	2.6748760648134375	0.28739495798319326	0.0001
20	2.6257116233601288	0.3022408963585434	0.0001
21	2.551097670189139	0.31596638655462184	0.0001
22	2.5275763122975325	0.315406162464986	0.0001
23	2.4784736012210367	0.33725490196078434	0.0001
24	2.489772255681142	0.33389355742296917	0.0001
25	2.398631585412333	0.35602240896358545	0.0001
26	2.1683559467812548	0.4137254901960784	1e-05
27	2.1016255774083925	0.44425770308123247	1e-05
28	2.00793329473971	0.46554621848739497	1e-05
29	2.0150268391734745	0.4661064425770308	1e-05
30	1.9813332651175706	0.4745098039215686	1e-05
31	1.9376397607039337	0.48487394957983193	1e-05
32	1.909375282896667	0.49523809523809526	1e-05
33	1.9126958927186597	0.4876750700280112	1e-05
34	1.8694123470482706	0.492436974789916	1e-05
35	1.8625869203348453	0.5047619047619047	1e-05
36	1.8386136897805692	0.5092436974789916	1e-05
37	1.8234995667006122	0.5142857142857142	1.0000000000000002e-06
38	1.8138522627640838	0.5092436974789916	1.0000000000000002e-06
39	1.7978628055722106	0.5224089635854342	1.0000000000000002e-06
40	1.7921167849158706	0.5198879551820729	1.0000000000000002e-06
41	1.7787273898512042	0.5252100840336135	1.0000000000000002e-06
42	1.8099019380510688	0.5190476190476191	1.0000000000000002e-06
43	1.7872480912034918	0.5182072829131653	1.0000000000000002e-06
44	1.7980569163624311	0.5154061624649859	1.0000000000000002e-06
45	1.7976150265594824	0.5319327731092437	1.0000000000000002e-06
46	1.8088556945490903	0.5280112044817927	1.0000000000000002e-06
47	1.7867191519056047	0.5182072829131653	1.0000000000000002e-06
48	1.7789159268558192	0.5235294117647059	1.0000000000000002e-07
49	1.767209278769186	0.5302521008403361	1.0000000000000002e-07
50	1.7703865943502646	0.5201680672268908	1.0000000000000002e-07
51	1.788864346111522	0.5277310924369748	1.0000000000000002e-07
52	1.7882675877472265	0.5246498599439776	1.0000000000000002e-07
53	1.784629712251722	0.5226890756302521	1.0000000000000002e-07
54	1.7706420822303837	0.5296918767507003	1.0000000000000002e-07
55	1.7888528639528931	0.5229691876750701	1.0000000000000002e-07
56	1.7659171956593918	0.5355742296918767	1.0000000000000002e-07
57	1.751627082584285	0.5322128851540616	1.0000000000000002e-07
58	1.7591082902849555	0.530812324929972	1.0000000000000002e-07
59	1.7771193774140515	0.5182072829131653	1.0000000000000004e-08
60	1.7761456872902663	0.5224089635854342	1.0000000000000004e-08
61	1.7616808741700416	0.5238095238095238	1.0000000000000004e-08
62	1.774759708666334	0.5207282913165266	1.0000000000000004e-08
63	1.7791086498762714	0.5201680672268908	1.0000000000000004e-08
64	1.7611802085107113	0.5378151260504201	1.0000000000000004e-08
65	1.7821818446578765	0.5145658263305322	1.0000000000000004e-08
66	1.7753907745959712	0.5182072829131653	1.0000000000000004e-08
67	1.7836073406604158	0.5148459383753501	1.0000000000000004e-08
68	1.7680173487890334	0.5201680672268908	1.0000000000000004e-08
69	1.761516848198172	0.5313725490196078	1.0000000000000004e-08
70	1.7629681835655404	0.5285714285714286	1.0000000000000004e-08
71	1.7903493646146202	0.5131652661064425	1.0000000000000004e-08
72	1.7875358864706772	0.5249299719887955	1.0000000000000004e-08
73	1.7874724884994893	0.5257703081232493	1.0000000000000004e-08
74	1.7442742709686108	0.5369747899159664	1.0000000000000004e-08
75	1.7565179562368314	0.526890756302521	1.0000000000000004e-08
76	1.7704662632207577	0.530812324929972	1.0000000000000004e-08
77	1.7422375438594018	0.5358543417366947	1.0000000000000004e-08
78	1.7891236112899138	0.5162464985994398	1.0000000000000004e-08
79	1.7615067364454937	0.5299719887955182	1.0000000000000004e-08
80	1.8023548172969444	0.5218487394957984	1.0000000000000004e-08
81	1.7784639900805903	0.5260504201680672	1.0000000000000004e-08
82	1.7894216662361508	0.5249299719887955	1.0000000000000004e-08
83	1.758312472442285	0.5226890756302521	1.0000000000000004e-08
84	1.76601026706001	0.5218487394957984	1.0000000000000004e-08
85	1.773008142198835	0.526890756302521	1.0000000000000004e-08
86	1.7521716246084005	0.5187675070028012	1.0000000000000004e-08
87	1.774988643929404	0.5285714285714286	1.0000000000000004e-08
88	1.7789030963299322	0.5179271708683474	1.0000000000000004e-08
89	1.7732315914971488	0.5257703081232493	1.0000000000000004e-08
90	1.7686399131262003	0.523249299719888	1.0000000000000004e-08
91	1.790326347538069	0.5196078431372549	1.0000000000000004e-08
92	1.759736798390621	0.5280112044817927	1.0000000000000004e-08
93	1.7724673357330452	0.523249299719888	1.0000000000000004e-08
94	1.7478792974594928	0.5257703081232493	1.0000000000000004e-08
95	1.7799753181072844	0.5162464985994398	1.0000000000000004e-08
96	1.7690507784611036	0.5238095238095238	1.0000000000000004e-08
97	1.7444783228786052	0.5322128851540616	1.0000000000000004e-08
98	1.7747238423643994	0.5140056022408963	1.0000000000000004e-08
99	1.7945321340854763	0.5173669467787115	1.0000000000000004e-08
100	1.7564614072901195	0.5291316526610644	1.0000000000000004e-08
101	1.766693486886866	0.5280112044817927	1.0000000000000004e-08
102	1.755484375967031	0.5310924369747899	1.0000000000000004e-08
103	1.7728216728242505	0.5274509803921569	1.0000000000000004e-08
104	1.7663436049506778	0.5252100840336135	1.0000000000000004e-08
105	1.7833717276736134	0.5257703081232493	1.0000000000000004e-08
106	1.7535128339665944	0.5266106442577031	1.0000000000000004e-08
107	1.7719267129230232	0.5310924369747899	1.0000000000000004e-08
108	1.772497651957664	0.5445378151260504	1.0000000000000004e-08
109	1.7816728276698863	0.5210084033613446	1.0000000000000004e-08
110	1.770581758322836	0.5243697478991597	1.0000000000000004e-08
111	1.7817300528037447	0.5294117647058824	1.0000000000000004e-08
112	1.7995209032747925	0.5277310924369748	1.0000000000000004e-08
113	1.7923244528409814	0.5252100840336135	1.0000000000000004e-08
114	1.7622325707550477	0.5221288515406163	1.0000000000000004e-08
115	1.7596424086755063	0.5327731092436975	1.0000000000000004e-08
116	1.7804625147864932	0.5184873949579832	1.0000000000000004e-08
117	1.7790899937894165	0.5249299719887955	1.0000000000000004e-08
118	1.7482821146647136	0.5291316526610644	1.0000000000000004e-08
119	1.79066881879705	0.5204481792717087	1.0000000000000004e-08
120	1.7982968375796364	0.5137254901960784	1.0000000000000004e-08
121	1.7643608529360688	0.526890756302521	1.0000000000000004e-08
122	1.7700373518700694	0.5243697478991597	1.0000000000000004e-08
123	1.7795586429056334	0.5294117647058824	1.0000000000000004e-08
124	1.7849671626959194	0.5277310924369748	1.0000000000000004e-08
125	1.7835914267211401	0.5299719887955182	1.0000000000000004e-08
126	1.7642125108328854	0.5229691876750701	1.0000000000000004e-08
127	1.7682117707923013	0.5282913165266107	1.0000000000000004e-08
128	1.7817690733100187	0.5305322128851541	1.0000000000000004e-08
129	1.7922342190889418	0.515126050420168	1.0000000000000004e-08
130	1.8031001895749603	0.5179271708683474	1.0000000000000004e-08
131	1.7665019319170998	0.5277310924369748	1.0000000000000004e-08
132	1.776431215243513	0.5296918767507003	1.0000000000000004e-08
133	1.7548415650840568	0.5274509803921569	1.0000000000000004e-08
134	1.7628278051103865	0.5338935574229692	1.0000000000000004e-08
135	1.7611654913392054	0.5243697478991597	1.0000000000000004e-08
136	1.7553893651615005	0.5282913165266107	1.0000000000000004e-08
137	1.784474723479327	0.5263305322128852	1.0000000000000004e-08
138	1.7759656638992267	0.5240896358543418	1.0000000000000004e-08
139	1.779893062361816	0.5263305322128852	1.0000000000000004e-08
140	1.785258362607128	0.5280112044817927	1.0000000000000004e-08
141	1.8021023724259448	0.5179271708683474	1.0000000000000004e-08
142	1.7739028910628887	0.5229691876750701	1.0000000000000004e-08
143	1.7530899097939499	0.5378151260504201	1.0000000000000004e-08
144	1.7845702144612117	0.5224089635854342	1.0000000000000004e-08
145	1.7752255672166328	0.5288515406162465	1.0000000000000004e-08
146	1.7694923977891939	0.5176470588235295	1.0000000000000004e-08
147	1.7863114447820754	0.5201680672268908	1.0000000000000004e-08
148	1.7622158099957208	0.5397759103641456	1.0000000000000004e-08
149	1.7535840530021518	0.5277310924369748	1.0000000000000004e-08
150	1.7543380874879553	0.5299719887955182	1.0000000000000004e-08
151	1.77545235738033	0.5240896358543418	1.0000000000000004e-08
152	1.7918973777140557	0.5182072829131653	1.0000000000000004e-08
153	1.7679819913805366	0.5170868347338936	1.0000000000000004e-08
154	1.7629871027810233	0.5327731092436975	1.0000000000000004e-08
155	1.7794204018697017	0.5190476190476191	1.0000000000000004e-08
156	1.7882139809659214	0.5238095238095238	1.0000000000000004e-08
157	1.7733011052054184	0.5226890756302521	1.0000000000000004e-08
158	1.7648343929723531	0.5294117647058824	1.0000000000000004e-08
159	1.7885728089415394	0.5263305322128852	1.0000000000000004e-08
160	1.7876372677939278	0.5173669467787115	1.0000000000000004e-08
161	1.7798035191554649	0.5210084033613446	1.0000000000000004e-08
162	1.7762862647614892	0.5221288515406163	1.0000000000000004e-08
163	1.7571428403133105	0.5316526610644258	1.0000000000000004e-08
164	1.7653910826568175	0.5243697478991597	1.0000000000000004e-08
165	1.7598407589086966	0.5277310924369748	1.0000000000000004e-08
166	1.8068010039022322	0.5201680672268908	1.0000000000000004e-08
167	1.800704771063241	0.5145658263305322	1.0000000000000004e-08
168	1.7784189082661264	0.5280112044817927	1.0000000000000004e-08
169	1.7806916156736743	0.5240896358543418	1.0000000000000004e-08
170	1.7640003940972293	0.5277310924369748	1.0000000000000004e-08
171	1.7831129166258484	0.526890756302521	1.0000000000000004e-08
172	1.772754367326154	0.515686274509804	1.0000000000000004e-08
173	1.7636615542136655	0.5252100840336135	1.0000000000000004e-08
174	1.7531662154264476	0.5341736694677871	1.0000000000000004e-08
175	1.7653264311515318	0.5277310924369748	1.0000000000000004e-08
176	1.7866948899768649	0.5246498599439776	1.0000000000000004e-08
177	1.759624630129304	0.5327731092436975	1.0000000000000004e-08
178	1.768665504054863	0.5198879551820729	1.0000000000000004e-08
179	1.77488650460871	0.5291316526610644	1.0000000000000004e-08
180	1.7660464145222299	0.5246498599439776	1.0000000000000004e-08
181	1.7632278501152658	0.5274509803921569	1.0000000000000004e-08
182	1.791444379742406	0.5176470588235295	1.0000000000000004e-08
183	1.7536772820128113	0.5313725490196078	1.0000000000000004e-08
184	1.7779167319546227	0.5285714285714286	1.0000000000000004e-08
185	1.767798929989171	0.5184873949579832	1.0000000000000004e-08
186	1.7402477912208278	0.5277310924369748	1.0000000000000004e-08
187	1.796069237030521	0.5246498599439776	1.0000000000000004e-08
188	1.7855463989642488	0.5154061624649859	1.0000000000000004e-08
189	1.7699102286865063	0.5316526610644258	1.0000000000000004e-08
190	1.7920947996508174	0.5204481792717087	1.0000000000000004e-08
191	1.7472061620039099	0.5378151260504201	1.0000000000000004e-08
192	1.7374229511293042	0.5305322128851541	1.0000000000000004e-08
193	1.7478626502328227	0.5425770308123249	1.0000000000000004e-08
194	1.77006539276668	0.5198879551820729	1.0000000000000004e-08
195	1.7659470360486114	0.5226890756302521	1.0000000000000004e-08
196	1.7834663985490131	0.5204481792717087	1.0000000000000004e-08
197	1.7742459720590202	0.5154061624649859	1.0000000000000004e-08
198	1.7952872538099103	0.5182072829131653	1.0000000000000004e-08
199	1.7678574938066198	0.527170868347339	1.0000000000000004e-08
200	1.7472690120130694	0.5327731092436975	1.0000000000000004e-08
