epoch	batch	iter	loss	acc	lr
1	1	1	2.88405704498291	8.0	1e-06
1	2	2	2.509993076324463	8.0	1e-06
1	3	3	2.695909023284912	10.0	1e-06
1	4	4	2.9868228435516357	2.0	1e-06
1	5	5	2.975665807723999	4.0	1e-06
1	6	6	2.0563039779663086	52.0	1e-06
1	7	7	2.3980560302734375	4.0	1e-06
1	8	8	3.833385944366455	2.0	1e-06
1	9	9	2.837681770324707	4.0	1e-06
1	10	10	2.3846795558929443	4.0	1e-06
1	11	11	3.623483657836914	0.0	1e-06
2	1	12	2.0845091342926025	52.0	1e-06
2	2	13	2.0077645778656006	44.0	1e-06
2	3	14	3.465662956237793	0.0	1e-06
2	4	15	2.387437343597412	10.0	1e-06
2	5	16	2.793381452560425	4.0	1e-06
2	6	17	3.460502862930298	12.0	1e-06
2	7	18	2.0957796573638916	34.0	1e-06
2	8	19	2.244593381881714	40.0	1e-06
2	9	20	2.5701546669006348	4.0	1e-06
2	10	21	2.9596054553985596	2.0	1e-06
2	11	22	1.9770939350128174	47.36842105263158	1e-06
3	1	23	2.7528653144836426	2.0	1e-06
3	2	24	3.208857774734497	4.0	1e-06
3	3	25	2.4054696559906006	8.0	1e-06
3	4	26	2.319113254547119	2.0	1e-06
3	5	27	2.3830225467681885	0.0	1e-06
3	6	28	2.7441060543060303	4.0	1e-06
3	7	29	2.0894148349761963	50.0	1e-06
3	8	30	3.062669277191162	2.0	1e-06
3	9	31	3.1578869819641113	6.0	1e-06
3	10	32	3.3002266883850098	0.0	1e-06
3	11	33	2.5799310207366943	5.2631578947368425	1e-06
4	1	34	2.9160823822021484	6.0	1e-06
4	2	35	2.428687572479248	8.0	1e-06
4	3	36	2.3468101024627686	6.0	1e-06
4	4	37	3.3020763397216797	4.0	1e-06
4	5	38	2.4120800495147705	22.0	1e-06
4	6	39	2.3231201171875	16.0	1e-06
4	7	40	3.281813621520996	4.0	1e-06
4	8	41	2.5619659423828125	4.0	1e-06
4	9	42	2.0795867443084717	40.0	1e-06
4	10	43	1.954344630241394	46.0	1e-06
4	11	44	1.7354636192321777	57.89473684210526	1e-06
5	1	45	3.1966769695281982	2.0	1e-06
5	2	46	2.751356601715088	12.0	1e-06
5	3	47	2.4774892330169678	8.0	1e-06
5	4	48	1.8289647102355957	52.0	1e-06
5	5	49	1.9513827562332153	44.0	1e-06
5	6	50	2.382093906402588	2.0	1e-06
5	7	51	2.278663158416748	8.0	1e-06
5	8	52	2.744460105895996	6.0	1e-06
5	9	53	2.570098638534546	12.0	1e-06
5	10	54	2.404102087020874	8.0	1e-06
5	11	55	2.6182117462158203	10.526315789473685	1e-06
6	1	56	3.212825059890747	4.0	1e-06
6	2	57	2.265672206878662	4.0	1e-06
6	3	58	2.2430450916290283	34.0	1e-06
6	4	59	1.2278540134429932	68.0	1e-06
6	5	60	2.616837978363037	8.0	1e-06
6	6	61	2.119267225265503	30.0	1e-06
6	7	62	2.922454595565796	0.0	1e-06
6	8	63	2.0981569290161133	32.0	1e-06
6	9	64	2.517510414123535	12.0	1e-06
6	10	65	2.6533596515655518	6.0	1e-06
6	11	66	1.8375455141067505	47.36842105263158	1e-06
7	1	67	2.7049367427825928	4.0	1e-06
7	2	68	2.317450523376465	10.0	1e-06
7	3	69	2.3001649379730225	14.0	1e-06
7	4	70	2.460277795791626	4.0	1e-06
7	5	71	2.122577428817749	38.0	1e-06
7	6	72	1.9846844673156738	30.0	1e-06
7	7	73	2.3198719024658203	10.0	1e-06
7	8	74	2.8834359645843506	2.0	1e-06
7	9	75	2.019801139831543	38.0	1e-06
7	10	76	2.652066230773926	2.0	1e-06
7	11	77	2.5180885791778564	5.2631578947368425	1e-06
8	1	78	1.6207122802734375	58.0	1e-06
8	2	79	1.5641485452651978	64.0	1e-06
8	3	80	2.4059078693389893	8.0	1e-06
8	4	81	2.5596489906311035	4.0	1e-06
8	5	82	2.377934217453003	18.0	1e-06
8	6	83	2.469628095626831	28.0	1e-06
8	7	84	1.6677566766738892	64.0	1e-06
8	8	85	2.7472028732299805	8.0	1e-06
8	9	86	2.0977509021759033	26.0	1e-06
8	10	87	1.6902159452438354	56.0	1e-06
8	11	88	2.406087875366211	21.05263157894737	1e-06
9	1	89	2.683751106262207	4.0	1e-06
9	2	90	2.048776626586914	42.0	1e-06
9	3	91	2.1783058643341064	30.0	1e-06
9	4	92	2.135234832763672	32.0	1e-06
9	5	93	2.2015535831451416	32.0	1e-06
9	6	94	3.5954887866973877	4.0	1e-06
9	7	95	1.8512835502624512	46.0	1e-06
9	8	96	1.8693939447402954	44.0	1e-06
9	9	97	3.1095385551452637	6.0	1e-06
9	10	98	2.300063133239746	22.0	1e-06
9	11	99	2.7204887866973877	31.57894736842105	1e-06
10	1	100	2.440591335296631	28.0	1e-06
10	2	101	2.1539037227630615	40.0	1e-06
10	3	102	2.6729354858398438	8.0	1e-06
10	4	103	2.080366611480713	30.0	1e-06
10	5	104	2.1805601119995117	34.0	1e-06
10	6	105	2.4376540184020996	20.0	1e-06
10	7	106	2.4356653690338135	10.0	1e-06
10	8	107	2.285682439804077	26.0	1e-06
10	9	108	1.7451313734054565	50.0	1e-06
10	10	109	2.183680534362793	40.0	1e-06
10	11	110	2.4059112071990967	15.789473684210526	1e-06
11	1	111	1.8458138704299927	46.0	1e-06
11	2	112	2.989053964614868	4.0	1e-06
11	3	113	2.657289505004883	14.0	1e-06
11	4	114	1.723892331123352	58.0	1e-06
11	5	115	2.2508018016815186	32.0	1e-06
11	6	116	2.168294906616211	28.0	1e-06
11	7	117	1.9251670837402344	42.0	1e-06
11	8	118	2.539876937866211	14.0	1e-06
11	9	119	2.2726058959960938	34.0	1e-06
11	10	120	1.8008818626403809	52.0	1e-06
11	11	121	1.6191428899765015	57.89473684210526	1e-06
12	1	122	2.1661713123321533	32.0	1e-06
12	2	123	1.9521673917770386	50.0	1e-06
12	3	124	2.0427138805389404	34.0	1e-06
12	4	125	1.4826756715774536	54.0	1e-06
12	5	126	1.677962303161621	48.0	1e-06
12	6	127	1.5511953830718994	60.0	1e-06
12	7	128	2.199552536010742	36.0	1e-06
12	8	129	2.1195411682128906	46.0	1e-06
12	9	130	2.403393507003784	18.0	1e-06
12	10	131	2.600203037261963	34.0	1e-06
12	11	132	2.7700161933898926	26.31578947368421	1e-06
13	1	133	1.3806856870651245	62.0	1e-06
13	2	134	1.8089464902877808	48.0	1e-06
13	3	135	2.012254238128662	36.0	1e-06
13	4	136	1.9060754776000977	44.0	1e-06
13	5	137	2.1786680221557617	44.0	1e-06
13	6	138	1.602198600769043	52.0	1e-06
13	7	139	2.426032304763794	16.0	1e-06
13	8	140	1.8961011171340942	48.0	1e-06
13	9	141	2.483956813812256	14.0	1e-06
13	10	142	1.668241262435913	46.0	1e-06
13	11	143	2.4267208576202393	31.57894736842105	1e-06
14	1	144	1.7809956073760986	46.0	1e-06
14	2	145	2.2496280670166016	28.0	1e-06
14	3	146	2.059677839279175	32.0	1e-06
14	4	147	2.1065495014190674	44.0	1e-06
14	5	148	1.4799426794052124	66.0	1e-06
14	6	149	2.0309932231903076	40.0	1e-06
14	7	150	2.0075607299804688	42.0	1e-06
14	8	151	1.7688485383987427	56.0	1e-06
14	9	152	2.119690179824829	34.0	1e-06
14	10	153	1.6510157585144043	48.0	1e-06
14	11	154	1.9135422706604004	42.10526315789474	1e-06
15	1	155	1.5064325332641602	68.0	1e-06
15	2	156	2.0452640056610107	44.0	1e-06
15	3	157	1.7323569059371948	52.0	1e-06
15	4	158	1.819015383720398	36.0	1e-06
15	5	159	1.4902541637420654	56.0	1e-06
15	6	160	2.6264538764953613	8.0	1e-06
15	7	161	2.0920121669769287	46.0	1e-06
15	8	162	2.4724085330963135	22.0	1e-06
15	9	163	1.9503333568572998	48.0	1e-06
15	10	164	2.178171157836914	32.0	1e-06
15	11	165	1.5864671468734741	47.36842105263158	1e-06
16	1	166	2.055509328842163	36.0	1e-06
16	2	167	1.6302971839904785	52.0	1e-06
16	3	168	1.8447986841201782	54.0	1e-06
16	4	169	1.7298365831375122	50.0	1e-06
16	5	170	2.1174814701080322	48.0	1e-06
16	6	171	1.6609572172164917	56.0	1e-06
16	7	172	1.93214750289917	44.0	1e-06
16	8	173	1.4756768941879272	66.0	1e-06
16	9	174	2.095000982284546	40.0	1e-06
16	10	175	2.370265245437622	30.0	1e-06
16	11	176	1.6862092018127441	57.89473684210526	1e-06
17	1	177	1.785758376121521	58.0	1e-06
17	2	178	2.6344573497772217	2.0	1e-06
17	3	179	1.7979981899261475	48.0	1e-06
17	4	180	1.5501163005828857	50.0	1e-06
17	5	181	2.3583855628967285	36.0	1e-06
17	6	182	1.6777331829071045	48.0	1e-06
17	7	183	1.8916518688201904	48.0	1e-06
17	8	184	2.0532264709472656	36.0	1e-06
17	9	185	1.6842464208602905	56.0	1e-06
17	10	186	1.5094107389450073	56.0	1e-06
17	11	187	1.914261817932129	42.10526315789474	1e-06
18	1	188	1.6882967948913574	58.0	1e-06
18	2	189	1.9167900085449219	42.0	1e-06
18	3	190	1.5339293479919434	48.0	1e-06
18	4	191	1.9839173555374146	40.0	1e-06
18	5	192	1.739098310470581	52.0	1e-06
18	6	193	1.827915072441101	48.0	1e-06
18	7	194	1.8315907716751099	24.0	1e-06
18	8	195	1.6905219554901123	48.0	1e-06
18	9	196	1.7084764242172241	48.0	1e-06
18	10	197	1.7782284021377563	46.0	1e-06
18	11	198	2.9564685821533203	5.2631578947368425	1e-06
19	1	199	1.6821664571762085	44.0	1e-06
19	2	200	2.502929449081421	34.0	1e-06
19	3	201	1.1746493577957153	70.0	1e-06
19	4	202	1.8031944036483765	42.0	1e-06
19	5	203	1.8714218139648438	50.0	1e-06
19	6	204	2.3252341747283936	28.0	1e-06
19	7	205	1.3515419960021973	62.0	1e-06
19	8	206	1.8141697645187378	56.0	1e-06
19	9	207	1.5553920269012451	54.0	1e-06
19	10	208	1.4917396306991577	56.0	1e-06
19	11	209	2.223855972290039	26.31578947368421	1e-06
20	1	210	2.488893508911133	32.0	1e-06
20	2	211	1.711662769317627	44.0	1e-06
20	3	212	1.1235759258270264	68.0	1e-06
20	4	213	1.9618351459503174	34.0	1e-06
20	5	214	1.8371871709823608	48.0	1e-06
20	6	215	1.5479347705841064	64.0	1e-06
20	7	216	1.6018348932266235	48.0	1e-06
20	8	217	2.1799843311309814	40.0	1e-06
20	9	218	1.673799753189087	54.0	1e-06
20	10	219	1.8407530784606934	46.0	1e-06
20	11	220	1.9086878299713135	57.89473684210526	1e-06
21	1	221	1.699922800064087	50.0	1e-06
21	2	222	1.7082210779190063	56.0	1e-06
21	3	223	1.58940851688385	62.0	1e-06
21	4	224	1.4013389348983765	66.0	1e-06
21	5	225	2.1632840633392334	18.0	1e-06
21	6	226	1.4411141872406006	60.0	1e-06
21	7	227	1.6784683465957642	56.0	1e-06
21	8	228	2.0636239051818848	38.0	1e-06
21	9	229	1.7970842123031616	52.0	1e-06
21	10	230	1.6982579231262207	50.0	1e-06
21	11	231	2.183339834213257	36.8421052631579	1e-06
22	1	232	2.010240077972412	30.0	1e-06
22	2	233	1.5406585931777954	66.0	1e-06
22	3	234	1.5676072835922241	54.0	1e-06
22	4	235	1.7276721000671387	56.0	1e-06
22	5	236	1.6779413223266602	42.0	1e-06
22	6	237	2.3273134231567383	30.0	1e-06
22	7	238	2.0424182415008545	40.0	1e-06
22	8	239	2.0143849849700928	46.0	1e-06
22	9	240	1.8421120643615723	42.0	1e-06
22	10	241	1.2540156841278076	66.0	1e-06
22	11	242	1.3289836645126343	63.1578947368421	1e-06
23	1	243	1.564287543296814	50.0	1e-06
23	2	244	2.047083616256714	32.0	1e-06
23	3	245	1.5555568933486938	66.0	1e-06
23	4	246	1.47607421875	62.0	1e-06
23	5	247	1.2176573276519775	72.0	1e-06
23	6	248	1.4172451496124268	62.0	1e-06
23	7	249	1.7372643947601318	50.0	1e-06
23	8	250	1.4596446752548218	62.0	1e-06
23	9	251	1.5038745403289795	56.0	1e-06
23	10	252	1.571040391921997	58.0	1e-06
23	11	253	1.1750847101211548	73.6842105263158	1e-06
24	1	254	1.4866807460784912	64.0	1e-06
24	2	255	1.8461118936538696	46.0	1e-06
24	3	256	1.5993337631225586	54.0	1e-06
24	4	257	1.3012890815734863	68.0	1e-06
24	5	258	1.4667389392852783	60.0	1e-06
24	6	259	2.1058385372161865	48.0	1e-06
24	7	260	1.3992855548858643	70.0	1e-06
24	8	261	1.8605437278747559	54.0	1e-06
24	9	262	2.1855945587158203	40.0	1e-06
24	10	263	1.6104099750518799	52.0	1e-06
24	11	264	1.6885018348693848	57.89473684210526	1e-06
25	1	265	1.8524588346481323	48.0	1e-06
25	2	266	1.6416511535644531	50.0	1e-06
25	3	267	1.7997134923934937	50.0	1e-06
25	4	268	1.3724826574325562	66.0	1e-06
25	5	269	1.3966549634933472	68.0	1e-06
25	6	270	1.9943339824676514	46.0	1e-06
25	7	271	1.5240850448608398	58.0	1e-06
25	8	272	1.165652871131897	70.0	1e-06
25	9	273	1.7558181285858154	54.0	1e-06
25	10	274	1.7511889934539795	54.0	1e-06
25	11	275	1.318494439125061	63.1578947368421	1e-06
26	1	276	1.9388253688812256	50.0	1e-06
26	2	277	1.0075714588165283	80.0	1e-06
26	3	278	1.5673339366912842	50.0	1e-06
26	4	279	1.4720474481582642	52.0	1e-06
26	5	280	2.406299352645874	30.0	1e-06
26	6	281	1.9752757549285889	52.0	1e-06
26	7	282	1.3383314609527588	62.0	1e-06
26	8	283	1.8215597867965698	56.0	1e-06
26	9	284	1.4611353874206543	60.0	1e-06
26	10	285	1.602114200592041	52.0	1e-06
26	11	286	1.2167378664016724	57.89473684210526	1e-06
27	1	287	1.4401363134384155	62.0	1e-06
27	2	288	1.2807049751281738	70.0	1e-06
27	3	289	1.5124120712280273	52.0	1e-06
27	4	290	2.4980790615081787	38.0	1e-06
27	5	291	1.1951394081115723	74.0	1e-06
27	6	292	1.557007908821106	60.0	1e-06
27	7	293	1.8519564867019653	46.0	1e-06
27	8	294	1.5659728050231934	50.0	1e-06
27	9	295	1.6056309938430786	54.0	1e-06
27	10	296	1.4045580625534058	60.0	1e-06
27	11	297	1.6966631412506104	57.89473684210526	1e-06
28	1	298	1.731958031654358	52.0	1e-06
28	2	299	0.9231684803962708	80.0	1e-06
28	3	300	1.0804564952850342	76.0	1e-06
28	4	301	1.4670370817184448	50.0	1e-06
28	5	302	1.3666812181472778	64.0	1e-06
28	6	303	1.6851283311843872	52.0	1e-06
28	7	304	1.407863736152649	62.0	1e-06
28	8	305	1.199020266532898	60.0	1e-06
28	9	306	1.558372974395752	50.0	1e-06
28	10	307	1.6269947290420532	48.0	1e-06
28	11	308	1.9981962442398071	47.36842105263158	1e-06
29	1	309	1.44163179397583	60.0	1e-06
29	2	310	1.3947439193725586	62.0	1e-06
29	3	311	1.4121583700180054	56.0	1e-06
29	4	312	1.3952112197875977	56.0	1e-06
29	5	313	1.4934136867523193	62.0	1e-06
29	6	314	1.5259569883346558	62.0	1e-06
29	7	315	1.2711613178253174	64.0	1e-06
29	8	316	1.9403899908065796	46.0	1e-06
29	9	317	1.5785390138626099	58.0	1e-06
29	10	318	1.9645031690597534	44.0	1e-06
29	11	319	2.0535824298858643	36.8421052631579	1e-06
30	1	320	1.4249824285507202	66.0	1e-06
30	2	321	1.6176713705062866	64.0	1e-06
30	3	322	1.4078190326690674	50.0	1e-06
30	4	323	1.469386339187622	60.0	1e-06
30	5	324	1.8320667743682861	50.0	1e-06
30	6	325	1.3016653060913086	62.0	1e-06
30	7	326	1.629562258720398	58.0	1e-06
30	8	327	1.5933743715286255	62.0	1e-06
30	9	328	1.6535171270370483	56.0	1e-06
30	10	329	1.6420522928237915	56.0	1e-06
30	11	330	1.2261526584625244	73.6842105263158	1e-06
31	1	331	1.450197696685791	68.0	1e-06
31	2	332	1.4046772718429565	68.0	1e-06
31	3	333	1.4247751235961914	62.0	1e-06
31	4	334	1.4286677837371826	56.0	1e-06
31	5	335	1.3409024477005005	60.0	1e-06
31	6	336	1.266810655593872	68.0	1e-06
31	7	337	1.1035174131393433	62.0	1e-06
31	8	338	1.4627856016159058	56.0	1e-06
31	9	339	1.677458643913269	52.0	1e-06
31	10	340	1.649112343788147	48.0	1e-06
31	11	341	1.428515076637268	57.89473684210526	1e-06
32	1	342	1.1145802736282349	72.0	1e-06
32	2	343	1.9009482860565186	42.0	1e-06
32	3	344	1.7193135023117065	52.0	1e-06
32	4	345	1.730089545249939	64.0	1e-06
32	5	346	1.4710110425949097	56.0	1e-06
32	6	347	1.5195502042770386	66.0	1e-06
32	7	348	1.3138965368270874	66.0	1e-06
32	8	349	1.5669654607772827	60.0	1e-06
32	9	350	1.4778242111206055	68.0	1e-06
32	10	351	1.4036891460418701	62.0	1e-06
32	11	352	1.5083820819854736	63.1578947368421	1e-06
33	1	353	1.4058390855789185	60.0	1e-06
33	2	354	1.5190086364746094	64.0	1e-06
33	3	355	1.4622795581817627	62.0	1e-06
33	4	356	1.6122113466262817	50.0	1e-06
33	5	357	1.6074045896530151	66.0	1e-06
33	6	358	2.0870015621185303	44.0	1e-06
33	7	359	1.2569482326507568	68.0	1e-06
33	8	360	1.4042021036148071	66.0	1e-06
33	9	361	2.258089542388916	48.0	1e-06
33	10	362	0.9206500053405762	78.0	1e-06
33	11	363	2.026838541030884	36.8421052631579	1e-06
34	1	364	1.4025471210479736	64.0	1e-06
34	2	365	1.29079270362854	70.0	1e-06
34	3	366	1.043018102645874	76.0	1e-06
34	4	367	0.9014434218406677	78.0	1e-06
34	5	368	1.2349704504013062	66.0	1e-06
34	6	369	1.7743287086486816	52.0	1e-06
34	7	370	2.2341480255126953	42.0	1e-06
34	8	371	1.2721396684646606	62.0	1e-06
34	9	372	1.7886641025543213	46.0	1e-06
34	10	373	1.1850680112838745	66.0	1e-06
34	11	374	1.1484689712524414	57.89473684210526	1e-06
35	1	375	1.2740918397903442	64.0	1e-06
35	2	376	2.6214771270751953	26.0	1e-06
35	3	377	1.3569724559783936	62.0	1e-06
35	4	378	1.206169605255127	72.0	1e-06
35	5	379	1.4350072145462036	62.0	1e-06
35	6	380	1.729399561882019	48.0	1e-06
35	7	381	1.3417909145355225	64.0	1e-06
35	8	382	1.995710015296936	44.0	1e-06
35	9	383	1.5680017471313477	60.0	1e-06
35	10	384	1.5086419582366943	54.0	1e-06
35	11	385	1.3756171464920044	63.1578947368421	1e-06
36	1	386	1.3814491033554077	64.0	1e-06
36	2	387	2.0448694229125977	48.0	1e-06
36	3	388	1.380609154701233	66.0	1e-06
36	4	389	1.055539608001709	70.0	1e-06
36	5	390	1.202707290649414	70.0	1e-06
36	6	391	1.7186022996902466	58.0	1e-06
36	7	392	1.4036942720413208	64.0	1e-06
36	8	393	1.0458052158355713	66.0	1e-06
36	9	394	1.2923933267593384	68.0	1e-06
36	10	395	1.471890926361084	62.0	1e-06
36	11	396	1.8051971197128296	52.63157894736842	1e-06
37	1	397	1.649174451828003	60.0	1e-06
37	2	398	1.7541098594665527	52.0	1e-06
37	3	399	1.3778507709503174	68.0	1e-06
37	4	400	1.3159946203231812	64.0	1e-06
37	5	401	1.0086666345596313	84.0	1e-06
37	6	402	1.1967281103134155	64.0	1e-06
37	7	403	1.524021029472351	50.0	1e-06
37	8	404	1.7850946187973022	54.0	1e-06
37	9	405	1.3188705444335938	56.0	1e-06
37	10	406	0.9603298902511597	76.0	1e-06
37	11	407	2.2866270542144775	31.57894736842105	1e-06
38	1	408	1.385727047920227	70.0	1e-06
38	2	409	1.3042794466018677	68.0	1e-06
38	3	410	2.010140895843506	42.0	1e-06
38	4	411	1.0822793245315552	74.0	1e-06
38	5	412	1.887963891029358	50.0	1e-06
38	6	413	1.4089490175247192	60.0	1e-06
38	7	414	1.0722784996032715	72.0	1e-06
38	8	415	1.1923062801361084	64.0	1e-06
38	9	416	1.4434291124343872	66.0	1e-06
38	10	417	0.9154951572418213	76.0	1e-06
38	11	418	1.3426306247711182	63.1578947368421	1e-06
39	1	419	1.4068925380706787	62.0	1e-06
39	2	420	1.3590493202209473	60.0	1e-06
39	3	421	1.4022258520126343	56.0	1e-06
39	4	422	1.1833492517471313	68.0	1e-06
39	5	423	1.4250432252883911	70.0	1e-06
39	6	424	1.2515006065368652	72.0	1e-06
39	7	425	1.3741685152053833	62.0	1e-06
39	8	426	1.1452538967132568	74.0	1e-06
39	9	427	1.478926658630371	58.0	1e-06
39	10	428	1.345004916191101	62.0	1e-06
39	11	429	0.7677208781242371	73.6842105263158	1e-06
40	1	430	1.0810843706130981	80.0	1e-06
40	2	431	1.2806029319763184	64.0	1e-06
40	3	432	1.6269012689590454	44.0	1e-06
40	4	433	1.5608078241348267	52.0	1e-06
40	5	434	1.1921011209487915	72.0	1e-06
40	6	435	1.1081980466842651	76.0	1e-06
40	7	436	1.0628938674926758	74.0	1e-06
40	8	437	1.1422021389007568	76.0	1e-06
40	9	438	1.0482842922210693	74.0	1e-06
40	10	439	1.2216370105743408	70.0	1e-06
40	11	440	1.924965500831604	52.63157894736842	1e-06
41	1	441	1.1334543228149414	72.0	1e-06
41	2	442	1.8254905939102173	48.0	1e-06
41	3	443	1.5849148035049438	70.0	1e-06
41	4	444	1.1018314361572266	66.0	1e-06
41	5	445	1.440719723701477	58.0	1e-06
41	6	446	1.3321536779403687	60.0	1e-06
41	7	447	1.0600923299789429	70.0	1e-06
41	8	448	0.9068314433097839	76.0	1e-06
41	9	449	1.1083595752716064	72.0	1e-06
41	10	450	1.1061495542526245	70.0	1e-06
41	11	451	1.5555721521377563	52.63157894736842	1e-06
42	1	452	1.0251541137695312	74.0	1e-06
42	2	453	1.8563801050186157	48.0	1e-06
42	3	454	1.0562739372253418	66.0	1e-06
42	4	455	1.0508190393447876	78.0	1e-06
42	5	456	1.1758956909179688	74.0	1e-06
42	6	457	1.0957248210906982	68.0	1e-06
42	7	458	1.0519169569015503	72.0	1e-06
42	8	459	1.367142915725708	64.0	1e-06
42	9	460	1.131425142288208	72.0	1e-06
42	10	461	1.4318833351135254	62.0	1e-06
42	11	462	1.788000464439392	47.36842105263158	1e-06
43	1	463	1.0241062641143799	74.0	1e-06
43	2	464	1.0518131256103516	74.0	1e-06
43	3	465	1.1983357667922974	74.0	1e-06
43	4	466	1.3203227519989014	66.0	1e-06
43	5	467	1.633367657661438	68.0	1e-06
43	6	468	1.6191595792770386	54.0	1e-06
43	7	469	1.4024585485458374	64.0	1e-06
43	8	470	1.3690282106399536	60.0	1e-06
43	9	471	1.1551480293273926	74.0	1e-06
43	10	472	1.1559678316116333	66.0	1e-06
43	11	473	1.467410683631897	57.89473684210526	1e-06
44	1	474	1.001218318939209	76.0	1e-06
44	2	475	1.1545002460479736	68.0	1e-06
44	3	476	1.3384872674942017	68.0	1e-06
44	4	477	0.9454918503761292	76.0	1e-06
44	5	478	1.0602715015411377	76.0	1e-06
44	6	479	0.9159162044525146	76.0	1e-06
44	7	480	1.2030909061431885	64.0	1e-06
44	8	481	1.0658690929412842	68.0	1e-06
44	9	482	1.2905300855636597	62.0	1e-06
44	10	483	1.490721583366394	66.0	1e-06
44	11	484	1.6111112833023071	47.36842105263158	1e-06
45	1	485	1.1820393800735474	70.0	1e-06
45	2	486	1.9090362787246704	42.0	1e-06
45	3	487	1.6128917932510376	56.0	1e-06
45	4	488	0.9867174029350281	78.0	1e-06
45	5	489	0.977669894695282	74.0	1e-06
45	6	490	1.04974365234375	70.0	1e-06
45	7	491	0.8400180339813232	84.0	1e-06
45	8	492	1.2215920686721802	68.0	1e-06
45	9	493	0.9380619525909424	76.0	1e-06
45	10	494	1.003799557685852	70.0	1e-06
45	11	495	1.6753841638565063	52.63157894736842	1e-06
46	1	496	1.5104821920394897	66.0	1e-06
46	2	497	0.9831023216247559	80.0	1e-06
46	3	498	1.3259608745574951	60.0	1e-06
46	4	499	1.165073275566101	68.0	1e-06
46	5	500	1.3809667825698853	58.0	1e-06
46	6	501	1.2528456449508667	66.0	1e-06
46	7	502	1.37959623336792	72.0	1e-06
46	8	503	1.2878570556640625	54.0	1e-06
46	9	504	1.430322289466858	62.0	1e-06
46	10	505	1.3638938665390015	66.0	1e-06
46	11	506	0.5316620469093323	84.21052631578948	1e-06
47	1	507	1.2153141498565674	68.0	1e-06
47	2	508	1.2404130697250366	66.0	1e-06
47	3	509	1.043982744216919	78.0	1e-06
47	4	510	1.2331128120422363	68.0	1e-06
47	5	511	1.1153655052185059	74.0	1e-06
47	6	512	1.080965518951416	72.0	1e-06
47	7	513	1.5776736736297607	62.0	1e-06
47	8	514	1.1862372159957886	68.0	1e-06
47	9	515	0.8691580891609192	78.0	1e-06
47	10	516	1.1256481409072876	74.0	1e-06
47	11	517	1.3437458276748657	63.1578947368421	1e-06
48	1	518	1.2714945077896118	66.0	1e-06
48	2	519	1.580100417137146	58.0	1e-06
48	3	520	1.3330578804016113	64.0	1e-06
48	4	521	1.0498050451278687	76.0	1e-06
48	5	522	1.007554054260254	78.0	1e-06
48	6	523	0.7607257962226868	78.0	1e-06
48	7	524	1.202255129814148	68.0	1e-06
48	8	525	1.103940725326538	70.0	1e-06
48	9	526	1.3570315837860107	62.0	1e-06
48	10	527	1.028533935546875	74.0	1e-06
48	11	528	1.0251814126968384	84.21052631578948	1e-06
49	1	529	1.161808729171753	70.0	1e-06
49	2	530	1.310261845588684	66.0	1e-06
49	3	531	1.000157356262207	74.0	1e-06
49	4	532	0.999473512172699	72.0	1e-06
49	5	533	1.2157405614852905	70.0	1e-06
49	6	534	1.568635106086731	54.0	1e-06
49	7	535	0.7400708198547363	82.0	1e-06
49	8	536	1.1359918117523193	70.0	1e-06
49	9	537	1.2335553169250488	68.0	1e-06
49	10	538	1.0678075551986694	76.0	1e-06
49	11	539	1.8018875122070312	57.89473684210526	1e-06
50	1	540	1.0924266576766968	70.0	1e-06
50	2	541	1.6582356691360474	58.0	1e-06
50	3	542	1.151820421218872	70.0	1e-06
50	4	543	1.303769826889038	64.0	1e-06
50	5	544	1.1032716035842896	68.0	1e-06
50	6	545	1.289925217628479	76.0	1e-06
50	7	546	1.4883816242218018	68.0	1e-06
50	8	547	0.9346314072608948	78.0	1e-06
50	9	548	1.2541826963424683	70.0	1e-06
50	10	549	1.2209460735321045	72.0	1e-06
50	11	550	1.8829193115234375	57.89473684210526	1e-06
51	1	551	1.3470180034637451	62.0	1e-06
51	2	552	1.1338465213775635	64.0	1e-06
51	3	553	1.7169058322906494	62.0	1e-06
51	4	554	1.4215275049209595	56.0	1e-06
51	5	555	1.3056739568710327	72.0	1e-06
51	6	556	1.1217294931411743	78.0	1e-06
51	7	557	0.9366680979728699	80.0	1e-06
51	8	558	1.4859837293624878	62.0	1e-06
51	9	559	1.0403034687042236	72.0	1e-06
51	10	560	1.6102856397628784	58.0	1e-06
51	11	561	1.4925851821899414	57.89473684210526	1e-06
52	1	562	0.982596218585968	78.0	1e-06
52	2	563	1.439468264579773	58.0	1e-06
52	3	564	1.4366525411605835	56.0	1e-06
52	4	565	1.6345508098602295	62.0	1e-06
52	5	566	1.1100928783416748	68.0	1e-06
52	6	567	0.9207008481025696	76.0	1e-06
52	7	568	0.9724233150482178	76.0	1e-06
52	8	569	0.9592082500457764	74.0	1e-06
52	9	570	1.0314019918441772	70.0	1e-06
52	10	571	0.9753388166427612	76.0	1e-06
52	11	572	1.1774616241455078	68.42105263157895	1e-06
53	1	573	1.3134379386901855	74.0	1e-06
53	2	574	1.2591257095336914	70.0	1e-06
53	3	575	1.069258451461792	74.0	1e-06
53	4	576	1.2262160778045654	64.0	1e-06
53	5	577	1.0878313779830933	74.0	1e-06
53	6	578	1.1600987911224365	74.0	1e-06
53	7	579	1.2871514558792114	64.0	1e-06
53	8	580	1.460816502571106	56.0	1e-06
53	9	581	0.9269964694976807	76.0	1e-06
53	10	582	1.2731716632843018	60.0	1e-06
53	11	583	1.4361639022827148	63.1578947368421	1e-06
54	1	584	1.4019427299499512	60.0	1e-06
54	2	585	1.2675347328186035	70.0	1e-06
54	3	586	1.2826498746871948	70.0	1e-06
54	4	587	1.331321120262146	66.0	1e-06
54	5	588	1.0283411741256714	70.0	1e-06
54	6	589	1.193611741065979	64.0	1e-06
54	7	590	1.327804684638977	66.0	1e-06
54	8	591	0.9971122145652771	78.0	1e-06
54	9	592	0.7495917677879333	80.0	1e-06
54	10	593	1.7856019735336304	64.0	1e-06
54	11	594	0.5596033334732056	89.47368421052632	1e-06
55	1	595	1.3592609167099	68.0	1e-06
55	2	596	1.2023210525512695	70.0	1e-06
55	3	597	0.9937626719474792	78.0	1e-06
55	4	598	1.1296265125274658	66.0	1e-06
55	5	599	1.3591430187225342	66.0	1e-06
55	6	600	0.9976298809051514	72.0	1e-06
55	7	601	1.1240993738174438	64.0	1e-06
55	8	602	0.9567663669586182	74.0	1e-06
55	9	603	1.115066647529602	74.0	1e-06
55	10	604	1.144206166267395	70.0	1e-06
55	11	605	1.8420968055725098	52.63157894736842	1e-06
56	1	606	1.0431691408157349	72.0	1e-06
56	2	607	1.078152060508728	72.0	1e-06
56	3	608	0.9758978486061096	76.0	1e-06
56	4	609	1.1697427034378052	68.0	1e-06
56	5	610	0.9561599493026733	74.0	1e-06
56	6	611	1.4753336906433105	60.0	1e-06
56	7	612	1.2154550552368164	72.0	1e-06
56	8	613	1.3081698417663574	62.0	1e-06
56	9	614	1.022538423538208	74.0	1e-06
56	10	615	1.0036289691925049	68.0	1e-06
56	11	616	0.9160752296447754	73.6842105263158	1e-06
57	1	617	1.2271512746810913	66.0	1e-06
57	2	618	0.9878857135772705	72.0	1e-06
57	3	619	1.2424801588058472	66.0	1e-06
57	4	620	1.2682900428771973	68.0	1e-06
57	5	621	0.8357762098312378	82.0	1e-06
57	6	622	1.2155612707138062	66.0	1e-06
57	7	623	1.3389172554016113	66.0	1e-06
57	8	624	1.656960129737854	66.0	1e-06
57	9	625	1.2478947639465332	72.0	1e-06
57	10	626	0.9816632866859436	78.0	1e-06
57	11	627	1.298945665359497	63.1578947368421	1e-06
58	1	628	1.1810216903686523	70.0	1e-06
58	2	629	1.008999228477478	66.0	1e-06
58	3	630	1.0267146825790405	72.0	1e-06
58	4	631	1.655644416809082	64.0	1e-06
58	5	632	0.936511754989624	72.0	1e-06
58	6	633	1.3748581409454346	60.0	1e-06
58	7	634	0.8673480153083801	76.0	1e-06
58	8	635	1.7285784482955933	64.0	1e-06
58	9	636	1.3629705905914307	64.0	1e-06
58	10	637	1.1644853353500366	64.0	1e-06
58	11	638	1.0922924280166626	68.42105263157895	1e-06
59	1	639	1.3042107820510864	66.0	1e-06
59	2	640	1.335877537727356	68.0	1e-06
59	3	641	1.0827932357788086	72.0	1e-06
59	4	642	0.8499305248260498	74.0	1e-06
59	5	643	1.3599728345870972	56.0	1e-06
59	6	644	1.255619764328003	66.0	1e-06
59	7	645	1.3136385679244995	64.0	1e-06
59	8	646	1.2153278589248657	64.0	1e-06
59	9	647	1.0758651494979858	70.0	1e-06
59	10	648	1.1729300022125244	62.0	1e-06
59	11	649	0.7063519358634949	84.21052631578948	1e-06
60	1	650	0.8195895552635193	82.0	1e-06
60	2	651	1.1526798009872437	72.0	1e-06
60	3	652	1.188460111618042	70.0	1e-06
60	4	653	1.1373573541641235	72.0	1e-06
60	5	654	0.7065946459770203	80.0	1e-06
60	6	655	1.2615445852279663	60.0	1e-06
60	7	656	1.5292819738388062	50.0	1e-06
60	8	657	1.3000366687774658	60.0	1e-06
60	9	658	0.7817736268043518	82.0	1e-06
60	10	659	0.9266446828842163	76.0	1e-06
60	11	660	1.618186593055725	52.63157894736842	1e-06
61	1	661	1.0744518041610718	70.0	1e-06
61	2	662	1.4376434087753296	64.0	1e-06
61	3	663	0.9968499541282654	80.0	1e-06
61	4	664	0.9471541047096252	72.0	1e-06
61	5	665	1.268202543258667	64.0	1e-06
61	6	666	0.9231172204017639	70.0	1e-06
61	7	667	1.2808269262313843	62.0	1e-06
61	8	668	1.2267076969146729	68.0	1e-06
61	9	669	0.8738082051277161	72.0	1e-06
61	10	670	1.3638519048690796	66.0	1e-06
61	11	671	0.8253951072692871	84.21052631578948	1e-06
62	1	672	1.0937190055847168	76.0	1e-06
62	2	673	0.9237516522407532	70.0	1e-06
62	3	674	1.100488543510437	70.0	1e-06
62	4	675	0.8453274369239807	76.0	1e-06
62	5	676	1.0443649291992188	74.0	1e-06
62	6	677	1.3941270112991333	62.0	1e-06
62	7	678	1.5644394159317017	52.0	1e-06
62	8	679	1.2905138731002808	68.0	1e-06
62	9	680	0.6725344657897949	82.0	1e-06
62	10	681	1.1744565963745117	64.0	1e-06
62	11	682	1.7929811477661133	52.63157894736842	1e-06
63	1	683	0.9214667677879333	74.0	1e-06
63	2	684	1.0579754114151	70.0	1e-06
63	3	685	0.9659080505371094	74.0	1e-06
63	4	686	0.9396618604660034	72.0	1e-06
63	5	687	0.9837238192558289	72.0	1e-06
63	6	688	1.055250644683838	72.0	1e-06
63	7	689	1.4453414678573608	66.0	1e-06
63	8	690	1.4202407598495483	58.0	1e-06
63	9	691	1.0543514490127563	74.0	1e-06
63	10	692	1.3651983737945557	68.0	1e-06
63	11	693	1.9108338356018066	47.36842105263158	1e-06
64	1	694	0.8783642649650574	80.0	1e-06
64	2	695	1.2269887924194336	66.0	1e-06
64	3	696	1.5871533155441284	62.0	1e-06
64	4	697	0.9770029187202454	76.0	1e-06
64	5	698	0.9519104957580566	82.0	1e-06
64	6	699	0.8457802534103394	76.0	1e-06
64	7	700	1.1063700914382935	72.0	1e-06
64	8	701	1.4705517292022705	56.0	1e-06
64	9	702	0.8834406137466431	78.0	1e-06
64	10	703	0.630704939365387	86.0	1e-06
64	11	704	1.148999810218811	68.42105263157895	1e-06
65	1	705	1.056382656097412	68.0	1e-06
65	2	706	0.911862313747406	76.0	1e-06
65	3	707	0.9778615832328796	78.0	1e-06
65	4	708	1.173954725265503	68.0	1e-06
65	5	709	1.235428810119629	62.0	1e-06
65	6	710	1.2235515117645264	62.0	1e-06
65	7	711	0.9891166687011719	70.0	1e-06
65	8	712	1.6847485303878784	58.0	1e-06
65	9	713	1.2764581441879272	68.0	1e-06
65	10	714	1.0108681917190552	76.0	1e-06
65	11	715	0.9605790972709656	78.94736842105263	1e-06
66	1	716	1.2329437732696533	68.0	1e-06
66	2	717	1.1165337562561035	62.0	1e-06
66	3	718	1.1130186319351196	70.0	1e-06
66	4	719	1.3654109239578247	62.0	1e-06
66	5	720	0.8675512671470642	78.0	1e-06
66	6	721	1.3171595335006714	72.0	1e-06
66	7	722	1.064560890197754	68.0	1e-06
66	8	723	0.8747512102127075	78.0	1e-06
66	9	724	1.2047998905181885	68.0	1e-06
66	10	725	1.2394174337387085	64.0	1e-06
66	11	726	0.47901666164398193	89.47368421052632	1e-06
67	1	727	0.6855626702308655	76.0	1e-06
67	2	728	1.1051748991012573	70.0	1e-06
67	3	729	1.0006881952285767	72.0	1e-06
67	4	730	1.1125445365905762	66.0	1e-06
67	5	731	1.1526771783828735	66.0	1e-06
67	6	732	0.9267337322235107	76.0	1e-06
67	7	733	1.204448938369751	62.0	1e-06
67	8	734	0.9129480719566345	80.0	1e-06
67	9	735	1.3909035921096802	64.0	1e-06
67	10	736	1.05508291721344	74.0	1e-06
67	11	737	1.9932345151901245	42.10526315789474	1e-06
68	1	738	0.8033320903778076	80.0	1e-06
68	2	739	0.9045459628105164	80.0	1e-06
68	3	740	1.2642978429794312	62.0	1e-06
68	4	741	0.954943835735321	74.0	1e-06
68	5	742	0.8928184509277344	74.0	1e-06
68	6	743	0.8631284832954407	78.0	1e-06
68	7	744	1.022255301475525	68.0	1e-06
68	8	745	1.1520100831985474	66.0	1e-06
68	9	746	1.615505576133728	60.0	1e-06
68	10	747	0.7890515327453613	78.0	1e-06
68	11	748	1.1655887365341187	63.1578947368421	1e-06
69	1	749	1.2758777141571045	66.0	1e-06
69	2	750	1.202287197113037	62.0	1e-06
69	3	751	1.1424527168273926	70.0	1e-06
69	4	752	1.1047272682189941	68.0	1e-06
69	5	753	1.1246509552001953	72.0	1e-06
69	6	754	1.140953779220581	68.0	1e-06
69	7	755	0.8310010433197021	84.0	1e-06
69	8	756	1.2540860176086426	72.0	1e-06
69	9	757	1.1259217262268066	62.0	1e-06
69	10	758	0.828481912612915	84.0	1e-06
69	11	759	1.390575885772705	57.89473684210526	1e-06
70	1	760	0.6637496948242188	80.0	1e-06
70	2	761	1.2639979124069214	68.0	1e-06
70	3	762	1.1465340852737427	70.0	1e-06
70	4	763	0.8797377943992615	76.0	1e-06
70	5	764	1.0821343660354614	72.0	1e-06
70	6	765	1.101516842842102	64.0	1e-06
70	7	766	1.3850096464157104	66.0	1e-06
70	8	767	0.7400270104408264	80.0	1e-06
70	9	768	1.1368499994277954	74.0	1e-06
70	10	769	1.3570636510849	62.0	1e-06
70	11	770	0.9861224293708801	63.1578947368421	1e-06
71	1	771	1.640504002571106	54.0	1e-06
71	2	772	1.188572645187378	66.0	1e-06
71	3	773	1.1093347072601318	72.0	1e-06
71	4	774	1.0091053247451782	80.0	1e-06
71	5	775	1.0244120359420776	72.0	1e-06
71	6	776	0.9869717359542847	70.0	1e-06
71	7	777	1.059970498085022	72.0	1e-06
71	8	778	0.9949111938476562	74.0	1e-06
71	9	779	0.7134813666343689	82.0	1e-06
71	10	780	0.8202968835830688	78.0	1e-06
71	11	781	1.0412193536758423	57.89473684210526	1e-06
72	1	782	1.269842267036438	64.0	1e-06
72	2	783	0.599580705165863	80.0	1e-06
72	3	784	1.115922451019287	72.0	1e-06
72	4	785	0.9839270710945129	68.0	1e-06
72	5	786	0.7143287658691406	76.0	1e-06
72	6	787	0.9902359843254089	70.0	1e-06
72	7	788	1.2906696796417236	66.0	1e-06
72	8	789	1.071359395980835	74.0	1e-06
72	9	790	1.009299874305725	68.0	1e-06
72	10	791	1.274855613708496	68.0	1e-06
72	11	792	0.8626343607902527	73.6842105263158	1e-06
73	1	793	1.0948691368103027	62.0	1e-06
73	2	794	1.531801462173462	60.0	1e-06
73	3	795	1.0400265455245972	74.0	1e-06
73	4	796	1.3717454671859741	50.0	1e-06
73	5	797	1.2757397890090942	64.0	1e-06
73	6	798	0.7096671462059021	78.0	1e-06
73	7	799	1.0209507942199707	70.0	1e-06
73	8	800	0.5248631238937378	88.0	1e-06
73	9	801	0.9629998207092285	72.0	1e-06
73	10	802	1.371486783027649	56.0	1e-06
73	11	803	0.9424376487731934	73.6842105263158	1e-06
74	1	804	1.2198266983032227	60.0	1e-06
74	2	805	1.178734302520752	74.0	1e-06
74	3	806	1.121809482574463	70.0	1e-06
74	4	807	0.9883330464363098	74.0	1e-06
74	5	808	0.9286531805992126	72.0	1e-06
74	6	809	1.2026817798614502	74.0	1e-06
74	7	810	0.9541020393371582	76.0	1e-06
74	8	811	1.0933574438095093	74.0	1e-06
74	9	812	1.0993282794952393	78.0	1e-06
74	10	813	0.8859561681747437	76.0	1e-06
74	11	814	1.4035396575927734	63.1578947368421	1e-06
75	1	815	1.1998399496078491	66.0	1e-06
75	2	816	1.5873534679412842	52.0	1e-06
75	3	817	0.8284470438957214	76.0	1e-06
75	4	818	1.1035423278808594	66.0	1e-06
75	5	819	0.8437387347221375	80.0	1e-06
75	6	820	0.8988922834396362	78.0	1e-06
75	7	821	1.3409816026687622	68.0	1e-06
75	8	822	0.8488298058509827	74.0	1e-06
75	9	823	1.2142970561981201	66.0	1e-06
75	10	824	0.9859785437583923	72.0	1e-06
75	11	825	0.7264731526374817	73.6842105263158	1e-06
76	1	826	1.0677855014801025	68.0	1e-06
76	2	827	1.4655060768127441	66.0	1e-06
76	3	828	1.170447826385498	68.0	1e-06
76	4	829	0.939139187335968	82.0	1e-06
76	5	830	1.0224727392196655	70.0	1e-06
76	6	831	1.0681877136230469	66.0	1e-06
76	7	832	1.047307014465332	80.0	1e-06
76	8	833	1.4806146621704102	58.0	1e-06
76	9	834	1.250597596168518	66.0	1e-06
76	10	835	0.9530029892921448	74.0	1e-06
76	11	836	0.5025658011436462	73.6842105263158	1e-06
77	1	837	0.751545786857605	80.0	1e-06
77	2	838	0.9794297814369202	80.0	1e-06
77	3	839	1.0546096563339233	70.0	1e-06
77	4	840	0.9619206786155701	74.0	1e-06
77	5	841	1.1895830631256104	64.0	1e-06
77	6	842	1.1146481037139893	76.0	1e-06
77	7	843	1.3524885177612305	68.0	1e-06
77	8	844	0.7605809569358826	84.0	1e-06
77	9	845	1.0697238445281982	70.0	1e-06
77	10	846	1.0491372346878052	72.0	1e-06
77	11	847	1.705578088760376	52.63157894736842	1e-06
78	1	848	1.0054466724395752	70.0	1e-06
78	2	849	0.638603687286377	84.0	1e-06
78	3	850	1.077290415763855	70.0	1e-06
78	4	851	0.8650910258293152	78.0	1e-06
78	5	852	1.0082305669784546	80.0	1e-06
78	6	853	1.1047269105911255	68.0	1e-06
78	7	854	1.1356614828109741	72.0	1e-06
78	8	855	1.0708695650100708	72.0	1e-06
78	9	856	0.8967741131782532	72.0	1e-06
78	10	857	1.2451632022857666	64.0	1e-06
78	11	858	1.499906063079834	57.89473684210526	1e-06
79	1	859	1.0803364515304565	70.0	1e-06
79	2	860	1.5567007064819336	60.0	1e-06
79	3	861	1.2402805089950562	66.0	1e-06
79	4	862	0.7829205989837646	78.0	1e-06
79	5	863	0.9986048340797424	74.0	1e-06
79	6	864	0.9792382121086121	72.0	1e-06
79	7	865	0.9173240065574646	72.0	1e-06
79	8	866	1.058719515800476	70.0	1e-06
79	9	867	0.8457298874855042	78.0	1e-06
79	10	868	0.704708993434906	80.0	1e-06
79	11	869	0.9770233631134033	78.94736842105263	1e-06
80	1	870	0.9209775328636169	74.0	1e-06
80	2	871	1.0338236093521118	68.0	1e-06
80	3	872	0.967963695526123	74.0	1e-06
80	4	873	1.077950119972229	74.0	1e-06
80	5	874	0.9722757935523987	74.0	1e-06
80	6	875	0.881482720375061	68.0	1e-06
80	7	876	0.8857492208480835	80.0	1e-06
80	8	877	1.0744950771331787	66.0	1e-06
80	9	878	1.3924773931503296	56.0	1e-06
80	10	879	1.0864206552505493	78.0	1e-06
80	11	880	1.447840690612793	68.42105263157895	1e-06
81	1	881	0.8827111124992371	76.0	1e-06
81	2	882	1.459048867225647	66.0	1e-06
81	3	883	0.8067309856414795	74.0	1e-06
81	4	884	1.1319360733032227	64.0	1e-06
81	5	885	0.7622580528259277	78.0	1e-06
81	6	886	1.040269136428833	64.0	1e-06
81	7	887	1.1751388311386108	62.0	1e-06
81	8	888	1.1965479850769043	70.0	1e-06
81	9	889	0.9313476085662842	80.0	1e-06
81	10	890	1.1302769184112549	66.0	1e-06
81	11	891	1.084168791770935	63.1578947368421	1e-06
82	1	892	1.6744030714035034	48.0	1e-06
82	2	893	1.0574431419372559	68.0	1e-06
82	3	894	0.8599376082420349	84.0	1e-06
82	4	895	0.759268581867218	76.0	1e-06
82	5	896	0.8354241847991943	74.0	1e-06
82	6	897	1.0839065313339233	68.0	1e-06
82	7	898	0.9360571503639221	72.0	1e-06
82	8	899	1.043581247329712	74.0	1e-06
82	9	900	1.4114181995391846	62.0	1e-06
82	10	901	1.502492070198059	54.0	1e-06
82	11	902	1.4554294347763062	63.1578947368421	1e-06
83	1	903	1.2145299911499023	62.0	1e-06
83	2	904	0.7808923125267029	74.0	1e-06
83	3	905	0.6805345416069031	80.0	1e-06
83	4	906	1.1833335161209106	74.0	1e-06
83	5	907	0.9455010890960693	70.0	1e-06
83	6	908	1.240563988685608	64.0	1e-06
83	7	909	0.8472328186035156	80.0	1e-06
83	8	910	0.6764006018638611	80.0	1e-06
83	9	911	0.980878472328186	76.0	1e-06
83	10	912	1.0635321140289307	70.0	1e-06
83	11	913	0.7654941082000732	78.94736842105263	1e-06
84	1	914	0.8309051990509033	70.0	1e-06
84	2	915	0.8483098745346069	78.0	1e-06
84	3	916	0.9397233724594116	80.0	1e-06
84	4	917	0.6741921901702881	82.0	1e-06
84	5	918	0.9455547332763672	78.0	1e-06
84	6	919	0.9122750759124756	76.0	1e-06
84	7	920	0.6909401416778564	82.0	1e-06
84	8	921	1.2486847639083862	74.0	1e-06
84	9	922	1.7159396409988403	50.0	1e-06
84	10	923	1.187446117401123	70.0	1e-06
84	11	924	1.1320956945419312	73.6842105263158	1e-06
85	1	925	1.112605094909668	66.0	1e-06
85	2	926	0.7637591361999512	78.0	1e-06
85	3	927	1.3902724981307983	62.0	1e-06
85	4	928	0.5798004865646362	82.0	1e-06
85	5	929	0.8585165143013	78.0	1e-06
85	6	930	1.109279751777649	68.0	1e-06
85	7	931	1.0378165245056152	76.0	1e-06
85	8	932	1.1602158546447754	70.0	1e-06
85	9	933	0.9476573467254639	74.0	1e-06
85	10	934	0.9482078552246094	72.0	1e-06
85	11	935	0.8100250959396362	68.42105263157895	1e-06
86	1	936	0.8114163875579834	82.0	1e-06
86	2	937	1.0920782089233398	70.0	1e-06
86	3	938	0.956092357635498	76.0	1e-06
86	4	939	1.1443558931350708	70.0	1e-06
86	5	940	1.1623927354812622	64.0	1e-06
86	6	941	1.168546438217163	70.0	1e-06
86	7	942	1.1017498970031738	74.0	1e-06
86	8	943	0.9572190642356873	74.0	1e-06
86	9	944	0.9006902575492859	68.0	1e-06
86	10	945	1.0820419788360596	70.0	1e-06
86	11	946	1.1350104808807373	73.6842105263158	1e-06
87	1	947	1.1609476804733276	62.0	1e-06
87	2	948	0.9357199668884277	80.0	1e-06
87	3	949	0.6904010772705078	80.0	1e-06
87	4	950	0.8794915080070496	80.0	1e-06
87	5	951	1.0522302389144897	72.0	1e-06
87	6	952	1.3910576105117798	58.0	1e-06
87	7	953	1.1979897022247314	74.0	1e-06
87	8	954	1.0878326892852783	70.0	1e-06
87	9	955	1.1589937210083008	62.0	1e-06
87	10	956	0.7667148113250732	72.0	1e-06
87	11	957	0.45657292008399963	89.47368421052632	1e-06
88	1	958	0.8773095011711121	80.0	1e-06
88	2	959	1.1508105993270874	74.0	1e-06
88	3	960	0.8533275723457336	72.0	1e-06
88	4	961	1.1414073705673218	68.0	1e-06
88	5	962	1.1223559379577637	66.0	1e-06
88	6	963	0.9096651673316956	72.0	1e-06
88	7	964	0.9833360314369202	72.0	1e-06
88	8	965	1.1400169134140015	70.0	1e-06
88	9	966	1.1548349857330322	66.0	1e-06
88	10	967	0.6602243781089783	82.0	1e-06
88	11	968	0.5932404398918152	78.94736842105263	1e-06
89	1	969	0.8777398467063904	76.0	1e-06
89	2	970	0.9694892764091492	68.0	1e-06
89	3	971	0.9161397814750671	72.0	1e-06
89	4	972	0.9503666162490845	74.0	1e-06
89	5	973	1.1818984746932983	68.0	1e-06
89	6	974	0.9773370623588562	68.0	1e-06
89	7	975	1.1013833284378052	64.0	1e-06
89	8	976	0.7959929704666138	76.0	1e-06
89	9	977	1.5692259073257446	62.0	1e-06
89	10	978	0.8260576725006104	74.0	1e-06
89	11	979	1.1789218187332153	73.6842105263158	1e-06
90	1	980	1.101647138595581	68.0	1e-06
90	2	981	0.6913745999336243	76.0	1e-06
90	3	982	0.8329007029533386	78.0	1e-06
90	4	983	1.4235737323760986	56.0	1e-06
90	5	984	0.8639234900474548	76.0	1e-06
90	6	985	0.900165855884552	72.0	1e-06
90	7	986	0.8411500453948975	74.0	1e-06
90	8	987	0.9757718443870544	76.0	1e-06
90	9	988	1.417729377746582	58.0	1e-06
90	10	989	0.7602707147598267	78.0	1e-06
90	11	990	1.0403542518615723	68.42105263157895	1e-06
91	1	991	0.6679664850234985	80.0	1e-06
91	2	992	0.9262515902519226	72.0	1e-06
91	3	993	1.1908926963806152	64.0	1e-06
91	4	994	0.835195004940033	72.0	1e-06
91	5	995	0.8994194269180298	72.0	1e-06
91	6	996	0.8088924288749695	78.0	1e-06
91	7	997	0.9678025841712952	68.0	1e-06
91	8	998	1.0509085655212402	70.0	1e-06
91	9	999	0.8993961811065674	72.0	1e-06
91	10	1000	0.44368284940719604	88.0	1e-06
91	11	1001	1.597915530204773	63.1578947368421	1e-06
92	1	1002	0.6885561943054199	82.0	1e-06
92	2	1003	1.1543517112731934	68.0	1e-06
92	3	1004	1.0602070093154907	78.0	1e-06
92	4	1005	0.78829026222229	80.0	1e-06
92	5	1006	0.790930986404419	74.0	1e-06
92	6	1007	1.0136690139770508	70.0	1e-06
92	7	1008	0.8231083750724792	76.0	1e-06
92	8	1009	0.7457616925239563	80.0	1e-06
92	9	1010	1.0084514617919922	68.0	1e-06
92	10	1011	0.7741813659667969	76.0	1e-06
92	11	1012	1.114188313484192	73.6842105263158	1e-06
93	1	1013	0.9873992800712585	72.0	1e-06
93	2	1014	0.8182275295257568	78.0	1e-06
93	3	1015	0.8688687086105347	78.0	1e-06
93	4	1016	0.906998872756958	72.0	1e-06
93	5	1017	0.933204710483551	72.0	1e-06
93	6	1018	0.6683574914932251	82.0	1e-06
93	7	1019	1.02635657787323	68.0	1e-06
93	8	1020	0.8727454543113708	82.0	1e-06
93	9	1021	1.2198729515075684	64.0	1e-06
93	10	1022	0.8633624911308289	74.0	1e-06
93	11	1023	0.9441478252410889	73.6842105263158	1e-06
94	1	1024	0.934181809425354	74.0	1e-06
94	2	1025	0.9253093004226685	74.0	1e-06
94	3	1026	1.0211635828018188	72.0	1e-06
94	4	1027	0.9301441311836243	78.0	1e-06
94	5	1028	0.6859687566757202	84.0	1e-06
94	6	1029	0.8563807010650635	74.0	1e-06
94	7	1030	0.7871991991996765	76.0	1e-06
94	8	1031	0.7000601887702942	80.0	1e-06
94	9	1032	1.4600496292114258	58.0	1e-06
94	10	1033	0.9028933644294739	68.0	1e-06
94	11	1034	0.5336747765541077	89.47368421052632	1e-06
95	1	1035	1.0180853605270386	72.0	1e-06
95	2	1036	0.7376092672348022	74.0	1e-06
95	3	1037	0.9647933840751648	72.0	1e-06
95	4	1038	0.8145117163658142	78.0	1e-06
95	5	1039	1.1677089929580688	68.0	1e-06
95	6	1040	0.9252471923828125	76.0	1e-06
95	7	1041	0.7112377882003784	78.0	1e-06
95	8	1042	0.9529852867126465	74.0	1e-06
95	9	1043	0.7856870293617249	76.0	1e-06
95	10	1044	0.7606552839279175	80.0	1e-06
95	11	1045	1.2426822185516357	63.1578947368421	1e-06
96	1	1046	1.177543044090271	68.0	1e-06
96	2	1047	1.1030927896499634	72.0	1e-06
96	3	1048	1.0690944194793701	74.0	1e-06
96	4	1049	0.6498402953147888	80.0	1e-06
96	5	1050	1.1167428493499756	68.0	1e-06
96	6	1051	0.6846431493759155	78.0	1e-06
96	7	1052	1.101253628730774	76.0	1e-06
96	8	1053	0.6992858052253723	78.0	1e-06
96	9	1054	0.6938095092773438	80.0	1e-06
96	10	1055	1.09837007522583	76.0	1e-06
96	11	1056	0.6457794308662415	73.6842105263158	1e-06
97	1	1057	1.1415801048278809	64.0	1e-06
97	2	1058	0.6216503977775574	84.0	1e-06
97	3	1059	0.6572306752204895	82.0	1e-06
97	4	1060	0.8817577362060547	70.0	1e-06
97	5	1061	0.695040225982666	78.0	1e-06
97	6	1062	0.9330803751945496	70.0	1e-06
97	7	1063	1.2032017707824707	62.0	1e-06
97	8	1064	0.8908871412277222	74.0	1e-06
97	9	1065	0.8204602003097534	74.0	1e-06
97	10	1066	0.4644101858139038	86.0	1e-06
97	11	1067	0.8550171852111816	73.6842105263158	1e-06
98	1	1068	1.0041918754577637	68.0	1e-06
98	2	1069	0.6234278678894043	84.0	1e-06
98	3	1070	0.5795459151268005	78.0	1e-06
98	4	1071	0.9638400077819824	74.0	1e-06
98	5	1072	0.9152138233184814	74.0	1e-06
98	6	1073	1.0614063739776611	68.0	1e-06
98	7	1074	0.7111270427703857	76.0	1e-06
98	8	1075	1.0902389287948608	70.0	1e-06
98	9	1076	0.9606961607933044	76.0	1e-06
98	10	1077	0.6668776869773865	80.0	1e-06
98	11	1078	0.677629292011261	78.94736842105263	1e-06
99	1	1079	0.9690435528755188	76.0	1e-06
99	2	1080	0.8465526103973389	74.0	1e-06
99	3	1081	0.7906008958816528	80.0	1e-06
99	4	1082	0.6042965650558472	82.0	1e-06
99	5	1083	0.9488678574562073	68.0	1e-06
99	6	1084	0.5661677122116089	80.0	1e-06
99	7	1085	0.7322766780853271	82.0	1e-06
99	8	1086	1.0817033052444458	74.0	1e-06
99	9	1087	0.8460334539413452	76.0	1e-06
99	10	1088	1.1164155006408691	72.0	1e-06
99	11	1089	0.5390419363975525	89.47368421052632	1e-06
100	1	1090	1.0984349250793457	60.0	1e-06
100	2	1091	0.7908458709716797	84.0	1e-06
100	3	1092	0.8628937005996704	80.0	1e-06
100	4	1093	0.9961048364639282	72.0	1e-06
100	5	1094	0.6517677307128906	78.0	1e-06
100	6	1095	1.0206948518753052	68.0	1e-06
100	7	1096	1.0432621240615845	66.0	1e-06
100	8	1097	0.803864061832428	76.0	1e-06
100	9	1098	0.7050535678863525	78.0	1e-06
100	10	1099	1.1005151271820068	76.0	1e-06
100	11	1100	0.7945153117179871	73.6842105263158	1e-06
epoch	batch	iter	loss	acc	lr
101	1	1101	1.0992474555969238	68.0	1e-06
101	2	1102	1.0693978071212769	74.0	1e-06
101	3	1103	1.1091513633728027	74.0	1e-06
101	4	1104	0.7346929311752319	80.0	1e-06
101	5	1105	0.9007663130760193	78.0	1e-06
101	6	1106	0.8175092339515686	76.0	1e-06
101	7	1107	1.1033642292022705	70.0	1e-06
101	8	1108	0.735424816608429	76.0	1e-06
101	9	1109	0.796566903591156	82.0	1e-06
101	10	1110	0.8169307708740234	78.0	1e-06
101	11	1111	1.046520471572876	68.42105263157895	1e-06
102	1	1112	0.8836489915847778	74.0	1e-06
102	2	1113	0.6733704209327698	78.0	1e-06
102	3	1114	0.7741659283638	78.0	1e-06
102	4	1115	0.6642636656761169	78.0	1e-06
102	5	1116	0.8703207969665527	72.0	1e-06
102	6	1117	0.7917866706848145	78.0	1e-06
102	7	1118	1.3481805324554443	70.0	1e-06
102	8	1119	1.0299177169799805	72.0	1e-06
102	9	1120	0.8806774616241455	74.0	1e-06
102	10	1121	0.8355319499969482	74.0	1e-06
102	11	1122	0.24526886641979218	94.73684210526316	1e-06
103	1	1123	1.1321525573730469	70.0	1e-06
103	2	1124	0.977040708065033	72.0	1e-06
103	3	1125	1.2174180746078491	70.0	1e-06
103	4	1126	1.0282129049301147	74.0	1e-06
103	5	1127	0.7344504594802856	82.0	1e-06
103	6	1128	0.9751092791557312	72.0	1e-06
103	7	1129	0.9254381656646729	78.0	1e-06
103	8	1130	0.871385395526886	74.0	1e-06
103	9	1131	0.9239543676376343	72.0	1e-06
103	10	1132	0.7240869402885437	80.0	1e-06
103	11	1133	0.8613069653511047	94.73684210526316	1e-06
104	1	1134	0.9332783222198486	66.0	1e-06
104	2	1135	0.9336234927177429	72.0	1e-06
104	3	1136	0.6850582957267761	74.0	1e-06
104	4	1137	0.689970850944519	78.0	1e-06
104	5	1138	1.0154545307159424	68.0	1e-06
104	6	1139	1.2343459129333496	62.0	1e-06
104	7	1140	0.5314671397209167	94.0	1e-06
104	8	1141	0.8733564615249634	82.0	1e-06
104	9	1142	1.0908253192901611	72.0	1e-06
104	10	1143	0.9887341260910034	70.0	1e-06
104	11	1144	0.6069654822349548	89.47368421052632	1e-06
105	1	1145	0.571577787399292	82.0	1e-06
105	2	1146	0.9686173796653748	72.0	1e-06
105	3	1147	0.8187975883483887	76.0	1e-06
105	4	1148	0.656597912311554	78.0	1e-06
105	5	1149	0.8558465838432312	78.0	1e-06
105	6	1150	0.628970742225647	88.0	1e-06
105	7	1151	0.7142548561096191	82.0	1e-06
105	8	1152	0.8074877262115479	72.0	1e-06
105	9	1153	0.817919909954071	74.0	1e-06
105	10	1154	1.0089644193649292	66.0	1e-06
105	11	1155	0.5427784323692322	84.21052631578948	1e-06
106	1	1156	0.7150673866271973	80.0	1e-06
106	2	1157	1.0552494525909424	70.0	1e-06
106	3	1158	0.545491099357605	82.0	1e-06
106	4	1159	0.4439408779144287	90.0	1e-06
106	5	1160	0.8490898013114929	76.0	1e-06
106	6	1161	0.9212548732757568	72.0	1e-06
106	7	1162	0.8690594434738159	80.0	1e-06
106	8	1163	1.1232659816741943	64.0	1e-06
106	9	1164	0.8902926445007324	70.0	1e-06
106	10	1165	0.8555147647857666	72.0	1e-06
106	11	1166	2.0060935020446777	42.10526315789474	1e-06
107	1	1167	0.9516026377677917	70.0	1e-06
107	2	1168	1.1650446653366089	64.0	1e-06
107	3	1169	0.6509522199630737	86.0	1e-06
107	4	1170	0.6649246215820312	90.0	1e-06
107	5	1171	1.279670000076294	70.0	1e-06
107	6	1172	0.7323048114776611	76.0	1e-06
107	7	1173	1.0847331285476685	66.0	1e-06
107	8	1174	0.5391833782196045	80.0	1e-06
107	9	1175	0.896710991859436	76.0	1e-06
107	10	1176	0.6443726420402527	86.0	1e-06
107	11	1177	0.7307736277580261	73.6842105263158	1e-06
108	1	1178	0.6327511072158813	74.0	1e-06
108	2	1179	0.6281771659851074	78.0	1e-06
108	3	1180	0.7406968474388123	78.0	1e-06
108	4	1181	0.862123429775238	70.0	1e-06
108	5	1182	0.8148623108863831	82.0	1e-06
108	6	1183	1.1512842178344727	60.0	1e-06
108	7	1184	0.8139670491218567	76.0	1e-06
108	8	1185	0.8459137678146362	70.0	1e-06
108	9	1186	0.8101373314857483	78.0	1e-06
108	10	1187	0.8652468919754028	78.0	1e-06
108	11	1188	0.5854656100273132	84.21052631578948	1e-06
109	1	1189	1.2937818765640259	68.0	1e-06
109	2	1190	0.6131020188331604	84.0	1e-06
109	3	1191	0.87406325340271	74.0	1e-06
109	4	1192	0.7291011810302734	78.0	1e-06
109	5	1193	0.8217898607254028	78.0	1e-06
109	6	1194	0.5849545001983643	84.0	1e-06
109	7	1195	0.7036885023117065	76.0	1e-06
109	8	1196	0.9890212416648865	66.0	1e-06
109	9	1197	0.828950047492981	78.0	1e-06
109	10	1198	0.7977244853973389	74.0	1e-06
109	11	1199	0.5315940976142883	84.21052631578948	1e-06
110	1	1200	1.1556169986724854	66.0	1e-06
110	2	1201	0.6867637634277344	78.0	1e-06
110	3	1202	0.7474811673164368	70.0	1e-06
110	4	1203	0.7003909349441528	80.0	1e-06
110	5	1204	0.8070909380912781	78.0	1e-06
110	6	1205	0.7600917816162109	72.0	1e-06
110	7	1206	0.6529632806777954	80.0	1e-06
110	8	1207	0.9432392120361328	64.0	1e-06
110	9	1208	0.5677515864372253	82.0	1e-06
110	10	1209	0.8113290667533875	74.0	1e-06
110	11	1210	1.020820140838623	68.42105263157895	1e-06
111	1	1211	0.6605677604675293	80.0	1e-06
111	2	1212	0.7639594078063965	78.0	1e-06
111	3	1213	0.6591869592666626	86.0	1e-06
111	4	1214	0.5669234395027161	82.0	1e-06
111	5	1215	0.6856195330619812	82.0	1e-06
111	6	1216	0.7996490597724915	72.0	1e-06
111	7	1217	1.148653507232666	66.0	1e-06
111	8	1218	0.8915696740150452	80.0	1e-06
111	9	1219	0.6123961806297302	74.0	1e-06
111	10	1220	0.8680409789085388	72.0	1e-06
111	11	1221	1.2533848285675049	68.42105263157895	1e-06
112	1	1222	0.8526551723480225	78.0	1e-06
112	2	1223	0.5403099656105042	84.0	1e-06
112	3	1224	0.6812455058097839	78.0	1e-06
112	4	1225	0.855980634689331	70.0	1e-06
112	5	1226	1.0478100776672363	66.0	1e-06
112	6	1227	0.7889346480369568	76.0	1e-06
112	7	1228	0.852800190448761	74.0	1e-06
112	8	1229	0.8241615295410156	76.0	1e-06
112	9	1230	0.8188298940658569	78.0	1e-06
112	10	1231	0.4616925120353699	82.0	1e-06
112	11	1232	0.8841446042060852	73.6842105263158	1e-06
113	1	1233	0.507810652256012	80.0	1e-06
113	2	1234	0.6306869983673096	82.0	1e-06
113	3	1235	1.4175808429718018	56.0	1e-06
113	4	1236	0.7240968346595764	84.0	1e-06
113	5	1237	0.9543806314468384	82.0	1e-06
113	6	1238	0.6575435400009155	84.0	1e-06
113	7	1239	0.9271875023841858	70.0	1e-06
113	8	1240	0.8358350396156311	70.0	1e-06
113	9	1241	0.9556151628494263	68.0	1e-06
113	10	1242	0.5145162343978882	80.0	1e-06
113	11	1243	0.7985408306121826	73.6842105263158	1e-06
114	1	1244	0.6684415340423584	78.0	1e-06
114	2	1245	0.9247507452964783	82.0	1e-06
114	3	1246	1.0827012062072754	66.0	1e-06
114	4	1247	0.7491925954818726	84.0	1e-06
114	5	1248	0.5911538004875183	84.0	1e-06
114	6	1249	0.7022043466567993	72.0	1e-06
114	7	1250	0.6326645016670227	82.0	1e-06
114	8	1251	0.8000552654266357	76.0	1e-06
114	9	1252	0.7654708027839661	78.0	1e-06
114	10	1253	0.6597496867179871	78.0	1e-06
114	11	1254	0.8317285180091858	78.94736842105263	1e-06
115	1	1255	0.6521939039230347	80.0	1e-06
115	2	1256	0.673321545124054	80.0	1e-06
115	3	1257	0.9476544857025146	70.0	1e-06
115	4	1258	0.7472763657569885	74.0	1e-06
115	5	1259	0.6598295569419861	84.0	1e-06
115	6	1260	0.6569988131523132	80.0	1e-06
115	7	1261	0.8834879994392395	68.0	1e-06
115	8	1262	0.863912045955658	72.0	1e-06
115	9	1263	0.8254439830780029	76.0	1e-06
115	10	1264	0.964374840259552	68.0	1e-06
115	11	1265	1.0965957641601562	63.1578947368421	1e-06
116	1	1266	0.7590785026550293	72.0	1e-06
116	2	1267	0.6829763054847717	80.0	1e-06
116	3	1268	0.8629408478736877	76.0	1e-06
116	4	1269	0.594513475894928	82.0	1e-06
116	5	1270	0.7747023701667786	74.0	1e-06
116	6	1271	1.206519365310669	74.0	1e-06
116	7	1272	0.6768394708633423	84.0	1e-06
116	8	1273	0.7662968635559082	82.0	1e-06
116	9	1274	0.7398242950439453	80.0	1e-06
116	10	1275	0.6158981323242188	82.0	1e-06
116	11	1276	1.168411135673523	68.42105263157895	1e-06
117	1	1277	0.7607834339141846	78.0	1e-06
117	2	1278	1.1121785640716553	74.0	1e-06
117	3	1279	0.7614626884460449	78.0	1e-06
117	4	1280	0.4925234913825989	88.0	1e-06
117	5	1281	0.7730225920677185	72.0	1e-06
117	6	1282	0.932405412197113	72.0	1e-06
117	7	1283	1.040448784828186	60.0	1e-06
117	8	1284	0.6705674529075623	82.0	1e-06
117	9	1285	0.736380934715271	74.0	1e-06
117	10	1286	0.9251518249511719	76.0	1e-06
117	11	1287	0.5461531281471252	84.21052631578948	1e-06
118	1	1288	0.7501130700111389	80.0	1e-06
118	2	1289	1.047186017036438	66.0	1e-06
118	3	1290	0.8843460083007812	72.0	1e-06
118	4	1291	1.362105369567871	62.0	1e-06
118	5	1292	0.6470908522605896	82.0	1e-06
118	6	1293	0.8228285908699036	74.0	1e-06
118	7	1294	0.7142477631568909	80.0	1e-06
118	8	1295	0.4450499713420868	92.0	1e-06
118	9	1296	0.7401859760284424	78.0	1e-06
118	10	1297	0.7870556712150574	82.0	1e-06
118	11	1298	0.9002118110656738	73.6842105263158	1e-06
119	1	1299	0.7807377576828003	80.0	1e-06
119	2	1300	0.7653851509094238	82.0	1e-06
119	3	1301	0.4321659803390503	86.0	1e-06
119	4	1302	0.560168981552124	82.0	1e-06
119	5	1303	1.0375845432281494	62.0	1e-06
119	6	1304	0.7599301338195801	74.0	1e-06
119	7	1305	0.6571899652481079	74.0	1e-06
119	8	1306	0.7384569048881531	78.0	1e-06
119	9	1307	0.909468412399292	72.0	1e-06
119	10	1308	0.9005464315414429	72.0	1e-06
119	11	1309	1.1407638788223267	68.42105263157895	1e-06
120	1	1310	0.5095361471176147	88.0	1e-06
120	2	1311	0.5696986317634583	84.0	1e-06
120	3	1312	0.594015896320343	84.0	1e-06
120	4	1313	0.92425137758255	76.0	1e-06
120	5	1314	0.8995353579521179	64.0	1e-06
120	6	1315	0.6263771653175354	86.0	1e-06
120	7	1316	0.7978069186210632	76.0	1e-06
120	8	1317	0.7133346796035767	78.0	1e-06
120	9	1318	1.1003031730651855	60.0	1e-06
120	10	1319	0.5019478797912598	80.0	1e-06
120	11	1320	0.6763729453086853	73.6842105263158	1e-06
121	1	1321	0.8654299974441528	72.0	1e-06
121	2	1322	0.6554020643234253	80.0	1e-06
121	3	1323	0.5746505260467529	84.0	1e-06
121	4	1324	0.7354724407196045	78.0	1e-06
121	5	1325	0.7494529485702515	78.0	1e-06
121	6	1326	0.815848708152771	76.0	1e-06
121	7	1327	0.714009165763855	80.0	1e-06
121	8	1328	1.0132925510406494	70.0	1e-06
121	9	1329	0.8081074357032776	78.0	1e-06
121	10	1330	0.7233031988143921	76.0	1e-06
121	11	1331	0.6886674165725708	73.6842105263158	1e-06
122	1	1332	0.7590620517730713	78.0	1e-06
122	2	1333	0.3016948997974396	96.0	1e-06
122	3	1334	0.7401038408279419	80.0	1e-06
122	4	1335	0.9161746501922607	68.0	1e-06
122	5	1336	0.9123251438140869	70.0	1e-06
122	6	1337	0.7621700167655945	76.0	1e-06
122	7	1338	0.5896669626235962	86.0	1e-06
122	8	1339	0.857474148273468	70.0	1e-06
122	9	1340	0.7263758778572083	72.0	1e-06
122	10	1341	0.6017489433288574	78.0	1e-06
122	11	1342	0.7994921207427979	78.94736842105263	1e-06
123	1	1343	0.7758663296699524	76.0	1e-06
123	2	1344	0.7184407114982605	84.0	1e-06
123	3	1345	0.9917852282524109	74.0	1e-06
123	4	1346	0.7659180164337158	76.0	1e-06
123	5	1347	0.5064684152603149	90.0	1e-06
123	6	1348	0.7139090895652771	80.0	1e-06
123	7	1349	0.983437716960907	76.0	1e-06
123	8	1350	0.43758270144462585	90.0	1e-06
123	9	1351	0.8031928539276123	74.0	1e-06
123	10	1352	0.6930138468742371	82.0	1e-06
123	11	1353	0.6832074522972107	78.94736842105263	1e-06
124	1	1354	0.5623855590820312	90.0	1e-06
124	2	1355	0.8866686820983887	74.0	1e-06
124	3	1356	0.7126715183258057	74.0	1e-06
124	4	1357	0.8580774664878845	78.0	1e-06
124	5	1358	0.5737277269363403	82.0	1e-06
124	6	1359	0.8877283334732056	70.0	1e-06
124	7	1360	0.574027955532074	80.0	1e-06
124	8	1361	0.6717158555984497	76.0	1e-06
124	9	1362	0.6132894158363342	84.0	1e-06
124	10	1363	0.7700157761573792	80.0	1e-06
124	11	1364	1.041089653968811	63.1578947368421	1e-06
125	1	1365	0.7663841247558594	74.0	1e-06
125	2	1366	0.8403531908988953	68.0	1e-06
125	3	1367	0.7969264388084412	80.0	1e-06
125	4	1368	0.6904139518737793	80.0	1e-06
125	5	1369	0.656874418258667	82.0	1e-06
125	6	1370	0.7585324645042419	82.0	1e-06
125	7	1371	0.9656278491020203	74.0	1e-06
125	8	1372	0.6076720952987671	88.0	1e-06
125	9	1373	0.7949719429016113	74.0	1e-06
125	10	1374	0.5232824087142944	88.0	1e-06
125	11	1375	0.7138816714286804	73.6842105263158	1e-06
126	1	1376	0.7743661403656006	74.0	1e-06
126	2	1377	0.5886906981468201	86.0	1e-06
126	3	1378	0.6014217138290405	84.0	1e-06
126	4	1379	0.5111258029937744	86.0	1e-06
126	5	1380	1.0021346807479858	60.0	1e-06
126	6	1381	1.120202898979187	76.0	1e-06
126	7	1382	0.6810858249664307	84.0	1e-06
126	8	1383	0.4805894196033478	86.0	1e-06
126	9	1384	0.7281273007392883	82.0	1e-06
126	10	1385	0.8591874837875366	74.0	1e-06
126	11	1386	0.8167839050292969	84.21052631578948	1e-06
127	1	1387	0.777702808380127	74.0	1e-06
127	2	1388	0.49983128905296326	86.0	1e-06
127	3	1389	0.7788366079330444	80.0	1e-06
127	4	1390	0.6356263756752014	86.0	1e-06
127	5	1391	0.8471987843513489	80.0	1e-06
127	6	1392	0.7474520802497864	80.0	1e-06
127	7	1393	0.6835457682609558	78.0	1e-06
127	8	1394	0.47172918915748596	88.0	1e-06
127	9	1395	0.5450723171234131	92.0	1e-06
127	10	1396	0.7898452281951904	74.0	1e-06
127	11	1397	0.6811450123786926	78.94736842105263	1e-06
128	1	1398	0.7210767865180969	76.0	1e-06
128	2	1399	0.6486124992370605	84.0	1e-06
128	3	1400	0.68614661693573	84.0	1e-06
128	4	1401	0.6136314868927002	78.0	1e-06
128	5	1402	0.6827484369277954	82.0	1e-06
128	6	1403	0.7563462257385254	78.0	1e-06
128	7	1404	0.7677212357521057	68.0	1e-06
128	8	1405	0.4942680299282074	78.0	1e-06
128	9	1406	0.7240164875984192	76.0	1e-06
128	10	1407	0.7062462568283081	78.0	1e-06
128	11	1408	0.9859287142753601	68.42105263157895	1e-06
129	1	1409	1.1468065977096558	70.0	1e-06
129	2	1410	0.6417866349220276	82.0	1e-06
129	3	1411	0.41865646839141846	88.0	1e-06
129	4	1412	0.4775440990924835	86.0	1e-06
129	5	1413	0.7634157538414001	78.0	1e-06
129	6	1414	0.5603853464126587	84.0	1e-06
129	7	1415	0.6876019239425659	78.0	1e-06
129	8	1416	0.5712199211120605	80.0	1e-06
129	9	1417	0.8821915984153748	74.0	1e-06
129	10	1418	0.6749773621559143	74.0	1e-06
129	11	1419	0.9404342770576477	68.42105263157895	1e-06
130	1	1420	0.6637134552001953	82.0	1e-06
130	2	1421	0.8771932721138	70.0	1e-06
130	3	1422	0.846804678440094	80.0	1e-06
130	4	1423	0.8642332553863525	74.0	1e-06
130	5	1424	0.577911913394928	84.0	1e-06
130	6	1425	0.5621488690376282	84.0	1e-06
130	7	1426	0.521568775177002	86.0	1e-06
130	8	1427	0.6609260439872742	82.0	1e-06
130	9	1428	0.7658470273017883	78.0	1e-06
130	10	1429	0.49365416169166565	82.0	1e-06
130	11	1430	0.621014416217804	68.42105263157895	1e-06
131	1	1431	0.560716450214386	84.0	1e-06
131	2	1432	0.5775845050811768	82.0	1e-06
131	3	1433	0.7369327545166016	76.0	1e-06
131	4	1434	0.6670541167259216	80.0	1e-06
131	5	1435	0.7417848110198975	80.0	1e-06
131	6	1436	0.5122072100639343	92.0	1e-06
131	7	1437	0.37159550189971924	88.0	1e-06
131	8	1438	0.6222623586654663	80.0	1e-06
131	9	1439	0.7337173223495483	86.0	1e-06
131	10	1440	0.577779233455658	82.0	1e-06
131	11	1441	0.7396901249885559	73.6842105263158	1e-06
132	1	1442	0.3197747766971588	88.0	1e-06
132	2	1443	1.1331793069839478	68.0	1e-06
132	3	1444	0.8327149152755737	70.0	1e-06
132	4	1445	0.583462655544281	86.0	1e-06
132	5	1446	0.6371300220489502	82.0	1e-06
132	6	1447	0.3293229043483734	92.0	1e-06
132	7	1448	0.8757098317146301	76.0	1e-06
132	8	1449	0.7996344566345215	70.0	1e-06
132	9	1450	1.0060904026031494	78.0	1e-06
132	10	1451	0.734072208404541	78.0	1e-06
132	11	1452	0.913486659526825	73.6842105263158	1e-06
133	1	1453	0.5889776349067688	82.0	1e-06
133	2	1454	0.959455132484436	66.0	1e-06
133	3	1455	0.7082514762878418	76.0	1e-06
133	4	1456	0.7586685419082642	78.0	1e-06
133	5	1457	0.5664691925048828	84.0	1e-06
133	6	1458	0.7162744402885437	84.0	1e-06
133	7	1459	0.6048200130462646	82.0	1e-06
133	8	1460	0.6394316554069519	80.0	1e-06
133	9	1461	0.7617181539535522	74.0	1e-06
133	10	1462	1.204633355140686	72.0	1e-06
133	11	1463	0.5875274538993835	78.94736842105263	1e-06
134	1	1464	0.6554199457168579	82.0	1e-06
134	2	1465	0.5059115886688232	86.0	1e-06
134	3	1466	0.6212304830551147	86.0	1e-06
134	4	1467	0.2552160918712616	94.0	1e-06
134	5	1468	0.5581768155097961	84.0	1e-06
134	6	1469	0.827561616897583	78.0	1e-06
134	7	1470	0.8837305307388306	70.0	1e-06
134	8	1471	0.7056185007095337	78.0	1e-06
134	9	1472	0.8964731693267822	80.0	1e-06
134	10	1473	0.8278671503067017	86.0	1e-06
134	11	1474	0.4939000606536865	89.47368421052632	1e-06
135	1	1475	0.6837421655654907	80.0	1e-06
135	2	1476	0.5176006555557251	82.0	1e-06
135	3	1477	0.6623459458351135	80.0	1e-06
135	4	1478	0.5776970982551575	80.0	1e-06
135	5	1479	1.0211867094039917	60.0	1e-06
135	6	1480	0.950733482837677	70.0	1e-06
135	7	1481	0.5442471504211426	84.0	1e-06
135	8	1482	0.5437999963760376	88.0	1e-06
135	9	1483	0.4256539046764374	88.0	1e-06
135	10	1484	0.6179438233375549	82.0	1e-06
135	11	1485	0.5327932238578796	73.6842105263158	1e-06
136	1	1486	0.5272440910339355	84.0	1e-06
136	2	1487	1.0639418363571167	64.0	1e-06
136	3	1488	0.7751817107200623	68.0	1e-06
136	4	1489	0.6066083312034607	80.0	1e-06
136	5	1490	0.6412871479988098	84.0	1e-06
136	6	1491	0.6025925278663635	76.0	1e-06
136	7	1492	0.7056643962860107	82.0	1e-06
136	8	1493	0.3494519293308258	92.0	1e-06
136	9	1494	0.876247227191925	80.0	1e-06
136	10	1495	0.7553877234458923	88.0	1e-06
136	11	1496	1.1997150182724	57.89473684210526	1e-06
137	1	1497	0.5060768127441406	84.0	1e-06
137	2	1498	0.5326529741287231	88.0	1e-06
137	3	1499	0.47818416357040405	90.0	1e-06
137	4	1500	1.1041187047958374	70.0	1e-06
137	5	1501	0.2822621464729309	94.0	1e-06
137	6	1502	0.6937302350997925	78.0	1e-06
137	7	1503	0.8392301201820374	70.0	1e-06
137	8	1504	0.6889331936836243	76.0	1e-06
137	9	1505	0.7646167874336243	76.0	1e-06
137	10	1506	0.5273303985595703	84.0	1e-06
137	11	1507	0.9656004905700684	68.42105263157895	1e-06
138	1	1508	0.6687816381454468	82.0	1e-06
138	2	1509	0.767916202545166	76.0	1e-06
138	3	1510	0.8997710943222046	76.0	1e-06
138	4	1511	0.6069000363349915	80.0	1e-06
138	5	1512	0.96428382396698	76.0	1e-06
138	6	1513	0.9137547016143799	66.0	1e-06
138	7	1514	0.5025975108146667	86.0	1e-06
138	8	1515	0.4654841125011444	86.0	1e-06
138	9	1516	0.5720863938331604	76.0	1e-06
138	10	1517	0.3939627707004547	92.0	1e-06
138	11	1518	0.8367018699645996	73.6842105263158	1e-06
139	1	1519	0.8582270741462708	76.0	1e-06
139	2	1520	1.2003942728042603	56.0	1e-06
139	3	1521	1.0026099681854248	68.0	1e-06
139	4	1522	0.7543168663978577	74.0	1e-06
139	5	1523	0.6621878743171692	76.0	1e-06
139	6	1524	0.5660582780838013	84.0	1e-06
139	7	1525	0.577700674533844	82.0	1e-06
139	8	1526	0.6087756156921387	82.0	1e-06
139	9	1527	0.5853562951087952	80.0	1e-06
139	10	1528	0.5345143675804138	80.0	1e-06
139	11	1529	0.5488675832748413	84.21052631578948	1e-06
140	1	1530	0.5963113903999329	86.0	1e-06
140	2	1531	0.5302628874778748	86.0	1e-06
140	3	1532	0.7339975833892822	74.0	1e-06
140	4	1533	0.613254189491272	80.0	1e-06
140	5	1534	0.5177298784255981	88.0	1e-06
140	6	1535	0.5867459177970886	82.0	1e-06
140	7	1536	0.8021349310874939	70.0	1e-06
140	8	1537	0.5578846335411072	84.0	1e-06
140	9	1538	0.710864245891571	80.0	1e-06
140	10	1539	0.5911897420883179	82.0	1e-06
140	11	1540	0.7262107133865356	78.94736842105263	1e-06
141	1	1541	0.9075908064842224	72.0	1e-06
141	2	1542	0.476775586605072	84.0	1e-06
141	3	1543	0.8022468686103821	80.0	1e-06
141	4	1544	0.7340840697288513	76.0	1e-06
141	5	1545	0.7211778163909912	74.0	1e-06
141	6	1546	0.6099011898040771	80.0	1e-06
141	7	1547	0.5496339201927185	88.0	1e-06
141	8	1548	0.43808355927467346	88.0	1e-06
141	9	1549	0.5459976196289062	80.0	1e-06
141	10	1550	0.8157026767730713	78.0	1e-06
141	11	1551	0.8563465476036072	68.42105263157895	1e-06
142	1	1552	0.6309876441955566	84.0	1e-06
142	2	1553	0.8700172305107117	76.0	1e-06
142	3	1554	1.0044749975204468	78.0	1e-06
142	4	1555	0.5356764793395996	86.0	1e-06
142	5	1556	0.7362256050109863	74.0	1e-06
142	6	1557	0.5238832235336304	86.0	1e-06
142	7	1558	0.3124483525753021	96.0	1e-06
142	8	1559	0.5229731202125549	88.0	1e-06
142	9	1560	0.6906234622001648	80.0	1e-06
142	10	1561	0.7583274841308594	70.0	1e-06
142	11	1562	0.8744224905967712	78.94736842105263	1e-06
143	1	1563	0.3330340087413788	94.0	1e-06
143	2	1564	0.6180561780929565	78.0	1e-06
143	3	1565	0.48589298129081726	86.0	1e-06
143	4	1566	0.6517893075942993	74.0	1e-06
143	5	1567	0.6252071261405945	76.0	1e-06
143	6	1568	0.6601389050483704	78.0	1e-06
143	7	1569	0.5848637819290161	76.0	1e-06
143	8	1570	0.6199946403503418	84.0	1e-06
143	9	1571	0.5368800163269043	90.0	1e-06
143	10	1572	0.5050685405731201	84.0	1e-06
143	11	1573	0.6559102535247803	84.21052631578948	1e-06
144	1	1574	0.36584222316741943	90.0	1e-06
144	2	1575	0.6390188932418823	74.0	1e-06
144	3	1576	0.6069233417510986	80.0	1e-06
144	4	1577	0.7182993292808533	80.0	1e-06
144	5	1578	0.4968124032020569	84.0	1e-06
144	6	1579	0.31827670335769653	94.0	1e-06
144	7	1580	0.4333977997303009	86.0	1e-06
144	8	1581	0.692177414894104	80.0	1e-06
144	9	1582	0.7137107253074646	82.0	1e-06
144	10	1583	0.6440415978431702	86.0	1e-06
144	11	1584	1.1313127279281616	57.89473684210526	1e-06
145	1	1585	0.6889777183532715	86.0	1e-06
145	2	1586	0.585441529750824	76.0	1e-06
145	3	1587	0.6227852702140808	80.0	1e-06
145	4	1588	0.46192002296447754	86.0	1e-06
145	5	1589	0.733225405216217	78.0	1e-06
145	6	1590	0.5445927977561951	80.0	1e-06
145	7	1591	0.6686623096466064	82.0	1e-06
145	8	1592	0.712166428565979	78.0	1e-06
145	9	1593	0.44435805082321167	78.0	1e-06
145	10	1594	0.7230534553527832	78.0	1e-06
145	11	1595	1.186352252960205	68.42105263157895	1e-06
146	1	1596	0.6228876709938049	84.0	1e-06
146	2	1597	0.4451953172683716	92.0	1e-06
146	3	1598	0.9730086326599121	72.0	1e-06
146	4	1599	0.5380616188049316	84.0	1e-06
146	5	1600	0.7683249115943909	74.0	1e-06
146	6	1601	0.4240019917488098	84.0	1e-06
146	7	1602	0.5392742156982422	80.0	1e-06
146	8	1603	0.6489081382751465	76.0	1e-06
146	9	1604	0.5435107350349426	82.0	1e-06
146	10	1605	0.8709152340888977	74.0	1e-06
146	11	1606	0.5283938050270081	89.47368421052632	1e-06
147	1	1607	0.5037907958030701	84.0	1e-06
147	2	1608	0.5775213241577148	84.0	1e-06
147	3	1609	0.46595481038093567	92.0	1e-06
147	4	1610	0.4630945920944214	86.0	1e-06
147	5	1611	0.4429731070995331	82.0	1e-06
147	6	1612	0.6260702013969421	84.0	1e-06
147	7	1613	0.8152446150779724	74.0	1e-06
147	8	1614	0.47940585017204285	82.0	1e-06
147	9	1615	0.3780582547187805	92.0	1e-06
147	10	1616	0.5430885553359985	82.0	1e-06
147	11	1617	0.8837617635726929	68.42105263157895	1e-06
148	1	1618	0.5883897542953491	90.0	1e-06
148	2	1619	0.9194197058677673	72.0	1e-06
148	3	1620	0.48349571228027344	86.0	1e-06
148	4	1621	0.40850260853767395	88.0	1e-06
148	5	1622	0.36125996708869934	92.0	1e-06
148	6	1623	0.32811930775642395	92.0	1e-06
148	7	1624	0.7699844837188721	78.0	1e-06
148	8	1625	0.47947007417678833	88.0	1e-06
148	9	1626	0.4656643569469452	84.0	1e-06
148	10	1627	0.5143868923187256	88.0	1e-06
148	11	1628	0.47697946429252625	94.73684210526316	1e-06
149	1	1629	0.4977830946445465	88.0	1e-06
149	2	1630	0.4176979959011078	90.0	1e-06
149	3	1631	0.5902504920959473	86.0	1e-06
149	4	1632	0.610123872756958	84.0	1e-06
149	5	1633	0.5232882499694824	86.0	1e-06
149	6	1634	0.9536529779434204	70.0	1e-06
149	7	1635	0.35982033610343933	84.0	1e-06
149	8	1636	0.6692899465560913	80.0	1e-06
149	9	1637	0.4767776131629944	92.0	1e-06
149	10	1638	0.5566040277481079	80.0	1e-06
149	11	1639	1.0204706192016602	73.6842105263158	1e-06
150	1	1640	0.829642653465271	78.0	1e-06
150	2	1641	0.5823158025741577	84.0	1e-06
150	3	1642	0.5406702756881714	80.0	1e-06
150	4	1643	0.5382343530654907	88.0	1e-06
150	5	1644	0.5597199201583862	78.0	1e-06
150	6	1645	0.4825969636440277	88.0	1e-06
150	7	1646	0.9590906500816345	72.0	1e-06
150	8	1647	0.6041763424873352	88.0	1e-06
150	9	1648	0.9589170217514038	74.0	1e-06
150	10	1649	0.5163298845291138	82.0	1e-06
150	11	1650	1.079031229019165	63.1578947368421	1e-06
151	1	1651	0.6334742307662964	78.0	1e-06
151	2	1652	0.4276652932167053	90.0	1e-06
151	3	1653	0.6656825542449951	82.0	1e-06
151	4	1654	0.6218953728675842	80.0	1e-06
151	5	1655	0.9188805222511292	76.0	1e-06
151	6	1656	0.45499104261398315	90.0	1e-06
151	7	1657	0.3693026602268219	94.0	1e-06
151	8	1658	0.6918240189552307	76.0	1e-06
151	9	1659	0.5714501738548279	82.0	1e-06
151	10	1660	0.46640270948410034	86.0	1e-06
151	11	1661	0.5055763721466064	84.21052631578948	1e-06
152	1	1662	1.1569689512252808	72.0	1e-06
152	2	1663	0.6564631462097168	80.0	1e-06
152	3	1664	0.6111740469932556	78.0	1e-06
152	4	1665	0.5119137167930603	84.0	1e-06
152	5	1666	0.7008933424949646	78.0	1e-06
152	6	1667	0.34342142939567566	90.0	1e-06
152	7	1668	0.4398333728313446	84.0	1e-06
152	8	1669	0.37265074253082275	90.0	1e-06
152	9	1670	0.4320436120033264	88.0	1e-06
152	10	1671	0.449855238199234	94.0	1e-06
152	11	1672	0.5001155734062195	84.21052631578948	1e-06
153	1	1673	0.48931559920310974	86.0	1e-06
153	2	1674	0.8080810308456421	78.0	1e-06
153	3	1675	0.582394540309906	82.0	1e-06
153	4	1676	0.7983507513999939	80.0	1e-06
153	5	1677	0.5242866277694702	86.0	1e-06
153	6	1678	0.36523810029029846	90.0	1e-06
153	7	1679	0.7995080351829529	78.0	1e-06
153	8	1680	0.7729020118713379	70.0	1e-06
153	9	1681	0.30880364775657654	94.0	1e-06
153	10	1682	0.5593410730361938	80.0	1e-06
153	11	1683	0.945194661617279	78.94736842105263	1e-06
154	1	1684	0.5897289514541626	80.0	1e-06
154	2	1685	0.5094420313835144	82.0	1e-06
154	3	1686	0.3782990276813507	86.0	1e-06
154	4	1687	1.0970138311386108	76.0	1e-06
154	5	1688	0.3947473466396332	92.0	1e-06
154	6	1689	0.8353871703147888	74.0	1e-06
154	7	1690	0.6083487868309021	78.0	1e-06
154	8	1691	0.35839709639549255	88.0	1e-06
154	9	1692	0.3271116316318512	90.0	1e-06
154	10	1693	0.5708943009376526	86.0	1e-06
154	11	1694	0.3662836253643036	94.73684210526316	1e-06
155	1	1695	0.5185098052024841	90.0	1e-06
155	2	1696	0.5287827849388123	86.0	1e-06
155	3	1697	0.47404342889785767	86.0	1e-06
155	4	1698	0.35601189732551575	90.0	1e-06
155	5	1699	0.6059778332710266	84.0	1e-06
155	6	1700	0.38918736577033997	90.0	1e-06
155	7	1701	0.5669848322868347	78.0	1e-06
155	8	1702	0.37210196256637573	90.0	1e-06
155	9	1703	0.516189455986023	82.0	1e-06
155	10	1704	0.5302767753601074	82.0	1e-06
155	11	1705	1.1375702619552612	68.42105263157895	1e-06
156	1	1706	0.5589000582695007	88.0	1e-06
156	2	1707	0.6821225881576538	82.0	1e-06
156	3	1708	0.4854831397533417	88.0	1e-06
156	4	1709	0.47924479842185974	88.0	1e-06
156	5	1710	0.3714294731616974	92.0	1e-06
156	6	1711	0.5256257057189941	80.0	1e-06
156	7	1712	0.4404699206352234	84.0	1e-06
156	8	1713	0.6696022152900696	82.0	1e-06
156	9	1714	0.7376835346221924	84.0	1e-06
156	10	1715	0.47591373324394226	88.0	1e-06
156	11	1716	0.5584169626235962	89.47368421052632	1e-06
157	1	1717	0.6626203656196594	82.0	1e-06
157	2	1718	0.7016908526420593	76.0	1e-06
157	3	1719	0.7138391137123108	74.0	1e-06
157	4	1720	0.563453733921051	82.0	1e-06
157	5	1721	0.4176618158817291	90.0	1e-06
157	6	1722	0.7016248106956482	82.0	1e-06
157	7	1723	0.6109529733657837	80.0	1e-06
157	8	1724	0.3584443926811218	90.0	1e-06
157	9	1725	0.6575292944908142	80.0	1e-06
157	10	1726	0.42044949531555176	84.0	1e-06
157	11	1727	0.8934893608093262	78.94736842105263	1e-06
158	1	1728	0.5337457060813904	82.0	1e-06
158	2	1729	0.6289727687835693	78.0	1e-06
158	3	1730	0.532214879989624	86.0	1e-06
158	4	1731	0.472061425447464	88.0	1e-06
158	5	1732	0.3623139560222626	90.0	1e-06
158	6	1733	0.5260075330734253	78.0	1e-06
158	7	1734	0.4642143249511719	88.0	1e-06
158	8	1735	0.7695512175559998	80.0	1e-06
158	9	1736	0.848771870136261	74.0	1e-06
158	10	1737	0.7499508857727051	80.0	1e-06
158	11	1738	0.43701863288879395	89.47368421052632	1e-06
159	1	1739	0.5931510925292969	80.0	1e-06
159	2	1740	0.8235766887664795	74.0	1e-06
159	3	1741	0.5603123307228088	86.0	1e-06
159	4	1742	0.4755631983280182	84.0	1e-06
159	5	1743	0.27087637782096863	92.0	1e-06
159	6	1744	0.525007426738739	84.0	1e-06
159	7	1745	0.6898411512374878	78.0	1e-06
159	8	1746	0.673696756362915	84.0	1e-06
159	9	1747	0.8091360330581665	72.0	1e-06
159	10	1748	0.6791318655014038	78.0	1e-06
159	11	1749	0.28024840354919434	89.47368421052632	1e-06
160	1	1750	0.45506736636161804	88.0	1e-06
160	2	1751	0.4728737771511078	88.0	1e-06
160	3	1752	0.5135437250137329	90.0	1e-06
160	4	1753	0.3650096654891968	94.0	1e-06
160	5	1754	0.42011940479278564	86.0	1e-06
160	6	1755	0.8030882477760315	78.0	1e-06
160	7	1756	0.5219222903251648	78.0	1e-06
160	8	1757	0.3964342474937439	90.0	1e-06
160	9	1758	0.34294718503952026	92.0	1e-06
160	10	1759	0.3737794756889343	90.0	1e-06
160	11	1760	0.6714885830879211	73.6842105263158	1e-06
161	1	1761	0.5054839849472046	84.0	1e-06
161	2	1762	0.6950816512107849	84.0	1e-06
161	3	1763	0.2838513255119324	94.0	1e-06
161	4	1764	0.5337868332862854	90.0	1e-06
161	5	1765	0.6829902529716492	78.0	1e-06
161	6	1766	0.32954224944114685	90.0	1e-06
161	7	1767	0.5172075033187866	84.0	1e-06
161	8	1768	0.5494479537010193	82.0	1e-06
161	9	1769	0.33590438961982727	86.0	1e-06
161	10	1770	0.6166917681694031	80.0	1e-06
161	11	1771	0.6442506909370422	78.94736842105263	1e-06
162	1	1772	0.6420692205429077	78.0	1e-06
162	2	1773	0.6487538814544678	78.0	1e-06
162	3	1774	0.46943211555480957	84.0	1e-06
162	4	1775	0.5084010362625122	88.0	1e-06
162	5	1776	0.41051650047302246	88.0	1e-06
162	6	1777	0.5972282290458679	86.0	1e-06
162	7	1778	0.7785704135894775	78.0	1e-06
162	8	1779	0.43623703718185425	92.0	1e-06
162	9	1780	0.33594468235969543	88.0	1e-06
162	10	1781	0.5893002152442932	84.0	1e-06
162	11	1782	0.5590174794197083	78.94736842105263	1e-06
163	1	1783	0.5711711645126343	84.0	1e-06
163	2	1784	0.31920623779296875	90.0	1e-06
163	3	1785	0.42183899879455566	92.0	1e-06
163	4	1786	0.4514033794403076	86.0	1e-06
163	5	1787	0.4989543557167053	88.0	1e-06
163	6	1788	0.4975900650024414	82.0	1e-06
163	7	1789	0.3124026358127594	90.0	1e-06
163	8	1790	0.8850846886634827	74.0	1e-06
163	9	1791	0.6006853580474854	88.0	1e-06
163	10	1792	0.5407068729400635	88.0	1e-06
163	11	1793	0.9252812266349792	73.6842105263158	1e-06
164	1	1794	0.34604254364967346	88.0	1e-06
164	2	1795	0.5922359228134155	80.0	1e-06
164	3	1796	0.40184372663497925	90.0	1e-06
164	4	1797	0.5309314131736755	78.0	1e-06
164	5	1798	0.47813907265663147	86.0	1e-06
164	6	1799	0.41368597745895386	88.0	1e-06
164	7	1800	0.5642846822738647	78.0	1e-06
164	8	1801	0.8037592172622681	68.0	1e-06
164	9	1802	0.35477784276008606	90.0	1e-06
164	10	1803	0.23540709912776947	96.0	1e-06
164	11	1804	0.29037153720855713	89.47368421052632	1e-06
165	1	1805	0.5711342096328735	84.0	1e-06
165	2	1806	0.5183141827583313	82.0	1e-06
165	3	1807	0.5303905606269836	86.0	1e-06
165	4	1808	0.5559518337249756	78.0	1e-06
165	5	1809	0.5736351013183594	80.0	1e-06
165	6	1810	0.5254670977592468	82.0	1e-06
165	7	1811	0.6436126828193665	84.0	1e-06
165	8	1812	0.7044650316238403	80.0	1e-06
165	9	1813	0.4102843403816223	86.0	1e-06
165	10	1814	0.3809836208820343	88.0	1e-06
165	11	1815	0.426860511302948	94.73684210526316	1e-06
166	1	1816	0.804287850856781	78.0	1e-06
166	2	1817	0.47840461134910583	86.0	1e-06
166	3	1818	0.42477139830589294	92.0	1e-06
166	4	1819	0.7553157210350037	76.0	1e-06
166	5	1820	0.2917177677154541	90.0	1e-06
166	6	1821	0.5429403185844421	86.0	1e-06
166	7	1822	0.629795491695404	80.0	1e-06
166	8	1823	0.8083102703094482	82.0	1e-06
166	9	1824	0.5830958485603333	82.0	1e-06
166	10	1825	0.4169628918170929	88.0	1e-06
166	11	1826	0.373201847076416	94.73684210526316	1e-06
167	1	1827	0.3687117099761963	88.0	1e-06
167	2	1828	0.5506691336631775	84.0	1e-06
167	3	1829	0.47457990050315857	88.0	1e-06
167	4	1830	0.37023887038230896	90.0	1e-06
167	5	1831	0.5313618183135986	84.0	1e-06
167	6	1832	0.3303862512111664	90.0	1e-06
167	7	1833	0.8006837368011475	70.0	1e-06
167	8	1834	0.5662694573402405	84.0	1e-06
167	9	1835	0.748782753944397	80.0	1e-06
167	10	1836	0.46309077739715576	86.0	1e-06
167	11	1837	1.0519782304763794	63.1578947368421	1e-06
168	1	1838	0.35114577412605286	90.0	1e-06
168	2	1839	0.38282284140586853	86.0	1e-06
168	3	1840	0.5785710215568542	82.0	1e-06
168	4	1841	0.41307684779167175	88.0	1e-06
168	5	1842	0.5317208766937256	88.0	1e-06
168	6	1843	0.4539753794670105	88.0	1e-06
168	7	1844	0.526552677154541	80.0	1e-06
168	8	1845	0.6458361148834229	82.0	1e-06
168	9	1846	0.7088755965232849	74.0	1e-06
168	10	1847	0.5350480079650879	82.0	1e-06
168	11	1848	0.6984642744064331	78.94736842105263	1e-06
169	1	1849	0.45723724365234375	84.0	1e-06
169	2	1850	0.8067321181297302	74.0	1e-06
169	3	1851	0.6096066236495972	76.0	1e-06
169	4	1852	0.5901625156402588	82.0	1e-06
169	5	1853	0.5265211462974548	86.0	1e-06
169	6	1854	0.49481669068336487	84.0	1e-06
169	7	1855	0.4615079462528229	92.0	1e-06
169	8	1856	0.3844287097454071	86.0	1e-06
169	9	1857	0.4709220826625824	88.0	1e-06
169	10	1858	0.42801979184150696	92.0	1e-06
169	11	1859	1.060371994972229	78.94736842105263	1e-06
170	1	1860	0.3002299964427948	88.0	1e-06
170	2	1861	0.762603223323822	78.0	1e-06
170	3	1862	0.46815335750579834	88.0	1e-06
170	4	1863	0.5328047275543213	84.0	1e-06
170	5	1864	0.5082998871803284	84.0	1e-06
170	6	1865	0.6214747428894043	84.0	1e-06
170	7	1866	0.5391032695770264	86.0	1e-06
170	8	1867	0.4551398456096649	84.0	1e-06
170	9	1868	0.6148108839988708	80.0	1e-06
170	10	1869	0.6370799541473389	76.0	1e-06
170	11	1870	0.4323618412017822	84.21052631578948	1e-06
171	1	1871	1.037865161895752	68.0	1e-06
171	2	1872	0.39512479305267334	90.0	1e-06
171	3	1873	0.5351547002792358	82.0	1e-06
171	4	1874	0.43988457322120667	88.0	1e-06
171	5	1875	0.32772353291511536	92.0	1e-06
171	6	1876	0.473008394241333	88.0	1e-06
171	7	1877	0.548537015914917	84.0	1e-06
171	8	1878	0.458393931388855	86.0	1e-06
171	9	1879	0.38088542222976685	94.0	1e-06
171	10	1880	0.49549075961112976	90.0	1e-06
171	11	1881	0.38236308097839355	89.47368421052632	1e-06
172	1	1882	0.5448972582817078	86.0	1e-06
172	2	1883	0.28851523995399475	88.0	1e-06
172	3	1884	0.7197941541671753	80.0	1e-06
172	4	1885	0.578204870223999	78.0	1e-06
172	5	1886	0.34254929423332214	88.0	1e-06
172	6	1887	0.47083497047424316	86.0	1e-06
172	7	1888	0.5858836770057678	86.0	1e-06
172	8	1889	0.45912453532218933	84.0	1e-06
172	9	1890	0.6422203183174133	86.0	1e-06
172	10	1891	0.551349937915802	84.0	1e-06
172	11	1892	0.7229297161102295	84.21052631578948	1e-06
173	1	1893	0.6525005102157593	84.0	1e-06
173	2	1894	0.3391350209712982	92.0	1e-06
173	3	1895	0.5064119100570679	86.0	1e-06
173	4	1896	0.8549485802650452	68.0	1e-06
173	5	1897	0.6215340495109558	80.0	1e-06
173	6	1898	0.33611994981765747	94.0	1e-06
173	7	1899	0.454874724149704	86.0	1e-06
173	8	1900	0.33685484528541565	92.0	1e-06
173	9	1901	0.3163089156150818	94.0	1e-06
173	10	1902	0.8150179386138916	82.0	1e-06
173	11	1903	0.7088799476623535	84.21052631578948	1e-06
174	1	1904	0.5316926836967468	82.0	1e-06
174	2	1905	0.6722031235694885	82.0	1e-06
174	3	1906	0.3278883397579193	90.0	1e-06
174	4	1907	0.5839937329292297	84.0	1e-06
174	5	1908	0.3130044639110565	90.0	1e-06
174	6	1909	0.4125991463661194	86.0	1e-06
174	7	1910	0.4713996946811676	84.0	1e-06
174	8	1911	0.49885091185569763	86.0	1e-06
174	9	1912	0.42383769154548645	86.0	1e-06
174	10	1913	0.49476158618927	86.0	1e-06
174	11	1914	0.4019647538661957	89.47368421052632	1e-06
175	1	1915	0.5243403911590576	86.0	1e-06
175	2	1916	0.5040102601051331	80.0	1e-06
175	3	1917	0.4732457995414734	86.0	1e-06
175	4	1918	0.4997592866420746	86.0	1e-06
175	5	1919	0.4284130036830902	88.0	1e-06
175	6	1920	0.4202231168746948	86.0	1e-06
175	7	1921	0.4810091257095337	86.0	1e-06
175	8	1922	0.5633331537246704	82.0	1e-06
175	9	1923	0.5389784574508667	88.0	1e-06
175	10	1924	0.4913381338119507	82.0	1e-06
175	11	1925	0.4267880320549011	84.21052631578948	1e-06
176	1	1926	0.748847246170044	82.0	1e-06
176	2	1927	0.43790000677108765	88.0	1e-06
176	3	1928	0.3062017560005188	92.0	1e-06
176	4	1929	0.5207149982452393	86.0	1e-06
176	5	1930	0.457556813955307	88.0	1e-06
176	6	1931	0.5517697930335999	86.0	1e-06
176	7	1932	0.4882908761501312	84.0	1e-06
176	8	1933	0.6721886992454529	76.0	1e-06
176	9	1934	0.369113564491272	90.0	1e-06
176	10	1935	0.3683755397796631	86.0	1e-06
176	11	1936	0.26274368166923523	100.0	1e-06
177	1	1937	0.6058606505393982	84.0	1e-06
177	2	1938	0.49848783016204834	82.0	1e-06
177	3	1939	0.4655623137950897	86.0	1e-06
177	4	1940	0.42464157938957214	88.0	1e-06
177	5	1941	0.5826818943023682	80.0	1e-06
177	6	1942	0.36192503571510315	90.0	1e-06
177	7	1943	0.496672660112381	88.0	1e-06
177	8	1944	0.5684409737586975	90.0	1e-06
177	9	1945	0.32475775480270386	92.0	1e-06
177	10	1946	0.6262305974960327	80.0	1e-06
177	11	1947	1.178893804550171	63.1578947368421	1e-06
178	1	1948	0.4278723895549774	84.0	1e-06
178	2	1949	0.24181325733661652	92.0	1e-06
178	3	1950	0.6170009970664978	84.0	1e-06
178	4	1951	0.3207407295703888	94.0	1e-06
178	5	1952	0.4795672595500946	88.0	1e-06
178	6	1953	0.439054936170578	84.0	1e-06
178	7	1954	0.4180712103843689	90.0	1e-06
178	8	1955	0.4288252592086792	84.0	1e-06
178	9	1956	0.45339205861091614	90.0	1e-06
178	10	1957	0.7967051863670349	74.0	1e-06
178	11	1958	1.3063443899154663	52.63157894736842	1e-06
179	1	1959	0.6247997879981995	84.0	1e-06
179	2	1960	0.5032407641410828	88.0	1e-06
179	3	1961	0.721484363079071	76.0	1e-06
179	4	1962	0.40857550501823425	88.0	1e-06
179	5	1963	0.38749486207962036	90.0	1e-06
179	6	1964	0.3047972619533539	86.0	1e-06
179	7	1965	0.3742435574531555	86.0	1e-06
179	8	1966	0.4297584593296051	94.0	1e-06
179	9	1967	0.43610161542892456	90.0	1e-06
179	10	1968	0.5949224829673767	88.0	1e-06
179	11	1969	0.3819250166416168	78.94736842105263	1e-06
180	1	1970	0.36922991275787354	88.0	1e-06
180	2	1971	0.5406590104103088	80.0	1e-06
180	3	1972	0.43284285068511963	86.0	1e-06
180	4	1973	0.4905669391155243	92.0	1e-06
180	5	1974	0.3388463854789734	94.0	1e-06
180	6	1975	0.3138425946235657	94.0	1e-06
180	7	1976	0.25727570056915283	96.0	1e-06
180	8	1977	0.31867220997810364	90.0	1e-06
180	9	1978	0.5080464482307434	84.0	1e-06
180	10	1979	0.5087931752204895	84.0	1e-06
180	11	1980	0.4143277108669281	89.47368421052632	1e-06
181	1	1981	0.4857725501060486	90.0	1e-06
181	2	1982	0.6466396450996399	80.0	1e-06
181	3	1983	0.4209718406200409	88.0	1e-06
181	4	1984	0.5937756299972534	82.0	1e-06
181	5	1985	0.49959197640419006	90.0	1e-06
181	6	1986	0.5066895484924316	84.0	1e-06
181	7	1987	0.6892443299293518	78.0	1e-06
181	8	1988	0.49089759588241577	84.0	1e-06
181	9	1989	0.3484538793563843	90.0	1e-06
181	10	1990	0.44662246108055115	86.0	1e-06
181	11	1991	0.4748227000236511	84.21052631578948	1e-06
182	1	1992	0.771773099899292	78.0	1e-06
182	2	1993	0.6732117533683777	72.0	1e-06
182	3	1994	0.5004620552062988	88.0	1e-06
182	4	1995	0.41997581720352173	90.0	1e-06
182	5	1996	0.477256178855896	78.0	1e-06
182	6	1997	0.48292291164398193	84.0	1e-06
182	7	1998	0.5481314659118652	82.0	1e-06
182	8	1999	0.40833404660224915	94.0	1e-06
182	9	2000	0.47821560502052307	86.0	1e-06
182	10	2001	0.513905942440033	80.0	1e-06
182	11	2002	1.1013485193252563	68.42105263157895	1e-06
183	1	2003	0.5736188888549805	74.0	1e-06
183	2	2004	0.4341321587562561	84.0	1e-06
183	3	2005	0.4551331698894501	92.0	1e-06
183	4	2006	0.3551712930202484	90.0	1e-06
183	5	2007	0.41022154688835144	90.0	1e-06
183	6	2008	0.6685595512390137	76.0	1e-06
183	7	2009	0.4704531133174896	84.0	1e-06
183	8	2010	0.6056695580482483	84.0	1e-06
183	9	2011	0.32629677653312683	90.0	1e-06
183	10	2012	0.47897011041641235	82.0	1e-06
183	11	2013	0.31178152561187744	94.73684210526316	1e-06
184	1	2014	0.314334511756897	90.0	1e-06
184	2	2015	0.6293849349021912	80.0	1e-06
184	3	2016	0.37519440054893494	90.0	1e-06
184	4	2017	0.3306344747543335	92.0	1e-06
184	5	2018	0.41630685329437256	86.0	1e-06
184	6	2019	0.44081050157546997	88.0	1e-06
184	7	2020	0.4287450909614563	88.0	1e-06
184	8	2021	0.5906870365142822	80.0	1e-06
184	9	2022	0.5584213137626648	86.0	1e-06
184	10	2023	0.5994341969490051	82.0	1e-06
184	11	2024	0.40681082010269165	89.47368421052632	1e-06
185	1	2025	0.4369798004627228	82.0	1e-06
185	2	2026	0.47039473056793213	86.0	1e-06
185	3	2027	0.49973341822624207	80.0	1e-06
185	4	2028	0.25564563274383545	94.0	1e-06
185	5	2029	0.8308086395263672	82.0	1e-06
185	6	2030	0.33154696226119995	88.0	1e-06
185	7	2031	0.35171905159950256	92.0	1e-06
185	8	2032	0.3825799822807312	92.0	1e-06
185	9	2033	0.41434845328330994	86.0	1e-06
185	10	2034	0.33998164534568787	88.0	1e-06
185	11	2035	0.42526426911354065	84.21052631578948	1e-06
186	1	2036	0.3018749952316284	90.0	1e-06
186	2	2037	0.2778090834617615	92.0	1e-06
186	3	2038	0.28487449884414673	92.0	1e-06
186	4	2039	0.2607201635837555	92.0	1e-06
186	5	2040	0.46184685826301575	84.0	1e-06
186	6	2041	0.503739058971405	82.0	1e-06
186	7	2042	0.3041985034942627	90.0	1e-06
186	8	2043	0.33895012736320496	88.0	1e-06
186	9	2044	0.7024444341659546	76.0	1e-06
186	10	2045	0.599906861782074	78.0	1e-06
186	11	2046	0.20467133820056915	94.73684210526316	1e-06
187	1	2047	0.5608112215995789	78.0	1e-06
187	2	2048	0.353545606136322	94.0	1e-06
187	3	2049	0.4169650971889496	88.0	1e-06
187	4	2050	0.3927876353263855	92.0	1e-06
187	5	2051	0.48963215947151184	88.0	1e-06
187	6	2052	0.5153101086616516	82.0	1e-06
187	7	2053	0.4374053180217743	84.0	1e-06
187	8	2054	0.3935023546218872	86.0	1e-06
187	9	2055	0.3332149088382721	92.0	1e-06
187	10	2056	0.3113177418708801	90.0	1e-06
187	11	2057	0.2439843714237213	89.47368421052632	1e-06
188	1	2058	0.607893705368042	80.0	1e-06
188	2	2059	0.34571707248687744	90.0	1e-06
188	3	2060	0.41049742698669434	84.0	1e-06
188	4	2061	0.4238324761390686	88.0	1e-06
188	5	2062	0.6622584462165833	82.0	1e-06
188	6	2063	0.5169206261634827	84.0	1e-06
188	7	2064	0.3299296498298645	88.0	1e-06
188	8	2065	0.24888762831687927	94.0	1e-06
188	9	2066	0.26749980449676514	98.0	1e-06
188	10	2067	0.40869927406311035	86.0	1e-06
188	11	2068	0.3157179653644562	89.47368421052632	1e-06
189	1	2069	0.2800177335739136	96.0	1e-06
189	2	2070	0.3587478995323181	90.0	1e-06
189	3	2071	0.2828197479248047	96.0	1e-06
189	4	2072	0.4792369604110718	86.0	1e-06
189	5	2073	0.37538543343544006	90.0	1e-06
189	6	2074	0.5206712484359741	80.0	1e-06
189	7	2075	0.5775505900382996	84.0	1e-06
189	8	2076	0.5216960906982422	86.0	1e-06
189	9	2077	0.493897408246994	84.0	1e-06
189	10	2078	0.5025508999824524	90.0	1e-06
189	11	2079	0.44595998525619507	89.47368421052632	1e-06
190	1	2080	0.4229356348514557	88.0	1e-06
190	2	2081	0.250343918800354	92.0	1e-06
190	3	2082	0.4932491183280945	82.0	1e-06
190	4	2083	0.6811941266059875	78.0	1e-06
190	5	2084	0.19717024266719818	92.0	1e-06
190	6	2085	0.6567957401275635	78.0	1e-06
190	7	2086	0.3932594656944275	88.0	1e-06
190	8	2087	0.2603953182697296	96.0	1e-06
190	9	2088	0.38532888889312744	82.0	1e-06
190	10	2089	0.31187039613723755	90.0	1e-06
190	11	2090	1.1656384468078613	63.1578947368421	1e-06
191	1	2091	0.3280947804450989	92.0	1e-06
191	2	2092	0.5053451061248779	74.0	1e-06
191	3	2093	0.6275977492332458	76.0	1e-06
191	4	2094	0.5957379341125488	78.0	1e-06
191	5	2095	0.42149031162261963	88.0	1e-06
191	6	2096	0.591464102268219	78.0	1e-06
191	7	2097	0.4109207093715668	88.0	1e-06
191	8	2098	0.5135019421577454	86.0	1e-06
191	9	2099	0.5240934491157532	86.0	1e-06
191	10	2100	0.30161234736442566	92.0	1e-06
191	11	2101	0.7319737672805786	78.94736842105263	1e-06
192	1	2102	0.21832042932510376	94.0	1e-06
192	2	2103	0.7381590008735657	82.0	1e-06
192	3	2104	0.43065956234931946	88.0	1e-06
192	4	2105	0.30877551436424255	96.0	1e-06
192	5	2106	0.3494105041027069	88.0	1e-06
192	6	2107	0.5652430057525635	82.0	1e-06
192	7	2108	0.29407835006713867	90.0	1e-06
192	8	2109	0.45653411746025085	88.0	1e-06
192	9	2110	0.5443103909492493	78.0	1e-06
192	10	2111	0.2418283075094223	94.0	1e-06
192	11	2112	0.4999215006828308	84.21052631578948	1e-06
193	1	2113	0.3434787690639496	92.0	1e-06
193	2	2114	0.5038520693778992	84.0	1e-06
193	3	2115	0.37913456559181213	90.0	1e-06
193	4	2116	0.37780749797821045	88.0	1e-06
193	5	2117	0.4665605127811432	86.0	1e-06
193	6	2118	0.2960544228553772	86.0	1e-06
193	7	2119	0.5628217458724976	84.0	1e-06
193	8	2120	0.3561403751373291	88.0	1e-06
193	9	2121	0.5753834843635559	80.0	1e-06
193	10	2122	0.3055705726146698	94.0	1e-06
193	11	2123	0.2354457527399063	94.73684210526316	1e-06
194	1	2124	0.4198176860809326	90.0	1e-06
194	2	2125	0.4394114017486572	86.0	1e-06
194	3	2126	0.5962883234024048	82.0	1e-06
194	4	2127	0.8575149774551392	80.0	1e-06
194	5	2128	0.1980665922164917	98.0	1e-06
194	6	2129	0.41584154963493347	88.0	1e-06
194	7	2130	0.3692845106124878	86.0	1e-06
194	8	2131	0.466614305973053	90.0	1e-06
194	9	2132	0.5118749737739563	80.0	1e-06
194	10	2133	0.38877761363983154	86.0	1e-06
194	11	2134	0.16107413172721863	100.0	1e-06
195	1	2135	0.346262127161026	90.0	1e-06
195	2	2136	0.30219587683677673	92.0	1e-06
195	3	2137	0.4123999774456024	92.0	1e-06
195	4	2138	0.7080427408218384	76.0	1e-06
195	5	2139	0.5043892860412598	86.0	1e-06
195	6	2140	0.25819090008735657	92.0	1e-06
195	7	2141	0.24090921878814697	90.0	1e-06
195	8	2142	0.36625102162361145	86.0	1e-06
195	9	2143	0.39027050137519836	92.0	1e-06
195	10	2144	0.46680325269699097	88.0	1e-06
195	11	2145	0.8511682748794556	73.6842105263158	1e-06
