epoch	batch	iter	loss	acc	lr
41	1	2121	1.7968668937683105	42.0	1e-06
41	2	2122	1.4810295104980469	44.0	1e-06
41	3	2123	1.707792043685913	42.0	1e-06
41	4	2124	1.956670880317688	42.0	1e-06
41	5	2125	1.474272608757019	54.0	1e-06
41	6	2126	1.556854248046875	48.0	1e-06
41	7	2127	1.8440501689910889	44.0	1e-06
41	8	2128	1.5211553573608398	46.0	1e-06
41	9	2129	1.6974868774414062	32.0	1e-06
41	10	2130	1.728661298751831	34.0	1e-06
41	11	2131	1.8465272188186646	38.0	1e-06
41	12	2132	1.6130787134170532	44.0	1e-06
41	13	2133	1.8772472143173218	32.0	1e-06
41	14	2134	1.6211339235305786	44.0	1e-06
41	15	2135	1.6872732639312744	42.0	1e-06
41	16	2136	1.695565938949585	42.0	1e-06
41	17	2137	1.7515296936035156	42.0	1e-06
41	18	2138	1.8522800207138062	36.0	1e-06
41	19	2139	2.0961830615997314	22.0	1e-06
41	20	2140	1.5564056634902954	42.0	1e-06
41	21	2141	1.6299693584442139	46.0	1e-06
41	22	2142	1.6059139966964722	52.0	1e-06
41	23	2143	1.7679126262664795	38.0	1e-06
41	24	2144	1.6256434917449951	48.0	1e-06
41	25	2145	1.4742927551269531	46.0	1e-06
41	26	2146	1.5246129035949707	46.0	1e-06
41	27	2147	1.7397891283035278	42.0	1e-06
41	28	2148	1.7760511636734009	46.0	1e-06
41	29	2149	1.5358961820602417	50.0	1e-06
41	30	2150	1.635774850845337	40.0	1e-06
41	31	2151	1.9350134134292603	36.0	1e-06
41	32	2152	1.8372746706008911	44.0	1e-06
41	33	2153	1.4753799438476562	54.0	1e-06
41	34	2154	1.9118276834487915	46.0	1e-06
41	35	2155	2.007877826690674	46.0	1e-06
41	36	2156	1.958146095275879	44.0	1e-06
41	37	2157	1.7127876281738281	46.0	1e-06
41	38	2158	1.6570760011672974	36.0	1e-06
41	39	2159	1.5726393461227417	50.0	1e-06
41	40	2160	1.8452346324920654	40.0	1e-06
41	41	2161	1.5086675882339478	50.0	1e-06
41	42	2162	1.6291344165802002	50.0	1e-06
41	43	2163	2.034806728363037	32.0	1e-06
41	44	2164	1.4722284078598022	46.0	1e-06
41	45	2165	2.0341756343841553	38.0	1e-06
41	46	2166	1.529157280921936	48.0	1e-06
41	47	2167	1.697567343711853	48.0	1e-06
41	48	2168	1.3162510395050049	58.0	1e-06
41	49	2169	1.5426973104476929	44.0	1e-06
41	50	2170	1.6704462766647339	42.0	1e-06
41	51	2171	1.7167173624038696	30.0	1e-06
41	52	2172	1.9554599523544312	32.0	1e-06
41	53	2173	1.4272747039794922	51.42857142857143	1e-06
42	1	2174	1.460365653038025	48.0	1e-06
42	2	2175	1.3208552598953247	54.0	1e-06
42	3	2176	1.507232666015625	50.0	1e-06
42	4	2177	1.7475883960723877	32.0	1e-06
42	5	2178	1.4880375862121582	44.0	1e-06
42	6	2179	1.4855488538742065	46.0	1e-06
42	7	2180	1.7386822700500488	30.0	1e-06
42	8	2181	1.638891339302063	56.0	1e-06
42	9	2182	1.3409130573272705	52.0	1e-06
42	10	2183	1.849924921989441	44.0	1e-06
42	11	2184	1.832018256187439	30.0	1e-06
42	12	2185	1.9096934795379639	34.0	1e-06
42	13	2186	1.5753076076507568	50.0	1e-06
42	14	2187	1.5310349464416504	40.0	1e-06
42	15	2188	1.651824951171875	34.0	1e-06
42	16	2189	1.6996374130249023	44.0	1e-06
42	17	2190	1.9472973346710205	34.0	1e-06
42	18	2191	1.557733416557312	32.0	1e-06
42	19	2192	1.367926836013794	58.0	1e-06
42	20	2193	1.830143928527832	32.0	1e-06
42	21	2194	1.4883078336715698	46.0	1e-06
42	22	2195	1.6400467157363892	40.0	1e-06
42	23	2196	1.6622854471206665	38.0	1e-06
42	24	2197	1.7795779705047607	42.0	1e-06
42	25	2198	1.336652398109436	54.0	1e-06
42	26	2199	1.7842005491256714	34.0	1e-06
42	27	2200	1.4117343425750732	58.0	1e-06
42	28	2201	1.6541833877563477	44.0	1e-06
42	29	2202	1.7592016458511353	34.0	1e-06
42	30	2203	1.7595710754394531	40.0	1e-06
42	31	2204	1.3201353549957275	52.0	1e-06
42	32	2205	1.6677953004837036	32.0	1e-06
42	33	2206	1.6664215326309204	38.0	1e-06
42	34	2207	1.9614839553833008	34.0	1e-06
42	35	2208	2.043164014816284	28.0	1e-06
42	36	2209	2.0383126735687256	34.0	1e-06
42	37	2210	1.5144785642623901	40.0	1e-06
42	38	2211	1.599147915840149	30.0	1e-06
42	39	2212	1.940537929534912	32.0	1e-06
42	40	2213	1.710272192955017	40.0	1e-06
42	41	2214	1.6237924098968506	42.0	1e-06
42	42	2215	1.4482009410858154	46.0	1e-06
42	43	2216	1.629733681678772	40.0	1e-06
42	44	2217	1.6332019567489624	52.0	1e-06
42	45	2218	1.6145321130752563	38.0	1e-06
42	46	2219	1.4575281143188477	48.0	1e-06
42	47	2220	1.7890803813934326	44.0	1e-06
42	48	2221	1.7370070219039917	28.0	1e-06
42	49	2222	1.4520318508148193	50.0	1e-06
42	50	2223	1.6484959125518799	42.0	1e-06
42	51	2224	1.5051472187042236	52.0	1e-06
42	52	2225	1.5562548637390137	44.0	1e-06
42	53	2226	1.5036567449569702	51.42857142857143	1e-06
43	1	2227	1.4109855890274048	48.0	1e-06
43	2	2228	1.6232740879058838	40.0	1e-06
43	3	2229	1.564267873764038	48.0	1e-06
43	4	2230	1.6042577028274536	48.0	1e-06
43	5	2231	1.975113868713379	30.0	1e-06
43	6	2232	1.6211769580841064	44.0	1e-06
43	7	2233	1.6355572938919067	38.0	1e-06
43	8	2234	1.6069738864898682	36.0	1e-06
43	9	2235	1.4724977016448975	46.0	1e-06
43	10	2236	1.871109127998352	38.0	1e-06
43	11	2237	1.844334602355957	44.0	1e-06
43	12	2238	1.5927209854125977	38.0	1e-06
43	13	2239	1.5402711629867554	46.0	1e-06
43	14	2240	1.557303786277771	42.0	1e-06
43	15	2241	1.6720187664031982	42.0	1e-06
43	16	2242	1.7021745443344116	38.0	1e-06
43	17	2243	1.665429711341858	38.0	1e-06
43	18	2244	1.3179240226745605	48.0	1e-06
43	19	2245	1.9357082843780518	32.0	1e-06
43	20	2246	1.5684148073196411	46.0	1e-06
43	21	2247	1.4331862926483154	48.0	1e-06
43	22	2248	1.553898811340332	46.0	1e-06
43	23	2249	1.3969286680221558	42.0	1e-06
43	24	2250	1.6562631130218506	42.0	1e-06
43	25	2251	1.441365361213684	50.0	1e-06
43	26	2252	1.639398455619812	48.0	1e-06
43	27	2253	1.673647165298462	44.0	1e-06
43	28	2254	1.4057666063308716	52.0	1e-06
43	29	2255	1.6626173257827759	40.0	1e-06
43	30	2256	1.6159480810165405	48.0	1e-06
43	31	2257	1.8159959316253662	38.0	1e-06
43	32	2258	1.7414371967315674	42.0	1e-06
43	33	2259	2.013096332550049	36.0	1e-06
43	34	2260	1.6058017015457153	38.0	1e-06
43	35	2261	1.539815068244934	50.0	1e-06
43	36	2262	1.6369625329971313	36.0	1e-06
43	37	2263	1.5538249015808105	46.0	1e-06
43	38	2264	1.7178432941436768	40.0	1e-06
43	39	2265	1.355729341506958	54.0	1e-06
43	40	2266	1.4233909845352173	52.0	1e-06
43	41	2267	1.5728325843811035	46.0	1e-06
43	42	2268	1.7135822772979736	36.0	1e-06
43	43	2269	1.624472975730896	40.0	1e-06
43	44	2270	1.6363235712051392	50.0	1e-06
43	45	2271	1.5894588232040405	50.0	1e-06
43	46	2272	1.6908398866653442	48.0	1e-06
43	47	2273	1.5648900270462036	48.0	1e-06
43	48	2274	1.6090131998062134	44.0	1e-06
43	49	2275	1.6661040782928467	34.0	1e-06
43	50	2276	1.3057661056518555	50.0	1e-06
43	51	2277	1.553797721862793	50.0	1e-06
43	52	2278	1.8448411226272583	40.0	1e-06
43	53	2279	2.000667095184326	45.714285714285715	1e-06
44	1	2280	1.6338750123977661	50.0	1e-06
44	2	2281	1.8097349405288696	46.0	1e-06
44	3	2282	1.7111482620239258	44.0	1e-06
44	4	2283	1.6340113878250122	48.0	1e-06
44	5	2284	1.7586392164230347	44.0	1e-06
44	6	2285	1.70708429813385	38.0	1e-06
44	7	2286	2.1279850006103516	32.0	1e-06
44	8	2287	1.4227725267410278	50.0	1e-06
44	9	2288	1.5570018291473389	44.0	1e-06
44	10	2289	1.4894887208938599	48.0	1e-06
44	11	2290	1.7234289646148682	38.0	1e-06
44	12	2291	1.242271900177002	56.0	1e-06
44	13	2292	1.699546456336975	44.0	1e-06
44	14	2293	1.8268126249313354	42.0	1e-06
44	15	2294	1.8872169256210327	38.0	1e-06
44	16	2295	2.047072172164917	36.0	1e-06
44	17	2296	1.4802180528640747	48.0	1e-06
44	18	2297	1.6249189376831055	42.0	1e-06
44	19	2298	1.2657051086425781	54.0	1e-06
44	20	2299	1.3347296714782715	60.0	1e-06
44	21	2300	1.6077852249145508	36.0	1e-06
44	22	2301	1.7366383075714111	44.0	1e-06
44	23	2302	1.6129816770553589	40.0	1e-06
44	24	2303	1.4217709302902222	50.0	1e-06
44	25	2304	1.5643812417984009	48.0	1e-06
44	26	2305	1.723300576210022	32.0	1e-06
44	27	2306	1.7396763563156128	34.0	1e-06
44	28	2307	1.7273881435394287	50.0	1e-06
44	29	2308	2.218754291534424	34.0	1e-06
44	30	2309	1.465657353401184	44.0	1e-06
44	31	2310	1.829035997390747	32.0	1e-06
44	32	2311	1.9118537902832031	40.0	1e-06
44	33	2312	1.5880482196807861	44.0	1e-06
44	34	2313	1.4167587757110596	40.0	1e-06
44	35	2314	1.8244541883468628	38.0	1e-06
44	36	2315	1.5033799409866333	42.0	1e-06
44	37	2316	1.6680302619934082	34.0	1e-06
44	38	2317	1.5273089408874512	42.0	1e-06
44	39	2318	1.4327569007873535	56.0	1e-06
44	40	2319	1.6742331981658936	38.0	1e-06
44	41	2320	1.5452810525894165	52.0	1e-06
44	42	2321	2.256640672683716	30.0	1e-06
44	43	2322	1.602451205253601	42.0	1e-06
44	44	2323	1.669528603553772	42.0	1e-06
44	45	2324	1.4088314771652222	54.0	1e-06
44	46	2325	1.5194147825241089	44.0	1e-06
44	47	2326	1.7791340351104736	40.0	1e-06
44	48	2327	1.6018497943878174	36.0	1e-06
44	49	2328	1.8253782987594604	36.0	1e-06
44	50	2329	1.596714735031128	48.0	1e-06
44	51	2330	1.4860966205596924	46.0	1e-06
44	52	2331	1.7449854612350464	42.0	1e-06
44	53	2332	1.8476349115371704	28.571428571428573	1e-06
45	1	2333	1.4753618240356445	46.0	1e-06
45	2	2334	1.5265849828720093	44.0	1e-06
45	3	2335	1.40712571144104	54.0	1e-06
45	4	2336	1.7249891757965088	42.0	1e-06
45	5	2337	1.678635835647583	50.0	1e-06
45	6	2338	1.8677960634231567	36.0	1e-06
45	7	2339	1.9148422479629517	38.0	1e-06
45	8	2340	1.341336727142334	50.0	1e-06
45	9	2341	2.008786201477051	32.0	1e-06
45	10	2342	1.4303536415100098	54.0	1e-06
45	11	2343	1.4210165739059448	48.0	1e-06
45	12	2344	1.7875852584838867	34.0	1e-06
45	13	2345	1.3084020614624023	50.0	1e-06
45	14	2346	1.3077164888381958	60.0	1e-06
45	15	2347	1.4022085666656494	54.0	1e-06
45	16	2348	1.6030291318893433	48.0	1e-06
45	17	2349	2.120609998703003	26.0	1e-06
45	18	2350	1.819873332977295	30.0	1e-06
45	19	2351	1.9240612983703613	38.0	1e-06
45	20	2352	1.7924171686172485	38.0	1e-06
45	21	2353	1.7341939210891724	34.0	1e-06
45	22	2354	1.5344318151474	38.0	1e-06
45	23	2355	1.6700993776321411	42.0	1e-06
45	24	2356	1.6042290925979614	46.0	1e-06
45	25	2357	1.9602293968200684	32.0	1e-06
45	26	2358	1.582950472831726	48.0	1e-06
45	27	2359	1.6893595457077026	44.0	1e-06
45	28	2360	1.519424557685852	40.0	1e-06
45	29	2361	1.3153132200241089	60.0	1e-06
45	30	2362	1.4628376960754395	40.0	1e-06
45	31	2363	1.8069506883621216	28.0	1e-06
45	32	2364	1.3266322612762451	48.0	1e-06
45	33	2365	1.5952579975128174	46.0	1e-06
45	34	2366	1.5333443880081177	46.0	1e-06
45	35	2367	1.3832039833068848	58.0	1e-06
45	36	2368	1.337998867034912	54.0	1e-06
45	37	2369	1.6435728073120117	40.0	1e-06
45	38	2370	1.5188735723495483	44.0	1e-06
45	39	2371	1.6882046461105347	44.0	1e-06
45	40	2372	1.630863070487976	40.0	1e-06
45	41	2373	1.6174530982971191	48.0	1e-06
45	42	2374	1.356155276298523	50.0	1e-06
45	43	2375	1.5550634860992432	46.0	1e-06
45	44	2376	1.387808084487915	54.0	1e-06
45	45	2377	1.5927718877792358	38.0	1e-06
45	46	2378	1.7510305643081665	42.0	1e-06
45	47	2379	1.5885130167007446	46.0	1e-06
45	48	2380	1.760990023612976	44.0	1e-06
45	49	2381	1.6835763454437256	50.0	1e-06
45	50	2382	1.4892100095748901	60.0	1e-06
45	51	2383	1.3749586343765259	48.0	1e-06
45	52	2384	1.8463727235794067	44.0	1e-06
45	53	2385	1.5811136960983276	42.857142857142854	1e-06
46	1	2386	1.48795485496521	40.0	1e-06
46	2	2387	1.7512750625610352	40.0	1e-06
46	3	2388	2.132918119430542	22.0	1e-06
46	4	2389	1.548547625541687	52.0	1e-06
46	5	2390	1.893723487854004	30.0	1e-06
46	6	2391	2.1257734298706055	30.0	1e-06
46	7	2392	1.3291289806365967	42.0	1e-06
46	8	2393	1.7196027040481567	42.0	1e-06
46	9	2394	1.3752541542053223	54.0	1e-06
46	10	2395	1.5289655923843384	46.0	1e-06
46	11	2396	1.4527254104614258	56.0	1e-06
46	12	2397	1.3407527208328247	52.0	1e-06
46	13	2398	1.5871903896331787	44.0	1e-06
46	14	2399	2.1534295082092285	26.0	1e-06
46	15	2400	1.586052417755127	48.0	1e-06
46	16	2401	1.5625784397125244	40.0	1e-06
46	17	2402	2.2035374641418457	24.0	1e-06
46	18	2403	1.7739343643188477	38.0	1e-06
46	19	2404	1.7787604331970215	46.0	1e-06
46	20	2405	1.5663360357284546	44.0	1e-06
46	21	2406	1.1981829404830933	54.0	1e-06
46	22	2407	1.5650312900543213	36.0	1e-06
46	23	2408	1.152567744255066	56.0	1e-06
46	24	2409	1.5505061149597168	50.0	1e-06
46	25	2410	1.6806977987289429	42.0	1e-06
46	26	2411	1.501440167427063	48.0	1e-06
46	27	2412	1.672816514968872	40.0	1e-06
46	28	2413	1.4837195873260498	44.0	1e-06
46	29	2414	1.6397510766983032	44.0	1e-06
46	30	2415	1.4651228189468384	44.0	1e-06
46	31	2416	2.262707471847534	28.0	1e-06
46	32	2417	1.7062550783157349	52.0	1e-06
46	33	2418	1.851585865020752	32.0	1e-06
46	34	2419	1.9581596851348877	34.0	1e-06
46	35	2420	1.6879507303237915	38.0	1e-06
46	36	2421	1.5196938514709473	42.0	1e-06
46	37	2422	1.7393755912780762	44.0	1e-06
46	38	2423	1.1983137130737305	60.0	1e-06
46	39	2424	1.7062442302703857	42.0	1e-06
46	40	2425	1.2956620454788208	50.0	1e-06
46	41	2426	1.4756190776824951	46.0	1e-06
46	42	2427	1.7340774536132812	40.0	1e-06
46	43	2428	1.623557448387146	34.0	1e-06
46	44	2429	1.4317070245742798	56.0	1e-06
46	45	2430	1.4463257789611816	46.0	1e-06
46	46	2431	1.4657152891159058	52.0	1e-06
46	47	2432	1.5306000709533691	44.0	1e-06
46	48	2433	1.5738627910614014	42.0	1e-06
46	49	2434	1.7768131494522095	40.0	1e-06
46	50	2435	1.609611988067627	52.0	1e-06
46	51	2436	1.5143568515777588	40.0	1e-06
46	52	2437	1.6495929956436157	38.0	1e-06
46	53	2438	1.1045728921890259	54.285714285714285	1e-06
47	1	2439	1.5703805685043335	44.0	1e-06
47	2	2440	1.2998274564743042	64.0	1e-06
47	3	2441	1.4259741306304932	46.0	1e-06
47	4	2442	1.40952467918396	46.0	1e-06
47	5	2443	1.558882236480713	38.0	1e-06
47	6	2444	1.7964673042297363	38.0	1e-06
47	7	2445	1.9092158079147339	28.0	1e-06
47	8	2446	1.4571826457977295	50.0	1e-06
47	9	2447	1.545590877532959	48.0	1e-06
47	10	2448	1.4625085592269897	50.0	1e-06
47	11	2449	1.3462798595428467	56.0	1e-06
47	12	2450	1.707959771156311	48.0	1e-06
47	13	2451	1.784164309501648	32.0	1e-06
47	14	2452	1.7235296964645386	38.0	1e-06
47	15	2453	1.4336591958999634	54.0	1e-06
47	16	2454	1.5263954401016235	56.0	1e-06
47	17	2455	1.4928592443466187	46.0	1e-06
47	18	2456	1.6044397354125977	42.0	1e-06
47	19	2457	2.061774730682373	30.0	1e-06
47	20	2458	1.4677543640136719	42.0	1e-06
47	21	2459	1.358304738998413	52.0	1e-06
47	22	2460	2.073153257369995	32.0	1e-06
47	23	2461	1.5772596597671509	52.0	1e-06
47	24	2462	1.485681414604187	54.0	1e-06
47	25	2463	1.3919581174850464	50.0	1e-06
47	26	2464	1.4525690078735352	48.0	1e-06
47	27	2465	1.5921472311019897	44.0	1e-06
47	28	2466	1.6154582500457764	42.0	1e-06
47	29	2467	1.2510101795196533	60.0	1e-06
47	30	2468	1.4225283861160278	44.0	1e-06
47	31	2469	1.5356183052062988	44.0	1e-06
47	32	2470	1.5255751609802246	50.0	1e-06
47	33	2471	1.3314570188522339	54.0	1e-06
47	34	2472	1.590686321258545	46.0	1e-06
47	35	2473	1.4520634412765503	48.0	1e-06
47	36	2474	1.511225938796997	50.0	1e-06
47	37	2475	1.5529217720031738	46.0	1e-06
47	38	2476	1.589065670967102	48.0	1e-06
47	39	2477	1.5188795328140259	52.0	1e-06
47	40	2478	1.4402813911437988	54.0	1e-06
47	41	2479	1.4098808765411377	52.0	1e-06
47	42	2480	1.4703525304794312	50.0	1e-06
47	43	2481	1.7139183282852173	36.0	1e-06
47	44	2482	1.8276859521865845	44.0	1e-06
47	45	2483	1.4154694080352783	44.0	1e-06
47	46	2484	1.2656910419464111	58.0	1e-06
47	47	2485	1.2289626598358154	62.0	1e-06
47	48	2486	1.4349141120910645	48.0	1e-06
47	49	2487	1.6758980751037598	38.0	1e-06
47	50	2488	1.6413123607635498	40.0	1e-06
47	51	2489	1.9218573570251465	38.0	1e-06
47	52	2490	1.7818057537078857	32.0	1e-06
47	53	2491	1.4116201400756836	45.714285714285715	1e-06
48	1	2492	1.3236867189407349	58.0	1e-06
48	2	2493	1.3501757383346558	50.0	1e-06
48	3	2494	1.6800601482391357	44.0	1e-06
48	4	2495	1.6091318130493164	46.0	1e-06
48	5	2496	1.540053367614746	42.0	1e-06
48	6	2497	2.077322483062744	24.0	1e-06
48	7	2498	1.5191254615783691	50.0	1e-06
48	8	2499	1.4412420988082886	50.0	1e-06
48	9	2500	1.7065576314926147	42.0	1e-06
48	10	2501	1.6466200351715088	40.0	1e-06
48	11	2502	1.4596308469772339	48.0	1e-06
48	12	2503	1.1335129737854004	62.0	1e-06
48	13	2504	1.2485237121582031	54.0	1e-06
48	14	2505	1.7695434093475342	46.0	1e-06
48	15	2506	2.159604072570801	46.0	1e-06
48	16	2507	1.9501968622207642	32.0	1e-06
48	17	2508	1.6265379190444946	38.0	1e-06
48	18	2509	1.570246696472168	38.0	1e-06
48	19	2510	1.8923182487487793	42.0	1e-06
48	20	2511	1.9162348508834839	42.0	1e-06
48	21	2512	1.4976792335510254	44.0	1e-06
48	22	2513	1.4558769464492798	48.0	1e-06
48	23	2514	1.6554588079452515	46.0	1e-06
48	24	2515	1.4935842752456665	52.0	1e-06
48	25	2516	1.8751707077026367	44.0	1e-06
48	26	2517	1.6181983947753906	40.0	1e-06
48	27	2518	1.4527896642684937	54.0	1e-06
48	28	2519	1.4838807582855225	52.0	1e-06
48	29	2520	1.7725683450698853	48.0	1e-06
48	30	2521	1.7634608745574951	48.0	1e-06
48	31	2522	1.8862864971160889	30.0	1e-06
48	32	2523	1.516186237335205	42.0	1e-06
48	33	2524	1.5934067964553833	40.0	1e-06
48	34	2525	1.4246950149536133	46.0	1e-06
48	35	2526	1.622674822807312	48.0	1e-06
48	36	2527	1.4692001342773438	44.0	1e-06
48	37	2528	1.323400855064392	54.0	1e-06
48	38	2529	1.6352829933166504	46.0	1e-06
48	39	2530	1.371841549873352	60.0	1e-06
48	40	2531	1.3204177618026733	50.0	1e-06
48	41	2532	1.29509699344635	52.0	1e-06
48	42	2533	1.2950770854949951	56.0	1e-06
48	43	2534	1.5497560501098633	32.0	1e-06
48	44	2535	1.5177000761032104	52.0	1e-06
48	45	2536	1.4358270168304443	54.0	1e-06
48	46	2537	1.5865929126739502	46.0	1e-06
48	47	2538	1.4479731321334839	58.0	1e-06
48	48	2539	1.812464952468872	32.0	1e-06
48	49	2540	1.3849194049835205	54.0	1e-06
48	50	2541	1.6427438259124756	42.0	1e-06
48	51	2542	1.7931629419326782	40.0	1e-06
48	52	2543	1.4830137491226196	46.0	1e-06
48	53	2544	1.6434990167617798	40.0	1e-06
49	1	2545	1.5781450271606445	38.0	1e-06
49	2	2546	1.537717580795288	52.0	1e-06
49	3	2547	1.3921090364456177	50.0	1e-06
49	4	2548	1.56947660446167	42.0	1e-06
49	5	2549	1.3420354127883911	52.0	1e-06
49	6	2550	1.7596831321716309	36.0	1e-06
49	7	2551	1.6233993768692017	46.0	1e-06
49	8	2552	1.3590846061706543	48.0	1e-06
49	9	2553	1.4589909315109253	50.0	1e-06
49	10	2554	1.5659229755401611	50.0	1e-06
49	11	2555	1.4473121166229248	44.0	1e-06
49	12	2556	1.788941502571106	28.0	1e-06
49	13	2557	1.4952011108398438	54.0	1e-06
49	14	2558	1.3402557373046875	52.0	1e-06
49	15	2559	1.6432191133499146	46.0	1e-06
49	16	2560	1.8873997926712036	34.0	1e-06
49	17	2561	1.3850653171539307	54.0	1e-06
49	18	2562	1.5350173711776733	50.0	1e-06
49	19	2563	1.6763887405395508	44.0	1e-06
49	20	2564	1.5488603115081787	50.0	1e-06
49	21	2565	1.5591497421264648	44.0	1e-06
49	22	2566	1.619339942932129	52.0	1e-06
49	23	2567	1.6561039686203003	40.0	1e-06
49	24	2568	1.4353265762329102	36.0	1e-06
49	25	2569	1.1488523483276367	70.0	1e-06
49	26	2570	1.660030484199524	40.0	1e-06
49	27	2571	1.512135624885559	40.0	1e-06
49	28	2572	1.5965031385421753	42.0	1e-06
49	29	2573	1.4818698167800903	52.0	1e-06
49	30	2574	1.9076166152954102	44.0	1e-06
49	31	2575	1.6009957790374756	44.0	1e-06
49	32	2576	1.6556503772735596	44.0	1e-06
49	33	2577	1.5572413206100464	46.0	1e-06
49	34	2578	1.7081669569015503	36.0	1e-06
49	35	2579	1.8047208786010742	38.0	1e-06
49	36	2580	1.7400164604187012	42.0	1e-06
49	37	2581	1.2970880270004272	52.0	1e-06
49	38	2582	1.3698573112487793	52.0	1e-06
49	39	2583	1.3391249179840088	52.0	1e-06
49	40	2584	1.4023845195770264	48.0	1e-06
49	41	2585	1.7345457077026367	48.0	1e-06
49	42	2586	1.6383082866668701	50.0	1e-06
49	43	2587	1.5071220397949219	44.0	1e-06
49	44	2588	1.6444838047027588	48.0	1e-06
49	45	2589	1.5396267175674438	48.0	1e-06
49	46	2590	1.3587875366210938	52.0	1e-06
49	47	2591	1.222170114517212	60.0	1e-06
49	48	2592	1.5896995067596436	46.0	1e-06
49	49	2593	1.5430951118469238	46.0	1e-06
49	50	2594	1.550894021987915	48.0	1e-06
49	51	2595	1.6070419549942017	52.0	1e-06
49	52	2596	1.4587959051132202	56.0	1e-06
49	53	2597	1.2708414793014526	48.57142857142857	1e-06
50	1	2598	1.9300121068954468	32.0	1e-06
50	2	2599	1.5667718648910522	48.0	1e-06
50	3	2600	1.577210545539856	44.0	1e-06
50	4	2601	1.8290753364562988	36.0	1e-06
50	5	2602	1.7557522058486938	34.0	1e-06
50	6	2603	1.275593638420105	54.0	1e-06
50	7	2604	1.6712543964385986	40.0	1e-06
50	8	2605	1.3964611291885376	54.0	1e-06
50	9	2606	1.9388405084609985	38.0	1e-06
50	10	2607	1.458368182182312	48.0	1e-06
50	11	2608	1.6713588237762451	42.0	1e-06
50	12	2609	1.5254048109054565	48.0	1e-06
50	13	2610	1.6954210996627808	38.0	1e-06
50	14	2611	1.386713981628418	50.0	1e-06
50	15	2612	1.6720837354660034	50.0	1e-06
50	16	2613	1.505212426185608	50.0	1e-06
50	17	2614	1.4363943338394165	56.0	1e-06
50	18	2615	1.3715641498565674	54.0	1e-06
50	19	2616	1.6486848592758179	50.0	1e-06
50	20	2617	1.9146342277526855	30.0	1e-06
50	21	2618	1.4017157554626465	50.0	1e-06
50	22	2619	1.2197132110595703	58.0	1e-06
50	23	2620	1.3984962701797485	46.0	1e-06
50	24	2621	1.396781325340271	46.0	1e-06
50	25	2622	1.5699838399887085	44.0	1e-06
50	26	2623	1.5411796569824219	42.0	1e-06
50	27	2624	1.3874262571334839	54.0	1e-06
50	28	2625	1.3606845140457153	60.0	1e-06
50	29	2626	1.2976524829864502	50.0	1e-06
50	30	2627	1.237764596939087	60.0	1e-06
50	31	2628	1.2881133556365967	60.0	1e-06
50	32	2629	1.4555168151855469	40.0	1e-06
50	33	2630	1.2191414833068848	54.0	1e-06
50	34	2631	1.7600429058074951	40.0	1e-06
50	35	2632	1.5977205038070679	44.0	1e-06
50	36	2633	1.4481523036956787	52.0	1e-06
50	37	2634	1.6959118843078613	46.0	1e-06
50	38	2635	1.3912380933761597	54.0	1e-06
50	39	2636	1.3282876014709473	52.0	1e-06
50	40	2637	1.5518174171447754	56.0	1e-06
50	41	2638	1.7207452058792114	38.0	1e-06
50	42	2639	1.3869638442993164	52.0	1e-06
50	43	2640	1.6748939752578735	42.0	1e-06
50	44	2641	1.6849899291992188	34.0	1e-06
50	45	2642	1.6705318689346313	48.0	1e-06
50	46	2643	1.331468939781189	60.0	1e-06
50	47	2644	1.7754460573196411	34.0	1e-06
50	48	2645	1.404485821723938	54.0	1e-06
50	49	2646	1.5591810941696167	52.0	1e-06
50	50	2647	1.306993007659912	52.0	1e-06
50	51	2648	1.2494217157363892	58.0	1e-06
50	52	2649	1.3300174474716187	50.0	1e-06
50	53	2650	1.6594785451889038	40.0	1e-06
51	1	2651	1.3765290975570679	56.0	1e-06
51	2	2652	1.3304948806762695	58.0	1e-06
51	3	2653	1.6582310199737549	46.0	1e-06
51	4	2654	1.4567354917526245	52.0	1e-06
51	5	2655	1.325742483139038	54.0	1e-06
51	6	2656	1.1989715099334717	62.0	1e-06
51	7	2657	1.3615537881851196	52.0	1e-06
51	8	2658	1.6016325950622559	40.0	1e-06
51	9	2659	1.5486358404159546	48.0	1e-06
51	10	2660	1.4348394870758057	58.0	1e-06
51	11	2661	1.5766394138336182	48.0	1e-06
51	12	2662	1.6879699230194092	38.0	1e-06
51	13	2663	1.6350685358047485	44.0	1e-06
51	14	2664	1.5663419961929321	50.0	1e-06
51	15	2665	1.603134036064148	40.0	1e-06
51	16	2666	1.6292780637741089	50.0	1e-06
51	17	2667	1.6627717018127441	46.0	1e-06
51	18	2668	1.4738402366638184	48.0	1e-06
51	19	2669	1.6672639846801758	38.0	1e-06
51	20	2670	1.3487706184387207	48.0	1e-06
51	21	2671	1.4253032207489014	62.0	1e-06
51	22	2672	1.322810173034668	56.0	1e-06
51	23	2673	1.5270847082138062	52.0	1e-06
51	24	2674	1.438239574432373	46.0	1e-06
51	25	2675	1.4128689765930176	48.0	1e-06
51	26	2676	1.5365972518920898	44.0	1e-06
51	27	2677	1.8757705688476562	42.0	1e-06
51	28	2678	1.6158679723739624	32.0	1e-06
51	29	2679	1.3164582252502441	66.0	1e-06
51	30	2680	1.7760491371154785	34.0	1e-06
51	31	2681	1.5705174207687378	52.0	1e-06
51	32	2682	1.355502724647522	54.0	1e-06
51	33	2683	1.5161181688308716	48.0	1e-06
51	34	2684	1.6975810527801514	48.0	1e-06
51	35	2685	1.4456911087036133	52.0	1e-06
51	36	2686	1.5908598899841309	50.0	1e-06
51	37	2687	1.8652969598770142	40.0	1e-06
51	38	2688	1.765134572982788	42.0	1e-06
51	39	2689	1.4205185174942017	46.0	1e-06
51	40	2690	1.2381269931793213	56.0	1e-06
51	41	2691	1.2837803363800049	60.0	1e-06
51	42	2692	1.179693341255188	52.0	1e-06
51	43	2693	1.7240217924118042	50.0	1e-06
51	44	2694	1.4750806093215942	46.0	1e-06
51	45	2695	1.4836266040802002	46.0	1e-06
51	46	2696	1.6382536888122559	46.0	1e-06
51	47	2697	1.7664358615875244	38.0	1e-06
51	48	2698	1.3669909238815308	56.0	1e-06
51	49	2699	1.4262183904647827	54.0	1e-06
51	50	2700	1.9266023635864258	28.0	1e-06
51	51	2701	1.3710060119628906	60.0	1e-06
51	52	2702	1.3832135200500488	54.0	1e-06
51	53	2703	1.4183216094970703	48.57142857142857	1e-06
52	1	2704	1.7210992574691772	44.0	1e-06
52	2	2705	1.2784323692321777	54.0	1e-06
52	3	2706	1.768865942955017	38.0	1e-06
52	4	2707	1.651538372039795	48.0	1e-06
52	5	2708	1.2365394830703735	62.0	1e-06
52	6	2709	1.3292083740234375	46.0	1e-06
52	7	2710	1.179846167564392	58.0	1e-06
52	8	2711	1.2421447038650513	52.0	1e-06
52	9	2712	1.4290732145309448	52.0	1e-06
52	10	2713	1.4094841480255127	58.0	1e-06
52	11	2714	1.5892518758773804	50.0	1e-06
52	12	2715	1.4605622291564941	40.0	1e-06
52	13	2716	1.6473637819290161	42.0	1e-06
52	14	2717	1.29522705078125	52.0	1e-06
52	15	2718	1.6267902851104736	42.0	1e-06
52	16	2719	1.527603030204773	42.0	1e-06
52	17	2720	1.1794912815093994	62.0	1e-06
52	18	2721	1.4742400646209717	52.0	1e-06
52	19	2722	1.3919262886047363	52.0	1e-06
52	20	2723	1.6220299005508423	48.0	1e-06
52	21	2724	1.6482270956039429	50.0	1e-06
52	22	2725	1.4081639051437378	48.0	1e-06
52	23	2726	1.6470791101455688	42.0	1e-06
52	24	2727	1.7086659669876099	46.0	1e-06
52	25	2728	1.2370702028274536	62.0	1e-06
52	26	2729	1.5445449352264404	44.0	1e-06
52	27	2730	1.1428903341293335	62.0	1e-06
52	28	2731	1.7451061010360718	44.0	1e-06
52	29	2732	1.7664575576782227	36.0	1e-06
52	30	2733	1.5472222566604614	50.0	1e-06
52	31	2734	1.554570198059082	42.0	1e-06
52	32	2735	2.000824451446533	36.0	1e-06
52	33	2736	1.6325819492340088	42.0	1e-06
52	34	2737	1.7238006591796875	42.0	1e-06
52	35	2738	1.2841575145721436	60.0	1e-06
52	36	2739	1.423288106918335	48.0	1e-06
52	37	2740	1.3145687580108643	50.0	1e-06
52	38	2741	1.4914075136184692	50.0	1e-06
52	39	2742	1.6966307163238525	48.0	1e-06
52	40	2743	1.8093701601028442	30.0	1e-06
52	41	2744	1.4241394996643066	52.0	1e-06
52	42	2745	1.363051414489746	52.0	1e-06
52	43	2746	1.6222158670425415	48.0	1e-06
52	44	2747	1.6662875413894653	38.0	1e-06
52	45	2748	1.560276746749878	46.0	1e-06
52	46	2749	1.4005612134933472	48.0	1e-06
52	47	2750	1.6422793865203857	32.0	1e-06
52	48	2751	1.547257661819458	48.0	1e-06
52	49	2752	1.3662123680114746	62.0	1e-06
52	50	2753	1.6128935813903809	44.0	1e-06
52	51	2754	1.2858422994613647	56.0	1e-06
52	52	2755	1.1715216636657715	58.0	1e-06
52	53	2756	1.4818673133850098	45.714285714285715	1e-06
53	1	2757	1.3187720775604248	58.0	1e-06
53	2	2758	1.9162722826004028	34.0	1e-06
53	3	2759	1.457048773765564	42.0	1e-06
53	4	2760	1.3949204683303833	48.0	1e-06
53	5	2761	1.046525001525879	66.0	1e-06
53	6	2762	1.7407296895980835	32.0	1e-06
53	7	2763	1.5828779935836792	40.0	1e-06
53	8	2764	1.446499228477478	52.0	1e-06
53	9	2765	1.52170729637146	50.0	1e-06
53	10	2766	1.274328589439392	68.0	1e-06
53	11	2767	1.8409364223480225	32.0	1e-06
53	12	2768	1.6869028806686401	36.0	1e-06
53	13	2769	1.666558861732483	46.0	1e-06
53	14	2770	1.4072597026824951	42.0	1e-06
53	15	2771	1.4659700393676758	52.0	1e-06
53	16	2772	1.4173121452331543	58.0	1e-06
53	17	2773	1.1595817804336548	56.0	1e-06
53	18	2774	1.4020243883132935	42.0	1e-06
53	19	2775	1.4934011697769165	42.0	1e-06
53	20	2776	1.4699311256408691	52.0	1e-06
53	21	2777	1.3862217664718628	44.0	1e-06
53	22	2778	1.5168112516403198	46.0	1e-06
53	23	2779	1.37457275390625	40.0	1e-06
53	24	2780	1.6890214681625366	50.0	1e-06
53	25	2781	1.743118166923523	46.0	1e-06
53	26	2782	1.4779102802276611	50.0	1e-06
53	27	2783	1.2785120010375977	58.0	1e-06
53	28	2784	1.5924386978149414	42.0	1e-06
53	29	2785	1.859425663948059	36.0	1e-06
53	30	2786	1.5888038873672485	34.0	1e-06
53	31	2787	1.6468433141708374	48.0	1e-06
53	32	2788	1.5285563468933105	46.0	1e-06
53	33	2789	1.724401593208313	48.0	1e-06
53	34	2790	1.4567800760269165	50.0	1e-06
53	35	2791	1.6141096353530884	42.0	1e-06
53	36	2792	1.4678758382797241	46.0	1e-06
53	37	2793	1.5796284675598145	44.0	1e-06
53	38	2794	1.7846035957336426	40.0	1e-06
53	39	2795	1.6064430475234985	44.0	1e-06
53	40	2796	1.5713845491409302	42.0	1e-06
53	41	2797	1.255201816558838	54.0	1e-06
53	42	2798	1.30071222782135	56.0	1e-06
53	43	2799	1.4515883922576904	56.0	1e-06
53	44	2800	1.2888038158416748	50.0	1e-06
53	45	2801	1.661025881767273	44.0	1e-06
53	46	2802	1.6682496070861816	58.0	1e-06
53	47	2803	1.7881301641464233	40.0	1e-06
53	48	2804	1.3952937126159668	56.0	1e-06
53	49	2805	1.4618717432022095	62.0	1e-06
53	50	2806	1.5220274925231934	50.0	1e-06
53	51	2807	1.6173415184020996	44.0	1e-06
53	52	2808	1.2215619087219238	54.0	1e-06
53	53	2809	1.3970280885696411	45.714285714285715	1e-06
54	1	2810	1.387905240058899	64.0	1e-06
54	2	2811	1.5382014513015747	46.0	1e-06
54	3	2812	1.6957461833953857	52.0	1e-06
54	4	2813	1.299068808555603	54.0	1e-06
54	5	2814	1.216694951057434	60.0	1e-06
54	6	2815	1.3948577642440796	54.0	1e-06
54	7	2816	1.473464012145996	48.0	1e-06
54	8	2817	1.6003501415252686	40.0	1e-06
54	9	2818	1.469980001449585	52.0	1e-06
54	10	2819	1.176924705505371	56.0	1e-06
54	11	2820	1.640389084815979	46.0	1e-06
54	12	2821	1.3164029121398926	50.0	1e-06
54	13	2822	1.8181653022766113	32.0	1e-06
54	14	2823	1.5665783882141113	46.0	1e-06
54	15	2824	1.471075415611267	54.0	1e-06
54	16	2825	1.7643225193023682	30.0	1e-06
54	17	2826	1.448090672492981	50.0	1e-06
54	18	2827	1.3331305980682373	58.0	1e-06
54	19	2828	1.4393059015274048	50.0	1e-06
54	20	2829	1.2654967308044434	58.0	1e-06
54	21	2830	1.2795127630233765	54.0	1e-06
54	22	2831	2.0162606239318848	36.0	1e-06
54	23	2832	1.573439598083496	40.0	1e-06
54	24	2833	1.3730653524398804	64.0	1e-06
54	25	2834	1.4853599071502686	50.0	1e-06
54	26	2835	1.933518409729004	34.0	1e-06
54	27	2836	1.0290740728378296	68.0	1e-06
54	28	2837	1.529978632926941	44.0	1e-06
54	29	2838	1.6802031993865967	40.0	1e-06
54	30	2839	1.6324827671051025	42.0	1e-06
54	31	2840	1.3130731582641602	54.0	1e-06
54	32	2841	1.6931952238082886	42.0	1e-06
54	33	2842	1.4663727283477783	40.0	1e-06
54	34	2843	1.481412649154663	54.0	1e-06
54	35	2844	1.6651920080184937	46.0	1e-06
54	36	2845	1.427689790725708	46.0	1e-06
54	37	2846	1.7233095169067383	42.0	1e-06
54	38	2847	1.354813575744629	54.0	1e-06
54	39	2848	1.3285070657730103	56.0	1e-06
54	40	2849	1.2867109775543213	50.0	1e-06
54	41	2850	1.5050770044326782	48.0	1e-06
54	42	2851	1.354212999343872	48.0	1e-06
54	43	2852	1.2874757051467896	54.0	1e-06
54	44	2853	1.5113154649734497	50.0	1e-06
54	45	2854	1.5442862510681152	46.0	1e-06
54	46	2855	1.2521849870681763	60.0	1e-06
54	47	2856	1.3557430505752563	54.0	1e-06
54	48	2857	1.3196196556091309	52.0	1e-06
54	49	2858	1.8528214693069458	38.0	1e-06
54	50	2859	1.4751402139663696	52.0	1e-06
54	51	2860	1.473359227180481	46.0	1e-06
54	52	2861	1.5636084079742432	50.0	1e-06
54	53	2862	1.933013916015625	37.142857142857146	1e-06
55	1	2863	1.2800146341323853	56.0	1e-06
55	2	2864	1.458870530128479	48.0	1e-06
55	3	2865	1.4343087673187256	50.0	1e-06
55	4	2866	1.5959261655807495	46.0	1e-06
55	5	2867	1.481503963470459	52.0	1e-06
55	6	2868	0.9875807166099548	70.0	1e-06
55	7	2869	1.741536259651184	42.0	1e-06
55	8	2870	1.2555639743804932	54.0	1e-06
55	9	2871	1.1547006368637085	66.0	1e-06
55	10	2872	1.2207401990890503	58.0	1e-06
55	11	2873	1.5921674966812134	44.0	1e-06
55	12	2874	1.3456873893737793	48.0	1e-06
55	13	2875	1.2936615943908691	54.0	1e-06
55	14	2876	1.3108688592910767	58.0	1e-06
55	15	2877	1.4679723978042603	52.0	1e-06
55	16	2878	1.4754894971847534	48.0	1e-06
55	17	2879	1.2255239486694336	52.0	1e-06
55	18	2880	1.467431664466858	48.0	1e-06
55	19	2881	1.1783279180526733	48.0	1e-06
55	20	2882	1.9417335987091064	38.0	1e-06
55	21	2883	1.1951757669448853	56.0	1e-06
55	22	2884	1.2290316820144653	58.0	1e-06
55	23	2885	1.319757103919983	44.0	1e-06
55	24	2886	1.2543158531188965	58.0	1e-06
55	25	2887	1.2855887413024902	56.0	1e-06
55	26	2888	1.6499720811843872	46.0	1e-06
55	27	2889	1.663906216621399	42.0	1e-06
55	28	2890	1.5006768703460693	54.0	1e-06
55	29	2891	1.7001112699508667	46.0	1e-06
55	30	2892	1.6442538499832153	50.0	1e-06
55	31	2893	1.3569090366363525	50.0	1e-06
55	32	2894	1.5413334369659424	36.0	1e-06
55	33	2895	1.7656352519989014	34.0	1e-06
55	34	2896	1.5793964862823486	52.0	1e-06
55	35	2897	1.7697196006774902	30.0	1e-06
55	36	2898	1.0943940877914429	60.0	1e-06
55	37	2899	1.3501147031784058	50.0	1e-06
55	38	2900	1.2961024045944214	60.0	1e-06
55	39	2901	1.6655054092407227	48.0	1e-06
55	40	2902	1.3551459312438965	52.0	1e-06
55	41	2903	1.5903528928756714	42.0	1e-06
55	42	2904	1.4641412496566772	52.0	1e-06
55	43	2905	1.3262438774108887	54.0	1e-06
55	44	2906	1.5371540784835815	48.0	1e-06
55	45	2907	1.299842119216919	58.0	1e-06
55	46	2908	1.650362253189087	34.0	1e-06
55	47	2909	1.3137823343276978	54.0	1e-06
55	48	2910	1.3051233291625977	52.0	1e-06
55	49	2911	1.5029890537261963	46.0	1e-06
55	50	2912	1.226919174194336	68.0	1e-06
55	51	2913	1.4072071313858032	48.0	1e-06
55	52	2914	1.4481556415557861	54.0	1e-06
55	53	2915	1.3218681812286377	51.42857142857143	1e-06
56	1	2916	1.9561793804168701	28.0	1e-06
56	2	2917	1.5069535970687866	52.0	1e-06
56	3	2918	1.606581449508667	52.0	1e-06
56	4	2919	1.4528943300247192	46.0	1e-06
56	5	2920	1.4167535305023193	50.0	1e-06
56	6	2921	1.4348564147949219	52.0	1e-06
56	7	2922	1.4674131870269775	46.0	1e-06
56	8	2923	1.3061538934707642	54.0	1e-06
56	9	2924	1.5325355529785156	42.0	1e-06
56	10	2925	1.5528838634490967	46.0	1e-06
56	11	2926	1.071570873260498	68.0	1e-06
56	12	2927	1.2951774597167969	58.0	1e-06
56	13	2928	1.297666311264038	52.0	1e-06
56	14	2929	1.7211062908172607	32.0	1e-06
56	15	2930	1.5478688478469849	40.0	1e-06
56	16	2931	1.5971744060516357	46.0	1e-06
56	17	2932	1.2586559057235718	70.0	1e-06
56	18	2933	1.5613206624984741	42.0	1e-06
56	19	2934	1.451390027999878	58.0	1e-06
56	20	2935	2.0942893028259277	32.0	1e-06
56	21	2936	1.4792518615722656	52.0	1e-06
56	22	2937	1.442691683769226	60.0	1e-06
56	23	2938	1.295028805732727	46.0	1e-06
56	24	2939	1.2281378507614136	58.0	1e-06
56	25	2940	1.8760631084442139	36.0	1e-06
56	26	2941	1.2286583185195923	64.0	1e-06
56	27	2942	1.3775781393051147	48.0	1e-06
56	28	2943	1.228814959526062	62.0	1e-06
56	29	2944	1.6286119222640991	46.0	1e-06
56	30	2945	1.410896897315979	56.0	1e-06
56	31	2946	1.2981631755828857	48.0	1e-06
56	32	2947	1.6735925674438477	40.0	1e-06
56	33	2948	2.0246708393096924	42.0	1e-06
56	34	2949	1.4012829065322876	48.0	1e-06
56	35	2950	1.3627731800079346	60.0	1e-06
56	36	2951	1.5772594213485718	46.0	1e-06
56	37	2952	1.2583223581314087	54.0	1e-06
56	38	2953	1.8057278394699097	38.0	1e-06
56	39	2954	1.528643012046814	48.0	1e-06
56	40	2955	1.686246633529663	40.0	1e-06
56	41	2956	1.6507071256637573	38.0	1e-06
56	42	2957	1.1240935325622559	60.0	1e-06
56	43	2958	1.2235255241394043	64.0	1e-06
56	44	2959	1.3803898096084595	56.0	1e-06
56	45	2960	1.4678471088409424	46.0	1e-06
56	46	2961	1.6213818788528442	36.0	1e-06
56	47	2962	1.2533910274505615	48.0	1e-06
56	48	2963	1.1300110816955566	66.0	1e-06
56	49	2964	1.2981257438659668	60.0	1e-06
56	50	2965	1.5425801277160645	42.0	1e-06
56	51	2966	1.6611040830612183	36.0	1e-06
56	52	2967	1.4783786535263062	54.0	1e-06
56	53	2968	1.1207059621810913	62.857142857142854	1e-06
57	1	2969	1.3911100625991821	56.0	1e-06
57	2	2970	1.2844014167785645	56.0	1e-06
57	3	2971	1.2879879474639893	56.0	1e-06
57	4	2972	1.4559006690979004	50.0	1e-06
57	5	2973	1.2225213050842285	56.0	1e-06
57	6	2974	1.3288836479187012	60.0	1e-06
57	7	2975	1.2953081130981445	60.0	1e-06
57	8	2976	1.2262136936187744	60.0	1e-06
57	9	2977	1.3572208881378174	62.0	1e-06
57	10	2978	1.3472765684127808	48.0	1e-06
57	11	2979	1.4859503507614136	52.0	1e-06
57	12	2980	1.401982069015503	44.0	1e-06
57	13	2981	1.211910605430603	52.0	1e-06
57	14	2982	1.4920001029968262	44.0	1e-06
57	15	2983	1.3837047815322876	56.0	1e-06
57	16	2984	1.13853919506073	58.0	1e-06
57	17	2985	1.6084942817687988	48.0	1e-06
57	18	2986	1.5302783250808716	42.0	1e-06
57	19	2987	1.3669488430023193	50.0	1e-06
57	20	2988	1.2945994138717651	60.0	1e-06
57	21	2989	1.3926870822906494	56.0	1e-06
57	22	2990	1.3448498249053955	46.0	1e-06
57	23	2991	1.7676429748535156	38.0	1e-06
57	24	2992	1.6165101528167725	38.0	1e-06
57	25	2993	1.3229485750198364	48.0	1e-06
57	26	2994	1.640866994857788	40.0	1e-06
57	27	2995	1.2762266397476196	56.0	1e-06
57	28	2996	1.3455215692520142	54.0	1e-06
57	29	2997	1.6236363649368286	44.0	1e-06
57	30	2998	1.4805718660354614	44.0	1e-06
57	31	2999	1.3582698106765747	44.0	1e-06
57	32	3000	1.3002549409866333	50.0	1e-06
57	33	3001	1.5455372333526611	48.0	1e-06
57	34	3002	1.2668849229812622	68.0	1e-06
57	35	3003	1.371152400970459	56.0	1e-06
57	36	3004	1.3909411430358887	58.0	1e-06
57	37	3005	1.616520643234253	48.0	1e-06
57	38	3006	1.2165757417678833	58.0	1e-06
57	39	3007	1.3294237852096558	58.0	1e-06
57	40	3008	1.6806018352508545	44.0	1e-06
57	41	3009	1.6560076475143433	44.0	1e-06
57	42	3010	1.3294360637664795	58.0	1e-06
57	43	3011	1.1906559467315674	58.0	1e-06
57	44	3012	1.3117009401321411	58.0	1e-06
57	45	3013	1.4049503803253174	48.0	1e-06
57	46	3014	1.5265564918518066	46.0	1e-06
57	47	3015	1.2343783378601074	56.0	1e-06
57	48	3016	1.5071837902069092	50.0	1e-06
57	49	3017	1.289635419845581	58.0	1e-06
57	50	3018	1.3834110498428345	52.0	1e-06
57	51	3019	1.7536391019821167	46.0	1e-06
57	52	3020	1.703457236289978	46.0	1e-06
57	53	3021	1.5042861700057983	48.57142857142857	1e-06
58	1	3022	1.4227752685546875	38.0	1e-06
58	2	3023	1.5581283569335938	46.0	1e-06
58	3	3024	1.3527456521987915	52.0	1e-06
58	4	3025	1.3812897205352783	56.0	1e-06
58	5	3026	1.612221360206604	46.0	1e-06
58	6	3027	1.2970596551895142	60.0	1e-06
58	7	3028	1.1482958793640137	62.0	1e-06
58	8	3029	1.2861218452453613	56.0	1e-06
58	9	3030	1.553281307220459	46.0	1e-06
58	10	3031	1.6231848001480103	36.0	1e-06
58	11	3032	1.3241190910339355	56.0	1e-06
58	12	3033	1.3301678895950317	58.0	1e-06
58	13	3034	1.1865509748458862	58.0	1e-06
58	14	3035	1.564552903175354	44.0	1e-06
58	15	3036	1.322791337966919	54.0	1e-06
58	16	3037	1.5038843154907227	46.0	1e-06
58	17	3038	1.2018295526504517	64.0	1e-06
58	18	3039	1.6327672004699707	48.0	1e-06
58	19	3040	1.170996069908142	52.0	1e-06
58	20	3041	1.343056082725525	46.0	1e-06
58	21	3042	1.386878252029419	50.0	1e-06
58	22	3043	1.1490850448608398	50.0	1e-06
58	23	3044	1.5615088939666748	42.0	1e-06
58	24	3045	1.5101196765899658	50.0	1e-06
58	25	3046	1.9748413562774658	32.0	1e-06
58	26	3047	1.2106322050094604	58.0	1e-06
58	27	3048	1.3801164627075195	48.0	1e-06
58	28	3049	1.1706290245056152	68.0	1e-06
58	29	3050	1.2537566423416138	48.0	1e-06
58	30	3051	1.6262521743774414	46.0	1e-06
58	31	3052	1.5836988687515259	44.0	1e-06
58	32	3053	1.3149733543395996	58.0	1e-06
58	33	3054	1.4540200233459473	42.0	1e-06
58	34	3055	1.608384132385254	38.0	1e-06
58	35	3056	1.4029840230941772	48.0	1e-06
58	36	3057	1.287326455116272	54.0	1e-06
58	37	3058	1.110339641571045	56.0	1e-06
58	38	3059	1.6394569873809814	42.0	1e-06
58	39	3060	1.6569955348968506	50.0	1e-06
58	40	3061	1.4632346630096436	48.0	1e-06
58	41	3062	1.7798526287078857	40.0	1e-06
58	42	3063	1.6175284385681152	42.0	1e-06
58	43	3064	1.2966547012329102	64.0	1e-06
58	44	3065	1.5396759510040283	50.0	1e-06
58	45	3066	1.1777162551879883	64.0	1e-06
58	46	3067	1.5748120546340942	42.0	1e-06
58	47	3068	1.2219282388687134	60.0	1e-06
58	48	3069	1.6827739477157593	40.0	1e-06
58	49	3070	1.4343281984329224	46.0	1e-06
58	50	3071	1.3407986164093018	48.0	1e-06
58	51	3072	1.2322587966918945	60.0	1e-06
58	52	3073	1.7211233377456665	44.0	1e-06
58	53	3074	1.5368422269821167	45.714285714285715	1e-06
59	1	3075	1.1065776348114014	60.0	1e-06
59	2	3076	1.6183249950408936	54.0	1e-06
59	3	3077	1.5877561569213867	48.0	1e-06
59	4	3078	1.4519855976104736	42.0	1e-06
59	5	3079	1.7877600193023682	36.0	1e-06
59	6	3080	1.4064812660217285	52.0	1e-06
59	7	3081	1.1943180561065674	58.0	1e-06
59	8	3082	1.371349811553955	54.0	1e-06
59	9	3083	1.6104371547698975	44.0	1e-06
59	10	3084	1.4090335369110107	46.0	1e-06
59	11	3085	1.5437167882919312	52.0	1e-06
59	12	3086	1.3218235969543457	54.0	1e-06
59	13	3087	1.30070161819458	60.0	1e-06
59	14	3088	1.3539972305297852	50.0	1e-06
59	15	3089	1.6403814554214478	42.0	1e-06
59	16	3090	1.0106291770935059	70.0	1e-06
59	17	3091	1.4863426685333252	52.0	1e-06
59	18	3092	1.3358290195465088	50.0	1e-06
59	19	3093	1.5020246505737305	42.0	1e-06
59	20	3094	1.1739085912704468	60.0	1e-06
59	21	3095	1.1430506706237793	58.0	1e-06
59	22	3096	1.4035741090774536	46.0	1e-06
59	23	3097	1.2549548149108887	52.0	1e-06
59	24	3098	1.4281017780303955	52.0	1e-06
59	25	3099	1.7068297863006592	40.0	1e-06
59	26	3100	1.3993078470230103	44.0	1e-06
59	27	3101	1.086051344871521	68.0	1e-06
59	28	3102	1.4077458381652832	54.0	1e-06
59	29	3103	1.371415615081787	50.0	1e-06
59	30	3104	1.3242650032043457	58.0	1e-06
59	31	3105	1.2835302352905273	58.0	1e-06
59	32	3106	1.6870675086975098	40.0	1e-06
59	33	3107	1.1949732303619385	58.0	1e-06
59	34	3108	1.3137301206588745	56.0	1e-06
59	35	3109	1.4349756240844727	52.0	1e-06
59	36	3110	1.2216506004333496	62.0	1e-06
59	37	3111	1.1659419536590576	60.0	1e-06
59	38	3112	1.3572900295257568	54.0	1e-06
59	39	3113	1.8337717056274414	44.0	1e-06
59	40	3114	1.2525951862335205	48.0	1e-06
59	41	3115	1.2719776630401611	54.0	1e-06
59	42	3116	1.2638863325119019	52.0	1e-06
59	43	3117	1.4678122997283936	46.0	1e-06
59	44	3118	1.6063734292984009	48.0	1e-06
59	45	3119	1.4500057697296143	50.0	1e-06
59	46	3120	1.4769034385681152	52.0	1e-06
59	47	3121	1.491137981414795	54.0	1e-06
59	48	3122	1.236546277999878	64.0	1e-06
59	49	3123	1.2422035932540894	60.0	1e-06
59	50	3124	1.754591941833496	48.0	1e-06
59	51	3125	1.4160487651824951	56.0	1e-06
59	52	3126	1.3169697523117065	48.0	1e-06
59	53	3127	1.3404748439788818	57.142857142857146	1e-06
60	1	3128	1.204859733581543	62.0	1e-06
60	2	3129	1.3433386087417603	56.0	1e-06
60	3	3130	1.4392434358596802	44.0	1e-06
60	4	3131	1.28519606590271	62.0	1e-06
60	5	3132	1.49772047996521	42.0	1e-06
60	6	3133	1.2738432884216309	56.0	1e-06
60	7	3134	1.3020228147506714	66.0	1e-06
60	8	3135	1.513694405555725	54.0	1e-06
60	9	3136	1.4886009693145752	38.0	1e-06
60	10	3137	1.490128993988037	46.0	1e-06
60	11	3138	1.4335479736328125	46.0	1e-06
60	12	3139	1.6074600219726562	38.0	1e-06
60	13	3140	1.3265907764434814	58.0	1e-06
60	14	3141	1.2648013830184937	62.0	1e-06
60	15	3142	1.130458950996399	62.0	1e-06
60	16	3143	1.2069485187530518	48.0	1e-06
60	17	3144	1.0298207998275757	66.0	1e-06
60	18	3145	1.2591534852981567	54.0	1e-06
60	19	3146	1.3469603061676025	54.0	1e-06
60	20	3147	1.4217255115509033	46.0	1e-06
60	21	3148	1.1681708097457886	54.0	1e-06
60	22	3149	1.6541000604629517	42.0	1e-06
60	23	3150	1.3201369047164917	60.0	1e-06
60	24	3151	1.2905582189559937	50.0	1e-06
60	25	3152	1.5520397424697876	48.0	1e-06
60	26	3153	1.379700779914856	48.0	1e-06
60	27	3154	1.3357336521148682	58.0	1e-06
60	28	3155	1.7573647499084473	36.0	1e-06
60	29	3156	1.2101863622665405	52.0	1e-06
60	30	3157	1.186896800994873	62.0	1e-06
60	31	3158	1.1900696754455566	60.0	1e-06
60	32	3159	1.4648410081863403	54.0	1e-06
60	33	3160	1.6079230308532715	50.0	1e-06
60	34	3161	1.6002084016799927	46.0	1e-06
60	35	3162	1.2110005617141724	58.0	1e-06
60	36	3163	1.2860032320022583	50.0	1e-06
60	37	3164	1.32470703125	56.0	1e-06
60	38	3165	1.5346003770828247	44.0	1e-06
60	39	3166	1.277075171470642	56.0	1e-06
60	40	3167	1.3664970397949219	56.0	1e-06
60	41	3168	1.4099966287612915	46.0	1e-06
60	42	3169	0.8950681090354919	70.0	1e-06
60	43	3170	1.3942577838897705	62.0	1e-06
60	44	3171	2.0804901123046875	26.0	1e-06
60	45	3172	1.637536644935608	44.0	1e-06
60	46	3173	1.4688676595687866	48.0	1e-06
60	47	3174	1.102091908454895	58.0	1e-06
60	48	3175	1.4407953023910522	42.0	1e-06
60	49	3176	1.4103059768676758	48.0	1e-06
60	50	3177	1.5279866456985474	46.0	1e-06
60	51	3178	1.2301335334777832	62.0	1e-06
60	52	3179	1.2024621963500977	58.0	1e-06
60	53	3180	1.4660204648971558	45.714285714285715	1e-06
61	1	3181	1.4715547561645508	54.0	1e-06
61	2	3182	1.3879624605178833	56.0	1e-06
61	3	3183	1.3982692956924438	48.0	1e-06
61	4	3184	1.6021615266799927	42.0	1e-06
61	5	3185	1.5416990518569946	48.0	1e-06
61	6	3186	1.492936372756958	48.0	1e-06
61	7	3187	1.9511041641235352	38.0	1e-06
61	8	3188	1.4957791566848755	40.0	1e-06
61	9	3189	1.4145060777664185	54.0	1e-06
61	10	3190	1.7857327461242676	40.0	1e-06
61	11	3191	1.4503575563430786	56.0	1e-06
61	12	3192	1.0992988348007202	66.0	1e-06
61	13	3193	1.1136221885681152	68.0	1e-06
61	14	3194	1.5584036111831665	42.0	1e-06
61	15	3195	1.2816131114959717	54.0	1e-06
61	16	3196	1.5518825054168701	54.0	1e-06
61	17	3197	1.2099970579147339	52.0	1e-06
61	18	3198	1.3280529975891113	50.0	1e-06
61	19	3199	1.5313329696655273	48.0	1e-06
61	20	3200	1.434128761291504	50.0	1e-06
61	21	3201	1.3448787927627563	46.0	1e-06
61	22	3202	1.4708561897277832	44.0	1e-06
61	23	3203	1.2039942741394043	54.0	1e-06
61	24	3204	1.3450100421905518	52.0	1e-06
61	25	3205	1.5808073282241821	40.0	1e-06
61	26	3206	1.4998652935028076	54.0	1e-06
61	27	3207	1.64920973777771	40.0	1e-06
61	28	3208	1.2350612878799438	56.0	1e-06
61	29	3209	1.2550357580184937	52.0	1e-06
61	30	3210	1.5113433599472046	48.0	1e-06
61	31	3211	1.5435982942581177	52.0	1e-06
61	32	3212	1.4191980361938477	50.0	1e-06
61	33	3213	1.4610284566879272	46.0	1e-06
61	34	3214	1.3103668689727783	56.0	1e-06
61	35	3215	1.216199517250061	54.0	1e-06
61	36	3216	1.339314579963684	56.0	1e-06
61	37	3217	1.3047659397125244	56.0	1e-06
61	38	3218	1.3577778339385986	58.0	1e-06
61	39	3219	1.4798228740692139	48.0	1e-06
61	40	3220	1.3638533353805542	48.0	1e-06
61	41	3221	1.392166018486023	50.0	1e-06
61	42	3222	1.349027395248413	50.0	1e-06
61	43	3223	1.5556105375289917	54.0	1e-06
61	44	3224	1.5493932962417603	40.0	1e-06
61	45	3225	1.4724812507629395	56.0	1e-06
61	46	3226	1.4433565139770508	48.0	1e-06
61	47	3227	1.227558970451355	54.0	1e-06
61	48	3228	1.4875380992889404	42.0	1e-06
61	49	3229	1.2645734548568726	60.0	1e-06
61	50	3230	1.5024521350860596	46.0	1e-06
61	51	3231	1.2479877471923828	48.0	1e-06
61	52	3232	1.3048925399780273	66.0	1e-06
61	53	3233	1.1743371486663818	60.0	1e-06
62	1	3234	1.5617448091506958	44.0	1e-06
62	2	3235	1.2373905181884766	50.0	1e-06
62	3	3236	1.2019327878952026	58.0	1e-06
62	4	3237	1.259340763092041	60.0	1e-06
62	5	3238	1.3899316787719727	56.0	1e-06
62	6	3239	1.072803020477295	60.0	1e-06
62	7	3240	1.0491809844970703	64.0	1e-06
62	8	3241	1.253645420074463	60.0	1e-06
62	9	3242	1.2371528148651123	52.0	1e-06
62	10	3243	1.2468284368515015	58.0	1e-06
62	11	3244	1.5684963464736938	50.0	1e-06
62	12	3245	1.2969876527786255	48.0	1e-06
62	13	3246	1.2794768810272217	54.0	1e-06
62	14	3247	0.8991556763648987	76.0	1e-06
62	15	3248	1.2766358852386475	58.0	1e-06
62	16	3249	1.4581952095031738	50.0	1e-06
62	17	3250	1.5260194540023804	40.0	1e-06
62	18	3251	1.5699853897094727	48.0	1e-06
62	19	3252	1.7083996534347534	34.0	1e-06
62	20	3253	1.2287617921829224	56.0	1e-06
62	21	3254	1.2861114740371704	60.0	1e-06
62	22	3255	1.6383843421936035	44.0	1e-06
62	23	3256	1.1619125604629517	54.0	1e-06
62	24	3257	1.5936764478683472	34.0	1e-06
62	25	3258	1.693993091583252	48.0	1e-06
62	26	3259	1.3069534301757812	62.0	1e-06
62	27	3260	1.0316680669784546	74.0	1e-06
62	28	3261	1.5419827699661255	48.0	1e-06
62	29	3262	1.3364557027816772	54.0	1e-06
62	30	3263	1.2756907939910889	54.0	1e-06
62	31	3264	1.4052059650421143	54.0	1e-06
62	32	3265	1.150879979133606	56.0	1e-06
62	33	3266	1.1434799432754517	60.0	1e-06
62	34	3267	1.1070947647094727	64.0	1e-06
62	35	3268	1.462208867073059	44.0	1e-06
62	36	3269	1.4142695665359497	58.0	1e-06
62	37	3270	1.4414162635803223	50.0	1e-06
62	38	3271	1.1819846630096436	64.0	1e-06
62	39	3272	1.6780024766921997	42.0	1e-06
62	40	3273	1.0419081449508667	64.0	1e-06
62	41	3274	1.6222643852233887	56.0	1e-06
62	42	3275	1.1877403259277344	58.0	1e-06
62	43	3276	1.3702073097229004	48.0	1e-06
62	44	3277	1.304181694984436	64.0	1e-06
62	45	3278	1.2499769926071167	48.0	1e-06
62	46	3279	1.441487431526184	54.0	1e-06
62	47	3280	1.5228352546691895	50.0	1e-06
62	48	3281	1.3028233051300049	64.0	1e-06
62	49	3282	1.4734055995941162	60.0	1e-06
62	50	3283	1.7028766870498657	48.0	1e-06
62	51	3284	1.3198450803756714	56.0	1e-06
62	52	3285	1.346178412437439	50.0	1e-06
62	53	3286	1.0166175365447998	65.71428571428571	1e-06
63	1	3287	1.5982801914215088	54.0	1e-06
63	2	3288	1.197248935699463	60.0	1e-06
63	3	3289	1.208715796470642	48.0	1e-06
63	4	3290	1.3683189153671265	48.0	1e-06
63	5	3291	1.2094752788543701	58.0	1e-06
63	6	3292	1.1753041744232178	60.0	1e-06
63	7	3293	1.285386323928833	52.0	1e-06
63	8	3294	1.5575568675994873	50.0	1e-06
63	9	3295	1.5686885118484497	46.0	1e-06
63	10	3296	1.2460834980010986	58.0	1e-06
63	11	3297	0.9166550636291504	72.0	1e-06
63	12	3298	1.5907232761383057	42.0	1e-06
63	13	3299	1.4709986448287964	50.0	1e-06
63	14	3300	1.3437358140945435	58.0	1e-06
63	15	3301	1.2304892539978027	56.0	1e-06
63	16	3302	1.3428184986114502	56.0	1e-06
63	17	3303	1.279346227645874	52.0	1e-06
63	18	3304	1.3590999841690063	56.0	1e-06
63	19	3305	1.515750527381897	48.0	1e-06
63	20	3306	1.2329829931259155	56.0	1e-06
63	21	3307	1.0786031484603882	66.0	1e-06
63	22	3308	1.6425297260284424	40.0	1e-06
63	23	3309	1.1542792320251465	58.0	1e-06
63	24	3310	1.3120402097702026	54.0	1e-06
63	25	3311	1.5335240364074707	48.0	1e-06
63	26	3312	1.9907680749893188	40.0	1e-06
63	27	3313	1.5407731533050537	52.0	1e-06
63	28	3314	1.4645272493362427	48.0	1e-06
63	29	3315	1.5617343187332153	44.0	1e-06
63	30	3316	1.385837435722351	52.0	1e-06
63	31	3317	1.5729783773422241	40.0	1e-06
63	32	3318	1.473692774772644	46.0	1e-06
63	33	3319	1.4071578979492188	46.0	1e-06
63	34	3320	1.1177406311035156	62.0	1e-06
63	35	3321	1.4644763469696045	58.0	1e-06
63	36	3322	1.4222759008407593	52.0	1e-06
63	37	3323	1.0262714624404907	64.0	1e-06
63	38	3324	1.1249160766601562	62.0	1e-06
63	39	3325	1.1903507709503174	54.0	1e-06
63	40	3326	1.181616187095642	64.0	1e-06
63	41	3327	1.5412163734436035	52.0	1e-06
63	42	3328	1.0520930290222168	68.0	1e-06
63	43	3329	1.4315180778503418	52.0	1e-06
63	44	3330	1.1405589580535889	60.0	1e-06
63	45	3331	1.3781406879425049	52.0	1e-06
63	46	3332	1.4882835149765015	48.0	1e-06
63	47	3333	1.2033414840698242	64.0	1e-06
63	48	3334	1.856551170349121	42.0	1e-06
63	49	3335	1.2861831188201904	58.0	1e-06
63	50	3336	1.5883747339248657	50.0	1e-06
63	51	3337	1.5308632850646973	50.0	1e-06
63	52	3338	1.56927490234375	38.0	1e-06
63	53	3339	1.6344305276870728	54.285714285714285	1e-06
64	1	3340	2.1825485229492188	30.0	1e-06
64	2	3341	1.1636745929718018	62.0	1e-06
64	3	3342	1.0407872200012207	68.0	1e-06
64	4	3343	1.1020146608352661	64.0	1e-06
64	5	3344	1.1045787334442139	60.0	1e-06
64	6	3345	1.4103184938430786	54.0	1e-06
64	7	3346	1.226380467414856	58.0	1e-06
64	8	3347	1.2260396480560303	52.0	1e-06
64	9	3348	1.434798002243042	50.0	1e-06
64	10	3349	1.3410800695419312	58.0	1e-06
64	11	3350	1.5357177257537842	44.0	1e-06
64	12	3351	1.4515862464904785	56.0	1e-06
64	13	3352	1.3162671327590942	58.0	1e-06
64	14	3353	1.0753613710403442	66.0	1e-06
64	15	3354	1.0731725692749023	64.0	1e-06
64	16	3355	1.0677361488342285	64.0	1e-06
64	17	3356	1.2665982246398926	56.0	1e-06
64	18	3357	1.3831775188446045	52.0	1e-06
64	19	3358	1.4971157312393188	52.0	1e-06
64	20	3359	0.9817773699760437	64.0	1e-06
64	21	3360	1.0905476808547974	70.0	1e-06
64	22	3361	1.3288111686706543	60.0	1e-06
64	23	3362	1.137985110282898	62.0	1e-06
64	24	3363	1.3143699169158936	58.0	1e-06
64	25	3364	1.2109545469284058	62.0	1e-06
64	26	3365	1.1455243825912476	58.0	1e-06
64	27	3366	1.3778990507125854	48.0	1e-06
64	28	3367	1.0424991846084595	60.0	1e-06
64	29	3368	1.3562198877334595	52.0	1e-06
64	30	3369	1.1537357568740845	70.0	1e-06
64	31	3370	1.7357487678527832	34.0	1e-06
64	32	3371	1.7074352502822876	48.0	1e-06
64	33	3372	1.2779903411865234	54.0	1e-06
64	34	3373	1.122670292854309	60.0	1e-06
64	35	3374	1.2371646165847778	56.0	1e-06
64	36	3375	1.170007586479187	64.0	1e-06
64	37	3376	1.2974746227264404	54.0	1e-06
64	38	3377	1.0714665651321411	58.0	1e-06
64	39	3378	1.552902102470398	52.0	1e-06
64	40	3379	1.231436848640442	50.0	1e-06
64	41	3380	1.192406415939331	58.0	1e-06
64	42	3381	1.2418663501739502	56.0	1e-06
64	43	3382	1.3207383155822754	50.0	1e-06
64	44	3383	1.7497320175170898	50.0	1e-06
64	45	3384	1.3731892108917236	46.0	1e-06
64	46	3385	1.195203423500061	54.0	1e-06
64	47	3386	1.5871926546096802	54.0	1e-06
64	48	3387	1.4597728252410889	46.0	1e-06
64	49	3388	1.9801344871520996	28.0	1e-06
64	50	3389	1.4858812093734741	50.0	1e-06
64	51	3390	1.1498979330062866	62.0	1e-06
64	52	3391	1.3331823348999023	54.0	1e-06
64	53	3392	1.611041784286499	37.142857142857146	1e-06
65	1	3393	1.616950511932373	52.0	1e-06
65	2	3394	1.3361337184906006	46.0	1e-06
65	3	3395	1.4914770126342773	40.0	1e-06
65	4	3396	1.1978068351745605	52.0	1e-06
65	5	3397	1.450021505355835	52.0	1e-06
65	6	3398	1.3725504875183105	56.0	1e-06
65	7	3399	1.1399613618850708	70.0	1e-06
65	8	3400	1.5326570272445679	42.0	1e-06
65	9	3401	0.9768555164337158	66.0	1e-06
65	10	3402	1.226254940032959	56.0	1e-06
65	11	3403	1.223600149154663	58.0	1e-06
65	12	3404	1.3723756074905396	52.0	1e-06
65	13	3405	1.154626488685608	64.0	1e-06
65	14	3406	1.258689284324646	56.0	1e-06
65	15	3407	1.088181972503662	60.0	1e-06
65	16	3408	1.2877705097198486	54.0	1e-06
65	17	3409	1.5430855751037598	52.0	1e-06
65	18	3410	1.0223686695098877	64.0	1e-06
65	19	3411	1.1628539562225342	62.0	1e-06
65	20	3412	1.3216772079467773	52.0	1e-06
65	21	3413	1.4711706638336182	52.0	1e-06
65	22	3414	1.0547668933868408	70.0	1e-06
65	23	3415	1.0356037616729736	68.0	1e-06
65	24	3416	1.7715169191360474	38.0	1e-06
65	25	3417	1.663393497467041	38.0	1e-06
65	26	3418	1.7106537818908691	34.0	1e-06
65	27	3419	1.5897635221481323	48.0	1e-06
65	28	3420	1.568393588066101	46.0	1e-06
65	29	3421	1.3003698587417603	54.0	1e-06
65	30	3422	1.442732810974121	48.0	1e-06
65	31	3423	1.4979681968688965	50.0	1e-06
65	32	3424	1.131537914276123	58.0	1e-06
65	33	3425	1.2846348285675049	52.0	1e-06
65	34	3426	1.5510503053665161	44.0	1e-06
65	35	3427	1.2370178699493408	62.0	1e-06
65	36	3428	1.3634175062179565	56.0	1e-06
65	37	3429	1.2856906652450562	62.0	1e-06
65	38	3430	1.4820889234542847	50.0	1e-06
65	39	3431	1.337325096130371	56.0	1e-06
65	40	3432	1.4838768243789673	46.0	1e-06
65	41	3433	1.4647703170776367	52.0	1e-06
65	42	3434	1.3871033191680908	50.0	1e-06
65	43	3435	1.2943027019500732	64.0	1e-06
65	44	3436	1.2713311910629272	56.0	1e-06
65	45	3437	1.4422595500946045	58.0	1e-06
65	46	3438	1.1195505857467651	70.0	1e-06
65	47	3439	1.1989010572433472	58.0	1e-06
65	48	3440	1.623130440711975	46.0	1e-06
65	49	3441	1.358831763267517	48.0	1e-06
65	50	3442	1.4155784845352173	38.0	1e-06
65	51	3443	1.0253392457962036	64.0	1e-06
65	52	3444	1.2927191257476807	62.0	1e-06
65	53	3445	1.2490179538726807	62.857142857142854	1e-06
66	1	3446	1.4536112546920776	44.0	1e-06
66	2	3447	1.057349443435669	64.0	1e-06
66	3	3448	1.4068516492843628	52.0	1e-06
66	4	3449	1.3009331226348877	52.0	1e-06
66	5	3450	1.424497365951538	42.0	1e-06
66	6	3451	1.6040441989898682	48.0	1e-06
66	7	3452	1.021112322807312	68.0	1e-06
66	8	3453	1.197168231010437	62.0	1e-06
66	9	3454	0.846118152141571	74.0	1e-06
66	10	3455	1.486019492149353	52.0	1e-06
66	11	3456	1.299285888671875	64.0	1e-06
66	12	3457	1.4128901958465576	58.0	1e-06
66	13	3458	1.5134284496307373	52.0	1e-06
66	14	3459	1.1779462099075317	58.0	1e-06
66	15	3460	1.3118504285812378	58.0	1e-06
66	16	3461	1.4982424974441528	48.0	1e-06
66	17	3462	1.2108834981918335	62.0	1e-06
66	18	3463	1.3061219453811646	58.0	1e-06
66	19	3464	1.047256350517273	72.0	1e-06
66	20	3465	1.079252004623413	58.0	1e-06
66	21	3466	1.4155802726745605	58.0	1e-06
66	22	3467	1.5095794200897217	54.0	1e-06
66	23	3468	1.6575709581375122	44.0	1e-06
66	24	3469	1.3180502653121948	52.0	1e-06
66	25	3470	0.949228823184967	64.0	1e-06
66	26	3471	1.2682245969772339	62.0	1e-06
66	27	3472	1.319692850112915	60.0	1e-06
66	28	3473	1.4496139287948608	48.0	1e-06
66	29	3474	1.3735694885253906	52.0	1e-06
66	30	3475	1.0558079481124878	66.0	1e-06
66	31	3476	1.5703107118606567	40.0	1e-06
66	32	3477	1.1802235841751099	58.0	1e-06
66	33	3478	1.282593846321106	52.0	1e-06
66	34	3479	1.1792285442352295	62.0	1e-06
66	35	3480	1.5315645933151245	46.0	1e-06
66	36	3481	1.2633508443832397	54.0	1e-06
66	37	3482	1.0951205492019653	58.0	1e-06
66	38	3483	1.2548115253448486	54.0	1e-06
66	39	3484	1.8275017738342285	42.0	1e-06
66	40	3485	1.1999938488006592	66.0	1e-06
66	41	3486	1.3978205919265747	52.0	1e-06
66	42	3487	1.3037654161453247	52.0	1e-06
66	43	3488	1.3857580423355103	50.0	1e-06
66	44	3489	1.1444296836853027	54.0	1e-06
66	45	3490	1.0877381563186646	64.0	1e-06
66	46	3491	1.1073329448699951	62.0	1e-06
66	47	3492	1.2952743768692017	52.0	1e-06
66	48	3493	1.1812537908554077	60.0	1e-06
66	49	3494	1.5345547199249268	48.0	1e-06
66	50	3495	1.169208288192749	50.0	1e-06
66	51	3496	1.3655221462249756	48.0	1e-06
66	52	3497	1.1010431051254272	62.0	1e-06
66	53	3498	2.002502202987671	40.0	1e-06
67	1	3499	1.3129407167434692	60.0	1e-06
67	2	3500	1.1568106412887573	62.0	1e-06
67	3	3501	1.36686372756958	54.0	1e-06
67	4	3502	1.7849613428115845	30.0	1e-06
67	5	3503	1.05709969997406	64.0	1e-06
67	6	3504	1.0083256959915161	66.0	1e-06
67	7	3505	1.3527637720108032	54.0	1e-06
67	8	3506	1.569311499595642	46.0	1e-06
67	9	3507	1.5276594161987305	44.0	1e-06
67	10	3508	1.7441121339797974	44.0	1e-06
67	11	3509	1.130560040473938	64.0	1e-06
67	12	3510	1.1882189512252808	58.0	1e-06
67	13	3511	1.4011869430541992	44.0	1e-06
67	14	3512	1.312902569770813	50.0	1e-06
67	15	3513	1.2129664421081543	60.0	1e-06
67	16	3514	1.2047358751296997	62.0	1e-06
67	17	3515	1.133005142211914	64.0	1e-06
67	18	3516	1.1809566020965576	54.0	1e-06
67	19	3517	1.374677300453186	52.0	1e-06
67	20	3518	1.1169017553329468	64.0	1e-06
67	21	3519	1.021367073059082	62.0	1e-06
67	22	3520	1.6329164505004883	54.0	1e-06
67	23	3521	0.9455823302268982	68.0	1e-06
67	24	3522	1.5279960632324219	56.0	1e-06
67	25	3523	1.3275259733200073	56.0	1e-06
67	26	3524	1.1122307777404785	62.0	1e-06
67	27	3525	1.628167748451233	46.0	1e-06
67	28	3526	1.2606892585754395	56.0	1e-06
67	29	3527	1.1124058961868286	62.0	1e-06
67	30	3528	1.4877450466156006	42.0	1e-06
67	31	3529	1.2186298370361328	52.0	1e-06
67	32	3530	1.2090524435043335	64.0	1e-06
67	33	3531	1.133956789970398	52.0	1e-06
67	34	3532	1.249894142150879	58.0	1e-06
67	35	3533	0.9560211300849915	70.0	1e-06
67	36	3534	1.1035902500152588	64.0	1e-06
67	37	3535	1.4636002779006958	48.0	1e-06
67	38	3536	1.4985119104385376	54.0	1e-06
67	39	3537	1.0326837301254272	60.0	1e-06
67	40	3538	1.7064510583877563	42.0	1e-06
67	41	3539	1.3639247417449951	50.0	1e-06
67	42	3540	1.4448775053024292	50.0	1e-06
67	43	3541	1.4878944158554077	48.0	1e-06
67	44	3542	1.2434475421905518	52.0	1e-06
67	45	3543	1.4480299949645996	46.0	1e-06
67	46	3544	1.2763943672180176	52.0	1e-06
67	47	3545	1.1889480352401733	58.0	1e-06
67	48	3546	1.160844326019287	62.0	1e-06
67	49	3547	1.2333455085754395	58.0	1e-06
67	50	3548	1.3539369106292725	56.0	1e-06
67	51	3549	1.2748068571090698	54.0	1e-06
67	52	3550	1.7098884582519531	44.0	1e-06
67	53	3551	1.2528146505355835	48.57142857142857	1e-06
68	1	3552	1.2124300003051758	62.0	1e-06
68	2	3553	1.3633012771606445	58.0	1e-06
68	3	3554	1.3277418613433838	50.0	1e-06
68	4	3555	1.5231335163116455	50.0	1e-06
68	5	3556	1.0793585777282715	66.0	1e-06
68	6	3557	1.8072093725204468	36.0	1e-06
68	7	3558	1.123378038406372	56.0	1e-06
68	8	3559	1.2211018800735474	52.0	1e-06
68	9	3560	1.0463570356369019	70.0	1e-06
68	10	3561	1.1447949409484863	64.0	1e-06
68	11	3562	1.4265999794006348	44.0	1e-06
68	12	3563	1.660788893699646	44.0	1e-06
68	13	3564	1.3484258651733398	54.0	1e-06
68	14	3565	1.3321014642715454	56.0	1e-06
68	15	3566	1.1606448888778687	58.0	1e-06
68	16	3567	1.1771374940872192	64.0	1e-06
68	17	3568	1.4653770923614502	52.0	1e-06
68	18	3569	1.2686676979064941	50.0	1e-06
68	19	3570	1.3162469863891602	54.0	1e-06
68	20	3571	1.3899023532867432	42.0	1e-06
68	21	3572	1.3541146516799927	58.0	1e-06
68	22	3573	1.234857439994812	56.0	1e-06
68	23	3574	1.1484646797180176	68.0	1e-06
68	24	3575	1.25543212890625	62.0	1e-06
68	25	3576	1.1444971561431885	58.0	1e-06
68	26	3577	1.051488995552063	64.0	1e-06
68	27	3578	1.6738735437393188	56.0	1e-06
68	28	3579	1.1671242713928223	64.0	1e-06
68	29	3580	1.6761794090270996	48.0	1e-06
68	30	3581	1.2100894451141357	46.0	1e-06
68	31	3582	1.4283061027526855	54.0	1e-06
68	32	3583	1.2596075534820557	58.0	1e-06
68	33	3584	1.2772103548049927	64.0	1e-06
68	34	3585	1.2697196006774902	54.0	1e-06
68	35	3586	1.3151850700378418	48.0	1e-06
68	36	3587	1.1542620658874512	56.0	1e-06
68	37	3588	0.9773324728012085	56.0	1e-06
68	38	3589	1.4042503833770752	50.0	1e-06
68	39	3590	1.2737427949905396	62.0	1e-06
68	40	3591	1.3235077857971191	58.0	1e-06
68	41	3592	1.0372942686080933	64.0	1e-06
68	42	3593	1.255236029624939	58.0	1e-06
68	43	3594	1.331990361213684	54.0	1e-06
68	44	3595	1.1972920894622803	66.0	1e-06
68	45	3596	1.3058562278747559	56.0	1e-06
68	46	3597	1.432274580001831	52.0	1e-06
68	47	3598	1.227508783340454	52.0	1e-06
68	48	3599	1.2737635374069214	56.0	1e-06
68	49	3600	1.3050446510314941	50.0	1e-06
68	50	3601	1.2562333345413208	54.0	1e-06
68	51	3602	1.4148138761520386	54.0	1e-06
68	52	3603	1.3079726696014404	50.0	1e-06
68	53	3604	1.168755292892456	65.71428571428571	1e-06
69	1	3605	1.2881580591201782	52.0	1e-06
69	2	3606	1.5395115613937378	42.0	1e-06
69	3	3607	1.0973106622695923	62.0	1e-06
69	4	3608	1.073943018913269	64.0	1e-06
69	5	3609	1.1755274534225464	54.0	1e-06
69	6	3610	1.4228651523590088	56.0	1e-06
69	7	3611	1.4559522867202759	56.0	1e-06
69	8	3612	1.0023207664489746	62.0	1e-06
69	9	3613	1.2410842180252075	60.0	1e-06
69	10	3614	1.230292558670044	62.0	1e-06
69	11	3615	1.0715636014938354	58.0	1e-06
69	12	3616	1.2875735759735107	58.0	1e-06
69	13	3617	1.4293588399887085	54.0	1e-06
69	14	3618	1.1555405855178833	64.0	1e-06
69	15	3619	1.4434292316436768	48.0	1e-06
69	16	3620	1.502394676208496	50.0	1e-06
69	17	3621	1.6060596704483032	52.0	1e-06
69	18	3622	1.2467858791351318	54.0	1e-06
69	19	3623	1.4882261753082275	52.0	1e-06
69	20	3624	0.8476312756538391	76.0	1e-06
69	21	3625	1.3256932497024536	56.0	1e-06
69	22	3626	1.1337676048278809	60.0	1e-06
69	23	3627	1.3326442241668701	62.0	1e-06
69	24	3628	1.0639865398406982	64.0	1e-06
69	25	3629	1.0748019218444824	60.0	1e-06
69	26	3630	1.0911885499954224	72.0	1e-06
69	27	3631	1.0265947580337524	72.0	1e-06
69	28	3632	1.1912527084350586	60.0	1e-06
69	29	3633	1.5669124126434326	44.0	1e-06
69	30	3634	1.1571534872055054	60.0	1e-06
69	31	3635	1.403770923614502	54.0	1e-06
69	32	3636	1.2093513011932373	58.0	1e-06
69	33	3637	0.9996498227119446	64.0	1e-06
69	34	3638	1.1773735284805298	64.0	1e-06
69	35	3639	1.5255378484725952	52.0	1e-06
69	36	3640	1.413931131362915	46.0	1e-06
69	37	3641	1.1708292961120605	66.0	1e-06
69	38	3642	1.2004292011260986	52.0	1e-06
69	39	3643	1.2720423936843872	58.0	1e-06
69	40	3644	1.157556176185608	54.0	1e-06
69	41	3645	1.599901556968689	46.0	1e-06
69	42	3646	1.4131747484207153	54.0	1e-06
69	43	3647	0.889052152633667	68.0	1e-06
69	44	3648	1.3626301288604736	50.0	1e-06
69	45	3649	1.154857873916626	62.0	1e-06
69	46	3650	1.389551043510437	56.0	1e-06
69	47	3651	1.299198031425476	52.0	1e-06
69	48	3652	1.2125325202941895	54.0	1e-06
69	49	3653	1.0965452194213867	66.0	1e-06
69	50	3654	1.563151240348816	44.0	1e-06
69	51	3655	1.1294268369674683	58.0	1e-06
69	52	3656	0.8793778419494629	74.0	1e-06
69	53	3657	1.1171411275863647	57.142857142857146	1e-06
70	1	3658	1.128169298171997	58.0	1e-06
70	2	3659	1.2605304718017578	60.0	1e-06
70	3	3660	1.3500382900238037	58.0	1e-06
70	4	3661	1.6325268745422363	50.0	1e-06
70	5	3662	1.2062883377075195	54.0	1e-06
70	6	3663	1.3073841333389282	50.0	1e-06
70	7	3664	1.3342279195785522	58.0	1e-06
70	8	3665	1.0545802116394043	66.0	1e-06
70	9	3666	1.219882845878601	52.0	1e-06
70	10	3667	1.5704132318496704	54.0	1e-06
70	11	3668	1.260045051574707	62.0	1e-06
70	12	3669	1.0292599201202393	66.0	1e-06
70	13	3670	1.2217583656311035	56.0	1e-06
70	14	3671	1.3051263093948364	56.0	1e-06
70	15	3672	1.1542755365371704	64.0	1e-06
70	16	3673	1.210501790046692	60.0	1e-06
70	17	3674	1.5700892210006714	46.0	1e-06
70	18	3675	1.3878649473190308	60.0	1e-06
70	19	3676	1.1795529127120972	70.0	1e-06
70	20	3677	1.1068631410598755	56.0	1e-06
70	21	3678	1.1644107103347778	62.0	1e-06
70	22	3679	1.3034679889678955	56.0	1e-06
70	23	3680	1.376157283782959	52.0	1e-06
70	24	3681	1.1717897653579712	58.0	1e-06
70	25	3682	1.1543546915054321	60.0	1e-06
70	26	3683	1.952197551727295	42.0	1e-06
70	27	3684	1.5615617036819458	46.0	1e-06
70	28	3685	1.2769577503204346	54.0	1e-06
70	29	3686	0.9856125116348267	66.0	1e-06
70	30	3687	1.0630197525024414	62.0	1e-06
70	31	3688	1.1972333192825317	60.0	1e-06
70	32	3689	1.2672340869903564	56.0	1e-06
70	33	3690	1.1317176818847656	70.0	1e-06
70	34	3691	1.0455985069274902	68.0	1e-06
70	35	3692	1.3253111839294434	56.0	1e-06
70	36	3693	1.0779848098754883	62.0	1e-06
70	37	3694	1.1669553518295288	62.0	1e-06
70	38	3695	1.1309175491333008	64.0	1e-06
70	39	3696	1.5517808198928833	44.0	1e-06
70	40	3697	1.4742398262023926	38.0	1e-06
70	41	3698	1.480262279510498	50.0	1e-06
70	42	3699	1.293271541595459	60.0	1e-06
70	43	3700	0.8717453479766846	80.0	1e-06
70	44	3701	1.0501259565353394	68.0	1e-06
70	45	3702	1.264410376548767	64.0	1e-06
70	46	3703	1.2664602994918823	52.0	1e-06
70	47	3704	1.1118425130844116	60.0	1e-06
70	48	3705	1.2281458377838135	60.0	1e-06
70	49	3706	1.37229323387146	58.0	1e-06
70	50	3707	1.07127845287323	64.0	1e-06
70	51	3708	1.3651268482208252	50.0	1e-06
70	52	3709	1.0096298456192017	64.0	1e-06
70	53	3710	1.135596513748169	62.857142857142854	1e-06
71	1	3711	0.9319705367088318	66.0	1e-06
71	2	3712	1.3579591512680054	58.0	1e-06
71	3	3713	1.1784510612487793	66.0	1e-06
71	4	3714	1.211214542388916	56.0	1e-06
71	5	3715	1.2443575859069824	62.0	1e-06
71	6	3716	1.0405219793319702	62.0	1e-06
71	7	3717	1.3613451719284058	50.0	1e-06
71	8	3718	1.0946604013442993	62.0	1e-06
71	9	3719	1.4698257446289062	54.0	1e-06
71	10	3720	1.2931922674179077	48.0	1e-06
71	11	3721	1.1349468231201172	60.0	1e-06
71	12	3722	1.1598596572875977	62.0	1e-06
71	13	3723	1.0296814441680908	66.0	1e-06
71	14	3724	1.1166942119598389	66.0	1e-06
71	15	3725	1.2642295360565186	64.0	1e-06
71	16	3726	1.3409351110458374	50.0	1e-06
71	17	3727	1.3673666715621948	48.0	1e-06
71	18	3728	1.4805485010147095	56.0	1e-06
71	19	3729	1.4001364707946777	54.0	1e-06
71	20	3730	0.9926658868789673	66.0	1e-06
71	21	3731	0.9697396159172058	68.0	1e-06
71	22	3732	1.1264736652374268	62.0	1e-06
71	23	3733	1.4547618627548218	48.0	1e-06
71	24	3734	1.2782528400421143	52.0	1e-06
71	25	3735	0.9403811693191528	70.0	1e-06
71	26	3736	1.311137080192566	52.0	1e-06
71	27	3737	1.0803524255752563	56.0	1e-06
71	28	3738	1.3807786703109741	54.0	1e-06
71	29	3739	0.944632351398468	68.0	1e-06
71	30	3740	1.482541561126709	48.0	1e-06
71	31	3741	1.155789852142334	58.0	1e-06
71	32	3742	1.1568135023117065	60.0	1e-06
71	33	3743	1.2878974676132202	60.0	1e-06
71	34	3744	1.4086079597473145	46.0	1e-06
71	35	3745	1.2386316061019897	58.0	1e-06
71	36	3746	1.1144099235534668	66.0	1e-06
71	37	3747	1.2590922117233276	54.0	1e-06
71	38	3748	1.0407423973083496	68.0	1e-06
71	39	3749	1.0459644794464111	60.0	1e-06
71	40	3750	1.4389146566390991	52.0	1e-06
71	41	3751	1.2779682874679565	48.0	1e-06
71	42	3752	1.1947886943817139	58.0	1e-06
71	43	3753	1.4769457578659058	52.0	1e-06
71	44	3754	1.355538010597229	46.0	1e-06
71	45	3755	1.5448884963989258	50.0	1e-06
71	46	3756	1.147907018661499	64.0	1e-06
71	47	3757	1.2346885204315186	56.0	1e-06
71	48	3758	1.5706692934036255	44.0	1e-06
71	49	3759	1.198591947555542	58.0	1e-06
71	50	3760	1.2360107898712158	56.0	1e-06
71	51	3761	1.2457685470581055	54.0	1e-06
71	52	3762	1.100272536277771	60.0	1e-06
71	53	3763	1.3356174230575562	57.142857142857146	1e-06
72	1	3764	1.1585299968719482	62.0	1e-06
72	2	3765	1.2503067255020142	58.0	1e-06
72	3	3766	1.6567796468734741	46.0	1e-06
72	4	3767	1.2259418964385986	54.0	1e-06
72	5	3768	1.4102609157562256	54.0	1e-06
72	6	3769	1.479220986366272	44.0	1e-06
72	7	3770	1.0050537586212158	64.0	1e-06
72	8	3771	1.0415246486663818	66.0	1e-06
72	9	3772	1.417016625404358	46.0	1e-06
72	10	3773	0.8963693976402283	76.0	1e-06
72	11	3774	1.22146737575531	64.0	1e-06
72	12	3775	1.176845908164978	52.0	1e-06
72	13	3776	1.3581609725952148	52.0	1e-06
72	14	3777	0.9935796856880188	70.0	1e-06
72	15	3778	1.087234616279602	68.0	1e-06
72	16	3779	1.0624892711639404	60.0	1e-06
72	17	3780	1.0505189895629883	60.0	1e-06
72	18	3781	1.5290358066558838	50.0	1e-06
72	19	3782	1.0367536544799805	66.0	1e-06
72	20	3783	1.2862478494644165	56.0	1e-06
72	21	3784	1.320274829864502	62.0	1e-06
72	22	3785	1.3796052932739258	54.0	1e-06
72	23	3786	1.3284602165222168	52.0	1e-06
72	24	3787	1.1667428016662598	64.0	1e-06
72	25	3788	1.1307443380355835	58.0	1e-06
72	26	3789	1.2430981397628784	64.0	1e-06
72	27	3790	1.3245347738265991	56.0	1e-06
72	28	3791	1.0617765188217163	64.0	1e-06
72	29	3792	1.1079283952713013	58.0	1e-06
72	30	3793	1.0622024536132812	64.0	1e-06
72	31	3794	1.2055065631866455	62.0	1e-06
72	32	3795	1.031843900680542	60.0	1e-06
72	33	3796	1.1219894886016846	64.0	1e-06
72	34	3797	1.2982996702194214	54.0	1e-06
72	35	3798	1.1147342920303345	60.0	1e-06
72	36	3799	1.1151187419891357	62.0	1e-06
72	37	3800	1.050948143005371	64.0	1e-06
72	38	3801	1.3321104049682617	60.0	1e-06
72	39	3802	1.3410651683807373	56.0	1e-06
72	40	3803	1.4257699251174927	52.0	1e-06
72	41	3804	1.3282455205917358	56.0	1e-06
72	42	3805	1.3597323894500732	56.0	1e-06
72	43	3806	1.4559581279754639	50.0	1e-06
72	44	3807	1.274827241897583	60.0	1e-06
72	45	3808	1.2614002227783203	58.0	1e-06
72	46	3809	1.1557018756866455	62.0	1e-06
72	47	3810	1.4570515155792236	52.0	1e-06
72	48	3811	1.4935400485992432	44.0	1e-06
72	49	3812	1.254002571105957	54.0	1e-06
72	50	3813	0.9007560610771179	70.0	1e-06
72	51	3814	1.068538784980774	58.0	1e-06
72	52	3815	1.2606570720672607	56.0	1e-06
72	53	3816	0.9652076959609985	62.857142857142854	1e-06
73	1	3817	1.3022618293762207	56.0	1e-06
73	2	3818	1.0017526149749756	62.0	1e-06
73	3	3819	1.5879416465759277	54.0	1e-06
73	4	3820	1.2440550327301025	60.0	1e-06
73	5	3821	1.055546522140503	70.0	1e-06
73	6	3822	1.1931042671203613	58.0	1e-06
73	7	3823	1.1005542278289795	64.0	1e-06
73	8	3824	1.592850923538208	40.0	1e-06
73	9	3825	1.3534067869186401	54.0	1e-06
73	10	3826	1.153037667274475	72.0	1e-06
73	11	3827	1.103165864944458	68.0	1e-06
73	12	3828	1.442510724067688	54.0	1e-06
73	13	3829	1.007198452949524	66.0	1e-06
73	14	3830	1.173678994178772	54.0	1e-06
73	15	3831	1.5479296445846558	44.0	1e-06
73	16	3832	1.0299646854400635	64.0	1e-06
73	17	3833	1.1524227857589722	60.0	1e-06
73	18	3834	1.148379921913147	62.0	1e-06
73	19	3835	1.2481459379196167	48.0	1e-06
73	20	3836	1.27326500415802	58.0	1e-06
73	21	3837	1.1752640008926392	54.0	1e-06
73	22	3838	1.1059285402297974	60.0	1e-06
73	23	3839	1.3737616539001465	60.0	1e-06
73	24	3840	1.2147506475448608	52.0	1e-06
73	25	3841	1.1815969944000244	68.0	1e-06
73	26	3842	1.0867130756378174	62.0	1e-06
73	27	3843	1.156491756439209	62.0	1e-06
73	28	3844	1.0699175596237183	64.0	1e-06
73	29	3845	0.9737364053726196	70.0	1e-06
73	30	3846	1.090610384941101	70.0	1e-06
73	31	3847	1.018114447593689	64.0	1e-06
73	32	3848	1.5601458549499512	46.0	1e-06
73	33	3849	1.441867470741272	50.0	1e-06
73	34	3850	1.369706153869629	60.0	1e-06
73	35	3851	1.1235257387161255	64.0	1e-06
73	36	3852	0.9165467619895935	66.0	1e-06
73	37	3853	1.2796834707260132	54.0	1e-06
73	38	3854	1.2602168321609497	58.0	1e-06
73	39	3855	1.0115424394607544	68.0	1e-06
73	40	3856	1.2137188911437988	52.0	1e-06
73	41	3857	1.1956603527069092	64.0	1e-06
73	42	3858	1.2021852731704712	62.0	1e-06
73	43	3859	1.260697364807129	62.0	1e-06
73	44	3860	1.288449764251709	52.0	1e-06
73	45	3861	0.9967267513275146	70.0	1e-06
73	46	3862	1.3315911293029785	52.0	1e-06
73	47	3863	1.3438615798950195	54.0	1e-06
73	48	3864	1.0845444202423096	66.0	1e-06
73	49	3865	1.1265164613723755	68.0	1e-06
73	50	3866	1.0177797079086304	68.0	1e-06
73	51	3867	1.1055035591125488	66.0	1e-06
73	52	3868	1.2554681301116943	54.0	1e-06
73	53	3869	1.050386905670166	65.71428571428571	1e-06
74	1	3870	1.0594913959503174	70.0	1e-06
74	2	3871	1.0967124700546265	60.0	1e-06
74	3	3872	0.901294469833374	72.0	1e-06
74	4	3873	0.9326951503753662	68.0	1e-06
74	5	3874	0.9117870926856995	68.0	1e-06
74	6	3875	1.1110998392105103	64.0	1e-06
74	7	3876	1.1114305257797241	62.0	1e-06
74	8	3877	0.842539370059967	72.0	1e-06
74	9	3878	1.1107454299926758	62.0	1e-06
74	10	3879	0.9135287404060364	72.0	1e-06
74	11	3880	1.293845534324646	56.0	1e-06
74	12	3881	1.0409350395202637	62.0	1e-06
74	13	3882	0.9757432341575623	64.0	1e-06
74	14	3883	1.3060805797576904	52.0	1e-06
74	15	3884	1.1058598756790161	64.0	1e-06
74	16	3885	1.1076105833053589	64.0	1e-06
74	17	3886	1.1708561182022095	60.0	1e-06
74	18	3887	1.4575713872909546	52.0	1e-06
74	19	3888	1.542718768119812	44.0	1e-06
74	20	3889	1.5486544370651245	46.0	1e-06
74	21	3890	1.5758390426635742	46.0	1e-06
74	22	3891	0.9809776544570923	64.0	1e-06
74	23	3892	1.0685718059539795	62.0	1e-06
74	24	3893	1.2281203269958496	62.0	1e-06
74	25	3894	1.3848893642425537	50.0	1e-06
74	26	3895	1.2155883312225342	68.0	1e-06
74	27	3896	1.0348933935165405	66.0	1e-06
74	28	3897	1.0365253686904907	64.0	1e-06
74	29	3898	1.3038685321807861	58.0	1e-06
74	30	3899	1.3373253345489502	56.0	1e-06
74	31	3900	0.9808218479156494	68.0	1e-06
74	32	3901	1.0184842348098755	60.0	1e-06
74	33	3902	0.9963398575782776	64.0	1e-06
74	34	3903	0.9746091961860657	58.0	1e-06
74	35	3904	1.1811132431030273	56.0	1e-06
74	36	3905	0.7619942426681519	82.0	1e-06
74	37	3906	1.2570019960403442	60.0	1e-06
74	38	3907	1.1701205968856812	62.0	1e-06
74	39	3908	1.4407401084899902	62.0	1e-06
74	40	3909	1.3743613958358765	48.0	1e-06
74	41	3910	1.2887405157089233	54.0	1e-06
74	42	3911	1.191352367401123	60.0	1e-06
74	43	3912	1.0143488645553589	68.0	1e-06
74	44	3913	1.1776620149612427	64.0	1e-06
74	45	3914	1.2615447044372559	54.0	1e-06
74	46	3915	1.001383900642395	68.0	1e-06
74	47	3916	1.0889323949813843	58.0	1e-06
74	48	3917	0.997610867023468	64.0	1e-06
74	49	3918	1.1941726207733154	56.0	1e-06
74	50	3919	1.2640061378479004	62.0	1e-06
74	51	3920	1.1151795387268066	60.0	1e-06
74	52	3921	1.381065845489502	48.0	1e-06
74	53	3922	1.195585012435913	65.71428571428571	1e-06
75	1	3923	1.3225866556167603	58.0	1e-06
75	2	3924	1.042281150817871	64.0	1e-06
75	3	3925	1.260732650756836	56.0	1e-06
75	4	3926	1.2010279893875122	62.0	1e-06
75	5	3927	1.0878512859344482	66.0	1e-06
75	6	3928	1.2193210124969482	60.0	1e-06
75	7	3929	1.0151885747909546	64.0	1e-06
75	8	3930	0.904738187789917	76.0	1e-06
75	9	3931	1.4348901510238647	44.0	1e-06
75	10	3932	1.2636024951934814	62.0	1e-06
75	11	3933	1.2964859008789062	52.0	1e-06
75	12	3934	1.3628454208374023	54.0	1e-06
75	13	3935	1.2637927532196045	54.0	1e-06
75	14	3936	1.0130077600479126	74.0	1e-06
75	15	3937	1.435704231262207	56.0	1e-06
75	16	3938	0.9464865922927856	70.0	1e-06
75	17	3939	1.2100766897201538	62.0	1e-06
75	18	3940	1.4299813508987427	50.0	1e-06
75	19	3941	1.0927274227142334	64.0	1e-06
75	20	3942	1.1478899717330933	66.0	1e-06
75	21	3943	1.004440188407898	68.0	1e-06
75	22	3944	1.7455193996429443	46.0	1e-06
75	23	3945	0.9798203110694885	66.0	1e-06
75	24	3946	1.12867271900177	56.0	1e-06
75	25	3947	1.219530463218689	62.0	1e-06
75	26	3948	1.0666581392288208	60.0	1e-06
75	27	3949	0.9620935320854187	70.0	1e-06
75	28	3950	1.3859645128250122	52.0	1e-06
75	29	3951	1.1259921789169312	72.0	1e-06
75	30	3952	1.1761735677719116	56.0	1e-06
75	31	3953	1.522902011871338	52.0	1e-06
75	32	3954	1.2706882953643799	50.0	1e-06
75	33	3955	1.1200299263000488	70.0	1e-06
75	34	3956	1.5332403182983398	50.0	1e-06
75	35	3957	1.232347011566162	48.0	1e-06
75	36	3958	1.2603670358657837	54.0	1e-06
75	37	3959	1.0550355911254883	78.0	1e-06
75	38	3960	1.4398460388183594	56.0	1e-06
75	39	3961	1.276174783706665	62.0	1e-06
75	40	3962	0.9630126357078552	74.0	1e-06
75	41	3963	1.2449373006820679	56.0	1e-06
75	42	3964	0.9991458058357239	64.0	1e-06
75	43	3965	1.2212133407592773	56.0	1e-06
75	44	3966	1.473374843597412	48.0	1e-06
75	45	3967	1.057927131652832	60.0	1e-06
75	46	3968	1.0641776323318481	60.0	1e-06
75	47	3969	1.0699421167373657	60.0	1e-06
75	48	3970	1.2567967176437378	66.0	1e-06
75	49	3971	1.0450314283370972	64.0	1e-06
75	50	3972	1.0598887205123901	64.0	1e-06
75	51	3973	1.104669213294983	52.0	1e-06
75	52	3974	1.357935905456543	52.0	1e-06
75	53	3975	1.0077787637710571	65.71428571428571	1e-06
76	1	3976	1.057430386543274	66.0	1e-06
76	2	3977	1.0073188543319702	70.0	1e-06
76	3	3978	1.089622139930725	62.0	1e-06
76	4	3979	1.2081780433654785	56.0	1e-06
76	5	3980	1.1118407249450684	58.0	1e-06
76	6	3981	1.0498573780059814	66.0	1e-06
76	7	3982	1.05632746219635	60.0	1e-06
76	8	3983	1.2536062002182007	54.0	1e-06
76	9	3984	1.2624355554580688	62.0	1e-06
76	10	3985	1.0374928712844849	68.0	1e-06
76	11	3986	1.163195013999939	62.0	1e-06
76	12	3987	1.314272165298462	56.0	1e-06
76	13	3988	1.1360834836959839	66.0	1e-06
76	14	3989	1.2315353155136108	58.0	1e-06
76	15	3990	1.0283523797988892	64.0	1e-06
76	16	3991	1.1354920864105225	58.0	1e-06
76	17	3992	1.2229559421539307	54.0	1e-06
76	18	3993	1.1159100532531738	70.0	1e-06
76	19	3994	1.2328206300735474	58.0	1e-06
76	20	3995	1.0189467668533325	68.0	1e-06
76	21	3996	1.194663405418396	58.0	1e-06
76	22	3997	1.4260517358779907	46.0	1e-06
76	23	3998	1.411759376525879	56.0	1e-06
76	24	3999	1.0841460227966309	62.0	1e-06
76	25	4000	1.1975605487823486	56.0	1e-06
76	26	4001	0.9299324154853821	68.0	1e-06
76	27	4002	1.4422292709350586	64.0	1e-06
76	28	4003	1.1231446266174316	60.0	1e-06
76	29	4004	1.0873324871063232	70.0	1e-06
76	30	4005	1.1313276290893555	60.0	1e-06
76	31	4006	1.2651748657226562	60.0	1e-06
76	32	4007	1.3776249885559082	52.0	1e-06
76	33	4008	1.1761255264282227	66.0	1e-06
76	34	4009	1.1702991724014282	62.0	1e-06
76	35	4010	1.1601098775863647	68.0	1e-06
76	36	4011	1.353601336479187	70.0	1e-06
76	37	4012	1.189223289489746	64.0	1e-06
76	38	4013	1.2430744171142578	48.0	1e-06
76	39	4014	0.8614882826805115	68.0	1e-06
76	40	4015	1.2520660161972046	58.0	1e-06
76	41	4016	1.0436235666275024	54.0	1e-06
76	42	4017	1.2542955875396729	58.0	1e-06
76	43	4018	1.3763614892959595	54.0	1e-06
76	44	4019	1.053350567817688	60.0	1e-06
76	45	4020	1.2232780456542969	62.0	1e-06
76	46	4021	1.2172837257385254	58.0	1e-06
76	47	4022	1.344906210899353	52.0	1e-06
76	48	4023	1.0848338603973389	66.0	1e-06
76	49	4024	0.9087445735931396	62.0	1e-06
76	50	4025	1.1440649032592773	50.0	1e-06
76	51	4026	1.2734463214874268	56.0	1e-06
76	52	4027	1.1597267389297485	62.0	1e-06
76	53	4028	1.3606913089752197	54.285714285714285	1e-06
77	1	4029	0.9406028985977173	68.0	1e-06
77	2	4030	1.2550709247589111	64.0	1e-06
77	3	4031	0.9716770648956299	68.0	1e-06
77	4	4032	1.5202511548995972	46.0	1e-06
77	5	4033	1.419155240058899	56.0	1e-06
77	6	4034	1.1276946067810059	58.0	1e-06
77	7	4035	1.2539725303649902	58.0	1e-06
77	8	4036	0.9331130385398865	72.0	1e-06
77	9	4037	1.3153142929077148	56.0	1e-06
77	10	4038	1.2471740245819092	60.0	1e-06
77	11	4039	1.3017234802246094	52.0	1e-06
77	12	4040	1.10031259059906	60.0	1e-06
77	13	4041	1.1145187616348267	68.0	1e-06
77	14	4042	1.2845458984375	64.0	1e-06
77	15	4043	0.9920487403869629	64.0	1e-06
77	16	4044	0.7556408047676086	78.0	1e-06
77	17	4045	1.313319444656372	54.0	1e-06
77	18	4046	1.0084524154663086	66.0	1e-06
77	19	4047	1.2796391248703003	58.0	1e-06
77	20	4048	1.1975055932998657	64.0	1e-06
77	21	4049	0.9092282056808472	70.0	1e-06
77	22	4050	1.2480034828186035	62.0	1e-06
77	23	4051	1.155053973197937	56.0	1e-06
77	24	4052	1.5622267723083496	48.0	1e-06
77	25	4053	1.0241801738739014	62.0	1e-06
77	26	4054	1.3634642362594604	52.0	1e-06
77	27	4055	1.158365249633789	54.0	1e-06
77	28	4056	1.4428229331970215	48.0	1e-06
77	29	4057	1.272182583808899	62.0	1e-06
77	30	4058	1.2110061645507812	50.0	1e-06
77	31	4059	1.5458636283874512	50.0	1e-06
77	32	4060	1.3468258380889893	58.0	1e-06
77	33	4061	1.1344605684280396	60.0	1e-06
77	34	4062	1.1315401792526245	60.0	1e-06
77	35	4063	0.9535906314849854	70.0	1e-06
77	36	4064	1.5404046773910522	54.0	1e-06
77	37	4065	1.0926629304885864	62.0	1e-06
77	38	4066	1.343793511390686	54.0	1e-06
77	39	4067	1.6823774576187134	46.0	1e-06
77	40	4068	1.2169315814971924	68.0	1e-06
77	41	4069	1.2885887622833252	48.0	1e-06
77	42	4070	1.2767361402511597	62.0	1e-06
77	43	4071	1.0420546531677246	58.0	1e-06
77	44	4072	1.2138060331344604	62.0	1e-06
77	45	4073	1.138107180595398	62.0	1e-06
77	46	4074	1.0959246158599854	58.0	1e-06
77	47	4075	0.9894212484359741	56.0	1e-06
77	48	4076	1.0863076448440552	58.0	1e-06
77	49	4077	1.0478966236114502	68.0	1e-06
77	50	4078	0.8482134938240051	68.0	1e-06
77	51	4079	1.0063074827194214	56.0	1e-06
77	52	4080	1.264459252357483	60.0	1e-06
77	53	4081	1.0032281875610352	65.71428571428571	1e-06
78	1	4082	1.0518372058868408	56.0	1e-06
78	2	4083	1.1050324440002441	58.0	1e-06
78	3	4084	0.9260202050209045	68.0	1e-06
78	4	4085	1.288413643836975	54.0	1e-06
78	5	4086	1.1987216472625732	62.0	1e-06
78	6	4087	1.6188910007476807	46.0	1e-06
78	7	4088	1.3384970426559448	58.0	1e-06
78	8	4089	1.5011013746261597	52.0	1e-06
78	9	4090	1.1799323558807373	60.0	1e-06
78	10	4091	1.581484317779541	40.0	1e-06
78	11	4092	1.12732994556427	64.0	1e-06
78	12	4093	1.1721950769424438	62.0	1e-06
78	13	4094	1.6141700744628906	50.0	1e-06
78	14	4095	1.1867094039916992	60.0	1e-06
78	15	4096	1.3147097826004028	56.0	1e-06
78	16	4097	1.1409600973129272	58.0	1e-06
78	17	4098	1.1982616186141968	58.0	1e-06
78	18	4099	1.3926398754119873	44.0	1e-06
78	19	4100	0.9078546762466431	62.0	1e-06
78	20	4101	1.370540976524353	58.0	1e-06
78	21	4102	1.1699776649475098	60.0	1e-06
78	22	4103	0.9716052412986755	70.0	1e-06
78	23	4104	0.9722034335136414	68.0	1e-06
78	24	4105	1.0843545198440552	64.0	1e-06
78	25	4106	1.1559122800827026	58.0	1e-06
78	26	4107	0.7781901359558105	76.0	1e-06
78	27	4108	1.4106274843215942	60.0	1e-06
78	28	4109	0.9187946319580078	64.0	1e-06
78	29	4110	1.4319299459457397	50.0	1e-06
78	30	4111	1.3387272357940674	50.0	1e-06
78	31	4112	0.905789315700531	72.0	1e-06
78	32	4113	1.2556979656219482	62.0	1e-06
78	33	4114	1.1277748346328735	54.0	1e-06
78	34	4115	1.2963447570800781	54.0	1e-06
78	35	4116	1.402785301208496	46.0	1e-06
78	36	4117	1.5476924180984497	48.0	1e-06
78	37	4118	1.4010405540466309	50.0	1e-06
78	38	4119	1.0963410139083862	58.0	1e-06
78	39	4120	0.8212764263153076	70.0	1e-06
78	40	4121	0.9343485236167908	72.0	1e-06
78	41	4122	1.1757497787475586	58.0	1e-06
78	42	4123	0.9565110206604004	74.0	1e-06
78	43	4124	1.0168801546096802	56.0	1e-06
78	44	4125	1.2787607908248901	50.0	1e-06
78	45	4126	1.2438454627990723	56.0	1e-06
78	46	4127	1.246057152748108	60.0	1e-06
78	47	4128	0.8959318399429321	76.0	1e-06
78	48	4129	1.0590040683746338	70.0	1e-06
78	49	4130	1.0327253341674805	64.0	1e-06
78	50	4131	1.209395170211792	52.0	1e-06
78	51	4132	1.4038188457489014	48.0	1e-06
78	52	4133	1.3409315347671509	48.0	1e-06
78	53	4134	0.9926066994667053	62.857142857142854	1e-06
79	1	4135	1.2595672607421875	56.0	1e-06
79	2	4136	1.1279144287109375	64.0	1e-06
79	3	4137	1.2537696361541748	56.0	1e-06
79	4	4138	1.0084308385849	62.0	1e-06
79	5	4139	1.3045731782913208	60.0	1e-06
79	6	4140	1.0072630643844604	70.0	1e-06
79	7	4141	1.725699782371521	50.0	1e-06
79	8	4142	0.9639668464660645	66.0	1e-06
79	9	4143	0.8257257342338562	68.0	1e-06
79	10	4144	1.0328391790390015	66.0	1e-06
79	11	4145	0.8232775926589966	76.0	1e-06
79	12	4146	1.321959376335144	60.0	1e-06
79	13	4147	1.2536814212799072	52.0	1e-06
79	14	4148	1.2033019065856934	60.0	1e-06
79	15	4149	1.1882357597351074	66.0	1e-06
79	16	4150	1.2085553407669067	62.0	1e-06
79	17	4151	1.471200704574585	52.0	1e-06
79	18	4152	1.115293025970459	66.0	1e-06
79	19	4153	1.0948357582092285	58.0	1e-06
79	20	4154	0.9749346375465393	70.0	1e-06
79	21	4155	0.9191848039627075	70.0	1e-06
79	22	4156	0.900961697101593	72.0	1e-06
79	23	4157	1.1532806158065796	64.0	1e-06
79	24	4158	0.9182832837104797	68.0	1e-06
79	25	4159	1.2689801454544067	60.0	1e-06
79	26	4160	0.8099657297134399	62.0	1e-06
79	27	4161	1.0815261602401733	70.0	1e-06
79	28	4162	1.5164178609848022	50.0	1e-06
79	29	4163	1.0358433723449707	64.0	1e-06
79	30	4164	0.8744258284568787	64.0	1e-06
79	31	4165	1.5324597358703613	46.0	1e-06
79	32	4166	1.1775646209716797	60.0	1e-06
79	33	4167	1.0929069519042969	68.0	1e-06
79	34	4168	0.9989722967147827	70.0	1e-06
79	35	4169	1.312750220298767	46.0	1e-06
79	36	4170	1.3514453172683716	52.0	1e-06
79	37	4171	1.1527732610702515	60.0	1e-06
79	38	4172	1.2830685377120972	56.0	1e-06
79	39	4173	1.0720317363739014	58.0	1e-06
79	40	4174	0.8627638220787048	72.0	1e-06
79	41	4175	1.2549835443496704	56.0	1e-06
79	42	4176	1.2153886556625366	58.0	1e-06
79	43	4177	0.9789170026779175	70.0	1e-06
79	44	4178	1.0994473695755005	62.0	1e-06
79	45	4179	1.1295431852340698	56.0	1e-06
79	46	4180	1.1416579484939575	66.0	1e-06
79	47	4181	1.3677340745925903	58.0	1e-06
79	48	4182	1.2608163356781006	62.0	1e-06
79	49	4183	1.1738495826721191	56.0	1e-06
79	50	4184	1.018337368965149	64.0	1e-06
79	51	4185	1.4473532438278198	58.0	1e-06
79	52	4186	1.257631540298462	54.0	1e-06
79	53	4187	1.7030062675476074	37.142857142857146	1e-06
80	1	4188	1.3371471166610718	60.0	1e-06
80	2	4189	1.079471230506897	68.0	1e-06
80	3	4190	0.8703885078430176	66.0	1e-06
80	4	4191	0.8580625653266907	72.0	1e-06
80	5	4192	0.7385150194168091	76.0	1e-06
80	6	4193	0.8030267357826233	78.0	1e-06
80	7	4194	1.1740787029266357	58.0	1e-06
80	8	4195	1.092888355255127	58.0	1e-06
80	9	4196	1.0554616451263428	70.0	1e-06
80	10	4197	1.0076626539230347	62.0	1e-06
80	11	4198	1.2541550397872925	60.0	1e-06
80	12	4199	1.101927638053894	60.0	1e-06
80	13	4200	1.3141125440597534	58.0	1e-06
80	14	4201	1.5727815628051758	54.0	1e-06
80	15	4202	0.970083475112915	74.0	1e-06
80	16	4203	1.0296493768692017	68.0	1e-06
80	17	4204	1.3308082818984985	54.0	1e-06
80	18	4205	0.7529725432395935	72.0	1e-06
80	19	4206	1.0002076625823975	66.0	1e-06
80	20	4207	1.0311613082885742	66.0	1e-06
80	21	4208	1.0632833242416382	60.0	1e-06
80	22	4209	1.007206678390503	66.0	1e-06
80	23	4210	1.33707857131958	50.0	1e-06
80	24	4211	1.0968306064605713	62.0	1e-06
80	25	4212	1.0795224905014038	52.0	1e-06
80	26	4213	1.0489317178726196	64.0	1e-06
80	27	4214	1.0546119213104248	56.0	1e-06
80	28	4215	1.1864761114120483	60.0	1e-06
80	29	4216	0.9099377989768982	68.0	1e-06
80	30	4217	1.2841670513153076	54.0	1e-06
80	31	4218	1.1899932622909546	62.0	1e-06
80	32	4219	1.2030656337738037	66.0	1e-06
80	33	4220	0.7157356142997742	74.0	1e-06
80	34	4221	1.1879878044128418	52.0	1e-06
80	35	4222	1.0078933238983154	64.0	1e-06
80	36	4223	1.025130033493042	60.0	1e-06
80	37	4224	1.3304088115692139	56.0	1e-06
80	38	4225	1.1447765827178955	58.0	1e-06
80	39	4226	1.6407456398010254	48.0	1e-06
80	40	4227	1.4483124017715454	56.0	1e-06
80	41	4228	1.167055606842041	64.0	1e-06
80	42	4229	1.0767502784729004	58.0	1e-06
80	43	4230	0.9153807759284973	68.0	1e-06
80	44	4231	1.0017485618591309	72.0	1e-06
80	45	4232	0.9172079563140869	72.0	1e-06
80	46	4233	0.8816807270050049	74.0	1e-06
80	47	4234	1.4466042518615723	54.0	1e-06
80	48	4235	1.1844794750213623	58.0	1e-06
80	49	4236	1.3869531154632568	62.0	1e-06
80	50	4237	1.2805432081222534	50.0	1e-06
80	51	4238	1.3465080261230469	56.0	1e-06
80	52	4239	0.9873009324073792	62.0	1e-06
80	53	4240	1.3007992506027222	54.285714285714285	1e-06
81	1	4241	1.3278076648712158	56.0	1e-06
81	2	4242	1.2055180072784424	54.0	1e-06
81	3	4243	1.1449787616729736	68.0	1e-06
81	4	4244	1.4210048913955688	62.0	1e-06
81	5	4245	0.9383515119552612	72.0	1e-06
81	6	4246	0.9565094709396362	70.0	1e-06
81	7	4247	0.8067426085472107	76.0	1e-06
81	8	4248	1.5625033378601074	48.0	1e-06
81	9	4249	1.07855224609375	64.0	1e-06
81	10	4250	1.2846767902374268	48.0	1e-06
81	11	4251	1.2910858392715454	50.0	1e-06
81	12	4252	1.110801339149475	62.0	1e-06
81	13	4253	1.227724313735962	56.0	1e-06
81	14	4254	1.4044184684753418	52.0	1e-06
81	15	4255	1.28800368309021	62.0	1e-06
81	16	4256	1.177772879600525	64.0	1e-06
81	17	4257	1.001367449760437	66.0	1e-06
81	18	4258	1.1212449073791504	62.0	1e-06
81	19	4259	0.953452467918396	78.0	1e-06
81	20	4260	1.3115477561950684	56.0	1e-06
81	21	4261	1.259698748588562	56.0	1e-06
81	22	4262	0.9835571050643921	66.0	1e-06
81	23	4263	1.6800789833068848	52.0	1e-06
81	24	4264	1.04671049118042	70.0	1e-06
81	25	4265	1.3720152378082275	56.0	1e-06
81	26	4266	1.4569783210754395	48.0	1e-06
81	27	4267	1.4143754243850708	52.0	1e-06
81	28	4268	1.0128123760223389	62.0	1e-06
81	29	4269	1.6050055027008057	44.0	1e-06
81	30	4270	1.0405910015106201	60.0	1e-06
81	31	4271	1.5900065898895264	46.0	1e-06
81	32	4272	1.0613960027694702	66.0	1e-06
81	33	4273	1.3633044958114624	58.0	1e-06
81	34	4274	0.9781203269958496	68.0	1e-06
81	35	4275	0.9202939867973328	66.0	1e-06
