epoch	loss	acc	lr
41	1.702041364937625	42.922201138519924	1e-06
42	1.6388185040095726	41.66982922201139	1e-06
43	1.6211920544589946	43.45351043643264	1e-06
44	1.6604840133402787	42.732447817836814	1e-06
45	1.6036316206152117	44.47817836812144	1e-06
46	1.6193409194530075	42.96015180265655	1e-06
47	1.548920264958883	46.299810246679314	1e-06
48	1.5796425656982798	45.95825426944972	1e-06
49	1.542135869981668	46.79316888045541	1e-06
50	1.5186134065577381	47.55218216318786	1e-06
51	1.5156468784107882	48.76660341555977	1e-06
52	1.5007057244230266	48.23529411764706	1e-06
53	1.5143595875101252	47.43833017077799	1e-06
54	1.4883733772914822	48.95635673624288	1e-06
55	1.4255073407569465	50.47438330170778	1e-06
56	1.4716863498742032	49.487666034155595	1e-06
57	1.4106806358304829	51.61290322580645	1e-06
58	1.4280131575730992	49.86717267552182	1e-06
59	1.3931117962614634	52.22011385199241	1e-06
60	1.374006393964648	52.0303605313093	1e-06
61	1.4157771720379535	50.74003795066414	1e-06
62	1.3428994163842536	54.383301707779886	1e-06
63	1.3767410340300095	53.16888045540797	1e-06
64	1.3214516234805054	54.95256166982922	1e-06
65	1.3435863778984751	54.04174573055028	1e-06
66	1.306108802274237	55.40796963946869	1e-06
67	1.3060585839472414	54.80075901328273	1e-06
68	1.2933084295189585	55.673624288425046	1e-06
69	1.249931580880109	57.64705882352941	1e-06
70	1.2532711906722647	58.21631878557875	1e-06
71	1.2353974981145117	57.34345351043643	1e-06
72	1.2230009412855984	58.40607210626186	1e-06
73	1.20074512225627	59.88614800759013	1e-06
74	1.1513528500381411	60.94876660341556	1e-06
75	1.196967973428614	60.03795066413662	1e-06
76	1.1735675190160124	60.41745730550284	1e-06
77	1.1891233448285532	59.62049335863377	1e-06
78	1.1914829657018977	58.59582542694497	1e-06
79	1.1578443208727032	61.06261859582543	1e-06
80	1.1164977179532711	62.16318785578748	1e-06
