epoch	epistemic	aleatoric	random_param_mean	random_param_log_alpha	total_param_mean	total_param_log_alpha
1	1.6925372453430176e-06	0.12340466280986584	0	0	0	0
2	4.4805608233264294e-05	0.12816099953227633	0	0	0	0
3	0.0005762055633178192	0.2051775043975016	0	0	0	0
4	0.00418292548002655	0.18882200921067446	0	0	0	0
5	0.005502646959379021	0.19522286528548555	0	0	0	0
6	0.01851863994811602	0.1954158780225434	0	0	0	0
7	0.016395131997031825	0.185499397328979	0	0	0	0
8	0.0056359409118157955	0.17497729582429236	0	0	0	0
9	0.02029899431179838	0.22937500412041079	0	0	0	0
10	0.01605409630098746	0.19878370648721838	0	0	0	0
11	0.0018290995606826677	0.18570285561920924	0	0	0	0
12	0.010015908928683759	0.2029321476436575	0	0	0	0
13	0.05046289633212364	0.07133678102516194	0	0	0	0
14	0.010699286643745906	0.2085904419033146	0	0	0	0
15	0.05026121940590261	0.19116250906017251	0	0	0	0
16	0.011305529449330165	0.22603729332755906	0	0	0	0
17	0.025906564120735776	0.21409107584313813	0	0	0	0
18	0.031215772711809198	0.21591147232801033	0	0	0	0
19	0.03427504134333942	0.20307562973729829	0	0	0	0
20	0.07918410586157393	0.17027924357459864	0	0	0	0
21	0.0024351681221503746	0.20111788591150936	0	0	0	0
22	0.042070273088041565	0.03327690297189356	0	0	0	0
23	0.01857803376126796	0.20883309966919958	0	0	0	0
24	0.0312653395416122	0.1945708006928562	0	0	0	0
25	0.02349535977198175	0.20883875808503924	0	0	0	0
26	0.0179523623800647	0.23119159955091384	0	0	0	0
27	0.01219699226552795	0.22551129400963818	0	0	0	0
28	0.020995872808294375	0.21843745853904303	0	0	0	0
1	8.779760502820866e-07	0.11599862418305247	0	0	0	0
2	1.205102857205348e-05	0.13437718960927206	0	0	0	0
3	0.00013048404855558332	0.18245496486194362	0	0	0	0
4	0.00043075455389023076	0.17247260173941145	0	0	0	0
5	0.00045107468009985413	0.16700686672595308	0	0	0	0
6	0.0088370401722494	0.17411333631904563	0	0	0	0
7	0.0024768253858861444	0.15771175718527833	0	0	0	0
8	0.004578473005542129	0.1630879057990318	0	0	0	0
9	0.01186859595544483	0.2023613885711674	0	0	0	0
10	0.007153106141561394	0.1801475129616462	0	0	0	0
11	0.0030533724605503187	0.1633754600271645	0	0	0	0
12	0.05122281339958268	0.1971318572113661	0	0	0	0
13	0.05346565540678744	0.17801857691670672	0	0	0	0
14	0.0054432936907287816	0.18804289215436293	0	0	0	0
15	0.0033971732584722886	0.1800403363954599	0	0	0	0
16	0.021827636761220584	0.2030344645684612	0	0	0	0
17	0.04216945424527002	0.19861424068868527	0	0	0	0
18	0.026787034566151113	0.19533447300964127	0	0	0	0
19	0.01649836974929808	0.18216631653406898	0	0	0	0
20	0.021451701221486208	0.19646029833100953	0	0	0	0
21	0.006133294623370769	0.20088785568394354	0	0	0	0
22	0.021750150915688493	0.1981993177319637	0	0	0	0
23	0.011267338484707637	0.20778983921062505	0	0	0	0
24	0.01958760351803719	0.20265264009479236	0	0	0	0
25	0.013197982063569175	0.21239946256629208	0	0	0	0
26	0.028869856862253768	0.21426709807702546	0	0	0	0
27	0.014459860833004323	0.21289216599799682	0	0	0	0
28	0.02533312595013268	0.21076617402264633	0	0	0	0
29	0.02427302108830809	0.2088646357686621	0	0	0	0
30	0.059506951709682954	0.1904674546844111	0	0	0	0
31	0.027870107112919346	0.21587709439163796	0	0	0	0
32	0.02159994729442577	0.22756268297947393	0	0	0	0
33	0.013102627796162891	0.22522968698707244	0	0	0	0
34	0.028910407926707182	0.21164052775497838	0	0	0	0
35	0.017760701129267475	0.230139708162248	0	0	0	0
36	0.050574162435146564	0.19726645285829916	0	0	0	0
37	0.033906841939681825	0.2117315514009729	0	0	0	0
38	0.06402717974081795	0.18593159423325836	0	0	0	0
39	0.029191647396243164	0.2138981343264071	0	0	0	0
40	0.028925692866158648	0.20567982160833073	0	0	0	0
41	0.050180024070683504	0.19906108824613608	0	0	0	0
42	0.04587555343510996	0.20327931981049369	0	0	0	0
43	0.02653601721707352	0.2227362312047407	0	0	0	0
44	0.049767307614884765	0.19673508959099384	0	0	0	0
45	0.039237227679560394	0.20996177703686025	0	0	0	0
46	0.036850995570425926	0.21230198731159758	0	0	0	0
47	0.031642153285256935	0.21438898753590457	0	0	0	0
48	0.035029506300246815	0.21487817938155285	0	0	0	0
49	0.04266835330592872	0.2070355107016599	0	0	0	0
50	0.04102005539598791	0.19870259890026848	0	0	0	0
51	0.028834612725944175	0.21957349303465126	0	0	0	0
52	0.0260236219644841	0.2239587124710956	0	0	0	0
53	0.04046303588014011	0.20922323644258475	0	0	0	0
54	0.04204369033391203	0.2024957703043295	0	0	0	0
55	0.035736514243697504	0.21426175815083348	0	0	0	0
56	0.045875401257780835	0.19149147073999173	0	0	0	0
57	0.03901923968434046	0.2094237415283515	0	0	0	0
58	0.03759149685347246	0.20764174677512787	0	0	0	0
59	0.03280350825605241	0.21617861978794592	0	0	0	0
60	0.029623615405621806	0.22018770827216436	0	0	0	0
61	0.04645250075749929	0.20200667072085027	0	0	0	0
62	0.036569774410324024	0.21288492309194695	0	0	0	0
63	0.04082440445710411	0.20909439365505453	0	0	0	0
64	0.028581050749831194	0.1054303300860598	0	0	0	0
65	0.023250488499966054	0.22624863020007702	0	0	0	0
66	0.04873384377019241	0.189547978947604	0	0	0	0
67	0.03884580230726098	0.19811099492998135	0	0	0	0
68	0.039025226685562575	0.1990733876025339	0	0	0	0
69	0.053518400142804734	0.18859361343481054	0	0	0	0
70	0.05998265345536602	0.15257411581021155	0	0	0	0
71	0.03679990828266866	0.21033883155691022	0	0	0	0
72	0.05625953441267828	0.1784362102156854	0	0	0	0
73	0.0398315905488808	0.2015473753638836	0	0	0	0
74	0.054521919264909124	0.17614365318010067	0	0	0	0
75	0.040778911744101476	0.1845733265189742	0	0	0	0
76	0.05725123104842267	0.18371530224805577	0	0	0	0
77	0.05454653271787274	0.1890613234322138	0	0	0	0
78	0.054215725902801604	0.1910683879325126	0	0	0	0
79	0.04934709713691049	0.19512024125543248	0	0	0	0
80	0.052411796969238866	0.19313716979509868	0	0	0	0
81	0.0530048082845343	0.19047324843478391	0	0	0	0
82	0.05200972939526288	0.1882868581961499	0	0	0	0
83	0.055885139283559204	0.18474815073573916	0	0	0	0
84	0.05416321294968829	0.1842840191082403	0	0	0	0
85	0.055494676165942336	0.18342067465565556	0	0	0	0
86	0.057975086235199036	0.17668532214980218	0	0	0	0
87	0.05658106244924255	0.17374059477947842	0	0	0	0
88	0.05521369418604616	0.17128209634876596	0	0	0	0
89	0.05362550632430002	0.1731355831644731	0	0	0	0
90	0.06041691875363797	0.1725754798548	0	0	0	0
91	0.05239974297082978	0.17156753805433914	0	0	0	0
92	0.05096919288321061	0.17769322840506155	0	0	0	0
93	0.04973696987052878	0.18308743783074027	0	0	0	0
94	0.04915810510428803	0.18346674127743284	0	0	0	0
95	0.055606573124556524	0.17769760905042692	0	0	0	0
96	0.052974006872862966	0.17723634860367896	0	0	0	0
97	0.0553058588606235	0.1713661959645	0	0	0	0
98	0.05103414169963444	0.1766361914971238	0	0	0	0
99	0.05226062006970178	0.17321377720061362	0	0	0	0
100	0.05537086031617555	0.16986127035352055	0	0	0	0
101	0.04932567350598854	0.18040887763337496	0	0	0	0
102	0.04863211234403764	0.17973713960964144	0	0	0	0
103	0.049585591946675556	0.17718721125159007	0	0	0	0
104	0.0519240734942939	0.1741362490153168	0	0	0	0
105	0.053491431314763194	0.1711870970550215	0	0	0	0
106	0.05115987950830242	0.17525704425648625	0	0	0	0
107	0.06051140420296397	0.17396138922850143	0	0	0	0
108	0.05710457026142357	0.17557630651826	0	0	0	0
109	0.05372392062924042	0.1771975857275737	0	0	0	0
110	0.05136471094615069	0.17566187391678287	0	0	0	0
111	0.04944815812549219	0.17471165935685956	0	0	0	0
112	0.05131816778256798	0.17513016833077596	0	0	0	0
113	0.04793621634109424	0.17972899913431345	0	0	0	0
114	0.051057497652904626	0.17786553704503344	0	0	0	0
115	0.05626737391626763	0.17525791880259048	0	0	0	0
116	0.05837124421805617	0.1685191038643749	0	0	0	0
117	0.06110951420667715	0.16927113974375382	0	0	0	0
118	0.060666979633492435	0.17082926233991277	0	0	0	0
119	0.056991798841729946	0.17034018911624815	0	0	0	0
120	0.05769334849481034	0.16850911354419668	0	0	0	0
121	0.055682233918419144	0.17211393523967217	0	0	0	0
122	0.05506439158541554	0.17302881355471933	0	0	0	0
123	0.05824531279798223	0.17005697807311654	0	0	0	0
124	0.06246019922737328	0.1662599722891917	0	0	0	0
125	0.05819380376962063	0.16741460237001113	0	0	0	0
126	0.0551233608028362	0.16982013137963578	0	0	0	0
127	0.04984574842512024	0.16657629623411366	0	0	0	0
128	0.05229455942137967	0.16760048832930788	0	0	0	0
129	0.054719380422379504	0.1662965233993666	0	0	0	0
130	0.053777558843220774	0.16619451052023163	0	0	0	0
131	0.05286403366644421	0.16624726926542005	0	0	0	0
132	0.05508457634179231	0.16641328302082262	0	0	0	0
133	0.055765368422952155	0.16693627558161814	0	0	0	0
134	0.057704184158595406	0.1641933779645794	0	0	0	0
135	0.05417201426326412	0.1667177021728235	0	0	0	0
136	0.05606959594792993	0.16752095578819134	0	0	0	0
137	0.05738750329298775	0.16541219176648422	0	0	0	0
138	0.057213010259596075	0.16581674395822263	0	0	0	0
139	0.05862452450473732	0.16394451300328247	0	0	0	0
140	0.05728268336790643	0.16484429652821267	0	0	0	0
141	0.05482782759885185	0.16611660780263415	0	0	0	0
142	0.05496787132368641	0.16661042964827777	0	0	0	0
143	0.05566653972855007	0.16745556178227505	0	0	0	0
144	0.057227491352287274	0.16518441148523264	0	0	0	0
145	0.05482218908145359	0.16676988701719803	0	0	0	0
146	0.053362693326637234	0.16679096721754622	0	0	0	0
147	0.05581662386186331	0.16435141336660972	0	0	0	0
148	0.05541540622323393	0.16466560996468424	0	0	0	0
149	0.05339158115113618	0.16612796360746795	0	0	0	0
150	0.05520119669014223	0.16546922645973947	0	0	0	0
151	0.055810781307206236	0.16505247439037757	0	0	0	0
152	0.05363088764632851	0.16713301829908003	0	0	0	0
153	0.053709030753603115	0.16777504198433427	0	0	0	0
154	0.05566562226174876	0.16528552471842756	0	0	0	0
155	0.05479010978245025	0.16564898877406295	0	0	0	0
156	0.055971721475424285	0.16605941846965896	0	0	0	0
157	0.0555155481816359	0.1665978841017626	0	0	0	0
158	0.055400921942899806	0.16546089735681926	0	0	0	0
159	0.053881634995806726	0.16595715701273434	0	0	0	0
160	0.05386643800356772	0.16603248376086382	0	0	0	0
161	0.05496289637951696	0.16634998737561166	0	0	0	0
162	0.05556474459128169	0.16858336243851152	0	0	0	0
163	0.05601181104266706	0.1679230749878135	0	0	0	0
164	0.05680573408360112	0.16720725280459714	0	0	0	0
165	0.05651638241824014	0.16720866891252004	0	0	0	0
166	0.058068758073903326	0.16472831574182165	0	0	0	0
167	0.05817666134273919	0.1650796342650705	0	0	0	0
168	0.05682027720050947	0.1656269226295807	0	0	0	0
169	0.05813726385961038	0.16376297426958036	0	0	0	0
170	0.05670629760328827	0.16633429295366933	0	0	0	0
171	0.05664368163628536	0.16548931712072643	0	0	0	0
172	0.05592504933919529	0.1652399675819638	0	0	0	0
173	0.05803646233249876	0.1639698391356313	0	0	0	0
174	0.059079740137756354	0.16422492965007834	0	0	0	0
175	0.057491052009415566	0.1626896487754224	0	0	0	0
176	0.05617881614492254	0.16289397200690328	0	0	0	0
177	0.05392773260976236	0.16394971299108402	0	0	0	0
178	0.053598287181500726	0.16634691933575846	0	0	0	0
179	0.05577141093086685	0.16511149747662682	0	0	0	0
180	0.055698771459867735	0.16612177804104578	0	0	0	0
181	0.056495687074990975	0.16291026349288185	0	0	0	0
182	0.057799649083165816	0.16358932996226902	0	0	0	0
183	0.057599106416436674	0.16337754148173297	0	0	0	0
184	0.057092466440110845	0.16176237263648188	0	0	0	0
185	0.05699128587965374	0.16398386948515462	0	0	0	0
186	0.05766804533328351	0.16244293342805813	0	0	0	0
187	0.05704498918650036	0.1628374990848295	0	0	0	0
188	0.0580255993932004	0.1622363771032856	0	0	0	0
189	0.056240629956024024	0.16479371876218515	0	0	0	0
190	0.057811515925106916	0.16189609598003574	0	0	0	0
191	0.057866717946726376	0.15950185131131095	0	0	0	0
192	0.05729288285407563	0.16220481507319628	0	0	0	0
193	0.05534842950154756	0.16210446128637238	0	0	0	0
194	0.055823848560136224	0.16363595971224032	0	0	0	0
195	0.057421007904495336	0.1628054661846929	0	0	0	0
196	0.05731838994645072	0.1648021071265673	0	0	0	0
197	0.05809467259993084	0.16490190399723917	0	0	0	0
198	0.05790980107289606	0.16510237319671098	0	0	0	0
199	0.057778163149220685	0.1650231212366954	0	0	0	0
200	0.05813325740731734	0.16303459523937183	0	0	0	0
201	0.05857749418449992	0.16386114154595097	0	0	0	0
202	0.05685478130648236	0.16409770027743953	0	0	0	0
203	0.055938292011975754	0.16545427485345643	0	0	0	0
204	0.05694507367387397	0.16521453315538878	0	0	0	0
205	0.05742530762619297	0.16486708833587488	0	0	0	0
206	0.05674226836305962	0.16477228417744935	0	0	0	0
207	0.05704055872917396	0.16415806693556112	0	0	0	0
208	0.05825401789018164	0.16494865261056427	0	0	0	0
209	0.05627470766786169	0.1644174482781355	0	0	0	0
210	0.0539842719455515	0.16650566096624606	0	0	0	0
211	0.054290779202922024	0.16488391564918684	0	0	0	0
212	0.05666969452818815	0.16436822831245018	0	0	0	0
213	0.05725414657265476	0.16513627693187743	0	0	0	0
214	0.058987299380247105	0.1627889476070321	0	0	0	0
215	0.059190178914581004	0.1627861039801868	0	0	0	0
216	0.05713183343699357	0.1651959732688189	0	0	0	0
217	0.056922699921789555	0.16563900157101247	0	0	0	0
218	0.05514673786040325	0.1666541561764395	0	0	0	0
219	0.05594282571675985	0.1663758913597135	0	0	0	0
220	0.05614890289460239	0.16544774706994234	0	0	0	0
221	0.05593684179005615	0.1656546301009491	0	0	0	0
222	0.05546542409453359	0.16668891804909944	0	0	0	0
223	0.05543174237790893	0.16535016760669444	0	0	0	0
224	0.05699745355461522	0.1638171338608436	0	0	0	0
225	0.058269257976700684	0.1637376219016986	0	0	0	0
226	0.05700349257355469	0.16670150218856533	0	0	0	0
227	0.056601487827685315	0.16496056099567288	0	0	0	0
228	0.05577411943140981	0.16617151518184486	0	0	0	0
229	0.057407826598370126	0.16542855384042024	0	0	0	0
230	0.05649335732436456	0.16622686178457324	0	0	0	0
231	0.05633690837008559	0.16545587784053042	0	0	0	0
232	0.05735935286432314	0.1645281801506826	0	0	0	0
233	0.05708229445767887	0.16686442684720657	0	0	0	0
234	0.05789388685074959	0.16453489542711772	0	0	0	0
235	0.057037628688343944	0.16513192184015354	0	0	0	0
236	0.05703172736644818	0.16534103663208383	0	0	0	0
237	0.05655780608225569	0.16422066503400853	0	0	0	0
238	0.05686476994063022	0.16293572127718017	0	0	0	0
239	0.057533548063720796	0.16391207565129323	0	0	0	0
240	0.05761902544132258	0.16346968528269396	0	0	0	0
241	0.0573289213060717	0.16528054909892548	0	0	0	0
242	0.0564951562765546	0.16556883282117196	0	0	0	0
243	0.055580394098780794	0.16630961374884004	0	0	0	0
244	0.05684943431915951	0.16440874597234575	0	0	0	0
245	0.05687912912753462	0.16548029451930174	0	0	0	0
246	0.05675078296200764	0.1670390161392828	0	0	0	0
247	0.057980683154877255	0.16463853245063667	0	0	0	0
248	0.05754155938194433	0.1636112328637717	0	0	0	0
249	0.05665494653588837	0.1651334632630269	0	0	0	0
250	0.05761412806803845	0.16468272904637196	0	0	0	0
251	0.05492259563002927	0.16572444403670547	0	0	0	0
252	0.055661805202191494	0.16445226121340714	0	0	0	0
253	0.05568810698788951	0.16461626392227885	0	0	0	0
254	0.05680969150746862	0.1644238646126372	0	0	0	0
255	0.05661414163159034	0.16506088806535518	0	0	0	0
256	0.05642802898669641	0.16477269072600098	0	0	0	0
257	0.05747190698129945	0.1643757756620369	0	0	0	0
258	0.057370892468125545	0.16507343914637587	0	0	0	0
259	0.05636292036617063	0.16614141052052836	0	0	0	0
260	0.055345902629476695	0.1664164730117277	0	0	0	0
261	0.055452010046196654	0.16613559820838555	0	0	0	0
262	0.05475367752413568	0.16689678209104902	0	0	0	0
263	0.055672821330631395	0.1670278981844504	0	0	0	0
264	0.05493796746004592	0.16638159545586273	0	0	0	0
265	0.05787604070027219	0.1653641126147579	0	0	0	0
266	0.05632972639643519	0.16408084474243373	0	0	0	0
267	0.05617616879881665	0.16491164788692272	0	0	0	0
268	0.0563650020627271	0.16538962960885548	0	0	0	0
269	0.05644331808487901	0.16340299531872643	0	0	0	0
270	0.0557272352797748	0.1646362321508632	0	0	0	0
271	0.057919285154679756	0.16542120571430755	0	0	0	0
272	0.055143475327689984	0.16706665606600127	0	0	0	0
273	0.05664569004943448	0.16420452594189158	0	0	0	0
274	0.056666572248434965	0.1645064615176948	0	0	0	0
275	0.05634405520555413	0.1648051070979644	0	0	0	0
276	0.055478673320641936	0.16495791350853692	0	0	0	0
277	0.05649652836940672	0.16563214763437759	0	0	0	0
278	0.05726041397967574	0.1652083801288768	0	0	0	0
279	0.05755783031152556	0.16323769888572384	0	0	0	0
280	0.05777917521713094	0.1654588782409255	0	0	0	0
281	0.057784005901036495	0.16502875943593584	0	0	0	0
282	0.05662128661302257	0.16439907832244777	0	0	0	0
283	0.056631715848420916	0.16444364584492363	0	0	0	0
284	0.05524364559569289	0.1649299325911723	0	0	0	0
285	0.05607433772230369	0.16304562064859357	0	0	0	0
286	0.05762920766923085	0.16333884281224753	0	0	0	0
287	0.0569345393299624	0.1654276431711315	0	0	0	0
288	0.05641661784861912	0.16665703297436543	0	0	0	0
289	0.05562884470795454	0.16639167042292727	0	0	0	0
