epoch	batch	iter	loss	acc	lr
1	1	1	2.5525529384613037	5.0	1e-05
1	2	2	2.528625726699829	9.375	1e-05
2	1	3	2.5558955669403076	7.5	1e-05
2	2	4	2.5502326488494873	6.25	1e-05
3	1	5	2.540961742401123	0.0	1e-05
3	2	6	2.5386481285095215	12.5	1e-05
4	1	7	2.52372670173645	5.0	1e-05
4	2	8	2.5726163387298584	6.25	1e-05
5	1	9	2.4657070636749268	2.5	1e-05
5	2	10	2.641860008239746	6.25	1e-05
6	1	11	2.5773115158081055	7.5	1e-05
6	2	12	2.4910073280334473	6.25	1e-05
7	1	13	2.4647130966186523	5.0	1e-05
7	2	14	2.5950050354003906	0.0	1e-05
8	1	15	2.5418918132781982	15.0	1e-05
8	2	16	2.53841495513916	6.25	1e-05
9	1	17	2.5419654846191406	15.0	1e-05
9	2	18	2.5182182788848877	3.125	1e-05
10	1	19	2.477076530456543	12.5	1e-05
10	2	20	2.5427043437957764	12.5	1e-05
11	1	21	2.509575366973877	7.5	1e-05
11	2	22	2.50907301902771	9.375	1e-05
12	1	23	2.5560457706451416	5.0	1e-05
12	2	24	2.4583213329315186	12.5	1e-05
13	1	25	2.448127031326294	17.5	1e-05
13	2	26	2.574770450592041	12.5	1e-05
14	1	27	2.490539312362671	17.5	1e-05
14	2	28	2.468414068222046	18.75	1e-05
15	1	29	2.521998167037964	5.0	1e-05
15	2	30	2.472052574157715	21.875	1e-05
16	1	31	2.460082530975342	7.5	1e-05
16	2	32	2.5588793754577637	9.375	1e-05
17	1	33	2.5261635780334473	12.5	1e-05
17	2	34	2.499425172805786	3.125	1e-05
18	1	35	2.4703049659729004	5.0	1e-05
18	2	36	2.5305418968200684	9.375	1e-05
19	1	37	2.5496857166290283	7.5	1e-05
19	2	38	2.4204766750335693	15.625	1e-05
20	1	39	2.427457332611084	17.5	1e-05
20	2	40	2.5477957725524902	9.375	1e-05
21	1	41	2.4559898376464844	22.5	1e-05
21	2	42	2.548973560333252	15.625	1e-05
22	1	43	2.4753365516662598	12.5	1e-05
22	2	44	2.493898868560791	15.625	1e-05
23	1	45	2.496058940887451	12.5	1e-05
23	2	46	2.4807281494140625	15.625	1e-05
24	1	47	2.455564022064209	15.0	1e-05
24	2	48	2.5099124908447266	9.375	1e-05
25	1	49	2.452565908432007	20.0	1e-05
25	2	50	2.5019371509552	9.375	1e-05
26	1	51	2.5380918979644775	10.0	1e-05
26	2	52	2.384281635284424	12.5	1e-05
27	1	53	2.4842162132263184	10.0	1e-05
27	2	54	2.4640390872955322	12.5	1e-05
28	1	55	2.4330849647521973	20.0	1e-05
28	2	56	2.515995502471924	9.375	1e-05
29	1	57	2.475799322128296	17.5	1e-05
29	2	58	2.434086322784424	15.625	1e-05
30	1	59	2.4971961975097656	12.5	1e-05
30	2	60	2.4472923278808594	12.5	1e-05
31	1	61	2.413775682449341	15.0	1e-05
31	2	62	2.5001330375671387	12.5	1e-05
32	1	63	2.4173245429992676	20.0	1e-05
32	2	64	2.4746012687683105	18.75	1e-05
33	1	65	2.446521282196045	17.5	1e-05
33	2	66	2.4471049308776855	21.875	1e-05
34	1	67	2.436602830886841	30.0	1e-05
34	2	68	2.4839017391204834	12.5	1e-05
35	1	69	2.4502058029174805	20.0	1e-05
35	2	70	2.4206767082214355	9.375	1e-05
36	1	71	2.422102451324463	20.0	1e-05
36	2	72	2.4828710556030273	25.0	1e-05
37	1	73	2.4758689403533936	17.5	1e-05
37	2	74	2.408869743347168	28.125	1e-05
38	1	75	2.4014737606048584	25.0	1e-05
38	2	76	2.4779436588287354	12.5	1e-05
39	1	77	2.4595248699188232	25.0	1e-05
39	2	78	2.4255614280700684	9.375	1e-05
40	1	79	2.4600305557250977	27.5	1e-05
40	2	80	2.4260623455047607	15.625	1e-05
41	1	81	2.4303696155548096	30.0	1e-05
41	2	82	2.443744421005249	18.75	1e-05
42	1	83	2.3987040519714355	20.0	1e-05
42	2	84	2.4979724884033203	18.75	1e-05
43	1	85	2.4590229988098145	30.0	1e-05
43	2	86	2.400726079940796	34.375	1e-05
44	1	87	2.4344420433044434	10.0	1e-05
44	2	88	2.4523370265960693	15.625	1e-05
45	1	89	2.4051270484924316	25.0	1e-05
45	2	90	2.4488162994384766	21.875	1e-05
46	1	91	2.403721570968628	22.5	1e-05
46	2	92	2.472750186920166	21.875	1e-05
47	1	93	2.4589054584503174	12.5	1e-05
47	2	94	2.3995420932769775	21.875	1e-05
48	1	95	2.420034885406494	25.0	1e-05
48	2	96	2.423445463180542	15.625	1e-05
49	1	97	2.3969674110412598	15.0	1e-05
49	2	98	2.447355270385742	15.625	1e-05
50	1	99	2.4363675117492676	20.0	1e-05
50	2	100	2.382766008377075	31.25	1e-05
51	1	101	2.401113748550415	22.5	1e-05
51	2	102	2.414182424545288	18.75	1e-05
52	1	103	2.393502712249756	27.5	1e-05
52	2	104	2.4230034351348877	18.75	1e-05
53	1	105	2.414285182952881	17.5	1e-05
53	2	106	2.3989007472991943	28.125	1e-05
54	1	107	2.445411443710327	15.0	1e-05
54	2	108	2.3270320892333984	34.375	1e-05
55	1	109	2.4169676303863525	25.0	1e-05
55	2	110	2.411520481109619	18.75	1e-05
56	1	111	2.405346393585205	17.5	1e-05
56	2	112	2.349278211593628	31.25	1e-05
57	1	113	2.364494800567627	30.0	1e-05
57	2	114	2.4508132934570312	15.625	1e-05
58	1	115	2.400935649871826	20.0	1e-05
58	2	116	2.394434690475464	28.125	1e-05
59	1	117	2.3827309608459473	27.5	1e-05
59	2	118	2.3931758403778076	15.625	1e-05
60	1	119	2.3860158920288086	27.5	1e-05
60	2	120	2.3840088844299316	18.75	1e-05
61	1	121	2.4225568771362305	17.5	1e-05
61	2	122	2.308828830718994	34.375	1e-05
62	1	123	2.419325113296509	12.5	1e-05
62	2	124	2.382939100265503	21.875	1e-05
63	1	125	2.3921432495117188	15.0	1e-05
63	2	126	2.415045976638794	12.5	1e-05
64	1	127	2.369586944580078	25.0	1e-05
64	2	128	2.365873336791992	28.125	1e-05
65	1	129	2.396442174911499	17.5	1e-05
65	2	130	2.368152379989624	25.0	1e-05
66	1	131	2.3620970249176025	27.5	1e-05
66	2	132	2.3693339824676514	18.75	1e-05
67	1	133	2.3817086219787598	22.5	1e-05
67	2	134	2.325476884841919	31.25	1e-05
68	1	135	2.3788700103759766	25.0	1e-05
68	2	136	2.3421037197113037	28.125	1e-05
69	1	137	2.3365888595581055	17.5	1e-05
69	2	138	2.362619638442993	21.875	1e-05
70	1	139	2.391913890838623	17.5	1e-05
70	2	140	2.3001811504364014	31.25	1e-05
71	1	141	2.351929187774658	25.0	1e-05
71	2	142	2.3334081172943115	15.625	1e-05
72	1	143	2.3238303661346436	27.5	1e-05
72	2	144	2.3487582206726074	18.75	1e-05
73	1	145	2.394771099090576	20.0	1e-05
73	2	146	2.3639981746673584	25.0	1e-05
74	1	147	2.3561604022979736	22.5	1e-05
74	2	148	2.2940332889556885	28.125	1e-05
75	1	149	2.337413787841797	27.5	1e-05
75	2	150	2.3408610820770264	25.0	1e-05
76	1	151	2.3378846645355225	25.0	1e-05
76	2	152	2.3188045024871826	25.0	1e-05
77	1	153	2.353628396987915	25.0	1e-05
77	2	154	2.264840602874756	31.25	1e-05
78	1	155	2.3500478267669678	20.0	1e-05
78	2	156	2.321136951446533	37.5	1e-05
79	1	157	2.3413140773773193	25.0	1e-05
79	2	158	2.3267228603363037	28.125	1e-05
80	1	159	2.2559056282043457	30.0	1e-05
80	2	160	2.345853805541992	28.125	1e-05
81	1	161	2.312398672103882	30.0	1e-05
81	2	162	2.2834882736206055	34.375	1e-05
82	1	163	2.3267199993133545	27.5	1e-05
82	2	164	2.2603588104248047	28.125	1e-05
83	1	165	2.297753095626831	30.0	1e-05
83	2	166	2.3294312953948975	28.125	1e-05
84	1	167	2.251230001449585	32.5	1e-05
84	2	168	2.2976794242858887	31.25	1e-05
85	1	169	2.3028149604797363	35.0	1e-05
85	2	170	2.332690954208374	25.0	1e-05
86	1	171	2.281979560852051	35.0	1e-05
86	2	172	2.34010910987854	31.25	1e-05
87	1	173	2.1947476863861084	30.0	1e-05
87	2	174	2.383016347885132	15.625	1e-05
88	1	175	2.240605354309082	25.0	1e-05
88	2	176	2.3186192512512207	28.125	1e-05
89	1	177	2.248460292816162	40.0	1e-05
89	2	178	2.280341148376465	15.625	1e-05
90	1	179	2.223621368408203	25.0	1e-05
90	2	180	2.3632800579071045	18.75	1e-05
91	1	181	2.2612524032592773	32.5	1e-05
91	2	182	2.219970941543579	37.5	1e-05
92	1	183	2.2746853828430176	30.0	1e-05
92	2	184	2.2869300842285156	21.875	1e-05
93	1	185	2.269601345062256	25.0	1e-05
93	2	186	2.2637343406677246	21.875	1e-05
94	1	187	2.316329002380371	15.0	1e-05
94	2	188	2.1695053577423096	31.25	1e-05
95	1	189	2.264678955078125	27.5	1e-05
95	2	190	2.210946798324585	28.125	1e-05
96	1	191	2.210183620452881	22.5	1e-05
96	2	192	2.340806484222412	31.25	1e-05
97	1	193	2.3570663928985596	17.5	1e-05
97	2	194	2.1506359577178955	34.375	1e-05
98	1	195	2.2429373264312744	20.0	1e-05
98	2	196	2.2513740062713623	31.25	1e-05
99	1	197	2.290924549102783	25.0	1e-05
99	2	198	2.129197835922241	25.0	1e-05
100	1	199	2.2336506843566895	27.5	1e-05
100	2	200	2.1487584114074707	31.25	1e-05
101	1	201	2.189518928527832	25.0	1e-05
101	2	202	2.2353885173797607	34.375	1e-05
102	1	203	2.1825451850891113	32.5	1e-05
102	2	204	2.1816184520721436	31.25	1e-05
103	1	205	2.2255771160125732	25.0	1e-05
103	2	206	2.099337577819824	31.25	1e-05
104	1	207	2.1628551483154297	32.5	1e-05
104	2	208	2.2483625411987305	18.75	1e-05
105	1	209	2.204437494277954	27.5	1e-05
105	2	210	2.088831901550293	34.375	1e-05
106	1	211	2.1943767070770264	32.5	1e-05
106	2	212	2.040558099746704	37.5	1e-05
107	1	213	2.082425594329834	42.5	1e-05
107	2	214	2.1598830223083496	34.375	1e-05
108	1	215	2.1330056190490723	30.0	1e-05
108	2	216	2.1954610347747803	28.125	1e-05
109	1	217	2.201449155807495	27.5	1e-05
109	2	218	2.1108877658843994	31.25	1e-05
110	1	219	2.1150026321411133	37.5	1e-05
110	2	220	2.1858813762664795	18.75	1e-05
111	1	221	2.1869149208068848	27.5	1e-05
111	2	222	2.0821526050567627	34.375	1e-05
112	1	223	2.099792718887329	30.0	1e-05
112	2	224	2.0872349739074707	34.375	1e-05
113	1	225	2.166734218597412	32.5	1e-05
113	2	226	2.031255006790161	37.5	1e-05
114	1	227	2.139983654022217	32.5	1e-05
114	2	228	2.1126506328582764	31.25	1e-05
115	1	229	2.0891971588134766	32.5	1e-05
115	2	230	2.0357131958007812	34.375	1e-05
116	1	231	2.141557216644287	22.5	1e-05
116	2	232	1.9476912021636963	50.0	1e-05
117	1	233	2.029886484146118	35.0	1e-05
117	2	234	2.085106372833252	34.375	1e-05
118	1	235	2.140827178955078	20.0	1e-05
118	2	236	2.0112600326538086	43.75	1e-05
119	1	237	2.033155679702759	40.0	1e-05
119	2	238	2.1035709381103516	34.375	1e-05
120	1	239	2.0328707695007324	25.0	1e-05
120	2	240	1.977381706237793	43.75	1e-05
121	1	241	1.916853904724121	45.0	1e-05
121	2	242	2.2051448822021484	15.625	1e-05
122	1	243	1.9655929803848267	35.0	1e-05
122	2	244	2.213970422744751	28.125	1e-05
123	1	245	2.046032428741455	27.5	1e-05
123	2	246	2.0528578758239746	37.5	1e-05
124	1	247	2.0349056720733643	32.5	1e-05
124	2	248	2.1392035484313965	25.0	1e-05
125	1	249	2.1009573936462402	30.0	1e-05
125	2	250	1.9835357666015625	34.375	1e-05
126	1	251	2.0069241523742676	30.0	1e-05
126	2	252	1.957163691520691	40.625	1e-05
127	1	253	1.9891360998153687	35.0	1e-05
127	2	254	2.030233383178711	34.375	1e-05
128	1	255	1.8930015563964844	42.5	1e-05
128	2	256	2.095351457595825	40.625	1e-05
129	1	257	1.9697920083999634	27.5	1e-05
129	2	258	1.9545931816101074	40.625	1e-05
130	1	259	2.0535361766815186	25.0	1e-05
130	2	260	1.890083909034729	37.5	1e-05
131	1	261	1.8976377248764038	37.5	1e-05
131	2	262	2.0885894298553467	31.25	1e-05
132	1	263	1.9306703805923462	37.5	1e-05
132	2	264	2.017665386199951	21.875	1e-05
133	1	265	1.931383728981018	30.0	1e-05
133	2	266	2.041877508163452	31.25	1e-05
134	1	267	1.9494991302490234	27.5	1e-05
134	2	268	1.967113733291626	37.5	1e-05
135	1	269	1.899254560470581	37.5	1e-05
135	2	270	1.9337769746780396	40.625	1e-05
136	1	271	1.9453119039535522	35.0	1e-05
136	2	272	1.9153813123703003	34.375	1e-05
137	1	273	1.9669477939605713	32.5	1e-05
137	2	274	1.9228585958480835	46.875	1e-05
138	1	275	1.951163649559021	32.5	1e-05
138	2	276	1.9346425533294678	34.375	1e-05
139	1	277	1.9819093942642212	32.5	1e-05
139	2	278	1.9850889444351196	31.25	1e-05
140	1	279	1.862054467201233	37.5	1e-05
140	2	280	1.9064980745315552	43.75	1e-05
141	1	281	2.0137782096862793	22.5	1e-05
141	2	282	2.0781426429748535	31.25	1e-05
142	1	283	1.924076795578003	45.0	1e-05
142	2	284	1.891588568687439	34.375	1e-05
143	1	285	1.8765201568603516	37.5	1e-05
143	2	286	1.904194951057434	40.625	1e-05
144	1	287	1.8336617946624756	35.0	1e-05
144	2	288	1.9527968168258667	37.5	1e-05
145	1	289	1.8362016677856445	47.5	1e-05
145	2	290	1.9667948484420776	31.25	1e-05
146	1	291	1.9441953897476196	45.0	1.0000000000000002e-06
146	2	292	1.929804801940918	25.0	1.0000000000000002e-06
147	1	293	1.8876985311508179	42.5	1.0000000000000002e-06
147	2	294	1.8726353645324707	37.5	1.0000000000000002e-06
148	1	295	1.898450255393982	37.5	1.0000000000000002e-06
148	2	296	1.8805899620056152	40.625	1.0000000000000002e-06
149	1	297	1.9750916957855225	37.5	1.0000000000000002e-06
149	2	298	1.8661165237426758	40.625	1.0000000000000002e-06
150	1	299	1.9026458263397217	40.0	1.0000000000000002e-06
150	2	300	1.8318777084350586	40.625	1.0000000000000002e-06
151	1	301	1.8654134273529053	35.0	1.0000000000000002e-06
151	2	302	1.8768190145492554	40.625	1.0000000000000002e-06
152	1	303	1.9017162322998047	32.5	1.0000000000000002e-06
152	2	304	1.8427808284759521	40.625	1.0000000000000002e-06
153	1	305	2.0219051837921143	25.0	1.0000000000000002e-06
153	2	306	1.846555233001709	34.375	1.0000000000000002e-06
154	1	307	1.9463071823120117	37.5	1.0000000000000002e-06
154	2	308	1.763065218925476	50.0	1.0000000000000002e-06
155	1	309	1.8493751287460327	37.5	1.0000000000000002e-06
155	2	310	1.8611797094345093	40.625	1.0000000000000002e-06
156	1	311	1.8982675075531006	40.0	1.0000000000000002e-06
156	2	312	1.9120606184005737	31.25	1.0000000000000002e-06
157	1	313	1.9831918478012085	35.0	1.0000000000000002e-06
157	2	314	1.802209734916687	46.875	1.0000000000000002e-06
158	1	315	1.8431575298309326	37.5	1.0000000000000002e-06
158	2	316	1.9475592374801636	28.125	1.0000000000000002e-06
159	1	317	1.9183775186538696	35.0	1.0000000000000002e-06
159	2	318	1.877799153327942	25.0	1.0000000000000002e-06
160	1	319	1.900193452835083	37.5	1.0000000000000002e-06
160	2	320	1.7733076810836792	46.875	1.0000000000000002e-06
161	1	321	1.9550682306289673	42.5	1.0000000000000002e-06
161	2	322	1.9079484939575195	31.25	1.0000000000000002e-06
162	1	323	1.8830753564834595	32.5	1.0000000000000002e-06
162	2	324	1.942163348197937	50.0	1.0000000000000002e-06
163	1	325	1.8801227807998657	40.0	1.0000000000000002e-06
163	2	326	1.8916834592819214	37.5	1.0000000000000002e-06
164	1	327	1.9043782949447632	37.5	1.0000000000000002e-06
164	2	328	1.9272527694702148	28.125	1.0000000000000002e-06
165	1	329	1.740509033203125	45.0	1.0000000000000002e-06
165	2	330	2.121452569961548	18.75	1.0000000000000002e-06
166	1	331	1.8576345443725586	47.5	1.0000000000000002e-06
166	2	332	1.8740589618682861	34.375	1.0000000000000002e-06
167	1	333	1.817047119140625	42.5	1.0000000000000002e-06
167	2	334	1.9083670377731323	34.375	1.0000000000000002e-06
168	1	335	1.880866289138794	42.5	1.0000000000000002e-06
168	2	336	1.9303251504898071	31.25	1.0000000000000002e-06
169	1	337	1.8648722171783447	42.5	1.0000000000000002e-06
169	2	338	1.8644554615020752	34.375	1.0000000000000002e-06
170	1	339	1.8504804372787476	32.5	1.0000000000000002e-06
170	2	340	1.8840738534927368	34.375	1.0000000000000002e-06
171	1	341	1.8887676000595093	35.0	1.0000000000000002e-06
171	2	342	1.9205209016799927	31.25	1.0000000000000002e-06
172	1	343	1.9524084329605103	30.0	1.0000000000000002e-06
172	2	344	1.8335802555084229	40.625	1.0000000000000002e-06
173	1	345	1.803523063659668	47.5	1.0000000000000002e-06
173	2	346	1.8545262813568115	34.375	1.0000000000000002e-06
174	1	347	1.6895465850830078	57.5	1.0000000000000002e-06
174	2	348	2.0339696407318115	15.625	1.0000000000000002e-06
175	1	349	1.8754498958587646	42.5	1.0000000000000002e-06
175	2	350	1.8820818662643433	18.75	1.0000000000000002e-06
176	1	351	1.8920373916625977	50.0	1.0000000000000002e-06
176	2	352	1.7959542274475098	40.625	1.0000000000000002e-06
177	1	353	1.846311330795288	37.5	1.0000000000000002e-06
177	2	354	1.9546587467193604	46.875	1.0000000000000002e-06
178	1	355	1.807172179222107	45.0	1.0000000000000002e-06
178	2	356	2.0636215209960938	28.125	1.0000000000000002e-06
179	1	357	1.8310247659683228	40.0	1.0000000000000002e-06
179	2	358	1.8322267532348633	37.5	1.0000000000000002e-06
180	1	359	1.8064887523651123	45.0	1.0000000000000002e-06
180	2	360	1.8830819129943848	43.75	1.0000000000000002e-06
181	1	361	2.054150104522705	35.0	1.0000000000000002e-06
181	2	362	1.7978317737579346	43.75	1.0000000000000002e-06
182	1	363	1.8158153295516968	45.0	1.0000000000000002e-06
182	2	364	1.9893325567245483	31.25	1.0000000000000002e-06
183	1	365	1.9394840002059937	32.5	1.0000000000000002e-06
183	2	366	1.862968921661377	28.125	1.0000000000000002e-06
184	1	367	1.9215196371078491	30.0	1.0000000000000002e-06
184	2	368	1.747770071029663	50.0	1.0000000000000002e-06
185	1	369	1.9388271570205688	32.5	1.0000000000000002e-06
185	2	370	1.7774925231933594	50.0	1.0000000000000002e-06
186	1	371	1.963792085647583	32.5	1.0000000000000002e-06
186	2	372	1.8661259412765503	40.625	1.0000000000000002e-06
187	1	373	1.97713303565979	27.5	1.0000000000000002e-07
187	2	374	1.8220080137252808	40.625	1.0000000000000002e-07
188	1	375	1.7723093032836914	47.5	1.0000000000000002e-07
188	2	376	1.9535545110702515	34.375	1.0000000000000002e-07
189	1	377	1.9115760326385498	35.0	1.0000000000000002e-07
189	2	378	1.7737200260162354	46.875	1.0000000000000002e-07
190	1	379	1.839564323425293	35.0	1.0000000000000002e-07
190	2	380	1.8737516403198242	46.875	1.0000000000000002e-07
191	1	381	1.865792989730835	35.0	1.0000000000000002e-07
191	2	382	1.8348361253738403	37.5	1.0000000000000002e-07
192	1	383	1.9253828525543213	40.0	1.0000000000000002e-07
192	2	384	1.8703778982162476	25.0	1.0000000000000002e-07
193	1	385	1.8323981761932373	35.0	1.0000000000000002e-07
193	2	386	1.9227409362792969	40.625	1.0000000000000002e-07
194	1	387	1.8640468120574951	47.5	1.0000000000000002e-07
194	2	388	1.8683364391326904	46.875	1.0000000000000002e-07
195	1	389	1.788538932800293	40.0	1.0000000000000002e-07
195	2	390	1.908135175704956	37.5	1.0000000000000002e-07
196	1	391	1.980212926864624	37.5	1.0000000000000002e-07
196	2	392	1.8042848110198975	50.0	1.0000000000000002e-07
197	1	393	1.9472944736480713	42.5	1.0000000000000002e-07
197	2	394	1.8157868385314941	31.25	1.0000000000000002e-07
198	1	395	1.8283178806304932	40.0	1.0000000000000002e-07
198	2	396	1.8672778606414795	40.625	1.0000000000000002e-07
199	1	397	1.8589264154434204	35.0	1.0000000000000002e-07
199	2	398	1.8732717037200928	34.375	1.0000000000000002e-07
200	1	399	1.8741753101348877	42.5	1.0000000000000002e-07
200	2	400	1.84105384349823	34.375	1.0000000000000002e-07
201	1	401	1.8707339763641357	42.5	1.0000000000000002e-07
201	2	402	1.9098687171936035	40.625	1.0000000000000002e-07
202	1	403	1.8132692575454712	42.5	1.0000000000000002e-07
202	2	404	1.9388532638549805	37.5	1.0000000000000002e-07
203	1	405	1.9439891576766968	35.0	1.0000000000000002e-07
203	2	406	1.8120797872543335	50.0	1.0000000000000002e-07
204	1	407	1.856054663658142	42.5	1.0000000000000002e-07
204	2	408	1.9126288890838623	40.625	1.0000000000000002e-07
205	1	409	1.8783655166625977	37.5	1.0000000000000002e-07
205	2	410	1.907971739768982	40.625	1.0000000000000002e-07
206	1	411	1.7899715900421143	42.5	1.0000000000000002e-07
206	2	412	1.9275869131088257	34.375	1.0000000000000002e-07
207	1	413	1.9491512775421143	30.0	1.0000000000000002e-07
207	2	414	1.8996340036392212	37.5	1.0000000000000002e-07
208	1	415	1.9082616567611694	37.5	1.0000000000000002e-07
208	2	416	1.848078727722168	34.375	1.0000000000000002e-07
209	1	417	1.9150207042694092	32.5	1.0000000000000002e-07
209	2	418	1.8024579286575317	31.25	1.0000000000000002e-07
210	1	419	1.9753481149673462	25.0	1.0000000000000002e-07
210	2	420	1.8615927696228027	40.625	1.0000000000000002e-07
211	1	421	1.7620513439178467	45.0	1.0000000000000002e-07
211	2	422	2.037771701812744	28.125	1.0000000000000002e-07
212	1	423	1.7856576442718506	45.0	1.0000000000000002e-07
212	2	424	1.928053617477417	34.375	1.0000000000000002e-07
213	1	425	1.799865961074829	42.5	1.0000000000000002e-07
213	2	426	1.994902491569519	37.5	1.0000000000000002e-07
214	1	427	1.8805404901504517	40.0	1.0000000000000002e-07
214	2	428	1.8487441539764404	37.5	1.0000000000000002e-07
215	1	429	1.9153776168823242	32.5	1.0000000000000002e-07
215	2	430	1.8739410638809204	43.75	1.0000000000000002e-07
216	1	431	1.840799331665039	42.5	1.0000000000000002e-07
216	2	432	1.9473919868469238	40.625	1.0000000000000002e-07
217	1	433	1.861032247543335	35.0	1.0000000000000002e-07
217	2	434	1.9131866693496704	28.125	1.0000000000000002e-07
218	1	435	1.8396310806274414	40.0	1.0000000000000002e-07
218	2	436	1.9340132474899292	34.375	1.0000000000000002e-07
219	1	437	1.9072116613388062	45.0	1.0000000000000002e-07
219	2	438	1.8816025257110596	34.375	1.0000000000000002e-07
220	1	439	1.786778211593628	52.5	1.0000000000000002e-07
220	2	440	1.9103219509124756	31.25	1.0000000000000002e-07
221	1	441	1.8893060684204102	27.5	1.0000000000000002e-07
221	2	442	1.786876916885376	46.875	1.0000000000000002e-07
222	1	443	1.8450998067855835	32.5	1.0000000000000002e-07
222	2	444	1.8122096061706543	50.0	1.0000000000000002e-07
223	1	445	1.8832495212554932	35.0	1.0000000000000002e-07
223	2	446	1.8267825841903687	56.25	1.0000000000000002e-07
224	1	447	1.8460197448730469	37.5	1.0000000000000002e-07
224	2	448	1.9405704736709595	37.5	1.0000000000000002e-07
225	1	449	1.8338454961776733	47.5	1.0000000000000002e-07
225	2	450	1.868545651435852	31.25	1.0000000000000002e-07
226	1	451	1.8357560634613037	35.0	1.0000000000000002e-07
226	2	452	1.8642414808273315	46.875	1.0000000000000002e-07
227	1	453	1.8869644403457642	40.0	1.0000000000000002e-07
227	2	454	1.9018820524215698	31.25	1.0000000000000002e-07
228	1	455	1.8286174535751343	37.5	1.0000000000000004e-08
228	2	456	1.8533483743667603	40.625	1.0000000000000004e-08
229	1	457	1.8850444555282593	40.0	1.0000000000000004e-08
229	2	458	1.8617520332336426	34.375	1.0000000000000004e-08
230	1	459	1.8204479217529297	40.0	1.0000000000000004e-08
230	2	460	1.9327532052993774	28.125	1.0000000000000004e-08
231	1	461	2.017913341522217	32.5	1.0000000000000004e-08
231	2	462	1.7218540906906128	50.0	1.0000000000000004e-08
232	1	463	1.887581467628479	42.5	1.0000000000000004e-08
232	2	464	1.8611606359481812	40.625	1.0000000000000004e-08
233	1	465	1.9898583889007568	32.5	1.0000000000000004e-08
233	2	466	1.7651026248931885	31.25	1.0000000000000004e-08
234	1	467	1.8580482006072998	47.5	1.0000000000000004e-08
234	2	468	1.8275634050369263	40.625	1.0000000000000004e-08
235	1	469	1.8302688598632812	52.5	1.0000000000000004e-08
235	2	470	1.9177709817886353	31.25	1.0000000000000004e-08
236	1	471	1.9236814975738525	32.5	1.0000000000000004e-08
236	2	472	1.8452898263931274	50.0	1.0000000000000004e-08
237	1	473	1.9930658340454102	37.5	1.0000000000000004e-08
237	2	474	1.757454514503479	46.875	1.0000000000000004e-08
238	1	475	1.986328125	22.5	1.0000000000000004e-08
238	2	476	1.7952505350112915	43.75	1.0000000000000004e-08
239	1	477	1.803891897201538	47.5	1.0000000000000004e-08
239	2	478	1.900412678718567	34.375	1.0000000000000004e-08
240	1	479	1.9077436923980713	32.5	1.0000000000000004e-08
240	2	480	1.8090959787368774	50.0	1.0000000000000004e-08
241	1	481	1.819784164428711	37.5	1.0000000000000004e-08
241	2	482	1.8861924409866333	40.625	1.0000000000000004e-08
242	1	483	1.8994112014770508	32.5	1.0000000000000004e-08
242	2	484	1.9068987369537354	34.375	1.0000000000000004e-08
243	1	485	1.9268888235092163	37.5	1.0000000000000004e-08
243	2	486	1.9065659046173096	34.375	1.0000000000000004e-08
244	1	487	1.8012945652008057	37.5	1.0000000000000004e-08
244	2	488	1.9598485231399536	37.5	1.0000000000000004e-08
245	1	489	1.8305423259735107	40.0	1.0000000000000004e-08
245	2	490	1.9189605712890625	28.125	1.0000000000000004e-08
246	1	491	1.8394283056259155	35.0	1.0000000000000004e-08
246	2	492	1.93838632106781	34.375	1.0000000000000004e-08
247	1	493	1.9417225122451782	37.5	1.0000000000000004e-08
247	2	494	1.8288841247558594	37.5	1.0000000000000004e-08
248	1	495	1.8575468063354492	40.0	1.0000000000000004e-08
248	2	496	1.881601095199585	34.375	1.0000000000000004e-08
249	1	497	1.847177267074585	42.5	1.0000000000000004e-08
249	2	498	1.8420823812484741	31.25	1.0000000000000004e-08
250	1	499	1.8427473306655884	37.5	1.0000000000000004e-08
250	2	500	1.9182569980621338	37.5	1.0000000000000004e-08
251	1	501	1.9206527471542358	45.0	1.0000000000000004e-08
251	2	502	1.8318462371826172	37.5	1.0000000000000004e-08
252	1	503	1.937116026878357	35.0	1.0000000000000004e-08
252	2	504	1.7761775255203247	34.375	1.0000000000000004e-08
253	1	505	1.9205833673477173	30.0	1.0000000000000004e-08
253	2	506	1.8152260780334473	40.625	1.0000000000000004e-08
254	1	507	1.8348352909088135	45.0	1.0000000000000004e-08
254	2	508	1.8862208127975464	25.0	1.0000000000000004e-08
255	1	509	1.8509489297866821	45.0	1.0000000000000004e-08
255	2	510	1.9100419282913208	28.125	1.0000000000000004e-08
256	1	511	1.936918020248413	32.5	1.0000000000000004e-08
256	2	512	1.7872666120529175	43.75	1.0000000000000004e-08
257	1	513	1.8152799606323242	47.5	1.0000000000000004e-08
257	2	514	1.876274824142456	34.375	1.0000000000000004e-08
258	1	515	1.811522126197815	42.5	1.0000000000000004e-08
258	2	516	1.968727469444275	34.375	1.0000000000000004e-08
259	1	517	1.8483127355575562	42.5	1.0000000000000004e-08
259	2	518	1.8111634254455566	40.625	1.0000000000000004e-08
260	1	519	1.8981355428695679	37.5	1.0000000000000004e-08
260	2	520	1.8274378776550293	50.0	1.0000000000000004e-08
261	1	521	1.9467189311981201	37.5	1.0000000000000004e-08
261	2	522	1.7846958637237549	46.875	1.0000000000000004e-08
262	1	523	1.9049972295761108	47.5	1.0000000000000004e-08
262	2	524	1.8059478998184204	37.5	1.0000000000000004e-08
263	1	525	2.0046563148498535	30.0	1.0000000000000004e-08
263	2	526	1.8436998128890991	34.375	1.0000000000000004e-08
264	1	527	1.8328415155410767	42.5	1.0000000000000004e-08
264	2	528	2.043989896774292	31.25	1.0000000000000004e-08
265	1	529	1.8506052494049072	35.0	1.0000000000000004e-08
265	2	530	1.833177089691162	46.875	1.0000000000000004e-08
266	1	531	1.9172346591949463	35.0	1.0000000000000004e-08
266	2	532	1.8272260427474976	46.875	1.0000000000000004e-08
267	1	533	1.9073385000228882	35.0	1.0000000000000004e-08
267	2	534	1.8777083158493042	28.125	1.0000000000000004e-08
268	1	535	1.850576639175415	40.0	1.0000000000000004e-08
268	2	536	1.855490803718567	25.0	1.0000000000000004e-08
269	1	537	1.9317833185195923	40.0	1.0000000000000004e-08
269	2	538	1.8658537864685059	37.5	1.0000000000000004e-08
270	1	539	1.9302408695220947	30.0	1.0000000000000004e-08
270	2	540	1.8470467329025269	43.75	1.0000000000000004e-08
271	1	541	1.972397804260254	35.0	1.0000000000000004e-08
271	2	542	1.7622804641723633	46.875	1.0000000000000004e-08
272	1	543	1.8801395893096924	35.0	1.0000000000000004e-08
272	2	544	1.8960742950439453	37.5	1.0000000000000004e-08
273	1	545	1.8206819295883179	42.5	1.0000000000000004e-08
273	2	546	1.97357976436615	25.0	1.0000000000000004e-08
274	1	547	1.8730089664459229	37.5	1.0000000000000004e-08
274	2	548	1.8848223686218262	28.125	1.0000000000000004e-08
275	1	549	1.7925304174423218	47.5	1.0000000000000004e-08
275	2	550	1.970070481300354	34.375	1.0000000000000004e-08
276	1	551	1.7972015142440796	42.5	1.0000000000000004e-08
276	2	552	1.9028277397155762	37.5	1.0000000000000004e-08
277	1	553	1.926730751991272	40.0	1.0000000000000004e-08
277	2	554	1.7801933288574219	37.5	1.0000000000000004e-08
278	1	555	1.9202369451522827	40.0	1.0000000000000004e-08
278	2	556	1.6771557331085205	50.0	1.0000000000000004e-08
279	1	557	1.8115752935409546	32.5	1.0000000000000004e-08
279	2	558	1.907199740409851	40.625	1.0000000000000004e-08
280	1	559	1.9050776958465576	37.5	1.0000000000000004e-08
280	2	560	1.7363693714141846	40.625	1.0000000000000004e-08
281	1	561	1.879335641860962	35.0	1.0000000000000004e-08
281	2	562	1.8631521463394165	46.875	1.0000000000000004e-08
282	1	563	1.8165109157562256	40.0	1.0000000000000004e-08
282	2	564	1.8294270038604736	40.625	1.0000000000000004e-08
283	1	565	1.7762067317962646	45.0	1.0000000000000004e-08
283	2	566	1.9967037439346313	28.125	1.0000000000000004e-08
284	1	567	1.8925939798355103	37.5	1.0000000000000004e-08
284	2	568	1.8934452533721924	34.375	1.0000000000000004e-08
285	1	569	1.8695980310440063	32.5	1.0000000000000004e-08
285	2	570	1.8051544427871704	50.0	1.0000000000000004e-08
286	1	571	1.8283214569091797	35.0	1.0000000000000004e-08
286	2	572	1.9620736837387085	46.875	1.0000000000000004e-08
287	1	573	1.8084243535995483	45.0	1.0000000000000004e-08
287	2	574	1.9720468521118164	34.375	1.0000000000000004e-08
288	1	575	1.7721201181411743	52.5	1.0000000000000004e-08
288	2	576	1.9361910820007324	28.125	1.0000000000000004e-08
289	1	577	1.8417987823486328	50.0	1.0000000000000004e-08
289	2	578	1.9110543727874756	31.25	1.0000000000000004e-08
290	1	579	1.861332893371582	35.0	1.0000000000000004e-08
290	2	580	1.7845532894134521	34.375	1.0000000000000004e-08
291	1	581	1.8208812475204468	42.5	1.0000000000000004e-08
291	2	582	1.8457030057907104	40.625	1.0000000000000004e-08
292	1	583	1.80814528465271	47.5	1.0000000000000004e-08
292	2	584	1.9254029989242554	28.125	1.0000000000000004e-08
293	1	585	1.9249210357666016	27.5	1.0000000000000004e-08
293	2	586	1.7159303426742554	46.875	1.0000000000000004e-08
294	1	587	1.9100425243377686	50.0	1.0000000000000004e-08
294	2	588	1.8079255819320679	40.625	1.0000000000000004e-08
295	1	589	1.847275972366333	52.5	1.0000000000000004e-08
295	2	590	1.8244469165802002	40.625	1.0000000000000004e-08
296	1	591	1.7933101654052734	37.5	1.0000000000000004e-08
296	2	592	1.9415733814239502	37.5	1.0000000000000004e-08
297	1	593	1.9771778583526611	35.0	1.0000000000000004e-08
297	2	594	1.7972254753112793	40.625	1.0000000000000004e-08
298	1	595	1.7705161571502686	40.0	1.0000000000000004e-08
298	2	596	1.9036171436309814	46.875	1.0000000000000004e-08
299	1	597	1.9444525241851807	42.5	1.0000000000000004e-08
299	2	598	1.7880688905715942	46.875	1.0000000000000004e-08
300	1	599	1.7672134637832642	42.5	1.0000000000000004e-08
300	2	600	1.9685803651809692	34.375	1.0000000000000004e-08
301	1	601	1.8848018646240234	37.5	1.0000000000000004e-08
301	2	602	1.7750096321105957	34.375	1.0000000000000004e-08
302	1	603	1.8252201080322266	40.0	1.0000000000000004e-08
302	2	604	1.8754726648330688	25.0	1.0000000000000004e-08
303	1	605	1.874871015548706	42.5	1.0000000000000004e-08
303	2	606	1.9827942848205566	31.25	1.0000000000000004e-08
304	1	607	1.8122951984405518	42.5	1.0000000000000004e-08
304	2	608	1.8851721286773682	31.25	1.0000000000000004e-08
305	1	609	1.8621656894683838	40.0	1.0000000000000004e-08
305	2	610	1.9463382959365845	31.25	1.0000000000000004e-08
306	1	611	1.7533260583877563	45.0	1.0000000000000004e-08
306	2	612	2.0322272777557373	34.375	1.0000000000000004e-08
307	1	613	1.9215669631958008	27.5	1.0000000000000004e-08
307	2	614	1.7840207815170288	43.75	1.0000000000000004e-08
308	1	615	1.7676210403442383	45.0	1.0000000000000004e-08
308	2	616	1.9431432485580444	28.125	1.0000000000000004e-08
309	1	617	1.8790292739868164	35.0	1.0000000000000004e-08
309	2	618	1.9738894701004028	46.875	1.0000000000000004e-08
310	1	619	1.9129743576049805	35.0	1.0000000000000004e-08
310	2	620	1.8498188257217407	37.5	1.0000000000000004e-08
311	1	621	1.8609418869018555	42.5	1.0000000000000004e-08
311	2	622	1.804855465888977	46.875	1.0000000000000004e-08
312	1	623	1.8400160074234009	32.5	1.0000000000000004e-08
312	2	624	1.910697102546692	37.5	1.0000000000000004e-08
313	1	625	1.8384549617767334	35.0	1.0000000000000004e-08
313	2	626	1.9172756671905518	34.375	1.0000000000000004e-08
314	1	627	1.8197370767593384	40.0	1.0000000000000004e-08
314	2	628	1.8748682737350464	40.625	1.0000000000000004e-08
315	1	629	1.877663254737854	35.0	1.0000000000000004e-08
315	2	630	1.8988882303237915	34.375	1.0000000000000004e-08
316	1	631	1.801504135131836	47.5	1.0000000000000004e-08
316	2	632	1.9008234739303589	31.25	1.0000000000000004e-08
317	1	633	1.7450926303863525	42.5	1.0000000000000004e-08
317	2	634	1.981844186782837	37.5	1.0000000000000004e-08
318	1	635	1.8881189823150635	40.0	1.0000000000000004e-08
318	2	636	1.8829983472824097	28.125	1.0000000000000004e-08
319	1	637	1.9239250421524048	35.0	1.0000000000000004e-08
319	2	638	1.91104257106781	31.25	1.0000000000000004e-08
320	1	639	1.855162262916565	42.5	1.0000000000000004e-08
320	2	640	1.8415309190750122	40.625	1.0000000000000004e-08
321	1	641	1.8342329263687134	45.0	1.0000000000000004e-08
321	2	642	1.966842770576477	31.25	1.0000000000000004e-08
322	1	643	1.8638538122177124	52.5	1.0000000000000004e-08
322	2	644	1.7933695316314697	34.375	1.0000000000000004e-08
323	1	645	1.8530216217041016	32.5	1.0000000000000004e-08
323	2	646	1.8735311031341553	43.75	1.0000000000000004e-08
324	1	647	1.8060197830200195	42.5	1.0000000000000004e-08
324	2	648	1.913480520248413	34.375	1.0000000000000004e-08
325	1	649	1.9241714477539062	25.0	1.0000000000000004e-08
325	2	650	1.8505311012268066	31.25	1.0000000000000004e-08
326	1	651	1.842791199684143	37.5	1.0000000000000004e-08
326	2	652	1.8737934827804565	34.375	1.0000000000000004e-08
327	1	653	1.827920913696289	55.0	1.0000000000000004e-08
327	2	654	1.8529150485992432	31.25	1.0000000000000004e-08
328	1	655	1.9230506420135498	35.0	1.0000000000000004e-08
328	2	656	1.9102590084075928	21.875	1.0000000000000004e-08
329	1	657	1.8890831470489502	32.5	1.0000000000000004e-08
329	2	658	1.916562795639038	31.25	1.0000000000000004e-08
330	1	659	1.9242498874664307	30.0	1.0000000000000004e-08
330	2	660	1.7939565181732178	50.0	1.0000000000000004e-08
331	1	661	1.8138659000396729	37.5	1.0000000000000004e-08
331	2	662	2.033086061477661	28.125	1.0000000000000004e-08
332	1	663	1.7922744750976562	37.5	1.0000000000000004e-08
332	2	664	2.0088956356048584	28.125	1.0000000000000004e-08
333	1	665	1.8846021890640259	27.5	1.0000000000000004e-08
333	2	666	1.793928861618042	53.125	1.0000000000000004e-08
334	1	667	1.8026167154312134	30.0	1.0000000000000004e-08
334	2	668	1.819008469581604	34.375	1.0000000000000004e-08
335	1	669	1.705383062362671	42.5	1.0000000000000004e-08
335	2	670	2.080273151397705	31.25	1.0000000000000004e-08
336	1	671	1.9531939029693604	30.0	1.0000000000000004e-08
336	2	672	1.8133437633514404	43.75	1.0000000000000004e-08
337	1	673	1.762264609336853	40.0	1.0000000000000004e-08
337	2	674	1.9163501262664795	40.625	1.0000000000000004e-08
338	1	675	1.8901151418685913	42.5	1.0000000000000004e-08
338	2	676	1.8239082098007202	46.875	1.0000000000000004e-08
339	1	677	1.8234736919403076	35.0	1.0000000000000004e-08
339	2	678	1.8683338165283203	37.5	1.0000000000000004e-08
340	1	679	1.7869341373443604	37.5	1.0000000000000004e-08
340	2	680	1.8951961994171143	37.5	1.0000000000000004e-08
341	1	681	1.8195880651474	37.5	1.0000000000000004e-08
341	2	682	1.9428751468658447	28.125	1.0000000000000004e-08
342	1	683	1.798018217086792	37.5	1.0000000000000004e-08
342	2	684	1.8244813680648804	43.75	1.0000000000000004e-08
343	1	685	1.9519529342651367	27.5	1.0000000000000004e-08
343	2	686	1.803025484085083	37.5	1.0000000000000004e-08
344	1	687	1.7571887969970703	47.5	1.0000000000000004e-08
344	2	688	1.9316139221191406	28.125	1.0000000000000004e-08
345	1	689	1.8989231586456299	37.5	1.0000000000000004e-08
345	2	690	1.754622220993042	43.75	1.0000000000000004e-08
346	1	691	1.8624616861343384	45.0	1.0000000000000004e-08
346	2	692	1.827733039855957	28.125	1.0000000000000004e-08
347	1	693	1.8292392492294312	42.5	1.0000000000000004e-08
347	2	694	1.97868013381958	40.625	1.0000000000000004e-08
348	1	695	1.792655348777771	35.0	1.0000000000000004e-08
348	2	696	1.9899029731750488	31.25	1.0000000000000004e-08
349	1	697	1.7862679958343506	37.5	1.0000000000000004e-08
349	2	698	1.887830138206482	34.375	1.0000000000000004e-08
350	1	699	1.8950841426849365	32.5	1.0000000000000004e-08
350	2	700	1.8160064220428467	46.875	1.0000000000000004e-08
351	1	701	1.911696195602417	37.5	1.0000000000000004e-08
351	2	702	1.8805558681488037	43.75	1.0000000000000004e-08
352	1	703	1.8583450317382812	37.5	1.0000000000000004e-08
352	2	704	1.8828485012054443	37.5	1.0000000000000004e-08
353	1	705	1.820035696029663	37.5	1.0000000000000004e-08
353	2	706	1.9436554908752441	21.875	1.0000000000000004e-08
354	1	707	1.78561532497406	42.5	1.0000000000000004e-08
354	2	708	1.9304988384246826	37.5	1.0000000000000004e-08
355	1	709	1.8490692377090454	47.5	1.0000000000000004e-08
355	2	710	1.868560552597046	34.375	1.0000000000000004e-08
356	1	711	1.8233667612075806	40.0	1.0000000000000004e-08
356	2	712	1.8461610078811646	50.0	1.0000000000000004e-08
357	1	713	1.9906209707260132	35.0	1.0000000000000004e-08
357	2	714	1.788558006286621	50.0	1.0000000000000004e-08
358	1	715	1.9128062725067139	30.0	1.0000000000000004e-08
358	2	716	1.8882077932357788	31.25	1.0000000000000004e-08
359	1	717	1.8690359592437744	37.5	1.0000000000000004e-08
359	2	718	1.8818625211715698	46.875	1.0000000000000004e-08
360	1	719	1.9108566045761108	42.5	1.0000000000000004e-08
360	2	720	1.8470523357391357	28.125	1.0000000000000004e-08
361	1	721	1.8180831670761108	42.5	1.0000000000000004e-08
361	2	722	1.8736103773117065	43.75	1.0000000000000004e-08
362	1	723	1.925930380821228	37.5	1.0000000000000004e-08
362	2	724	1.761658787727356	43.75	1.0000000000000004e-08
363	1	725	1.8590192794799805	40.0	1.0000000000000004e-08
363	2	726	1.9966715574264526	31.25	1.0000000000000004e-08
364	1	727	1.848501443862915	42.5	1.0000000000000004e-08
364	2	728	1.821794033050537	28.125	1.0000000000000004e-08
365	1	729	1.8421016931533813	40.0	1.0000000000000004e-08
365	2	730	2.026906967163086	37.5	1.0000000000000004e-08
366	1	731	1.800977349281311	52.5	1.0000000000000004e-08
366	2	732	1.9398353099822998	28.125	1.0000000000000004e-08
367	1	733	2.075827121734619	30.0	1.0000000000000004e-08
367	2	734	1.7845498323440552	34.375	1.0000000000000004e-08
368	1	735	1.8534116744995117	32.5	1.0000000000000004e-08
368	2	736	1.8844984769821167	46.875	1.0000000000000004e-08
369	1	737	1.8437769412994385	42.5	1.0000000000000004e-08
369	2	738	1.772658348083496	43.75	1.0000000000000004e-08
370	1	739	1.945522665977478	40.0	1.0000000000000004e-08
370	2	740	1.8579338788986206	34.375	1.0000000000000004e-08
371	1	741	1.892613172531128	37.5	1.0000000000000004e-08
371	2	742	1.760781168937683	46.875	1.0000000000000004e-08
372	1	743	2.122535228729248	30.0	1.0000000000000004e-08
372	2	744	1.7298123836517334	37.5	1.0000000000000004e-08
373	1	745	1.9234282970428467	35.0	1.0000000000000004e-08
373	2	746	1.8357350826263428	43.75	1.0000000000000004e-08
374	1	747	1.7728021144866943	50.0	1.0000000000000004e-08
374	2	748	1.9103431701660156	46.875	1.0000000000000004e-08
375	1	749	1.891993522644043	32.5	1.0000000000000004e-08
375	2	750	1.8094795942306519	53.125	1.0000000000000004e-08
376	1	751	1.9103031158447266	32.5	1.0000000000000004e-08
376	2	752	1.817678689956665	46.875	1.0000000000000004e-08
377	1	753	1.9213396310806274	35.0	1.0000000000000004e-08
377	2	754	1.8388317823410034	40.625	1.0000000000000004e-08
378	1	755	1.7660415172576904	40.0	1.0000000000000004e-08
378	2	756	1.9654580354690552	34.375	1.0000000000000004e-08
379	1	757	1.9444196224212646	22.5	1.0000000000000004e-08
379	2	758	1.7877607345581055	37.5	1.0000000000000004e-08
380	1	759	1.8350069522857666	35.0	1.0000000000000004e-08
380	2	760	1.9413868188858032	34.375	1.0000000000000004e-08
381	1	761	1.8741557598114014	47.5	1.0000000000000004e-08
381	2	762	1.8396533727645874	40.625	1.0000000000000004e-08
382	1	763	1.901766061782837	32.5	1.0000000000000004e-08
382	2	764	1.7924777269363403	46.875	1.0000000000000004e-08
383	1	765	1.8759634494781494	35.0	1.0000000000000004e-08
383	2	766	1.7791976928710938	46.875	1.0000000000000004e-08
384	1	767	1.8921377658843994	40.0	1.0000000000000004e-08
384	2	768	1.8535311222076416	28.125	1.0000000000000004e-08
385	1	769	1.9717323780059814	25.0	1.0000000000000004e-08
385	2	770	1.7823467254638672	50.0	1.0000000000000004e-08
386	1	771	1.7832868099212646	52.5	1.0000000000000004e-08
386	2	772	1.9681992530822754	34.375	1.0000000000000004e-08
387	1	773	1.847161889076233	37.5	1.0000000000000004e-08
387	2	774	1.8687344789505005	15.625	1.0000000000000004e-08
388	1	775	1.786250114440918	47.5	1.0000000000000004e-08
388	2	776	1.9631586074829102	28.125	1.0000000000000004e-08
389	1	777	1.8860957622528076	37.5	1.0000000000000004e-08
389	2	778	1.9098963737487793	37.5	1.0000000000000004e-08
390	1	779	1.9591901302337646	32.5	1.0000000000000004e-08
390	2	780	1.7428196668624878	40.625	1.0000000000000004e-08
391	1	781	1.949994444847107	35.0	1.0000000000000004e-08
391	2	782	1.7432700395584106	50.0	1.0000000000000004e-08
392	1	783	1.8928413391113281	40.0	1.0000000000000004e-08
392	2	784	1.8673748970031738	31.25	1.0000000000000004e-08
393	1	785	1.9337520599365234	32.5	1.0000000000000004e-08
393	2	786	1.7226985692977905	40.625	1.0000000000000004e-08
394	1	787	1.857692003250122	30.0	1.0000000000000004e-08
394	2	788	1.8032528162002563	50.0	1.0000000000000004e-08
395	1	789	1.7874486446380615	42.5	1.0000000000000004e-08
395	2	790	1.8667045831680298	43.75	1.0000000000000004e-08
396	1	791	1.8680493831634521	35.0	1.0000000000000004e-08
396	2	792	1.8078365325927734	37.5	1.0000000000000004e-08
397	1	793	1.9165128469467163	35.0	1.0000000000000004e-08
397	2	794	1.7899560928344727	46.875	1.0000000000000004e-08
398	1	795	1.8407809734344482	32.5	1.0000000000000004e-08
398	2	796	1.9407557249069214	37.5	1.0000000000000004e-08
399	1	797	1.8484872579574585	35.0	1.0000000000000004e-08
399	2	798	1.8230239152908325	34.375	1.0000000000000004e-08
400	1	799	1.891023874282837	30.0	1.0000000000000004e-08
400	2	800	1.8325997591018677	40.625	1.0000000000000004e-08
401	1	801	1.8444610834121704	37.5	1.0000000000000004e-08
401	2	802	1.9831812381744385	34.375	1.0000000000000004e-08
402	1	803	1.9545701742172241	22.5	1.0000000000000004e-08
402	2	804	1.705090880393982	53.125	1.0000000000000004e-08
403	1	805	2.0329346656799316	25.0	1.0000000000000004e-08
403	2	806	1.6883876323699951	53.125	1.0000000000000004e-08
404	1	807	1.8613576889038086	40.0	1.0000000000000004e-08
404	2	808	1.814124345779419	37.5	1.0000000000000004e-08
405	1	809	1.8144296407699585	40.0	1.0000000000000004e-08
405	2	810	1.858123540878296	53.125	1.0000000000000004e-08
406	1	811	1.8216149806976318	45.0	1.0000000000000004e-08
406	2	812	1.9255867004394531	40.625	1.0000000000000004e-08
407	1	813	1.7938514947891235	52.5	1.0000000000000004e-08
407	2	814	1.8405495882034302	34.375	1.0000000000000004e-08
408	1	815	1.9284321069717407	35.0	1.0000000000000004e-08
408	2	816	1.6962616443634033	62.5	1.0000000000000004e-08
409	1	817	1.8685792684555054	40.0	1.0000000000000004e-08
409	2	818	1.8381545543670654	34.375	1.0000000000000004e-08
410	1	819	1.8332945108413696	40.0	1.0000000000000004e-08
410	2	820	1.9406317472457886	40.625	1.0000000000000004e-08
411	1	821	1.9142299890518188	27.5	1.0000000000000004e-08
411	2	822	1.7103322744369507	56.25	1.0000000000000004e-08
412	1	823	1.9324496984481812	32.5	1.0000000000000004e-08
412	2	824	1.8661129474639893	40.625	1.0000000000000004e-08
413	1	825	1.8019180297851562	32.5	1.0000000000000004e-08
413	2	826	1.8735003471374512	37.5	1.0000000000000004e-08
414	1	827	1.8505789041519165	37.5	1.0000000000000004e-08
414	2	828	1.8213876485824585	40.625	1.0000000000000004e-08
415	1	829	1.7965399026870728	45.0	1.0000000000000004e-08
415	2	830	1.8445584774017334	34.375	1.0000000000000004e-08
416	1	831	1.8840138912200928	35.0	1.0000000000000004e-08
416	2	832	1.8713382482528687	40.625	1.0000000000000004e-08
417	1	833	1.7580459117889404	47.5	1.0000000000000004e-08
417	2	834	1.9378019571304321	31.25	1.0000000000000004e-08
418	1	835	1.841632604598999	32.5	1.0000000000000004e-08
418	2	836	1.8811463117599487	31.25	1.0000000000000004e-08
419	1	837	1.7793359756469727	52.5	1.0000000000000004e-08
419	2	838	1.9694076776504517	31.25	1.0000000000000004e-08
420	1	839	1.8708257675170898	32.5	1.0000000000000004e-08
420	2	840	1.8238898515701294	43.75	1.0000000000000004e-08
421	1	841	1.8874362707138062	35.0	1.0000000000000004e-08
421	2	842	1.8955687284469604	31.25	1.0000000000000004e-08
422	1	843	1.9336769580841064	32.5	1.0000000000000004e-08
422	2	844	1.8439093828201294	43.75	1.0000000000000004e-08
423	1	845	1.8391993045806885	47.5	1.0000000000000004e-08
423	2	846	1.8969718217849731	37.5	1.0000000000000004e-08
424	1	847	1.8393809795379639	47.5	1.0000000000000004e-08
424	2	848	1.818645715713501	46.875	1.0000000000000004e-08
425	1	849	1.8700721263885498	40.0	1.0000000000000004e-08
425	2	850	1.842818260192871	37.5	1.0000000000000004e-08
426	1	851	1.9362335205078125	32.5	1.0000000000000004e-08
426	2	852	1.8639625310897827	34.375	1.0000000000000004e-08
427	1	853	1.8778095245361328	42.5	1.0000000000000004e-08
427	2	854	2.01779842376709	15.625	1.0000000000000004e-08
428	1	855	1.8272596597671509	35.0	1.0000000000000004e-08
428	2	856	2.0157392024993896	28.125	1.0000000000000004e-08
429	1	857	1.864188551902771	42.5	1.0000000000000004e-08
429	2	858	1.9015381336212158	37.5	1.0000000000000004e-08
430	1	859	1.8348348140716553	52.5	1.0000000000000004e-08
430	2	860	1.9454870223999023	21.875	1.0000000000000004e-08
431	1	861	1.9126828908920288	35.0	1.0000000000000004e-08
431	2	862	1.8219757080078125	37.5	1.0000000000000004e-08
432	1	863	1.9366878271102905	25.0	1.0000000000000004e-08
432	2	864	1.8321956396102905	34.375	1.0000000000000004e-08
433	1	865	1.8205112218856812	40.0	1.0000000000000004e-08
433	2	866	1.7855561971664429	46.875	1.0000000000000004e-08
434	1	867	1.8536065816879272	30.0	1.0000000000000004e-08
434	2	868	1.861240029335022	40.625	1.0000000000000004e-08
435	1	869	1.8662573099136353	42.5	1.0000000000000004e-08
435	2	870	1.8695297241210938	43.75	1.0000000000000004e-08
436	1	871	1.9405584335327148	32.5	1.0000000000000004e-08
436	2	872	1.7636456489562988	43.75	1.0000000000000004e-08
437	1	873	1.8153728246688843	42.5	1.0000000000000004e-08
437	2	874	1.8426681756973267	46.875	1.0000000000000004e-08
438	1	875	1.8737376928329468	37.5	1.0000000000000004e-08
438	2	876	1.7527172565460205	46.875	1.0000000000000004e-08
439	1	877	1.8963829278945923	47.5	1.0000000000000004e-08
439	2	878	1.942516803741455	21.875	1.0000000000000004e-08
440	1	879	1.846368432044983	40.0	1.0000000000000004e-08
440	2	880	1.8678609132766724	37.5	1.0000000000000004e-08
441	1	881	1.9388221502304077	22.5	1.0000000000000004e-08
441	2	882	1.828605055809021	46.875	1.0000000000000004e-08
442	1	883	1.8118928670883179	47.5	1.0000000000000004e-08
442	2	884	1.9850682020187378	40.625	1.0000000000000004e-08
443	1	885	1.8478403091430664	30.0	1.0000000000000004e-08
443	2	886	1.9099047183990479	37.5	1.0000000000000004e-08
444	1	887	1.8331636190414429	37.5	1.0000000000000004e-08
444	2	888	1.7826650142669678	40.625	1.0000000000000004e-08
445	1	889	1.7938048839569092	37.5	1.0000000000000004e-08
445	2	890	2.0734076499938965	28.125	1.0000000000000004e-08
446	1	891	1.9152555465698242	35.0	1.0000000000000004e-08
446	2	892	1.9077247381210327	25.0	1.0000000000000004e-08
447	1	893	1.9575294256210327	25.0	1.0000000000000004e-08
447	2	894	1.74192214012146	46.875	1.0000000000000004e-08
448	1	895	1.8654520511627197	35.0	1.0000000000000004e-08
448	2	896	1.887279748916626	31.25	1.0000000000000004e-08
449	1	897	1.7855007648468018	47.5	1.0000000000000004e-08
449	2	898	1.9786710739135742	25.0	1.0000000000000004e-08
450	1	899	1.8048202991485596	35.0	1.0000000000000004e-08
450	2	900	1.9017324447631836	37.5	1.0000000000000004e-08
451	1	901	1.8867714405059814	37.5	1.0000000000000004e-08
451	2	902	1.7541521787643433	46.875	1.0000000000000004e-08
452	1	903	1.9022958278656006	42.5	1.0000000000000004e-08
452	2	904	1.8503655195236206	46.875	1.0000000000000004e-08
453	1	905	1.7889636754989624	45.0	1.0000000000000004e-08
453	2	906	1.927087664604187	37.5	1.0000000000000004e-08
454	1	907	1.8992475271224976	42.5	1.0000000000000004e-08
454	2	908	1.8767396211624146	37.5	1.0000000000000004e-08
455	1	909	1.8932676315307617	50.0	1.0000000000000004e-08
455	2	910	1.7670682668685913	34.375	1.0000000000000004e-08
456	1	911	1.7854162454605103	50.0	1.0000000000000004e-08
456	2	912	1.9276472330093384	31.25	1.0000000000000004e-08
457	1	913	1.8655325174331665	37.5	1.0000000000000004e-08
457	2	914	1.8620702028274536	34.375	1.0000000000000004e-08
458	1	915	1.8776754140853882	42.5	1.0000000000000004e-08
458	2	916	1.870005488395691	25.0	1.0000000000000004e-08
459	1	917	1.8444321155548096	35.0	1.0000000000000004e-08
459	2	918	1.9471399784088135	37.5	1.0000000000000004e-08
460	1	919	1.9300401210784912	37.5	1.0000000000000004e-08
460	2	920	1.7557287216186523	53.125	1.0000000000000004e-08
461	1	921	1.9492864608764648	37.5	1.0000000000000004e-08
461	2	922	1.83997642993927	34.375	1.0000000000000004e-08
462	1	923	1.7800174951553345	37.5	1.0000000000000004e-08
462	2	924	1.9845234155654907	40.625	1.0000000000000004e-08
463	1	925	1.9022728204727173	32.5	1.0000000000000004e-08
463	2	926	1.8137762546539307	50.0	1.0000000000000004e-08
464	1	927	1.9443362951278687	32.5	1.0000000000000004e-08
464	2	928	1.7586637735366821	46.875	1.0000000000000004e-08
465	1	929	1.9663286209106445	37.5	1.0000000000000004e-08
465	2	930	1.7782925367355347	34.375	1.0000000000000004e-08
466	1	931	1.8585078716278076	42.5	1.0000000000000004e-08
466	2	932	1.8268640041351318	34.375	1.0000000000000004e-08
467	1	933	1.8058494329452515	35.0	1.0000000000000004e-08
467	2	934	1.798621416091919	56.25	1.0000000000000004e-08
468	1	935	1.845007300376892	42.5	1.0000000000000004e-08
468	2	936	2.010188341140747	28.125	1.0000000000000004e-08
469	1	937	1.7716522216796875	47.5	1.0000000000000004e-08
469	2	938	1.9682347774505615	34.375	1.0000000000000004e-08
470	1	939	1.8586559295654297	37.5	1.0000000000000004e-08
470	2	940	1.7622439861297607	46.875	1.0000000000000004e-08
471	1	941	1.9721027612686157	35.0	1.0000000000000004e-08
471	2	942	1.8997230529785156	37.5	1.0000000000000004e-08
472	1	943	1.8063045740127563	40.0	1.0000000000000004e-08
472	2	944	1.977262258529663	37.5	1.0000000000000004e-08
473	1	945	1.8170324563980103	37.5	1.0000000000000004e-08
473	2	946	1.8774397373199463	37.5	1.0000000000000004e-08
474	1	947	1.79966139793396	32.5	1.0000000000000004e-08
474	2	948	1.8715097904205322	43.75	1.0000000000000004e-08
475	1	949	1.7776224613189697	40.0	1.0000000000000004e-08
475	2	950	2.0079994201660156	31.25	1.0000000000000004e-08
476	1	951	1.8398844003677368	40.0	1.0000000000000004e-08
476	2	952	1.9406898021697998	43.75	1.0000000000000004e-08
477	1	953	1.8036092519760132	37.5	1.0000000000000004e-08
477	2	954	1.9868106842041016	40.625	1.0000000000000004e-08
478	1	955	1.860784888267517	37.5	1.0000000000000004e-08
478	2	956	1.9156545400619507	31.25	1.0000000000000004e-08
479	1	957	1.944309949874878	40.0	1.0000000000000004e-08
479	2	958	1.8103368282318115	43.75	1.0000000000000004e-08
480	1	959	1.9112008810043335	27.5	1.0000000000000004e-08
480	2	960	1.8810325860977173	34.375	1.0000000000000004e-08
481	1	961	1.9443333148956299	27.5	1.0000000000000004e-08
481	2	962	1.8450788259506226	40.625	1.0000000000000004e-08
482	1	963	1.8898214101791382	30.0	1.0000000000000004e-08
482	2	964	1.8297479152679443	46.875	1.0000000000000004e-08
483	1	965	1.9426664113998413	30.0	1.0000000000000004e-08
483	2	966	1.8093998432159424	53.125	1.0000000000000004e-08
484	1	967	1.8790977001190186	40.0	1.0000000000000004e-08
484	2	968	1.824242353439331	40.625	1.0000000000000004e-08
485	1	969	1.857818841934204	40.0	1.0000000000000004e-08
485	2	970	1.8838834762573242	40.625	1.0000000000000004e-08
486	1	971	1.7605997323989868	47.5	1.0000000000000004e-08
486	2	972	1.918980360031128	31.25	1.0000000000000004e-08
487	1	973	2.0010101795196533	27.5	1.0000000000000004e-08
487	2	974	1.7004629373550415	50.0	1.0000000000000004e-08
488	1	975	2.0419716835021973	27.5	1.0000000000000004e-08
488	2	976	1.7454748153686523	59.375	1.0000000000000004e-08
489	1	977	1.8358319997787476	45.0	1.0000000000000004e-08
489	2	978	1.786049723625183	40.625	1.0000000000000004e-08
490	1	979	1.8551151752471924	32.5	1.0000000000000004e-08
490	2	980	1.9182567596435547	40.625	1.0000000000000004e-08
491	1	981	1.889039397239685	37.5	1.0000000000000004e-08
491	2	982	1.8537417650222778	34.375	1.0000000000000004e-08
492	1	983	1.9058948755264282	42.5	1.0000000000000004e-08
492	2	984	1.765791893005371	40.625	1.0000000000000004e-08
493	1	985	1.8960249423980713	37.5	1.0000000000000004e-08
493	2	986	1.8453247547149658	34.375	1.0000000000000004e-08
494	1	987	1.8614921569824219	35.0	1.0000000000000004e-08
494	2	988	1.8205739259719849	40.625	1.0000000000000004e-08
495	1	989	1.8948816061019897	30.0	1.0000000000000004e-08
495	2	990	1.7523926496505737	46.875	1.0000000000000004e-08
496	1	991	1.9399092197418213	37.5	1.0000000000000004e-08
496	2	992	1.6964560747146606	40.625	1.0000000000000004e-08
497	1	993	1.8920170068740845	35.0	1.0000000000000004e-08
497	2	994	1.8101524114608765	40.625	1.0000000000000004e-08
498	1	995	1.7980375289916992	42.5	1.0000000000000004e-08
498	2	996	2.070514440536499	31.25	1.0000000000000004e-08
499	1	997	2.124454975128174	25.0	1.0000000000000004e-08
499	2	998	1.80246901512146	40.625	1.0000000000000004e-08
500	1	999	1.8259143829345703	37.5	1.0000000000000004e-08
500	2	1000	1.8989920616149902	40.625	1.0000000000000004e-08
