epoch	loss	acc	lr
1	2.515342885616677	8.768267223382045	0.0001
2	2.4234603486628523	13.36116910229645	0.0001
3	2.35512233726167	16.2839248434238	0.0001
4	2.2593489653880012	18.997912317327767	0.0001
5	2.1838395680166736	21.29436325678497	0.0001
6	2.0983667557821892	24.843423799582464	0.0001
7	1.9702251831026814	28.60125260960334	0.0001
8	1.8420712883138954	32.35908141962422	0.0001
9	1.7444952572064012	34.864300626304804	0.0001
10	1.6239895210883313	38.83089770354906	0.0001
11	1.5813914823631654	41.75365344467641	0.0001
12	1.5106389072095676	42.58872651356994	0.0001
13	1.5008825108502255	45.72025052192067	0.0001
14	1.3423213662583544	46.97286012526096	0.0001
15	1.2720381942322956	53.65344467640919	0.0001
16	1.1741006011007225	58.03757828810021	0.0001
17	1.07784761591097	59.49895615866388	0.0001
18	1.01620673112929	62.421711899791234	0.0001
19	0.9390955059662741	67.84968684759916	0.0001
20	0.8736882055477708	69.51983298538622	0.0001
21	0.8485889508231448	70.14613778705636	0.0001
22	0.7789100625071993	73.48643006263048	0.0001
23	0.7294139088071214	74.32150313152401	0.0001
24	0.6773460806038285	76.61795407098121	0.0001
25	0.5970537686148865	80.58455114822547	0.0001
26	0.5510149849481523	81.00208768267224	0.0001
27	0.5170366993652256	85.59498956158664	0.0001
28	0.5044778262523619	83.92484342379959	0.0001
29	0.3961907815584808	87.89144050104385	0.0001
30	0.4297157214927275	86.0125260960334	0.0001
31	0.376549433006872	89.77035490605428	0.0001
32	0.34535481082372727	89.97912317327766	0.0001
33	0.2740053147513085	92.06680584551148	0.0001
34	0.3351479524859307	91.8580375782881	0.0001
35	0.2546049849225484	91.64926931106471	0.0001
36	0.30719270505835466	89.5615866388309	0.0001
37	0.2943158001018715	90.81419624217119	0.0001
38	0.23757272153035086	93.52818371607516	0.0001
39	0.2538872615342847	93.31941544885177	0.0001
40	0.21362000349170232	94.1544885177453	0.0001
41	0.1920489172037061	94.57202505219206	0.0001
42	0.15046693311541465	96.24217118997912	0.0001
43	0.16359658946821734	95.4070981210856	0.0001
44	0.1507363517094007	94.78079331941545	0.0001
45	0.13648599249336069	96.03340292275574	0.0001
46	0.14626497170248212	96.03340292275574	0.0001
47	0.13054860761245257	97.07724425887265	0.0001
48	0.15612223044442233	96.03340292275574	0.0001
49	0.15343872518405038	95.61586638830897	0.0001
50	0.1786965584860714	95.19832985386222	0.0001
51	0.12792569344439436	96.86847599164926	0.0001
52	0.1620836163519071	94.98956158663883	0.0001
53	0.1389200118737828	96.65970772442589	0.0001
54	0.11534091946911962	96.86847599164926	0.0001
55	0.08499410137191944	97.28601252609603	0.0001
56	0.0716583144565216	98.74739039665971	0.0001
57	0.10825420835197345	96.65970772442589	0.0001
58	0.10686689418485866	96.65970772442589	0.0001
59	0.12010460606696462	96.65970772442589	0.0001
60	0.14748975489918523	95.61586638830897	0.0001
61	0.1147464333813723	97.49478079331942	0.0001
62	0.09957591548468724	98.12108559498957	0.0001
63	0.08575160536985059	98.12108559498957	0.0001
64	0.06966828805295311	98.74739039665971	0.0001
65	0.07181218087610969	98.12108559498957	0.0001
66	0.08462590136271678	97.91231732776617	0.0001
67	0.0845467198741212	97.28601252609603	0.0001
68	0.04528000382298219	99.16492693110648	1e-05
69	0.03507134251078758	99.16492693110648	1e-05
70	0.02976797972971064	100.0	1e-05
71	0.034621105111342136	99.37369519832986	1e-05
72	0.02565260264936967	99.79123173277662	1e-05
73	0.021051802802714275	100.0	1e-05
74	0.021774058477148132	99.79123173277662	1e-05
75	0.017494449831374253	100.0	1e-05
76	0.019996069360034452	99.79123173277662	1e-05
77	0.028474353708809005	99.58246346555323	1e-05
78	0.01892479293297253	99.79123173277662	1e-05
79	0.017504802032029705	100.0	1e-05
80	0.020248867244710506	99.79123173277662	1e-05
81	0.01378430542390257	100.0	1e-05
82	0.018323891984769348	100.0	1e-05
83	0.01746668427159897	99.79123173277662	1e-05
84	0.0170404797727106	99.79123173277662	1e-05
85	0.01319577570203575	100.0	1e-05
86	0.017612208767807683	100.0	1e-05
87	0.015629324970654133	99.79123173277662	1e-05
88	0.011875528649724475	100.0	1e-05
89	0.018684795923484394	99.58246346555323	1e-05
90	0.014393972678183887	99.79123173277662	1e-05
91	0.011692046160597767	100.0	1e-05
92	0.018098555392505978	100.0	1e-05
93	0.01198133533248884	100.0	1e-05
94	0.012531852384636447	100.0	1e-05
95	0.011630695270440524	100.0	1e-05
96	0.012282591521164446	100.0	1e-05
97	0.013081577886479259	100.0	1e-05
98	0.014852035965669379	99.79123173277662	1e-05
99	0.012020356101538045	100.0	1e-05
100	0.01328717292498385	100.0	1e-05
101	0.016140736997251968	99.79123173277662	1e-05
102	0.009581103852885874	100.0	1e-05
103	0.016402210079771242	100.0	1e-05
104	0.009387604635605484	100.0	1e-05
105	0.009432448208378725	100.0	1e-05
106	0.008725385302152788	100.0	1e-05
107	0.01100922213373453	100.0	1e-05
108	0.01114531989464058	100.0	1e-05
109	0.01113502969693136	100.0	1e-05
110	0.014050176577148707	99.79123173277662	1e-05
111	0.01007701349804384	100.0	1e-05
112	0.00931310253742779	100.0	1e-05
113	0.010949222882334648	100.0	1e-05
114	0.009469697187753834	100.0	1e-05
115	0.010148686520164221	100.0	1e-05
116	0.01237115876978586	99.79123173277662	1e-05
117	0.008378211673279148	100.0	1e-05
118	0.009748142383728247	100.0	1e-05
119	0.010413325180752603	99.79123173277662	1.0000000000000002e-06
120	0.008451991403448184	100.0	1.0000000000000002e-06
121	0.007953222276203506	100.0	1.0000000000000002e-06
122	0.008348089714762065	100.0	1.0000000000000002e-06
123	0.012455536274235532	100.0	1.0000000000000002e-06
124	0.010155645014410974	100.0	1.0000000000000002e-06
125	0.01081046729012235	100.0	1.0000000000000002e-06
126	0.010753317941213513	100.0	1.0000000000000002e-06
127	0.010660280952801722	100.0	1.0000000000000002e-06
128	0.008735475556182214	100.0	1.0000000000000002e-06
129	0.01139519361405787	100.0	1.0000000000000002e-06
130	0.008788168655867866	100.0	1.0000000000000002e-06
131	0.01145156826590633	99.79123173277662	1.0000000000000002e-06
132	0.01104917699210579	99.79123173277662	1.0000000000000002e-06
133	0.01036473004621821	100.0	1.0000000000000002e-06
134	0.011761487287611143	100.0	1.0000000000000002e-06
135	0.013643445841781406	99.58246346555323	1.0000000000000002e-06
136	0.010534869872484675	100.0	1.0000000000000002e-06
137	0.009588086197934345	100.0	1.0000000000000002e-06
138	0.010237318469456441	100.0	1.0000000000000002e-06
139	0.008667241924856487	100.0	1.0000000000000002e-06
140	0.008863165391325204	100.0	1.0000000000000002e-06
141	0.009598541884276713	100.0	1.0000000000000002e-06
142	0.006720090925592408	100.0	1.0000000000000002e-06
143	0.009411178886042693	100.0	1.0000000000000002e-06
144	0.006755756247314257	100.0	1.0000000000000002e-06
145	0.007640693257008689	100.0	1.0000000000000002e-06
146	0.009195142579196888	100.0	1.0000000000000002e-06
147	0.009450488358284959	100.0	1.0000000000000002e-06
148	0.013068487511904977	100.0	1.0000000000000002e-06
149	0.011936922470158226	99.79123173277662	1.0000000000000002e-06
150	0.007606039403126982	100.0	1.0000000000000002e-06
151	0.009487492611752298	99.79123173277662	1.0000000000000002e-06
152	0.009142744195470606	100.0	1.0000000000000002e-06
153	0.006816592188999213	100.0	1.0000000000000002e-06
154	0.008566345225257453	100.0	1.0000000000000002e-06
155	0.01066556916472994	100.0	1.0000000000000002e-06
156	0.00902565222793494	100.0	1.0000000000000002e-06
157	0.009100845373295917	100.0	1.0000000000000002e-06
158	0.007038554386673243	100.0	1.0000000000000002e-06
159	0.011966668434892169	100.0	1.0000000000000002e-06
160	0.010383207922595278	100.0	1.0000000000000002e-06
161	0.010926709465666953	100.0	1.0000000000000002e-06
162	0.007979728378713255	100.0	1.0000000000000002e-06
163	0.008603507186245321	100.0	1.0000000000000002e-06
164	0.01020321723594795	100.0	1.0000000000000002e-06
165	0.010424408945011943	100.0	1.0000000000000002e-06
166	0.008505634162458349	100.0	1.0000000000000002e-06
167	0.009496130456074699	100.0	1.0000000000000002e-06
168	0.008916639877456028	100.0	1.0000000000000002e-06
169	0.007884241628901943	100.0	1.0000000000000002e-06
170	0.010368216819750118	100.0	1.0000000000000002e-07
171	0.008758458275822358	100.0	1.0000000000000002e-07
172	0.0066739273372267635	100.0	1.0000000000000002e-07
173	0.008049699969760809	100.0	1.0000000000000002e-07
174	0.011757620320595132	100.0	1.0000000000000002e-07
175	0.008752477446683763	100.0	1.0000000000000002e-07
176	0.008080340187903299	100.0	1.0000000000000002e-07
177	0.008845375971343671	100.0	1.0000000000000002e-07
178	0.008576420973791956	100.0	1.0000000000000002e-07
179	0.007876051697755595	100.0	1.0000000000000002e-07
180	0.007653747133070716	100.0	1.0000000000000002e-07
181	0.00757925702153952	100.0	1.0000000000000002e-07
182	0.007253111244834539	100.0	1.0000000000000002e-07
183	0.010513160220252074	100.0	1.0000000000000002e-07
184	0.007947174138107603	100.0	1.0000000000000002e-07
185	0.008029742583453592	100.0	1.0000000000000002e-07
186	0.01372816472942309	100.0	1.0000000000000002e-07
187	0.01142447727240451	100.0	1.0000000000000002e-07
188	0.009985357274093309	100.0	1.0000000000000002e-07
189	0.008444219542811148	100.0	1.0000000000000002e-07
190	0.008744394142250676	100.0	1.0000000000000002e-07
191	0.008727550055512805	100.0	1.0000000000000002e-07
192	0.008180613267879023	100.0	1.0000000000000002e-07
193	0.00968547949338009	99.79123173277662	1.0000000000000002e-07
194	0.011899583516078602	100.0	1.0000000000000002e-07
195	0.007045135613616423	100.0	1.0000000000000002e-07
196	0.00968491254152734	100.0	1.0000000000000002e-07
197	0.007211553676555513	100.0	1.0000000000000002e-07
198	0.009126982613736939	100.0	1.0000000000000002e-07
199	0.008305928875966337	100.0	1.0000000000000002e-07
200	0.007371761151715833	100.0	1.0000000000000002e-07
201	0.008586885104255287	100.0	1.0000000000000002e-07
202	0.008124066787015546	100.0	1.0000000000000002e-07
203	0.012343019912007706	100.0	1.0000000000000002e-07
204	0.01034277505270499	99.79123173277662	1.0000000000000002e-07
205	0.009181073937265666	100.0	1.0000000000000002e-07
206	0.009146889372260188	100.0	1.0000000000000002e-07
207	0.01326426228271148	99.79123173277662	1.0000000000000002e-07
208	0.00937578864570606	100.0	1.0000000000000002e-07
209	0.009310382764420953	100.0	1.0000000000000002e-07
210	0.010395992776701744	100.0	1.0000000000000002e-07
211	0.010851155260737232	100.0	1.0000000000000002e-07
212	0.008205655591838482	100.0	1.0000000000000002e-07
213	0.008444319214255768	100.0	1.0000000000000002e-07
214	0.007667619202262673	100.0	1.0000000000000002e-07
215	0.007932282706220987	100.0	1.0000000000000002e-07
216	0.008582270533110876	100.0	1.0000000000000002e-07
217	0.010962417738080522	100.0	1.0000000000000002e-07
218	0.007559945548268225	100.0	1.0000000000000002e-07
219	0.010093802562866181	100.0	1.0000000000000002e-07
220	0.009668070436037283	100.0	1.0000000000000002e-07
221	0.009570804677343692	100.0	1.0000000000000004e-08
222	0.00818129424355722	100.0	1.0000000000000004e-08
223	0.00858345016786568	100.0	1.0000000000000004e-08
224	0.012551136120438327	99.79123173277662	1.0000000000000004e-08
225	0.007110744975273943	100.0	1.0000000000000004e-08
226	0.006839891528177983	100.0	1.0000000000000004e-08
227	0.009760405774965166	100.0	1.0000000000000004e-08
228	0.008519317046787768	100.0	1.0000000000000004e-08
229	0.009232456465339238	100.0	1.0000000000000004e-08
230	0.006870770407937825	100.0	1.0000000000000004e-08
231	0.008300781238334163	100.0	1.0000000000000004e-08
232	0.018407526980144494	99.58246346555323	1.0000000000000004e-08
233	0.00973628803364357	100.0	1.0000000000000004e-08
234	0.008111946821399423	100.0	1.0000000000000004e-08
235	0.00897663182312611	100.0	1.0000000000000004e-08
236	0.009371546368330468	100.0	1.0000000000000004e-08
237	0.00876360994011226	100.0	1.0000000000000004e-08
238	0.009722799789899325	100.0	1.0000000000000004e-08
239	0.008176293803499487	100.0	1.0000000000000004e-08
240	0.009467818782060156	100.0	1.0000000000000004e-08
241	0.009045833811195012	100.0	1.0000000000000004e-08
242	0.013525213287960513	99.79123173277662	1.0000000000000004e-08
243	0.012795431028063835	99.79123173277662	1.0000000000000004e-08
244	0.0076312032452393675	100.0	1.0000000000000004e-08
245	0.006978746790376673	100.0	1.0000000000000004e-08
246	0.01552346075587519	99.79123173277662	1.0000000000000004e-08
247	0.008578633049615739	100.0	1.0000000000000004e-08
248	0.008950171156131151	100.0	1.0000000000000004e-08
249	0.00880269072794342	100.0	1.0000000000000004e-08
250	0.009332875889339067	100.0	1.0000000000000004e-08
251	0.010359095588388672	100.0	1.0000000000000004e-08
252	0.010386717929611749	100.0	1.0000000000000004e-08
253	0.008752306254428962	100.0	1.0000000000000004e-08
254	0.009986299068700048	100.0	1.0000000000000004e-08
255	0.008622282114665418	100.0	1.0000000000000004e-08
256	0.009401877848178709	100.0	1.0000000000000004e-08
257	0.008371494502404661	100.0	1.0000000000000004e-08
258	0.010529184836450971	100.0	1.0000000000000004e-08
259	0.009576233006656045	100.0	1.0000000000000004e-08
260	0.011544723349520334	100.0	1.0000000000000004e-08
261	0.008808371000427419	100.0	1.0000000000000004e-08
262	0.011221981154354231	100.0	1.0000000000000004e-08
263	0.009806101467063755	100.0	1.0000000000000004e-08
264	0.011767653981709779	100.0	1.0000000000000004e-08
265	0.010444786518205556	100.0	1.0000000000000004e-08
266	0.010825801205224434	100.0	1.0000000000000004e-08
267	0.007503330341048367	100.0	1.0000000000000004e-08
268	0.007087548104910052	100.0	1.0000000000000004e-08
269	0.008265068247089929	100.0	1.0000000000000004e-08
270	0.0076600096163209645	100.0	1.0000000000000004e-08
271	0.008582851866995119	100.0	1.0000000000000004e-08
272	0.008218426702617977	100.0	1.0000000000000004e-08
273	0.012622207505259048	100.0	1.0000000000000004e-08
274	0.010153057632116224	100.0	1.0000000000000004e-08
275	0.008181134464378646	100.0	1.0000000000000004e-08
276	0.008339192994358893	100.0	1.0000000000000004e-08
277	0.007999809528846831	100.0	1.0000000000000004e-08
278	0.008441863384191142	100.0	1.0000000000000004e-08
279	0.01049157707234514	100.0	1.0000000000000004e-08
280	0.009349832002127967	100.0	1.0000000000000004e-08
281	0.009360052528548091	100.0	1.0000000000000004e-08
282	0.008632296546593712	100.0	1.0000000000000004e-08
283	0.010573945642062045	100.0	1.0000000000000004e-08
284	0.00939731147054715	100.0	1.0000000000000004e-08
285	0.007158381006989574	100.0	1.0000000000000004e-08
286	0.01073172788615951	100.0	1.0000000000000004e-08
287	0.00709417428323583	100.0	1.0000000000000004e-08
288	0.007873619822999132	100.0	1.0000000000000004e-08
289	0.00857160138238478	100.0	1.0000000000000004e-08
290	0.009466058738910765	100.0	1.0000000000000004e-08
291	0.007775171280747167	100.0	1.0000000000000004e-08
292	0.008657633673034158	100.0	1.0000000000000004e-08
293	0.008481645973162076	100.0	1.0000000000000004e-08
294	0.00705925254773403	100.0	1.0000000000000004e-08
295	0.011383953494542824	99.79123173277662	1.0000000000000004e-08
296	0.008167788520502024	100.0	1.0000000000000004e-08
297	0.008478507027224422	100.0	1.0000000000000004e-08
298	0.010884637339721144	100.0	1.0000000000000004e-08
299	0.007460188958599448	100.0	1.0000000000000004e-08
300	0.007278717142415072	100.0	1.0000000000000004e-08
301	0.0066059257734045855	100.0	1.0000000000000004e-08
302	0.009395421113204483	100.0	1.0000000000000004e-08
303	0.007083537498399584	100.0	1.0000000000000004e-08
304	0.009809734868488443	100.0	1.0000000000000004e-08
305	0.008923072713993039	100.0	1.0000000000000004e-08
306	0.01049714044926373	100.0	1.0000000000000004e-08
307	0.008521291165805125	100.0	1.0000000000000004e-08
308	0.007242168987165973	100.0	1.0000000000000004e-08
309	0.009768345601281194	100.0	1.0000000000000004e-08
310	0.007737636632268514	100.0	1.0000000000000004e-08
311	0.00891695444769613	100.0	1.0000000000000004e-08
312	0.009700962733127379	100.0	1.0000000000000004e-08
313	0.01010672387614504	100.0	1.0000000000000004e-08
314	0.009300224026101242	100.0	1.0000000000000004e-08
315	0.007652415149302721	100.0	1.0000000000000004e-08
316	0.008559707804954375	100.0	1.0000000000000004e-08
317	0.009890034694675675	100.0	1.0000000000000004e-08
318	0.007981802033559887	100.0	1.0000000000000004e-08
319	0.006974338682170078	100.0	1.0000000000000004e-08
320	0.009472446778637508	100.0	1.0000000000000004e-08
321	0.01133629461139876	99.79123173277662	1.0000000000000004e-08
322	0.011254997640101546	100.0	1.0000000000000004e-08
323	0.010602395042450419	100.0	1.0000000000000004e-08
324	0.011111667570278889	100.0	1.0000000000000004e-08
325	0.009877574254830596	100.0	1.0000000000000004e-08
326	0.009074963744931965	100.0	1.0000000000000004e-08
327	0.008314843559812653	100.0	1.0000000000000004e-08
328	0.01124012892937486	100.0	1.0000000000000004e-08
329	0.011741392664409132	99.79123173277662	1.0000000000000004e-08
330	0.008010715901431684	100.0	1.0000000000000004e-08
331	0.008594732953231618	100.0	1.0000000000000004e-08
332	0.008429455609762718	100.0	1.0000000000000004e-08
333	0.01008110266132183	100.0	1.0000000000000004e-08
334	0.010238839571980568	100.0	1.0000000000000004e-08
335	0.008591258669921463	100.0	1.0000000000000004e-08
336	0.009298546912463573	100.0	1.0000000000000004e-08
337	0.008124275718249831	100.0	1.0000000000000004e-08
338	0.009946376176663755	100.0	1.0000000000000004e-08
339	0.009762377684278753	100.0	1.0000000000000004e-08
340	0.007637746646681447	100.0	1.0000000000000004e-08
341	0.008201717614878692	100.0	1.0000000000000004e-08
342	0.008780138018795743	100.0	1.0000000000000004e-08
343	0.008593155083777325	100.0	1.0000000000000004e-08
344	0.009995486243143833	100.0	1.0000000000000004e-08
345	0.010235551561934715	100.0	1.0000000000000004e-08
346	0.007131409336519204	100.0	1.0000000000000004e-08
347	0.011788744481362107	100.0	1.0000000000000004e-08
348	0.009584216863725778	100.0	1.0000000000000004e-08
349	0.008829607548569339	100.0	1.0000000000000004e-08
350	0.009377760185601505	100.0	1.0000000000000004e-08
351	0.008724299237124295	100.0	1.0000000000000004e-08
352	0.008872486222224283	100.0	1.0000000000000004e-08
353	0.010352920254766319	100.0	1.0000000000000004e-08
354	0.011029940438777645	100.0	1.0000000000000004e-08
355	0.007872341616790826	100.0	1.0000000000000004e-08
356	0.009330996485244257	100.0	1.0000000000000004e-08
357	0.011071018133864647	100.0	1.0000000000000004e-08
358	0.009950682526699312	100.0	1.0000000000000004e-08
359	0.007524629679580446	100.0	1.0000000000000004e-08
360	0.008984756407119909	100.0	1.0000000000000004e-08
361	0.008898820206989575	100.0	1.0000000000000004e-08
362	0.007615628013570087	100.0	1.0000000000000004e-08
363	0.008213007404606999	100.0	1.0000000000000004e-08
364	0.008048083446531056	100.0	1.0000000000000004e-08
365	0.009584553801262117	100.0	1.0000000000000004e-08
366	0.010509902560822898	100.0	1.0000000000000004e-08
367	0.008520129226179238	100.0	1.0000000000000004e-08
368	0.011747474747171357	100.0	1.0000000000000004e-08
369	0.007354234555242331	100.0	1.0000000000000004e-08
370	0.009335292903764761	100.0	1.0000000000000004e-08
371	0.012501762284545349	99.79123173277662	1.0000000000000004e-08
372	0.008058835730921003	100.0	1.0000000000000004e-08
373	0.010818891548055822	100.0	1.0000000000000004e-08
374	0.007595768957622427	100.0	1.0000000000000004e-08
375	0.012644774673238303	100.0	1.0000000000000004e-08
376	0.009254427685058192	100.0	1.0000000000000004e-08
377	0.008030902333790923	100.0	1.0000000000000004e-08
378	0.007196865342013025	100.0	1.0000000000000004e-08
379	0.00894718330026855	100.0	1.0000000000000004e-08
380	0.007260206149646036	100.0	1.0000000000000004e-08
381	0.00791211909612559	100.0	1.0000000000000004e-08
382	0.009245559905649849	100.0	1.0000000000000004e-08
383	0.009855867715431902	100.0	1.0000000000000004e-08
384	0.008566539893062913	100.0	1.0000000000000004e-08
385	0.011445154790768481	99.79123173277662	1.0000000000000004e-08
386	0.007644429374175119	100.0	1.0000000000000004e-08
387	0.008321970059596671	100.0	1.0000000000000004e-08
388	0.00952651656751904	100.0	1.0000000000000004e-08
389	0.007871789997735202	100.0	1.0000000000000004e-08
390	0.0095755719717802	100.0	1.0000000000000004e-08
391	0.012200069666251012	99.79123173277662	1.0000000000000004e-08
392	0.009499081834326333	100.0	1.0000000000000004e-08
393	0.010584743574868289	99.79123173277662	1.0000000000000004e-08
394	0.010381935354874378	100.0	1.0000000000000004e-08
395	0.007991408448013047	100.0	1.0000000000000004e-08
396	0.01101827225210398	100.0	1.0000000000000004e-08
397	0.0068726070373006055	100.0	1.0000000000000004e-08
398	0.00887457257679164	100.0	1.0000000000000004e-08
