epoch	batch	iter	loss	acc	lr
1	1	1	2.576225757598877	10.0	5e-06
1	2	2	2.5150959491729736	9.375	5e-06
2	1	3	2.570970058441162	7.5	5e-06
2	2	4	2.5111443996429443	12.5	5e-06
3	1	5	2.520846366882324	12.5	5e-06
3	2	6	2.550349473953247	6.25	5e-06
4	1	7	2.530151844024658	5.0	5e-06
4	2	8	2.524240016937256	15.625	5e-06
5	1	9	2.436537504196167	15.0	5e-06
5	2	10	2.6174421310424805	9.375	5e-06
6	1	11	2.5565237998962402	10.0	5e-06
6	2	12	2.4880638122558594	9.375	5e-06
7	1	13	2.42981219291687	15.0	5e-06
7	2	14	2.585428476333618	0.0	5e-06
8	1	15	2.493403911590576	20.0	5e-06
8	2	16	2.5332798957824707	9.375	5e-06
9	1	17	2.490898370742798	12.5	5e-06
9	2	18	2.500568151473999	0.0	5e-06
10	1	19	2.436708927154541	12.5	5e-06
10	2	20	2.5084261894226074	15.625	5e-06
11	1	21	2.456057071685791	17.5	5e-06
11	2	22	2.4690334796905518	18.75	5e-06
12	1	23	2.4896771907806396	12.5	5e-06
12	2	24	2.388789176940918	18.75	5e-06
13	1	25	2.3657398223876953	22.5	5e-06
13	2	26	2.526270866394043	18.75	5e-06
14	1	27	2.4405834674835205	25.0	5e-06
14	2	28	2.39284348487854	15.625	5e-06
15	1	29	2.4525060653686523	15.0	5e-06
15	2	30	2.416632890701294	21.875	5e-06
16	1	31	2.4079642295837402	20.0	5e-06
16	2	32	2.455089569091797	31.25	5e-06
17	1	33	2.444702625274658	20.0	5e-06
17	2	34	2.3995895385742188	12.5	5e-06
18	1	35	2.374701976776123	25.0	5e-06
18	2	36	2.4416615962982178	31.25	5e-06
19	1	37	2.4713170528411865	12.5	5e-06
19	2	38	2.3519318103790283	34.375	5e-06
20	1	39	2.3564484119415283	25.0	5e-06
20	2	40	2.4432942867279053	31.25	5e-06
21	1	41	2.3379533290863037	35.0	5e-06
21	2	42	2.476001024246216	28.125	5e-06
22	1	43	2.3698980808258057	32.5	5e-06
22	2	44	2.3373489379882812	31.25	5e-06
23	1	45	2.383821725845337	22.5	5e-06
23	2	46	2.380993366241455	31.25	5e-06
24	1	47	2.3470969200134277	27.5	5e-06
24	2	48	2.417137384414673	21.875	5e-06
25	1	49	2.3588132858276367	40.0	5e-06
25	2	50	2.387258768081665	15.625	5e-06
26	1	51	2.4412622451782227	27.5	5e-06
26	2	52	2.265242338180542	37.5	5e-06
27	1	53	2.3892147541046143	27.5	5e-06
27	2	54	2.3496286869049072	21.875	5e-06
28	1	55	2.294853925704956	37.5	5e-06
28	2	56	2.4148566722869873	18.75	5e-06
29	1	57	2.3634586334228516	37.5	5e-06
29	2	58	2.340210199356079	28.125	5e-06
30	1	59	2.334653377532959	37.5	5e-06
30	2	60	2.2979044914245605	34.375	5e-06
31	1	61	2.2754952907562256	27.5	5e-06
31	2	62	2.3963875770568848	28.125	5e-06
32	1	63	2.2815170288085938	37.5	5e-06
32	2	64	2.3216159343719482	31.25	5e-06
33	1	65	2.3072195053100586	35.0	5e-06
33	2	66	2.310614824295044	40.625	5e-06
34	1	67	2.266258955001831	50.0	5e-06
34	2	68	2.3233442306518555	28.125	5e-06
35	1	69	2.3124403953552246	37.5	5e-06
35	2	70	2.2586164474487305	53.125	5e-06
36	1	71	2.292966365814209	45.0	5e-06
36	2	72	2.279346466064453	34.375	5e-06
37	1	73	2.292570114135742	50.0	5e-06
37	2	74	2.288479804992676	34.375	5e-06
38	1	75	2.24900484085083	42.5	5e-06
38	2	76	2.282496213912964	37.5	5e-06
39	1	77	2.3146255016326904	32.5	5e-06
39	2	78	2.2220866680145264	46.875	5e-06
40	1	79	2.294606924057007	32.5	5e-06
40	2	80	2.212833881378174	59.375	5e-06
41	1	81	2.2279679775238037	47.5	5e-06
41	2	82	2.273057699203491	37.5	5e-06
42	1	83	2.201202630996704	40.0	5e-06
42	2	84	2.2594518661499023	43.75	5e-06
43	1	85	2.2432169914245605	45.0	5e-06
43	2	86	2.20166015625	53.125	5e-06
44	1	87	2.257596731185913	30.0	5e-06
44	2	88	2.2219786643981934	50.0	5e-06
45	1	89	2.164804697036743	57.5	5e-06
45	2	90	2.2752232551574707	46.875	5e-06
46	1	91	2.1870663166046143	40.0	5e-06
46	2	92	2.2122175693511963	50.0	5e-06
47	1	93	2.278822422027588	30.0	5e-06
47	2	94	2.1680335998535156	53.125	5e-06
48	1	95	2.20426869392395	55.0	5e-06
48	2	96	2.19301438331604	40.625	5e-06
49	1	97	2.1500861644744873	52.5	5e-06
49	2	98	2.2472801208496094	46.875	5e-06
50	1	99	2.196943998336792	47.5	5e-06
50	2	100	2.1787407398223877	59.375	5e-06
51	1	101	2.1434648036956787	52.5	5e-06
51	2	102	2.1946353912353516	50.0	5e-06
52	1	103	2.1775317192077637	52.5	5e-06
52	2	104	2.2041521072387695	46.875	5e-06
53	1	105	2.1479132175445557	47.5	5e-06
53	2	106	2.1486048698425293	53.125	5e-06
54	1	107	2.2285618782043457	47.5	5e-06
54	2	108	2.0458426475524902	65.625	5e-06
55	1	109	2.1722350120544434	47.5	5e-06
55	2	110	2.1734464168548584	40.625	5e-06
56	1	111	2.1547374725341797	50.0	5e-06
56	2	112	2.1051409244537354	68.75	5e-06
57	1	113	2.070178508758545	65.0	5e-06
57	2	114	2.1922738552093506	43.75	5e-06
58	1	115	2.1099531650543213	55.0	5e-06
58	2	116	2.156501531600952	71.875	5e-06
59	1	117	2.148267984390259	47.5	5e-06
59	2	118	2.136525869369507	50.0	5e-06
60	1	119	2.0912013053894043	55.0	5e-06
60	2	120	2.1234285831451416	59.375	5e-06
61	1	121	2.117462396621704	60.0	5e-06
61	2	122	2.0091350078582764	59.375	5e-06
62	1	123	2.0953168869018555	62.5	5e-06
62	2	124	2.083909034729004	65.625	5e-06
63	1	125	2.0284230709075928	57.5	5e-06
63	2	126	2.106400966644287	65.625	5e-06
64	1	127	2.032546281814575	60.0	5e-06
64	2	128	2.1275596618652344	56.25	5e-06
65	1	129	2.0938973426818848	52.5	5e-06
65	2	130	2.03100323677063	65.625	5e-06
66	1	131	2.007276773452759	55.0	5e-06
66	2	132	2.0207509994506836	65.625	5e-06
67	1	133	2.131352186203003	45.0	5e-06
67	2	134	1.8881138563156128	78.125	5e-06
68	1	135	2.07159423828125	42.5	5e-06
68	2	136	1.9464547634124756	71.875	5e-06
69	1	137	2.0184476375579834	62.5	5e-06
69	2	138	1.9501702785491943	68.75	5e-06
70	1	139	1.987431526184082	62.5	5e-06
70	2	140	2.063430070877075	59.375	5e-06
71	1	141	1.965391755104065	70.0	5e-06
71	2	142	2.0013480186462402	53.125	5e-06
72	1	143	1.965924859046936	62.5	5e-06
72	2	144	1.996462106704712	59.375	5e-06
73	1	145	2.0054163932800293	52.5	5e-06
73	2	146	2.010784387588501	53.125	5e-06
74	1	147	1.958971381187439	52.5	5e-06
74	2	148	1.9192169904708862	65.625	5e-06
75	1	149	1.8948911428451538	67.5	5e-06
75	2	150	2.0093741416931152	59.375	5e-06
76	1	151	1.9339466094970703	65.0	5e-06
76	2	152	1.901115894317627	62.5	5e-06
77	1	153	2.017970323562622	55.0	5e-06
77	2	154	1.8665306568145752	71.875	5e-06
78	1	155	1.9100053310394287	60.0	5e-06
78	2	156	2.0100386142730713	62.5	5e-06
79	1	157	1.975786805152893	70.0	5e-06
79	2	158	1.9237384796142578	62.5	5e-06
80	1	159	1.8573102951049805	57.5	5e-06
80	2	160	1.9159247875213623	65.625	5e-06
81	1	161	1.888867735862732	65.0	5e-06
81	2	162	1.8686723709106445	68.75	5e-06
82	1	163	1.9901574850082397	52.5	5e-06
82	2	164	1.808182716369629	62.5	5e-06
83	1	165	1.834653615951538	67.5	5e-06
83	2	166	1.9064902067184448	62.5	5e-06
84	1	167	1.8205649852752686	70.0	5e-06
84	2	168	1.8297476768493652	62.5	5e-06
85	1	169	1.8722093105316162	60.0	5e-06
85	2	170	1.8568341732025146	62.5	5e-06
86	1	171	1.79875910282135	67.5	5e-06
86	2	172	1.8582497835159302	68.75	5e-06
87	1	173	1.7255748510360718	75.0	5e-06
87	2	174	1.9806066751480103	59.375	5e-06
88	1	175	1.7859138250350952	72.5	5e-06
88	2	176	1.8174699544906616	71.875	5e-06
89	1	177	1.7247546911239624	62.5	5e-06
89	2	178	1.8349812030792236	68.75	5e-06
90	1	179	1.7081325054168701	77.5	5e-06
90	2	180	1.936658501625061	56.25	5e-06
91	1	181	1.7699604034423828	65.0	5e-06
91	2	182	1.793304204940796	71.875	5e-06
92	1	183	1.807281255722046	60.0	5e-06
92	2	184	1.8376491069793701	53.125	5e-06
93	1	185	1.7489051818847656	67.5	5e-06
93	2	186	1.846173882484436	59.375	5e-06
94	1	187	1.8160431385040283	57.5	5e-06
94	2	188	1.6142843961715698	75.0	5e-06
95	1	189	1.7448084354400635	65.0	5e-06
95	2	190	1.639240026473999	75.0	5e-06
96	1	191	1.7090469598770142	62.5	5e-06
96	2	192	1.7832096815109253	56.25	5e-06
97	1	193	1.876619577407837	70.0	5e-06
97	2	194	1.679490089416504	59.375	5e-06
98	1	195	1.6904863119125366	67.5	5e-06
98	2	196	1.7259502410888672	75.0	5e-06
99	1	197	1.7494033575057983	72.5	5e-06
99	2	198	1.615506887435913	71.875	5e-06
100	1	199	1.717237114906311	62.5	5e-06
100	2	200	1.6057296991348267	81.25	5e-06
101	1	201	1.653698205947876	75.0	5e-06
101	2	202	1.6938070058822632	65.625	5e-06
102	1	203	1.7155370712280273	77.5	5e-06
102	2	204	1.6394925117492676	65.625	5e-06
103	1	205	1.677344560623169	65.0	5e-06
103	2	206	1.6566303968429565	59.375	5e-06
104	1	207	1.6452049016952515	70.0	5e-06
104	2	208	1.7035751342773438	75.0	5e-06
105	1	209	1.6788991689682007	72.5	5e-06
105	2	210	1.555290937423706	78.125	5e-06
106	1	211	1.6062605381011963	82.5	5e-06
106	2	212	1.537726879119873	78.125	5e-06
107	1	213	1.5259058475494385	80.0	5e-06
107	2	214	1.6695080995559692	75.0	5e-06
108	1	215	1.495259404182434	80.0	5e-06
108	2	216	1.594696044921875	81.25	5e-06
109	1	217	1.6509758234024048	70.0	5e-06
109	2	218	1.4951971769332886	81.25	5e-06
110	1	219	1.5683974027633667	77.5	5e-06
110	2	220	1.5982506275177002	71.875	5e-06
111	1	221	1.6354506015777588	67.5	5e-06
111	2	222	1.5467031002044678	71.875	5e-06
112	1	223	1.5638668537139893	75.0	5e-06
112	2	224	1.4971349239349365	84.375	5e-06
113	1	225	1.5808154344558716	65.0	5e-06
113	2	226	1.4704548120498657	81.25	5e-06
114	1	227	1.535233736038208	75.0	5e-06
114	2	228	1.46391761302948	78.125	5e-06
115	1	229	1.568699598312378	70.0	5e-06
115	2	230	1.4446313381195068	75.0	5e-06
116	1	231	1.4698089361190796	77.5	5e-06
116	2	232	1.388274908065796	84.375	5e-06
117	1	233	1.4257285594940186	75.0	5e-06
117	2	234	1.6115741729736328	65.625	5e-06
118	1	235	1.5344300270080566	70.0	5e-06
118	2	236	1.4189491271972656	75.0	5e-06
119	1	237	1.5391231775283813	82.5	5e-06
119	2	238	1.446677565574646	81.25	5e-06
120	1	239	1.5540964603424072	70.0	5e-06
120	2	240	1.3560417890548706	78.125	5e-06
121	1	241	1.465073823928833	77.5	5e-06
121	2	242	1.4846088886260986	78.125	5e-06
122	1	243	1.427791714668274	67.5	5e-06
122	2	244	1.5401277542114258	84.375	5e-06
123	1	245	1.5032637119293213	75.0	5e-06
123	2	246	1.39918053150177	78.125	5e-06
124	1	247	1.4417842626571655	82.5	5e-06
124	2	248	1.484811544418335	75.0	5e-06
125	1	249	1.460384726524353	77.5	5e-06
125	2	250	1.4026871919631958	75.0	5e-06
126	1	251	1.4318195581436157	70.0	5e-06
126	2	252	1.3430390357971191	84.375	5e-06
127	1	253	1.3475857973098755	87.5	5e-06
127	2	254	1.4722676277160645	71.875	5e-06
128	1	255	1.3734279870986938	80.0	5e-06
128	2	256	1.413932204246521	84.375	5e-06
129	1	257	1.3866645097732544	75.0	5e-06
129	2	258	1.3768020868301392	81.25	5e-06
130	1	259	1.5491992235183716	72.5	5e-06
130	2	260	1.220911979675293	90.625	5e-06
131	1	261	1.2807281017303467	82.5	5e-06
131	2	262	1.4008121490478516	78.125	5e-06
132	1	263	1.3131587505340576	80.0	5e-06
132	2	264	1.3918920755386353	75.0	5e-06
133	1	265	1.2239038944244385	90.0	5e-06
133	2	266	1.485577940940857	68.75	5e-06
134	1	267	1.3615919351577759	77.5	5e-06
134	2	268	1.3197137117385864	78.125	5e-06
135	1	269	1.2774187326431274	82.5	5e-06
135	2	270	1.3551479578018188	87.5	5e-06
136	1	271	1.3117096424102783	85.0	5e-06
136	2	272	1.2790066003799438	81.25	5e-06
137	1	273	1.3430640697479248	72.5	5e-06
137	2	274	1.3073220252990723	96.875	5e-06
138	1	275	1.359106421470642	75.0	5e-06
138	2	276	1.2530789375305176	84.375	5e-06
139	1	277	1.2143056392669678	80.0	5e-06
139	2	278	1.4566538333892822	68.75	5e-06
140	1	279	1.161683201789856	85.0	5e-06
140	2	280	1.3437211513519287	78.125	5e-06
141	1	281	1.3487966060638428	75.0	5e-06
141	2	282	1.3911899328231812	68.75	5e-06
142	1	283	1.1924335956573486	85.0	5e-06
142	2	284	1.2923580408096313	81.25	5e-06
143	1	285	1.2592337131500244	72.5	5e-06
143	2	286	1.2721843719482422	84.375	5e-06
144	1	287	1.2161486148834229	82.5	5e-06
144	2	288	1.2327382564544678	87.5	5e-06
145	1	289	1.1625925302505493	82.5	5e-06
145	2	290	1.3985661268234253	71.875	5e-06
146	1	291	1.268549919128418	80.0	5e-06
146	2	292	1.2455307245254517	81.25	5e-06
147	1	293	1.1113423109054565	87.5	5e-06
147	2	294	1.2373576164245605	81.25	5e-06
148	1	295	1.2244125604629517	77.5	5e-06
148	2	296	1.187203049659729	87.5	5e-06
149	1	297	1.2819089889526367	70.0	5e-06
149	2	298	1.120500922203064	87.5	5e-06
150	1	299	1.1641104221343994	82.5	5e-06
150	2	300	1.2304205894470215	87.5	5e-06
151	1	301	1.1654980182647705	82.5	5e-06
151	2	302	1.2321627140045166	78.125	5e-06
152	1	303	1.2297427654266357	85.0	5e-06
152	2	304	1.1087745428085327	87.5	5e-06
153	1	305	1.2993520498275757	82.5	5e-06
153	2	306	1.088497281074524	84.375	5e-06
154	1	307	1.1217482089996338	87.5	5e-06
154	2	308	1.1084496974945068	87.5	5e-06
155	1	309	1.1042349338531494	85.0	5e-06
155	2	310	1.0871392488479614	75.0	5e-06
156	1	311	1.1183557510375977	72.5	5e-06
156	2	312	1.2188243865966797	81.25	5e-06
157	1	313	1.2015867233276367	80.0	5e-06
157	2	314	1.0752699375152588	90.625	5e-06
158	1	315	1.0466185808181763	87.5	5e-06
158	2	316	1.2083624601364136	87.5	5e-06
159	1	317	1.1443464756011963	85.0	5e-06
159	2	318	1.1123313903808594	84.375	5e-06
160	1	319	1.1269569396972656	85.0	5e-06
160	2	320	1.034191370010376	87.5	5e-06
161	1	321	1.1912853717803955	82.5	5e-06
161	2	322	1.104494571685791	90.625	5e-06
162	1	323	1.1321896314620972	85.0	5e-06
162	2	324	1.0988578796386719	90.625	5e-06
163	1	325	1.084031105041504	85.0	5e-06
163	2	326	1.1583327054977417	78.125	5e-06
164	1	327	1.0785146951675415	85.0	5e-06
164	2	328	1.122389793395996	84.375	5e-06
165	1	329	0.9302940368652344	87.5	5e-06
165	2	330	1.237753987312317	84.375	5e-06
166	1	331	1.1249932050704956	85.0	5e-06
166	2	332	1.0178709030151367	87.5	5e-06
167	1	333	1.0243428945541382	85.0	5e-06
167	2	334	1.0527496337890625	84.375	5e-06
168	1	335	0.990564227104187	92.5	5e-06
168	2	336	1.0573947429656982	84.375	5e-06
169	1	337	1.1307709217071533	77.5	5.000000000000001e-07
169	2	338	1.0498199462890625	90.625	5.000000000000001e-07
170	1	339	1.0284202098846436	92.5	5.000000000000001e-07
170	2	340	1.0268113613128662	90.625	5.000000000000001e-07
171	1	341	1.001782774925232	92.5	5.000000000000001e-07
171	2	342	0.9953234195709229	87.5	5.000000000000001e-07
172	1	343	1.0648300647735596	90.0	5.000000000000001e-07
172	2	344	0.9475594758987427	90.625	5.000000000000001e-07
173	1	345	0.9892348051071167	82.5	5.000000000000001e-07
173	2	346	0.979491114616394	87.5	5.000000000000001e-07
174	1	347	0.8501125574111938	90.0	5.000000000000001e-07
174	2	348	1.1927886009216309	87.5	5.000000000000001e-07
175	1	349	1.039971113204956	87.5	5.000000000000001e-07
175	2	350	1.011671781539917	90.625	5.000000000000001e-07
176	1	351	0.9810770153999329	87.5	5.000000000000001e-07
176	2	352	1.0852210521697998	71.875	5.000000000000001e-07
177	1	353	0.9757482409477234	87.5	5.000000000000001e-07
177	2	354	1.0361653566360474	81.25	5.000000000000001e-07
178	1	355	0.9737006425857544	92.5	5.000000000000001e-07
178	2	356	1.1512731313705444	81.25	5.000000000000001e-07
179	1	357	0.9926532506942749	92.5	5.000000000000001e-07
179	2	358	1.0909700393676758	87.5	5.000000000000001e-07
180	1	359	0.9805165529251099	92.5	5.000000000000001e-07
180	2	360	1.0678315162658691	78.125	5.000000000000001e-07
181	1	361	1.1202977895736694	80.0	5.000000000000001e-07
181	2	362	0.9650039076805115	87.5	5.000000000000001e-07
182	1	363	0.9466699361801147	95.0	5.000000000000001e-07
182	2	364	1.1486287117004395	87.5	5.000000000000001e-07
183	1	365	1.0669481754302979	85.0	5.000000000000001e-07
183	2	366	1.0205128192901611	87.5	5.000000000000001e-07
184	1	367	1.0455965995788574	82.5	5.000000000000001e-07
184	2	368	0.8648821115493774	96.875	5.000000000000001e-07
185	1	369	1.0939700603485107	87.5	5.000000000000001e-07
185	2	370	0.9275327324867249	90.625	5.000000000000001e-07
186	1	371	1.017155647277832	85.0	5.000000000000001e-07
186	2	372	1.0699695348739624	84.375	5.000000000000001e-07
187	1	373	1.108108639717102	77.5	5.000000000000001e-07
187	2	374	0.9615089297294617	90.625	5.000000000000001e-07
188	1	375	0.976850152015686	92.5	5.000000000000001e-07
188	2	376	1.0110005140304565	87.5	5.000000000000001e-07
189	1	377	1.0550286769866943	87.5	5.000000000000001e-07
189	2	378	0.9419083595275879	93.75	5.000000000000001e-07
190	1	379	0.978448212146759	85.0	5.000000000000001e-07
190	2	380	1.0598411560058594	90.625	5.000000000000001e-07
191	1	381	0.9450505375862122	92.5	5.000000000000001e-07
191	2	382	1.0857268571853638	81.25	5.000000000000001e-07
192	1	383	1.045715570449829	85.0	5.000000000000001e-07
192	2	384	1.016982913017273	90.625	5.000000000000001e-07
193	1	385	0.9763609766960144	85.0	5.000000000000001e-07
193	2	386	1.1088814735412598	84.375	5.000000000000001e-07
194	1	387	1.0247035026550293	87.5	5.000000000000001e-07
194	2	388	0.9998747110366821	84.375	5.000000000000001e-07
195	1	389	0.9090359807014465	90.0	5.000000000000001e-07
195	2	390	1.0652893781661987	90.625	5.000000000000001e-07
196	1	391	1.101078748703003	82.5	5.000000000000001e-07
196	2	392	0.9008902311325073	87.5	5.000000000000001e-07
197	1	393	0.9686662554740906	92.5	5.000000000000001e-07
197	2	394	0.9857211112976074	84.375	5.000000000000001e-07
198	1	395	0.9765814542770386	87.5	5.000000000000001e-07
198	2	396	1.0878102779388428	84.375	5.000000000000001e-07
199	1	397	0.9220761060714722	95.0	5.000000000000001e-07
199	2	398	1.050115704536438	90.625	5.000000000000001e-07
200	1	399	0.9060704112052917	97.5	5.000000000000001e-07
200	2	400	1.0044801235198975	87.5	5.000000000000001e-07
201	1	401	1.0020564794540405	92.5	5.000000000000001e-07
201	2	402	0.9882442951202393	81.25	5.000000000000001e-07
202	1	403	0.981730580329895	92.5	5.000000000000001e-07
202	2	404	1.029369592666626	84.375	5.000000000000001e-07
203	1	405	1.062876582145691	87.5	5.000000000000001e-07
203	2	406	0.8733172416687012	90.625	5.000000000000001e-07
204	1	407	0.9803360104560852	85.0	5.000000000000001e-07
204	2	408	1.145432472229004	81.25	5.000000000000001e-07
205	1	409	0.9726422429084778	90.0	5.000000000000001e-07
205	2	410	1.0582053661346436	87.5	5.000000000000001e-07
206	1	411	0.9275302886962891	97.5	5.000000000000001e-07
206	2	412	0.918495774269104	90.625	5.000000000000001e-07
207	1	413	1.011350393295288	90.0	5.000000000000001e-07
207	2	414	1.072684407234192	75.0	5.000000000000001e-07
208	1	415	0.9991347193717957	80.0	5.000000000000001e-07
208	2	416	1.0054832696914673	93.75	5.000000000000001e-07
209	1	417	0.9753955006599426	92.5	5.000000000000001e-07
209	2	418	0.9838693737983704	84.375	5.000000000000001e-07
210	1	419	1.094606876373291	72.5	5.000000000000001e-08
210	2	420	0.9274700880050659	93.75	5.000000000000001e-08
211	1	421	0.9125803112983704	82.5	5.000000000000001e-08
211	2	422	1.1026099920272827	90.625	5.000000000000001e-08
212	1	423	0.8736839294433594	87.5	5.000000000000001e-08
212	2	424	1.0848944187164307	87.5	5.000000000000001e-08
213	1	425	0.9710022807121277	90.0	5.000000000000001e-08
213	2	426	1.140594482421875	84.375	5.000000000000001e-08
214	1	427	1.0221043825149536	80.0	5.000000000000001e-08
214	2	428	1.0283088684082031	78.125	5.000000000000001e-08
215	1	429	1.025970697402954	85.0	5.000000000000001e-08
215	2	430	1.0593205690383911	78.125	5.000000000000001e-08
216	1	431	1.0534307956695557	82.5	5.000000000000001e-08
216	2	432	1.0969603061676025	84.375	5.000000000000001e-08
217	1	433	1.0000272989273071	90.0	5.000000000000001e-08
217	2	434	1.0263893604278564	84.375	5.000000000000001e-08
218	1	435	0.9687917828559875	90.0	5.000000000000001e-08
218	2	436	1.0110033750534058	90.625	5.000000000000001e-08
219	1	437	1.038841962814331	85.0	5.000000000000001e-08
219	2	438	1.0198854207992554	84.375	5.000000000000001e-08
220	1	439	0.8754323124885559	90.0	5.000000000000001e-08
220	2	440	1.0146758556365967	87.5	5.000000000000001e-08
221	1	441	1.0594984292984009	80.0	5.000000000000001e-08
221	2	442	0.8823057413101196	90.625	5.000000000000001e-08
222	1	443	0.9973810315132141	90.0	5.000000000000001e-08
222	2	444	0.906935453414917	90.625	5.000000000000001e-08
223	1	445	1.016851544380188	77.5	5.000000000000001e-08
223	2	446	0.8944922089576721	100.0	5.000000000000001e-08
224	1	447	0.932367205619812	92.5	5.000000000000001e-08
224	2	448	1.0697696208953857	87.5	5.000000000000001e-08
225	1	449	1.0013853311538696	87.5	5.000000000000001e-08
225	2	450	0.9457376599311829	90.625	5.000000000000001e-08
226	1	451	0.9743543863296509	87.5	5.000000000000001e-08
226	2	452	0.9651991724967957	96.875	5.000000000000001e-08
227	1	453	1.0004355907440186	90.0	5.000000000000001e-08
227	2	454	0.9771724343299866	90.625	5.000000000000001e-08
228	1	455	0.9574117660522461	85.0	5.000000000000001e-08
228	2	456	1.0248522758483887	87.5	5.000000000000001e-08
229	1	457	0.9936121702194214	87.5	5.000000000000001e-08
229	2	458	0.9190348982810974	87.5	5.000000000000001e-08
230	1	459	0.96159827709198	87.5	5.000000000000001e-08
230	2	460	0.9602038860321045	96.875	5.000000000000001e-08
231	1	461	1.0820504426956177	85.0	5.000000000000001e-08
231	2	462	0.894766628742218	87.5	5.000000000000001e-08
232	1	463	0.9916823506355286	92.5	5.000000000000001e-08
232	2	464	0.9274782538414001	96.875	5.000000000000001e-08
233	1	465	1.1547608375549316	82.5	5.000000000000001e-08
233	2	466	0.8453407287597656	93.75	5.000000000000001e-08
234	1	467	0.9877485036849976	85.0	5.000000000000001e-08
234	2	468	0.9548576474189758	81.25	5.000000000000001e-08
235	1	469	0.9917770624160767	85.0	5.000000000000001e-08
235	2	470	1.0463730096817017	81.25	5.000000000000001e-08
236	1	471	0.9510990381240845	85.0	5.000000000000001e-08
236	2	472	0.9737135171890259	90.625	5.000000000000001e-08
237	1	473	0.9875952005386353	90.0	5.000000000000001e-08
237	2	474	0.9491497278213501	90.625	5.000000000000001e-08
238	1	475	1.1067280769348145	87.5	5.000000000000001e-08
238	2	476	0.8592040538787842	93.75	5.000000000000001e-08
239	1	477	0.8946176767349243	90.0	5.000000000000001e-08
239	2	478	1.0929996967315674	87.5	5.000000000000001e-08
240	1	479	1.050658941268921	87.5	5.000000000000001e-08
240	2	480	1.021729826927185	84.375	5.000000000000001e-08
241	1	481	1.0088465213775635	87.5	5.000000000000001e-08
241	2	482	0.9348486065864563	93.75	5.000000000000001e-08
242	1	483	0.9677103757858276	90.0	5.000000000000001e-08
242	2	484	1.0245919227600098	87.5	5.000000000000001e-08
243	1	485	1.034914255142212	85.0	5.000000000000001e-08
243	2	486	0.9520836472511292	93.75	5.000000000000001e-08
244	1	487	0.9963534474372864	90.0	5.000000000000001e-08
244	2	488	1.0221221446990967	87.5	5.000000000000001e-08
245	1	489	0.9587944149971008	90.0	5.000000000000001e-08
245	2	490	0.9429430365562439	90.625	5.000000000000001e-08
246	1	491	1.0496842861175537	87.5	5.000000000000001e-08
246	2	492	0.9977442026138306	93.75	5.000000000000001e-08
247	1	493	1.0196388959884644	95.0	5.000000000000001e-08
247	2	494	0.938088595867157	90.625	5.000000000000001e-08
248	1	495	0.9618982076644897	92.5	5.000000000000001e-08
248	2	496	1.0475362539291382	93.75	5.000000000000001e-08
249	1	497	1.0095369815826416	90.0	5.000000000000001e-08
249	2	498	0.9557342529296875	93.75	5.000000000000001e-08
250	1	499	1.0332266092300415	82.5	5.000000000000001e-08
250	2	500	1.0544439554214478	93.75	5.000000000000001e-08
251	1	501	1.082227110862732	82.5	5.000000000000002e-09
251	2	502	0.8223524689674377	93.75	5.000000000000002e-09
252	1	503	1.032175898551941	87.5	5.000000000000002e-09
252	2	504	0.9840874671936035	78.125	5.000000000000002e-09
253	1	505	1.0452079772949219	75.0	5.000000000000002e-09
253	2	506	0.9374370574951172	93.75	5.000000000000002e-09
254	1	507	0.9506546854972839	90.0	5.000000000000002e-09
254	2	508	1.0028092861175537	84.375	5.000000000000002e-09
255	1	509	0.9633720517158508	85.0	5.000000000000002e-09
255	2	510	1.0261107683181763	90.625	5.000000000000002e-09
256	1	511	0.9851376414299011	92.5	5.000000000000002e-09
256	2	512	0.9267867803573608	84.375	5.000000000000002e-09
257	1	513	0.9716262817382812	90.0	5.000000000000002e-09
257	2	514	1.042153239250183	90.625	5.000000000000002e-09
258	1	515	0.9999852180480957	85.0	5.000000000000002e-09
258	2	516	1.0168087482452393	93.75	5.000000000000002e-09
259	1	517	0.9504860639572144	87.5	5.000000000000002e-09
259	2	518	0.9792109131813049	87.5	5.000000000000002e-09
260	1	519	0.9573469161987305	92.5	5.000000000000002e-09
260	2	520	0.9896261096000671	87.5	5.000000000000002e-09
261	1	521	1.0976392030715942	87.5	5.000000000000002e-09
261	2	522	0.9175673723220825	84.375	5.000000000000002e-09
262	1	523	0.946985125541687	90.0	5.000000000000002e-09
262	2	524	0.8957981467247009	93.75	5.000000000000002e-09
263	1	525	1.1191809177398682	82.5	5.000000000000002e-09
263	2	526	0.9320688247680664	84.375	5.000000000000002e-09
264	1	527	0.965385913848877	92.5	5.000000000000002e-09
264	2	528	1.0298031568527222	90.625	5.000000000000002e-09
265	1	529	0.9959813356399536	85.0	5.000000000000002e-09
265	2	530	0.91236811876297	96.875	5.000000000000002e-09
266	1	531	1.037966012954712	87.5	5.000000000000002e-09
266	2	532	0.9544857740402222	93.75	5.000000000000002e-09
267	1	533	1.0029594898223877	90.0	5.000000000000002e-09
267	2	534	0.8901965618133545	90.625	5.000000000000002e-09
268	1	535	0.992893397808075	85.0	5.000000000000002e-09
268	2	536	0.9613476991653442	100.0	5.000000000000002e-09
269	1	537	0.9767483472824097	90.0	5.000000000000002e-09
269	2	538	1.0069113969802856	81.25	5.000000000000002e-09
270	1	539	0.9935300946235657	87.5	5.000000000000002e-09
270	2	540	0.9540905952453613	87.5	5.000000000000002e-09
271	1	541	1.0717799663543701	87.5	5.000000000000002e-09
271	2	542	0.998650312423706	84.375	5.000000000000002e-09
272	1	543	1.034482717514038	87.5	5.000000000000002e-09
272	2	544	0.9502782225608826	96.875	5.000000000000002e-09
273	1	545	0.9370375871658325	87.5	5.000000000000002e-09
273	2	546	1.0097297430038452	90.625	5.000000000000002e-09
274	1	547	1.0325634479522705	92.5	5.000000000000002e-09
274	2	548	1.0313153266906738	87.5	5.000000000000002e-09
275	1	549	0.8825486302375793	90.0	5.000000000000002e-09
275	2	550	1.089672565460205	87.5	5.000000000000002e-09
276	1	551	0.9514085650444031	87.5	5.000000000000002e-09
276	2	552	0.9731913208961487	84.375	5.000000000000002e-09
277	1	553	1.0027300119400024	92.5	5.000000000000002e-09
277	2	554	0.8942457437515259	93.75	5.000000000000002e-09
278	1	555	1.012676477432251	90.0	5.000000000000002e-09
278	2	556	0.9552242755889893	84.375	5.000000000000002e-09
279	1	557	1.001747727394104	90.0	5.000000000000002e-09
279	2	558	0.9424070119857788	84.375	5.000000000000002e-09
280	1	559	0.9500522613525391	90.0	5.000000000000002e-09
280	2	560	0.9977900981903076	87.5	5.000000000000002e-09
281	1	561	0.9983707666397095	85.0	5.000000000000002e-09
281	2	562	0.9521313905715942	93.75	5.000000000000002e-09
282	1	563	0.9489118456840515	90.0	5.000000000000002e-09
282	2	564	1.0066640377044678	87.5	5.000000000000002e-09
283	1	565	0.9622220993041992	87.5	5.000000000000002e-09
283	2	566	1.081496238708496	87.5	5.000000000000002e-09
284	1	567	1.056193470954895	87.5	5.000000000000002e-09
284	2	568	1.0169811248779297	87.5	5.000000000000002e-09
285	1	569	1.0013744831085205	97.5	5.000000000000002e-09
285	2	570	0.9868325591087341	87.5	5.000000000000002e-09
286	1	571	0.8839340209960938	90.0	5.000000000000002e-09
286	2	572	1.090439796447754	87.5	5.000000000000002e-09
287	1	573	0.922620952129364	90.0	5.000000000000002e-09
287	2	574	1.0586321353912354	81.25	5.000000000000002e-09
288	1	575	0.9163256883621216	92.5	5.000000000000002e-09
288	2	576	1.0334988832473755	90.625	5.000000000000002e-09
289	1	577	0.8772406578063965	95.0	5.000000000000002e-09
289	2	578	1.0209722518920898	93.75	5.000000000000002e-09
290	1	579	0.984920859336853	85.0	5.000000000000002e-09
290	2	580	0.9364832043647766	93.75	5.000000000000002e-09
291	1	581	0.9506212472915649	87.5	5.000000000000002e-09
291	2	582	0.9656457304954529	93.75	5.000000000000002e-09
292	1	583	0.9717329740524292	87.5	5.000000000000002e-09
292	2	584	1.008194088935852	90.625	5.000000000000002e-09
293	1	585	1.0215851068496704	85.0	5.000000000000002e-09
293	2	586	0.9393182992935181	90.625	5.000000000000002e-09
294	1	587	1.0073907375335693	92.5	5.000000000000002e-09
294	2	588	0.9308015704154968	90.625	5.000000000000002e-09
295	1	589	0.8692644238471985	95.0	5.000000000000002e-09
295	2	590	1.0448039770126343	87.5	5.000000000000002e-09
296	1	591	0.9741131067276001	82.5	5.000000000000002e-09
296	2	592	1.0261685848236084	93.75	5.000000000000002e-09
297	1	593	1.0646568536758423	85.0	5.000000000000002e-09
297	2	594	0.8974888920783997	90.625	5.000000000000002e-09
298	1	595	0.9132344126701355	95.0	5.000000000000002e-09
298	2	596	0.9843310117721558	87.5	5.000000000000002e-09
299	1	597	1.0416494607925415	85.0	5.000000000000002e-09
299	2	598	1.0022104978561401	81.25	5.000000000000002e-09
300	1	599	0.9329469799995422	95.0	5.000000000000002e-09
300	2	600	1.0751086473464966	78.125	5.000000000000002e-09
301	1	601	1.0007035732269287	87.5	5.000000000000002e-09
301	2	602	0.9361090064048767	96.875	5.000000000000002e-09
302	1	603	0.9535945057868958	87.5	5.000000000000002e-09
302	2	604	0.9258915781974792	90.625	5.000000000000002e-09
303	1	605	0.9447169303894043	85.0	5.000000000000002e-09
303	2	606	1.0697994232177734	87.5	5.000000000000002e-09
304	1	607	0.9352660179138184	90.0	5.000000000000002e-09
304	2	608	1.0147794485092163	90.625	5.000000000000002e-09
305	1	609	1.0028774738311768	82.5	5.000000000000002e-09
305	2	610	1.0402581691741943	93.75	5.000000000000002e-09
306	1	611	0.883017897605896	92.5	5.000000000000002e-09
306	2	612	1.1273424625396729	87.5	5.000000000000002e-09
307	1	613	1.0672261714935303	85.0	5.000000000000002e-09
307	2	614	0.9229766726493835	93.75	5.000000000000002e-09
308	1	615	0.8724333047866821	92.5	5.000000000000002e-09
308	2	616	1.1199829578399658	84.375	5.000000000000002e-09
309	1	617	0.9157674908638	87.5	5.000000000000002e-09
309	2	618	1.1190930604934692	84.375	5.000000000000002e-09
310	1	619	1.0737351179122925	85.0	5.000000000000002e-09
310	2	620	0.9698865413665771	84.375	5.000000000000002e-09
311	1	621	1.0075228214263916	85.0	5.000000000000002e-09
311	2	622	0.9327455163002014	93.75	5.000000000000002e-09
312	1	623	1.0016262531280518	90.0	5.000000000000002e-09
312	2	624	0.9547606110572815	90.625	5.000000000000002e-09
313	1	625	0.9737812280654907	85.0	5.000000000000002e-09
313	2	626	0.9618088006973267	93.75	5.000000000000002e-09
314	1	627	0.9516493678092957	80.0	5.000000000000002e-09
314	2	628	1.01982581615448	93.75	5.000000000000002e-09
315	1	629	0.9398654699325562	92.5	5.000000000000002e-09
315	2	630	1.0716544389724731	87.5	5.000000000000002e-09
316	1	631	0.9777103662490845	92.5	5.000000000000002e-09
316	2	632	0.9410752058029175	90.625	5.000000000000002e-09
317	1	633	0.9591601490974426	82.5	5.000000000000002e-09
317	2	634	1.0413966178894043	93.75	5.000000000000002e-09
318	1	635	0.9782781600952148	85.0	5.000000000000002e-09
318	2	636	0.9976520538330078	81.25	5.000000000000002e-09
319	1	637	0.9721955060958862	97.5	5.000000000000002e-09
319	2	638	0.9550145864486694	87.5	5.000000000000002e-09
320	1	639	0.9588073492050171	95.0	5.000000000000002e-09
320	2	640	1.0210556983947754	84.375	5.000000000000002e-09
321	1	641	0.9674617052078247	87.5	5.000000000000002e-09
321	2	642	1.018044114112854	84.375	5.000000000000002e-09
322	1	643	0.9240652322769165	95.0	5.000000000000002e-09
322	2	644	0.9911623001098633	84.375	5.000000000000002e-09
323	1	645	0.9974830746650696	82.5	5.000000000000002e-09
323	2	646	0.9003145694732666	96.875	5.000000000000002e-09
324	1	647	0.9379407167434692	97.5	5.000000000000002e-09
324	2	648	1.0485339164733887	81.25	5.000000000000002e-09
325	1	649	1.0436811447143555	90.0	5.000000000000002e-09
325	2	650	0.915081262588501	87.5	5.000000000000002e-09
326	1	651	1.0353096723556519	77.5	5.000000000000002e-09
326	2	652	0.9714065790176392	93.75	5.000000000000002e-09
327	1	653	0.927463173866272	97.5	5.000000000000002e-09
327	2	654	1.0637218952178955	90.625	5.000000000000002e-09
328	1	655	1.0184571743011475	90.0	5.000000000000002e-09
328	2	656	0.9680519700050354	87.5	5.000000000000002e-09
329	1	657	1.039646863937378	87.5	5.000000000000002e-09
329	2	658	1.0266646146774292	84.375	5.000000000000002e-09
330	1	659	1.0778849124908447	87.5	5.000000000000002e-09
330	2	660	0.8813828825950623	96.875	5.000000000000002e-09
331	1	661	0.971463680267334	82.5	5.000000000000002e-09
331	2	662	1.0355236530303955	87.5	5.000000000000002e-09
332	1	663	0.993860125541687	90.0	5.000000000000002e-09
332	2	664	1.1182262897491455	75.0	5.000000000000002e-09
333	1	665	1.0304179191589355	90.0	5.000000000000002e-09
333	2	666	0.8285565376281738	96.875	5.000000000000002e-09
334	1	667	0.9032719731330872	87.5	5.000000000000002e-09
334	2	668	1.0183252096176147	84.375	5.000000000000002e-09
335	1	669	0.8866388201713562	92.5	5.000000000000002e-09
335	2	670	1.1931076049804688	81.25	5.000000000000002e-09
336	1	671	1.0254346132278442	87.5	5.000000000000002e-09
336	2	672	0.9326695203781128	90.625	5.000000000000002e-09
337	1	673	1.0072096586227417	87.5	5.000000000000002e-09
337	2	674	0.9380859136581421	90.625	5.000000000000002e-09
338	1	675	1.0186402797698975	90.0	5.000000000000002e-09
338	2	676	0.8900307416915894	93.75	5.000000000000002e-09
339	1	677	0.9972609281539917	87.5	5.000000000000002e-09
339	2	678	0.9445238709449768	90.625	5.000000000000002e-09
340	1	679	0.9184516668319702	87.5	5.000000000000002e-09
340	2	680	1.0397396087646484	84.375	5.000000000000002e-09
341	1	681	0.9308432340621948	87.5	5.000000000000002e-09
341	2	682	1.0065473318099976	100.0	5.000000000000002e-09
342	1	683	0.9305211901664734	92.5	5.000000000000002e-09
342	2	684	0.9901316165924072	84.375	5.000000000000002e-09
343	1	685	0.9813763499259949	85.0	5.000000000000002e-09
343	2	686	1.0594117641448975	84.375	5.000000000000002e-09
344	1	687	0.926160454750061	90.0	5.000000000000002e-09
344	2	688	0.9560697078704834	90.625	5.000000000000002e-09
345	1	689	1.0469000339508057	92.5	5.000000000000002e-09
345	2	690	0.9157314300537109	84.375	5.000000000000002e-09
346	1	691	0.9827024340629578	87.5	5.000000000000002e-09
346	2	692	0.9669877886772156	90.625	5.000000000000002e-09
347	1	693	0.8670204877853394	92.5	5.000000000000002e-09
347	2	694	1.1866014003753662	81.25	5.000000000000002e-09
348	1	695	0.9256733059883118	85.0	5.000000000000002e-09
348	2	696	1.060774564743042	90.625	5.000000000000002e-09
349	1	697	0.939964771270752	90.0	5.000000000000002e-09
349	2	698	1.1110097169876099	84.375	5.000000000000002e-09
350	1	699	1.0133241415023804	82.5	5.000000000000002e-09
350	2	700	0.863061785697937	93.75	5.000000000000002e-09
351	1	701	1.0998958349227905	82.5	5.000000000000002e-09
351	2	702	0.9479316473007202	93.75	5.000000000000002e-09
352	1	703	0.9617592096328735	87.5	5.000000000000002e-09
352	2	704	1.035140872001648	84.375	5.000000000000002e-09
353	1	705	0.9357941746711731	85.0	5.000000000000002e-09
353	2	706	0.9765413999557495	93.75	5.000000000000002e-09
354	1	707	0.9934463500976562	90.0	5.000000000000002e-09
354	2	708	0.9908645749092102	93.75	5.000000000000002e-09
355	1	709	0.9797274470329285	85.0	5.000000000000002e-09
355	2	710	0.9004276990890503	93.75	5.000000000000002e-09
356	1	711	0.8824729919433594	92.5	5.000000000000002e-09
356	2	712	1.0818638801574707	90.625	5.000000000000002e-09
357	1	713	1.0006030797958374	92.5	5.000000000000002e-09
357	2	714	0.9083865880966187	90.625	5.000000000000002e-09
358	1	715	1.0631887912750244	87.5	5.000000000000002e-09
358	2	716	0.9075157642364502	93.75	5.000000000000002e-09
359	1	717	1.0273927450180054	85.0	5.000000000000002e-09
359	2	718	0.8860337734222412	96.875	5.000000000000002e-09
360	1	719	1.0805413722991943	85.0	5.000000000000002e-09
360	2	720	0.8930605053901672	93.75	5.000000000000002e-09
361	1	721	0.9411439895629883	92.5	5.000000000000002e-09
361	2	722	1.0555140972137451	96.875	5.000000000000002e-09
362	1	723	0.9812726974487305	90.0	5.000000000000002e-09
362	2	724	0.8757248520851135	84.375	5.000000000000002e-09
363	1	725	0.9642332792282104	87.5	5.000000000000002e-09
363	2	726	1.0424107313156128	87.5	5.000000000000002e-09
364	1	727	0.9947233200073242	95.0	5.000000000000002e-09
364	2	728	0.9656960368156433	87.5	5.000000000000002e-09
365	1	729	0.986346423625946	85.0	5.000000000000002e-09
365	2	730	1.0069613456726074	87.5	5.000000000000002e-09
366	1	731	0.9773880839347839	92.5	5.000000000000002e-09
366	2	732	1.0447989702224731	87.5	5.000000000000002e-09
367	1	733	1.217000126838684	80.0	5.000000000000002e-09
367	2	734	0.8929242491722107	87.5	5.000000000000002e-09
368	1	735	0.9335603713989258	90.0	5.000000000000002e-09
368	2	736	1.1596620082855225	78.125	5.000000000000002e-09
369	1	737	1.011250376701355	90.0	5.000000000000002e-09
369	2	738	0.9123222827911377	90.625	5.000000000000002e-09
370	1	739	1.0476155281066895	87.5	5.000000000000002e-09
370	2	740	0.9320429563522339	84.375	5.000000000000002e-09
371	1	741	1.0049468278884888	87.5	5.000000000000002e-09
371	2	742	0.8576432466506958	93.75	5.000000000000002e-09
372	1	743	1.1106375455856323	82.5	5.000000000000002e-09
372	2	744	0.8417883515357971	87.5	5.000000000000002e-09
373	1	745	1.06305992603302	82.5	5.000000000000002e-09
373	2	746	1.0348198413848877	81.25	5.000000000000002e-09
374	1	747	0.944327712059021	90.0	5.000000000000002e-09
374	2	748	1.1058483123779297	90.625	5.000000000000002e-09
375	1	749	0.9385658502578735	90.0	5.000000000000002e-09
375	2	750	1.0336624383926392	87.5	5.000000000000002e-09
376	1	751	1.0001647472381592	87.5	5.000000000000002e-09
376	2	752	1.0106478929519653	84.375	5.000000000000002e-09
377	1	753	1.0507088899612427	90.0	5.000000000000002e-09
377	2	754	0.838555097579956	96.875	5.000000000000002e-09
378	1	755	0.9073586463928223	92.5	5.000000000000002e-09
378	2	756	1.0603913068771362	87.5	5.000000000000002e-09
379	1	757	1.0463557243347168	90.0	5.000000000000002e-09
379	2	758	0.9590872526168823	93.75	5.000000000000002e-09
380	1	759	1.0325368642807007	85.0	5.000000000000002e-09
380	2	760	1.0414955615997314	78.125	5.000000000000002e-09
381	1	761	0.9843475222587585	87.5	5.000000000000002e-09
381	2	762	0.9075169563293457	93.75	5.000000000000002e-09
382	1	763	0.913343071937561	92.5	5.000000000000002e-09
382	2	764	0.959334671497345	93.75	5.000000000000002e-09
383	1	765	1.0254440307617188	90.0	5.000000000000002e-09
383	2	766	0.8966400027275085	87.5	5.000000000000002e-09
384	1	767	0.9343099594116211	90.0	5.000000000000002e-09
384	2	768	1.0907235145568848	84.375	5.000000000000002e-09
385	1	769	1.039634108543396	90.0	5.000000000000002e-09
385	2	770	0.9451002478599548	93.75	5.000000000000002e-09
386	1	771	0.8411970138549805	90.0	5.000000000000002e-09
386	2	772	1.0679672956466675	90.625	5.000000000000002e-09
387	1	773	0.9108559489250183	97.5	5.000000000000002e-09
387	2	774	0.966869056224823	84.375	5.000000000000002e-09
388	1	775	0.9802502393722534	85.0	5.000000000000002e-09
388	2	776	0.9803816676139832	96.875	5.000000000000002e-09
389	1	777	1.0708591938018799	80.0	5.000000000000002e-09
389	2	778	1.0080832242965698	93.75	5.000000000000002e-09
390	1	779	1.0151668787002563	92.5	5.000000000000002e-09
390	2	780	0.9935789108276367	81.25	5.000000000000002e-09
391	1	781	1.0573217868804932	87.5	5.000000000000002e-09
391	2	782	0.9552047252655029	87.5	5.000000000000002e-09
392	1	783	0.9750479459762573	90.0	5.000000000000002e-09
392	2	784	1.0118749141693115	78.125	5.000000000000002e-09
393	1	785	1.0161749124526978	85.0	5.000000000000002e-09
393	2	786	1.0054551362991333	90.625	5.000000000000002e-09
394	1	787	1.0230913162231445	82.5	5.000000000000002e-09
394	2	788	0.8994379043579102	96.875	5.000000000000002e-09
395	1	789	1.0312917232513428	90.0	5.000000000000002e-09
395	2	790	1.0171130895614624	90.625	5.000000000000002e-09
396	1	791	0.9773657917976379	82.5	5.000000000000002e-09
396	2	792	0.8831701278686523	93.75	5.000000000000002e-09
397	1	793	1.0046658515930176	92.5	5.000000000000002e-09
397	2	794	0.9384293556213379	93.75	5.000000000000002e-09
398	1	795	0.8851723670959473	92.5	5.000000000000002e-09
398	2	796	1.0548052787780762	87.5	5.000000000000002e-09
399	1	797	1.0019508600234985	82.5	5.000000000000002e-09
399	2	798	0.8839626908302307	84.375	5.000000000000002e-09
400	1	799	0.9815305471420288	87.5	5.000000000000002e-09
400	2	800	0.986706018447876	81.25	5.000000000000002e-09
401	1	801	0.929336428642273	92.5	5.000000000000002e-09
401	2	802	1.0499215126037598	87.5	5.000000000000002e-09
402	1	803	1.0161311626434326	85.0	5.000000000000002e-09
402	2	804	0.9074580669403076	93.75	5.000000000000002e-09
403	1	805	1.046812653541565	82.5	5.000000000000002e-09
403	2	806	0.9284029603004456	87.5	5.000000000000002e-09
404	1	807	0.9697758555412292	90.0	5.000000000000002e-09
404	2	808	1.0427665710449219	75.0	5.000000000000002e-09
405	1	809	0.9538930654525757	82.5	5.000000000000002e-09
405	2	810	0.9594986438751221	84.375	5.000000000000002e-09
406	1	811	0.9653059840202332	82.5	5.000000000000002e-09
406	2	812	1.0022990703582764	81.25	5.000000000000002e-09
407	1	813	0.8936048746109009	87.5	5.000000000000002e-09
407	2	814	1.0764414072036743	78.125	5.000000000000002e-09
408	1	815	1.1152474880218506	90.0	5.000000000000002e-09
408	2	816	0.8299490809440613	93.75	5.000000000000002e-09
409	1	817	0.939627468585968	95.0	5.000000000000002e-09
409	2	818	0.9499913454055786	87.5	5.000000000000002e-09
410	1	819	0.9082619547843933	92.5	5.000000000000002e-09
410	2	820	1.0824129581451416	81.25	5.000000000000002e-09
411	1	821	1.07754647731781	80.0	5.000000000000002e-09
411	2	822	0.7975995540618896	90.625	5.000000000000002e-09
412	1	823	1.0273560285568237	92.5	5.000000000000002e-09
412	2	824	0.9169639348983765	90.625	5.000000000000002e-09
413	1	825	0.9669255018234253	87.5	5.000000000000002e-09
413	2	826	1.0023741722106934	90.625	5.000000000000002e-09
414	1	827	0.9438122510910034	92.5	5.000000000000002e-09
414	2	828	1.0107855796813965	84.375	5.000000000000002e-09
415	1	829	0.9474723935127258	95.0	5.000000000000002e-09
415	2	830	1.0179555416107178	90.625	5.000000000000002e-09
416	1	831	0.9149589538574219	85.0	5.000000000000002e-09
416	2	832	1.0882459878921509	78.125	5.000000000000002e-09
417	1	833	0.9359232783317566	90.0	5.000000000000002e-09
417	2	834	1.1243810653686523	81.25	5.000000000000002e-09
418	1	835	0.9540356397628784	92.5	5.000000000000002e-09
418	2	836	1.0561152696609497	84.375	5.000000000000002e-09
419	1	837	0.8716527223587036	90.0	5.000000000000002e-09
419	2	838	1.1055238246917725	78.125	5.000000000000002e-09
420	1	839	1.0588274002075195	87.5	5.000000000000002e-09
420	2	840	0.9236764907836914	90.625	5.000000000000002e-09
421	1	841	0.9270826578140259	95.0	5.000000000000002e-09
421	2	842	1.0324891805648804	90.625	5.000000000000002e-09
422	1	843	1.096794843673706	82.5	5.000000000000002e-09
422	2	844	0.8918315768241882	93.75	5.000000000000002e-09
423	1	845	0.9764744639396667	87.5	5.000000000000002e-09
423	2	846	1.043190360069275	81.25	5.000000000000002e-09
424	1	847	1.0542142391204834	87.5	5.000000000000002e-09
424	2	848	0.9427661299705505	96.875	5.000000000000002e-09
425	1	849	0.8953943252563477	92.5	5.000000000000002e-09
425	2	850	1.0609581470489502	81.25	5.000000000000002e-09
426	1	851	1.1076526641845703	82.5	5.000000000000002e-09
426	2	852	0.9533597826957703	93.75	5.000000000000002e-09
427	1	853	0.9047734141349792	87.5	5.000000000000002e-09
427	2	854	1.1473698616027832	84.375	5.000000000000002e-09
428	1	855	0.8952646255493164	92.5	5.000000000000002e-09
428	2	856	1.1410175561904907	78.125	5.000000000000002e-09
429	1	857	1.0104272365570068	92.5	5.000000000000002e-09
429	2	858	1.0355191230773926	90.625	5.000000000000002e-09
430	1	859	0.9192039370536804	92.5	5.000000000000002e-09
430	2	860	1.1944830417633057	84.375	5.000000000000002e-09
431	1	861	0.98729407787323	97.5	5.000000000000002e-09
431	2	862	1.0337560176849365	81.25	5.000000000000002e-09
432	1	863	1.0762197971343994	87.5	5.000000000000002e-09
432	2	864	0.9530324339866638	87.5	5.000000000000002e-09
433	1	865	0.9634307622909546	85.0	5.000000000000002e-09
433	2	866	1.0126686096191406	90.625	5.000000000000002e-09
434	1	867	0.970236599445343	85.0	5.000000000000002e-09
434	2	868	0.9683013558387756	81.25	5.000000000000002e-09
435	1	869	0.9321315884590149	92.5	5.000000000000002e-09
435	2	870	1.0732132196426392	84.375	5.000000000000002e-09
436	1	871	1.0071569681167603	90.0	5.000000000000002e-09
436	2	872	1.055384874343872	81.25	5.000000000000002e-09
437	1	873	1.089174509048462	80.0	5.000000000000002e-09
437	2	874	0.9210159182548523	96.875	5.000000000000002e-09
438	1	875	0.930808424949646	92.5	5.000000000000002e-09
438	2	876	0.9342378973960876	87.5	5.000000000000002e-09
439	1	877	0.9701136350631714	82.5	5.000000000000002e-09
439	2	878	1.1273107528686523	84.375	5.000000000000002e-09
440	1	879	0.9195521473884583	92.5	5.000000000000002e-09
440	2	880	1.0989543199539185	78.125	5.000000000000002e-09
441	1	881	1.0607402324676514	82.5	5.000000000000002e-09
441	2	882	0.9119744896888733	87.5	5.000000000000002e-09
442	1	883	0.9162833094596863	90.0	5.000000000000002e-09
442	2	884	1.0564643144607544	93.75	5.000000000000002e-09
443	1	885	0.971350371837616	90.0	5.000000000000002e-09
443	2	886	1.0374939441680908	90.625	5.000000000000002e-09
444	1	887	0.9456949234008789	87.5	5.000000000000002e-09
444	2	888	0.9351617097854614	90.625	5.000000000000002e-09
445	1	889	0.9230090379714966	90.0	5.000000000000002e-09
445	2	890	1.080718755722046	87.5	5.000000000000002e-09
446	1	891	0.9482769966125488	95.0	5.000000000000002e-09
446	2	892	1.002841830253601	87.5	5.000000000000002e-09
447	1	893	1.0458084344863892	85.0	5.000000000000002e-09
447	2	894	0.7919687032699585	90.625	5.000000000000002e-09
448	1	895	1.0439705848693848	85.0	5.000000000000002e-09
448	2	896	0.9895203113555908	90.625	5.000000000000002e-09
449	1	897	0.8851479291915894	87.5	5.000000000000002e-09
449	2	898	0.9888101816177368	90.625	5.000000000000002e-09
450	1	899	1.0065361261367798	82.5	5.000000000000002e-09
450	2	900	0.9637728929519653	90.625	5.000000000000002e-09
451	1	901	0.922075629234314	92.5	5.000000000000002e-09
451	2	902	0.9475904107093811	90.625	5.000000000000002e-09
452	1	903	0.9609851837158203	90.0	5.000000000000002e-09
452	2	904	0.98641437292099	84.375	5.000000000000002e-09
453	1	905	0.9805151224136353	87.5	5.000000000000002e-09
453	2	906	1.0530729293823242	84.375	5.000000000000002e-09
454	1	907	0.9805129170417786	87.5	5.000000000000002e-09
454	2	908	1.0669407844543457	87.5	5.000000000000002e-09
455	1	909	1.0439503192901611	87.5	5.000000000000002e-09
455	2	910	0.8766937851905823	87.5	5.000000000000002e-09
456	1	911	0.8754385709762573	92.5	5.000000000000002e-09
456	2	912	1.0961971282958984	87.5	5.000000000000002e-09
457	1	913	0.9985129237174988	90.0	5.000000000000002e-09
457	2	914	1.012797236442566	81.25	5.000000000000002e-09
458	1	915	0.9509254693984985	92.5	5.000000000000002e-09
458	2	916	0.9664648771286011	90.625	5.000000000000002e-09
459	1	917	0.9406948089599609	90.0	5.000000000000002e-09
459	2	918	1.0799139738082886	84.375	5.000000000000002e-09
460	1	919	1.0217475891113281	90.0	5.000000000000002e-09
460	2	920	0.88359135389328	90.625	5.000000000000002e-09
461	1	921	0.9795992970466614	90.0	5.000000000000002e-09
461	2	922	0.9661466479301453	93.75	5.000000000000002e-09
462	1	923	1.000813603401184	87.5	5.000000000000002e-09
462	2	924	0.9993793368339539	87.5	5.000000000000002e-09
463	1	925	1.0737006664276123	85.0	5.000000000000002e-09
463	2	926	0.9728215336799622	90.625	5.000000000000002e-09
464	1	927	1.0823441743850708	87.5	5.000000000000002e-09
464	2	928	0.8675727844238281	93.75	5.000000000000002e-09
465	1	929	1.0483524799346924	90.0	5.000000000000002e-09
465	2	930	0.8685382604598999	84.375	5.000000000000002e-09
466	1	931	1.0053082704544067	90.0	5.000000000000002e-09
466	2	932	1.0507113933563232	78.125	5.000000000000002e-09
467	1	933	0.9313971400260925	90.0	5.000000000000002e-09
467	2	934	0.9672492742538452	96.875	5.000000000000002e-09
468	1	935	0.9584232568740845	87.5	5.000000000000002e-09
468	2	936	1.082701563835144	84.375	5.000000000000002e-09
469	1	937	0.9536236524581909	92.5	5.000000000000002e-09
469	2	938	1.036739706993103	93.75	5.000000000000002e-09
470	1	939	1.0060464143753052	87.5	5.000000000000002e-09
470	2	940	0.8540886640548706	93.75	5.000000000000002e-09
471	1	941	1.0527182817459106	87.5	5.000000000000002e-09
471	2	942	1.0452663898468018	81.25	5.000000000000002e-09
472	1	943	1.0187420845031738	85.0	5.000000000000002e-09
472	2	944	1.0305992364883423	81.25	5.000000000000002e-09
473	1	945	0.8529502749443054	90.0	5.000000000000002e-09
473	2	946	1.0311777591705322	90.625	5.000000000000002e-09
474	1	947	0.9542228579521179	85.0	5.000000000000002e-09
474	2	948	1.0639760494232178	90.625	5.000000000000002e-09
475	1	949	0.9480336308479309	90.0	5.000000000000002e-09
475	2	950	1.112370491027832	78.125	5.000000000000002e-09
476	1	951	0.9027482271194458	95.0	5.000000000000002e-09
476	2	952	1.02956223487854	90.625	5.000000000000002e-09
477	1	953	0.9376818537712097	95.0	5.000000000000002e-09
477	2	954	1.0640491247177124	87.5	5.000000000000002e-09
478	1	955	1.0288130044937134	95.0	5.000000000000002e-09
478	2	956	0.95792555809021	81.25	5.000000000000002e-09
479	1	957	1.0511999130249023	90.0	5.000000000000002e-09
479	2	958	0.9027409553527832	87.5	5.000000000000002e-09
480	1	959	0.9938859939575195	92.5	5.000000000000002e-09
480	2	960	1.0527575016021729	81.25	5.000000000000002e-09
481	1	961	1.054932951927185	97.5	5.000000000000002e-09
481	2	962	0.9751942157745361	81.25	5.000000000000002e-09
482	1	963	0.9598262906074524	92.5	5.000000000000002e-09
482	2	964	1.0184816122055054	87.5	5.000000000000002e-09
483	1	965	1.0267055034637451	87.5	5.000000000000002e-09
483	2	966	1.0488688945770264	84.375	5.000000000000002e-09
484	1	967	0.983610987663269	90.0	5.000000000000002e-09
484	2	968	0.9886179566383362	81.25	5.000000000000002e-09
485	1	969	1.002194881439209	87.5	5.000000000000002e-09
485	2	970	0.8714215755462646	100.0	5.000000000000002e-09
486	1	971	0.9218837022781372	90.0	5.000000000000002e-09
486	2	972	1.0145702362060547	87.5	5.000000000000002e-09
487	1	973	1.1142823696136475	75.0	5.000000000000002e-09
487	2	974	0.885935366153717	90.625	5.000000000000002e-09
488	1	975	1.1311650276184082	77.5	5.000000000000002e-09
488	2	976	0.8213586211204529	93.75	5.000000000000002e-09
489	1	977	0.9101548194885254	95.0	5.000000000000002e-09
489	2	978	0.924399733543396	87.5	5.000000000000002e-09
490	1	979	0.8865128755569458	97.5	5.000000000000002e-09
490	2	980	1.0055739879608154	87.5	5.000000000000002e-09
491	1	981	0.9717327952384949	90.0	5.000000000000002e-09
491	2	982	0.9886348247528076	75.0	5.000000000000002e-09
492	1	983	1.0125900506973267	87.5	5.000000000000002e-09
492	2	984	0.8761739134788513	93.75	5.000000000000002e-09
493	1	985	0.9361192584037781	85.0	5.000000000000002e-09
493	2	986	0.937674343585968	93.75	5.000000000000002e-09
494	1	987	0.9350876808166504	90.0	5.000000000000002e-09
494	2	988	1.0201901197433472	81.25	5.000000000000002e-09
495	1	989	1.000920057296753	95.0	5.000000000000002e-09
495	2	990	0.8943523168563843	90.625	5.000000000000002e-09
496	1	991	0.9962059259414673	90.0	5.000000000000002e-09
496	2	992	0.9459989070892334	78.125	5.000000000000002e-09
497	1	993	1.0339055061340332	82.5	5.000000000000002e-09
497	2	994	0.916300356388092	96.875	5.000000000000002e-09
498	1	995	0.9287158250808716	95.0	5.000000000000002e-09
498	2	996	1.1172211170196533	90.625	5.000000000000002e-09
499	1	997	1.185265064239502	82.5	5.000000000000002e-09
499	2	998	0.8628309369087219	87.5	5.000000000000002e-09
500	1	999	1.0126774311065674	85.0	5.000000000000002e-09
500	2	1000	0.8549526333808899	87.5	5.000000000000002e-09
