epoch	loss	acc	lr
1	2.6060375843764843	8.1419624217119	1e-05
2	2.5120961083748643	13.987473903966597	1e-05
3	2.424289696400748	20.45929018789144	1e-05
4	2.3730145998936854	23.38204592901879	1e-05
5	2.315910002383907	26.931106471816285	1e-05
6	2.2853491759250457	30.48016701461378	1e-05
7	2.2414851895453785	32.35908141962422	1e-05
8	2.1440842684226147	40.50104384133612	1e-05
9	2.1178956459857727	39.24843423799582	1e-05
10	2.094322683915714	39.66597077244259	1e-05
11	2.034210255350101	43.42379958246347	1e-05
12	1.9680094168927824	46.5553235908142	1e-05
13	1.9821504279815578	42.379958246346554	1e-05
14	1.8668566558953368	49.89561586638831	1e-05
15	1.854788097309917	46.97286012526096	1e-05
16	1.8100589991611329	48.643006263048015	1e-05
17	1.8066003422149786	45.92901878914405	1e-05
18	1.6771958698061662	50.93945720250522	1e-05
19	1.703949429048128	47.59916492693111	1e-05
20	1.6010444333508518	52.81837160751566	1e-05
21	1.5360276572141867	54.07098121085595	1e-05
22	1.5764523513132944	48.643006263048015	1e-05
23	1.5700930663090906	49.478079331941544	1e-05
24	1.4516304589512452	53.65344467640919	1e-05
25	1.5475441304527395	49.26931106471816	1e-05
26	1.4544697330490781	51.774530271398746	1e-05
27	1.4452920880845295	47.390396659707726	1e-05
28	1.3986960405596611	52.19206680584551	1e-05
29	1.3201544802472587	55.53235908141962	1e-05
30	1.2825489755960995	55.323590814196244	1e-05
31	1.3032832558817058	54.27974947807933	1e-05
32	1.2144583894215943	58.03757828810021	1e-05
33	1.2393076887708119	55.323590814196244	1e-05
34	1.2624293175022387	53.86221294363257	1e-05
35	1.2085070775545714	55.11482254697286	1e-05
36	1.2144467571831945	55.94989561586639	1e-05
37	1.1603248236323698	57.41127348643006	1e-05
38	1.2084536751526134	53.02713987473904	1e-05
39	1.133579836508924	57.41127348643006	1e-05
40	1.0913735486271485	59.08141962421712	1e-05
41	1.2555219875745833	51.56576200417537	1e-05
42	1.1797933344552314	54.07098121085595	1e-05
43	1.131645888276787	55.741127348643005	1e-05
44	0.9838593401839191	63.46555323590814	1e-05
45	1.149051826532798	54.27974947807933	1e-05
46	1.1649104660388572	52.19206680584551	1e-05
47	1.1002089357575195	56.78496868475992	1e-05
48	1.0446599550187463	59.49895615866388	1e-05
49	1.119498577894398	54.488517745302715	1e-05
50	1.0532550908827334	56.36743215031315	1e-05
51	1.055866116770623	60.54279749478079	1e-05
52	1.0134362472621783	59.08141962421712	1e-05
53	0.9586928046322069	60.96033402922756	1e-05
54	0.9896757616379565	60.33402922755741	1e-05
55	1.0095059358998977	58.455114822546975	1e-05
56	1.0717592963594982	55.94989561586639	1e-05
57	1.054991935887267	56.9937369519833	1e-05
58	0.9880056993448659	58.872651356993735	1e-05
59	1.0066027240613806	57.41127348643006	1e-05
60	1.005079353403199	59.707724425887264	1e-05
61	0.9699773726234356	59.707724425887264	1e-05
62	0.9651359792542109	59.49895615866388	1e-05
63	1.0187221867555367	57.41127348643006	1e-05
64	1.006134972940656	59.49895615866388	1e-05
65	0.9253608116526195	61.16910229645094	1e-05
66	0.9795503246759323	58.03757828810021	1e-05
67	1.041526772532931	56.36743215031315	1e-05
68	1.0234018499517739	56.57620041753653	1e-05
69	0.9291195442631748	61.586638830897705	1e-05
70	1.0588165038811639	55.94989561586639	1e-05
71	0.9283868777478165	59.91649269311065	1e-05
72	1.0039997308637503	57.20250521920668	1e-05
73	0.958193311113903	57.41127348643006	1e-05
74	0.9024339491240914	62.63048016701461	1e-05
75	1.0450008313690695	55.53235908141962	1e-05
76	0.9248264454351836	62.421711899791234	1e-05
77	0.983154992469915	57.620041753653446	1e-05
78	0.9899339418321661	58.455114822546975	1e-05
79	0.9698829499067494	57.41127348643006	1e-05
80	1.0374704427659387	57.20250521920668	1e-05
81	1.0233541805460458	57.41127348643006	1e-05
82	0.9896988415767853	56.9937369519833	1e-05
83	0.9413585824608056	60.12526096033403	1e-05
84	0.9591477905285384	59.49895615866388	1e-05
85	0.963946365115538	58.455114822546975	1e-05
86	1.0070201882738659	55.323590814196244	1e-05
87	0.9613429011780932	57.41127348643006	1e-05
88	1.0062170546338554	59.2901878914405	1e-05
89	0.8929508526290384	60.54279749478079	1e-05
90	0.9336109331853704	58.872651356993735	1e-05
91	0.9403782687256879	60.54279749478079	1e-05
92	0.9790658232812344	56.9937369519833	1e-05
93	0.9895659045535985	58.872651356993735	1e-05
94	0.9040958241779271	61.586638830897705	1e-05
95	0.9222339769992549	59.707724425887264	1e-05
96	0.9204782812480886	61.37787056367432	1e-05
97	0.8853556704172759	60.75156576200418	1e-05
98	0.9344348117304744	60.33402922755741	1e-05
99	0.9346388150356508	57.20250521920668	1e-05
100	0.9575974718513967	57.82881002087683	1e-05
101	0.9012049170277064	59.91649269311065	1e-05
102	0.9107430536214395	60.54279749478079	1e-05
103	0.9794362686372251	58.24634655532359	1e-05
104	0.9049128511753362	59.707724425887264	1e-05
105	0.9051908029395006	60.12526096033403	1e-05
106	0.9111888503231933	58.03757828810021	1e-05
107	0.9406213339783702	57.20250521920668	1e-05
108	0.9374721888958288	57.82881002087683	1e-05
109	0.9086317587993837	60.12526096033403	1e-05
110	1.0507469744672358	53.65344467640919	1e-05
111	0.8966360204155112	62.421711899791234	1e-05
112	0.9996797890404321	57.620041753653446	1e-05
113	0.9424542156291157	60.96033402922756	1e-05
114	0.9435355576194652	58.455114822546975	1e-05
115	0.9713765223489176	59.49895615866388	1e-05
116	0.9927441577324041	56.78496868475992	1e-05
117	0.9166149197142408	60.75156576200418	1e-05
118	0.9267074905009259	59.08141962421712	1e-05
119	0.9833152100039424	56.57620041753653	1e-05
120	0.9309921807187584	59.08141962421712	1e-05
121	0.8738144270313558	60.96033402922756	1e-05
122	0.8520770403935666	62.21294363256785	1e-05
123	0.9198518624385363	58.24634655532359	1e-05
124	0.9153805655079247	59.49895615866388	1e-05
125	0.8788854145058013	59.91649269311065	1e-05
126	0.8764043205217429	60.54279749478079	1e-05
127	1.0737779933127083	51.356993736951985	1e-05
128	0.9036890395250101	59.707724425887264	1e-05
129	0.8466176405580158	62.21294363256785	1e-05
130	0.9225550759311508	58.24634655532359	1e-05
131	0.9092389154782624	59.2901878914405	1e-05
132	0.9039599232235632	58.872651356993735	1e-05
133	0.9048370486261451	60.12526096033403	1e-05
134	0.9484230436711322	57.20250521920668	1e-05
135	0.926199919122246	59.08141962421712	1e-05
136	0.8833710116981713	62.421711899791234	1e-05
137	0.9269267987607666	59.2901878914405	1e-05
138	0.9693380171172554	56.57620041753653	1e-05
139	0.9171480395848667	60.96033402922756	1e-05
140	0.9482940262444084	56.57620041753653	1e-05
141	0.9580212876294003	56.36743215031315	1e-05
142	0.8983613999253275	62.421711899791234	1e-05
143	0.9275293483365802	59.08141962421712	1e-05
144	0.8529779560132913	62.004175365344466	1e-05
145	0.939906859572098	58.455114822546975	1e-05
146	0.9597869066206548	58.24634655532359	1e-05
147	0.8664733723957005	62.839248434237994	1e-05
148	0.9062394265839849	58.872651356993735	1e-05
149	0.9373194295329689	55.94989561586639	1e-05
150	0.8498225563005515	61.79540709812109	1e-05
151	0.9228718606813466	59.08141962421712	1e-05
152	0.8695819338079783	60.96033402922756	1e-05
153	0.9583539898062051	55.94989561586639	1e-05
154	0.9386320741291087	56.57620041753653	1e-05
155	0.8740124716141527	62.004175365344466	1e-05
156	0.9289682049592004	58.66388308977035	1e-05
157	0.9878784082130002	55.94989561586639	1e-05
158	0.9642196516652197	55.94989561586639	1e-05
159	1.0180321327082051	54.488517745302715	1e-05
160	0.8380750126530084	61.79540709812109	1e-05
161	0.959506533962202	58.03757828810021	1e-05
162	0.915917289779679	57.620041753653446	1e-05
163	1.0486611914286286	55.741127348643005	1e-05
164	0.946858597697694	58.03757828810021	1e-05
165	1.000565410655824	56.78496868475992	1e-05
166	0.8977885052157344	61.37787056367432	1e-05
167	0.9386960962371189	57.41127348643006	1e-05
168	0.8877403342898056	59.2901878914405	1e-05
169	0.9353554513857608	57.82881002087683	1e-05
170	0.985285124101818	56.9937369519833	1e-05
171	0.934918264008763	61.586638830897705	1e-05
172	0.9277570215296894	58.455114822546975	1e-05
173	0.9240374454376842	59.91649269311065	1e-05
174	0.8895745396862946	59.08141962421712	1e-05
175	0.977001709828546	55.94989561586639	1e-05
176	0.8331377068242848	63.04801670146138	1e-05
177	0.9778305089299515	54.906054279749476	1e-05
178	0.9121094645936205	57.620041753653446	1e-05
179	0.9120198020357677	59.49895615866388	1e-05
180	0.8420690666409774	62.21294363256785	1e-05
181	1.0150380833910502	55.741127348643005	1e-05
182	0.902764308427719	57.41127348643006	1e-05
183	0.9262870123341587	58.24634655532359	1e-05
184	0.8990732613087696	56.78496868475992	1e-05
185	0.9326479203516854	58.872651356993735	1e-05
186	0.9885751979584982	55.53235908141962	1e-05
187	0.8269791268356658	62.839248434237994	1e-05
188	0.9176603374003368	59.08141962421712	1e-05
189	0.8841293837431826	60.33402922755741	1e-05
190	0.9992821637175526	57.20250521920668	1e-05
191	0.9624888160283481	57.41127348643006	1e-05
192	0.9199250943974314	58.455114822546975	1e-05
193	0.9381358338547151	57.41127348643006	1e-05
194	0.9801260524104681	55.741127348643005	1e-05
195	0.8833157963941889	60.75156576200418	1e-05
196	0.9721028568351443	57.620041753653446	1e-05
197	0.8337567140015779	62.839248434237994	1e-05
198	0.9386699767102777	59.08141962421712	1e-05
199	1.002249633469512	54.906054279749476	1e-05
200	0.9400272584658326	59.91649269311065	1e-05
201	0.9702389959502569	56.78496868475992	1e-05
202	0.8932442235797332	59.91649269311065	1e-05
203	1.0144091045682266	54.488517745302715	1e-05
204	0.9454651152664535	55.94989561586639	1e-05
205	0.9677010051641683	58.03757828810021	1.0000000000000002e-06
206	0.8949480131424046	58.872651356993735	1.0000000000000002e-06
207	0.9185721642786874	56.9937369519833	1.0000000000000002e-06
208	0.9246899188187028	58.03757828810021	1.0000000000000002e-06
209	0.8906645425177317	60.12526096033403	1.0000000000000002e-06
210	0.9311982841232873	58.24634655532359	1.0000000000000002e-06
211	0.9045855419123098	60.54279749478079	1.0000000000000002e-06
212	0.9019538155428303	59.49895615866388	1.0000000000000002e-06
213	0.9456522818149256	57.82881002087683	1.0000000000000002e-06
214	0.9086077229463979	58.455114822546975	1.0000000000000002e-06
215	0.9732216716061555	56.36743215031315	1.0000000000000002e-06
216	0.8446556191603675	60.33402922755741	1.0000000000000002e-06
217	0.8850451783745672	58.66388308977035	1.0000000000000002e-06
218	1.0195707027996757	54.27974947807933	1.0000000000000002e-06
219	0.8976505051575026	59.08141962421712	1.0000000000000002e-06
220	0.9088491771315732	59.707724425887264	1.0000000000000002e-06
221	0.9052029408841143	59.2901878914405	1.0000000000000002e-06
222	0.8840055179496399	60.33402922755741	1.0000000000000002e-06
223	0.97779316294915	57.20250521920668	1.0000000000000002e-06
224	0.960612774393006	57.620041753653446	1.0000000000000002e-06
225	0.8842738742370446	59.08141962421712	1.0000000000000002e-06
226	0.904166499358876	60.33402922755741	1.0000000000000002e-06
227	0.8449165872094029	62.421711899791234	1.0000000000000002e-06
228	0.8783423862029217	58.872651356993735	1.0000000000000002e-06
229	0.9363376824243581	59.08141962421712	1.0000000000000002e-06
230	0.9386823234578016	57.20250521920668	1.0000000000000002e-06
231	0.9707247461804767	58.455114822546975	1.0000000000000002e-07
232	0.8933542485276941	61.586638830897705	1.0000000000000002e-07
233	0.9082760560736527	59.91649269311065	1.0000000000000002e-07
234	0.8694798143771097	60.54279749478079	1.0000000000000002e-07
235	0.8949133687825691	57.82881002087683	1.0000000000000002e-07
236	0.976325132901584	55.11482254697286	1.0000000000000002e-07
237	0.9925738388909676	54.6972860125261	1.0000000000000002e-07
238	0.9207804916049344	60.12526096033403	1.0000000000000002e-07
239	1.0257723418556326	55.741127348643005	1.0000000000000002e-07
240	0.9447423859279689	58.03757828810021	1.0000000000000002e-07
241	0.9780740161778285	54.27974947807933	1.0000000000000002e-07
242	0.8948625699463368	59.707724425887264	1.0000000000000002e-07
243	1.0342374422853824	53.02713987473904	1.0000000000000002e-07
244	0.8908186273684332	61.16910229645094	1.0000000000000002e-07
245	0.8865358647822338	61.79540709812109	1.0000000000000002e-07
246	0.8447791611725204	62.839248434237994	1.0000000000000002e-07
247	0.9353129594958152	59.2901878914405	1.0000000000000002e-07
248	0.9167568025360028	58.872651356993735	1.0000000000000002e-07
249	0.9323969385071438	58.03757828810021	1.0000000000000002e-07
250	0.9256784980630576	59.49895615866388	1.0000000000000002e-07
251	0.9829078116347247	57.20250521920668	1.0000000000000002e-07
252	0.9305551291009827	57.620041753653446	1.0000000000000002e-07
253	0.9973153938580157	56.36743215031315	1.0000000000000002e-07
254	0.9255676328015975	59.2901878914405	1.0000000000000002e-07
255	0.9841208060997264	56.57620041753653	1.0000000000000002e-07
256	0.9375368379103117	61.16910229645094	1.0000000000000002e-07
257	0.9496542581187907	56.9937369519833	1.0000000000000004e-08
258	0.9328255745463679	57.620041753653446	1.0000000000000004e-08
259	0.8894505347737689	60.33402922755741	1.0000000000000004e-08
260	0.8861297631562378	59.707724425887264	1.0000000000000004e-08
261	1.0101355697516359	54.488517745302715	1.0000000000000004e-08
262	0.8811865456417857	61.79540709812109	1.0000000000000004e-08
263	0.9327841666147952	58.455114822546975	1.0000000000000004e-08
264	0.9168171842810008	59.08141962421712	1.0000000000000004e-08
265	1.0019860986876836	56.57620041753653	1.0000000000000004e-08
266	0.8565178285809798	63.04801670146138	1.0000000000000004e-08
267	0.9125313508734574	58.66388308977035	1.0000000000000004e-08
268	0.8943194907493034	58.66388308977035	1.0000000000000004e-08
269	0.9439086573109	58.66388308977035	1.0000000000000004e-08
270	0.902201416596988	59.2901878914405	1.0000000000000004e-08
271	0.937500980427967	57.620041753653446	1.0000000000000004e-08
272	0.8839206912074556	58.872651356993735	1.0000000000000004e-08
273	1.001060844463197	55.323590814196244	1.0000000000000004e-08
274	0.9529505281209448	56.9937369519833	1.0000000000000004e-08
275	0.9617644680317857	58.455114822546975	1.0000000000000004e-08
276	0.8707218343131478	60.54279749478079	1.0000000000000004e-08
277	0.9442513154543516	55.11482254697286	1.0000000000000004e-08
278	0.9519082642547273	57.20250521920668	1.0000000000000004e-08
279	0.8432843411391862	62.421711899791234	1.0000000000000004e-08
280	0.9139196952349955	58.66388308977035	1.0000000000000004e-08
281	0.9147411471617745	57.20250521920668	1.0000000000000004e-08
282	0.9033812849407156	60.54279749478079	1.0000000000000004e-08
283	0.9179477849683583	58.455114822546975	1.0000000000000004e-08
284	0.9180039157449328	60.75156576200418	1.0000000000000004e-08
285	0.8362683816842097	60.12526096033403	1.0000000000000004e-08
286	0.9496935635867347	56.9937369519833	1.0000000000000004e-08
287	0.9189563317687128	59.49895615866388	1.0000000000000004e-08
288	0.9529464243598174	59.08141962421712	1.0000000000000004e-08
289	0.9198067296521898	56.57620041753653	1.0000000000000004e-08
290	0.9540231888627707	58.24634655532359	1.0000000000000004e-08
291	1.0219085552498295	54.07098121085595	1.0000000000000004e-08
292	0.8918968977908251	60.54279749478079	1.0000000000000004e-08
293	0.9688838376879443	56.78496868475992	1.0000000000000004e-08
294	0.9282639101303196	58.24634655532359	1.0000000000000004e-08
295	0.9283791337481122	58.24634655532359	1.0000000000000004e-08
296	0.926369686714045	59.08141962421712	1.0000000000000004e-08
297	0.9480483330366258	57.41127348643006	1.0000000000000004e-08
298	0.9364527640611493	57.41127348643006	1.0000000000000004e-08
299	0.9908582999960117	57.20250521920668	1.0000000000000004e-08
300	0.9371913681448377	58.24634655532359	1.0000000000000004e-08
301	0.8588943944345685	59.91649269311065	1.0000000000000004e-08
302	0.9606517637945665	57.620041753653446	1.0000000000000004e-08
303	0.942195890965193	56.57620041753653	1.0000000000000004e-08
304	0.8170185606763358	62.421711899791234	1.0000000000000004e-08
305	0.9109745540798083	58.66388308977035	1.0000000000000004e-08
