epoch	batch	iter	loss	acc	lr
1	1	1	2.8067734241485596	5.0	1e-05
1	2	2	2.662810802459717	12.5	1e-05
1	3	3	2.922511577606201	7.5	1e-05
1	4	4	2.734649896621704	15.0	1e-05
1	5	5	2.993345260620117	5.0	1e-05
1	6	6	3.10550594329834	5.0	1e-05
2	1	7	2.104	1	619	2.5082879066467285	15.0	1.0000000000000004e-08
104	2	620	2.471973419189453	10.0	1.0000000000000004e-08
104	3	621	2.460557222366333	10.0	1.0000000000000004e-08
104	4	622	2.8687539100646973	17.5	1.0000000000000004e-08
104	5	623	2.327270030975342	20.0	1.0000000000000004e-08
104	6	624	2.819824457168579	5.0	1.0000000000000004e-08
6	5.0	1e-05
3	5	17	2.6633200645446777	7.5	1e-05
3	6	18	2.7210114002227783	5.0	1e-05
4	1	19	2.809263706207105	1	625	2.3597114086151123	15.0	1.0000000000000004e-08
105	2	626	2.54194712638855	12.5	1.0000000000000004e-08
105	3	627	2.1356141567230225	27.5	1.0000000000000004e-08
105	4	628	2.7706310749053955	12.5	1.0000000000000004e-08
105	5	629	2.4856534004211426	17.5	1.0000000000000004e-08
105	6	630	2.4395592212677	20.0	1.0000000000000004e-08
