epoch	batch	iter	loss	acc	lr
1	1	1	2.489886522293091	12.0	1e-05
1	2	2	2.510019063949585	16.0	1e-05
1	3	3	2.5929512977600098	6.0	1e-05
1	4	4	2.561021327972412	4.0	1e-05
1	5	5	2.5936102867126465	12.5	1e-05
2	1	6	2.5581674575805664	10.0	1e-05
2	2	7	2.4075043201446533	14.0	1e-05
2	3	8	2.5055904388427734	14.0	1e-05
2	4	9	2.5229430198669434	6.0	1e-05
2	5	10	2.5237202644348145	2.5	1e-05
3	1	11	2.462181806564331	16.0	1e-05
3	2	12	2.4877278804779053	18.0	1e-05
3	3	13	2.492074966430664	8.0	1e-05
3	4	14	2.452775478363037	12.0	1e-05
3	5	15	2.4354074001312256	17.5	1e-05
4	1	16	2.3285787105560303	24.0	1e-05
4	2	17	2.436720848083496	10.0	1e-05
4	3	18	2.4433016777038574	12.0	1e-05
4	4	19	2.4574005603790283	16.0	1e-05
4	5	20	2.587578296661377	5.0	1e-05
5	1	21	2.475480079650879	10.0	1e-05
5	2	22	2.4412734508514404	14.0	1e-05
5	3	23	2.4547441005706787	18.0	1e-05
5	4	24	2.423530101776123	18.0	1e-05
5	5	25	2.417541980743408	15.0	1e-05
6	1	26	2.3929429054260254	16.0	1e-05
6	2	27	2.4018146991729736	12.0	1e-05
6	3	28	2.4036262035369873	18.0	1e-05
6	4	29	2.438753128051758	10.0	1e-05
6	5	30	2.481335163116455	2.5	1e-05
7	1	31	2.4839658737182617	12.0	1e-05
7	2	32	2.417477607727051	16.0	1e-05
7	3	33	2.34208345413208	14.0	1e-05
7	4	34	2.3395020961761475	28.0	1e-05
7	5	35	2.426795482635498	17.5	1e-05
8	1	36	2.363595962524414	20.0	1e-05
8	2	37	2.4053728580474854	16.0	1e-05
8	3	38	2.4173285961151123	18.0	1e-05
8	4	39	2.2915377616882324	18.0	1e-05
8	5	40	2.4369513988494873	12.5	1e-05
9	1	41	2.327850103378296	28.0	1e-05
9	2	42	2.274343729019165	30.0	1e-05
9	3	43	2.391956329345703	16.0	1e-05
9	4	44	2.3017752170562744	26.0	1e-05
9	5	45	2.492964744567871	15.0	1e-05
10	1	46	2.3708388805389404	20.0	1e-05
10	2	47	2.3815243244171143	30.0	1e-05
10	3	48	2.3140997886657715	24.0	1e-05
10	4	49	2.362081289291382	30.0	1e-05
10	5	50	2.3898024559020996	22.5	1e-05
11	1	51	2.4250922203063965	28.0	1e-05
11	2	52	2.3335161209106445	18.0	1e-05
11	3	53	2.325070858001709	30.0	1e-05
11	4	54	2.230485677719116	28.0	1e-05
11	5	55	2.245272159576416	30.0	1e-05
12	1	56	2.3523995876312256	26.0	1e-05
12	2	57	2.3279879093170166	22.0	1e-05
12	3	58	2.2291953563690186	34.0	1e-05
12	4	59	2.2515902519226074	22.0	1e-05
12	5	60	2.368577480316162	15.0	1e-05
13	1	61	2.3082380294799805	26.0	1e-05
13	2	62	2.2613961696624756	26.0	1e-05
13	3	63	2.223717451095581	30.0	1e-05
13	4	64	2.281165361404419	28.0	1e-05
13	5	65	2.3303940296173096	32.5	1e-05
14	1	66	2.246983528137207	36.0	1e-05
14	2	67	2.242867946624756	22.0	1e-05
14	3	68	2.3991196155548096	16.0	1e-05
14	4	69	2.2368345260620117	42.0	1e-05
14	5	70	2.25449800491333	32.5	1e-05
15	1	71	2.214576005935669	30.0	1e-05
15	2	72	2.218925714492798	34.0	1e-05
15	3	73	2.3319976329803467	28.0	1e-05
15	4	74	2.267279863357544	34.0	1e-05
15	5	75	2.2547178268432617	37.5	1e-05
16	1	76	2.2336697578430176	34.0	1e-05
16	2	77	2.3142666816711426	22.0	1e-05
16	3	78	2.215031147003174	34.0	1e-05
16	4	79	2.209697961807251	24.0	1e-05
16	5	80	2.218043327331543	27.5	1e-05
17	1	81	2.2186477184295654	32.0	1e-05
17	2	82	2.2302558422088623	28.0	1e-05
17	3	83	2.225780963897705	26.0	1e-05
17	4	84	2.1017117500305176	36.0	1e-05
17	5	85	2.2314393520355225	27.5	1e-05
18	1	86	2.2156975269317627	32.0	1e-05
18	2	87	2.078747034072876	38.0	1e-05
18	3	88	2.210073471069336	36.0	1e-05
18	4	89	2.1467444896698	32.0	1e-05
18	5	90	2.2816309928894043	25.0	1e-05
19	1	91	2.214475154876709	42.0	1e-05
19	2	92	2.0629115104675293	44.0	1e-05
19	3	93	2.2004053592681885	34.0	1e-05
19	4	94	2.1191394329071045	32.0	1e-05
19	5	95	2.2250752449035645	30.0	1e-05
20	1	96	2.115046262741089	24.0	1e-05
20	2	97	2.108999252319336	36.0	1e-05
20	3	98	2.1248250007629395	34.0	1e-05
20	4	99	2.1865286827087402	36.0	1e-05
20	5	100	2.185248851776123	30.0	1e-05
21	1	101	2.125628709793091	38.0	1e-05
21	2	102	2.150582790374756	42.0	1e-05
21	3	103	2.114335775375366	42.0	1e-05
21	4	104	2.1544666290283203	34.0	1e-05
21	5	105	2.061164617538452	30.0	1e-05
22	1	106	2.1122782230377197	34.0	1e-05
22	2	107	2.0299837589263916	34.0	1e-05
22	3	108	2.206606388092041	34.0	1e-05
22	4	109	2.1442902088165283	30.0	1e-05
22	5	110	2.0628409385681152	32.5	1e-05
23	1	111	2.125979423522949	34.0	1e-05
23	2	112	2.031799554824829	50.0	1e-05
23	3	113	2.172133684158325	32.0	1e-05
23	4	114	2.108320713043213	36.0	1e-05
23	5	115	2.075770139694214	37.5	1e-05
24	1	116	2.079145908355713	52.0	1e-05
24	2	117	2.1071317195892334	30.0	1e-05
24	3	118	1.9490768909454346	42.0	1e-05
24	4	119	2.0478551387786865	26.0	1e-05
24	5	120	2.117107391357422	37.5	1e-05
25	1	121	1.993760108947754	42.0	1e-05
25	2	122	2.0351102352142334	40.0	1e-05
25	3	123	2.1855318546295166	38.0	1e-05
25	4	124	2.0616533756256104	26.0	1e-05
25	5	125	1.923506498336792	42.5	1e-05
26	1	126	2.0616343021392822	34.0	1e-05
26	2	127	1.8871541023254395	52.0	1e-05
26	3	128	1.8971704244613647	60.0	1e-05
26	4	129	2.077416181564331	40.0	1e-05
26	5	130	2.144145965576172	30.0	1e-05
27	1	131	2.0372440814971924	42.0	1e-05
27	2	132	1.8911564350128174	50.0	1e-05
27	3	133	2.043217182159424	42.0	1e-05
27	4	134	2.063814878463745	36.0	1e-05
27	5	135	1.721252202987671	65.0	1e-05
28	1	136	1.9940637350082397	40.0	1e-05
28	2	137	1.9857451915740967	44.0	1e-05
28	3	138	1.8436082601547241	54.0	1e-05
28	4	139	2.0628445148468018	34.0	1e-05
28	5	140	1.9299615621566772	55.0	1e-05
29	1	141	1.9189244508743286	40.0	1e-05
29	2	142	1.866450548171997	50.0	1e-05
29	3	143	1.9144234657287598	40.0	1e-05
29	4	144	1.9964697360992432	40.0	1e-05
29	5	145	1.9867929220199585	37.5	1e-05
30	1	146	1.9107426404953003	34.0	1e-05
30	2	147	1.9407126903533936	48.0	1e-05
30	3	148	1.9991581439971924	42.0	1e-05
30	4	149	1.8560792207717896	48.0	1e-05
30	5	150	1.9822676181793213	37.5	1e-05
31	1	151	1.826870083808899	48.0	1e-05
31	2	152	1.8370356559753418	48.0	1e-05
31	3	153	1.8539940118789673	48.0	1e-05
31	4	154	1.9518685340881348	40.0	1e-05
31	5	155	1.9774971008300781	42.5	1e-05
32	1	156	2.012882947921753	26.0	1e-05
32	2	157	1.8303637504577637	56.0	1e-05
32	3	158	1.9556515216827393	40.0	1e-05
32	4	159	1.7397249937057495	54.0	1e-05
32	5	160	1.8684749603271484	37.5	1e-05
33	1	161	1.8877066373825073	44.0	1e-05
33	2	162	1.8675446510314941	46.0	1e-05
33	3	163	1.8059321641921997	54.0	1e-05
33	4	164	1.8452471494674683	58.0	1e-05
33	5	165	1.7444162368774414	50.0	1e-05
34	1	166	1.8384065628051758	42.0	1e-05
34	2	167	1.8335580825805664	46.0	1e-05
34	3	168	1.8136086463928223	50.0	1e-05
34	4	169	1.7504935264587402	46.0	1e-05
34	5	170	1.9035146236419678	42.5	1e-05
35	1	171	1.7601248025894165	48.0	1e-05
35	2	172	1.8437122106552124	44.0	1e-05
35	3	173	1.8293733596801758	50.0	1e-05
35	4	174	1.829972505569458	58.0	1e-05
35	5	175	1.5703508853912354	57.5	1e-05
36	1	176	1.7959542274475098	56.0	1e-05
36	2	177	1.8146051168441772	40.0	1e-05
36	3	178	1.8579668998718262	44.0	1e-05
36	4	179	1.672971487045288	60.0	1e-05
36	5	180	1.8729918003082275	40.0	1e-05
37	1	181	1.741573691368103	54.0	1e-05
37	2	182	1.6433539390563965	68.0	1e-05
37	3	183	1.7253575325012207	50.0	1e-05
37	4	184	1.8476160764694214	42.0	1e-05
37	5	185	1.8500553369522095	35.0	1e-05
38	1	186	1.7384964227676392	52.0	1e-05
38	2	187	1.5794968605041504	62.0	1e-05
38	3	188	1.7834978103637695	50.0	1e-05
38	4	189	1.7882647514343262	48.0	1e-05
38	5	190	1.6959295272827148	55.0	1e-05
39	1	191	1.6807080507278442	54.0	1e-05
39	2	192	1.7330375909805298	48.0	1e-05
39	3	193	1.6194350719451904	58.0	1e-05
39	4	194	1.7238247394561768	44.0	1e-05
39	5	195	1.814092993736267	50.0	1e-05
40	1	196	1.673681378364563	46.0	1e-05
40	2	197	1.6935592889785767	52.0	1e-05
40	3	198	1.7177234888076782	44.0	1e-05
40	4	199	1.8083915710449219	60.0	1e-05
40	5	200	1.6560291051864624	60.0	1e-05
41	1	201	1.7814358472824097	50.0	1e-05
41	2	202	1.5913124084472656	50.0	1e-05
41	3	203	1.6205869913101196	60.0	1e-05
41	4	204	1.6668939590454102	62.0	1e-05
41	5	205	1.6561161279678345	55.0	1e-05
42	1	206	1.6323575973510742	60.0	1e-05
42	2	207	1.656816840171814	54.0	1e-05
42	3	208	1.4881266355514526	62.0	1e-05
42	4	209	1.6188236474990845	60.0	1e-05
42	5	210	1.6600875854492188	57.5	1e-05
43	1	211	1.717382550239563	52.0	1e-05
43	2	212	1.6522330045700073	52.0	1e-05
43	3	213	1.4902633428573608	60.0	1e-05
43	4	214	1.6583448648452759	42.0	1e-05
43	5	215	1.4954609870910645	67.5	1e-05
44	1	216	1.5650115013122559	60.0	1e-05
44	2	217	1.5218600034713745	60.0	1e-05
44	3	218	1.6895418167114258	52.0	1e-05
44	4	219	1.578566312789917	60.0	1e-05
44	5	220	1.554805040359497	67.5	1e-05
45	1	221	1.571467399597168	54.0	1e-05
45	2	222	1.5756257772445679	54.0	1e-05
45	3	223	1.4718055725097656	68.0	1e-05
45	4	224	1.5643736124038696	66.0	1e-05
45	5	225	1.6498444080352783	47.5	1e-05
46	1	226	1.5269763469696045	62.0	1e-05
46	2	227	1.6954846382141113	44.0	1e-05
46	3	228	1.4534591436386108	70.0	1e-05
46	4	229	1.5316963195800781	66.0	1e-05
46	5	230	1.5265156030654907	77.5	1e-05
47	1	231	1.4262739419937134	66.0	1e-05
47	2	232	1.4556024074554443	70.0	1e-05
47	3	233	1.4676891565322876	66.0	1e-05
47	4	234	1.6931281089782715	50.0	1e-05
47	5	235	1.4308112859725952	62.5	1e-05
48	1	236	1.519985556602478	60.0	1e-05
48	2	237	1.5469915866851807	48.0	1e-05
48	3	238	1.556947946548462	62.0	1e-05
48	4	239	1.484879970550537	60.0	1e-05
48	5	240	1.4855053424835205	52.5	1e-05
49	1	241	1.3923062086105347	62.0	1e-05
49	2	242	1.5219972133636475	60.0	1e-05
49	3	243	1.5241143703460693	58.0	1e-05
49	4	244	1.4127509593963623	72.0	1e-05
49	5	245	1.3805819749832153	67.5	1e-05
50	1	246	1.4167513847351074	66.0	1e-05
50	2	247	1.3482329845428467	64.0	1e-05
50	3	248	1.4116227626800537	64.0	1e-05
50	4	249	1.6781048774719238	50.0	1e-05
50	5	250	1.297563910484314	75.0	1e-05
51	1	251	1.5072178840637207	58.0	1e-05
51	2	252	1.4892772436141968	58.0	1e-05
51	3	253	1.288404107093811	68.0	1e-05
51	4	254	1.3089185953140259	78.0	1e-05
51	5	255	1.545421838760376	60.0	1e-05
52	1	256	1.4725675582885742	58.0	1e-05
52	2	257	1.2634042501449585	70.0	1e-05
52	3	258	1.5673130750656128	58.0	1e-05
52	4	259	1.3420153856277466	66.0	1e-05
52	5	260	1.382481336593628	67.5	1e-05
53	1	261	1.3866221904754639	60.0	1e-05
53	2	262	1.4261168241500854	70.0	1e-05
53	3	263	1.3084170818328857	68.0	1e-05
53	4	264	1.5155388116836548	40.0	1e-05
53	5	265	1.3289026021957397	75.0	1e-05
54	1	266	1.3396142721176147	74.0	1e-05
54	2	267	1.4700498580932617	56.0	1e-05
54	3	268	1.307533860206604	72.0	1e-05
54	4	269	1.2248988151550293	72.0	1e-05
54	5	270	1.3061869144439697	67.5	1e-05
55	1	271	1.1858165264129639	74.0	1e-05
55	2	272	1.3781723976135254	70.0	1e-05
55	3	273	1.2966713905334473	68.0	1e-05
55	4	274	1.2816358804702759	72.0	1e-05
55	5	275	1.4483797550201416	65.0	1e-05
56	1	276	1.2332003116607666	74.0	1e-05
56	2	277	1.365105390548706	54.0	1e-05
56	3	278	1.359606146812439	72.0	1e-05
56	4	279	1.3342036008834839	70.0	1e-05
56	5	280	1.1610815525054932	75.0	1e-05
57	1	281	1.2154262065887451	78.0	1e-05
57	2	282	1.3575506210327148	64.0	1e-05
57	3	283	1.2194907665252686	82.0	1e-05
57	4	284	1.3134105205535889	64.0	1e-05
57	5	285	1.3717931509017944	55.0	1e-05
58	1	286	1.222862720489502	72.0	1e-05
58	2	287	1.1882508993148804	72.0	1e-05
58	3	288	1.2337045669555664	68.0	1e-05
58	4	289	1.3348978757858276	62.0	1e-05
58	5	290	1.3416653871536255	70.0	1e-05
59	1	291	1.2068862915039062	76.0	1e-05
59	2	292	1.2861497402191162	60.0	1e-05
59	3	293	1.3239713907241821	64.0	1e-05
59	4	294	1.254220962524414	76.0	1e-05
59	5	295	1.2515945434570312	70.0	1e-05
60	1	296	1.2082868814468384	72.0	1e-05
60	2	297	1.1005785465240479	74.0	1e-05
60	3	298	1.2949175834655762	70.0	1e-05
60	4	299	1.2618640661239624	68.0	1e-05
60	5	300	1.2313621044158936	72.5	1e-05
61	1	301	1.1720221042633057	82.0	1e-05
61	2	302	1.1431725025177002	78.0	1e-05
61	3	303	1.1023370027542114	76.0	1e-05
61	4	304	1.1541091203689575	68.0	1e-05
61	5	305	1.2311574220657349	75.0	1e-05
62	1	306	1.3938310146331787	64.0	1e-05
62	2	307	1.1506199836730957	74.0	1e-05
62	3	308	1.1079392433166504	66.0	1e-05
62	4	309	1.2309787273406982	74.0	1e-05
62	5	310	1.1859101057052612	75.0	1e-05
63	1	311	1.1843947172164917	70.0	1e-05
63	2	312	1.1243910789489746	70.0	1e-05
63	3	313	1.1823012828826904	68.0	1e-05
63	4	314	1.2141705751419067	68.0	1e-05
63	5	315	1.1699556112289429	75.0	1e-05
64	1	316	1.2426031827926636	70.0	1e-05
64	2	317	1.136344313621521	70.0	1e-05
64	3	318	1.225684642791748	66.0	1e-05
64	4	319	1.1743993759155273	70.0	1e-05
64	5	320	1.0160492658615112	80.0	1e-05
65	1	321	1.223724126815796	64.0	1e-05
65	2	322	1.1236742734909058	74.0	1e-05
65	3	323	1.0463114976882935	76.0	1e-05
65	4	324	1.1585320234298706	68.0	1e-05
65	5	325	1.3201649188995361	65.0	1e-05
66	1	326	1.231347918510437	74.0	1e-05
66	2	327	1.1256494522094727	74.0	1e-05
66	3	328	1.0983575582504272	78.0	1e-05
66	4	329	1.2332440614700317	58.0	1e-05
66	5	330	1.037426233291626	72.5	1e-05
67	1	331	0.9688266515731812	78.0	1e-05
67	2	332	1.041732668876648	82.0	1e-05
67	3	333	1.1547527313232422	80.0	1e-05
67	4	334	1.2535223960876465	68.0	1e-05
67	5	335	1.1349514722824097	72.5	1e-05
68	1	336	1.220572590827942	68.0	1e-05
68	2	337	1.0327190160751343	74.0	1e-05
68	3	338	0.9714930057525635	82.0	1e-05
68	4	339	1.0433872938156128	72.0	1e-05
68	5	340	1.2520684003829956	62.5	1e-05
69	1	341	1.0916646718978882	82.0	1e-05
69	2	342	1.0588526725769043	80.0	1e-05
69	3	343	1.262622356414795	62.0	1e-05
69	4	344	1.0784283876419067	72.0	1e-05
69	5	345	1.0700381994247437	72.5	1e-05
70	1	346	1.2401046752929688	72.0	1e-05
70	2	347	0.9865526556968689	84.0	1e-05
70	3	348	1.2339122295379639	66.0	1e-05
70	4	349	0.966590166091919	86.0	1e-05
70	5	350	0.9742191433906555	70.0	1e-05
71	1	351	0.9119624495506287	86.0	1e-05
71	2	352	1.1921603679656982	66.0	1e-05
71	3	353	1.0404092073440552	80.0	1e-05
71	4	354	1.1072773933410645	74.0	1e-05
71	5	355	1.0221188068389893	80.0	1e-05
72	1	356	0.902875542640686	86.0	1e-05
72	2	357	0.9641457200050354	76.0	1e-05
72	3	358	1.0382895469665527	84.0	1e-05
72	4	359	0.9926620721817017	74.0	1e-05
72	5	360	1.0438520908355713	77.5	1e-05
73	1	361	1.0329418182373047	82.0	1e-05
73	2	362	1.0148388147354126	78.0	1e-05
73	3	363	1.0282286405563354	82.0	1e-05
73	4	364	1.0651739835739136	80.0	1e-05
73	5	365	1.0310866832733154	72.5	1e-05
74	1	366	0.9408974647521973	86.0	1e-05
74	2	367	0.9595431685447693	70.0	1e-05
74	3	368	1.146257758140564	66.0	1e-05
74	4	369	0.9569594860076904	76.0	1e-05
74	5	370	1.0198501348495483	80.0	1e-05
75	1	371	0.9318301677703857	86.0	1e-05
75	2	372	1.0216578245162964	78.0	1e-05
75	3	373	0.9210878014564514	88.0	1e-05
75	4	374	1.0013456344604492	82.0	1e-05
75	5	375	0.9740842580795288	72.5	1e-05
76	1	376	1.0108028650283813	80.0	1e-05
76	2	377	0.9294964075088501	84.0	1e-05
76	3	378	0.9601865410804749	86.0	1e-05
76	4	379	0.8815688490867615	78.0	1e-05
76	5	380	0.9469984173774719	85.0	1e-05
77	1	381	0.8188654184341431	82.0	1e-05
77	2	382	0.9731322526931763	76.0	1e-05
77	3	383	0.9761440753936768	76.0	1e-05
77	4	384	1.1323022842407227	70.0	1e-05
77	5	385	0.8405150175094604	77.5	1e-05
78	1	386	1.0488978624343872	76.0	1e-05
78	2	387	0.8622133731842041	84.0	1e-05
78	3	388	0.9140141010284424	84.0	1e-05
78	4	389	0.9225179553031921	78.0	1e-05
78	5	390	0.9776077270507812	85.0	1e-05
79	1	391	0.8220200538635254	82.0	1e-05
79	2	392	0.9457838535308838	84.0	1e-05
79	3	393	0.8005486130714417	80.0	1e-05
79	4	394	0.8553126454353333	88.0	1e-05
79	5	395	0.9155373573303223	87.5	1e-05
80	1	396	0.9077149033546448	80.0	1e-05
80	2	397	0.8469047546386719	88.0	1e-05
80	3	398	1.0015206336975098	68.0	1e-05
80	4	399	0.7882077693939209	88.0	1e-05
80	5	400	0.7782588005065918	77.5	1e-05
81	1	401	0.9141090512275696	78.0	1e-05
81	2	402	0.8399204015731812	82.0	1e-05
81	3	403	0.8441804647445679	88.0	1e-05
81	4	404	0.8151359558105469	86.0	1e-05
81	5	405	0.9157198071479797	82.5	1e-05
82	1	406	0.9133875370025635	74.0	1.0000000000000002e-06
82	2	407	0.8381887674331665	82.0	1.0000000000000002e-06
82	3	408	0.8328360915184021	88.0	1.0000000000000002e-06
82	4	409	0.8058240413665771	84.0	1.0000000000000002e-06
82	5	410	1.0489697456359863	75.0	1.0000000000000002e-06
83	1	411	0.8899034857749939	74.0	1.0000000000000002e-06
83	2	412	0.8338754773139954	80.0	1.0000000000000002e-06
83	3	413	0.8269281983375549	86.0	1.0000000000000002e-06
83	4	414	0.8315171599388123	84.0	1.0000000000000002e-06
83	5	415	0.9068169593811035	82.5	1.0000000000000002e-06
84	1	416	0.9142540097236633	90.0	1.0000000000000002e-06
84	2	417	0.8676390647888184	76.0	1.0000000000000002e-06
84	3	418	0.8682631850242615	74.0	1.0000000000000002e-06
84	4	419	0.8345721960067749	76.0	1.0000000000000002e-06
84	5	420	0.8093392252922058	87.5	1.0000000000000002e-06
85	1	421	0.912077784538269	76.0	1.0000000000000002e-06
85	2	422	0.8596712350845337	76.0	1.0000000000000002e-06
85	3	423	0.7598565816879272	84.0	1.0000000000000002e-06
85	4	424	0.8360692858695984	86.0	1.0000000000000002e-06
85	5	425	0.9473522901535034	75.0	1.0000000000000002e-06
86	1	426	0.7769225835800171	80.0	1.0000000000000002e-06
86	2	427	0.9242761135101318	82.0	1.0000000000000002e-06
86	3	428	0.8063997030258179	76.0	1.0000000000000002e-06
86	4	429	0.7740104794502258	86.0	1.0000000000000002e-06
86	5	430	1.020804524421692	67.5	1.0000000000000002e-06
87	1	431	0.7841274738311768	88.0	1.0000000000000002e-06
87	2	432	0.8774044513702393	84.0	1.0000000000000002e-06
87	3	433	0.8586900234222412	82.0	1.0000000000000002e-06
87	4	434	0.8272885084152222	82.0	1.0000000000000002e-06
87	5	435	0.9128290414810181	75.0	1.0000000000000002e-06
88	1	436	0.9000986218452454	88.0	1.0000000000000002e-06
88	2	437	0.8099432587623596	86.0	1.0000000000000002e-06
88	3	438	0.7783470153808594	92.0	1.0000000000000002e-06
88	4	439	0.8004635572433472	78.0	1.0000000000000002e-06
88	5	440	0.862331211566925	85.0	1.0000000000000002e-06
89	1	441	0.8688552975654602	82.0	1.0000000000000002e-06
89	2	442	0.7812520861625671	86.0	1.0000000000000002e-06
89	3	443	0.9168443083763123	84.0	1.0000000000000002e-06
89	4	444	0.8308982253074646	84.0	1.0000000000000002e-06
89	5	445	0.7950401902198792	90.0	1.0000000000000002e-06
90	1	446	0.7761396169662476	88.0	1.0000000000000002e-06
90	2	447	0.8077269196510315	82.0	1.0000000000000002e-06
90	3	448	0.8895949721336365	76.0	1.0000000000000002e-06
90	4	449	0.8258154988288879	86.0	1.0000000000000002e-06
90	5	450	0.8733209371566772	77.5	1.0000000000000002e-06
91	1	451	0.8786872625350952	90.0	1.0000000000000002e-06
91	2	452	0.7854807376861572	90.0	1.0000000000000002e-06
91	3	453	1.0401220321655273	74.0	1.0000000000000002e-06
91	4	454	0.6891838312149048	94.0	1.0000000000000002e-06
91	5	455	0.8507088422775269	80.0	1.0000000000000002e-06
92	1	456	0.7459703087806702	88.0	1.0000000000000002e-06
92	2	457	0.8450251817703247	78.0	1.0000000000000002e-06
92	3	458	0.7730156183242798	88.0	1.0000000000000002e-06
92	4	459	0.8853105902671814	86.0	1.0000000000000002e-06
92	5	460	0.875330924987793	77.5	1.0000000000000002e-06
93	1	461	0.8286151885986328	84.0	1.0000000000000002e-06
93	2	462	0.8008499145507812	94.0	1.0000000000000002e-06
93	3	463	0.762050986289978	84.0	1.0000000000000002e-06
93	4	464	0.9535906314849854	70.0	1.0000000000000002e-06
93	5	465	0.795634925365448	90.0	1.0000000000000002e-06
94	1	466	0.7973474860191345	82.0	1.0000000000000002e-06
94	2	467	0.6384807825088501	96.0	1.0000000000000002e-06
94	3	468	0.8383256793022156	84.0	1.0000000000000002e-06
94	4	469	0.8483729362487793	84.0	1.0000000000000002e-06
94	5	470	1.0075600147247314	70.0	1.0000000000000002e-06
95	1	471	0.8278616070747375	84.0	1.0000000000000002e-06
95	2	472	0.842599093914032	82.0	1.0000000000000002e-06
95	3	473	0.8822601437568665	86.0	1.0000000000000002e-06
95	4	474	0.7696025967597961	86.0	1.0000000000000002e-06
95	5	475	0.8006592988967896	87.5	1.0000000000000002e-06
96	1	476	0.7846900820732117	80.0	1.0000000000000002e-06
96	2	477	0.8861614465713501	88.0	1.0000000000000002e-06
96	3	478	0.8851391673088074	78.0	1.0000000000000002e-06
96	4	479	0.8079781532287598	88.0	1.0000000000000002e-06
96	5	480	0.7485485076904297	82.5	1.0000000000000002e-06
97	1	481	0.7118457555770874	94.0	1.0000000000000002e-06
97	2	482	0.7743006944656372	88.0	1.0000000000000002e-06
97	3	483	0.9726597666740417	84.0	1.0000000000000002e-06
97	4	484	0.8028066754341125	82.0	1.0000000000000002e-06
97	5	485	0.8903790712356567	80.0	1.0000000000000002e-06
98	1	486	0.8647438883781433	82.0	1.0000000000000002e-06
98	2	487	0.7941527366638184	88.0	1.0000000000000002e-06
98	3	488	0.7532825469970703	88.0	1.0000000000000002e-06
98	4	489	0.8132076263427734	86.0	1.0000000000000002e-06
98	5	490	0.7957817316055298	82.5	1.0000000000000002e-06
99	1	491	0.9102344512939453	84.0	1.0000000000000002e-06
99	2	492	0.7446321845054626	82.0	1.0000000000000002e-06
99	3	493	0.9030589461326599	80.0	1.0000000000000002e-06
99	4	494	0.7375004291534424	86.0	1.0000000000000002e-06
99	5	495	0.8114809989929199	92.5	1.0000000000000002e-06
100	1	496	0.8691654205322266	84.0	1.0000000000000002e-06
100	2	497	0.78557288646698	86.0	1.0000000000000002e-06
100	3	498	0.8054551482200623	80.0	1.0000000000000002e-06
100	4	499	0.9109339714050293	88.0	1.0000000000000002e-06
100	5	500	0.6939730048179626	97.5	1.0000000000000002e-06
101	1	501	0.7551313638687134	90.0	1.0000000000000002e-06
101	2	502	0.7654268145561218	88.0	1.0000000000000002e-06
101	3	503	0.9224715232849121	82.0	1.0000000000000002e-06
101	4	504	0.7149106860160828	84.0	1.0000000000000002e-06
101	5	505	0.8347268104553223	87.5	1.0000000000000002e-06
102	1	506	0.8149057030677795	86.0	1.0000000000000002e-06
102	2	507	0.8296914100646973	88.0	1.0000000000000002e-06
102	3	508	0.7534095644950867	82.0	1.0000000000000002e-06
102	4	509	0.8404099345207214	78.0	1.0000000000000002e-06
102	5	510	0.7546315789222717	82.5	1.0000000000000002e-06
103	1	511	0.8592938184738159	80.0	1.0000000000000002e-07
103	2	512	0.7155967950820923	86.0	1.0000000000000002e-07
103	3	513	0.9104702472686768	84.0	1.0000000000000002e-07
103	4	514	0.7588947415351868	90.0	1.0000000000000002e-07
103	5	515	0.865766704082489	80.0	1.0000000000000002e-07
104	1	516	0.9383690357208252	70.0	1.0000000000000002e-07
104	2	517	0.8411334156990051	76.0	1.0000000000000002e-07
104	3	518	0.7738990783691406	88.0	1.0000000000000002e-07
104	4	519	0.8125435709953308	92.0	1.0000000000000002e-07
104	5	520	0.8111100196838379	90.0	1.0000000000000002e-07
105	1	521	0.7808327674865723	80.0	1.0000000000000002e-07
105	2	522	0.6940250992774963	92.0	1.0000000000000002e-07
105	3	523	0.8977342247962952	80.0	1.0000000000000002e-07
105	4	524	0.8193069696426392	88.0	1.0000000000000002e-07
105	5	525	0.9047724604606628	82.5	1.0000000000000002e-07
106	1	526	0.8789045810699463	80.0	1.0000000000000002e-07
106	2	527	0.6960116624832153	92.0	1.0000000000000002e-07
106	3	528	0.7776291370391846	84.0	1.0000000000000002e-07
106	4	529	0.9343925714492798	82.0	1.0000000000000002e-07
106	5	530	0.9226868748664856	80.0	1.0000000000000002e-07
107	1	531	0.8193337917327881	94.0	1.0000000000000002e-07
107	2	532	0.9784712791442871	76.0	1.0000000000000002e-07
107	3	533	0.8590437173843384	80.0	1.0000000000000002e-07
107	4	534	0.7600424885749817	86.0	1.0000000000000002e-07
107	5	535	0.7881723642349243	82.5	1.0000000000000002e-07
108	1	536	0.9041405320167542	78.0	1.0000000000000002e-07
108	2	537	0.8790256381034851	84.0	1.0000000000000002e-07
108	3	538	0.8234564065933228	78.0	1.0000000000000002e-07
108	4	539	0.8543295860290527	78.0	1.0000000000000002e-07
108	5	540	0.8406366109848022	77.5	1.0000000000000002e-07
109	1	541	0.9116066694259644	70.0	1.0000000000000002e-07
109	2	542	0.8081617951393127	86.0	1.0000000000000002e-07
109	3	543	0.7764677405357361	86.0	1.0000000000000002e-07
109	4	544	0.7219346761703491	96.0	1.0000000000000002e-07
109	5	545	0.7721921801567078	77.5	1.0000000000000002e-07
110	1	546	0.7074195742607117	92.0	1.0000000000000002e-07
110	2	547	0.7582624554634094	88.0	1.0000000000000002e-07
110	3	548	0.8328936696052551	84.0	1.0000000000000002e-07
110	4	549	0.8265430927276611	90.0	1.0000000000000002e-07
110	5	550	0.7792609930038452	87.5	1.0000000000000002e-07
111	1	551	0.8465484380722046	80.0	1.0000000000000002e-07
111	2	552	0.7856099605560303	90.0	1.0000000000000002e-07
111	3	553	0.8496409058570862	78.0	1.0000000000000002e-07
111	4	554	0.6926449537277222	86.0	1.0000000000000002e-07
111	5	555	0.8311182856559753	87.5	1.0000000000000002e-07
112	1	556	0.8419855237007141	84.0	1.0000000000000002e-07
112	2	557	0.7204276919364929	94.0	1.0000000000000002e-07
112	3	558	0.8795717358589172	84.0	1.0000000000000002e-07
112	4	559	0.7235616445541382	94.0	1.0000000000000002e-07
112	5	560	0.7681829929351807	80.0	1.0000000000000002e-07
113	1	561	0.8880892992019653	78.0	1.0000000000000002e-07
113	2	562	0.7752707600593567	90.0	1.0000000000000002e-07
113	3	563	0.7395676970481873	88.0	1.0000000000000002e-07
113	4	564	0.8296007513999939	84.0	1.0000000000000002e-07
113	5	565	0.722373366355896	92.5	1.0000000000000002e-07
114	1	566	0.7437713146209717	90.0	1.0000000000000002e-07
114	2	567	0.8133857846260071	94.0	1.0000000000000002e-07
114	3	568	0.9426812529563904	74.0	1.0000000000000002e-07
114	4	569	0.8843353390693665	74.0	1.0000000000000002e-07
114	5	570	0.656700611114502	90.0	1.0000000000000002e-07
115	1	571	0.7262732982635498	92.0	1.0000000000000002e-07
115	2	572	0.818777859210968	80.0	1.0000000000000002e-07
115	3	573	0.756415605545044	92.0	1.0000000000000002e-07
115	4	574	0.8219980001449585	84.0	1.0000000000000002e-07
115	5	575	0.7555263042449951	82.5	1.0000000000000002e-07
116	1	576	0.7170041799545288	88.0	1.0000000000000002e-07
116	2	577	0.834571123123169	88.0	1.0000000000000002e-07
116	3	578	0.777756929397583	88.0	1.0000000000000002e-07
116	4	579	0.9114782810211182	86.0	1.0000000000000002e-07
116	5	580	0.823077380657196	77.5	1.0000000000000002e-07
117	1	581	0.7788611054420471	80.0	1.0000000000000002e-07
117	2	582	0.9315859079360962	86.0	1.0000000000000002e-07
117	3	583	0.6886962056159973	92.0	1.0000000000000002e-07
117	4	584	0.765444815158844	92.0	1.0000000000000002e-07
117	5	585	0.7594984769821167	85.0	1.0000000000000002e-07
118	1	586	0.8442789316177368	82.0	1.0000000000000002e-07
118	2	587	0.7755800485610962	82.0	1.0000000000000002e-07
118	3	588	0.8320841789245605	76.0	1.0000000000000002e-07
118	4	589	0.8340098857879639	82.0	1.0000000000000002e-07
118	5	590	0.7923631072044373	87.5	1.0000000000000002e-07
119	1	591	0.8777452111244202	82.0	1.0000000000000002e-07
119	2	592	0.77066969871521	84.0	1.0000000000000002e-07
119	3	593	0.8739290833473206	80.0	1.0000000000000002e-07
119	4	594	0.8628016114234924	80.0	1.0000000000000002e-07
119	5	595	0.7035387754440308	85.0	1.0000000000000002e-07
120	1	596	0.880583643913269	82.0	1.0000000000000002e-07
120	2	597	0.8932462334632874	84.0	1.0000000000000002e-07
120	3	598	0.8253591656684875	84.0	1.0000000000000002e-07
120	4	599	0.762585461139679	84.0	1.0000000000000002e-07
120	5	600	0.8955045938491821	75.0	1.0000000000000002e-07
121	1	601	0.8804264664649963	82.0	1.0000000000000002e-07
121	2	602	0.7825405597686768	82.0	1.0000000000000002e-07
121	3	603	0.7886621952056885	88.0	1.0000000000000002e-07
121	4	604	0.7702787518501282	84.0	1.0000000000000002e-07
121	5	605	0.8678932189941406	77.5	1.0000000000000002e-07
122	1	606	0.7784241437911987	88.0	1.0000000000000002e-07
122	2	607	0.7321914434432983	86.0	1.0000000000000002e-07
122	3	608	0.8579387068748474	84.0	1.0000000000000002e-07
122	4	609	0.7871084809303284	80.0	1.0000000000000002e-07
122	5	610	0.7548127174377441	85.0	1.0000000000000002e-07
123	1	611	0.7394763827323914	84.0	1.0000000000000002e-07
123	2	612	0.7963625192642212	84.0	1.0000000000000002e-07
123	3	613	0.8313664793968201	86.0	1.0000000000000002e-07
123	4	614	0.7896589636802673	84.0	1.0000000000000002e-07
123	5	615	0.7131330370903015	85.0	1.0000000000000002e-07
124	1	616	0.8974500298500061	82.0	1.0000000000000004e-08
124	2	617	0.7102740406990051	94.0	1.0000000000000004e-08
124	3	618	0.7206851243972778	90.0	1.0000000000000004e-08
124	4	619	0.7368218898773193	88.0	1.0000000000000004e-08
124	5	620	0.8650571703910828	87.5	1.0000000000000004e-08
125	1	621	0.8115103244781494	82.0	1.0000000000000004e-08
125	2	622	0.8367668390274048	80.0	1.0000000000000004e-08
125	3	623	0.7430588603019714	80.0	1.0000000000000004e-08
125	4	624	0.820496141910553	80.0	1.0000000000000004e-08
125	5	625	0.9565045237541199	72.5	1.0000000000000004e-08
126	1	626	0.8047586679458618	78.0	1.0000000000000004e-08
126	2	627	0.6819961667060852	94.0	1.0000000000000004e-08
126	3	628	0.7727532982826233	90.0	1.0000000000000004e-08
126	4	629	0.8762019872665405	68.0	1.0000000000000004e-08
126	5	630	0.9335538148880005	90.0	1.0000000000000004e-08
127	1	631	0.8205671906471252	82.0	1.0000000000000004e-08
127	2	632	0.7331192493438721	90.0	1.0000000000000004e-08
127	3	633	0.7850971817970276	88.0	1.0000000000000004e-08
127	4	634	0.7637729048728943	84.0	1.0000000000000004e-08
127	5	635	0.7701405882835388	80.0	1.0000000000000004e-08
128	1	636	0.7997915148735046	82.0	1.0000000000000004e-08
128	2	637	0.9835841655731201	86.0	1.0000000000000004e-08
128	3	638	0.6709622740745544	88.0	1.0000000000000004e-08
128	4	639	0.7463879585266113	86.0	1.0000000000000004e-08
128	5	640	0.7252196073532104	92.5	1.0000000000000004e-08
129	1	641	0.767056405544281	94.0	1.0000000000000004e-08
129	2	642	0.7749592065811157	84.0	1.0000000000000004e-08
129	3	643	0.7419012188911438	90.0	1.0000000000000004e-08
129	4	644	0.7918443083763123	80.0	1.0000000000000004e-08
129	5	645	0.936564564704895	82.5	1.0000000000000004e-08
130	1	646	0.8239530324935913	84.0	1.0000000000000004e-08
130	2	647	0.7987411022186279	82.0	1.0000000000000004e-08
130	3	648	0.8163806796073914	90.0	1.0000000000000004e-08
130	4	649	0.9471520185470581	82.0	1.0000000000000004e-08
130	5	650	0.7850741147994995	85.0	1.0000000000000004e-08
131	1	651	0.8226996064186096	88.0	1.0000000000000004e-08
131	2	652	0.7575895190238953	90.0	1.0000000000000004e-08
131	3	653	0.8373318314552307	80.0	1.0000000000000004e-08
131	4	654	0.7747259736061096	84.0	1.0000000000000004e-08
131	5	655	0.9153512716293335	70.0	1.0000000000000004e-08
132	1	656	0.6939949989318848	94.0	1.0000000000000004e-08
132	2	657	0.8145605325698853	78.0	1.0000000000000004e-08
132	3	658	0.9087461829185486	80.0	1.0000000000000004e-08
132	4	659	0.8630311489105225	82.0	1.0000000000000004e-08
132	5	660	0.7892759442329407	87.5	1.0000000000000004e-08
133	1	661	0.8096539974212646	88.0	1.0000000000000004e-08
133	2	662	1.0540564060211182	78.0	1.0000000000000004e-08
133	3	663	0.8055416941642761	86.0	1.0000000000000004e-08
133	4	664	0.7328553795814514	92.0	1.0000000000000004e-08
133	5	665	0.8369394540786743	82.5	1.0000000000000004e-08
134	1	666	0.7109600305557251	96.0	1.0000000000000004e-08
134	2	667	0.8362764716148376	88.0	1.0000000000000004e-08
134	3	668	0.9306715130805969	66.0	1.0000000000000004e-08
134	4	669	0.7490600347518921	84.0	1.0000000000000004e-08
134	5	670	0.7076717615127563	85.0	1.0000000000000004e-08
135	1	671	0.7723881006240845	86.0	1.0000000000000004e-08
135	2	672	0.8295013308525085	78.0	1.0000000000000004e-08
135	3	673	0.7748206257820129	86.0	1.0000000000000004e-08
135	4	674	0.8158520460128784	78.0	1.0000000000000004e-08
135	5	675	0.681832492351532	92.5	1.0000000000000004e-08
136	1	676	0.7920066714286804	86.0	1.0000000000000004e-08
136	2	677	0.898781955242157	84.0	1.0000000000000004e-08
136	3	678	0.8292648792266846	92.0	1.0000000000000004e-08
136	4	679	0.7375541925430298	88.0	1.0000000000000004e-08
136	5	680	0.8764878511428833	87.5	1.0000000000000004e-08
137	1	681	0.7831780314445496	82.0	1.0000000000000004e-08
137	2	682	0.8593785166740417	88.0	1.0000000000000004e-08
137	3	683	0.735921323299408	88.0	1.0000000000000004e-08
137	4	684	0.8196979761123657	84.0	1.0000000000000004e-08
137	5	685	0.9051130414009094	85.0	1.0000000000000004e-08
138	1	686	0.8181725144386292	84.0	1.0000000000000004e-08
138	2	687	0.7653162479400635	88.0	1.0000000000000004e-08
138	3	688	0.8032509088516235	82.0	1.0000000000000004e-08
138	4	689	0.8062484860420227	84.0	1.0000000000000004e-08
138	5	690	0.7730095982551575	85.0	1.0000000000000004e-08
139	1	691	0.8248694539070129	84.0	1.0000000000000004e-08
139	2	692	0.8895270824432373	86.0	1.0000000000000004e-08
139	3	693	0.7743968367576599	88.0	1.0000000000000004e-08
139	4	694	0.7651734948158264	90.0	1.0000000000000004e-08
139	5	695	0.7855959534645081	87.5	1.0000000000000004e-08
140	1	696	0.9426348209381104	82.0	1.0000000000000004e-08
140	2	697	0.837832510471344	88.0	1.0000000000000004e-08
140	3	698	0.772721529006958	86.0	1.0000000000000004e-08
140	4	699	0.8435208797454834	80.0	1.0000000000000004e-08
140	5	700	0.6901693344116211	85.0	1.0000000000000004e-08
141	1	701	0.7834781408309937	84.0	1.0000000000000004e-08
141	2	702	0.8099603056907654	82.0	1.0000000000000004e-08
141	3	703	0.8056406378746033	82.0	1.0000000000000004e-08
141	4	704	0.9701072573661804	66.0	1.0000000000000004e-08
141	5	705	0.7612404823303223	90.0	1.0000000000000004e-08
142	1	706	0.8543197512626648	88.0	1.0000000000000004e-08
142	2	707	0.7647373676300049	92.0	1.0000000000000004e-08
142	3	708	0.7974245548248291	82.0	1.0000000000000004e-08
142	4	709	0.8433597087860107	76.0	1.0000000000000004e-08
142	5	710	0.671380341053009	95.0	1.0000000000000004e-08
143	1	711	0.8233632445335388	76.0	1.0000000000000004e-08
143	2	712	0.8281040787696838	86.0	1.0000000000000004e-08
143	3	713	0.7627765536308289	82.0	1.0000000000000004e-08
143	4	714	0.7934486269950867	90.0	1.0000000000000004e-08
143	5	715	0.6993483304977417	85.0	1.0000000000000004e-08
144	1	716	0.6767857074737549	92.0	1.0000000000000004e-08
144	2	717	0.7368417382240295	88.0	1.0000000000000004e-08
144	3	718	0.8301944136619568	80.0	1.0000000000000004e-08
144	4	719	0.8720024228096008	88.0	1.0000000000000004e-08
144	5	720	0.8050292134284973	80.0	1.0000000000000004e-08
145	1	721	0.8630611896514893	80.0	1.0000000000000004e-08
145	2	722	0.7785546779632568	80.0	1.0000000000000004e-08
145	3	723	0.8631381392478943	78.0	1.0000000000000004e-08
145	4	724	0.8930892944335938	80.0	1.0000000000000004e-08
145	5	725	0.9175249338150024	75.0	1.0000000000000004e-08
146	1	726	0.8856542110443115	80.0	1.0000000000000004e-08
146	2	727	0.7767835855484009	88.0	1.0000000000000004e-08
146	3	728	0.6447916626930237	92.0	1.0000000000000004e-08
146	4	729	0.9017838835716248	74.0	1.0000000000000004e-08
146	5	730	0.7901949286460876	92.5	1.0000000000000004e-08
147	1	731	0.8349536657333374	84.0	1.0000000000000004e-08
147	2	732	0.7276269793510437	90.0	1.0000000000000004e-08
147	3	733	0.8728333115577698	82.0	1.0000000000000004e-08
147	4	734	0.7370238304138184	88.0	1.0000000000000004e-08
147	5	735	0.7678568959236145	85.0	1.0000000000000004e-08
148	1	736	0.7617170810699463	88.0	1.0000000000000004e-08
148	2	737	0.8419399857521057	82.0	1.0000000000000004e-08
148	3	738	0.8169547319412231	86.0	1.0000000000000004e-08
148	4	739	0.7857385277748108	88.0	1.0000000000000004e-08
148	5	740	0.8205747604370117	90.0	1.0000000000000004e-08
149	1	741	0.7558116912841797	86.0	1.0000000000000004e-08
149	2	742	0.6728960275650024	88.0	1.0000000000000004e-08
149	3	743	0.7093585729598999	90.0	1.0000000000000004e-08
149	4	744	1.04169499874115	70.0	1.0000000000000004e-08
149	5	745	0.8457362055778503	77.5	1.0000000000000004e-08
150	1	746	0.8265893459320068	78.0	1.0000000000000004e-08
150	2	747	0.8185063004493713	86.0	1.0000000000000004e-08
150	3	748	0.6946210265159607	90.0	1.0000000000000004e-08
150	4	749	0.7758455872535706	86.0	1.0000000000000004e-08
150	5	750	0.870478630065918	82.5	1.0000000000000004e-08
151	1	751	0.7415744662284851	86.0	1.0000000000000004e-08
151	2	752	0.8254618644714355	80.0	1.0000000000000004e-08
151	3	753	0.8430290818214417	82.0	1.0000000000000004e-08
151	4	754	0.7131651043891907	92.0	1.0000000000000004e-08
151	5	755	0.7531147003173828	82.5	1.0000000000000004e-08
152	1	756	0.9559730291366577	82.0	1.0000000000000004e-08
152	2	757	0.6905567646026611	90.0	1.0000000000000004e-08
152	3	758	0.8022472262382507	88.0	1.0000000000000004e-08
152	4	759	0.7374194860458374	90.0	1.0000000000000004e-08
152	5	760	0.7267107367515564	85.0	1.0000000000000004e-08
153	1	761	0.7411796450614929	86.0	1.0000000000000004e-08
153	2	762	0.8796120285987854	70.0	1.0000000000000004e-08
153	3	763	0.857624888420105	84.0	1.0000000000000004e-08
153	4	764	0.8723046779632568	82.0	1.0000000000000004e-08
153	5	765	0.7297223210334778	85.0	1.0000000000000004e-08
154	1	766	0.7645532488822937	88.0	1.0000000000000004e-08
154	2	767	0.7612330913543701	84.0	1.0000000000000004e-08
154	3	768	0.8362050652503967	80.0	1.0000000000000004e-08
154	4	769	0.891892671585083	84.0	1.0000000000000004e-08
154	5	770	0.9045785665512085	77.5	1.0000000000000004e-08
155	1	771	0.8296186923980713	86.0	1.0000000000000004e-08
155	2	772	0.7835949063301086	78.0	1.0000000000000004e-08
155	3	773	0.8140257000923157	88.0	1.0000000000000004e-08
155	4	774	0.8017022609710693	82.0	1.0000000000000004e-08
155	5	775	0.8008216023445129	82.5	1.0000000000000004e-08
156	1	776	0.7136562466621399	96.0	1.0000000000000004e-08
156	2	777	0.8596652150154114	76.0	1.0000000000000004e-08
156	3	778	0.9005739688873291	80.0	1.0000000000000004e-08
156	4	779	0.757866621017456	84.0	1.0000000000000004e-08
156	5	780	0.8281761407852173	82.5	1.0000000000000004e-08
157	1	781	0.7509437799453735	86.0	1.0000000000000004e-08
157	2	782	0.9847016334533691	76.0	1.0000000000000004e-08
157	3	783	0.8360021710395813	86.0	1.0000000000000004e-08
157	4	784	0.7229012250900269	86.0	1.0000000000000004e-08
157	5	785	0.7830313444137573	77.5	1.0000000000000004e-08
158	1	786	0.8081154823303223	80.0	1.0000000000000004e-08
158	2	787	0.8653687238693237	86.0	1.0000000000000004e-08
158	3	788	0.8471064567565918	84.0	1.0000000000000004e-08
158	4	789	0.9477524757385254	76.0	1.0000000000000004e-08
158	5	790	0.7301896810531616	82.5	1.0000000000000004e-08
159	1	791	0.8200119733810425	84.0	1.0000000000000004e-08
159	2	792	0.822956919670105	74.0	1.0000000000000004e-08
159	3	793	0.7114344835281372	92.0	1.0000000000000004e-08
159	4	794	0.9184422492980957	82.0	1.0000000000000004e-08
159	5	795	0.9229797124862671	80.0	1.0000000000000004e-08
160	1	796	0.832319438457489	82.0	1.0000000000000004e-08
160	2	797	0.7573722004890442	84.0	1.0000000000000004e-08
160	3	798	0.7521722316741943	82.0	1.0000000000000004e-08
160	4	799	0.6974394917488098	94.0	1.0000000000000004e-08
160	5	800	0.9352361559867859	80.0	1.0000000000000004e-08
161	1	801	0.9188095927238464	80.0	1.0000000000000004e-08
161	2	802	0.7746385931968689	80.0	1.0000000000000004e-08
161	3	803	0.7998761534690857	84.0	1.0000000000000004e-08
161	4	804	0.7558746933937073	82.0	1.0000000000000004e-08
161	5	805	0.8229881525039673	87.5	1.0000000000000004e-08
162	1	806	0.7585166692733765	84.0	1.0000000000000004e-08
162	2	807	0.750316321849823	90.0	1.0000000000000004e-08
162	3	808	0.8615785837173462	84.0	1.0000000000000004e-08
162	4	809	0.7553356885910034	84.0	1.0000000000000004e-08
162	5	810	0.8565486669540405	82.5	1.0000000000000004e-08
163	1	811	0.7779271602630615	88.0	1.0000000000000004e-08
163	2	812	0.7776524424552917	86.0	1.0000000000000004e-08
163	3	813	0.8324408531188965	86.0	1.0000000000000004e-08
163	4	814	0.6911153197288513	90.0	1.0000000000000004e-08
163	5	815	0.7578434348106384	85.0	1.0000000000000004e-08
164	1	816	0.8198444843292236	82.0	1.0000000000000004e-08
164	2	817	0.8853941559791565	84.0	1.0000000000000004e-08
164	3	818	0.8902783989906311	76.0	1.0000000000000004e-08
164	4	819	0.7183762192726135	88.0	1.0000000000000004e-08
164	5	820	0.7637117505073547	90.0	1.0000000000000004e-08
165	1	821	0.8147937059402466	84.0	1.0000000000000004e-08
165	2	822	0.840668797492981	80.0	1.0000000000000004e-08
165	3	823	0.7495874166488647	82.0	1.0000000000000004e-08
165	4	824	1.0532035827636719	72.0	1.0000000000000004e-08
165	5	825	0.7472820281982422	77.5	1.0000000000000004e-08
166	1	826	0.8047670722007751	84.0	1.0000000000000004e-08
166	2	827	0.7945771813392639	76.0	1.0000000000000004e-08
166	3	828	0.9158750176429749	76.0	1.0000000000000004e-08
166	4	829	0.8454214334487915	84.0	1.0000000000000004e-08
166	5	830	0.7640025019645691	85.0	1.0000000000000004e-08
167	1	831	0.9088142514228821	76.0	1.0000000000000004e-08
167	2	832	0.7461294531822205	92.0	1.0000000000000004e-08
167	3	833	0.7790281176567078	80.0	1.0000000000000004e-08
167	4	834	0.8793665170669556	78.0	1.0000000000000004e-08
167	5	835	0.7145135402679443	90.0	1.0000000000000004e-08
168	1	836	0.9150420427322388	78.0	1.0000000000000004e-08
168	2	837	0.7515416741371155	80.0	1.0000000000000004e-08
168	3	838	0.8453966379165649	86.0	1.0000000000000004e-08
168	4	839	0.7658427953720093	84.0	1.0000000000000004e-08
168	5	840	0.8348332643508911	92.5	1.0000000000000004e-08
169	1	841	0.7119413018226624	94.0	1.0000000000000004e-08
169	2	842	0.7130661606788635	80.0	1.0000000000000004e-08
169	3	843	0.8449315428733826	80.0	1.0000000000000004e-08
169	4	844	0.9146631360054016	82.0	1.0000000000000004e-08
169	5	845	0.9001916646957397	80.0	1.0000000000000004e-08
170	1	846	0.7203601002693176	86.0	1.0000000000000004e-08
170	2	847	0.9270082712173462	74.0	1.0000000000000004e-08
170	3	848	0.8676344156265259	84.0	1.0000000000000004e-08
170	4	849	0.6809810400009155	94.0	1.0000000000000004e-08
170	5	850	0.9378692507743835	72.5	1.0000000000000004e-08
171	1	851	0.7456743121147156	86.0	1.0000000000000004e-08
171	2	852	0.8819642066955566	80.0	1.0000000000000004e-08
171	3	853	0.7470014691352844	90.0	1.0000000000000004e-08
171	4	854	0.7486898303031921	90.0	1.0000000000000004e-08
171	5	855	0.8534892201423645	90.0	1.0000000000000004e-08
172	1	856	0.782204806804657	84.0	1.0000000000000004e-08
172	2	857	0.8504794239997864	82.0	1.0000000000000004e-08
172	3	858	0.7331573963165283	86.0	1.0000000000000004e-08
172	4	859	0.7496317028999329	86.0	1.0000000000000004e-08
172	5	860	0.7428022623062134	95.0	1.0000000000000004e-08
173	1	861	0.7572183012962341	88.0	1.0000000000000004e-08
173	2	862	0.7533462643623352	88.0	1.0000000000000004e-08
173	3	863	0.816335141658783	80.0	1.0000000000000004e-08
173	4	864	0.8503669500350952	76.0	1.0000000000000004e-08
173	5	865	0.893939197063446	87.5	1.0000000000000004e-08
174	1	866	0.7428320050239563	86.0	1.0000000000000004e-08
174	2	867	0.8782812356948853	82.0	1.0000000000000004e-08
174	3	868	0.7358226776123047	86.0	1.0000000000000004e-08
174	4	869	0.9047991037368774	88.0	1.0000000000000004e-08
174	5	870	0.713067889213562	80.0	1.0000000000000004e-08
175	1	871	0.7942229509353638	84.0	1.0000000000000004e-08
175	2	872	0.7901204824447632	86.0	1.0000000000000004e-08
175	3	873	0.765381395816803	88.0	1.0000000000000004e-08
175	4	874	0.8189986348152161	82.0	1.0000000000000004e-08
175	5	875	0.842625617980957	77.5	1.0000000000000004e-08
176	1	876	0.7910595536231995	88.0	1.0000000000000004e-08
176	2	877	0.7810259461402893	88.0	1.0000000000000004e-08
176	3	878	0.7547674775123596	86.0	1.0000000000000004e-08
176	4	879	0.739124596118927	88.0	1.0000000000000004e-08
176	5	880	0.9769698977470398	70.0	1.0000000000000004e-08
177	1	881	0.8101832866668701	84.0	1.0000000000000004e-08
177	2	882	0.7608737945556641	90.0	1.0000000000000004e-08
177	3	883	0.6735092401504517	92.0	1.0000000000000004e-08
177	4	884	0.8930986523628235	86.0	1.0000000000000004e-08
177	5	885	0.9035022854804993	82.5	1.0000000000000004e-08
178	1	886	0.6765593886375427	88.0	1.0000000000000004e-08
178	2	887	0.7490049600601196	86.0	1.0000000000000004e-08
178	3	888	0.9204640984535217	76.0	1.0000000000000004e-08
178	4	889	0.805186927318573	86.0	1.0000000000000004e-08
178	5	890	0.8730679750442505	80.0	1.0000000000000004e-08
179	1	891	0.763997495174408	84.0	1.0000000000000004e-08
179	2	892	0.7243273854255676	92.0	1.0000000000000004e-08
179	3	893	0.7183822393417358	86.0	1.0000000000000004e-08
179	4	894	0.9169824719429016	72.0	1.0000000000000004e-08
179	5	895	0.7362719774246216	90.0	1.0000000000000004e-08
180	1	896	0.7840428948402405	84.0	1.0000000000000004e-08
180	2	897	0.8816797733306885	76.0	1.0000000000000004e-08
180	3	898	0.826261043548584	82.0	1.0000000000000004e-08
180	4	899	0.7608906030654907	86.0	1.0000000000000004e-08
180	5	900	0.6671072244644165	92.5	1.0000000000000004e-08
181	1	901	0.7874007225036621	84.0	1.0000000000000004e-08
181	2	902	0.8021218776702881	88.0	1.0000000000000004e-08
181	3	903	0.9516708254814148	76.0	1.0000000000000004e-08
181	4	904	0.8749544024467468	90.0	1.0000000000000004e-08
181	5	905	0.8813427686691284	70.0	1.0000000000000004e-08
182	1	906	0.845837414264679	82.0	1.0000000000000004e-08
182	2	907	0.9342057704925537	74.0	1.0000000000000004e-08
182	3	908	0.7753596305847168	84.0	1.0000000000000004e-08
182	4	909	0.8998664021492004	84.0	1.0000000000000004e-08
182	5	910	0.8053538203239441	77.5	1.0000000000000004e-08
183	1	911	0.8623226284980774	72.0	1.0000000000000004e-08
183	2	912	0.6869356036186218	90.0	1.0000000000000004e-08
183	3	913	0.8432065844535828	90.0	1.0000000000000004e-08
183	4	914	0.7732677459716797	76.0	1.0000000000000004e-08
183	5	915	0.6923694014549255	92.5	1.0000000000000004e-08
184	1	916	0.7725059390068054	90.0	1.0000000000000004e-08
184	2	917	0.915242612361908	78.0	1.0000000000000004e-08
184	3	918	0.7824647426605225	88.0	1.0000000000000004e-08
184	4	919	0.7954362630844116	90.0	1.0000000000000004e-08
184	5	920	0.7308920621871948	85.0	1.0000000000000004e-08
185	1	921	0.8631818294525146	78.0	1.0000000000000004e-08
185	2	922	0.806831955909729	86.0	1.0000000000000004e-08
185	3	923	0.8958281874656677	80.0	1.0000000000000004e-08
185	4	924	0.8390271067619324	86.0	1.0000000000000004e-08
185	5	925	0.6974910497665405	92.5	1.0000000000000004e-08
186	1	926	0.7996992468833923	84.0	1.0000000000000004e-08
186	2	927	0.7469594478607178	92.0	1.0000000000000004e-08
186	3	928	0.7369405627250671	84.0	1.0000000000000004e-08
186	4	929	0.9105197787284851	76.0	1.0000000000000004e-08
186	5	930	0.8682486414909363	77.5	1.0000000000000004e-08
187	1	931	0.7512718439102173	90.0	1.0000000000000004e-08
187	2	932	0.8478907942771912	82.0	1.0000000000000004e-08
187	3	933	0.8994717597961426	78.0	1.0000000000000004e-08
187	4	934	0.6931105852127075	88.0	1.0000000000000004e-08
187	5	935	0.8486727476119995	82.5	1.0000000000000004e-08
188	1	936	0.9420993328094482	72.0	1.0000000000000004e-08
188	2	937	0.794107973575592	84.0	1.0000000000000004e-08
188	3	938	0.8018487691879272	86.0	1.0000000000000004e-08
188	4	939	0.78314208984375	88.0	1.0000000000000004e-08
188	5	940	0.7378108501434326	92.5	1.0000000000000004e-08
189	1	941	0.8449681997299194	86.0	1.0000000000000004e-08
189	2	942	0.7466580867767334	90.0	1.0000000000000004e-08
189	3	943	0.805331289768219	88.0	1.0000000000000004e-08
189	4	944	0.9322879314422607	74.0	1.0000000000000004e-08
189	5	945	0.9549051523208618	72.5	1.0000000000000004e-08
190	1	946	0.7750173807144165	88.0	1.0000000000000004e-08
190	2	947	0.8262228965759277	86.0	1.0000000000000004e-08
190	3	948	0.8756645321846008	82.0	1.0000000000000004e-08
190	4	949	0.8542485237121582	86.0	1.0000000000000004e-08
190	5	950	0.7222553491592407	95.0	1.0000000000000004e-08
191	1	951	0.8754773736000061	80.0	1.0000000000000004e-08
191	2	952	0.9712309837341309	74.0	1.0000000000000004e-08
191	3	953	0.7757899761199951	84.0	1.0000000000000004e-08
191	4	954	0.7079604268074036	86.0	1.0000000000000004e-08
191	5	955	0.8609433174133301	80.0	1.0000000000000004e-08
192	1	956	0.814777672290802	82.0	1.0000000000000004e-08
192	2	957	0.8520416021347046	80.0	1.0000000000000004e-08
192	3	958	0.7820184826850891	80.0	1.0000000000000004e-08
192	4	959	0.8249377608299255	84.0	1.0000000000000004e-08
192	5	960	0.9227313995361328	77.5	1.0000000000000004e-08
193	1	961	0.7544335722923279	80.0	1.0000000000000004e-08
193	2	962	0.765714704990387	92.0	1.0000000000000004e-08
193	3	963	0.8775256276130676	84.0	1.0000000000000004e-08
193	4	964	0.8655698299407959	90.0	1.0000000000000004e-08
193	5	965	0.8432099223136902	80.0	1.0000000000000004e-08
194	1	966	0.8221794962882996	80.0	1.0000000000000004e-08
194	2	967	0.7702691555023193	90.0	1.0000000000000004e-08
194	3	968	0.7502380609512329	84.0	1.0000000000000004e-08
194	4	969	0.7611340880393982	88.0	1.0000000000000004e-08
194	5	970	0.9647219777107239	85.0	1.0000000000000004e-08
195	1	971	0.9171584248542786	74.0	1.0000000000000004e-08
195	2	972	0.715482234954834	90.0	1.0000000000000004e-08
195	3	973	0.778717577457428	78.0	1.0000000000000004e-08
195	4	974	0.7574170827865601	92.0	1.0000000000000004e-08
195	5	975	0.6929812431335449	95.0	1.0000000000000004e-08
196	1	976	0.8978388905525208	80.0	1.0000000000000004e-08
196	2	977	0.7463746070861816	88.0	1.0000000000000004e-08
196	3	978	0.7501281499862671	86.0	1.0000000000000004e-08
196	4	979	0.8718730211257935	80.0	1.0000000000000004e-08
196	5	980	0.6905089616775513	90.0	1.0000000000000004e-08
197	1	981	0.7347847819328308	86.0	1.0000000000000004e-08
197	2	982	0.7360994219779968	88.0	1.0000000000000004e-08
197	3	983	0.75788414478302	88.0	1.0000000000000004e-08
197	4	984	1.0002931356430054	70.0	1.0000000000000004e-08
197	5	985	0.8942760229110718	80.0	1.0000000000000004e-08
198	1	986	0.7527233362197876	92.0	1.0000000000000004e-08
198	2	987	0.9150549173355103	74.0	1.0000000000000004e-08
198	3	988	0.7260982394218445	88.0	1.0000000000000004e-08
198	4	989	0.8396317958831787	78.0	1.0000000000000004e-08
198	5	990	0.6918908357620239	85.0	1.0000000000000004e-08
199	1	991	0.9160311818122864	80.0	1.0000000000000004e-08
199	2	992	0.7799686193466187	90.0	1.0000000000000004e-08
199	3	993	0.779574453830719	84.0	1.0000000000000004e-08
199	4	994	0.7634693384170532	80.0	1.0000000000000004e-08
199	5	995	0.8756435513496399	87.5	1.0000000000000004e-08
200	1	996	0.7462575435638428	86.0	1.0000000000000004e-08
200	2	997	0.9022639393806458	80.0	1.0000000000000004e-08
200	3	998	0.8075814843177795	86.0	1.0000000000000004e-08
200	4	999	0.9179569482803345	80.0	1.0000000000000004e-08
200	5	1000	0.8123283386230469	85.0	1.0000000000000004e-08
201	1	1001	0.795386552810669	86.0	1.0000000000000004e-08
201	2	1002	0.8240243792533875	80.0	1.0000000000000004e-08
201	3	1003	0.7962152361869812	82.0	1.0000000000000004e-08
201	4	1004	0.7113993763923645	84.0	1.0000000000000004e-08
201	5	1005	0.834979236125946	82.5	1.0000000000000004e-08
202	1	1006	0.7931366562843323	90.0	1.0000000000000004e-08
202	2	1007	0.7537872791290283	82.0	1.0000000000000004e-08
202	3	1008	0.8238012790679932	84.0	1.0000000000000004e-08
202	4	1009	0.937172532081604	84.0	1.0000000000000004e-08
202	5	1010	0.6922302842140198	95.0	1.0000000000000004e-08
203	1	1011	0.7917649745941162	86.0	1.0000000000000004e-08
203	2	1012	0.7766255736351013	90.0	1.0000000000000004e-08
203	3	1013	0.8788492679595947	76.0	1.0000000000000004e-08
203	4	1014	0.7440781593322754	90.0	1.0000000000000004e-08
203	5	1015	0.9151214361190796	82.5	1.0000000000000004e-08
204	1	1016	0.7672969102859497	84.0	1.0000000000000004e-08
204	2	1017	0.9606017470359802	80.0	1.0000000000000004e-08
204	3	1018	0.7953227162361145	86.0	1.0000000000000004e-08
204	4	1019	0.784217357635498	86.0	1.0000000000000004e-08
204	5	1020	0.8234143257141113	80.0	1.0000000000000004e-08
205	1	1021	0.8591392040252686	78.0	1.0000000000000004e-08
