epoch	batch	iter	loss	acc	lr
1	1	1	2.9140465259552	12.5	1e-05
1	2	2	2.8820528984069824	5.0	1e-05
1	3	3	2.751265287399292	5.0	1e-05
1	4	4	2.805530309677124	12.5	1e-05
1	5	5	3.1004672050476074	5.0	1e-05
1	6	6	2.9276816844940186	5.0	1e-05
2	1	7	2.6359293460845947	7.5	1e-05
2	2	8	3.092560291290283	2.5	1e-05
2	3	9	2.7624733448028564	10.0	1e-05
2	4	10	2.618957042694092	15.0	1e-05
2	5	11	2.8486111164093018	7.5	1e-05
2	6	12	3.1159615516662598	15.0	1e-05
3	1	13	3.0921778678894043	5.0	1e-05
3	2	14	2.863246202468872	10.0	1e-05
3	3	15	2.8983187675476074	5.0	1e-05
3	4	16	2.4471616744995117	20.0	1e-05
3	5	17	2.8825008869171143	5.0	1e-05
3	6	18	3.0112853050231934	2.5	1e-05
4	1	19	2.7555487155914307	15.0	1e-05
4	2	20	2.8513522148132324	5.0	1e-05
4	3	21	2.6360673904418945	15.0	1e-05
4	4	22	2.7913920879364014	7.5	1e-05
4	5	23	2.5200679302215576	10.0	1e-05
4	6	24	2.924923896789551	2.5	1e-05
5	1	25	2.809525728225708	12.5	1e-05
5	2	26	2.6650583744049072	5.0	1e-05
5	3	27	3.2474091053009033	7.5	1e-05
5	4	28	3.312145233154297	20.0	1e-05
5	5	29	3.0447146892547607	10.0	1e-05
5	6	30	2.8192739486694336	5.0	1e-05
6	1	31	2.879592180252075	10.0	1e-05
6	2	32	3.0651161670684814	10.0	1e-05
6	3	33	2.546485662460327	15.0	1e-05
6	4	34	3.049453020095825	15.0	1e-05
6	5	35	2.866163492202759	5.0	1e-05
6	6	36	2.7412726879119873	5.0	1e-05
7	1	37	2.6310267448425293	15.0	1e-05
7	2	38	2.909971237182617	12.5	1e-05
7	3	39	2.582728147506714	12.5	1e-05
7	4	40	2.9303417205810547	15.0	1e-05
7	5	41	2.728395462036133	7.5	1e-05
7	6	42	2.5539233684539795	5.0	1e-05
8	1	43	2.861332416534424	10.0	1e-05
8	2	44	2.8401103019714355	15.0	1e-05
8	3	45	2.8854830265045166	10.0	1e-05
8	4	46	2.597898006439209	5.0	1e-05
8	5	47	2.7732176780700684	12.5	1e-05
8	6	48	2.706225872039795	10.0	1e-05
9	1	49	2.6181344985961914	12.5	1e-05
9	2	50	2.814439058303833	2.5	1e-05
9	3	51	2.456200361251831	15.0	1e-05
9	4	52	2.5347952842712402	17.5	1e-05
9	5	53	2.9285333156585693	2.5	1e-05
9	6	54	2.6044862270355225	12.5	1e-05
10	1	55	2.9420278072357178	5.0	1e-05
10	2	56	2.7242627143859863	7.5	1e-05
10	3	57	2.7121870517730713	5.0	1e-05
10	4	58	2.6972787380218506	10.0	1e-05
10	5	59	2.753127098083496	12.5	1e-05
10	6	60	2.6796553134918213	7.5	1e-05
11	1	61	2.601227283477783	7.5	1e-05
11	2	62	2.6463465690612793	17.5	1e-05
11	3	63	2.8584983348846436	5.0	1e-05
11	4	64	2.544818639755249	10.0	1e-05
11	5	65	2.4841575622558594	22.5	1e-05
11	6	66	2.511932849884033	7.5	1e-05
12	1	67	2.5691592693328857	7.5	1e-05
12	2	68	2.5412731170654297	10.0	1e-05
12	3	69	2.8620200157165527	10.0	1e-05
12	4	70	2.697303295135498	10.0	1e-05
12	5	71	2.8187708854675293	15.0	1e-05
12	6	72	3.0547547340393066	7.5	1e-05
13	1	73	2.5791213512420654	7.5	1e-05
13	2	74	2.6803882122039795	15.0	1e-05
13	3	75	2.5906436443328857	20.0	1e-05
13	4	76	2.518707513809204	15.0	1e-05
13	5	77	2.704066276550293	7.5	1e-05
13	6	78	2.5770070552825928	20.0	1e-05
14	1	79	3.056523561477661	7.5	1e-05
14	2	80	2.7207396030426025	15.0	1e-05
14	3	81	2.916368007659912	5.0	1e-05
14	4	82	2.4548017978668213	20.0	1e-05
14	5	83	2.628495216369629	15.0	1e-05
14	6	84	2.4726688861846924	12.5	1e-05
15	1	85	2.982316493988037	7.5	1e-05
15	2	86	2.656315803527832	17.5	1e-05
15	3	87	2.450310468673706	17.5	1e-05
15	4	88	2.5608646869659424	12.5	1e-05
15	5	89	2.793168544769287	2.5	1e-05
15	6	90	2.443418025970459	15.0	1e-05
16	1	91	3.186807870864868	12.5	1e-05
16	2	92	2.592787742614746	12.5	1e-05
16	3	93	3.1148266792297363	7.5	1e-05
16	4	94	2.849414110183716	12.5	1e-05
16	5	95	2.612853765487671	20.0	1e-05
16	6	96	2.4235706329345703	12.5	1e-05
17	1	97	2.8462069034576416	7.5	1e-05
17	2	98	2.4640307426452637	27.5	1e-05
17	3	99	2.714844226837158	20.0	1e-05
17	4	100	2.269829750061035	22.5	1e-05
17	5	101	2.936239242553711	10.0	1e-05
17	6	102	2.5263962745666504	7.5	1e-05
18	1	103	2.6598660945892334	5.0	1e-05
18	2	104	2.421329975128174	10.0	1e-05
18	3	105	2.3910415172576904	17.5	1e-05
18	4	106	2.395339012145996	15.0	1e-05
18	5	107	3.0189502239227295	2.5	1e-05
18	6	108	2.5171780586242676	15.0	1e-05
19	1	109	2.5113446712493896	12.5	1e-05
19	2	110	2.7585506439208984	10.0	1e-05
19	3	111	2.391904354095459	15.0	1e-05
19	4	112	2.454456090927124	7.5	1e-05
19	5	113	2.582989454269409	20.0	1e-05
19	6	114	2.719026565551758	12.5	1e-05
20	1	115	2.39953875541687	15.0	1e-05
20	2	116	2.4099528789520264	20.0	1e-05
20	3	117	2.61118483543396	12.5	1e-05
20	4	118	2.1813321113586426	32.5	1e-05
20	5	119	2.6953370571136475	10.0	1e-05
20	6	120	2.72182035446167	15.0	1e-05
21	1	121	2.995821237564087	10.0	1e-05
21	2	122	2.402702808380127	20.0	1e-05
21	3	123	2.2630958557128906	20.0	1e-05
21	4	124	2.519754648208618	7.5	1e-05
21	5	125	2.559272289276123	15.0	1e-05
21	6	126	2.519845962524414	15.0	1e-05
22	1	127	2.3113853931427	15.0	1e-05
22	2	128	2.5633091926574707	17.5	1e-05
22	3	129	2.407130718231201	12.5	1e-05
22	4	130	2.688295364379883	10.0	1e-05
22	5	131	2.426666498184204	22.5	1e-05
22	6	132	2.5204079151153564	20.0	1e-05
23	1	133	2.5931060314178467	7.5	1.0000000000000002e-06
23	2	134	2.5042288303375244	17.5	1.0000000000000002e-06
23	3	135	2.426718235015869	17.5	1.0000000000000002e-06
23	4	136	2.666987657546997	5.0	1.0000000000000002e-06
23	5	137	2.501450538635254	15.0	1.0000000000000002e-06
23	6	138	2.2804341316223145	15.0	1.0000000000000002e-06
24	1	139	3.4331278800964355	10.0	1.0000000000000002e-06
24	2	140	2.208587408065796	30.0	1.0000000000000002e-06
24	3	141	2.358560085296631	15.0	1.0000000000000002e-06
24	4	142	2.331895112991333	20.0	1.0000000000000002e-06
24	5	143	2.5683484077453613	15.0	1.0000000000000002e-06
24	6	144	2.60325288772583	15.0	1.0000000000000002e-06
25	1	145	2.6979212760925293	5.0	1.0000000000000002e-06
25	2	146	2.4619874954223633	20.0	1.0000000000000002e-06
25	3	147	2.5564472675323486	12.5	1.0000000000000002e-06
25	4	148	2.3626556396484375	17.5	1.0000000000000002e-06
25	5	149	2.233442783355713	15.0	1.0000000000000002e-06
25	6	150	2.137377977371216	25.0	1.0000000000000002e-06
26	1	151	2.4347281455993652	10.0	1.0000000000000002e-06
26	2	152	2.4960994720458984	17.5	1.0000000000000002e-06
26	3	153	2.2104947566986084	15.0	1.0000000000000002e-06
26	4	154	3.3197848796844482	5.0	1.0000000000000002e-06
26	5	155	2.336927890777588	15.0	1.0000000000000002e-06
26	6	156	2.492537260055542	7.5	1.0000000000000002e-06
27	1	157	2.185169219970703	30.0	1.0000000000000002e-06
27	2	158	2.501657724380493	12.5	1.0000000000000002e-06
27	3	159	2.3607516288757324	22.5	1.0000000000000002e-06
27	4	160	2.728062152862549	15.0	1.0000000000000002e-06
27	5	161	2.6977427005767822	10.0	1.0000000000000002e-06
27	6	162	2.9244418144226074	10.0	1.0000000000000002e-06
28	1	163	2.280940055847168	22.5	1.0000000000000002e-06
28	2	164	2.1937854290008545	25.0	1.0000000000000002e-06
28	3	165	2.54075288772583	20.0	1.0000000000000002e-06
28	4	166	2.424041271209717	10.0	1.0000000000000002e-06
28	5	167	2.8344566822052	12.5	1.0000000000000002e-06
28	6	168	2.7083680629730225	17.5	1.0000000000000002e-06
29	1	169	2.4736239910125732	17.5	1.0000000000000002e-06
29	2	170	2.7002809047698975	15.0	1.0000000000000002e-06
29	3	171	2.5295820236206055	15.0	1.0000000000000002e-06
29	4	172	2.6483986377716064	15.0	1.0000000000000002e-06
29	5	173	2.868053913116455	7.5	1.0000000000000002e-06
29	6	174	2.291194438934326	12.5	1.0000000000000002e-06
30	1	175	2.9241199493408203	17.5	1.0000000000000002e-06
30	2	176	3.17117977142334	10.0	1.0000000000000002e-06
30	3	177	2.467862606048584	10.0	1.0000000000000002e-06
30	4	178	2.2278568744659424	25.0	1.0000000000000002e-06
30	5	179	2.5479578971862793	10.0	1.0000000000000002e-06
30	6	180	2.325462579727173	30.0	1.0000000000000002e-06
31	1	181	2.6735098361968994	15.0	1.0000000000000002e-06
31	2	182	2.9970314502716064	10.0	1.0000000000000002e-06
31	3	183	2.284297466278076	25.0	1.0000000000000002e-06
31	4	184	2.8079190254211426	5.0	1.0000000000000002e-06
31	5	185	2.4813730716705322	12.5	1.0000000000000002e-06
31	6	186	2.1550283432006836	25.0	1.0000000000000002e-06
32	1	187	2.145967483520508	27.5	1.0000000000000002e-06
32	2	188	2.440851926803589	20.0	1.0000000000000002e-06
32	3	189	2.680574417114258	7.5	1.0000000000000002e-06
32	4	190	2.4848403930664062	22.5	1.0000000000000002e-06
32	5	191	2.3682069778442383	12.5	1.0000000000000002e-06
32	6	192	2.9133901596069336	7.5	1.0000000000000002e-06
33	1	193	2.2692337036132812	22.5	1.0000000000000002e-06
33	2	194	2.7509031295776367	17.5	1.0000000000000002e-06
33	3	195	2.436250686645508	15.0	1.0000000000000002e-06
33	4	196	2.143583297729492	17.5	1.0000000000000002e-06
33	5	197	2.679098606109619	17.5	1.0000000000000002e-06
33	6	198	2.3544960021972656	20.0	1.0000000000000002e-06
34	1	199	2.290721893310547	22.5	1.0000000000000002e-06
34	2	200	2.566455364227295	12.5	1.0000000000000002e-06
34	3	201	2.613621473312378	7.5	1.0000000000000002e-06
34	4	202	2.5404746532440186	12.5	1.0000000000000002e-06
34	5	203	2.4048378467559814	20.0	1.0000000000000002e-06
34	6	204	2.3863348960876465	22.5	1.0000000000000002e-06
35	1	205	2.318186044692993	12.5	1.0000000000000002e-06
35	2	206	2.4116759300231934	22.5	1.0000000000000002e-06
35	3	207	2.266554117202759	22.5	1.0000000000000002e-06
35	4	208	2.3572447299957275	17.5	1.0000000000000002e-06
35	5	209	2.056063175201416	35.0	1.0000000000000002e-06
35	6	210	2.4586069583892822	20.0	1.0000000000000002e-06
36	1	211	2.275372266769409	20.0	1.0000000000000002e-06
36	2	212	2.625763416290283	20.0	1.0000000000000002e-06
36	3	213	2.1456305980682373	25.0	1.0000000000000002e-06
36	4	214	2.304809093475342	20.0	1.0000000000000002e-06
36	5	215	2.7643771171569824	12.5	1.0000000000000002e-06
36	6	216	2.3752927780151367	17.5	1.0000000000000002e-06
37	1	217	2.3110830783843994	17.5	1.0000000000000002e-06
37	2	218	2.0967607498168945	30.0	1.0000000000000002e-06
37	3	219	2.5321593284606934	15.0	1.0000000000000002e-06
37	4	220	2.4181361198425293	17.5	1.0000000000000002e-06
37	5	221	2.4708142280578613	12.5	1.0000000000000002e-06
37	6	222	2.314579486846924	22.5	1.0000000000000002e-06
38	1	223	2.226191520690918	22.5	1.0000000000000002e-06
38	2	224	2.2865712642669678	17.5	1.0000000000000002e-06
38	3	225	2.2850821018218994	10.0	1.0000000000000002e-06
38	4	226	2.3565046787261963	25.0	1.0000000000000002e-06
38	5	227	2.615593910217285	15.0	1.0000000000000002e-06
38	6	228	2.5686793327331543	15.0	1.0000000000000002e-06
39	1	229	2.6117796897888184	12.5	1.0000000000000002e-06
39	2	230	2.6873250007629395	10.0	1.0000000000000002e-06
39	3	231	2.211170196533203	12.5	1.0000000000000002e-06
39	4	232	2.564365863800049	15.0	1.0000000000000002e-06
39	5	233	2.519443988800049	17.5	1.0000000000000002e-06
39	6	234	2.554171323776245	17.5	1.0000000000000002e-06
40	1	235	2.314117908477783	25.0	1.0000000000000002e-06
40	2	236	2.635214328765869	15.0	1.0000000000000002e-06
40	3	237	2.2706971168518066	27.5	1.0000000000000002e-06
40	4	238	2.2722387313842773	15.0	1.0000000000000002e-06
40	5	239	2.2129859924316406	25.0	1.0000000000000002e-06
40	6	240	2.3779184818267822	15.0	1.0000000000000002e-06
41	1	241	2.6830077171325684	17.5	1.0000000000000002e-06
41	2	242	2.4691531658172607	12.5	1.0000000000000002e-06
41	3	243	2.2911858558654785	20.0	1.0000000000000002e-06
41	4	244	2.4066500663757324	10.0	1.0000000000000002e-06
41	5	245	2.895238161087036	15.0	1.0000000000000002e-06
41	6	246	2.3865461349487305	15.0	1.0000000000000002e-06
42	1	247	2.329726219177246	7.5	1.0000000000000002e-06
42	2	248	2.484797477722168	20.0	1.0000000000000002e-06
42	3	249	2.647243022918701	17.5	1.0000000000000002e-06
42	4	250	2.3846731185913086	27.5	1.0000000000000002e-06
42	5	251	2.656280994415283	10.0	1.0000000000000002e-06
42	6	252	2.313140869140625	20.0	1.0000000000000002e-06
43	1	253	2.263767719268799	22.5	1.0000000000000002e-06
43	2	254	2.43727445602417	20.0	1.0000000000000002e-06
43	3	255	2.5597987174987793	12.5	1.0000000000000002e-06
43	4	256	2.4870495796203613	7.5	1.0000000000000002e-06
43	5	257	2.2225327491760254	35.0	1.0000000000000002e-06
43	6	258	2.5049211978912354	15.0	1.0000000000000002e-06
44	1	259	2.3438143730163574	10.0	1.0000000000000002e-06
44	2	260	2.5196728706359863	12.5	1.0000000000000002e-06
44	3	261	2.4739127159118652	15.0	1.0000000000000002e-06
44	4	262	2.5004820823669434	10.0	1.0000000000000002e-06
44	5	263	2.8813047409057617	15.0	1.0000000000000002e-06
44	6	264	2.4360222816467285	22.5	1.0000000000000002e-06
45	1	265	2.3037896156311035	20.0	1.0000000000000002e-06
45	2	266	2.6008410453796387	12.5	1.0000000000000002e-06
45	3	267	2.5489816665649414	10.0	1.0000000000000002e-06
45	4	268	2.4482460021972656	10.0	1.0000000000000002e-06
45	5	269	2.265026092529297	27.5	1.0000000000000002e-06
45	6	270	2.370692729949951	20.0	1.0000000000000002e-06
46	1	271	2.330994129180908	17.5	1.0000000000000002e-06
46	2	272	2.699089765548706	17.5	1.0000000000000002e-06
46	3	273	2.481506824493408	25.0	1.0000000000000002e-06
46	4	274	2.569551467895508	15.0	1.0000000000000002e-06
46	5	275	2.460754156112671	17.5	1.0000000000000002e-06
46	6	276	2.308391809463501	27.5	1.0000000000000002e-06
47	1	277	2.5558557510375977	12.5	1.0000000000000002e-06
47	2	278	2.4323220252990723	12.5	1.0000000000000002e-06
47	3	279	2.540498971939087	12.5	1.0000000000000002e-06
47	4	280	2.4755237102508545	17.5	1.0000000000000002e-06
47	5	281	2.150918960571289	17.5	1.0000000000000002e-06
47	6	282	2.384718179702759	20.0	1.0000000000000002e-06
48	1	283	2.2769217491149902	22.5	1.0000000000000002e-06
48	2	284	2.284085512161255	17.5	1.0000000000000002e-06
48	3	285	2.3950865268707275	22.5	1.0000000000000002e-06
48	4	286	2.3024306297302246	20.0	1.0000000000000002e-06
48	5	287	2.5788931846618652	12.5	1.0000000000000002e-06
48	6	288	2.3179354667663574	22.5	1.0000000000000002e-06
49	1	289	2.3106675148010254	17.5	1.0000000000000002e-06
49	2	290	2.4918861389160156	7.5	1.0000000000000002e-06
49	3	291	2.2473130226135254	17.5	1.0000000000000002e-06
49	4	292	2.512237787246704	10.0	1.0000000000000002e-06
49	5	293	2.3177075386047363	20.0	1.0000000000000002e-06
49	6	294	2.3724682331085205	22.5	1.0000000000000002e-06
50	1	295	2.5750064849853516	10.0	1.0000000000000002e-06
50	2	296	2.380221366882324	15.0	1.0000000000000002e-06
50	3	297	2.5167696475982666	10.0	1.0000000000000002e-06
50	4	298	2.1323695182800293	35.0	1.0000000000000002e-06
50	5	299	2.191924571990967	17.5	1.0000000000000002e-06
50	6	300	2.3939476013183594	22.5	1.0000000000000002e-06
51	1	301	2.875241279602051	12.5	1.0000000000000002e-06
51	2	302	2.276366949081421	15.0	1.0000000000000002e-06
51	3	303	2.024484395980835	27.5	1.0000000000000002e-06
51	4	304	2.6042304039001465	15.0	1.0000000000000002e-06
51	5	305	2.5355138778686523	10.0	1.0000000000000002e-06
51	6	306	2.433109760284424	20.0	1.0000000000000002e-06
52	1	307	2.3864307403564453	17.5	1.0000000000000002e-06
52	2	308	2.1626687049865723	22.5	1.0000000000000002e-06
52	3	309	2.345266342163086	35.0	1.0000000000000002e-06
52	4	310	2.6223912239074707	12.5	1.0000000000000002e-06
52	5	311	2.307508945465088	30.0	1.0000000000000002e-06
52	6	312	2.2706761360168457	30.0	1.0000000000000002e-06
53	1	313	2.225975513458252	22.5	1.0000000000000002e-06
53	2	314	2.357419729232788	15.0	1.0000000000000002e-06
53	3	315	2.5406293869018555	12.5	1.0000000000000002e-06
53	4	316	2.3781325817108154	20.0	1.0000000000000002e-06
53	5	317	2.2802622318267822	20.0	1.0000000000000002e-06
53	6	318	2.8264989852905273	25.0	1.0000000000000002e-06
54	1	319	2.068531036376953	30.0	1.0000000000000002e-06
54	2	320	3.070410966873169	10.0	1.0000000000000002e-06
54	3	321	2.6934797763824463	7.5	1.0000000000000002e-06
54	4	322	2.300602674484253	25.0	1.0000000000000002e-06
54	5	323	2.242534637451172	20.0	1.0000000000000002e-06
54	6	324	2.316070556640625	17.5	1.0000000000000002e-06
55	1	325	2.683717727661133	5.0	1.0000000000000002e-06
55	2	326	2.332549571990967	15.0	1.0000000000000002e-06
55	3	327	2.4133453369140625	17.5	1.0000000000000002e-06
55	4	328	2.2566452026367188	20.0	1.0000000000000002e-06
55	5	329	2.2226786613464355	30.0	1.0000000000000002e-06
55	6	330	2.30820894241333	17.5	1.0000000000000002e-06
56	1	331	2.5428459644317627	2.5	1.0000000000000002e-06
56	2	332	2.4994752407073975	22.5	1.0000000000000002e-06
56	3	333	2.664015054702759	12.5	1.0000000000000002e-06
56	4	334	2.2586052417755127	25.0	1.0000000000000002e-06
56	5	335	2.410526752471924	15.0	1.0000000000000002e-06
56	6	336	2.149603843688965	27.5	1.0000000000000002e-06
57	1	337	2.227888584136963	22.5	1.0000000000000002e-06
57	2	338	2.1829276084899902	20.0	1.0000000000000002e-06
57	3	339	2.3905742168426514	22.5	1.0000000000000002e-06
57	4	340	2.516080379486084	10.0	1.0000000000000002e-06
57	5	341	2.4020838737487793	20.0	1.0000000000000002e-06
57	6	342	2.273731231689453	22.5	1.0000000000000002e-06
58	1	343	2.370100975036621	15.0	1.0000000000000002e-06
58	2	344	2.642772912979126	17.5	1.0000000000000002e-06
58	3	345	2.4208884239196777	25.0	1.0000000000000002e-06
58	4	346	2.5308356285095215	15.0	1.0000000000000002e-06
58	5	347	2.1701748371124268	22.5	1.0000000000000002e-06
58	6	348	3.079066276550293	10.0	1.0000000000000002e-06
59	1	349	2.361365556716919	10.0	1.0000000000000002e-06
59	2	350	2.7495198249816895	12.5	1.0000000000000002e-06
59	3	351	2.6518306732177734	15.0	1.0000000000000002e-06
59	4	352	2.368469715118408	22.5	1.0000000000000002e-06
59	5	353	2.338463306427002	25.0	1.0000000000000002e-06
59	6	354	2.358375310897827	22.5	1.0000000000000002e-06
60	1	355	2.280240297317505	25.0	1.0000000000000002e-07
60	2	356	2.4164319038391113	10.0	1.0000000000000002e-07
60	3	357	2.4325945377349854	10.0	1.0000000000000002e-07
60	4	358	2.5257833003997803	10.0	1.0000000000000002e-07
60	5	359	2.6647748947143555	15.0	1.0000000000000002e-07
60	6	360	2.254791736602783	17.5	1.0000000000000002e-07
61	1	361	2.1963016986846924	25.0	1.0000000000000002e-07
61	2	362	2.420588254928589	12.5	1.0000000000000002e-07
61	3	363	2.466369867324829	15.0	1.0000000000000002e-07
61	4	364	2.4199957847595215	7.5	1.0000000000000002e-07
61	5	365	2.4744620323181152	10.0	1.0000000000000002e-07
61	6	366	2.385159969329834	17.5	1.0000000000000002e-07
62	1	367	2.6621158123016357	12.5	1.0000000000000002e-07
62	2	368	2.174168109893799	12.5	1.0000000000000002e-07
62	3	369	2.3066630363464355	15.0	1.0000000000000002e-07
62	4	370	2.4490599632263184	17.5	1.0000000000000002e-07
62	5	371	2.5166327953338623	15.0	1.0000000000000002e-07
62	6	372	2.44437313079834	20.0	1.0000000000000002e-07
63	1	373	2.460689067840576	17.5	1.0000000000000002e-07
63	2	374	2.060570001602173	27.5	1.0000000000000002e-07
63	3	375	2.3670599460601807	15.0	1.0000000000000002e-07
63	4	376	2.5550425052642822	10.0	1.0000000000000002e-07
63	5	377	1.9936065673828125	40.0	1.0000000000000002e-07
63	6	378	2.4297966957092285	17.5	1.0000000000000002e-07
64	1	379	2.4838767051696777	12.5	1.0000000000000002e-07
64	2	380	2.6103568077087402	20.0	1.0000000000000002e-07
64	3	381	2.1721699237823486	20.0	1.0000000000000002e-07
64	4	382	2.4062230587005615	10.0	1.0000000000000002e-07
64	5	383	2.2677719593048096	17.5	1.0000000000000002e-07
64	6	384	2.1754701137542725	17.5	1.0000000000000002e-07
65	1	385	2.527251720428467	25.0	1.0000000000000002e-07
65	2	386	2.4541563987731934	12.5	1.0000000000000002e-07
65	3	387	2.7006120681762695	15.0	1.0000000000000002e-07
65	4	388	2.4493472576141357	22.5	1.0000000000000002e-07
65	5	389	2.21144700050354	12.5	1.0000000000000002e-07
65	6	390	2.0959877967834473	32.5	1.0000000000000002e-07
66	1	391	2.2814645767211914	22.5	1.0000000000000002e-07
66	2	392	2.3679535388946533	17.5	1.0000000000000002e-07
66	3	393	2.3151981830596924	22.5	1.0000000000000002e-07
66	4	394	2.2828686237335205	27.5	1.0000000000000002e-07
66	5	395	2.340186834335327	20.0	1.0000000000000002e-07
66	6	396	2.4674346446990967	15.0	1.0000000000000002e-07
67	1	397	2.2090020179748535	27.5	1.0000000000000002e-07
67	2	398	2.3874733448028564	20.0	1.0000000000000002e-07
67	3	399	2.4105522632598877	10.0	1.0000000000000002e-07
67	4	400	3.013406276702881	10.0	1.0000000000000002e-07
67	5	401	2.3131797313690186	12.5	1.0000000000000002e-07
67	6	402	2.1940553188323975	35.0	1.0000000000000002e-07
68	1	403	2.3366267681121826	20.0	1.0000000000000002e-07
68	2	404	2.2953226566314697	22.5	1.0000000000000002e-07
68	3	405	2.1811256408691406	25.0	1.0000000000000002e-07
68	4	406	2.252068281173706	15.0	1.0000000000000002e-07
68	5	407	2.255263566970825	15.0	1.0000000000000002e-07
68	6	408	2.3287854194641113	17.5	1.0000000000000002e-07
69	1	409	2.3076462745666504	12.5	1.0000000000000002e-07
69	2	410	2.1378843784332275	25.0	1.0000000000000002e-07
69	3	411	2.5321221351623535	17.5	1.0000000000000002e-07
69	4	412	2.682605504989624	12.5	1.0000000000000002e-07
69	5	413	2.535027027130127	12.5	1.0000000000000002e-07
69	6	414	2.578763246536255	15.0	1.0000000000000002e-07
70	1	415	2.4194061756134033	12.5	1.0000000000000002e-07
70	2	416	2.347318172454834	20.0	1.0000000000000002e-07
70	3	417	2.2017717361450195	22.5	1.0000000000000002e-07
70	4	418	2.1192476749420166	20.0	1.0000000000000002e-07
70	5	419	2.3902690410614014	17.5	1.0000000000000002e-07
70	6	420	2.631725549697876	15.0	1.0000000000000002e-07
71	1	421	2.1607449054718018	27.5	1.0000000000000002e-07
71	2	422	2.2879323959350586	12.5	1.0000000000000002e-07
71	3	423	2.1589224338531494	25.0	1.0000000000000002e-07
71	4	424	2.2878336906433105	12.5	1.0000000000000002e-07
71	5	425	2.2955358028411865	12.5	1.0000000000000002e-07
71	6	426	2.366602659225464	25.0	1.0000000000000002e-07
72	1	427	2.2274346351623535	12.5	1.0000000000000002e-07
72	2	428	2.3089685440063477	17.5	1.0000000000000002e-07
72	3	429	2.3141708374023438	22.5	1.0000000000000002e-07
72	4	430	2.5017733573913574	7.5	1.0000000000000002e-07
72	5	431	2.2360100746154785	22.5	1.0000000000000002e-07
72	6	432	2.137148857116699	25.0	1.0000000000000002e-07
73	1	433	2.369910955429077	17.5	1.0000000000000002e-07
73	2	434	2.6264705657958984	10.0	1.0000000000000002e-07
73	3	435	2.4236552715301514	20.0	1.0000000000000002e-07
73	4	436	2.2597439289093018	17.5	1.0000000000000002e-07
73	5	437	2.3355586528778076	25.0	1.0000000000000002e-07
73	6	438	2.2990517616271973	22.5	1.0000000000000002e-07
74	1	439	2.248108148574829	17.5	1.0000000000000002e-07
74	2	440	2.2588276863098145	27.5	1.0000000000000002e-07
74	3	441	2.6334164142608643	10.0	1.0000000000000002e-07
74	4	442	1.9708448648452759	22.5	1.0000000000000002e-07
74	5	443	2.4930834770202637	22.5	1.0000000000000002e-07
74	6	444	2.6689863204956055	10.0	1.0000000000000002e-07
75	1	445	2.494880199432373	12.5	1.0000000000000002e-07
75	2	446	2.533332109451294	15.0	1.0000000000000002e-07
75	3	447	2.3966355323791504	15.0	1.0000000000000002e-07
75	4	448	2.4119906425476074	17.5	1.0000000000000002e-07
75	5	449	2.274364948272705	30.0	1.0000000000000002e-07
75	6	450	2.638357639312744	17.5	1.0000000000000002e-07
76	1	451	2.2763664722442627	27.5	1.0000000000000002e-07
76	2	452	2.4816107749938965	10.0	1.0000000000000002e-07
76	3	453	2.2824747562408447	20.0	1.0000000000000002e-07
76	4	454	2.727538824081421	12.5	1.0000000000000002e-07
76	5	455	2.520861864089966	20.0	1.0000000000000002e-07
76	6	456	2.5000998973846436	10.0	1.0000000000000002e-07
77	1	457	2.3137240409851074	10.0	1.0000000000000002e-07
77	2	458	2.342989206314087	22.5	1.0000000000000002e-07
77	3	459	2.1915934085845947	20.0	1.0000000000000002e-07
77	4	460	2.2954416275024414	17.5	1.0000000000000002e-07
77	5	461	2.1889429092407227	30.0	1.0000000000000002e-07
77	6	462	2.3414547443389893	15.0	1.0000000000000002e-07
78	1	463	2.345003604888916	32.5	1.0000000000000002e-07
78	2	464	2.2314019203186035	17.5	1.0000000000000002e-07
78	3	465	2.478696584701538	10.0	1.0000000000000002e-07
78	4	466	2.2012856006622314	25.0	1.0000000000000002e-07
78	5	467	2.308560371398926	25.0	1.0000000000000002e-07
78	6	468	2.1346206665039062	22.5	1.0000000000000002e-07
79	1	469	2.354099750518799	2.5	1.0000000000000002e-07
79	2	470	2.325748920440674	17.5	1.0000000000000002e-07
79	3	471	2.47796893119812	10.0	1.0000000000000002e-07
79	4	472	2.12680983543396	25.0	1.0000000000000002e-07
79	5	473	2.180267333984375	20.0	1.0000000000000002e-07
79	6	474	2.516244649887085	25.0	1.0000000000000002e-07
80	1	475	2.6880970001220703	12.5	1.0000000000000002e-07
80	2	476	2.3715271949768066	17.5	1.0000000000000002e-07
80	3	477	2.1671066284179688	30.0	1.0000000000000002e-07
80	4	478	3.0639381408691406	7.5	1.0000000000000002e-07
80	5	479	2.240438461303711	12.5	1.0000000000000002e-07
80	6	480	2.4534800052642822	10.0	1.0000000000000002e-07
81	1	481	2.466104030609131	17.5	1.0000000000000002e-07
81	2	482	2.413461208343506	12.5	1.0000000000000002e-07
81	3	483	2.2215704917907715	22.5	1.0000000000000002e-07
81	4	484	2.1732099056243896	30.0	1.0000000000000002e-07
81	5	485	2.331110715866089	20.0	1.0000000000000002e-07
81	6	486	2.276681423187256	22.5	1.0000000000000002e-07
82	1	487	2.356489658355713	30.0	1.0000000000000002e-07
82	2	488	2.6903319358825684	17.5	1.0000000000000002e-07
82	3	489	2.264410972595215	20.0	1.0000000000000002e-07
82	4	490	2.37873911857605	10.0	1.0000000000000002e-07
82	5	491	2.656217336654663	7.5	1.0000000000000002e-07
82	6	492	2.0519492626190186	15.0	1.0000000000000002e-07
83	1	493	2.559162139892578	10.0	1.0000000000000002e-07
83	2	494	2.212104320526123	15.0	1.0000000000000002e-07
83	3	495	2.3007726669311523	15.0	1.0000000000000002e-07
83	4	496	2.3373515605926514	20.0	1.0000000000000002e-07
83	5	497	2.4193694591522217	20.0	1.0000000000000002e-07
83	6	498	2.5054869651794434	12.5	1.0000000000000002e-07
84	1	499	3.282390594482422	7.5	1.0000000000000002e-07
84	2	500	2.494361400604248	15.0	1.0000000000000002e-07
84	3	501	2.7969918251037598	15.0	1.0000000000000002e-07
84	4	502	2.447904348373413	17.5	1.0000000000000002e-07
84	5	503	2.344653844833374	15.0	1.0000000000000002e-07
84	6	504	2.526369571685791	32.5	1.0000000000000002e-07
85	1	505	2.54620623588562	10.0	1.0000000000000002e-07
85	2	506	2.3151192665100098	22.5	1.0000000000000002e-07
85	3	507	2.3542354106903076	17.5	1.0000000000000002e-07
85	4	508	2.711440086364746	20.0	1.0000000000000002e-07
85	5	509	2.4166259765625	12.5	1.0000000000000002e-07
85	6	510	2.142651081085205	35.0	1.0000000000000002e-07
86	1	511	2.387749671936035	15.0	1.0000000000000002e-07
86	2	512	2.203202724456787	15.0	1.0000000000000002e-07
86	3	513	2.4413328170776367	17.5	1.0000000000000002e-07
86	4	514	2.442275047302246	12.5	1.0000000000000002e-07
86	5	515	2.253455877304077	22.5	1.0000000000000002e-07
86	6	516	2.2559874057769775	22.5	1.0000000000000002e-07
87	1	517	2.195669651031494	20.0	1.0000000000000002e-07
87	2	518	2.36008882522583	15.0	1.0000000000000002e-07
87	3	519	2.269188404083252	27.5	1.0000000000000002e-07
87	4	520	2.1624057292938232	15.0	1.0000000000000002e-07
87	5	521	2.4718260765075684	15.0	1.0000000000000002e-07
87	6	522	2.2300219535827637	20.0	1.0000000000000002e-07
88	1	523	2.3855957984924316	27.5	1.0000000000000002e-07
88	2	524	2.25408935546875	20.0	1.0000000000000002e-07
88	3	525	2.6214311122894287	12.5	1.0000000000000002e-07
88	4	526	2.3893091678619385	20.0	1.0000000000000002e-07
88	5	527	2.45483136177063	12.5	1.0000000000000002e-07
88	6	528	2.375481367111206	15.0	1.0000000000000002e-07
89	1	529	2.136965036392212	15.0	1.0000000000000002e-07
89	2	530	2.172048807144165	22.5	1.0000000000000002e-07
89	3	531	2.451392650604248	7.5	1.0000000000000002e-07
89	4	532	2.3944361209869385	25.0	1.0000000000000002e-07
89	5	533	2.132275104522705	20.0	1.0000000000000002e-07
89	6	534	2.4954655170440674	10.0	1.0000000000000002e-07
90	1	535	2.5518980026245117	17.5	1.0000000000000002e-07
90	2	536	2.4009406566619873	12.5	1.0000000000000002e-07
90	3	537	2.6444685459136963	17.5	1.0000000000000002e-07
90	4	538	2.495763063430786	5.0	1.0000000000000002e-07
90	5	539	2.3524460792541504	15.0	1.0000000000000002e-07
90	6	540	2.2872543334960938	27.5	1.0000000000000002e-07
91	1	541	2.3673267364501953	22.5	1.0000000000000002e-07
91	2	542	2.4882686138153076	12.5	1.0000000000000002e-07
91	3	543	2.1905226707458496	22.5	1.0000000000000002e-07
91	4	544	2.499103307723999	20.0	1.0000000000000002e-07
91	5	545	2.3849427700042725	20.0	1.0000000000000002e-07
91	6	546	2.2389333248138428	22.5	1.0000000000000002e-07
92	1	547	2.2171273231506348	15.0	1.0000000000000002e-07
92	2	548	2.5762839317321777	20.0	1.0000000000000002e-07
92	3	549	2.435137987136841	17.5	1.0000000000000002e-07
92	4	550	2.157670497894287	17.5	1.0000000000000002e-07
92	5	551	2.4685466289520264	20.0	1.0000000000000002e-07
92	6	552	2.1439337730407715	17.5	1.0000000000000002e-07
93	1	553	2.1952900886535645	17.5	1.0000000000000002e-07
93	2	554	2.210430383682251	27.5	1.0000000000000002e-07
93	3	555	2.512908458709717	17.5	1.0000000000000002e-07
93	4	556	2.342651128768921	15.0	1.0000000000000002e-07
93	5	557	2.391525983810425	7.5	1.0000000000000002e-07
93	6	558	2.208869457244873	20.0	1.0000000000000002e-07
94	1	559	2.6874730587005615	10.0	1.0000000000000002e-07
94	2	560	2.3609070777893066	10.0	1.0000000000000002e-07
94	3	561	2.36515474319458	20.0	1.0000000000000002e-07
94	4	562	2.3523595333099365	20.0	1.0000000000000002e-07
94	5	563	2.282848834991455	17.5	1.0000000000000002e-07
94	6	564	2.3827462196350098	12.5	1.0000000000000002e-07
95	1	565	2.451414108276367	10.0	1.0000000000000002e-07
95	2	566	2.2026524543762207	22.5	1.0000000000000002e-07
95	3	567	2.3529253005981445	12.5	1.0000000000000002e-07
95	4	568	2.316152811050415	20.0	1.0000000000000002e-07
95	5	569	2.186398506164551	20.0	1.0000000000000002e-07
95	6	570	2.2681918144226074	12.5	1.0000000000000002e-07
96	1	571	2.3519060611724854	25.0	1.0000000000000002e-07
96	2	572	2.3681797981262207	10.0	1.0000000000000002e-07
96	3	573	2.3468759059906006	22.5	1.0000000000000002e-07
96	4	574	2.7836050987243652	17.5	1.0000000000000002e-07
96	5	575	2.1893293857574463	22.5	1.0000000000000002e-07
96	6	576	2.1391375064849854	20.0	1.0000000000000002e-07
97	1	577	2.589698314666748	15.0	1.0000000000000002e-07
97	2	578	2.6578783988952637	20.0	1.0000000000000002e-07
97	3	579	2.1568193435668945	25.0	1.0000000000000002e-07
97	4	580	2.454554319381714	25.0	1.0000000000000002e-07
97	5	581	2.4498977661132812	27.5	1.0000000000000002e-07
97	6	582	2.282637119293213	15.0	1.0000000000000002e-07
98	1	583	2.3145108222961426	12.5	1.0000000000000004e-08
98	2	584	2.70882248878479	5.0	1.0000000000000004e-08
98	3	585	2.2290406227111816	15.0	1.0000000000000004e-08
98	4	586	2.2265188694000244	12.5	1.0000000000000004e-08
98	5	587	2.561288356781006	17.5	1.0000000000000004e-08
98	6	588	2.793454647064209	15.0	1.0000000000000004e-08
99	1	589	2.3689026832580566	25.0	1.0000000000000004e-08
99	2	590	2.455590009689331	12.5	1.0000000000000004e-08
99	3	591	2.1933326721191406	25.0	1.0000000000000004e-08
99	4	592	2.770275592803955	12.5	1.0000000000000004e-08
99	5	593	2.3801887035369873	17.5	1.0000000000000004e-08
99	6	594	2.4516000747680664	17.5	1.0000000000000004e-08
100	1	595	2.163877248764038	25.0	1.0000000000000004e-08
100	2	596	2.1305484771728516	32.5	1.0000000000000004e-08
100	3	597	2.4871280193328857	15.0	1.0000000000000004e-08
100	4	598	2.2771341800689697	15.0	1.0000000000000004e-08
100	5	599	2.5435409545898438	15.0	1.0000000000000004e-08
100	6	600	2.751044511795044	15.0	1.0000000000000004e-08
101	1	601	2.2884469032287598	32.5	1.0000000000000004e-08
101	2	602	2.588998317718506	15.0	1.0000000000000004e-08
101	3	603	2.2520298957824707	20.0	1.0000000000000004e-08
101	4	604	2.2851340770721436	25.0	1.0000000000000004e-08
101	5	605	2.696392774581909	12.5	1.0000000000000004e-08
101	6	606	2.5816938877105713	10.0	1.0000000000000004e-08
102	1	607	2.2235593795776367	12.5	1.0000000000000004e-08
102	2	608	2.347768545150757	10.0	1.0000000000000004e-08
102	3	609	2.12420654296875	20.0	1.0000000000000004e-08
102	4	610	2.5621960163116455	12.5	1.0000000000000004e-08
102	5	611	2.916792392730713	5.0	1.0000000000000004e-08
102	6	612	2.4929161071777344	20.0	1.0000000000000004e-08
103	1	613	2.393991231918335	10.0	1.0000000000000004e-08
103	2	614	2.628453493118286	15.0	1.0000000000000004e-08
103	3	615	2.3505539894104004	22.5	1.0000000000000004e-08
103	4	616	2.3643338680267334	17.5	1.0000000000000004e-08
103	5	617	2.458341121673584	15.0	1.0000000000000004e-08
103	6	618	2.5773091316223145	17.5	1.0000000000000004e-08
104	1	619	2.207265615463257	22.5	1.0000000000000004e-08
104	2	620	2.1029064655303955	17.5	1.0000000000000004e-08
104	3	621	2.4874789714813232	17.5	1.0000000000000004e-08
104	4	622	2.4786856174468994	12.5	1.0000000000000004e-08
104	5	623	2.4955060482025146	17.5	1.0000000000000004e-08
104	6	624	2.4868385791778564	15.0	1.0000000000000004e-08
105	1	625	2.632072925567627	12.5	1.0000000000000004e-08
105	2	626	2.199115037918091	27.5	1.0000000000000004e-08
105	3	627	2.2600131034851074	20.0	1.0000000000000004e-08
105	4	628	2.647650957107544	7.5	1.0000000000000004e-08
105	5	629	2.3883395195007324	12.5	1.0000000000000004e-08
105	6	630	2.3910632133483887	15.0	1.0000000000000004e-08
106	1	631	2.4638562202453613	20.0	1.0000000000000004e-08
106	2	632	2.4561920166015625	15.0	1.0000000000000004e-08
106	3	633	2.6043968200683594	15.0	1.0000000000000004e-08
106	4	634	2.4858574867248535	12.5	1.0000000000000004e-08
106	5	635	2.888420820236206	15.0	1.0000000000000004e-08
106	6	636	2.679800510406494	15.0	1.0000000000000004e-08
107	1	637	2.2114968299865723	20.0	1.0000000000000004e-08
107	2	638	2.4002625942230225	15.0	1.0000000000000004e-08
107	3	639	2.48911452293396	12.5	1.0000000000000004e-08
107	4	640	2.3603675365448	17.5	1.0000000000000004e-08
107	5	641	2.3424746990203857	20.0	1.0000000000000004e-08
107	6	642	2.0875589847564697	17.5	1.0000000000000004e-08
108	1	643	2.7464382648468018	12.5	1.0000000000000004e-08
108	2	644	2.2042949199676514	20.0	1.0000000000000004e-08
108	3	645	2.357926368713379	20.0	1.0000000000000004e-08
108	4	646	2.1517555713653564	30.0	1.0000000000000004e-08
108	5	647	2.1922173500061035	15.0	1.0000000000000004e-08
108	6	648	2.24912166595459	17.5	1.0000000000000004e-08
109	1	649	2.5204787254333496	15.0	1.0000000000000004e-08
109	2	650	2.4491324424743652	17.5	1.0000000000000004e-08
109	3	651	2.4927048683166504	20.0	1.0000000000000004e-08
109	4	652	2.375332832336426	17.5	1.0000000000000004e-08
109	5	653	2.4660260677337646	12.5	1.0000000000000004e-08
109	6	654	2.3935821056365967	22.5	1.0000000000000004e-08
110	1	655	2.245924711227417	27.5	1.0000000000000004e-08
110	2	656	3.256444215774536	7.5	1.0000000000000004e-08
110	3	657	2.337355375289917	17.5	1.0000000000000004e-08
110	4	658	2.1855335235595703	22.5	1.0000000000000004e-08
110	5	659	2.7295327186584473	7.5	1.0000000000000004e-08
110	6	660	2.295095443725586	12.5	1.0000000000000004e-08
111	1	661	2.6186208724975586	25.0	1.0000000000000004e-08
111	2	662	2.521444797515869	15.0	1.0000000000000004e-08
111	3	663	2.3099961280822754	20.0	1.0000000000000004e-08
111	4	664	2.2150075435638428	25.0	1.0000000000000004e-08
111	5	665	2.272057294845581	27.5	1.0000000000000004e-08
111	6	666	2.585022211074829	12.5	1.0000000000000004e-08
112	1	667	2.3381569385528564	22.5	1.0000000000000004e-08
112	2	668	2.3902816772460938	12.5	1.0000000000000004e-08
112	3	669	2.505603313446045	7.5	1.0000000000000004e-08
112	4	670	2.382882833480835	12.5	1.0000000000000004e-08
112	5	671	2.364100456237793	25.0	1.0000000000000004e-08
112	6	672	2.2496047019958496	20.0	1.0000000000000004e-08
113	1	673	2.6058759689331055	12.5	1.0000000000000004e-08
113	2	674	2.5874927043914795	12.5	1.0000000000000004e-08
113	3	675	2.2763266563415527	22.5	1.0000000000000004e-08
113	4	676	2.3363168239593506	15.0	1.0000000000000004e-08
113	5	677	2.877984046936035	12.5	1.0000000000000004e-08
113	6	678	2.800532579421997	12.5	1.0000000000000004e-08
114	1	679	2.2708091735839844	20.0	1.0000000000000004e-08
114	2	680	2.4539542198181152	17.5	1.0000000000000004e-08
114	3	681	2.4439563751220703	15.0	1.0000000000000004e-08
114	4	682	2.372495174407959	20.0	1.0000000000000004e-08
114	5	683	2.4382121562957764	17.5	1.0000000000000004e-08
114	6	684	2.475855588912964	17.5	1.0000000000000004e-08
115	1	685	2.2974467277526855	20.0	1.0000000000000004e-08
115	2	686	2.3707938194274902	25.0	1.0000000000000004e-08
115	3	687	2.5086610317230225	17.5	1.0000000000000004e-08
115	4	688	2.492176055908203	22.5	1.0000000000000004e-08
115	5	689	2.3043453693389893	12.5	1.0000000000000004e-08
115	6	690	2.256751298904419	12.5	1.0000000000000004e-08
116	1	691	2.6620590686798096	12.5	1.0000000000000004e-08
116	2	692	2.390063524246216	17.5	1.0000000000000004e-08
116	3	693	2.3099112510681152	22.5	1.0000000000000004e-08
116	4	694	2.412472724914551	10.0	1.0000000000000004e-08
116	5	695	2.5459067821502686	15.0	1.0000000000000004e-08
116	6	696	2.374553680419922	17.5	1.0000000000000004e-08
117	1	697	2.243143081665039	17.5	1.0000000000000004e-08
117	2	698	2.2066285610198975	22.5	1.0000000000000004e-08
117	3	699	2.414064407348633	17.5	1.0000000000000004e-08
117	4	700	2.2995429039001465	22.5	1.0000000000000004e-08
117	5	701	2.418663501739502	7.5	1.0000000000000004e-08
117	6	702	2.316458225250244	17.5	1.0000000000000004e-08
118	1	703	2.6937878131866455	7.5	1.0000000000000004e-08
118	2	704	2.255573034286499	22.5	1.0000000000000004e-08
118	3	705	2.635681629180908	20.0	1.0000000000000004e-08
118	4	706	2.1742420196533203	20.0	1.0000000000000004e-08
118	5	707	2.5316221714019775	22.5	1.0000000000000004e-08
118	6	708	2.2683346271514893	22.5	1.0000000000000004e-08
119	1	709	2.674651622772217	12.5	1.0000000000000004e-08
119	2	710	2.234729290008545	20.0	1.0000000000000004e-08
119	3	711	2.2396981716156006	20.0	1.0000000000000004e-08
119	4	712	2.3736629486083984	20.0	1.0000000000000004e-08
119	5	713	2.693351984024048	12.5	1.0000000000000004e-08
119	6	714	2.3236870765686035	20.0	1.0000000000000004e-08
120	1	715	2.3566734790802	10.0	1.0000000000000004e-08
120	2	716	2.0226540565490723	32.5	1.0000000000000004e-08
120	3	717	2.3682570457458496	17.5	1.0000000000000004e-08
120	4	718	2.6886191368103027	15.0	1.0000000000000004e-08
120	5	719	2.4559335708618164	15.0	1.0000000000000004e-08
120	6	720	2.289865016937256	10.0	1.0000000000000004e-08
121	1	721	2.6130359172821045	22.5	1.0000000000000004e-08
121	2	722	2.29512095451355	20.0	1.0000000000000004e-08
121	3	723	2.571803092956543	12.5	1.0000000000000004e-08
121	4	724	2.113800048828125	27.5	1.0000000000000004e-08
121	5	725	2.523078441619873	17.5	1.0000000000000004e-08
121	6	726	2.344033718109131	17.5	1.0000000000000004e-08
122	1	727	2.2836661338806152	15.0	1.0000000000000004e-08
122	2	728	2.1447908878326416	17.5	1.0000000000000004e-08
122	3	729	2.2294678688049316	17.5	1.0000000000000004e-08
122	4	730	2.4918599128723145	7.5	1.0000000000000004e-08
122	5	731	2.234719753265381	25.0	1.0000000000000004e-08
122	6	732	2.5210213661193848	10.0	1.0000000000000004e-08
123	1	733	2.25238037109375	30.0	1.0000000000000004e-08
123	2	734	2.6883931159973145	5.0	1.0000000000000004e-08
123	3	735	2.832221746444702	10.0	1.0000000000000004e-08
123	4	736	2.2652621269226074	10.0	1.0000000000000004e-08
123	5	737	2.4680371284484863	12.5	1.0000000000000004e-08
123	6	738	2.4167234897613525	20.0	1.0000000000000004e-08
124	1	739	2.3851523399353027	12.5	1.0000000000000004e-08
124	2	740	2.9431099891662598	12.5	1.0000000000000004e-08
124	3	741	2.6694862842559814	10.0	1.0000000000000004e-08
124	4	742	2.133073329925537	17.5	1.0000000000000004e-08
124	5	743	2.3093488216400146	12.5	1.0000000000000004e-08
124	6	744	2.4613051414489746	30.0	1.0000000000000004e-08
125	1	745	2.8100249767303467	22.5	1.0000000000000004e-08
125	2	746	2.009922504425049	30.0	1.0000000000000004e-08
125	3	747	2.3736677169799805	17.5	1.0000000000000004e-08
125	4	748	2.5034286975860596	20.0	1.0000000000000004e-08
125	5	749	2.334965467453003	12.5	1.0000000000000004e-08
125	6	750	2.2720797061920166	20.0	1.0000000000000004e-08
126	1	751	2.3802099227905273	12.5	1.0000000000000004e-08
126	2	752	2.1975672245025635	17.5	1.0000000000000004e-08
126	3	753	2.6464297771453857	25.0	1.0000000000000004e-08
126	4	754	2.7053585052490234	20.0	1.0000000000000004e-08
126	5	755	2.3939297199249268	30.0	1.0000000000000004e-08
126	6	756	2.7316462993621826	7.5	1.0000000000000004e-08
127	1	757	2.1867241859436035	22.5	1.0000000000000004e-08
127	2	758	2.5140581130981445	12.5	1.0000000000000004e-08
127	3	759	2.469933032989502	17.5	1.0000000000000004e-08
127	4	760	2.630225896835327	12.5	1.0000000000000004e-08
127	5	761	2.3986759185791016	22.5	1.0000000000000004e-08
127	6	762	2.5404772758483887	12.5	1.0000000000000004e-08
128	1	763	2.196791887283325	27.5	1.0000000000000004e-08
128	2	764	2.3895766735076904	17.5	1.0000000000000004e-08
128	3	765	2.2048072814941406	27.5	1.0000000000000004e-08
128	4	766	2.091132879257202	17.5	1.0000000000000004e-08
128	5	767	2.525075674057007	10.0	1.0000000000000004e-08
128	6	768	2.581346035003662	20.0	1.0000000000000004e-08
129	1	769	2.7128896713256836	5.0	1.0000000000000004e-08
129	2	770	2.183738946914673	22.5	1.0000000000000004e-08
129	3	771	2.052642345428467	32.5	1.0000000000000004e-08
129	4	772	2.694516658782959	12.5	1.0000000000000004e-08
129	5	773	2.144723415374756	15.0	1.0000000000000004e-08
129	6	774	2.338042974472046	20.0	1.0000000000000004e-08
130	1	775	2.28580904006958	22.5	1.0000000000000004e-08
130	2	776	2.4128150939941406	12.5	1.0000000000000004e-08
130	3	777	2.599043130874634	10.0	1.0000000000000004e-08
130	4	778	2.396827220916748	20.0	1.0000000000000004e-08
130	5	779	2.510502576828003	17.5	1.0000000000000004e-08
130	6	780	2.2450249195098877	25.0	1.0000000000000004e-08
131	1	781	2.0669379234313965	27.5	1.0000000000000004e-08
131	2	782	2.227616548538208	17.5	1.0000000000000004e-08
131	3	783	2.175872802734375	27.5	1.0000000000000004e-08
131	4	784	2.367684841156006	20.0	1.0000000000000004e-08
131	5	785	2.4148025512695312	10.0	1.0000000000000004e-08
131	6	786	2.2433416843414307	20.0	1.0000000000000004e-08
132	1	787	2.9038443565368652	12.5	1.0000000000000004e-08
132	2	788	2.234462022781372	25.0	1.0000000000000004e-08
132	3	789	2.2871580123901367	20.0	1.0000000000000004e-08
132	4	790	2.622983932495117	12.5	1.0000000000000004e-08
132	5	791	2.3027901649475098	20.0	1.0000000000000004e-08
132	6	792	2.22563099861145	20.0	1.0000000000000004e-08
133	1	793	2.19390869140625	22.5	1.0000000000000004e-08
133	2	794	2.549670457839966	17.5	1.0000000000000004e-08
133	3	795	2.477031946182251	17.5	1.0000000000000004e-08
133	4	796	2.4264912605285645	22.5	1.0000000000000004e-08
133	5	797	2.3876540660858154	17.5	1.0000000000000004e-08
133	6	798	2.6723837852478027	5.0	1.0000000000000004e-08
134	1	799	2.6634345054626465	25.0	1.0000000000000004e-08
134	2	800	2.5189411640167236	15.0	1.0000000000000004e-08
134	3	801	1.9856855869293213	30.0	1.0000000000000004e-08
134	4	802	2.1492316722869873	20.0	1.0000000000000004e-08
134	5	803	2.1234889030456543	30.0	1.0000000000000004e-08
134	6	804	2.1235251426696777	30.0	1.0000000000000004e-08
135	1	805	2.4998795986175537	17.5	1.0000000000000004e-08
135	2	806	2.413945198059082	17.5	1.0000000000000004e-08
135	3	807	2.3992018699645996	17.5	1.0000000000000004e-08
135	4	808	2.443859577178955	12.5	1.0000000000000004e-08
135	5	809	2.5504093170166016	15.0	1.0000000000000004e-08
135	6	810	2.0838253498077393	30.0	1.0000000000000004e-08
136	1	811	2.4709014892578125	15.0	1.0000000000000004e-08
136	2	812	2.3521728515625	15.0	1.0000000000000004e-08
136	3	813	2.425459623336792	17.5	1.0000000000000004e-08
136	4	814	2.4830918312072754	17.5	1.0000000000000004e-08
136	5	815	2.372765302658081	10.0	1.0000000000000004e-08
136	6	816	2.086637020111084	30.0	1.0000000000000004e-08
137	1	817	2.153670072555542	27.5	1.0000000000000004e-08
137	2	818	2.265775203704834	17.5	1.0000000000000004e-08
137	3	819	2.1680493354797363	27.5	1.0000000000000004e-08
137	4	820	2.4139413833618164	17.5	1.0000000000000004e-08
137	5	821	2.257037401199341	20.0	1.0000000000000004e-08
137	6	822	2.226208448410034	17.5	1.0000000000000004e-08
138	1	823	2.5541858673095703	15.0	1.0000000000000004e-08
138	2	824	1.843975305557251	22.5	1.0000000000000004e-08
138	3	825	2.457153558731079	10.0	1.0000000000000004e-08
138	4	826	2.2069599628448486	20.0	1.0000000000000004e-08
138	5	827	2.5440220832824707	10.0	1.0000000000000004e-08
138	6	828	2.512779712677002	17.5	1.0000000000000004e-08
139	1	829	1.9881641864776611	27.5	1.0000000000000004e-08
139	2	830	2.6460933685302734	15.0	1.0000000000000004e-08
139	3	831	2.464738607406616	7.5	1.0000000000000004e-08
139	4	832	2.481412887573242	20.0	1.0000000000000004e-08
139	5	833	2.9443349838256836	12.5	1.0000000000000004e-08
139	6	834	2.202887773513794	10.0	1.0000000000000004e-08
140	1	835	2.3228468894958496	15.0	1.0000000000000004e-08
140	2	836	2.2415852546691895	15.0	1.0000000000000004e-08
140	3	837	2.2109665870666504	20.0	1.0000000000000004e-08
140	4	838	2.8202011585235596	7.5	1.0000000000000004e-08
140	5	839	2.5931451320648193	12.5	1.0000000000000004e-08
140	6	840	2.4558348655700684	17.5	1.0000000000000004e-08
141	1	841	2.407320499420166	15.0	1.0000000000000004e-08
141	2	842	2.609417676925659	7.5	1.0000000000000004e-08
141	3	843	2.5511441230773926	15.0	1.0000000000000004e-08
141	4	844	2.6356213092803955	12.5	1.0000000000000004e-08
141	5	845	2.0377683639526367	25.0	1.0000000000000004e-08
141	6	846	2.7740285396575928	10.0	1.0000000000000004e-08
142	1	847	2.217198610305786	20.0	1.0000000000000004e-08
142	2	848	2.3429808616638184	25.0	1.0000000000000004e-08
142	3	849	2.5998499393463135	15.0	1.0000000000000004e-08
142	4	850	2.240100860595703	22.5	1.0000000000000004e-08
142	5	851	2.615123987197876	12.5	1.0000000000000004e-08
142	6	852	2.323404550552368	25.0	1.0000000000000004e-08
143	1	853	2.586435556411743	20.0	1.0000000000000004e-08
143	2	854	2.273618221282959	12.5	1.0000000000000004e-08
143	3	855	2.3783602714538574	20.0	1.0000000000000004e-08
143	4	856	2.4227800369262695	20.0	1.0000000000000004e-08
143	5	857	2.807076930999756	5.0	1.0000000000000004e-08
143	6	858	2.0509371757507324	32.5	1.0000000000000004e-08
144	1	859	2.38399076461792	12.5	1.0000000000000004e-08
144	2	860	1.9383052587509155	30.0	1.0000000000000004e-08
144	3	861	2.6823983192443848	7.5	1.0000000000000004e-08
144	4	862	2.2127394676208496	27.5	1.0000000000000004e-08
144	5	863	2.3133883476257324	22.5	1.0000000000000004e-08
144	6	864	2.7440056800842285	10.0	1.0000000000000004e-08
145	1	865	2.4952127933502197	10.0	1.0000000000000004e-08
145	2	866	2.364971399307251	15.0	1.0000000000000004e-08
145	3	867	2.327746868133545	17.5	1.0000000000000004e-08
145	4	868	2.136812686920166	20.0	1.0000000000000004e-08
145	5	869	2.4814023971557617	10.0	1.0000000000000004e-08
145	6	870	2.332904815673828	22.5	1.0000000000000004e-08
146	1	871	2.423588752746582	30.0	1.0000000000000004e-08
146	2	872	2.2261769771575928	22.5	1.0000000000000004e-08
146	3	873	2.4286386966705322	12.5	1.0000000000000004e-08
146	4	874	2.5229666233062744	15.0	1.0000000000000004e-08
146	5	875	2.8414251804351807	17.5	1.0000000000000004e-08
146	6	876	2.4614226818084717	22.5	1.0000000000000004e-08
147	1	877	2.434884786605835	12.5	1.0000000000000004e-08
147	2	878	2.151822566986084	15.0	1.0000000000000004e-08
147	3	879	2.6580424308776855	10.0	1.0000000000000004e-08
147	4	880	2.491673469543457	10.0	1.0000000000000004e-08
147	5	881	2.4041736125946045	25.0	1.0000000000000004e-08
147	6	882	2.5135552883148193	17.5	1.0000000000000004e-08
148	1	883	2.204810619354248	17.5	1.0000000000000004e-08
148	2	884	2.430756092071533	12.5	1.0000000000000004e-08
148	3	885	2.304098606109619	15.0	1.0000000000000004e-08
148	4	886	2.316136360168457	20.0	1.0000000000000004e-08
148	5	887	2.175629138946533	15.0	1.0000000000000004e-08
148	6	888	2.3905482292175293	15.0	1.0000000000000004e-08
149	1	889	2.3200926780700684	20.0	1.0000000000000004e-08
149	2	890	2.1511082649230957	22.5	1.0000000000000004e-08
149	3	891	2.317258834838867	32.5	1.0000000000000004e-08
149	4	892	2.725167989730835	7.5	1.0000000000000004e-08
149	5	893	2.333362340927124	15.0	1.0000000000000004e-08
149	6	894	2.523267984390259	20.0	1.0000000000000004e-08
150	1	895	2.942690372467041	17.5	1.0000000000000004e-08
150	2	896	2.2983241081237793	22.5	1.0000000000000004e-08
150	3	897	2.301180362701416	15.0	1.0000000000000004e-08
150	4	898	2.317553997039795	27.5	1.0000000000000004e-08
150	5	899	2.2151339054107666	17.5	1.0000000000000004e-08
150	6	900	2.2519900798797607	25.0	1.0000000000000004e-08
151	1	901	2.3183727264404297	2.5	1.0000000000000004e-08
151	2	902	2.5586888790130615	22.5	1.0000000000000004e-08
151	3	903	2.226938486099243	27.5	1.0000000000000004e-08
151	4	904	2.2185845375061035	17.5	1.0000000000000004e-08
151	5	905	2.6678318977355957	15.0	1.0000000000000004e-08
151	6	906	2.5756988525390625	15.0	1.0000000000000004e-08
152	1	907	2.379927158355713	12.5	1.0000000000000004e-08
152	2	908	3.0137362480163574	10.0	1.0000000000000004e-08
152	3	909	2.4509401321411133	15.0	1.0000000000000004e-08
152	4	910	2.8287854194641113	10.0	1.0000000000000004e-08
152	5	911	2.279763698577881	12.5	1.0000000000000004e-08
152	6	912	2.542154312133789	17.5	1.0000000000000004e-08
153	1	913	2.0670409202575684	20.0	1.0000000000000004e-08
153	2	914	2.667567729949951	10.0	1.0000000000000004e-08
153	3	915	2.6306967735290527	10.0	1.0000000000000004e-08
153	4	916	2.666527271270752	17.5	1.0000000000000004e-08
153	5	917	2.490382671356201	20.0	1.0000000000000004e-08
153	6	918	2.293137550354004	22.5	1.0000000000000004e-08
154	1	919	2.3282039165496826	20.0	1.0000000000000004e-08
154	2	920	2.6091907024383545	10.0	1.0000000000000004e-08
154	3	921	2.313715934753418	10.0	1.0000000000000004e-08
154	4	922	2.3295204639434814	12.5	1.0000000000000004e-08
154	5	923	2.1903514862060547	22.5	1.0000000000000004e-08
154	6	924	2.80729079246521	5.0	1.0000000000000004e-08
155	1	925	2.4467251300811768	7.5	1.0000000000000004e-08
155	2	926	2.4466676712036133	17.5	1.0000000000000004e-08
155	3	927	2.503281831741333	15.0	1.0000000000000004e-08
155	4	928	2.4043772220611572	15.0	1.0000000000000004e-08
155	5	929	2.192014694213867	17.5	1.0000000000000004e-08
155	6	930	2.4965920448303223	17.5	1.0000000000000004e-08
156	1	931	2.198812961578369	25.0	1.0000000000000004e-08
156	2	932	2.591752052307129	20.0	1.0000000000000004e-08
156	3	933	2.3334226608276367	7.5	1.0000000000000004e-08
156	4	934	2.8668978214263916	7.5	1.0000000000000004e-08
156	5	935	2.7260794639587402	5.0	1.0000000000000004e-08
156	6	936	2.3373897075653076	22.5	1.0000000000000004e-08
157	1	937	2.1616878509521484	27.5	1.0000000000000004e-08
157	2	938	2.4468657970428467	17.5	1.0000000000000004e-08
157	3	939	2.5946125984191895	10.0	1.0000000000000004e-08
157	4	940	2.0811514854431152	30.0	1.0000000000000004e-08
157	5	941	2.060786485671997	22.5	1.0000000000000004e-08
157	6	942	2.294174909591675	15.0	1.0000000000000004e-08
158	1	943	2.1263880729675293	22.5	1.0000000000000004e-08
158	2	944	2.489522933959961	10.0	1.0000000000000004e-08
158	3	945	2.3416571617126465	12.5	1.0000000000000004e-08
158	4	946	2.4528329372406006	12.5	1.0000000000000004e-08
158	5	947	2.7641310691833496	15.0	1.0000000000000004e-08
158	6	948	2.4655983448028564	20.0	1.0000000000000004e-08
159	1	949	2.388723850250244	17.5	1.0000000000000004e-08
159	2	950	2.5998852252960205	15.0	1.0000000000000004e-08
159	3	951	2.381160259246826	17.5	1.0000000000000004e-08
159	4	952	2.3149704933166504	32.5	1.0000000000000004e-08
159	5	953	2.151496410369873	17.5	1.0000000000000004e-08
159	6	954	2.6533620357513428	17.5	1.0000000000000004e-08
160	1	955	2.3314175605773926	17.5	1.0000000000000004e-08
160	2	956	2.400456666946411	22.5	1.0000000000000004e-08
160	3	957	2.7933027744293213	15.0	1.0000000000000004e-08
160	4	958	2.2095274925231934	22.5	1.0000000000000004e-08
160	5	959	2.420241117477417	17.5	1.0000000000000004e-08
160	6	960	2.2318501472473145	20.0	1.0000000000000004e-08
161	1	961	2.6230854988098145	15.0	1.0000000000000004e-08
161	2	962	2.155456066131592	17.5	1.0000000000000004e-08
161	3	963	2.513505458831787	15.0	1.0000000000000004e-08
161	4	964	2.4583699703216553	10.0	1.0000000000000004e-08
161	5	965	2.3654463291168213	20.0	1.0000000000000004e-08
161	6	966	2.2553279399871826	25.0	1.0000000000000004e-08
162	1	967	2.4084935188293457	12.5	1.0000000000000004e-08
162	2	968	2.3535594940185547	20.0	1.0000000000000004e-08
162	3	969	2.4373419284820557	22.5	1.0000000000000004e-08
162	4	970	2.6209921836853027	15.0	1.0000000000000004e-08
162	5	971	2.1797263622283936	22.5	1.0000000000000004e-08
162	6	972	2.3795387744903564	20.0	1.0000000000000004e-08
163	1	973	2.5269734859466553	17.5	1.0000000000000004e-08
163	2	974	2.653658390045166	20.0	1.0000000000000004e-08
163	3	975	2.227450132369995	32.5	1.0000000000000004e-08
163	4	976	2.4346489906311035	15.0	1.0000000000000004e-08
163	5	977	2.702984571456909	12.5	1.0000000000000004e-08
163	6	978	2.342501640319824	22.5	1.0000000000000004e-08
164	1	979	2.5097873210906982	7.5	1.0000000000000004e-08
164	2	980	2.2496368885040283	25.0	1.0000000000000004e-08
164	3	981	2.205420732498169	20.0	1.0000000000000004e-08
164	4	982	2.6052021980285645	15.0	1.0000000000000004e-08
164	5	983	2.205252170562744	27.5	1.0000000000000004e-08
164	6	984	2.6689612865448	20.0	1.0000000000000004e-08
165	1	985	2.359846353530884	20.0	1.0000000000000004e-08
165	2	986	2.5786757469177246	0.0	1.0000000000000004e-08
165	3	987	2.4636552333831787	15.0	1.0000000000000004e-08
165	4	988	2.235460042953491	17.5	1.0000000000000004e-08
165	5	989	2.2018966674804688	27.5	1.0000000000000004e-08
165	6	990	2.2643179893493652	17.5	1.0000000000000004e-08
166	1	991	2.274523973464966	25.0	1.0000000000000004e-08
166	2	992	2.5746006965637207	12.5	1.0000000000000004e-08
166	3	993	2.6832334995269775	17.5	1.0000000000000004e-08
166	4	994	2.3701581954956055	25.0	1.0000000000000004e-08
166	5	995	2.435600996017456	12.5	1.0000000000000004e-08
166	6	996	2.3117589950561523	20.0	1.0000000000000004e-08
167	1	997	2.4021031856536865	20.0	1.0000000000000004e-08
167	2	998	2.9841763973236084	5.0	1.0000000000000004e-08
167	3	999	2.464552879333496	22.5	1.0000000000000004e-08
167	4	1000	2.2958943843841553	25.0	1.0000000000000004e-08
167	5	1001	2.4166691303253174	20.0	1.0000000000000004e-08
167	6	1002	2.3921236991882324	7.5	1.0000000000000004e-08
168	1	1003	2.3710155487060547	22.5	1.0000000000000004e-08
168	2	1004	2.280761241912842	25.0	1.0000000000000004e-08
168	3	1005	2.298187255859375	27.5	1.0000000000000004e-08
168	4	1006	2.1609139442443848	22.5	1.0000000000000004e-08
168	5	1007	2.632880449295044	7.5	1.0000000000000004e-08
168	6	1008	2.309701681137085	17.5	1.0000000000000004e-08
169	1	1009	2.287689208984375	20.0	1.0000000000000004e-08
169	2	1010	2.5200283527374268	15.0	1.0000000000000004e-08
169	3	1011	2.3910887241363525	22.5	1.0000000000000004e-08
169	4	1012	2.3687758445739746	12.5	1.0000000000000004e-08
169	5	1013	2.3081166744232178	17.5	1.0000000000000004e-08
169	6	1014	2.475811719894409	15.0	1.0000000000000004e-08
170	1	1015	2.5064127445220947	15.0	1.0000000000000004e-08
170	2	1016	2.112032413482666	27.5	1.0000000000000004e-08
170	3	1017	2.293414354324341	22.5	1.0000000000000004e-08
170	4	1018	2.5170907974243164	15.0	1.0000000000000004e-08
170	5	1019	2.2565603256225586	17.5	1.0000000000000004e-08
170	6	1020	2.7829480171203613	2.5	1.0000000000000004e-08
171	1	1021	2.304464101791382	17.5	1.0000000000000004e-08
171	2	1022	2.338550090789795	17.5	1.0000000000000004e-08
171	3	1023	2.7116217613220215	5.0	1.0000000000000004e-08
171	4	1024	2.2630374431610107	22.5	1.0000000000000004e-08
171	5	1025	2.433708667755127	12.5	1.0000000000000004e-08
171	6	1026	2.1561460494995117	17.5	1.0000000000000004e-08
172	1	1027	2.2719218730926514	27.5	1.0000000000000004e-08
172	2	1028	2.6942896842956543	7.5	1.0000000000000004e-08
172	3	1029	2.2070603370666504	15.0	1.0000000000000004e-08
172	4	1030	2.6607186794281006	10.0	1.0000000000000004e-08
172	5	1031	2.520838975906372	12.5	1.0000000000000004e-08
172	6	1032	2.4173595905303955	17.5	1.0000000000000004e-08
173	1	1033	2.366938829421997	22.5	1.0000000000000004e-08
173	2	1034	2.590080499649048	12.5	1.0000000000000004e-08
173	3	1035	2.3464293479919434	10.0	1.0000000000000004e-08
173	4	1036	2.678480386734009	15.0	1.0000000000000004e-08
173	5	1037	2.451214551925659	17.5	1.0000000000000004e-08
173	6	1038	2.2047555446624756	27.5	1.0000000000000004e-08
174	1	1039	2.2069058418273926	20.0	1.0000000000000004e-08
174	2	1040	2.096209764480591	22.5	1.0000000000000004e-08
174	3	1041	2.7221627235412598	15.0	1.0000000000000004e-08
174	4	1042	2.4845938682556152	17.5	1.0000000000000004e-08
174	5	1043	2.5347847938537598	20.0	1.0000000000000004e-08
174	6	1044	2.598249912261963	15.0	1.0000000000000004e-08
175	1	1045	2.1911678314208984	25.0	1.0000000000000004e-08
175	2	1046	2.2650625705718994	20.0	1.0000000000000004e-08
175	3	1047	2.367685317993164	15.0	1.0000000000000004e-08
175	4	1048	2.307807207107544	20.0	1.0000000000000004e-08
175	5	1049	2.4590559005737305	15.0	1.0000000000000004e-08
175	6	1050	2.6543426513671875	12.5	1.0000000000000004e-08
176	1	1051	2.571990728378296	20.0	1.0000000000000004e-08
176	2	1052	2.06337308883667	22.5	1.0000000000000004e-08
176	3	1053	2.5224337577819824	25.0	1.0000000000000004e-08
176	4	1054	2.116925001144409	37.5	1.0000000000000004e-08
176	5	1055	2.2304770946502686	10.0	1.0000000000000004e-08
176	6	1056	2.1558120250701904	20.0	1.0000000000000004e-08
177	1	1057	2.256012201309204	17.5	1.0000000000000004e-08
177	2	1058	2.4104762077331543	30.0	1.0000000000000004e-08
177	3	1059	2.650365114212036	12.5	1.0000000000000004e-08
177	4	1060	2.496534824371338	15.0	1.0000000000000004e-08
177	5	1061	2.600712537765503	17.5	1.0000000000000004e-08
177	6	1062	2.4077978134155273	17.5	1.0000000000000004e-08
178	1	1063	2.500051736831665	15.0	1.0000000000000004e-08
178	2	1064	2.2692179679870605	20.0	1.0000000000000004e-08
178	3	1065	2.138312339782715	12.5	1.0000000000000004e-08
178	4	1066	2.329798698425293	20.0	1.0000000000000004e-08
178	5	1067	2.4207334518432617	17.5	1.0000000000000004e-08
178	6	1068	2.204110622406006	7.5	1.0000000000000004e-08
179	1	1069	2.325873851776123	17.5	1.0000000000000004e-08
179	2	1070	2.4990506172180176	25.0	1.0000000000000004e-08
179	3	1071	2.3067312240600586	15.0	1.0000000000000004e-08
179	4	1072	2.2308201789855957	27.5	1.0000000000000004e-08
179	5	1073	2.290797710418701	20.0	1.0000000000000004e-08
179	6	1074	2.7495365142822266	12.5	1.0000000000000004e-08
180	1	1075	2.5250067710876465	20.0	1.0000000000000004e-08
180	2	1076	2.701951026916504	17.5	1.0000000000000004e-08
180	3	1077	2.4383440017700195	30.0	1.0000000000000004e-08
180	4	1078	2.389370918273926	20.0	1.0000000000000004e-08
180	5	1079	2.3303065299987793	15.0	1.0000000000000004e-08
180	6	1080	2.442492723464966	10.0	1.0000000000000004e-08
181	1	1081	2.481696844100952	15.0	1.0000000000000004e-08
181	2	1082	2.2253072261810303	17.5	1.0000000000000004e-08
181	3	1083	2.4769957065582275	10.0	1.0000000000000004e-08
181	4	1084	2.3921351432800293	25.0	1.0000000000000004e-08
181	5	1085	2.8159682750701904	12.5	1.0000000000000004e-08
181	6	1086	2.4469714164733887	12.5	1.0000000000000004e-08
182	1	1087	2.3721272945404053	22.5	1.0000000000000004e-08
182	2	1088	2.5382473468780518	17.5	1.0000000000000004e-08
182	3	1089	2.4452931880950928	17.5	1.0000000000000004e-08
182	4	1090	2.1625094413757324	22.5	1.0000000000000004e-08
182	5	1091	2.4179186820983887	15.0	1.0000000000000004e-08
182	6	1092	2.2750985622406006	20.0	1.0000000000000004e-08
183	1	1093	2.372570514678955	10.0	1.0000000000000004e-08
183	2	1094	2.4976460933685303	12.5	1.0000000000000004e-08
183	3	1095	2.270594835281372	10.0	1.0000000000000004e-08
183	4	1096	2.461787700653076	17.5	1.0000000000000004e-08
183	5	1097	2.5683343410491943	17.5	1.0000000000000004e-08
183	6	1098	2.4820666313171387	10.0	1.0000000000000004e-08
184	1	1099	2.150888442993164	17.5	1.0000000000000004e-08
184	2	1100	2.3368337154388428	27.5	1.0000000000000004e-08
184	3	1101	2.1176390647888184	20.0	1.0000000000000004e-08
184	4	1102	2.3243138790130615	12.5	1.0000000000000004e-08
184	5	1103	2.2189042568206787	27.5	1.0000000000000004e-08
184	6	1104	2.455462694168091	12.5	1.0000000000000004e-08
185	1	1105	2.2888245582580566	10.0	1.0000000000000004e-08
185	2	1106	2.075216054916382	20.0	1.0000000000000004e-08
185	3	1107	2.305201292037964	22.5	1.0000000000000004e-08
185	4	1108	2.1751527786254883	25.0	1.0000000000000004e-08
185	5	1109	2.539454221725464	15.0	1.0000000000000004e-08
185	6	1110	2.391031265258789	20.0	1.0000000000000004e-08
186	1	1111	2.3282949924468994	17.5	1.0000000000000004e-08
186	2	1112	2.2018885612487793	22.5	1.0000000000000004e-08
186	3	1113	2.2766823768615723	17.5	1.0000000000000004e-08
186	4	1114	2.604872941970825	20.0	1.0000000000000004e-08
186	5	1115	2.6421282291412354	15.0	1.0000000000000004e-08
186	6	1116	2.1836061477661133	22.5	1.0000000000000004e-08
187	1	1117	2.386822462081909	15.0	1.0000000000000004e-08
187	2	1118	2.054337978363037	32.5	1.0000000000000004e-08
187	3	1119	2.7790780067443848	5.0	1.0000000000000004e-08
187	4	1120	2.1965696811676025	17.5	1.0000000000000004e-08
187	5	1121	2.4367892742156982	17.5	1.0000000000000004e-08
187	6	1122	2.3047852516174316	17.5	1.0000000000000004e-08
188	1	1123	2.498598098754883	12.5	1.0000000000000004e-08
188	2	1124	2.2037484645843506	20.0	1.0000000000000004e-08
188	3	1125	2.4486546516418457	15.0	1.0000000000000004e-08
188	4	1126	2.2846179008483887	22.5	1.0000000000000004e-08
188	5	1127	2.3898966312408447	17.5	1.0000000000000004e-08
188	6	1128	2.607804298400879	5.0	1.0000000000000004e-08
189	1	1129	3.0909743309020996	7.5	1.0000000000000004e-08
189	2	1130	2.265747547149658	20.0	1.0000000000000004e-08
189	3	1131	2.580618381500244	15.0	1.0000000000000004e-08
189	4	1132	2.2556815147399902	12.5	1.0000000000000004e-08
189	5	1133	2.4150586128234863	15.0	1.0000000000000004e-08
189	6	1134	2.1140694618225098	32.5	1.0000000000000004e-08
190	1	1135	2.2334506511688232	22.5	1.0000000000000004e-08
190	2	1136	2.2295055389404297	25.0	1.0000000000000004e-08
190	3	1137	2.8589954376220703	7.5	1.0000000000000004e-08
190	4	1138	2.659811019897461	20.0	1.0000000000000004e-08
190	5	1139	2.4551901817321777	17.5	1.0000000000000004e-08
190	6	1140	2.1333200931549072	25.0	1.0000000000000004e-08
191	1	1141	3.0744986534118652	17.5	1.0000000000000004e-08
191	2	1142	2.8331761360168457	12.5	1.0000000000000004e-08
191	3	1143	2.877530336380005	15.0	1.0000000000000004e-08
191	4	1144	2.8958725929260254	20.0	1.0000000000000004e-08
191	5	1145	2.3359999656677246	27.5	1.0000000000000004e-08
191	6	1146	2.238758087158203	20.0	1.0000000000000004e-08
192	1	1147	2.223442792892456	5.0	1.0000000000000004e-08
192	2	1148	2.220374584197998	30.0	1.0000000000000004e-08
192	3	1149	2.4552664756774902	15.0	1.0000000000000004e-08
192	4	1150	2.3853697776794434	12.5	1.0000000000000004e-08
192	5	1151	2.5434319972991943	15.0	1.0000000000000004e-08
192	6	1152	2.7342729568481445	12.5	1.0000000000000004e-08
193	1	1153	2.4468677043914795	15.0	1.0000000000000004e-08
193	2	1154	2.056776285171509	27.5	1.0000000000000004e-08
193	3	1155	2.3677618503570557	17.5	1.0000000000000004e-08
193	4	1156	2.2792649269104004	27.5	1.0000000000000004e-08
193	5	1157	2.424408435821533	10.0	1.0000000000000004e-08
193	6	1158	2.4178426265716553	15.0	1.0000000000000004e-08
194	1	1159	2.5325894355773926	15.0	1.0000000000000004e-08
194	2	1160	2.378919839859009	10.0	1.0000000000000004e-08
194	3	1161	2.3983967304229736	17.5	1.0000000000000004e-08
194	4	1162	2.3979687690734863	12.5	1.0000000000000004e-08
194	5	1163	2.3039867877960205	22.5	1.0000000000000004e-08
194	6	1164	2.5732619762420654	20.0	1.0000000000000004e-08
195	1	1165	2.33017635345459	12.5	1.0000000000000004e-08
195	2	1166	2.3014957904815674	17.5	1.0000000000000004e-08
195	3	1167	2.4340102672576904	20.0	1.0000000000000004e-08
195	4	1168	2.2350735664367676	22.5	1.0000000000000004e-08
195	5	1169	2.2503702640533447	22.5	1.0000000000000004e-08
195	6	1170	2.503040313720703	15.0	1.0000000000000004e-08
196	1	1171	2.4488186836242676	20.0	1.0000000000000004e-08
196	2	1172	2.150656223297119	25.0	1.0000000000000004e-08
196	3	1173	2.239283800125122	17.5	1.0000000000000004e-08
196	4	1174	3.0417237281799316	15.0	1.0000000000000004e-08
196	5	1175	2.3114519119262695	22.5	1.0000000000000004e-08
196	6	1176	2.147458553314209	32.5	1.0000000000000004e-08
197	1	1177	2.925368309020996	5.0	1.0000000000000004e-08
197	2	1178	2.5736353397369385	17.5	1.0000000000000004e-08
197	3	1179	2.308654308319092	25.0	1.0000000000000004e-08
197	4	1180	2.2998626232147217	20.0	1.0000000000000004e-08
197	5	1181	2.5467183589935303	17.5	1.0000000000000004e-08
197	6	1182	2.349350929260254	20.0	1.0000000000000004e-08
198	1	1183	2.2449393272399902	20.0	1.0000000000000004e-08
198	2	1184	2.465716600418091	12.5	1.0000000000000004e-08
198	3	1185	2.1313655376434326	22.5	1.0000000000000004e-08
198	4	1186	2.131678819656372	25.0	1.0000000000000004e-08
198	5	1187	2.4490089416503906	12.5	1.0000000000000004e-08
198	6	1188	2.1743462085723877	20.0	1.0000000000000004e-08
199	1	1189	2.6391708850860596	17.5	1.0000000000000004e-08
199	2	1190	2.22194766998291	17.5	1.0000000000000004e-08
199	3	1191	2.2839112281799316	15.0	1.0000000000000004e-08
199	4	1192	2.6113712787628174	12.5	1.0000000000000004e-08
199	5	1193	2.429258108139038	22.5	1.0000000000000004e-08
199	6	1194	2.4196457862854004	20.0	1.0000000000000004e-08
200	1	1195	2.4263203144073486	20.0	1.0000000000000004e-08
200	2	1196	2.3964438438415527	17.5	1.0000000000000004e-08
200	3	1197	2.5325779914855957	17.5	1.0000000000000004e-08
200	4	1198	2.440066337585449	15.0	1.0000000000000004e-08
200	5	1199	2.4301953315734863	17.5	1.0000000000000004e-08
200	6	1200	2.504225254058838	15.0	1.0000000000000004e-08
201	1	1201	2.4934401512145996	15.0	1.0000000000000004e-08
201	2	1202	2.7997260093688965	10.0	1.0000000000000004e-08
201	3	1203	2.100714683532715	22.5	1.0000000000000004e-08
201	4	1204	2.1893699169158936	20.0	1.0000000000000004e-08
201	5	1205	2.2127509117126465	22.5	1.0000000000000004e-08
201	6	1206	2.272783041000366	22.5	1.0000000000000004e-08
202	1	1207	2.4357187747955322	15.0	1.0000000000000004e-08
202	2	1208	2.3788368701934814	12.5	1.0000000000000004e-08
202	3	1209	2.4821977615356445	20.0	1.0000000000000004e-08
202	4	1210	2.4295458793640137	7.5	1.0000000000000004e-08
202	5	1211	2.2961795330047607	25.0	1.0000000000000004e-08
202	6	1212	2.260529041290283	20.0	1.0000000000000004e-08
203	1	1213	2.4243290424346924	17.5	1.0000000000000004e-08
203	2	1214	2.4994120597839355	17.5	1.0000000000000004e-08
203	3	1215	2.7885375022888184	7.5	1.0000000000000004e-08
203	4	1216	2.2540109157562256	20.0	1.0000000000000004e-08
203	5	1217	2.384166955947876	10.0	1.0000000000000004e-08
203	6	1218	2.3373091220855713	15.0	1.0000000000000004e-08
204	1	1219	2.3059329986572266	27.5	1.0000000000000004e-08
204	2	1220	2.6672778129577637	15.0	1.0000000000000004e-08
204	3	1221	2.358384132385254	17.5	1.0000000000000004e-08
204	4	1222	2.25447678565979	15.0	1.0000000000000004e-08
204	5	1223	2.3643553256988525	10.0	1.0000000000000004e-08
204	6	1224	2.460235357284546	12.5	1.0000000000000004e-08
205	1	1225	2.6732499599456787	7.5	1.0000000000000004e-08
205	2	1226	2.82196044921875	10.0	1.0000000000000004e-08
205	3	1227	2.817309856414795	12.5	1.0000000000000004e-08
205	4	1228	2.517087459564209	20.0	1.0000000000000004e-08
205	5	1229	2.112152338027954	25.0	1.0000000000000004e-08
205	6	1230	2.2101669311523438	10.0	1.0000000000000004e-08
206	1	1231	2.3221731185913086	22.5	1.0000000000000004e-08
206	2	1232	2.136399984359741	12.5	1.0000000000000004e-08
206	3	1233	2.5406241416931152	20.0	1.0000000000000004e-08
206	4	1234	2.5811800956726074	20.0	1.0000000000000004e-08
206	5	1235	2.1605045795440674	20.0	1.0000000000000004e-08
206	6	1236	2.607825517654419	22.5	1.0000000000000004e-08
207	1	1237	2.209052562713623	22.5	1.0000000000000004e-08
207	2	1238	2.4661083221435547	20.0	1.0000000000000004e-08
207	3	1239	2.3140761852264404	15.0	1.0000000000000004e-08
207	4	1240	2.2403485774993896	25.0	1.0000000000000004e-08
207	5	1241	2.018908977508545	30.0	1.0000000000000004e-08
207	6	1242	2.94484543800354	7.5	1.0000000000000004e-08
208	1	1243	2.1316072940826416	32.5	1.0000000000000004e-08
208	2	1244	2.655979633331299	20.0	1.0000000000000004e-08
208	3	1245	2.627025604248047	12.5	1.0000000000000004e-08
208	4	1246	2.1920275688171387	25.0	1.0000000000000004e-08
208	5	1247	2.261791706085205	15.0	1.0000000000000004e-08
208	6	1248	2.0297083854675293	27.5	1.0000000000000004e-08
209	1	1249	2.5458579063415527	10.0	1.0000000000000004e-08
209	2	1250	2.7167162895202637	10.0	1.0000000000000004e-08
209	3	1251	2.4221837520599365	17.5	1.0000000000000004e-08
209	4	1252	2.4441580772399902	20.0	1.0000000000000004e-08
209	5	1253	2.2765767574310303	17.5	1.0000000000000004e-08
209	6	1254	2.2738163471221924	20.0	1.0000000000000004e-08
210	1	1255	2.2676138877868652	17.5	1.0000000000000004e-08
210	2	1256	2.1876275539398193	32.5	1.0000000000000004e-08
210	3	1257	2.4765801429748535	15.0	1.0000000000000004e-08
210	4	1258	2.291097402572632	22.5	1.0000000000000004e-08
210	5	1259	2.3858089447021484	20.0	1.0000000000000004e-08
210	6	1260	2.2301111221313477	22.5	1.0000000000000004e-08
211	1	1261	2.3994014263153076	12.5	1.0000000000000004e-08
211	2	1262	2.0739986896514893	30.0	1.0000000000000004e-08
211	3	1263	2.4350714683532715	17.5	1.0000000000000004e-08
211	4	1264	2.3031952381134033	30.0	1.0000000000000004e-08
211	5	1265	2.4233460426330566	20.0	1.0000000000000004e-08
211	6	1266	2.621799945831299	15.0	1.0000000000000004e-08
212	1	1267	2.053617000579834	30.0	1.0000000000000004e-08
212	2	1268	2.4523067474365234	20.0	1.0000000000000004e-08
212	3	1269	2.6837692260742188	15.0	1.0000000000000004e-08
212	4	1270	2.3039400577545166	15.0	1.0000000000000004e-08
212	5	1271	2.628333568572998	10.0	1.0000000000000004e-08
212	6	1272	2.260242223739624	12.5	1.0000000000000004e-08
213	1	1273	2.346930980682373	20.0	1.0000000000000004e-08
213	2	1274	2.305149555206299	10.0	1.0000000000000004e-08
213	3	1275	2.179713726043701	27.5	1.0000000000000004e-08
213	4	1276	2.533693790435791	15.0	1.0000000000000004e-08
213	5	1277	2.4691202640533447	10.0	1.0000000000000004e-08
213	6	1278	2.4002490043640137	22.5	1.0000000000000004e-08
214	1	1279	2.4577672481536865	12.5	1.0000000000000004e-08
214	2	1280	2.477851152420044	12.5	1.0000000000000004e-08
214	3	1281	2.4355618953704834	17.5	1.0000000000000004e-08
214	4	1282	2.619741678237915	17.5	1.0000000000000004e-08
214	5	1283	2.5130372047424316	25.0	1.0000000000000004e-08
214	6	1284	2.690418243408203	17.5	1.0000000000000004e-08
215	1	1285	1.9866933822631836	22.5	1.0000000000000004e-08
215	2	1286	2.213270664215088	25.0	1.0000000000000004e-08
215	3	1287	2.4683241844177246	25.0	1.0000000000000004e-08
215	4	1288	2.2793679237365723	20.0	1.0000000000000004e-08
215	5	1289	2.859506368637085	7.5	1.0000000000000004e-08
215	6	1290	3.2632362842559814	10.0	1.0000000000000004e-08
216	1	1291	2.3031487464904785	12.5	1.0000000000000004e-08
216	2	1292	2.1472089290618896	17.5	1.0000000000000004e-08
216	3	1293	2.2584457397460938	15.0	1.0000000000000004e-08
216	4	1294	2.29475736618042	15.0	1.0000000000000004e-08
216	5	1295	2.6377899646759033	10.0	1.0000000000000004e-08
216	6	1296	2.7549471855163574	17.5	1.0000000000000004e-08
217	1	1297	2.8295578956604004	17.5	1.0000000000000004e-08
217	2	1298	2.5145153999328613	12.5	1.0000000000000004e-08
217	3	1299	2.808764934539795	10.0	1.0000000000000004e-08
217	4	1300	2.2924141883850098	15.0	1.0000000000000004e-08
217	5	1301	2.765622138977051	12.5	1.0000000000000004e-08
217	6	1302	2.5113844871520996	7.5	1.0000000000000004e-08
218	1	1303	2.9624600410461426	15.0	1.0000000000000004e-08
218	2	1304	3.009458303451538	5.0	1.0000000000000004e-08
218	3	1305	2.7921483516693115	7.5	1.0000000000000004e-08
218	4	1306	2.37039852142334	10.0	1.0000000000000004e-08
218	5	1307	2.415335178375244	20.0	1.0000000000000004e-08
218	6	1308	2.2400619983673096	20.0	1.0000000000000004e-08
219	1	1309	2.654745578765869	15.0	1.0000000000000004e-08
219	2	1310	2.43501353263855	20.0	1.0000000000000004e-08
219	3	1311	2.452958822250366	15.0	1.0000000000000004e-08
219	4	1312	2.2484078407287598	20.0	1.0000000000000004e-08
219	5	1313	2.5459868907928467	17.5	1.0000000000000004e-08
219	6	1314	2.3212404251098633	25.0	1.0000000000000004e-08
220	1	1315	2.321150541305542	20.0	1.0000000000000004e-08
220	2	1316	2.1330184936523438	27.5	1.0000000000000004e-08
220	3	1317	2.5414576530456543	15.0	1.0000000000000004e-08
220	4	1318	2.33876633644104	15.0	1.0000000000000004e-08
220	5	1319	2.2116732597351074	17.5	1.0000000000000004e-08
220	6	1320	2.2841057777404785	17.5	1.0000000000000004e-08
221	1	1321	2.451648235321045	15.0	1.0000000000000004e-08
221	2	1322	2.435110569000244	15.0	1.0000000000000004e-08
221	3	1323	2.319432497024536	22.5	1.0000000000000004e-08
221	4	1324	2.4330897331237793	27.5	1.0000000000000004e-08
221	5	1325	2.754422426223755	7.5	1.0000000000000004e-08
221	6	1326	2.521164655685425	12.5	1.0000000000000004e-08
222	1	1327	2.276580333709717	22.5	1.0000000000000004e-08
222	2	1328	2.4415907859802246	17.5	1.0000000000000004e-08
222	3	1329	2.6385629177093506	10.0	1.0000000000000004e-08
222	4	1330	2.221541404724121	25.0	1.0000000000000004e-08
222	5	1331	2.4152708053588867	15.0	1.0000000000000004e-08
222	6	1332	2.3041844367980957	22.5	1.0000000000000004e-08
223	1	1333	2.5218911170959473	17.5	1.0000000000000004e-08
223	2	1334	2.468350410461426	15.0	1.0000000000000004e-08
223	3	1335	2.700228452682495	10.0	1.0000000000000004e-08
223	4	1336	2.2192065715789795	25.0	1.0000000000000004e-08
223	5	1337	2.3231241703033447	25.0	1.0000000000000004e-08
223	6	1338	2.3996570110321045	15.0	1.0000000000000004e-08
224	1	1339	2.0522313117980957	30.0	1.0000000000000004e-08
224	2	1340	2.1794655323028564	22.5	1.0000000000000004e-08
224	3	1341	2.1509461402893066	30.0	1.0000000000000004e-08
224	4	1342	2.5541465282440186	17.5	1.0000000000000004e-08
224	5	1343	2.742131233215332	15.0	1.0000000000000004e-08
224	6	1344	2.4182467460632324	10.0	1.0000000000000004e-08
