epoch	epistemic	aleatoric	random_param_mean	random_param_log_alpha	total_param_mean	total_param_log_alpha
1	3.311110063214384e-09	0.10617515138916717	0	0	0	0
2	1.490447659662636e-06	0.12841055938841403	0	0	0	0
3	2.8538735330936593e-06	0.13060409654626057	0	0	0	0
4	6.814071476402006e-06	0.16733245814344788	0	0	0	0
5	1.5238062300165778e-05	0.19465175447106908	0	0	0	0
6	8.314625197591852e-05	0.18731836300485316	0	0	0	0
7	0.0006920079377549654	0.20640637122774516	0	0	0	0
8	0.0006909402310646684	0.1992839789614814	0	0	0	0
9	9.980544629585586e-05	0.19568473822331534	0	0	0	0
10	7.89619375374806e-05	0.20395331880506706	0	0	0	0
11	0.0015042205408740683	0.2175164367582738	0	0	0	0
12	0.0025729027162739726	0.23203667830892272	0	0	0	0
13	0.0031322245636208335	0.23332826483129399	0	0	0	0
14	0.0034015805765756774	0.21828030599539083	0	0	0	0
15	0.0012425077971788268	0.2392130194360537	0	0	0	0
16	0.003861413479333914	0.23619448212083297	0	0	0	0
17	0.011303554059048412	0.2023387381868927	0	0	0	0
18	0.0019636201193717062	0.24644269636778957	0	0	0	0
19	0.001992319983171953	0.22266548409669618	0	0	0	0
20	0.0011971433723068498	0.21733440771612292	0	0	0	0
21	0.01133465691540661	0.20189962927623792	0	0	0	0
22	0.0038824130886225133	0.20353465742609908	0	0	0	0
23	0.0012222330357032213	0.21889866877102904	0	0	0	0
24	0.0030492537973169503	0.21974670280916916	0	0	0	0
25	0.0007689464422254988	0.2352333380270076	0	0	0	0
26	0.006578070521079837	0.2085140699475181	0	0	0	0
27	0.009357494442337563	0.20838613845708487	0	0	0	0
28	0.006286801573454681	0.24321630688059534	0	0	0	0
29	0.00740405684357881	0.24254553941970838	0	0	0	0
30	0.0039141262850134195	0.2407307343362103	0	0	0	0
31	0.002347068370751937	0.2473920325092213	0	0	0	0
32	0.011059024946877993	0.23460734139017672	0	0	0	0
33	0.004451002488069344	0.24371949446316124	0	0	0	0
34	0.003271642095978189	0.2296388163778733	0	0	0	0
35	0.004779871317211942	0.2262471927187016	0	0	0	0
36	0.004685964934647041	0.2362786851585712	0	0	0	0
37	0.007457506364146549	0.2321417180287435	0	0	0	0
38	0.008215851170274263	0.23248944915091782	0	0	0	0
39	0.008228396010964867	0.23058546437881647	0	0	0	0
40	0.011854831264565699	0.20931730735845466	0	0	0	0
41	0.003365605765142443	0.2380305817412299	0	0	0	0
42	0.0008102479892383718	0.24748708288689367	0	0	0	0
43	0.00023485033964379398	0.24794534204171903	0	0	0	0
44	0.0009120643768129599	0.23542725442619616	0	0	0	0
45	0.0010367316154168693	0.23101212327144913	0	0	0	0
46	0.0004980815476147982	0.24064835571818013	0	0	0	0
47	0.0006079642439511534	0.2396981221500436	0	0	0	0
48	0.0004981289463664162	0.23901048389589116	0	0	0	0
49	0.00345395553638779	0.2148272731517379	0	0	0	0
50	0.0002949063365562665	0.21863602664831117	0	0	0	0
51	0.0002669168516244297	0.21895548474982393	0	0	0	0
52	0.0024913996463893917	0.22600681036718454	0	0	0	0
53	0.002886974425720945	0.2354126349948391	0	0	0	0
54	0.0010232054934239676	0.2369694055848021	0	0	0	0
55	0.0019490200321062856	0.24607491473072773	0	0	0	0
56	0.004614728749300634	0.24537638206347356	0	0	0	0
57	0.004216579266642095	0.2456048973239572	0	0	0	0
58	0.0034171344319822716	0.24515427383554508	0	0	0	0
59	0.00033785169355542155	0.20646784346669675	0	0	0	0
60	0.0058424500364259585	0.20493391577008277	0	0	0	0
61	0.006008759267924699	0.19791370532951333	0	0	0	0
62	0.0034599557531562047	0.20113058029897388	0	0	0	0
63	0.0002483697983198807	0.2012301717502476	0	0	0	0
64	0.00026558389033481955	0.20993179400067122	0	0	0	0
65	0.0006163133156752848	0.21231726047752483	0	0	0	0
66	0.0006675900572634674	0.211258243581125	0	0	0	0
67	0.0009182534642943052	0.21355774025995503	0	0	0	0
68	0.0008223082886837096	0.2108156265567057	0	0	0	0
69	0.0006086326980917767	0.21184684067013362	0	0	0	0
70	0.0007857585552285967	0.21365374470145623	0	0	0	0
71	0.0010171794176030702	0.21346532982768748	0	0	0	0
72	0.0008359621168280568	0.212527947743775	0	0	0	0
73	0.00046989370847347334	0.20695746291352712	0	0	0	0
74	0.0004376016846641406	0.20580914836853945	0	0	0	0
75	0.0006300996149314619	0.20375502756924066	0	0	0	0
76	0.0007863371204954034	0.20118301862430896	0	0	0	0
77	0.000545883259569474	0.20433896020378217	0	0	0	0
78	0.0005480612207681285	0.20360056510347935	0	0	0	0
79	0.0005724380569906012	0.2054008357287751	0	0	0	0
80	0.0008860331371091518	0.2036253193420213	0	0	0	0
81	0.000551354873158369	0.20264564289303313	0	0	0	0
82	0.0004497026202372467	0.20327789383023198	0	0	0	0
83	0.0010842573469271727	0.1984763737088647	0	0	0	0
84	0.00035468572021872535	0.20447792765744252	0	0	0	0
85	0.0003191474042960607	0.2054678862387771	0	0	0	0
86	0.0003552222072986666	0.20740895168162599	0	0	0	0
87	0.0004018415229746636	0.20623511630878374	0	0	0	0
88	0.0005548754146327134	0.207257788735431	0	0	0	0
89	0.00044367779298581933	0.20811626960033358	0	0	0	0
90	0.00048201370893509454	0.20628814187275157	0	0	0	0
91	0.0003704062378727946	0.20987966121190707	0	0	0	0
92	0.0004895112070375518	0.20917732800114486	0	0	0	0
93	0.0004480461440202199	0.2068840847711749	0	0	0	0
94	0.00036464334735579473	0.20868523052292817	0	0	0	0
95	0.00037356939189772675	0.20850315334745298	0	0	0	0
96	0.0004192559459734041	0.20500137151337258	0	0	0	0
97	0.00037532092094631764	0.2029934934476604	0	0	0	0
98	0.00040655158905898714	0.20424932471832324	0	0	0	0
99	0.0006169844817427994	0.2025815606560307	0	0	0	0
100	0.0005408847057242622	0.20481969714146211	0	0	0	0
101	0.0007751240620456484	0.20424617765984573	0	0	0	0
102	0.0006474781139037822	0.20677868966322835	0	0	0	0
103	0.0005938389254942777	0.20875905667898773	0	0	0	0
104	0.0005465589814945132	0.20711407947443602	0	0	0	0
105	0.0006061256741285298	0.20309657649202575	0	0	0	0
106	0.0007881500754543247	0.20301590610031947	0	0	0	0
107	0.000670925730767602	0.2065944477496	0	0	0	0
108	0.0006266383738078168	0.20544833009223998	0	0	0	0
109	0.0005184843293408598	0.2057469569189149	0	0	0	0
110	0.0005074742333711219	0.20794860911905802	0	0	0	0
111	0.0005300804676055815	0.20604681170710837	0	0	0	0
112	0.0006233975080309762	0.2040707295769888	0	0	0	0
113	0.00048181003601772965	0.20627028311486453	0	0	0	0
114	0.000418019390646146	0.20583914470228346	0	0	0	0
115	0.000512253229468726	0.20507260563848848	0	0	0	0
116	0.000546012869508658	0.20648302934641935	0	0	0	0
117	0.0005041182664380223	0.20552195493491432	0	0	0	0
118	0.0004210037674923228	0.2072414620893559	0	0	0	0
119	0.00043257496003394624	0.2079378434972504	0	0	0	0
120	0.00058495286391054	0.20387269032777736	0	0	0	0
121	0.0005304450895341067	0.20546648795177594	0	0	0	0
122	0.0005417296285769452	0.20415168698424976	0	0	0	0
123	0.0003531115895937659	0.20629279479553939	0	0	0	0
124	0.00041006597869201744	0.20806608883639507	0	0	0	0
125	0.0005072426628809218	0.20676399573774576	0	0	0	0
126	0.0005398848120747174	0.20816575206147045	0	0	0	0
127	0.0005424453078032299	0.20758339516545318	0	0	0	0
128	0.000527710298512285	0.204743389171389	0	0	0	0
129	0.00047976278976295805	0.2050638718440639	0	0	0	0
130	0.0006535916871934361	0.2039830241129635	0	0	0	0
131	0.000773281798716649	0.20318703407019498	0	0	0	0
132	0.0005128738519821069	0.20848194408940598	0	0	0	0
133	0.0006568256064532485	0.2076757827974145	0	0	0	0
134	0.0005688222117578995	0.20630803203733983	0	0	0	0
135	0.0005179114369943533	0.20730205302556323	0	0	0	0
136	0.00047044106427722443	0.208747592592028	0	0	0	0
137	0.0004751399217991503	0.206618613583605	0	0	0	0
138	0.0005678043734729243	0.20447719621628657	0	0	0	0
139	0.0005126347889371913	0.2046907663556062	0	0	0	0
140	0.0004856725428281222	0.2054318376348562	0	0	0	0
141	0.00043199970037970103	0.2062023060711029	0	0	0	0
142	0.00044664471049335464	0.20527731712535946	0	0	0	0
143	0.0006433960892883589	0.2039406175342394	0	0	0	0
144	0.0006774434846041066	0.20298251586645547	0	0	0	0
145	0.0007247435567219185	0.20174405988560729	0	0	0	0
146	0.0004809824572762217	0.2053475214987346	0	0	0	0
147	0.0006099490802843333	0.2057840696239627	0	0	0	0
148	0.0005781127298411376	0.20688129545024067	0	0	0	0
149	0.0006221486441441854	0.20559347657394125	0	0	0	0
150	0.0005741105742824715	0.20604330864962073	0	0	0	0
151	0.0006407560182572353	0.20320282848781654	0	0	0	0
152	0.0011213828079386784	0.20111808756322605	0	0	0	0
153	0.0005665279229160047	0.20294653785866235	0	0	0	0
154	0.0006078195197787295	0.20549365738818182	0	0	0	0
155	0.0006664534338987615	0.20473196743958333	0	0	0	0
156	0.0004217610209643202	0.20563899026237178	0	0	0	0
157	0.0003146970099449503	0.2048808443667228	0	0	0	0
158	0.00040103810223515723	0.20520465386140044	0	0	0	0
159	0.00043918795439187863	0.20678903579353847	0	0	0	0
160	0.00038394668492180983	0.20698905456827976	0	0	0	0
161	0.00045072579341741414	0.20567557028234842	0	0	0	0
162	0.0006274285582169581	0.20581133688209827	0	0	0	0
163	0.0008003750471416993	0.20416712287744332	0	0	0	0
164	0.00039727383664060756	0.2055385514804152	0	0	0	0
165	0.0003655536871962489	0.2079279291038434	0	0	0	0
166	0.0003749013630651582	0.20467829652772926	0	0	0	0
167	0.0004037514214232374	0.20697948794030818	0	0	0	0
168	0.0006617157859388767	0.2121780479668054	0	0	0	0
169	0.0005383129256050501	0.21028707024048585	0	0	0	0
170	0.0004293161180189409	0.20544741659644217	0	0	0	0
171	0.0005482044068734898	0.20441021978398824	0	0	0	0
172	0.0005388384000381691	0.20649018322304138	0	0	0	0
173	0.0004774098356062906	0.20665838520677435	0	0	0	0
174	0.0004560060213203293	0.20713408998623883	0	0	0	0
175	0.0005689179973145525	0.20478616041047193	0	0	0	0
176	0.0009818206087588155	0.2030608767914439	0	0	0	0
177	0.000659072252889345	0.20500187741091866	0	0	0	0
178	0.00040804192233678815	0.20534664231837318	0	0	0	0
179	0.00034753081876240377	0.20519246336990657	0	0	0	0
180	0.0004582765384268106	0.2048773587053573	0	0	0	0
181	0.0007918748257124547	0.2015395264418268	0	0	0	0
182	0.0004027151162898923	0.2049277930774472	0	0	0	0
183	0.00037049564562212367	0.2085860441069111	0	0	0	0
184	0.0003311938091269395	0.20528485426941234	0	0	0	0
185	0.00033566620940621295	0.20597152699311336	0	0	0	0
186	0.00036425308764165276	0.20563120039453686	0	0	0	0
187	0.0004094182151859749	0.2030653986494162	0	0	0	0
188	0.0005631616239394205	0.20035022495228097	0	0	0	0
189	0.00039154763170994034	0.20659505461071279	0	0	0	0
190	0.00038516452410083946	0.2054211594742288	0	0	0	0
191	0.0005212645081567047	0.20313718505723877	0	0	0	0
192	0.0005517719379475733	0.20460787236331335	0	0	0	0
193	0.0007788040709938854	0.2010103632907437	0	0	0	0
194	0.0005193073615029631	0.2041294440503257	0	0	0	0
195	0.0003978910044235562	0.20450705043336548	0	0	0	0
196	0.0005204393822130227	0.20576020369665513	0	0	0	0
197	0.0004344245861900853	0.20484806149799972	0	0	0	0
198	0.0005499576903924414	0.20412268360626898	0	0	0	0
199	0.0006760106497415846	0.20254330977197407	0	0	0	0
200	0.0005270196103585034	0.20320223508135715	0	0	0	0
201	0.0006449361580810609	0.2055708927707792	0	0	0	0
202	0.000521684029021155	0.20710483161441426	0	0	0	0
203	0.0005331629906850516	0.20648653368367853	0	0	0	0
204	0.0007095038271863197	0.20425424581169901	0	0	0	0
205	0.0005458736450775631	0.20382431136920628	0	0	0	0
206	0.00046978132249619886	0.2075818441198738	0	0	0	0
207	0.00044920552192354024	0.2075091045022773	0	0	0	0
208	0.0005439593213202726	0.21000590286513296	0	0	0	0
209	0.0005668629899668737	0.21072303377763824	0	0	0	0
210	0.0005666638856551554	0.20724952195852264	0	0	0	0
211	0.0005698016069578954	0.20483870584506234	0	0	0	0
212	0.00047856599922269094	0.2058435186570744	0	0	0	0
213	0.0005867881524507651	0.20484965702487598	0	0	0	0
214	0.0007014541083297798	0.20438035686558287	0	0	0	0
215	0.0005272329782477769	0.20382900069034302	0	0	0	0
216	0.00047446436753535715	0.2074469615983595	0	0	0	0
217	0.000551855490014172	0.20600718653146247	0	0	0	0
218	0.0006458730508441118	0.20701286846398462	0	0	0	0
219	0.0005448671221943563	0.2082270053534332	0	0	0	0
220	0.0004653754906895763	0.20513953783181105	0	0	0	0
221	0.0004706787532055279	0.2054456341967891	0	0	0	0
222	0.0006324555772680845	0.2045990315577765	0	0	0	0
223	0.0005236707439393723	0.20781861785701108	0	0	0	0
224	0.0006199602448335589	0.20746256153646728	0	0	0	0
225	0.0005196983737157934	0.20932181992231028	0	0	0	0
226	0.0005501835238948538	0.2085387206725562	0	0	0	0
227	0.0004543436837579212	0.20705857024173793	0	0	0	0
228	0.0005702204253134752	0.20540178601866513	0	0	0	0
229	0.0006858335973738278	0.20218780384635862	0	0	0	0
230	0.0006399417143738428	0.2021820946270836	0	0	0	0
231	0.000435370501126367	0.20347540980693749	0	0	0	0
232	0.00037689862319784107	0.20790684554821257	0	0	0	0
233	0.0004616181894579463	0.20548757715323873	0	0	0	0
234	0.0004139265098870859	0.20637691029996041	0	0	0	0
235	0.00036612839425388677	0.2067885987681155	0	0	0	0
236	0.00036116045632085536	0.20659376088310388	0	0	0	0
237	0.0005440627832324907	0.2062534312799773	0	0	0	0
238	0.00089383195167414	0.20142501473664787	0	0	0	0
239	0.0005286395322558896	0.2036554868709238	0	0	0	0
240	0.0005454533198329392	0.20238147265495096	0	0	0	0
241	0.00040440223469022374	0.204990347076022	0	0	0	0
242	0.0007955865887304819	0.20382023664519977	0	0	0	0
243	0.000524084748043871	0.2059036247277127	0	0	0	0
244	0.0004788135251323905	0.20641277702244723	0	0	0	0
245	0.000663357673946971	0.2068859025870792	0	0	0	0
246	0.0007901628035548308	0.20228544141480764	0	0	0	0
247	0.0006227955969709265	0.20539399030444758	0	0	0	0
248	0.0009535631376795806	0.20151340802070639	0	0	0	0
249	0.0007555252638934695	0.20454179485774157	0	0	0	0
250	0.0006699422102824093	0.2066232737390615	0	0	0	0
251	0.0008287563920380686	0.20411670072415777	0	0	0	0
252	0.0004723721994845248	0.20767829362708698	0	0	0	0
253	0.0004815145031123319	0.20625070644301324	0	0	0	0
254	0.0005110013435601912	0.2017448305886346	0	0	0	0
255	0.00047471159170935084	0.20481069024101237	0	0	0	0
256	0.0006405501347499926	0.20174050880357522	0	0	0	0
257	0.0006144447889667171	0.20044402456471921	0	0	0	0
258	0.0008771353791241082	0.1993824020028002	0	0	0	0
259	0.000885433677086378	0.2027551446589199	0	0	0	0
260	0.0008973494663090803	0.20415844309784367	0	0	0	0
261	0.0007685080839024139	0.20634872506244614	0	0	0	0
262	0.0007161592598522865	0.20365982510068611	0	0	0	0
263	0.0005146491582629364	0.20596375443672224	0	0	0	0
264	0.00066554451542504	0.2060638454375002	0	0	0	0
265	0.0009661569403139891	0.20313577858093237	0	0	0	0
266	0.0005476700510129717	0.20664375779512412	0	0	0	0
267	0.0005585915003284564	0.2034824554143464	0	0	0	0
268	0.0006497769780171581	0.2031769411595281	0	0	0	0
269	0.00039922516946354347	0.20677965565729117	0	0	0	0
270	0.0003536346699350573	0.20809678309319649	0	0	0	0
271	0.00046413392446374713	0.2067673851882441	0	0	0	0
272	0.0005931538860419749	0.20771519433829955	0	0	0	0
273	0.0004663704724843093	0.20561333237943855	0	0	0	0
274	0.0005037458514822596	0.206784321156927	0	0	0	0
275	0.00048354797370364633	0.20690636436488022	0	0	0	0
276	0.0004885596449479834	0.20653583669936726	0	0	0	0
277	0.0007165884952870932	0.20392618840405863	0	0	0	0
278	0.0006367393108682035	0.20599721891472425	0	0	0	0
279	0.0005461999228499742	0.2028585095442533	0	0	0	0
280	0.0004998950419632664	0.2047959716123969	0	0	0	0
281	0.0005278709839499768	0.20483126262259935	0	0	0	0
282	0.0004930546331070457	0.20744695392271387	0	0	0	0
283	0.0004519254441913978	0.2072092362983581	0	0	0	0
284	0.00045197912040861876	0.20764108159127628	0	0	0	0
285	0.0004792950589555811	0.2046404560974704	0	0	0	0
286	0.00046330130836184924	0.20412561529449688	0	0	0	0
287	0.00044800134720034135	0.20536214847512943	0	0	0	0
288	0.0005051841390542461	0.20704429308053474	0	0	0	0
289	0.00044913340485901176	0.20495135606543288	0	0	0	0
290	0.0004246654671885841	0.20554683236739132	0	0	0	0
291	0.0005337522163370023	0.20692594281577037	0	0	0	0
292	0.0005018637781240426	0.2069958592660696	0	0	0	0
293	0.0005132416245340748	0.20684977875046093	0	0	0	0
294	0.0005360168631890899	0.2096511773049595	0	0	0	0
295	0.0005346969706953031	0.21044035290289584	0	0	0	0
296	0.0005492842219627647	0.2106221756608564	0	0	0	0
297	0.0003312307273915238	0.20693654134043568	0	0	0	0
298	0.0002727398265710973	0.2056552652121709	0	0	0	0
299	0.0005205609948450984	0.20870635540035654	0	0	0	0
300	0.0004346258107524176	0.2081956788014354	0	0	0	0
301	0.0005201835051411863	0.20844793575414075	0	0	0	0
302	0.0004857444332210248	0.20778999698822678	0	0	0	0
303	0.000747370284636048	0.20521551409549796	0	0	0	0
304	0.0006594918261170618	0.2042443484109547	0	0	0	0
305	0.0009018200529301856	0.19976671206099036	0	0	0	0
306	0.0005764710501600517	0.2031909534375019	0	0	0	0
307	0.000412264608898108	0.2047641943025118	0	0	0	0
308	0.00043644432718202564	0.2049438984097467	0	0	0	0
309	0.0003824107523331677	0.20547805244944448	0	0	0	0
310	0.0004951943999045583	0.2088745712770844	0	0	0	0
311	0.00045437902961807664	0.20852619130670438	0	0	0	0
312	0.00040980650003834274	0.20905455008127957	0	0	0	0
313	0.0003842459371379142	0.205963263766348	0	0	0	0
314	0.0003934724706721182	0.20537191821648962	0	0	0	0
315	0.0007622509132007294	0.20099030630497863	0	0	0	0
316	0.0005714923935046939	0.20398884517682556	0	0	0	0
317	0.0006084956740214503	0.20478522976824198	0	0	0	0
318	0.0005756006722853896	0.20700846001996207	0	0	0	0
319	0.0007880949267463633	0.20405512478904045	0	0	0	0
320	0.0006283197941446966	0.20686068231834387	0	0	0	0
321	0.0005889736097244858	0.2069950216123416	0	0	0	0
322	0.0005361922292201199	0.2079185952397887	0	0	0	0
323	0.000453673177335176	0.20435664256323824	0	0	0	0
324	0.0005148859771521713	0.20591509618200524	0	0	0	0
325	0.00047141675043033127	0.20843647284496422	0	0	0	0
326	0.0005346364824805883	0.20486125417593026	0	0	0	0
327	0.0006463396710980618	0.2067333189535585	0	0	0	0
328	0.0005859080735148153	0.20529641268096052	0	0	0	0
329	0.0005448159535201141	0.20534497861641773	0	0	0	0
330	0.0004902536910413174	0.2056537607153984	0	0	0	0
331	0.0004957992297913022	0.20556729259153558	0	0	0	0
332	0.0004405620980328234	0.20531349526140433	0	0	0	0
333	0.0005371129964996391	0.20668555518575685	0	0	0	0
334	0.00040149483236560923	0.20453066435035083	0	0	0	0
335	0.00046118484998698694	0.20510167171117613	0	0	0	0
336	0.0003967536564497276	0.20438601606336082	0	0	0	0
337	0.0004574774521635544	0.20620061948880952	0	0	0	0
338	0.0007396164805432148	0.20251679057736371	0	0	0	0
339	0.0007301444047091571	0.20054289426309388	0	0	0	0
340	0.0005396007063173391	0.20284789216270452	0	0	0	0
341	0.000699501186301868	0.19883152142514118	0	0	0	0
342	0.0004306234395949765	0.20422413593778396	0	0	0	0
343	0.000634053479375396	0.20464676041795293	0	0	0	0
344	0.0009124987847736604	0.2001788689437601	0	0	0	0
345	0.0005617352749273108	0.20450657048192125	0	0	0	0
346	0.00047180814376822366	0.20264923383739694	0	0	0	0
347	0.0003223174551549163	0.20285281235643934	0	0	0	0
348	0.0003442516790581607	0.20266995511314612	0	0	0	0
349	0.000552155699213755	0.20090441557985028	0	0	0	0
350	0.0007307773528621858	0.20494645764093158	0	0	0	0
351	0.0006874281874250654	0.20430151081138406	0	0	0	0
352	0.0005761377371865939	0.20585046440602225	0	0	0	0
353	0.0005281650207241695	0.20861689649887735	0	0	0	0
354	0.00044779235972747244	0.20921998053977653	0	0	0	0
355	0.0004202189017521313	0.20842713890649112	0	0	0	0
356	0.0004966794403623992	0.20818756439696204	0	0	0	0
357	0.0009557648835457067	0.20164473609959455	0	0	0	0
358	0.000814450300330602	0.20328008068263123	0	0	0	0
359	0.0005644198473778866	0.20382805233455237	0	0	0	0
360	0.0005563542193680604	0.20309981137422817	0	0	0	0
361	0.0004791156649548989	0.20432117279181128	0	0	0	0
362	0.0008166897912051246	0.20278548454847697	0	0	0	0
363	0.00043031356007421084	0.20660595644082433	0	0	0	0
364	0.0004721331073537227	0.20722676624128145	0	0	0	0
365	0.0005253047625013024	0.2060099313486917	0	0	0	0
366	0.0005411266743815119	0.20726913382484793	0	0	0	0
367	0.0006701975532876076	0.2090760385871023	0	0	0	0
368	0.00046551519903263727	0.20560137465804326	0	0	0	0
369	0.0004126156147427479	0.20361100462398637	0	0	0	0
370	0.00040790885556674095	0.2047644823620048	0	0	0	0
371	0.0007835241411002503	0.2010532149799611	0	0	0	0
372	0.0005357814859154597	0.20216896515840865	0	0	0	0
373	0.0006171362693421778	0.20425158084979186	0	0	0	0
374	0.0004444307811587861	0.20779661236090016	0	0	0	0
375	0.000467745847549092	0.20568987736843583	0	0	0	0
376	0.0003801447867909785	0.205858272310928	0	0	0	0
377	0.0004183170882614412	0.20684572563989376	0	0	0	0
378	0.0003640388622261903	0.20543218934480154	0	0	0	0
379	0.00045353434991095287	0.20290832503228393	0	0	0	0
380	0.00045602503227885893	0.20613821276719188	0	0	0	0
