epoch	epistemic	aleatoric	random_param_mean	random_param_log_alpha	total_param_mean	total_param_log_alpha
1	0.00020898128296724036	0.12140382065718865	0.0020286773797124624	-4.999939918518066	-3.154810474370606e-05	-4.999939441680908
2	0.0002127837062868565	0.1241972816117618	0.0020272734109312296	-4.999879837036133	-3.151545752189122e-05	-4.999878406524658
3	0.0009507286834165157	0.1318383695793048	0.002008805051445961	-4.999819755554199	-3.163422297802754e-05	-4.999817848205566
4	0.00022474157376074777	0.13249901173702697	0.0020060839597135782	-4.999759674072266	-3.2175918022403494e-05	-4.999756813049316
5	0.0010500540001415204	0.15334221360429154	0.0020044322591274977	-4.999699592590332	-3.288522202637978e-05	-4.999697685241699
6	1.4426166319008588e-05	0.13817352605207764	0.0020116628147661686	-4.999639511108398	-3.305345671833493e-05	-4.999637126922607
7	0.0007073227916249702	0.1666404947531388	0.0020257909782230854	-4.999579429626465	-3.293349436717108e-05	-4.999576091766357
8	0.017022776152777627	0.20154922309682619	0.002037245314568281	-4.999519348144531	-3.326149453641847e-05	-4.999515533447266
9	0.0022878764597711113	0.17032212031197802	0.002048487076535821	-4.999459266662598	-3.419059794396162e-05	-4.999462127685547
10	0.0029773594395722316	0.157919947871532	0.00207553175278008	-4.999399185180664	-3.4850731026381254e-05	-4.999401092529297
11	0.0007859545598797729	0.2004390571280835	0.002082531340420246	-4.9993391036987305	-3.540666148182936e-05	-4.999340534210205
12	0.0009800366908809047	0.15720267160846899	0.0020829602144658566	-4.999279022216797	-3.520177415339276e-05	-4.999281406402588
13	0.0028441900218367025	0.16702593764170567	0.0020773163996636868	-4.999218940734863	-3.452125747571699e-05	-4.999220371246338
14	0.011425541592237659	0.22968864796236085	0.0020867662969976664	-4.99915885925293	-3.388195182196796e-05	-4.999159812927246
15	0.02344496573229682	0.201093697345897	0.0021040537394583225	-4.999098777770996	-3.3155272831209004e-05	-4.999098777770996
16	0.0012368178385086387	0.185876885442079	0.0021136628929525614	-4.9990386962890625	-3.2728788937674835e-05	-4.999038219451904
17	0.0004667425863505367	0.1726291106023324	0.0021202138159424067	-4.998978614807129	-3.1768020562594756e-05	-4.998978614807129
18	0.014352297476200454	0.2171243007662235	0.002126873703673482	-4.998918533325195	-3.114432547590695e-05	-4.998917579650879
19	0.0023336118224154268	0.200573980952412	0.0021437834948301315	-4.998858451843262	-3.0494371458189562e-05	-4.998857498168945
20	0.00785073557330103	0.18989720399818114	0.002142729004845023	-4.998798370361328	-3.069574449909851e-05	-4.998796463012695
21	0.0007184918076769548	0.1988187749833171	0.0021434498485177755	-4.9987382888793945	-3.070000093430281e-05	-4.99873685836792
22	0.0060410940522461765	0.1890420304498579	0.00213803187943995	-4.998678207397461	-3.108103555859998e-05	-4.998676300048828
23	0.00028634551902826516	0.17846128763700553	0.0021383834537118673	-4.9986724853515625	-3.1097439205041155e-05	-4.998672008514404
24	0.021386731839522	0.2137478759112712	0.0021379173267632723	-4.998666763305664	-3.107390148215927e-05	-4.998668670654297
25	0.0001682444670064731	0.19208746276120428	0.0021374120842665434	-4.998661041259766	-3.1026211217977107e-05	-4.998658180236816
26	0.03266555639813573	0.20228543747471606	0.0021356113720685244	-4.998655319213867	-3.103724884567782e-05	-4.998656749725342
27	0.0027873357108797875	0.2153107819301224	0.002133432077243924	-4.998649597167969	-3.104463030467741e-05	-4.998653411865234
28	0.0018052926020890384	0.17989365203387586	0.0021317775826901197	-4.99864387512207	-3.105182258877903e-05	-4.998642921447754
29	0.0028113251195562156	0.21188152315093176	0.0021323782857507467	-4.998638153076172	-3.110494799329899e-05	-4.998640537261963
30	0.004547241465028828	0.1964474079805448	0.0021336558274924755	-4.998632431030273	-3.1097639293875545e-05	-4.998630046844482
31	0.005476493560889806	0.18624730254248623	0.0021341184619814157	-4.998626708984375	-3.107469456153922e-05	-4.998626708984375
32	0.012455656009059388	0.18852298467308004	0.002135864458978176	-4.998620986938477	-3.102881964878179e-05	-4.998623371124268
33	0.006821896885069886	0.1856206483944199	0.0021366665605455637	-4.998615264892578	-3.100254252785817e-05	-4.998613357543945
34	0.004238784424782427	0.1789457551890794	0.0021376190707087517	-4.99860954284668	-3.0955350666772574e-05	-4.998610496520996
35	0.01445789216679104	0.1996567708040958	0.0021380747202783823	-4.998603820800781	-3.0874893127474934e-05	-4.998600006103516
36	0.004624144937471986	0.1682817159997545	0.0021387406159192324	-4.998598098754883	-3.079153975704685e-05	-4.998596668243408
37	0.0008395069076758688	0.17014619565090516	0.0021393990609794855	-4.998592376708984	-3.080950045841746e-05	-4.998595237731934
38	0.0012135510220871587	0.1997346220234756	0.0021388200111687183	-4.998586654663086	-3.082071270910092e-05	-4.998584747314453
39	0.00019654733441754751	0.15614120229661724	0.002137349219992757	-4.9985809326171875	-3.092304177698679e-05	-4.998581409454346
40	0.003667757790010384	0.2006404766470542	0.0021358283702284098	-4.998575210571289	-3.0994513508630916e-05	-4.998577117919922
41	0.02079478608155183	0.18757563845639802	0.0021340909879654646	-4.998569488525391	-3.103450944763608e-05	-4.998566627502441
42	0.005067977718687042	0.19053587059474975	0.0021341831889003515	-4.998563766479492	-3.102624759776518e-05	-4.998565196990967
43	0.024516988995836583	0.1868714019148711	0.0021352351177483797	-4.998558044433594	-3.099952664342709e-05	-4.998561859130859
44	0.004945176504602827	0.22783398860009849	0.002136235823854804	-4.998552322387695	-3.103250855929218e-05	-4.998551368713379
45	0.000890794382385901	0.17183545823140692	0.0021364421118050814	-4.998546600341797	-3.109311728621833e-05	-4.998548984527588
46	0.0008225080286871911	0.2192913735860298	0.0021371375769376755	-4.998540878295898	-3.117898813798092e-05	-4.998538494110107
47	0.008727752088646998	0.19496426408487597	0.0021366162691265345	-4.99853515625	-3.125124567304738e-05	-4.99853515625
48	0.009818943106938482	0.2039926262146532	0.002135494025424123	-4.998529434204102	-3.125280636595562e-05	-4.998531818389893
49	0.0404699277130275	0.18399563148212753	0.002133631147444248	-4.998523712158203	-3.128734169877134e-05	-4.99852180480957
50	0.0022772999871416566	0.18275079755117618	0.002131323330104351	-4.998517990112305	-3.1293719075620174e-05	-4.998518943786621
51	0.0057171879225830224	0.22133694996168973	0.0021295577753335238	-4.998512268066406	-3.127233139821328e-05	-4.998508453369141
52	0.0026679560997970586	0.17257802855113766	0.002128056949004531	-4.998506546020508	-3.128375465166755e-05	-4.998505115509033
53	0.020138259443569506	0.19994281657843183	0.002126931445673108	-4.998500823974609	-3.132125857518986e-05	-4.998503684997559
54	0.0004743359180794174	0.15628992893422144	0.0021250126883387566	-4.998495101928711	-3.13163545797579e-05	-4.998493194580078
55	0.0003046157326777321	0.2296262483088428	0.002124051097780466	-4.9984893798828125	-3.137759995297529e-05	-4.998488903045654
56	0.009966330826502626	0.190431186726748	0.002123053651303053	-4.998483657836914	-3.143560024909675e-05	-4.998485565185547
57	0.00010297769872505413	0.18935692078524183	0.002121237339451909	-4.998477935791016	-3.1443421903532e-05	-4.998475074768066
58	0.0039931649075863745	0.1914239154931423	0.0021189197432249784	-4.998472213745117	-3.1456223950954154e-05	-4.998473644256592
59	0.0009886224518058442	0.1760017408681184	0.002118393313139677	-4.998466491699219	-3.141313936794177e-05	-4.998470306396484
60	0.0006487390407357574	0.2182718830390522	0.002118567004799843	-4.998466491699219	-3.141257184324786e-05	-4.998470306396484
61	0.001536902482626612	0.17198237362757185	0.002118785632774234	-4.998466491699219	-3.14127464662306e-05	-4.998470306396484
62	0.0015194742579633241	0.19790086101353074	0.002118971198797226	-4.998466491699219	-3.1414430850418285e-05	-4.998470306396484
63	0.002223333896123114	0.19565531333444283	0.0021192110143601894	-4.998466491699219	-3.141516572213732e-05	-4.998470306396484
64	0.007144869184183257	0.15483313554154096	0.0021193630527704954	-4.998466491699219	-3.141372508252971e-05	-4.998470306396484
65	0.007068846780043894	0.20514654722755013	0.0021195460576564074	-4.998466491699219	-3.141238266834989e-05	-4.998470306396484
66	0.001491971431381002	0.1740305902136942	0.0021196736488491297	-4.998466491699219	-3.141267006867565e-05	-4.998470306396484
67	0.010330411698894176	0.22959206505020635	0.0021197409369051456	-4.998466491699219	-3.1417355785379186e-05	-4.998470306396484
68	0.005087258214311038	0.21349069507643267	0.0021196622401475906	-4.998466491699219	-3.1424864573637024e-05	-4.998470306396484
69	0.0014301862958805422	0.1669102183372131	0.002119486453011632	-4.998466491699219	-3.1432482501259074e-05	-4.998470306396484
70	0.0002452178594286869	0.2301639447193707	0.002119426615536213	-4.998466491699219	-3.1436084100278094e-05	-4.998470306396484
71	0.005827181564705283	0.18890023571850803	0.0021193583961576223	-4.998466491699219	-3.1431842216989025e-05	-4.998470306396484
72	0.030322154027496856	0.20722971603112605	0.002119298093020916	-4.998466491699219	-3.1424173357663676e-05	-4.998470306396484
73	0.002415360448460177	0.22243787219441144	0.0021192303393036127	-4.998466491699219	-3.1418734579347074e-05	-4.998470306396484
74	0.007764001312161289	0.2159678160695023	0.0021191013511270285	-4.998466491699219	-3.1420448067365214e-05	-4.998470306396484
75	0.017689378113636592	0.1732294459371666	0.00211905175819993	-4.998466491699219	-3.1416868296219036e-05	-4.998470306396484
76	0.0021983776592497187	0.17439869893159674	0.0021189886610955	-4.998466491699219	-3.1412455427926034e-05	-4.998470306396484
77	0.0004457379556589841	0.21128479213575288	0.0021189020480960608	-4.998466491699219	-3.141204433632083e-05	-4.998470306396484
78	0.007253854707519436	0.19780927498534018	0.0021188282407820225	-4.998466491699219	-3.141143315588124e-05	-4.998470306396484
79	0.0037018635982579567	0.1944623525347032	0.002118742559105158	-4.998466491699219	-3.1409002986038104e-05	-4.998470306396484
80	0.013074475325711175	0.16943287230046744	0.002118720207363367	-4.998466491699219	-3.1406110792886466e-05	-4.998470306396484
81	0.006742011352287719	0.22623880066900734	0.0021187206730246544	-4.998466491699219	-3.1404186302097514e-05	-4.998470306396484
82	0.0026357732870515016	0.2345717802801414	0.0021188075188547373	-4.998466491699219	-3.140171247650869e-05	-4.998470306396484
83	8.938762123383848e-05	0.17039645610116824	0.0021189565304666758	-4.998466491699219	-3.14020762743894e-05	-4.998470306396484
84	0.00011682779929976517	0.19934196815122926	0.0021191411651670933	-4.998466491699219	-3.14085918944329e-05	-4.998470306396484
85	0.004303201253988045	0.1885739408504715	0.0021191854029893875	-4.998466491699219	-3.141685374430381e-05	-4.998470306396484
86	0.0025342228970600816	0.1829698212780205	0.002119273878633976	-4.998466491699219	-3.141750494251028e-05	-4.998470306396484
87	0.011346121119741051	0.2098589120472664	0.0021192021667957306	-4.998466491699219	-3.141841807519086e-05	-4.998470306396484
88	0.001732906499175485	0.24519860224740805	0.002119166310876608	-4.998466491699219	-3.141877459711395e-05	-4.998470306396484
89	0.001512895063970357	0.15427154192804374	0.002119317650794983	-4.998466491699219	-3.1420335290022194e-05	-4.998470306396484
90	0.042786566966620754	0.18728677941482452	0.0021194543223828077	-4.998466491699219	-3.141940396744758e-05	-4.998470306396484
91	0.002961987808163466	0.21439188221044425	0.0021195048466324806	-4.998466491699219	-3.141871638945304e-05	-4.998470306396484
92	0.0036189435624096322	0.16575873662170815	0.002119513461366296	-4.998466491699219	-3.1415282137459144e-05	-4.998470306396484
93	0.001366672105367235	0.17351743305175474	0.00211961567401886	-4.998466491699219	-3.1409428629558533e-05	-4.998470306396484
94	0.010400212037402379	0.23302252367028675	0.0021197167225182056	-4.998466491699219	-3.1410265364684165e-05	-4.998470306396484
95	0.00024506094542095513	0.19981913839567333	0.002119968179613352	-4.998466491699219	-3.141131310258061e-05	-4.998470306396484
96	0.007198964389786275	0.19947317004269852	0.0021200506016612053	-4.998466491699219	-3.141761044389568e-05	-4.998470306396484
97	0.004711241962394919	0.18988604768307682	0.0021201299969106913	-4.998466491699219	-3.142500281683169e-05	-4.998470306396484
98	0.00037812052663414863	0.19821172913521531	0.0021201318595558405	-4.998466491699219	-3.142590503557585e-05	-4.998470306396484
99	0.003001146036112498	0.1968599209681797	0.002120130928233266	-4.998466491699219	-3.1426199711859226e-05	-4.998470306396484
100	0.02041817950684892	0.1919633866588187	0.0021201251074671745	-4.998466491699219	-3.142534478683956e-05	-4.998470306396484
101	0.00016298590890996556	0.17002654109879445	0.002120122779160738	-4.998466491699219	-3.142418063362129e-05	-4.998470306396484
102	0.00572806102271943	0.21201323100132127	0.002120123477652669	-4.998466491699219	-3.142373316222802e-05	-4.998470306396484
103	0.003306767333583649	0.18059469682981968	0.0021201283670961857	-4.998466491699219	-3.142346395179629e-05	-4.998470306396484
104	0.0041294001076996045	0.19745303611642454	0.00212013628333807	-4.998466491699219	-3.1423613108927384e-05	-4.998470306396484
105	0.004071922852164955	0.2342045593035985	0.0021201325580477715	-4.998466491699219	-3.1424060580320656e-05	-4.998470306396484
106	0.008938449136941681	0.19655016705083347	0.0021201216150075197	-4.998466491699219	-3.142398418276571e-05	-4.998470306396484
107	0.006305137728919205	0.1950165968659061	0.0021201130002737045	-4.998466491699219	-3.142425703117624e-05	-4.998470306396484
108	0.00025760607916998357	0.2080521255018676	0.0021200906485319138	-4.998466491699219	-3.142430796287954e-05	-4.998470306396484
109	0.003813260572019042	0.2236214829112481	0.0021200852934271097	-4.998466491699219	-3.142419154755771e-05	-4.998470306396484
110	0.002692123651913049	0.1744333814954362	0.0021200873889029026	-4.998466491699219	-3.1424675398739055e-05	-4.998470306396484
111	0.0013434359245193817	0.1937030468338433	0.0021200869232416153	-4.998466491699219	-3.142513378406875e-05	-4.998470306396484
112	0.0029350252288144196	0.20884289670356151	0.0021200894843786955	-4.998466491699219	-3.1425377528648823e-05	-4.998470306396484
113	0.001757560280609624	0.2017372892040171	0.002120083896443248	-4.998466491699219	-3.1424875487573445e-05	-4.998470306396484
114	3.338263491656224e-05	0.165490006106383	0.002120079705491662	-4.998466491699219	-3.142456625937484e-05	-4.998470306396484
115	0.005065281388633977	0.20929566754899684	0.002120079705491662	-4.998466491699219	-3.142412970191799e-05	-4.998470306396484
116	0.004359289338712546	0.2063369467708125	0.0021200941409915686	-4.998466491699219	-3.1424038752447814e-05	-4.998470306396484
117	0.008974216067422172	0.2072990062338175	0.0021201157942414284	-4.998466491699219	-3.1423362088389695e-05	-4.998470306396484
118	0.0032304198437578674	0.19971469541573553	0.002120140939950943	-4.998466491699219	-3.142271816614084e-05	-4.998470306396484
119	0.0017022177321985438	0.21605244753984523	0.0021201404742896557	-4.998466491699219	-3.1422274332726374e-05	-4.998470306396484
120	0.006514914320818813	0.20641925236926598	0.0021201367489993572	-4.998466491699219	-3.142159403068945e-05	-4.998470306396484
121	0.0009015635738409272	0.19892879286342394	0.0021201474592089653	-4.998466491699219	-3.142140485579148e-05	-4.998470306396484
122	0.0009764704455420825	0.19062311264312984	0.002120167948305607	-4.998466491699219	-3.1421484891325235e-05	-4.998470306396484
123	0.002501674847196128	0.23959797100192345	0.0021201870404183865	-4.998466491699219	-3.14216194965411e-05	-4.998470306396484
124	0.0012187841182142722	0.16415033326994247	0.002120190765708685	-4.998466491699219	-3.142121568089351e-05	-4.998470306396484
125	0.007591295117520373	0.17865630636420135	0.0021201837807893753	-4.998466491699219	-3.142114292131737e-05	-4.998470306396484
126	0.0020570776003491567	0.17785257499859117	0.0021201730705797672	-4.998466491699219	-3.1420921004610136e-05	-4.998470306396484
127	0.004113200609488971	0.23289101851247404	0.0021201642230153084	-4.998466491699219	-3.142060086247511e-05	-4.998470306396484
128	0.0007652032530632291	0.1923170829622327	0.0021201674826443195	-4.998466491699219	-3.1420710001839325e-05	-4.998470306396484
129	0.013059338896289588	0.21108106421326403	0.002120169810950756	-4.998466491699219	-3.142094283248298e-05	-4.998470306396484
130	0.008222490203444205	0.2161596582256653	0.002120180753991008	-4.998466491699219	-3.1420397135661915e-05	-4.998470306396484
131	0.01827526716853746	0.20638757352723366	0.002120192861184478	-4.998466491699219	-3.141935667372309e-05	-4.998470306396484
132	0.018283429409746588	0.2051064992081936	0.002120191929861903	-4.998466491699219	-3.14189528580755e-05	-4.998470306396484
133	0.001122154592070032	0.1964110301131375	0.0021201882045716047	-4.998466491699219	-3.141873094136827e-05	-4.998470306396484
134	0.008508759225070037	0.19406388084169132	0.002120179822668433	-4.998466491699219	-3.141790148220025e-05	-4.998470306396484
135	0.0009863673063295608	0.1862500493716459	0.0021201916970312595	-4.998466491699219	-3.141716297250241e-05	-4.998470306396484
136	0.008848625498949825	0.222133365828905	0.002120211021974683	-4.998466491699219	-3.1416468118550256e-05	-4.998470306396484
137	0.0011640780335660517	0.22343439392306705	0.0021202140487730503	-4.998466491699219	-3.1415820558322594e-05	-4.998470306396484
138	0.0010145526161952426	0.1811110210423804	0.0021202140487730503	-4.998466491699219	-3.141560227959417e-05	-4.998470306396484
139	0.0008015087587530112	0.18105294170757405	0.0021202154457569122	-4.998466491699219	-3.141528941341676e-05	-4.998470306396484
140	0.0048452029329034	0.205760912518703	0.002120222197845578	-4.998466491699219	-3.141557317576371e-05	-4.998470306396484
141	0.004844163182425115	0.22252822881973996	0.0021202305797487497	-4.998466491699219	-3.141559864161536e-05	-4.998470306396484
142	0.006978363525705286	0.18931039615083348	0.00212023314088583	-4.998466491699219	-3.141465276712552e-05	-4.998470306396484
143	0.011305788464953503	0.18393007642627732	0.002120234537869692	-4.998466491699219	-3.141380148008466e-05	-4.998470306396484
144	0.003778362996624429	0.2031028666117752	0.002120237797498703	-4.998466491699219	-3.141344859614037e-05	-4.998470306396484
145	0.0011562979480991623	0.17895164083420653	0.0021202510688453913	-4.998466491699219	-3.141245178994723e-05	-4.998470306396484
146	0.00024056882536428043	0.1714465272348021	0.0021202543284744024	-4.998466491699219	-3.141257548122667e-05	-4.998470306396484
147	0.001347289933814777	0.18117556492697054	0.002120244549587369	-4.998466491699219	-3.141205888823606e-05	-4.998470306396484
148	0.00021472031944252262	0.16848635589250427	0.002120235236361623	-4.998466491699219	-3.141222623526119e-05	-4.998470306396484
149	0.0076125797323887134	0.18480879270103867	0.0021202354691922665	-4.998466491699219	-3.1412790121976286e-05	-4.998470306396484
150	0.008914255226223286	0.19869725552419268	0.0021202280186116695	-4.998466491699219	-3.1413816031999886e-05	-4.998470306396484
151	0.001116669637227563	0.1663212468222508	0.00212022103369236	-4.998466491699219	-3.1414379918714985e-05	-4.998470306396484
152	0.0005280744874680277	0.24432558277111985	0.002120222896337509	-4.998466491699219	-3.1415944249602035e-05	-4.998470306396484
153	0.0016305183123079131	0.22165502016746372	0.0021202254574745893	-4.998466491699219	-3.141726483590901e-05	-4.998470306396484
154	0.003201233551501627	0.17444807905263623	0.0021202340722084045	-4.998466491699219	-3.141777779092081e-05	-4.998470306396484
155	0.0009437158544400859	0.1922459575476898	0.002120242454111576	-4.998466491699219	-3.141867637168616e-05	-4.998470306396484
156	0.003274423752359354	0.19727746477678862	0.002120245946571231	-4.998466491699219	-3.141936758765951e-05	-4.998470306396484
157	0.0175798901333844	0.19080884330115708	0.002120248507708311	-4.998466491699219	-3.141956403851509e-05	-4.998470306396484
158	0.0013168612803887772	0.17743282164441387	0.002120266668498516	-4.998466491699219	-3.1419745937455446e-05	-4.998470306396484
159	0.001566089149652214	0.18464346347730695	0.002120277611538768	-4.998466491699219	-3.141927663818933e-05	-4.998470306396484
160	0.0010846514595540951	0.19717516975664337	0.0021202745847404003	-4.998466491699219	-3.1418469006894156e-05	-4.998470306396484
161	0.009161731932957592	0.19323728768193793	0.0021202783100306988	-4.998466491699219	-3.1418047001352534e-05	-4.998470306396484
162	0.005879578423855378	0.18723362291362675	0.002120288787409663	-4.998466491699219	-3.141859997413121e-05	-4.998470306396484
163	0.003281951782080919	0.21071626710605962	0.002120301127433777	-4.998466491699219	-3.141770139336586e-05	-4.998470306396484
164	0.0005208648678595579	0.20516564720134353	0.0021202927455306053	-4.998466491699219	-3.1417268473887816e-05	-4.998470306396484
165	0.019842993212105503	0.20996435077162348	0.0021202843636274338	-4.998466491699219	-3.141627166769467e-05	-4.998470306396484
166	0.000120269454209114	0.16890837018220659	0.002120289718732238	-4.998466491699219	-3.141501292702742e-05	-4.998470306396484
167	0.017447878250253623	0.17483210633394908	0.0021203116048127413	-4.998466491699219	-3.141441266052425e-05	-4.998470306396484
168	0.0003116556648221358	0.16349188003962598	0.0021203316282480955	-4.998466491699219	-3.1414867407875136e-05	-4.998470306396484
169	0.003463119409085641	0.18988172967459924	0.0021203348878771067	-4.998466491699219	-3.1415456760441884e-05	-4.998470306396484
170	0.0011163052998829706	0.14308764093693047	0.002120325341820717	-4.998466491699219	-3.14162862196099e-05	-4.998470306396484
171	0.0018769036809729786	0.1655725785178952	0.0021203060168772936	-4.998466491699219	-3.141682464047335e-05	-4.998470306396484
172	0.0018935975998241109	0.1616617747911729	0.002120289020240307	-4.998466491699219	-3.141748675261624e-05	-4.998470306396484
173	7.927000375808346e-06	0.18168254588618135	0.0021202671341598034	-4.998466491699219	-3.1417843274539337e-05	-4.998470306396484
174	0.009326323635434827	0.20266932637891286	0.0021202564239501953	-4.998466491699219	-3.141722845612094e-05	-4.998470306396484
175	0.014379219180387731	0.21493502888360508	0.002120252000167966	-4.998466491699219	-3.141661363770254e-05	-4.998470306396484
176	0.003592670911009864	0.1806313371141064	0.002120241057127714	-4.998466491699219	-3.1415507692145184e-05	-4.998470306396484
177	0.011108722080312702	0.18716553734652516	0.002120241057127714	-4.998466491699219	-3.141487832181156e-05	-4.998470306396484
178	0.019712990481048465	0.19242041828758705	0.002120230346918106	-4.998466491699219	-3.1415420380653813e-05	-4.998470306396484
179	0.006276858129683177	0.2335912589954002	0.0021202245261520147	-4.998466491699219	-3.1415867852047086e-05	-4.998470306396484
180	0.0011634557965175957	0.19414515901162263	0.0021202268544584513	-4.998466491699219	-3.141601337119937e-05	-4.998470306396484
181	0.007713908308050313	0.18655652516824994	0.0021202389616519213	-4.998466491699219	-3.141576235066168e-05	-4.998470306396484
182	0.003947519775334238	0.1916597343721159	0.0021202482748776674	-4.998466491699219	-3.141553315799683e-05	-4.998470306396484
183	0.0016202688069288165	0.176601318289873	0.002120238495990634	-4.998466491699219	-3.1415354897035286e-05	-4.998470306396484
184	0.0005833966875209845	0.19066761037522148	0.0021202252246439457	-4.998466491699219	-3.1415595003636554e-05	-4.998470306396484
185	0.0007268383904925207	0.19196961289245404	0.002120216377079487	-4.998466491699219	-3.14160788548179e-05	-4.998470306396484
186	0.04483660365893408	0.18585451033770983	0.0021202079951763153	-4.998466491699219	-3.141632623737678e-05	-4.998470306396484
187	0.000392021632462998	0.1851240384188891	0.002120197983458638	-4.998466491699219	-3.1416642741532996e-05	-4.998470306396484
188	0.001027760884835395	0.17624846048264273	0.0021202124189585447	-4.998466491699219	-3.141597335343249e-05	-4.998470306396484
189	0.0008833204529522937	0.19318091478367147	0.0021202529314905405	-4.998466491699219	-3.141568595310673e-05	-4.998470306396484
190	0.0013543853030521108	0.17335340267752786	0.0021202964708209038	-4.998466491699219	-3.141553315799683e-05	-4.998470306396484
191	0.015360335803608877	0.21432738800588189	0.0021203162614256144	-4.998466491699219	-3.141513298032805e-05	-4.998470306396484
192	0.0002506175947882064	0.16316673409786983	0.0021203274372965097	-4.998466491699219	-3.1415420380653813e-05	-4.998470306396484
193	0.005573530254295786	0.20207833244851656	0.002120345365256071	-4.998466491699219	-3.141533670714125e-05	-4.998470306396484
194	0.0032246476986781403	0.19291820391530567	0.0021203504875302315	-4.998466491699219	-3.141513661830686e-05	-4.998470306396484
195	0.001015197003404647	0.2150020107571485	0.0021203591022640467	-4.998466491699219	-3.1414318073075265e-05	-4.998470306396484
196	0.0021250440562747067	0.18145323328873317	0.0021203705109655857	-4.998466491699219	-3.1413528631674126e-05	-4.998470306396484
197	0.0021263106256545136	0.1595155111081382	0.002120374469086528	-4.998466491699219	-3.1413204851560295e-05	-4.998470306396484
198	0.006754765154659448	0.18167344786585785	0.0021203651558607817	-4.998466491699219	-3.1413794204127043e-05	-4.998470306396484
199	0.01548006309519992	0.21928680292417368	0.0021203483920544386	-4.998466491699219	-3.141323759336956e-05	-4.998470306396484
200	0.0009292470562218824	0.20632203336336818	0.0021203348878771067	-4.998466491699219	-3.141348861390725e-05	-4.998470306396484
201	0.007240680542205169	0.2314668710856269	0.0021203223150223494	-4.998466491699219	-3.14144890580792e-05	-4.998470306396484
202	0.0005450193123426317	0.18174985824541512	0.0021203092765063047	-4.998466491699219	-3.141465276712552e-05	-4.998470306396484
203	0.013799408546449593	0.2066176265956591	0.002120286226272583	-4.998466491699219	-3.1414667319040745e-05	-4.998470306396484
204	0.000633108570204842	0.16982347906095482	0.002120255259796977	-4.998466491699219	-3.1414707336807624e-05	-4.998470306396484
205	0.0014036408054817484	0.20441642573386928	0.002120217075571418	-4.998466491699219	-3.141496563330293e-05	-4.998470306396484
206	0.0007302499106790553	0.17088820113932432	0.0021202056668698788	-4.998466491699219	-3.1414729164680466e-05	-4.998470306396484
207	0.0014721131362680495	0.23207926559154846	0.0021201965864747763	-4.998466491699219	-3.141506022075191e-05	-4.998470306396484
208	0.0010008562979476054	0.18332571860535465	0.002120209624990821	-4.998466491699219	-3.141562774544582e-05	-4.998470306396484
209	0.00020996794539562824	0.20741518577156862	0.0021202275529503822	-4.998466491699219	-3.1415980629390106e-05	-4.998470306396484
210	0.01804499338011173	0.229906697980906	0.002120243152603507	-4.998466491699219	-3.141598790534772e-05	-4.998470306396484
211	0.0005572895408205436	0.1774205028182756	0.0021202543284744024	-4.998466491699219	-3.1415933335665613e-05	-4.998470306396484
212	0.009489891041883136	0.22841887901840577	0.0021202601492404938	-4.998466491699219	-3.1414554541697726e-05	-4.998470306396484
213	0.016718074387742088	0.21881442793495123	0.002120270859450102	-4.998466491699219	-3.141426350339316e-05	-4.998470306396484
214	0.002773353626883149	0.18018700846927685	0.0021202729549258947	-4.998466491699219	-3.1414285331266e-05	-4.998470306396484
215	0.004664897551505301	0.21279183347523775	0.0021202582865953445	-4.998466491699219	-3.1414081604452804e-05	-4.998470306396484
216	0.0002333807916225783	0.16974210015570113	0.0021202508360147476	-4.998466491699219	-3.1414681870955974e-05	-4.998470306396484
217	0.00035874082737367974	0.20018479717558377	0.002120268065482378	-4.998466491699219	-3.1414881959790364e-05	-4.998470306396484
218	0.004119461413152697	0.1867895153021216	0.0021202818024903536	-4.998466491699219	-3.141527486150153e-05	-4.998470306396484
219	0.0007757654873959963	0.2091823779289476	0.002120312536135316	-4.998466491699219	-3.141615889035165e-05	-4.998470306396484
220	0.0002763540951821568	0.13915516038974016	0.0021203511860221624	-4.998466491699219	-3.1417119316756725e-05	-4.998470306396484
221	0.0069771585912652145	0.1823545039470095	0.0021203728392720222	-4.998466491699219	-3.141682464047335e-05	-4.998470306396484
222	0.0013456906505267402	0.17648126784988075	0.002120379591360688	-4.998466491699219	-3.141585330013186e-05	-4.998470306396484
223	0.004337064598994772	0.2305375285566423	0.002120379591360688	-4.998466491699219	-3.141587876598351e-05	-4.998470306396484
