epoch	loss	acc	lr
1	2.876687924067179	9.722222222222221	0.0001
2	2.9919539557562933	8.333333333333334	0.0001
3	3.2218947410583496	8.333333333333334	0.0001
4	2.815025938881768	9.722222222222221	0.0001
5	2.8348938359154596	9.722222222222221	0.0001
6	2.5899402565426297	5.555555555555555	0.0001
7	2.7622052828470864	13.88888888888889	0.0001
8	2.6563692887624106	15.277777777777779	0.0001
9	2.786577330695258	11.11111111111111	0.0001
10	2.73015472624037	16.666666666666668	0.0001
11	2.4574712647332086	11.11111111111111	0.0001
12	2.5073107613457575	13.88888888888889	0.0001
13	2.7869057655334473	13.88888888888889	0.0001
14	2.5288374423980713	11.11111111111111	0.0001
15	2.2307964430914984	30.555555555555557	0.0001
16	2.5903349452548556	16.666666666666668	0.0001
17	2.224136961830987	19.444444444444443	0.0001
18	2.1775811778174505	25.0	0.0001
19	2.554762363433838	18.055555555555557	0.0001
20	2.1511452992757163	25.0	0.0001
21	2.5386511749691434	16.666666666666668	0.0001
22	2.1890295346577964	20.833333333333332	0.0001
23	2.0048586659961276	27.77777777777778	0.0001
24	2.4287779331207275	22.22222222222222	0.0001
25	1.9272403584586248	36.111111111111114	0.0001
26	2.0627733866373696	33.333333333333336	0.0001
27	2.2757077746921115	22.22222222222222	0.0001
28	2.0451522535747952	25.0	0.0001
29	1.9688632885615032	26.38888888888889	0.0001
30	1.8384572797351413	31.944444444444443	0.0001
31	2.0413548019197254	29.166666666666668	0.0001
32	2.0513468318515353	31.944444444444443	0.0001
33	1.7838441265953913	38.888888888888886	0.0001
34	1.8694266743130155	38.888888888888886	0.0001
35	1.9945316049787734	26.38888888888889	0.0001
36	1.682552456855774	40.27777777777778	0.0001
37	1.7374502552880182	41.666666666666664	0.0001
38	1.6348306602901883	43.05555555555556	0.0001
39	1.5894677771462336	44.44444444444444	0.0001
40	1.674013574918111	40.27777777777778	0.0001
41	1.6077407995859783	40.27777777777778	1e-05
42	1.5885239044825237	38.888888888888886	1e-05
43	1.3825816445880466	47.22222222222222	1e-05
44	1.6466847525702581	31.944444444444443	1e-05
45	1.5394061671362982	45.833333333333336	1e-05
46	1.5487028625276353	41.666666666666664	1e-05
47	1.4289169311523438	45.833333333333336	1e-05
48	1.5210440821117825	38.888888888888886	1e-05
49	1.5684289932250977	36.111111111111114	1e-05
50	1.4048046006096735	48.611111111111114	1e-05
51	1.3583420515060425	51.388888888888886	1e-05
52	1.5405073563257854	43.05555555555556	1e-05
53	1.4944411118825276	51.388888888888886	1e-05
54	1.6078797181447346	40.27777777777778	1e-05
55	1.4552504221598308	41.666666666666664	1e-05
56	1.2980922328101263	54.166666666666664	1e-05
57	1.4790432188245985	47.22222222222222	1e-05
58	1.5438045925564237	40.27777777777778	1e-05
59	1.2780401706695557	52.77777777777778	1e-05
60	1.3854783640967474	47.22222222222222	1e-05
61	1.33812419573466	44.44444444444444	1e-05
62	1.4194982051849365	45.833333333333336	1e-05
63	1.353851662741767	45.833333333333336	1e-05
64	1.3023537794748943	51.388888888888886	1e-05
65	1.3603220118416681	45.833333333333336	1e-05
66	1.2942925824059381	52.77777777777778	1e-05
67	1.207656568951077	56.94444444444444	1e-05
68	1.28259719742669	51.388888888888886	1e-05
69	1.2588327593273587	52.77777777777778	1e-05
70	1.15522129005856	55.55555555555556	1e-05
71	1.3282635079489813	56.94444444444444	1e-05
72	1.2251177628835042	58.333333333333336	1e-05
73	1.1766456365585327	51.388888888888886	1e-05
74	1.1178224351671007	63.888888888888886	1e-05
75	1.1349026759465535	56.94444444444444	1e-05
76	1.304025928179423	51.388888888888886	1e-05
77	1.273531476656596	47.22222222222222	1.0000000000000002e-06
78	1.1790344185299344	52.77777777777778	1.0000000000000002e-06
79	1.3394597901238336	44.44444444444444	1.0000000000000002e-06
80	1.2375264300240412	55.55555555555556	1.0000000000000002e-06
81	1.1291423108842638	59.72222222222222	1.0000000000000002e-06
82	1.2278280854225159	54.166666666666664	1.0000000000000002e-06
83	1.1159001721276178	61.111111111111114	1.0000000000000002e-06
84	1.0407043827904596	66.66666666666667	1.0000000000000002e-06
85	1.1994305584165785	56.94444444444444	1.0000000000000002e-06
86	1.3971155087153118	47.22222222222222	1.0000000000000002e-06
87	1.0543077786763508	62.5	1.0000000000000002e-06
88	1.1739660501480103	58.333333333333336	1.0000000000000002e-06
89	1.0308997233708699	63.888888888888886	1.0000000000000002e-06
90	1.2141571309831407	58.333333333333336	1.0000000000000002e-06
91	1.0252508719762166	68.05555555555556	1.0000000000000002e-06
92	1.1321901745266385	58.333333333333336	1.0000000000000002e-06
93	1.3102271556854248	54.166666666666664	1.0000000000000002e-06
94	1.342265976799859	56.94444444444444	1.0000000000000002e-06
95	1.1920800871319241	54.166666666666664	1.0000000000000002e-06
96	1.038448691368103	63.888888888888886	1.0000000000000002e-06
97	1.1730522844526503	58.333333333333336	1.0000000000000002e-06
98	1.0684978299670749	56.94444444444444	1.0000000000000002e-06
99	1.1862230830722384	58.333333333333336	1.0000000000000002e-06
100	1.137531254026625	59.72222222222222	1.0000000000000002e-06
101	1.3139760494232178	51.388888888888886	1.0000000000000002e-06
102	1.1038904454973009	56.94444444444444	1.0000000000000002e-06
103	1.1609455479515924	58.333333333333336	1.0000000000000002e-06
104	1.0999489890204535	55.55555555555556	1.0000000000000002e-06
105	1.0320950878991022	59.72222222222222	1.0000000000000002e-06
106	1.3889234066009521	47.22222222222222	1.0000000000000002e-06
107	1.024229261610243	63.888888888888886	1.0000000000000002e-06
108	1.1400083038542006	58.333333333333336	1.0000000000000002e-06
109	0.9159500731362237	69.44444444444444	1.0000000000000002e-06
110	1.0643848710589938	56.94444444444444	1.0000000000000002e-06
111	1.1085458861456976	59.72222222222222	1.0000000000000002e-06
112	1.1345852613449097	56.94444444444444	1.0000000000000002e-06
113	1.184634804725647	56.94444444444444	1.0000000000000002e-07
114	1.4409692287445068	44.44444444444444	1.0000000000000002e-07
115	1.1365947326024373	56.94444444444444	1.0000000000000002e-07
116	1.2909064690272014	51.388888888888886	1.0000000000000002e-07
117	1.2069567177030776	52.77777777777778	1.0000000000000002e-07
118	1.3691478702757094	41.666666666666664	1.0000000000000002e-07
119	1.1211093531714544	61.111111111111114	1.0000000000000002e-07
120	1.069457729657491	56.94444444444444	1.0000000000000002e-07
121	1.1575846936967638	54.166666666666664	1.0000000000000002e-07
122	1.1441653039720323	52.77777777777778	1.0000000000000002e-07
123	1.3599811924828424	45.833333333333336	1.0000000000000002e-07
124	1.122389554977417	56.94444444444444	1.0000000000000002e-07
125	1.2338859770033095	48.611111111111114	1.0000000000000002e-07
126	1.0359432366159227	56.94444444444444	1.0000000000000002e-07
127	1.2629654672410753	50.0	1.0000000000000002e-07
128	1.4734607537587483	50.0	1.0000000000000002e-07
129	1.1859648095236883	59.72222222222222	1.0000000000000002e-07
130	1.2630400790108576	51.388888888888886	1.0000000000000002e-07
131	0.9719240532981025	63.888888888888886	1.0000000000000002e-07
132	1.0004972616831462	55.55555555555556	1.0000000000000002e-07
133	1.2038204669952393	55.55555555555556	1.0000000000000002e-07
134	1.170568757587009	56.94444444444444	1.0000000000000002e-07
135	1.083849999639723	59.72222222222222	1.0000000000000002e-07
136	1.1530942387051053	58.333333333333336	1.0000000000000002e-07
137	1.119319783316718	59.72222222222222	1.0000000000000002e-07
138	1.2746015654669867	50.0	1.0000000000000002e-07
139	1.1411770317289565	59.72222222222222	1.0000000000000002e-07
140	1.1989057328965929	48.611111111111114	1.0000000000000002e-07
141	1.2308568159739177	52.77777777777778	1.0000000000000002e-07
142	1.2118033170700073	51.388888888888886	1.0000000000000002e-07
143	1.1210961474312677	61.111111111111114	1.0000000000000002e-07
144	1.0983028279410467	59.72222222222222	1.0000000000000002e-07
145	0.9732266465822855	65.27777777777777	1.0000000000000002e-07
146	1.1111982928382025	62.5	1.0000000000000002e-07
147	1.0675338241789076	58.333333333333336	1.0000000000000002e-07
148	1.376443001959059	51.388888888888886	1.0000000000000002e-07
149	1.1868181493547227	47.22222222222222	1.0000000000000004e-08
150	1.0333729320102267	65.27777777777777	1.0000000000000004e-08
151	1.0419319205813937	62.5	1.0000000000000004e-08
152	1.173124525282118	58.333333333333336	1.0000000000000004e-08
153	1.045031362109714	65.27777777777777	1.0000000000000004e-08
154	1.0767751667234633	59.72222222222222	1.0000000000000004e-08
155	1.1108070479498968	55.55555555555556	1.0000000000000004e-08
156	1.3756051858266194	50.0	1.0000000000000004e-08
157	1.1926491260528564	48.611111111111114	1.0000000000000004e-08
158	1.049384593963623	61.111111111111114	1.0000000000000004e-08
159	1.1653870741526287	61.111111111111114	1.0000000000000004e-08
160	1.2216293679343329	56.94444444444444	1.0000000000000004e-08
161	1.0441445509592693	66.66666666666667	1.0000000000000004e-08
162	1.053448862499661	55.55555555555556	1.0000000000000004e-08
163	1.034949156973097	58.333333333333336	1.0000000000000004e-08
164	1.0735332303576999	54.166666666666664	1.0000000000000004e-08
165	1.203386320008172	61.111111111111114	1.0000000000000004e-08
166	1.064578526549869	56.94444444444444	1.0000000000000004e-08
167	1.0961704783969455	58.333333333333336	1.0000000000000004e-08
168	1.148827526304457	56.94444444444444	1.0000000000000004e-08
169	0.9519141912460327	65.27777777777777	1.0000000000000004e-08
170	1.11744311120775	58.333333333333336	1.0000000000000004e-08
171	1.010259058740404	59.72222222222222	1.0000000000000004e-08
172	1.0755786101023357	59.72222222222222	1.0000000000000004e-08
173	1.2297008170021906	50.0	1.0000000000000004e-08
174	1.0497668186823528	62.5	1.0000000000000004e-08
175	1.0623786979251437	61.111111111111114	1.0000000000000004e-08
176	1.2542275587717693	50.0	1.0000000000000004e-08
177	1.1609195868174236	59.72222222222222	1.0000000000000004e-08
178	1.0103788375854492	58.333333333333336	1.0000000000000004e-08
179	1.0028229554494221	63.888888888888886	1.0000000000000004e-08
180	1.0915134482913547	59.72222222222222	1.0000000000000004e-08
181	0.9769234127468533	63.888888888888886	1.0000000000000004e-08
182	1.2559728489981756	52.77777777777778	1.0000000000000004e-08
183	1.1551443470848932	59.72222222222222	1.0000000000000004e-08
184	1.0607268280453153	56.94444444444444	1.0000000000000004e-08
185	1.046937690840827	58.333333333333336	1.0000000000000004e-08
186	0.9983422888649834	62.5	1.0000000000000004e-08
187	1.392756740252177	50.0	1.0000000000000004e-08
188	1.0706957115067377	61.111111111111114	1.0000000000000004e-08
189	1.1852181752522786	58.333333333333336	1.0000000000000004e-08
190	1.0695047510994806	66.66666666666667	1.0000000000000004e-08
191	0.9943392011854384	62.5	1.0000000000000004e-08
192	1.0512611733542547	63.888888888888886	1.0000000000000004e-08
193	1.2458447085486517	52.77777777777778	1.0000000000000004e-08
194	1.0839869843588934	58.333333333333336	1.0000000000000004e-08
195	1.0050291551484003	58.333333333333336	1.0000000000000004e-08
196	1.5342280599806044	36.111111111111114	1.0000000000000004e-08
197	1.0802050431569417	59.72222222222222	1.0000000000000004e-08
198	1.1071292294396295	50.0	1.0000000000000004e-08
199	1.0378302600648668	63.888888888888886	1.0000000000000004e-08
200	1.187202321158515	58.333333333333336	1.0000000000000004e-08
201	1.0950251155429416	62.5	1.0000000000000004e-08
202	1.0514334440231323	65.27777777777777	1.0000000000000004e-08
203	1.3239240778817072	48.611111111111114	1.0000000000000004e-08
204	0.9794994592666626	63.888888888888886	1.0000000000000004e-08
205	1.053438213136461	59.72222222222222	1.0000000000000004e-08
206	1.259833812713623	59.72222222222222	1.0000000000000004e-08
207	1.0401008394029405	62.5	1.0000000000000004e-08
208	1.080419169531928	56.94444444444444	1.0000000000000004e-08
209	1.0343348450130887	63.888888888888886	1.0000000000000004e-08
210	1.1159156693352594	56.94444444444444	1.0000000000000004e-08
211	1.1304116116629706	56.94444444444444	1.0000000000000004e-08
212	0.9945968786875407	68.05555555555556	1.0000000000000004e-08
213	1.1596729755401611	56.94444444444444	1.0000000000000004e-08
214	1.283251682917277	48.611111111111114	1.0000000000000004e-08
215	1.0329034593370225	58.333333333333336	1.0000000000000004e-08
216	1.2684574392106798	54.166666666666664	1.0000000000000004e-08
217	1.1430998113420274	56.94444444444444	1.0000000000000004e-08
218	1.085964838663737	61.111111111111114	1.0000000000000004e-08
219	1.314328908920288	54.166666666666664	1.0000000000000004e-08
220	1.1201884614096747	56.94444444444444	1.0000000000000004e-08
221	0.9682063129213121	66.66666666666667	1.0000000000000004e-08
222	1.2111935483084784	61.111111111111114	1.0000000000000004e-08
223	1.3166920608944364	47.22222222222222	1.0000000000000004e-08
224	0.9790669414732192	68.05555555555556	1.0000000000000004e-08
225	1.4913827313317194	47.22222222222222	1.0000000000000004e-08
226	1.1724861198001437	55.55555555555556	1.0000000000000004e-08
227	1.036161634657118	65.27777777777777	1.0000000000000004e-08
228	1.1024138397640653	63.888888888888886	1.0000000000000004e-08
229	1.1960617701212566	55.55555555555556	1.0000000000000004e-08
230	1.0034810569551256	61.111111111111114	1.0000000000000004e-08
231	1.2956950267155964	58.333333333333336	1.0000000000000004e-08
232	1.1995549996693928	48.611111111111114	1.0000000000000004e-08
233	1.2457780308193631	52.77777777777778	1.0000000000000004e-08
234	1.0350305769178603	66.66666666666667	1.0000000000000004e-08
