epoch	loss	acc	lr
1	2.5419186221228705	6.944444444444445	1e-05
2	2.5533787144554987	6.944444444444445	1e-05
3	2.5399334695604114	5.555555555555555	1e-05
4	2.545455429289076	5.555555555555555	1e-05
5	2.5439972612592907	4.166666666666667	1e-05
6	2.5389540990193686	6.944444444444445	1e-05
7	2.5226206249660916	2.7777777777777777	1e-05
8	2.540346542994181	11.11111111111111	1e-05
9	2.5314111709594727	9.722222222222221	1e-05
10	2.5062444474962025	12.5	1e-05
11	2.509352101220025	8.333333333333334	1e-05
12	2.5126126872168646	8.333333333333334	1e-05
13	2.5044129954444037	15.277777777777779	1e-05
14	2.480705870522393	18.055555555555557	1e-05
15	2.499800125757853	12.5	1e-05
16	2.503992239634196	8.333333333333334	1e-05
17	2.514279842376709	8.333333333333334	1e-05
18	2.4970769352383084	6.944444444444445	1e-05
19	2.4922594759199352	11.11111111111111	1e-05
20	2.4809410836961536	13.88888888888889	1e-05
21	2.497315936618381	19.444444444444443	1e-05
22	2.4835864702860513	13.88888888888889	1e-05
23	2.4892452557881675	13.88888888888889	1e-05
24	2.479718897077772	12.5	1e-05
25	2.4745086828867593	15.277777777777779	1e-05
26	2.469731781217787	11.11111111111111	1e-05
27	2.4752486017015247	11.11111111111111	1e-05
28	2.469934092627631	15.277777777777779	1e-05
29	2.4572602113087973	16.666666666666668	1e-05
30	2.4750166998969183	12.5	1e-05
31	2.452156729168362	13.88888888888889	1e-05
32	2.4427808655632868	19.444444444444443	1e-05
33	2.4467806816101074	19.444444444444443	1e-05
34	2.457624567879571	22.22222222222222	1e-05
35	2.4370817608303494	15.277777777777779	1e-05
36	2.4491107198927136	22.22222222222222	1e-05
37	2.4460915194617376	22.22222222222222	1e-05
38	2.4354603820376926	19.444444444444443	1e-05
39	2.4444300068749323	18.055555555555557	1e-05
40	2.4449335734049478	22.22222222222222	1e-05
41	2.4363139735327826	25.0	1e-05
42	2.4428233570522733	19.444444444444443	1e-05
43	2.4331132570902505	31.944444444444443	1e-05
44	2.4423953692118325	12.5	1e-05
45	2.4245444933573403	23.61111111111111	1e-05
46	2.434400955835978	22.22222222222222	1e-05
47	2.4325217405954995	16.666666666666668	1e-05
48	2.4215506977505155	20.833333333333332	1e-05
49	2.419362015194363	15.277777777777779	1e-05
50	2.4125446213616266	25.0	1e-05
51	2.406922048992581	20.833333333333332	1e-05
52	2.406614144643148	23.61111111111111	1e-05
53	2.407447655995687	22.22222222222222	1e-05
54	2.3927983972761364	23.61111111111111	1e-05
55	2.414546675152249	22.22222222222222	1e-05
56	2.3804272015889487	23.61111111111111	1e-05
57	2.40285857518514	23.61111111111111	1e-05
58	2.398046334584554	23.61111111111111	1e-05
59	2.387373129526774	22.22222222222222	1e-05
60	2.38512388865153	23.61111111111111	1e-05
61	2.37201107872857	25.0	1e-05
62	2.403153551949395	16.666666666666668	1e-05
63	2.4023222393459744	13.88888888888889	1e-05
64	2.367936452229818	26.38888888888889	1e-05
65	2.383868932723999	20.833333333333332	1e-05
66	2.365313450495402	23.61111111111111	1e-05
67	2.3567167388068304	26.38888888888889	1e-05
68	2.362529436747233	26.38888888888889	1e-05
69	2.3481580946180554	19.444444444444443	1e-05
70	2.3511437839931912	23.61111111111111	1e-05
71	2.343697600894504	20.833333333333332	1e-05
72	2.3349094125959606	23.61111111111111	1e-05
73	2.3810942437913685	22.22222222222222	1e-05
74	2.3285483519236245	25.0	1e-05
75	2.33894591861301	26.38888888888889	1e-05
76	2.329404592514038	25.0	1e-05
77	2.3141671551598444	27.77777777777778	1e-05
78	2.3371985488467746	27.77777777777778	1e-05
79	2.334829092025757	26.38888888888889	1e-05
80	2.2958825959099665	29.166666666666668	1e-05
81	2.2995496061113148	31.944444444444443	1e-05
82	2.29722613758511	27.77777777777778	1e-05
83	2.3118322955237494	29.166666666666668	1e-05
84	2.271874189376831	31.944444444444443	1e-05
85	2.316093179914686	30.555555555555557	1e-05
86	2.307814915974935	33.333333333333336	1e-05
87	2.278422647052341	23.61111111111111	1e-05
88	2.275278197394477	26.38888888888889	1e-05
89	2.2626295619540744	29.166666666666668	1e-05
90	2.2856918970743814	22.22222222222222	1e-05
91	2.2429050869411893	34.72222222222222	1e-05
92	2.2801274723476834	26.38888888888889	1e-05
93	2.2669937875535755	23.61111111111111	1e-05
94	2.251074049207899	22.22222222222222	1e-05
95	2.240797996520996	27.77777777777778	1e-05
96	2.2682382265726724	26.38888888888889	1e-05
97	2.2653195328182645	25.0	1e-05
98	2.246686961915758	25.0	1e-05
99	2.2190460099114313	25.0	1e-05
100	2.195920785268148	29.166666666666668	1e-05
101	2.2099054124620228	29.166666666666668	1e-05
102	2.1821333037482367	31.944444444444443	1e-05
103	2.1694706545935736	27.77777777777778	1e-05
104	2.2008584340413413	26.38888888888889	1e-05
105	2.153057230843438	30.555555555555557	1e-05
106	2.1260128815968833	34.72222222222222	1e-05
107	2.116851117875841	38.888888888888886	1e-05
108	2.1607635815938315	29.166666666666668	1e-05
109	2.1611996491750083	29.166666666666668	1e-05
110	2.1465042961968317	29.166666666666668	1e-05
111	2.140353891584608	30.555555555555557	1e-05
112	2.0942114988962808	31.944444444444443	1e-05
113	2.106521235571967	34.72222222222222	1e-05
114	2.127835644616021	31.944444444444443	1e-05
115	2.065426508585612	33.333333333333336	1e-05
116	2.0553945435418024	34.72222222222222	1e-05
117	2.0544286568959556	34.72222222222222	1e-05
118	2.0832417805989585	30.555555555555557	1e-05
119	2.0644513501061335	37.5	1e-05
120	2.0082089636060925	33.333333333333336	1e-05
121	2.044983228047689	31.944444444444443	1e-05
122	2.0759829547670154	31.944444444444443	1e-05
123	2.0490659607781305	31.944444444444443	1e-05
124	2.0812602837880454	29.166666666666668	1e-05
125	2.0487700038486056	31.944444444444443	1e-05
126	1.9848083919949002	34.72222222222222	1e-05
127	2.007401559087965	34.72222222222222	1e-05
128	1.9829348458184137	41.666666666666664	1e-05
129	1.9630369742711384	33.333333333333336	1e-05
130	1.9808907243940566	30.555555555555557	1e-05
131	1.9825051493114896	34.72222222222222	1e-05
132	1.9693348275290594	30.555555555555557	1e-05
133	1.980492075284322	30.555555555555557	1e-05
134	1.9573278427124023	31.944444444444443	1e-05
135	1.9145978556738958	38.888888888888886	1e-05
136	1.9320094188054402	34.72222222222222	1e-05
137	1.9473525947994657	38.888888888888886	1e-05
138	1.943820940123664	33.333333333333336	1e-05
139	1.9833225276735094	31.944444444444443	1e-05
140	1.881807181570265	40.27777777777778	1e-05
141	2.042384624481201	26.38888888888889	1e-05
142	1.9096375836266413	40.27777777777778	1e-05
143	1.8888200653923883	38.888888888888886	1e-05
144	1.8866106934017606	36.111111111111114	1e-05
145	1.8942430814107258	40.27777777777778	1e-05
146	1.9377995729446411	36.111111111111114	1.0000000000000002e-06
147	1.8810037904315524	40.27777777777778	1.0000000000000002e-06
148	1.8905123472213745	38.888888888888886	1.0000000000000002e-06
149	1.9266582859887018	38.888888888888886	1.0000000000000002e-06
150	1.8711933294932048	40.27777777777778	1.0000000000000002e-06
151	1.8704825772179499	37.5	1.0000000000000002e-06
152	1.8755227194892035	36.111111111111114	1.0000000000000002e-06
153	1.943971872329712	29.166666666666668	1.0000000000000002e-06
154	1.8648663096957736	43.05555555555556	1.0000000000000002e-06
155	1.8546216090520222	38.888888888888886	1.0000000000000002e-06
156	1.9043977790408664	36.111111111111114	1.0000000000000002e-06
157	1.9027553531858656	40.27777777777778	1.0000000000000002e-06
158	1.8895582887861464	33.333333333333336	1.0000000000000002e-06
159	1.9003426896201239	30.555555555555557	1.0000000000000002e-06
160	1.8437997765011258	41.666666666666664	1.0000000000000002e-06
161	1.934126125441657	37.5	1.0000000000000002e-06
162	1.9093366861343384	40.27777777777778	1.0000000000000002e-06
163	1.8852608601252239	38.888888888888886	1.0000000000000002e-06
164	1.9145447280671861	33.333333333333336	1.0000000000000002e-06
165	1.909817271762424	33.333333333333336	1.0000000000000002e-06
166	1.8649342854817708	41.666666666666664	1.0000000000000002e-06
167	1.8576337496439617	38.888888888888886	1.0000000000000002e-06
168	1.9028480052947998	37.5	1.0000000000000002e-06
169	1.864686992433336	38.888888888888886	1.0000000000000002e-06
170	1.865410844484965	33.333333333333336	1.0000000000000002e-06
171	1.9028801785575018	33.333333333333336	1.0000000000000002e-06
172	1.8995959096484714	34.72222222222222	1.0000000000000002e-06
173	1.826191160413954	41.666666666666664	1.0000000000000002e-06
174	1.8426234987046983	38.888888888888886	1.0000000000000002e-06
175	1.878397438261244	31.944444444444443	1.0000000000000002e-06
176	1.8493337631225586	45.833333333333336	1.0000000000000002e-06
177	1.8944657378726535	41.666666666666664	1.0000000000000002e-06
178	1.92114966445499	37.5	1.0000000000000002e-06
179	1.8315589825312297	38.888888888888886	1.0000000000000002e-06
180	1.8405301570892334	44.44444444444444	1.0000000000000002e-06
181	1.9402308464050293	38.888888888888886	1.0000000000000002e-06
182	1.8929340971840753	38.888888888888886	1.0000000000000002e-06
183	1.9054772986306086	30.555555555555557	1.0000000000000002e-06
184	1.8442976077397664	38.888888888888886	1.0000000000000002e-06
185	1.8671228753195868	40.27777777777778	1.0000000000000002e-06
186	1.9203849103715684	36.111111111111114	1.0000000000000002e-06
187	1.9081885814666748	33.333333333333336	1.0000000000000002e-07
188	1.852862728966607	41.666666666666664	1.0000000000000002e-07
189	1.8503066963619657	40.27777777777778	1.0000000000000002e-07
190	1.8547586864895291	40.27777777777778	1.0000000000000002e-07
191	1.8520343833499484	36.111111111111114	1.0000000000000002e-07
192	1.900936206181844	33.333333333333336	1.0000000000000002e-07
193	1.8725505140092638	37.5	1.0000000000000002e-07
194	1.865953312979804	47.22222222222222	1.0000000000000002e-07
195	1.8416928185356989	38.888888888888886	1.0000000000000002e-07
196	1.9020226531558566	43.05555555555556	1.0000000000000002e-07
197	1.8888466358184814	37.5	1.0000000000000002e-07
198	1.8456334273020427	40.27777777777778	1.0000000000000002e-07
199	1.8653020991219416	34.72222222222222	1.0000000000000002e-07
200	1.8594546582963731	38.888888888888886	1.0000000000000002e-07
201	1.8881271945105658	41.666666666666664	1.0000000000000002e-07
202	1.8690843714608087	40.27777777777778	1.0000000000000002e-07
203	1.885362770822313	41.666666666666664	1.0000000000000002e-07
204	1.881198763847351	41.666666666666664	1.0000000000000002e-07
205	1.891523838043213	38.888888888888886	1.0000000000000002e-07
206	1.8511339558495417	38.888888888888886	1.0000000000000002e-07
207	1.9271436002519395	33.333333333333336	1.0000000000000002e-07
208	1.881513688299391	36.111111111111114	1.0000000000000002e-07
209	1.8649928039974637	31.944444444444443	1.0000000000000002e-07
210	1.9247901837031047	31.944444444444443	1.0000000000000002e-07
211	1.8845937252044678	37.5	1.0000000000000002e-07
212	1.8489447434743245	40.27777777777778	1.0000000000000002e-07
213	1.8865488635169134	40.27777777777778	1.0000000000000002e-07
214	1.8664087851842244	38.888888888888886	1.0000000000000002e-07
215	1.8969613711039226	37.5	1.0000000000000002e-07
216	1.88817384507921	41.666666666666664	1.0000000000000002e-07
217	1.884211990568373	31.944444444444443	1.0000000000000002e-07
218	1.8815787103441026	37.5	1.0000000000000002e-07
219	1.8958298232820299	40.27777777777778	1.0000000000000002e-07
220	1.8416865401797824	43.05555555555556	1.0000000000000002e-07
221	1.843782001071506	36.111111111111114	1.0000000000000002e-07
222	1.830481939845615	40.27777777777778	1.0000000000000002e-07
223	1.8581531047821045	44.44444444444444	1.0000000000000002e-07
224	1.8880422910054524	37.5	1.0000000000000002e-07
225	1.8492677874035306	40.27777777777778	1.0000000000000002e-07
226	1.8484162489573162	40.27777777777778	1.0000000000000002e-07
227	1.8935944901572332	36.111111111111114	1.0000000000000002e-07
228	1.839608973926968	38.888888888888886	1.0000000000000004e-08
229	1.874692267841763	37.5	1.0000000000000004e-08
230	1.8703613811069064	34.72222222222222	1.0000000000000004e-08
231	1.8863314522637262	40.27777777777778	1.0000000000000004e-08
232	1.8758388757705688	41.666666666666664	1.0000000000000004e-08
233	1.8899669382307265	31.944444444444443	1.0000000000000004e-08
234	1.8444994025760226	44.44444444444444	1.0000000000000004e-08
235	1.8691586918301053	43.05555555555556	1.0000000000000004e-08
236	1.8888407548268635	40.27777777777778	1.0000000000000004e-08
237	1.8883496920267742	41.666666666666664	1.0000000000000004e-08
238	1.9014047516716852	31.944444444444443	1.0000000000000004e-08
239	1.8467900223202176	41.666666666666664	1.0000000000000004e-08
240	1.8639002641042073	40.27777777777778	1.0000000000000004e-08
241	1.8492989540100098	38.888888888888886	1.0000000000000004e-08
242	1.902738995022244	33.333333333333336	1.0000000000000004e-08
243	1.9178564151128132	36.111111111111114	1.0000000000000004e-08
244	1.871762990951538	37.5	1.0000000000000004e-08
245	1.8698393238915338	34.72222222222222	1.0000000000000004e-08
246	1.883409645822313	34.72222222222222	1.0000000000000004e-08
247	1.891572117805481	37.5	1.0000000000000004e-08
248	1.8682376013861761	37.5	1.0000000000000004e-08
249	1.8449128733740912	37.5	1.0000000000000004e-08
250	1.8763071828418307	37.5	1.0000000000000004e-08
251	1.8811831871668498	41.666666666666664	1.0000000000000004e-08
252	1.8655878040525649	34.72222222222222	1.0000000000000004e-08
253	1.873757905430264	34.72222222222222	1.0000000000000004e-08
254	1.8576733006371393	36.111111111111114	1.0000000000000004e-08
255	1.8772124846776326	37.5	1.0000000000000004e-08
256	1.8704062832726374	37.5	1.0000000000000004e-08
257	1.8423887888590496	41.666666666666664	1.0000000000000004e-08
258	1.881391167640686	38.888888888888886	1.0000000000000004e-08
259	1.8318019310633342	41.666666666666664	1.0000000000000004e-08
260	1.866714358329773	43.05555555555556	1.0000000000000004e-08
261	1.874708678987291	41.666666666666664	1.0000000000000004e-08
262	1.8609753052393596	43.05555555555556	1.0000000000000004e-08
263	1.9331200917561848	31.944444444444443	1.0000000000000004e-08
264	1.9266852405336168	37.5	1.0000000000000004e-08
265	1.8428594006432428	40.27777777777778	1.0000000000000004e-08
266	1.877230829662747	40.27777777777778	1.0000000000000004e-08
267	1.894169529279073	31.944444444444443	1.0000000000000004e-08
268	1.8527607123057048	33.333333333333336	1.0000000000000004e-08
269	1.9024813042746649	38.888888888888886	1.0000000000000004e-08
270	1.8932656976911757	36.111111111111114	1.0000000000000004e-08
271	1.879012319776747	40.27777777777778	1.0000000000000004e-08
272	1.887221680747138	36.111111111111114	1.0000000000000004e-08
273	1.8886365228229098	34.72222222222222	1.0000000000000004e-08
274	1.878259367412991	33.333333333333336	1.0000000000000004e-08
275	1.8714371124903362	41.666666666666664	1.0000000000000004e-08
276	1.8441465033425226	40.27777777777778	1.0000000000000004e-08
277	1.8616030083762274	38.888888888888886	1.0000000000000004e-08
278	1.8122008509106107	44.44444444444444	1.0000000000000004e-08
279	1.8540750477049086	36.111111111111114	1.0000000000000004e-08
280	1.8300962183210585	38.888888888888886	1.0000000000000004e-08
281	1.8721429771847196	40.27777777777778	1.0000000000000004e-08
282	1.8222513993581135	40.27777777777778	1.0000000000000004e-08
283	1.874205403857761	37.5	1.0000000000000004e-08
284	1.8929723236295912	36.111111111111114	1.0000000000000004e-08
285	1.8409564362631903	40.27777777777778	1.0000000000000004e-08
286	1.8877668910556369	40.27777777777778	1.0000000000000004e-08
287	1.8811454640494452	40.27777777777778	1.0000000000000004e-08
288	1.8450405465232	41.666666666666664	1.0000000000000004e-08
289	1.8725790447658963	41.666666666666664	1.0000000000000004e-08
290	1.8272086249457464	34.72222222222222	1.0000000000000004e-08
291	1.8319131400850084	41.666666666666664	1.0000000000000004e-08
292	1.8602598243289523	38.888888888888886	1.0000000000000004e-08
293	1.8320362832811143	36.111111111111114	1.0000000000000004e-08
294	1.8646572166019015	45.833333333333336	1.0000000000000004e-08
295	1.837129725350274	47.22222222222222	1.0000000000000004e-08
296	1.859204928080241	37.5	1.0000000000000004e-08
297	1.8971990214453802	37.5	1.0000000000000004e-08
298	1.8296721511416965	43.05555555555556	1.0000000000000004e-08
299	1.8749486870235867	44.44444444444444	1.0000000000000004e-08
300	1.8567098644044664	38.888888888888886	1.0000000000000004e-08
301	1.8360053168402777	36.111111111111114	1.0000000000000004e-08
302	1.84755457772149	33.333333333333336	1.0000000000000004e-08
303	1.922836913002862	37.5	1.0000000000000004e-08
304	1.84468494521247	37.5	1.0000000000000004e-08
305	1.899575736787584	36.111111111111114	1.0000000000000004e-08
306	1.8772821558846369	40.27777777777778	1.0000000000000004e-08
307	1.8604353268941243	34.72222222222222	1.0000000000000004e-08
308	1.8456309106614854	37.5	1.0000000000000004e-08
309	1.9211893611484103	40.27777777777778	1.0000000000000004e-08
310	1.8849052323235407	36.111111111111114	1.0000000000000004e-08
311	1.8360145886739094	44.44444444444444	1.0000000000000004e-08
312	1.8714298274781969	34.72222222222222	1.0000000000000004e-08
313	1.873486386405097	34.72222222222222	1.0000000000000004e-08
314	1.8442398309707642	40.27777777777778	1.0000000000000004e-08
315	1.8870965772204928	34.72222222222222	1.0000000000000004e-08
316	1.845646063486735	40.27777777777778	1.0000000000000004e-08
317	1.8503155443403456	40.27777777777778	1.0000000000000004e-08
318	1.8858431445227728	34.72222222222222	1.0000000000000004e-08
319	1.9181994994481404	33.333333333333336	1.0000000000000004e-08
320	1.8491038878758748	41.666666666666664	1.0000000000000004e-08
321	1.8931706349054973	38.888888888888886	1.0000000000000004e-08
322	1.8325274652904935	44.44444444444444	1.0000000000000004e-08
323	1.8621369467841253	37.5	1.0000000000000004e-08
324	1.8537801106770833	38.888888888888886	1.0000000000000004e-08
325	1.891442404852973	27.77777777777778	1.0000000000000004e-08
326	1.8565699921713934	36.111111111111114	1.0000000000000004e-08
327	1.839029418097602	44.44444444444444	1.0000000000000004e-08
328	1.9173654715220134	29.166666666666668	1.0000000000000004e-08
329	1.9012963242001004	31.944444444444443	1.0000000000000004e-08
330	1.866341723336114	38.888888888888886	1.0000000000000004e-08
331	1.911297082901001	33.333333333333336	1.0000000000000004e-08
332	1.8885505464341905	33.333333333333336	1.0000000000000004e-08
333	1.8443029324213664	38.888888888888886	1.0000000000000004e-08
334	1.8099019394980536	31.944444444444443	1.0000000000000004e-08
335	1.872000879711575	37.5	1.0000000000000004e-08
336	1.8910382853613958	36.111111111111114	1.0000000000000004e-08
337	1.8307470613055759	40.27777777777778	1.0000000000000004e-08
338	1.8606898387273152	44.44444444444444	1.0000000000000004e-08
339	1.8434115250905354	36.111111111111114	1.0000000000000004e-08
340	1.8350506093766954	37.5	1.0000000000000004e-08
341	1.874382323688931	33.333333333333336	1.0000000000000004e-08
342	1.809779617521498	40.27777777777778	1.0000000000000004e-08
343	1.885762956407335	31.944444444444443	1.0000000000000004e-08
344	1.8347110748291016	38.888888888888886	1.0000000000000004e-08
345	1.8347894085778131	40.27777777777778	1.0000000000000004e-08
346	1.8470267322328355	37.5	1.0000000000000004e-08
347	1.8956574201583862	41.666666666666664	1.0000000000000004e-08
348	1.8803209596210055	33.333333333333336	1.0000000000000004e-08
349	1.8314067257775202	36.111111111111114	1.0000000000000004e-08
350	1.8599384890662298	38.888888888888886	1.0000000000000004e-08
351	1.8978560500674777	40.27777777777778	1.0000000000000004e-08
352	1.869235462612576	37.5	1.0000000000000004e-08
353	1.8749778270721436	30.555555555555557	1.0000000000000004e-08
354	1.850007997618781	40.27777777777778	1.0000000000000004e-08
355	1.8577320443259344	41.666666666666664	1.0000000000000004e-08
356	1.8334975375069513	44.44444444444444	1.0000000000000004e-08
357	1.90081520875295	41.666666666666664	1.0000000000000004e-08
358	1.901873615052965	30.555555555555557	1.0000000000000004e-08
359	1.8747366534339056	41.666666666666664	1.0000000000000004e-08
360	1.8824991517596774	36.111111111111114	1.0000000000000004e-08
361	1.84276192718082	43.05555555555556	1.0000000000000004e-08
362	1.8529207838906183	40.27777777777778	1.0000000000000004e-08
363	1.9201980696784124	36.111111111111114	1.0000000000000004e-08
364	1.8366314835018582	36.111111111111114	1.0000000000000004e-08
365	1.9242373704910278	38.888888888888886	1.0000000000000004e-08
366	1.8626919984817505	41.666666666666664	1.0000000000000004e-08
367	1.9463705486721463	31.944444444444443	1.0000000000000004e-08
368	1.8672280311584473	38.888888888888886	1.0000000000000004e-08
369	1.8121686776479085	43.05555555555556	1.0000000000000004e-08
370	1.9065943161646526	37.5	1.0000000000000004e-08
371	1.8340211709340413	41.666666666666664	1.0000000000000004e-08
372	1.9479917420281305	33.333333333333336	1.0000000000000004e-08
373	1.884453535079956	38.888888888888886	1.0000000000000004e-08
374	1.8339314725663927	48.611111111111114	1.0000000000000004e-08
375	1.8553206655714247	41.666666666666664	1.0000000000000004e-08
376	1.8691367043389215	38.888888888888886	1.0000000000000004e-08
377	1.884669476085239	37.5	1.0000000000000004e-08
378	1.8546710809071858	37.5	1.0000000000000004e-08
379	1.8747934500376384	29.166666666666668	1.0000000000000004e-08
380	1.882286892996894	34.72222222222222	1.0000000000000004e-08
381	1.858821365568373	44.44444444444444	1.0000000000000004e-08
382	1.8531934685177274	38.888888888888886	1.0000000000000004e-08
383	1.8329564465416803	40.27777777777778	1.0000000000000004e-08
384	1.8749792575836182	34.72222222222222	1.0000000000000004e-08
385	1.887560976876153	36.111111111111114	1.0000000000000004e-08
386	1.865470117992825	44.44444444444444	1.0000000000000004e-08
387	1.8567497067981296	27.77777777777778	1.0000000000000004e-08
388	1.86487611134847	38.888888888888886	1.0000000000000004e-08
389	1.896673811806573	37.5	1.0000000000000004e-08
390	1.8630254798465304	36.111111111111114	1.0000000000000004e-08
391	1.8581169313854642	41.666666666666664	1.0000000000000004e-08
392	1.8815229203965929	36.111111111111114	1.0000000000000004e-08
393	1.839950508541531	36.111111111111114	1.0000000000000004e-08
394	1.8334968090057373	38.888888888888886	1.0000000000000004e-08
395	1.8226735062069364	43.05555555555556	1.0000000000000004e-08
396	1.8412881162431505	36.111111111111114	1.0000000000000004e-08
397	1.860265400674608	40.27777777777778	1.0000000000000004e-08
398	1.8852141963111029	34.72222222222222	1.0000000000000004e-08
399	1.8371702167722914	34.72222222222222	1.0000000000000004e-08
400	1.865057600869073	34.72222222222222	1.0000000000000004e-08
401	1.906114485528734	36.111111111111114	1.0000000000000004e-08
402	1.843690488073561	36.111111111111114	1.0000000000000004e-08
403	1.8798026508755155	37.5	1.0000000000000004e-08
404	1.8403650919596355	38.888888888888886	1.0000000000000004e-08
405	1.8338491519292195	45.833333333333336	1.0000000000000004e-08
406	1.867824633916219	43.05555555555556	1.0000000000000004e-08
407	1.81460620297326	44.44444444444444	1.0000000000000004e-08
408	1.8252452347013686	47.22222222222222	1.0000000000000004e-08
409	1.8550571733050876	37.5	1.0000000000000004e-08
410	1.8809999492433336	40.27777777777778	1.0000000000000004e-08
411	1.8236087825563219	40.27777777777778	1.0000000000000004e-08
412	1.9029666980107625	36.111111111111114	1.0000000000000004e-08
413	1.8337323930528429	34.72222222222222	1.0000000000000004e-08
414	1.837605012787713	38.888888888888886	1.0000000000000004e-08
415	1.8178814914491441	40.27777777777778	1.0000000000000004e-08
416	1.8783802721235487	37.5	1.0000000000000004e-08
417	1.8379374874962702	40.27777777777778	1.0000000000000004e-08
418	1.8591942522260878	31.944444444444443	1.0000000000000004e-08
419	1.8638122876485188	43.05555555555556	1.0000000000000004e-08
420	1.8499653604295518	37.5	1.0000000000000004e-08
421	1.8910506963729858	33.333333333333336	1.0000000000000004e-08
422	1.8937802579667833	37.5	1.0000000000000004e-08
423	1.864875978893704	43.05555555555556	1.0000000000000004e-08
424	1.8301653067270915	47.22222222222222	1.0000000000000004e-08
425	1.8579592969682481	38.888888888888886	1.0000000000000004e-08
426	1.904113080766466	33.333333333333336	1.0000000000000004e-08
427	1.9400268130832248	30.555555555555557	1.0000000000000004e-08
428	1.9110283454259236	31.944444444444443	1.0000000000000004e-08
429	1.8807883659998577	40.27777777777778	1.0000000000000004e-08
430	1.884013573328654	38.888888888888886	1.0000000000000004e-08
431	1.8723685873879328	36.111111111111114	1.0000000000000004e-08
432	1.8902468548880682	29.166666666666668	1.0000000000000004e-08
433	1.8049756553437974	43.05555555555556	1.0000000000000004e-08
434	1.856999225086636	34.72222222222222	1.0000000000000004e-08
435	1.8677117162280612	43.05555555555556	1.0000000000000004e-08
436	1.86193052927653	37.5	1.0000000000000004e-08
437	1.8275040917926364	44.44444444444444	1.0000000000000004e-08
438	1.8199508322609796	41.666666666666664	1.0000000000000004e-08
439	1.9168868727154202	36.111111111111114	1.0000000000000004e-08
440	1.8559206459257338	38.888888888888886	1.0000000000000004e-08
441	1.8898367749320135	33.333333333333336	1.0000000000000004e-08
442	1.888859682612949	44.44444444444444	1.0000000000000004e-08
443	1.8754244910346136	33.333333333333336	1.0000000000000004e-08
444	1.8107197946972318	38.888888888888886	1.0000000000000004e-08
445	1.918072779973348	33.333333333333336	1.0000000000000004e-08
446	1.9119085205925836	30.555555555555557	1.0000000000000004e-08
447	1.8617039653990004	34.72222222222222	1.0000000000000004e-08
448	1.8751532501644559	33.333333333333336	1.0000000000000004e-08
449	1.8713542355431452	37.5	1.0000000000000004e-08
450	1.8478923638661702	36.111111111111114	1.0000000000000004e-08
451	1.8278295463985867	41.666666666666664	1.0000000000000004e-08
452	1.8792156908247206	44.44444444444444	1.0000000000000004e-08
453	1.8503521151012845	41.666666666666664	1.0000000000000004e-08
454	1.8892440133624606	40.27777777777778	1.0000000000000004e-08
455	1.8371790250142415	43.05555555555556	1.0000000000000004e-08
456	1.848630017704434	41.666666666666664	1.0000000000000004e-08
457	1.8639937109417386	36.111111111111114	1.0000000000000004e-08
458	1.8742665582233005	34.72222222222222	1.0000000000000004e-08
459	1.8900800546010335	36.111111111111114	1.0000000000000004e-08
460	1.8525683879852295	44.44444444444444	1.0000000000000004e-08
461	1.9007042249043782	36.111111111111114	1.0000000000000004e-08
462	1.8709090153376262	38.888888888888886	1.0000000000000004e-08
463	1.8629410134421454	40.27777777777778	1.0000000000000004e-08
464	1.8618151744206746	38.888888888888886	1.0000000000000004e-08
465	1.882757027943929	36.111111111111114	1.0000000000000004e-08
466	1.8444439305199518	38.888888888888886	1.0000000000000004e-08
467	1.802636981010437	44.44444444444444	1.0000000000000004e-08
468	1.9184210962719388	36.111111111111114	1.0000000000000004e-08
469	1.8590222464667425	41.666666666666664	1.0000000000000004e-08
470	1.8158061769273546	41.666666666666664	1.0000000000000004e-08
471	1.9399340020285711	36.111111111111114	1.0000000000000004e-08
472	1.8822857671313815	38.888888888888886	1.0000000000000004e-08
473	1.8438801368077595	37.5	1.0000000000000004e-08
474	1.831594016816881	37.5	1.0000000000000004e-08
475	1.8800122208065457	36.111111111111114	1.0000000000000004e-08
476	1.8846868011686537	41.666666666666664	1.0000000000000004e-08
477	1.8850321107440524	38.888888888888886	1.0000000000000004e-08
478	1.8851714001761541	34.72222222222222	1.0000000000000004e-08
479	1.8847663402557373	41.666666666666664	1.0000000000000004e-08
480	1.8977927499347262	30.555555555555557	1.0000000000000004e-08
481	1.9002202086978488	33.333333333333336	1.0000000000000004e-08
482	1.8631220791074965	37.5	1.0000000000000004e-08
483	1.8834368255403307	40.27777777777778	1.0000000000000004e-08
484	1.8547175460391574	40.27777777777778	1.0000000000000004e-08
485	1.8694031238555908	40.27777777777778	1.0000000000000004e-08
486	1.8309911224577162	40.27777777777778	1.0000000000000004e-08
487	1.8674336274464924	37.5	1.0000000000000004e-08
488	1.9101952976650662	41.666666666666664	1.0000000000000004e-08
489	1.8137065437104967	43.05555555555556	1.0000000000000004e-08
490	1.8831781016455755	36.111111111111114	1.0000000000000004e-08
491	1.873351560698615	36.111111111111114	1.0000000000000004e-08
492	1.8436268832948473	41.666666666666664	1.0000000000000004e-08
493	1.8734915256500244	36.111111111111114	1.0000000000000004e-08
494	1.8433062765333388	37.5	1.0000000000000004e-08
495	1.8315531810124714	37.5	1.0000000000000004e-08
496	1.831707821951972	38.888888888888886	1.0000000000000004e-08
497	1.855632742245992	37.5	1.0000000000000004e-08
498	1.9191383785671658	37.5	1.0000000000000004e-08
499	1.9813501040140789	31.944444444444443	1.0000000000000004e-08
500	1.8583933512369792	38.888888888888886	1.0000000000000004e-08
