epoch	batch	iter	loss	acc	lr
1	1	1	2.6207358837127686	16.0	0.0001
1	2	2	2.6829891204833984	2.0	0.0001
1	3	3	3.1011312007904053	4.0	0.0001
1	4	4	3.3060708045959473	4.0	0.0001
1	5	5	2.7633304595947266	10.0	0.0001
1	6	6	2.9631128311157227	8.0	0.0001
1	7	7	3.2746291160583496	6.0	0.0001
1	8	8	3.168546199798584	10.0	0.0001
1	9	9	3.0470852851867676	6.0	0.0001
1	10	10	2.7507951259613037	3.4482758620689653	0.0001
1	1	1	2.808889865875244	6.0	0.0001
1	2	2	2.5912270545959473	4.0	0.0001
1	3	3	2.8791213035583496	6.0	0.0001
1	4	4	2.879457950592041	4.0	0.0001
1	5	5	2.8998990058898926	6.0	0.0001
1	6	6	3.423413038253784	12.0	0.0001
1	7	7	3.2439186573028564	8.0	0.0001
1	8	8	3.2627227306365967	8.0	0.0001
1	9	9	2.9800972938537598	14.0	0.0001
1	10	10	2.7062458992004395	13.793103448275861	0.0001
1	1	1	2.643961191177368	10.0	0.0001
1	2	2	2.7304294109344482	8.0	0.0001
1	3	3	3.016592025756836	6.0	0.0001
1	4	4	3.38925838470459	6.0	0.0001
1	5	5	2.803427219390869	8.0	0.0001
1	6	6	2.7642972469329834	12.0	0.0001
1	7	7	2.978116035461426	8.0	0.0001
1	8	8	3.1842870712280273	4.0	0.0001
1	9	9	2.941021680831909	8.0	0.0001
1	10	10	2.6171011924743652	6.896551724137931	0.0001
1	1	1	2.806252956390381	14.0	0.0001
1	2	2	3.1412949562072754	4.0	0.0001
1	3	3	2.833253860473633	8.0	0.0001
1	4	4	2.8935885429382324	8.0	0.0001
1	5	5	2.852691411972046	4.0	0.0001
1	6	6	3.0016868114471436	12.0	0.0001
1	7	7	3.74350643157959	6.0	0.0001
1	8	8	3.459876775741577	2.0	0.0001
1	9	9	2.9590883255004883	14.0	0.0001
1	10	10	3.418797016143799	3.4482758620689653	0.0001
1	1	1	3.328841209411621	0.0	0.0001
1	2	2	2.729128360748291	10.0	0.0001
1	1	1	2.6333565711975098	4.0	0.0001
1	2	2	3.198199987411499	4.0	0.0001
1	3	3	2.7813854217529297	8.0	0.0001
1	4	4	2.7557997703552246	10.0	0.0001
1	5	5	3.0320773124694824	6.0	0.0001
1	6	6	3.1845695972442627	8.0	0.0001
1	7	7	3.1331048011779785	12.0	0.0001
1	8	8	2.859447717666626	12.0	0.0001
1	9	9	2.919663429260254	12.0	0.0001
1	10	10	3.174354314804077	0.0	0.0001
1	1	1	2.8817005157470703	12.0	0.0001
1	2	2	2.635741949081421	8.0	0.0001
1	3	3	2.85893177986145	6.0	0.0001
1	4	4	2.7164506912231445	14.0	0.0001
1	5	5	3.0046136379241943	2.0	0.0001
1	6	6	2.9749515056610107	6.0	0.0001
1	7	7	2.825979709625244	10.0	0.0001
1	8	8	2.884492874145508	12.0	0.0001
1	9	9	2.7984654903411865	10.0	0.0001
1	10	10	3.222146987915039	6.896551724137931	0.0001
1	1	1	3.1367998123168945	4.0	0.0001
1	2	2	2.719180107116699	14.0	0.0001
1	3	3	2.823253870010376	10.0	0.0001
1	4	4	3.1047494411468506	4.0	0.0001
1	5	5	2.911175012588501	4.0	0.0001
1	6	6	3.0548830032348633	4.0	0.0001
1	7	7	2.8969662189483643	8.0	0.0001
1	8	8	2.999908208847046	8.0	0.0001
1	9	9	3.430715560913086	8.0	0.0001
1	10	10	2.8451600074768066	3.4482758620689653	0.0001
1	1	1	2.502608299255371	14.0	0.0001
1	1	1	2.8819797039031982	10.0	0.0001
1	2	2	2.778445243835449	2.0	0.0001
1	3	3	2.9637644290924072	6.0	0.0001
1	4	4	2.9131691455841064	10.0	0.0001
1	5	5	2.5475127696990967	12.0	0.0001
1	6	6	3.1372241973876953	6.0	0.0001
1	7	7	3.185774803161621	10.0	0.0001
1	8	8	3.3188979625701904	2.0	0.0001
1	9	9	2.7228996753692627	16.0	0.0001
1	10	10	3.00166916847229	6.896551724137931	0.0001
1	1	1	2.959831953048706	4.0	0.0001
1	2	2	3.324117422103882	2.0	0.0001
1	3	3	3.1546547412872314	12.0	0.0001
1	4	4	2.87605357170105	6.0	0.0001
1	5	5	2.8918302059173584	12.0	0.0001
1	6	6	2.524970769882202	14.0	0.0001
1	7	7	2.979466199874878	8.0	0.0001
1	8	8	2.9617607593536377	12.0	0.0001
1	9	9	2.928459882736206	10.0	0.0001
1	10	10	3.1133267879486084	10.344827586206897	0.0001
1	1	1	3.285037040710449	4.0	0.0001
1	2	2	2.7886698246002197	8.0	0.0001
1	3	3	2.9688634872436523	14.0	0.0001
1	4	4	3.209429979324341	6.0	0.0001
1	5	5	3.1173255443573	8.0	0.0001
1	6	6	2.6971306800842285	4.0	0.0001
1	7	7	2.8932528495788574	8.0	0.0001
1	8	8	2.868361711502075	6.0	0.0001
1	9	9	2.824939012527466	10.0	0.0001
1	10	10	2.9246068000793457	10.344827586206897	0.0001
1	1	1	2.6859636306762695	16.0	0.0001
1	2	2	2.6082723140716553	4.0	0.0001
1	3	3	2.691075325012207	12.0	0.0001
1	4	4	3.091998338699341	4.0	0.0001
1	5	5	2.9165635108947754	6.0	0.0001
1	6	6	3.081618309020996	10.0	0.0001
1	7	7	3.087073564529419	8.0	0.0001
1	8	8	3.1706511974334717	8.0	0.0001
1	9	9	2.7861783504486084	10.0	0.0001
1	10	10	3.0293195247650146	13.793103448275861	0.0001
1	1	1	2.816793441772461	10.0	0.0001
1	2	2	2.628772497177124	12.0	0.0001
1	3	3	3.578070640563965	6.0	0.0001
1	4	4	2.5641977787017822	12.0	0.0001
1	5	5	3.0220818519592285	6.0	0.0001
1	6	6	2.809196710586548	10.0	0.0001
1	7	7	2.9867990016937256	6.0	0.0001
1	8	8	3.0793325901031494	10.0	0.0001
1	9	9	2.885471820831299	6.0	0.0001
1	10	10	2.8274385929107666	3.4482758620689653	0.0001
1	1	1	2.728951930999756	10.0	0.0001
1	2	2	2.9240899085998535	4.0	0.0001
1	3	3	3.0925354957580566	14.0	0.0001
1	4	4	3.1469695568084717	8.0	0.0001
1	5	5	3.1818747520446777	16.0	0.0001
1	6	6	3.290313720703125	8.0	0.0001
1	7	7	3.2463202476501465	6.0	0.0001
1	8	8	2.8503475189208984	8.0	0.0001
1	9	9	2.8053159713745117	12.0	0.0001
1	10	10	2.99790358543396	17.24137931034483	0.0001
2	1	11	2.857405662536621	12.0	0.0001
2	2	12	2.6293723583221436	6.0	0.0001
2	3	13	2.811000347137451	10.0	0.0001
2	4	14	2.9552416801452637	18.0	0.0001
2	5	15	2.942244052886963	12.0	0.0001
2	6	16	3.0019915103912354	16.0	0.0001
2	7	17	3.1310956478118896	12.0	0.0001
2	8	18	2.978647470474243	6.0	0.0001
2	9	19	2.6260154247283936	10.0	0.0001
2	10	20	2.7501943111419678	6.896551724137931	0.0001
3	1	21	2.909371852874756	8.0	0.0001
3	2	22	2.9509661197662354	6.0	0.0001
3	3	23	2.797744035720825	6.0	0.0001
3	4	24	3.104027032852173	10.0	0.0001
3	5	25	2.9894518852233887	12.0	0.0001
3	6	26	2.993373394012451	10.0	0.0001
3	7	27	2.6183230876922607	18.0	0.0001
3	8	28	3.091214179992676	6.0	0.0001
3	9	29	2.713120937347412	10.0	0.0001
3	10	30	2.4627277851104736	3.4482758620689653	0.0001
4	1	31	3.5020034313201904	4.0	0.0001
4	2	32	2.442112684249878	12.0	0.0001
4	3	33	2.898244857788086	6.0	0.0001
4	4	34	2.7710299491882324	10.0	0.0001
4	5	35	2.623141288757324	8.0	0.0001
4	6	36	2.916907548904419	8.0	0.0001
4	7	37	2.8799338340759277	8.0	0.0001
4	8	38	2.652005195617676	14.0	0.0001
4	9	39	2.6660540103912354	8.0	0.0001
4	10	40	3.252333641052246	3.4482758620689653	0.0001
5	1	41	2.875302791595459	10.0	0.0001
5	2	42	2.8001279830932617	16.0	0.0001
5	3	43	2.7016232013702393	20.0	0.0001
5	4	44	2.598738193511963	18.0	0.0001
5	5	45	2.788029670715332	12.0	0.0001
5	6	46	2.7478549480438232	8.0	0.0001
5	7	47	2.788384437561035	14.0	0.0001
5	8	48	2.6350131034851074	18.0	0.0001
5	9	49	2.6312363147735596	8.0	0.0001
5	10	50	3.376343011856079	10.344827586206897	0.0001
6	1	51	3.211859941482544	10.0	0.0001
6	2	52	2.650251865386963	10.0	0.0001
6	3	53	2.579951286315918	18.0	0.0001
6	4	54	2.5837578773498535	10.0	0.0001
6	5	55	2.586090326309204	10.0	0.0001
6	6	56	2.5963780879974365	16.0	0.0001
6	7	57	2.9531009197235107	10.0	0.0001
6	8	58	3.6745517253875732	6.0	0.0001
6	9	59	2.5318706035614014	12.0	0.0001
6	10	60	2.6088974475860596	10.344827586206897	0.0001
1	1	1	2.8180882930755615	8.0	0.0001
1	2	2	2.887103796005249	4.0	0.0001
1	3	3	2.857363700866699	8.0	0.0001
1	1	1	2.973723888397217	15.0	0.0001
1	2	2	2.4652984142303467	15.0	0.0001
1	3	3	2.732736110687256	12.5	0.0001
1	4	4	3.2358202934265137	2.5	0.0001
1	5	5	2.972695827484131	10.0	0.0001
1	6	6	2.66513729095459	7.5	0.0001
1	7	7	2.6375083923339844	15.0	0.0001
1	8	8	3.100519895553589	12.5	0.0001
1	9	9	3.2238974571228027	12.5	0.0001
1	10	10	2.7576208114624023	15.0	0.0001
1	11	11	2.8208413124084473	10.0	0.0001
1	12	12	3.1014342308044434	10.256410256410257	0.0001
2	1	13	3.32556414604187	2.5	0.0001
2	2	14	2.6078133583068848	12.5	0.0001
2	3	15	2.8512847423553467	2.5	0.0001
2	4	16	2.9111328125	7.5	0.0001
2	5	17	2.928203821182251	2.5	0.0001
2	6	18	2.745842218399048	15.0	0.0001
2	7	19	2.7473576068878174	15.0	0.0001
2	8	20	2.876645565032959	10.0	0.0001
2	9	21	2.6516425609588623	17.5	0.0001
2	10	22	2.8898465633392334	5.0	0.0001
2	11	23	2.988093852996826	10.0	0.0001
2	12	24	2.865168333053589	5.128205128205129	0.0001
3	1	25	2.966200351715088	12.5	0.0001
3	2	26	3.256924867630005	7.5	0.0001
3	3	27	2.447544574737549	15.0	0.0001
3	4	28	2.7603065967559814	15.0	0.0001
3	5	29	2.5048251152038574	17.5	0.0001
3	6	30	3.3105578422546387	15.0	0.0001
3	7	31	2.615725040435791	7.5	0.0001
3	8	32	3.1307969093322754	5.0	0.0001
3	9	33	2.3284811973571777	12.5	0.0001
3	10	34	2.5335617065429688	7.5	0.0001
3	11	35	2.4038074016571045	15.0	0.0001
3	12	36	2.770551919937134	15.384615384615385	0.0001
4	1	37	2.7720999717712402	20.0	0.0001
4	2	38	2.5100135803222656	7.5	0.0001
4	3	39	2.552412271499634	15.0	0.0001
4	4	40	2.5669312477111816	12.5	0.0001
4	5	41	2.5308849811553955	10.0	0.0001
4	6	42	2.486518383026123	22.5	0.0001
4	7	43	2.645294427871704	15.0	0.0001
4	8	44	3.027386426925659	7.5	0.0001
4	9	45	2.4690122604370117	15.0	0.0001
4	10	46	2.651214599609375	12.5	0.0001
4	11	47	2.6971166133880615	15.0	0.0001
4	12	48	2.5220818519592285	17.94871794871795	0.0001
5	1	49	2.7824320793151855	5.0	0.0001
5	2	50	2.448190927505493	17.5	0.0001
5	3	51	2.926736831665039	17.5	0.0001
5	4	52	2.4786579608917236	10.0	0.0001
5	5	53	3.235499858856201	7.5	0.0001
5	6	54	2.6209356784820557	17.5	0.0001
5	7	55	2.6228299140930176	25.0	0.0001
5	8	56	2.5229666233062744	7.5	0.0001
5	9	57	2.6824543476104736	12.5	0.0001
5	10	58	2.072913408279419	27.5	0.0001
5	11	59	2.451028347015381	10.0	0.0001
5	12	60	2.595611333847046	7.6923076923076925	0.0001
6	1	61	2.2772159576416016	25.0	0.0001
6	2	62	2.3836450576782227	17.5	0.0001
6	3	63	2.5835375785827637	20.0	0.0001
6	4	64	2.4294674396514893	12.5	0.0001
6	5	65	2.6785197257995605	17.5	0.0001
6	6	66	3.082772731781006	7.5	0.0001
6	7	67	2.581892490386963	15.0	0.0001
6	8	68	2.3741166591644287	15.0	0.0001
6	9	69	2.270388126373291	27.5	0.0001
6	10	70	2.5786030292510986	17.5	0.0001
6	11	71	2.2967007160186768	15.0	0.0001
6	12	72	2.3239903450012207	17.94871794871795	0.0001
7	1	73	2.2476000785827637	22.5	0.0001
7	2	74	2.0877280235290527	27.5	0.0001
7	3	75	2.414795160293579	20.0	0.0001
7	4	76	2.313086986541748	20.0	0.0001
7	5	77	2.3849148750305176	17.5	0.0001
7	6	78	2.2557122707366943	22.5	0.0001
7	7	79	1.8087632656097412	45.0	0.0001
7	8	80	2.0926733016967773	35.0	0.0001
7	9	81	2.446610450744629	15.0	0.0001
7	10	82	2.1455776691436768	17.5	0.0001
7	11	83	2.220804452896118	17.5	0.0001
7	12	84	2.527130126953125	17.94871794871795	0.0001
8	1	85	2.154664993286133	25.0	0.0001
8	2	86	2.719968795776367	15.0	0.0001
8	3	87	2.0161685943603516	35.0	0.0001
8	4	88	2.4701876640319824	22.5	0.0001
8	5	89	2.893246650695801	10.0	0.0001
8	6	90	1.7809514999389648	30.0	0.0001
8	7	91	2.4634270668029785	20.0	0.0001
8	8	92	2.8954601287841797	12.5	0.0001
8	9	93	2.656343936920166	7.5	0.0001
8	10	94	2.2227587699890137	22.5	0.0001
8	11	95	2.2318718433380127	17.5	0.0001
8	12	96	2.5865392684936523	15.384615384615385	0.0001
9	1	97	2.2951607704162598	30.0	0.0001
9	2	98	1.8800628185272217	27.5	0.0001
9	3	99	2.185452938079834	25.0	0.0001
9	4	100	2.3142104148864746	20.0	0.0001
9	5	101	2.51302433013916	12.5	0.0001
9	6	102	1.814541220664978	35.0	0.0001
9	7	103	1.9895524978637695	22.5	0.0001
9	8	104	1.82760488986969	35.0	0.0001
9	9	105	2.447667360305786	20.0	0.0001
9	10	106	2.1926255226135254	22.5	0.0001
9	11	107	1.8426977396011353	40.0	0.0001
9	12	108	1.9052472114562988	23.076923076923077	0.0001
10	1	109	2.2650227546691895	27.5	0.0001
10	2	110	2.0769574642181396	22.5	0.0001
10	3	111	2.718435525894165	5.0	0.0001
10	4	112	2.047534465789795	27.5	0.0001
10	5	113	2.082735538482666	35.0	0.0001
10	6	114	2.2107110023498535	20.0	0.0001
10	7	115	2.4836320877075195	12.5	0.0001
10	8	116	1.9023908376693726	32.5	0.0001
10	9	117	2.2279391288757324	25.0	0.0001
10	10	118	1.7680699825286865	32.5	0.0001
10	11	119	2.16113543510437	27.5	0.0001
10	12	120	1.8055254220962524	33.333333333333336	0.0001
11	1	121	1.5578457117080688	47.5	0.0001
11	2	122	1.69785475730896	40.0	0.0001
11	3	123	2.4335718154907227	22.5	0.0001
11	4	124	2.047241449356079	17.5	0.0001
11	5	125	1.9103444814682007	35.0	0.0001
11	6	126	1.8401788473129272	30.0	0.0001
11	7	127	1.8632652759552002	17.5	0.0001
11	8	128	1.7733476161956787	40.0	0.0001
11	9	129	1.9836747646331787	32.5	0.0001
11	10	130	2.2791831493377686	25.0	0.0001
11	11	131	1.8974039554595947	27.5	0.0001
11	12	132	1.9074264764785767	30.76923076923077	0.0001
12	1	133	1.7748167514801025	30.0	0.0001
12	2	134	1.7168424129486084	27.5	0.0001
12	3	135	1.5728904008865356	37.5	0.0001
12	4	136	1.6855281591415405	35.0	0.0001
12	5	137	1.7483218908309937	32.5	0.0001
12	6	138	1.6025354862213135	40.0	0.0001
12	7	139	1.7888975143432617	35.0	0.0001
12	8	140	1.7092797756195068	40.0	0.0001
12	9	141	2.064796209335327	25.0	0.0001
12	10	142	1.8331632614135742	42.5	0.0001
12	11	143	1.8761142492294312	32.5	0.0001
12	12	144	1.9611589908599854	17.94871794871795	0.0001
13	1	145	1.7181589603424072	32.5	0.0001
13	2	146	1.7487713098526	37.5	0.0001
13	3	147	1.8846464157104492	30.0	0.0001
13	4	148	1.8901917934417725	35.0	0.0001
13	5	149	1.865192174911499	27.5	0.0001
13	6	150	1.7405955791473389	42.5	0.0001
13	7	151	1.5907357931137085	52.5	0.0001
13	8	152	1.6378850936889648	40.0	0.0001
13	9	153	1.450256109237671	40.0	0.0001
13	10	154	1.9950345754623413	27.5	0.0001
13	11	155	1.8302654027938843	22.5	0.0001
13	12	156	1.3987733125686646	48.717948717948715	0.0001
14	1	157	1.2748448848724365	52.5	0.0001
14	2	158	1.5566495656967163	45.0	0.0001
14	3	159	1.746346116065979	35.0	0.0001
14	4	160	1.7434329986572266	47.5	0.0001
14	5	161	1.5726068019866943	32.5	0.0001
14	6	162	1.8227735757827759	32.5	0.0001
14	7	163	1.5518450736999512	45.0	0.0001
14	8	164	1.9107935428619385	30.0	0.0001
14	9	165	1.7340011596679688	35.0	0.0001
14	10	166	2.0008082389831543	35.0	0.0001
14	11	167	1.5777360200881958	45.0	0.0001
14	12	168	2.0574662685394287	20.512820512820515	0.0001
15	1	169	1.7224785089492798	45.0	0.0001
15	2	170	1.6125710010528564	37.5	0.0001
15	3	171	1.6978791952133179	40.0	0.0001
15	4	172	1.3019042015075684	52.5	0.0001
15	5	173	1.668898582458496	37.5	0.0001
15	6	174	1.5572340488433838	47.5	0.0001
15	7	175	1.4615710973739624	35.0	0.0001
15	8	176	1.911373496055603	30.0	0.0001
15	9	177	1.4493153095245361	47.5	0.0001
15	10	178	1.3112876415252686	45.0	0.0001
15	11	179	2.4683077335357666	35.0	0.0001
15	12	180	2.088623046875	20.512820512820515	0.0001
16	1	181	1.4710536003112793	50.0	0.0001
16	2	182	1.493704915046692	32.5	0.0001
16	3	183	2.084439754486084	30.0	0.0001
16	4	184	1.5984703302383423	37.5	0.0001
16	5	185	2.2508838176727295	32.5	0.0001
16	6	186	1.7375257015228271	40.0	0.0001
16	7	187	1.6298831701278687	42.5	0.0001
16	8	188	2.322178602218628	30.0	0.0001
16	9	189	1.3693286180496216	47.5	0.0001
16	10	190	2.0160324573516846	25.0	0.0001
16	11	191	1.3041045665740967	47.5	0.0001
16	12	192	1.7568672895431519	33.333333333333336	0.0001
17	1	193	1.1694371700286865	47.5	0.0001
17	2	194	1.5029897689819336	50.0	0.0001
17	3	195	1.569227933883667	35.0	0.0001
17	4	196	2.0522210597991943	37.5	0.0001
17	5	197	1.699204444885254	42.5	0.0001
17	6	198	1.3618314266204834	57.5	0.0001
17	7	199	1.6993430852890015	47.5	0.0001
17	8	200	1.7455193996429443	30.0	0.0001
17	9	201	1.3251721858978271	47.5	0.0001
17	10	202	1.6552118062973022	45.0	0.0001
17	11	203	2.0699639320373535	27.5	0.0001
17	12	204	1.6105812788009644	43.58974358974359	0.0001
18	1	205	1.5304211378097534	45.0	0.0001
18	2	206	1.4601389169692993	55.0	0.0001
18	3	207	1.8366601467132568	40.0	0.0001
18	4	208	1.8052442073822021	25.0	0.0001
18	5	209	1.3935201168060303	47.5	0.0001
18	6	210	1.490227460861206	35.0	0.0001
18	7	211	1.532573938369751	47.5	0.0001
18	8	212	1.4051964282989502	47.5	0.0001
18	9	213	1.2916351556777954	45.0	0.0001
18	10	214	1.662047028541565	30.0	0.0001
18	11	215	1.3311537504196167	45.0	0.0001
18	12	216	1.1648023128509521	48.717948717948715	0.0001
19	1	217	1.1824047565460205	52.5	0.0001
19	2	218	1.330585241317749	42.5	0.0001
19	3	219	1.2008512020111084	52.5	0.0001
19	4	220	1.5181987285614014	45.0	0.0001
19	5	221	1.4831933975219727	42.5	0.0001
19	6	222	1.2908084392547607	60.0	0.0001
19	7	223	1.2912001609802246	50.0	0.0001
19	8	224	1.215541124343872	55.0	0.0001
19	9	225	1.4281232357025146	47.5	0.0001
19	10	226	1.1445724964141846	57.5	0.0001
19	11	227	1.1600269079208374	62.5	0.0001
19	12	228	1.2178549766540527	56.41025641025641	0.0001
20	1	229	1.349771499633789	57.5	0.0001
20	2	230	1.5882744789123535	52.5	0.0001
20	3	231	1.1498488187789917	52.5	0.0001
20	4	232	1.4584206342697144	47.5	0.0001
20	5	233	1.1335499286651611	57.5	0.0001
20	6	234	0.9311238527297974	65.0	0.0001
20	7	235	1.1996500492095947	45.0	0.0001
20	8	236	1.8561853170394897	35.0	0.0001
20	9	237	1.4057823419570923	55.0	0.0001
20	10	238	1.1063835620880127	57.5	0.0001
20	11	239	1.2011592388153076	45.0	0.0001
20	12	240	1.4797605276107788	41.02564102564103	0.0001
21	1	241	1.02431321144104	65.0	0.0001
21	2	242	0.9351892471313477	67.5	0.0001
21	3	243	1.2686347961425781	67.5	0.0001
21	4	244	1.7262818813323975	47.5	0.0001
21	5	245	1.2471365928649902	52.5	0.0001
21	6	246	1.1413339376449585	50.0	0.0001
21	7	247	1.171511173248291	52.5	0.0001
21	8	248	1.1189188957214355	57.5	0.0001
21	9	249	0.9552624821662903	70.0	0.0001
21	10	250	1.2076990604400635	55.0	0.0001
21	11	251	1.2420809268951416	52.5	0.0001
21	12	252	0.9577903747558594	58.97435897435897	0.0001
22	1	253	0.7182995080947876	77.5	0.0001
22	2	254	0.9773975610733032	50.0	0.0001
22	3	255	0.9378917813301086	70.0	0.0001
22	4	256	1.2777516841888428	42.5	0.0001
22	5	257	0.9806059002876282	60.0	0.0001
22	6	258	1.3541901111602783	47.5	0.0001
22	7	259	1.110503911972046	62.5	0.0001
22	8	260	0.8297878503799438	72.5	0.0001
22	9	261	1.1363701820373535	60.0	0.0001
22	10	262	0.9894756078720093	65.0	0.0001
22	11	263	1.4107120037078857	55.0	0.0001
22	12	264	1.1119565963745117	46.15384615384615	0.0001
23	1	265	0.878809928894043	67.5	0.0001
23	2	266	1.1644856929779053	52.5	0.0001
23	3	267	1.1241967678070068	57.5	0.0001
23	4	268	0.9011009931564331	67.5	0.0001
23	5	269	1.1358381509780884	62.5	0.0001
23	6	270	1.443371057510376	32.5	0.0001
23	7	271	1.033057689666748	52.5	0.0001
23	8	272	0.8775568008422852	72.5	0.0001
23	9	273	1.1598246097564697	52.5	0.0001
23	10	274	1.1508924961090088	52.5	0.0001
23	11	275	0.7396742105484009	72.5	0.0001
23	12	276	1.3919447660446167	51.282051282051285	0.0001
24	1	277	1.2974984645843506	47.5	0.0001
24	2	278	1.212069034576416	57.5	0.0001
24	3	279	1.4102541208267212	60.0	0.0001
24	4	280	0.9374915957450867	65.0	0.0001
24	5	281	1.2126314640045166	55.0	0.0001
24	6	282	0.8364976048469543	70.0	0.0001
24	7	283	1.047206163406372	57.5	0.0001
24	8	284	1.3702704906463623	50.0	0.0001
24	9	285	1.6004188060760498	45.0	0.0001
24	10	286	1.0502736568450928	65.0	0.0001
24	11	287	0.8754326105117798	60.0	0.0001
24	12	288	1.1745001077651978	64.1025641025641	0.0001
25	1	289	0.9490464329719543	67.5	0.0001
25	2	290	0.9435558319091797	67.5	0.0001
25	3	291	1.1684825420379639	50.0	0.0001
25	4	292	1.1843467950820923	60.0	0.0001
25	5	293	0.9673498272895813	60.0	0.0001
25	6	294	1.0298134088516235	67.5	0.0001
25	7	295	0.878252387046814	70.0	0.0001
25	8	296	1.0654951333999634	55.0	0.0001
25	9	297	1.234014630317688	55.0	0.0001
25	10	298	0.9276977777481079	60.0	0.0001
25	11	299	0.8084837198257446	67.5	0.0001
25	12	300	1.155214548110962	58.97435897435897	0.0001
26	1	301	0.6890201568603516	70.0	0.0001
26	2	302	0.8156441450119019	72.5	0.0001
26	3	303	0.8989351987838745	65.0	0.0001
26	4	304	1.1577800512313843	62.5	0.0001
26	5	305	0.6886690855026245	80.0	0.0001
26	6	306	0.6117802858352661	80.0	0.0001
26	7	307	1.5095468759536743	42.5	0.0001
26	8	308	1.1051819324493408	62.5	0.0001
26	9	309	1.0955777168273926	52.5	0.0001
26	10	310	0.9671643972396851	72.5	0.0001
26	11	311	1.3187193870544434	45.0	0.0001
26	12	312	1.389923095703125	51.282051282051285	0.0001
27	1	313	0.8393731117248535	65.0	0.0001
27	2	314	1.02840256690979	52.5	0.0001
27	3	315	0.886820912361145	60.0	0.0001
27	4	316	1.1350443363189697	55.0	0.0001
27	5	317	0.704062819480896	67.5	0.0001
27	6	318	0.9303362965583801	67.5	0.0001
27	7	319	1.2126967906951904	55.0	0.0001
27	8	320	0.6458950042724609	72.5	0.0001
27	9	321	0.7639452219009399	70.0	0.0001
27	10	322	1.0180082321166992	62.5	0.0001
27	11	323	0.9891577959060669	60.0	0.0001
27	12	324	0.6465794444084167	79.48717948717949	0.0001
28	1	325	0.7052263021469116	70.0	0.0001
28	2	326	0.6682642698287964	75.0	0.0001
28	3	327	0.5943142175674438	75.0	0.0001
28	4	328	0.7549269795417786	70.0	0.0001
28	5	329	0.7161458730697632	75.0	0.0001
28	6	330	0.9813765287399292	72.5	0.0001
28	7	331	0.6485893130302429	67.5	0.0001
28	8	332	0.7412101030349731	67.5	0.0001
28	9	333	0.8270391225814819	65.0	0.0001
28	10	334	1.2858874797821045	50.0	0.0001
28	11	335	1.0029138326644897	65.0	0.0001
28	12	336	0.7289206981658936	82.05128205128206	0.0001
29	1	337	0.5447655916213989	80.0	0.0001
29	2	338	0.8512150049209595	65.0	0.0001
29	3	339	0.8669244050979614	70.0	0.0001
29	4	340	0.4183223247528076	85.0	0.0001
29	5	341	0.7183172106742859	75.0	0.0001
29	6	342	0.7282348871231079	72.5	0.0001
29	7	343	1.0902029275894165	67.5	0.0001
29	8	344	0.653565526008606	72.5	0.0001
29	9	345	0.5976589918136597	77.5	0.0001
29	10	346	0.9838818311691284	67.5	0.0001
29	11	347	0.5920431613922119	77.5	0.0001
29	12	348	0.7259128093719482	71.7948717948718	0.0001
30	1	349	0.4770622253417969	85.0	0.0001
30	2	350	0.6050208806991577	75.0	0.0001
30	3	351	0.48975300788879395	82.5	0.0001
30	4	352	0.6753769516944885	80.0	0.0001
30	5	353	0.5301252603530884	85.0	0.0001
30	6	354	0.7593241333961487	65.0	0.0001
30	7	355	0.5632926225662231	80.0	0.0001
30	8	356	0.4622024595737457	80.0	0.0001
30	9	357	0.7913088798522949	75.0	0.0001
30	10	358	0.473541796207428	87.5	0.0001
30	11	359	0.4932335317134857	82.5	0.0001
30	12	360	0.4118258059024811	79.48717948717949	0.0001
31	1	361	0.8365659713745117	65.0	0.0001
31	2	362	0.46591371297836304	80.0	0.0001
31	3	363	0.6339602470397949	65.0	0.0001
31	4	364	0.5469412207603455	80.0	0.0001
31	5	365	0.39916810393333435	87.5	0.0001
31	6	366	0.3578937351703644	82.5	0.0001
31	7	367	0.5428595542907715	80.0	0.0001
31	8	368	0.8547797203063965	60.0	0.0001
31	9	369	0.5142000317573547	82.5	0.0001
31	10	370	0.33948665857315063	87.5	0.0001
31	11	371	0.7181189656257629	72.5	0.0001
31	12	372	0.39721184968948364	79.48717948717949	0.0001
32	1	373	0.5240401029586792	80.0	0.0001
32	2	374	0.6040854454040527	80.0	0.0001
32	3	375	0.39526230096817017	90.0	0.0001
32	4	376	0.39164999127388	87.5	0.0001
32	5	377	0.4720325469970703	82.5	0.0001
32	6	378	0.6029410362243652	67.5	0.0001
32	7	379	0.4844198226928711	80.0	0.0001
32	8	380	0.6220203638076782	82.5	0.0001
32	9	381	0.44839391112327576	87.5	0.0001
32	10	382	0.4894441068172455	85.0	0.0001
32	11	383	0.45639094710350037	82.5	0.0001
32	12	384	0.24269333481788635	94.87179487179488	0.0001
33	1	385	0.3276514410972595	87.5	0.0001
33	2	386	0.30611252784729004	95.0	0.0001
33	3	387	0.39680200815200806	87.5	0.0001
33	4	388	0.45837172865867615	85.0	0.0001
33	5	389	0.6215552687644958	75.0	0.0001
33	6	390	0.28838080167770386	97.5	0.0001
33	7	391	0.5678344964981079	80.0	0.0001
33	8	392	0.7260906100273132	70.0	0.0001
33	9	393	0.2792956829071045	92.5	0.0001
33	10	394	0.39564254879951477	80.0	0.0001
33	11	395	0.45751142501831055	85.0	0.0001
33	12	396	0.4664691090583801	89.74358974358974	0.0001
34	1	397	0.27006372809410095	90.0	0.0001
34	2	398	0.5620487928390503	85.0	0.0001
34	3	399	0.16689559817314148	95.0	0.0001
34	4	400	0.5230302214622498	82.5	0.0001
34	5	401	0.47356486320495605	82.5	0.0001
34	6	402	0.3292313516139984	87.5	0.0001
34	7	403	0.3017931878566742	87.5	0.0001
34	8	404	0.49516114592552185	75.0	0.0001
34	9	405	0.5974652767181396	82.5	0.0001
34	10	406	0.295285165309906	90.0	0.0001
34	11	407	0.8797146081924438	72.5	0.0001
34	12	408	0.49360746145248413	82.05128205128206	0.0001
35	1	409	0.33878931403160095	90.0	0.0001
35	2	410	0.39160507917404175	87.5	0.0001
35	3	411	0.50874924659729	85.0	0.0001
35	4	412	0.28654786944389343	85.0	0.0001
35	5	413	0.37994757294654846	85.0	0.0001
35	6	414	0.30357223749160767	95.0	0.0001
35	7	415	0.8790948987007141	60.0	0.0001
35	8	416	0.4036676287651062	90.0	0.0001
35	9	417	0.7035516500473022	70.0	0.0001
35	10	418	0.5458201169967651	90.0	0.0001
35	11	419	0.31198760867118835	85.0	0.0001
35	12	420	0.24203740060329437	94.87179487179488	0.0001
36	1	421	0.26061195135116577	95.0	0.0001
36	2	422	0.42193469405174255	82.5	0.0001
36	3	423	0.38030484318733215	92.5	0.0001
36	4	424	0.35480013489723206	90.0	0.0001
36	5	425	0.2699998915195465	90.0	0.0001
36	6	426	0.39919334650039673	87.5	0.0001
36	7	427	0.5178675651550293	82.5	0.0001
36	8	428	0.47422486543655396	82.5	0.0001
36	9	429	0.34635573625564575	87.5	0.0001
36	10	430	0.4115193784236908	87.5	0.0001
36	11	431	0.6334882974624634	75.0	0.0001
36	12	432	0.17426735162734985	94.87179487179488	0.0001
37	1	433	0.39278048276901245	87.5	0.0001
37	2	434	0.29213747382164	92.5	0.0001
37	3	435	0.1359812170267105	100.0	0.0001
37	4	436	0.37410151958465576	90.0	0.0001
37	5	437	0.3689654767513275	92.5	0.0001
37	6	438	0.21154825389385223	95.0	0.0001
37	7	439	0.4174870550632477	85.0	0.0001
37	8	440	0.25835126638412476	95.0	0.0001
37	9	441	0.22951488196849823	95.0	0.0001
37	10	442	0.32020488381385803	90.0	0.0001
37	11	443	0.5201551914215088	85.0	0.0001
37	12	444	0.6980032324790955	79.48717948717949	0.0001
38	1	445	0.42609578371047974	87.5	0.0001
38	2	446	0.8581312894821167	77.5	0.0001
38	3	447	0.12775830924510956	95.0	0.0001
38	4	448	0.18327590823173523	95.0	0.0001
38	5	449	0.382737934589386	90.0	0.0001
38	6	450	0.3997584879398346	87.5	0.0001
38	7	451	0.27737104892730713	90.0	0.0001
38	8	452	0.25190019607543945	87.5	0.0001
38	9	453	0.38115090131759644	85.0	0.0001
38	10	454	0.25430989265441895	92.5	0.0001
38	11	455	0.18852710723876953	97.5	0.0001
38	12	456	0.25030627846717834	92.3076923076923	0.0001
39	1	457	0.2256910502910614	92.5	0.0001
39	2	458	0.10517974197864532	97.5	0.0001
39	3	459	0.21454724669456482	92.5	0.0001
39	4	460	0.2853497862815857	90.0	0.0001
39	5	461	0.31886759400367737	87.5	0.0001
39	6	462	0.45875412225723267	90.0	0.0001
39	7	463	0.40056055784225464	87.5	0.0001
39	8	464	0.31549662351608276	95.0	0.0001
39	9	465	0.27096736431121826	90.0	0.0001
39	10	466	0.5907508134841919	82.5	0.0001
39	11	467	0.4239482879638672	87.5	0.0001
39	12	468	0.31909850239753723	92.3076923076923	0.0001
40	1	469	0.1169305220246315	95.0	0.0001
40	2	470	0.19861337542533875	95.0	0.0001
40	3	471	0.3923233151435852	92.5	0.0001
40	4	472	0.14343883097171783	97.5	0.0001
40	5	473	0.2080470770597458	95.0	0.0001
40	6	474	0.4614284932613373	82.5	0.0001
40	7	475	0.1673269122838974	95.0	0.0001
40	8	476	0.2722533345222473	92.5	0.0001
40	9	477	0.4043169915676117	87.5	0.0001
40	10	478	0.24459445476531982	90.0	0.0001
40	11	479	0.39073729515075684	87.5	0.0001
40	12	480	0.39831778407096863	84.61538461538461	0.0001
41	1	481	0.20186367630958557	97.5	0.0001
41	2	482	0.37141695618629456	90.0	0.0001
41	3	483	0.29293251037597656	87.5	0.0001
41	4	484	0.20968595147132874	97.5	0.0001
41	5	485	0.057397402822971344	100.0	0.0001
41	6	486	0.3691420257091522	85.0	0.0001
41	7	487	0.17261293530464172	92.5	0.0001
41	8	488	0.43427324295043945	82.5	0.0001
41	9	489	0.49695244431495667	87.5	0.0001
41	10	490	0.3295901417732239	90.0	0.0001
41	11	491	0.41048383712768555	90.0	0.0001
41	12	492	0.40770480036735535	89.74358974358974	0.0001
42	1	493	0.2694413661956787	90.0	0.0001
42	2	494	0.29993268847465515	92.5	0.0001
42	3	495	0.16010735929012299	95.0	0.0001
42	4	496	0.2850901484489441	87.5	0.0001
42	5	497	0.20252534747123718	95.0	0.0001
42	6	498	0.15650853514671326	97.5	0.0001
42	7	499	0.3922141194343567	85.0	0.0001
42	8	500	0.49303120374679565	80.0	0.0001
42	9	501	0.2725851535797119	87.5	0.0001
42	10	502	0.1875266283750534	95.0	0.0001
42	11	503	0.1300116628408432	97.5	0.0001
42	12	504	0.24306143820285797	94.87179487179488	0.0001
43	1	505	0.319746732711792	92.5	0.0001
43	2	506	0.19643157720565796	97.5	0.0001
43	3	507	0.08060739934444427	100.0	0.0001
43	4	508	0.17275723814964294	95.0	0.0001
43	5	509	0.23312442004680634	95.0	0.0001
43	6	510	0.15336284041404724	100.0	0.0001
43	7	511	0.2935287654399872	90.0	0.0001
43	8	512	0.19011035561561584	95.0	0.0001
43	9	513	0.1327991634607315	97.5	0.0001
43	10	514	0.34081462025642395	92.5	0.0001
43	11	515	0.25442999601364136	92.5	0.0001
43	12	516	0.05402355268597603	100.0	0.0001
44	1	517	0.2347121685743332	92.5	0.0001
44	2	518	0.09927485883235931	97.5	0.0001
44	3	519	0.07737754285335541	97.5	0.0001
44	4	520	0.4979092478752136	90.0	0.0001
44	5	521	0.2743082642555237	92.5	0.0001
44	6	522	0.1415691077709198	97.5	0.0001
44	7	523	0.1873202919960022	92.5	0.0001
44	8	524	0.4413485527038574	87.5	0.0001
44	9	525	0.48621731996536255	87.5	0.0001
44	10	526	0.06424892693758011	100.0	0.0001
44	11	527	0.11212768405675888	97.5	0.0001
44	12	528	0.15833748877048492	92.3076923076923	0.0001
45	1	529	0.13698723912239075	97.5	0.0001
45	2	530	0.10751845687627792	97.5	0.0001
45	3	531	0.12059377133846283	95.0	0.0001
45	4	532	0.2310972958803177	95.0	0.0001
45	5	533	0.15812042355537415	95.0	0.0001
45	6	534	0.055655717849731445	97.5	0.0001
45	7	535	0.10045741498470306	97.5	0.0001
45	8	536	0.28397515416145325	92.5	0.0001
45	9	537	0.13467368483543396	95.0	0.0001
45	10	538	0.05257563665509224	100.0	0.0001
45	11	539	0.17263546586036682	95.0	0.0001
45	12	540	0.11776558309793472	97.43589743589743	0.0001
46	1	541	0.19713911414146423	92.5	0.0001
46	2	542	0.05262173339724541	100.0	0.0001
46	3	543	0.09561867266893387	100.0	0.0001
46	4	544	0.10458989441394806	97.5	0.0001
46	5	545	0.2358090579509735	92.5	0.0001
46	6	546	0.03502997010946274	100.0	0.0001
46	7	547	0.05034707859158516	100.0	0.0001
46	8	548	0.04571099951863289	100.0	0.0001
46	9	549	0.10385142266750336	97.5	0.0001
46	10	550	0.3036916255950928	92.5	0.0001
46	11	551	0.0522787980735302	100.0	0.0001
46	12	552	0.15407446026802063	92.3076923076923	0.0001
47	1	553	0.044345129281282425	100.0	0.0001
47	2	554	0.10945282131433487	95.0	0.0001
47	3	555	0.07215788960456848	97.5	0.0001
47	4	556	0.2580130696296692	92.5	0.0001
47	5	557	0.03144782781600952	100.0	0.0001
47	6	558	0.09068994224071503	95.0	0.0001
47	7	559	0.07062138617038727	100.0	0.0001
47	8	560	0.10173571109771729	92.5	0.0001
47	9	561	0.16585415601730347	95.0	0.0001
47	10	562	0.0404309518635273	100.0	0.0001
47	11	563	0.11308511346578598	97.5	0.0001
47	12	564	0.08747688680887222	100.0	0.0001
48	1	565	0.044098664075136185	100.0	0.0001
48	2	566	0.1673206090927124	97.5	0.0001
48	3	567	0.11277506500482559	97.5	0.0001
48	4	568	0.232081800699234	95.0	0.0001
48	5	569	0.06975878775119781	97.5	0.0001
48	6	570	0.020954787731170654	100.0	0.0001
48	7	571	0.031581711024045944	100.0	0.0001
48	8	572	0.05252838134765625	97.5	0.0001
48	9	573	0.12756331264972687	97.5	0.0001
48	10	574	0.045843519270420074	97.5	0.0001
48	11	575	0.1233178973197937	95.0	0.0001
48	12	576	0.3354010581970215	92.3076923076923	0.0001
49	1	577	0.15735706686973572	95.0	0.0001
49	2	578	0.1692781001329422	95.0	0.0001
49	3	579	0.11507098376750946	97.5	0.0001
49	4	580	0.05216016247868538	100.0	0.0001
49	5	581	0.0672893226146698	100.0	0.0001
49	6	582	0.04617202281951904	100.0	0.0001
49	7	583	0.2661587595939636	92.5	0.0001
49	8	584	0.4492355287075043	87.5	0.0001
49	9	585	0.11054275184869766	97.5	0.0001
49	10	586	0.21736259758472443	92.5	0.0001
49	11	587	0.21762919425964355	92.5	0.0001
49	12	588	0.11257917433977127	97.43589743589743	0.0001
50	1	589	0.0772060826420784	97.5	0.0001
50	2	590	0.08159752190113068	97.5	0.0001
50	3	591	0.1309903860092163	97.5	0.0001
50	4	592	0.15333297848701477	90.0	0.0001
50	5	593	0.1525055468082428	92.5	0.0001
50	6	594	0.0514790304005146	97.5	0.0001
50	7	595	0.11902175843715668	95.0	0.0001
50	8	596	0.12093444168567657	97.5	0.0001
50	9	597	0.1530034840106964	97.5	0.0001
50	10	598	0.12975801527500153	92.5	0.0001
50	11	599	0.27552685141563416	87.5	0.0001
50	12	600	0.17336159944534302	94.87179487179488	0.0001
51	1	601	0.08791973441839218	100.0	0.0001
51	2	602	0.10048501193523407	100.0	0.0001
51	3	603	0.19322320818901062	95.0	0.0001
51	4	604	0.12063677608966827	95.0	0.0001
51	5	605	0.0663178563117981	97.5	0.0001
51	6	606	0.16026192903518677	92.5	0.0001
51	7	607	0.11072476953268051	95.0	0.0001
51	8	608	0.11082788556814194	95.0	0.0001
51	9	609	0.14130441844463348	95.0	0.0001
51	10	610	0.07336331158876419	97.5	0.0001
51	11	611	0.07188385725021362	97.5	0.0001
51	12	612	0.2689983546733856	94.87179487179488	0.0001
52	1	613	0.21160869300365448	92.5	0.0001
52	2	614	0.2061837613582611	95.0	0.0001
52	3	615	0.14362004399299622	92.5	0.0001
52	4	616	0.12424162775278091	97.5	0.0001
52	5	617	0.10744774341583252	95.0	0.0001
52	6	618	0.05096588283777237	100.0	0.0001
52	7	619	0.09311991930007935	97.5	0.0001
52	8	620	0.14227044582366943	97.5	0.0001
52	9	621	0.07362846285104752	97.5	0.0001
52	10	622	0.18061953783035278	97.5	0.0001
52	11	623	0.0892903059720993	97.5	0.0001
52	12	624	0.2959100902080536	97.43589743589743	0.0001
53	1	625	0.08190389722585678	97.5	0.0001
53	2	626	0.15382041037082672	92.5	0.0001
53	3	627	0.19964654743671417	92.5	0.0001
53	4	628	0.07693268358707428	97.5	0.0001
53	5	629	0.10471280664205551	95.0	0.0001
53	6	630	0.06503880023956299	100.0	0.0001
53	7	631	0.2637922763824463	92.5	0.0001
53	8	632	0.04123305156826973	100.0	0.0001
53	9	633	0.3760824203491211	90.0	0.0001
53	10	634	0.27056455612182617	87.5	0.0001
53	11	635	0.03915820270776749	100.0	0.0001
53	12	636	0.12491310387849808	94.87179487179488	0.0001
54	1	637	0.09789679944515228	95.0	0.0001
54	2	638	0.05536991357803345	100.0	0.0001
54	3	639	0.06845341622829437	100.0	0.0001
54	4	640	0.32565513253211975	90.0	0.0001
54	5	641	0.1368332803249359	97.5	0.0001
54	6	642	0.19885112345218658	95.0	0.0001
54	7	643	0.1479499489068985	97.5	0.0001
54	8	644	0.10660445690155029	100.0	0.0001
54	9	645	0.13893115520477295	95.0	0.0001
54	10	646	0.18622784316539764	97.5	0.0001
54	11	647	0.17176178097724915	97.5	0.0001
54	12	648	0.12099756300449371	94.87179487179488	0.0001
55	1	649	0.13878577947616577	92.5	0.0001
55	2	650	0.0446038618683815	97.5	0.0001
55	3	651	0.14458011090755463	97.5	0.0001
55	4	652	0.08061211556196213	97.5	0.0001
55	5	653	0.19803383946418762	95.0	0.0001
55	6	654	0.26137685775756836	92.5	0.0001
55	7	655	0.12726113200187683	95.0	0.0001
55	8	656	0.19281192123889923	97.5	0.0001
55	9	657	0.09010430425405502	97.5	0.0001
55	10	658	0.1971147507429123	92.5	0.0001
55	11	659	0.15397663414478302	97.5	0.0001
55	12	660	0.2103404998779297	94.87179487179488	0.0001
56	1	661	0.1492137908935547	97.5	0.0001
56	2	662	0.12136037647724152	95.0	0.0001
56	3	663	0.2600804269313812	95.0	0.0001
56	4	664	0.14285337924957275	95.0	0.0001
56	5	665	0.1603057086467743	90.0	0.0001
56	6	666	0.1424838900566101	95.0	0.0001
56	7	667	0.17415155470371246	95.0	0.0001
56	8	668	0.18247173726558685	95.0	0.0001
56	9	669	0.03115234337747097	100.0	0.0001
56	10	670	0.06815775483846664	97.5	0.0001
56	11	671	0.16596810519695282	92.5	0.0001
56	12	672	0.22938860952854156	92.3076923076923	0.0001
57	1	673	0.01947706937789917	100.0	0.0001
57	2	674	0.033135510981082916	100.0	0.0001
57	3	675	0.05907571315765381	100.0	0.0001
57	4	676	0.03229686617851257	100.0	0.0001
57	5	677	0.20038974285125732	95.0	0.0001
57	6	678	0.097148597240448	97.5	0.0001
57	7	679	0.10486312210559845	97.5	0.0001
57	8	680	0.048444963991642	100.0	0.0001
57	9	681	0.15252052247524261	97.5	0.0001
57	10	682	0.1427721083164215	95.0	0.0001
57	11	683	0.11004765331745148	97.5	0.0001
57	12	684	0.08809738606214523	94.87179487179488	0.0001
58	1	685	0.09693004190921783	95.0	0.0001
58	2	686	0.04614214971661568	100.0	0.0001
58	3	687	0.11816903203725815	95.0	0.0001
58	4	688	0.04024699330329895	100.0	0.0001
58	5	689	0.1320863515138626	95.0	0.0001
58	6	690	0.04458736255764961	100.0	0.0001
58	7	691	0.17006458342075348	95.0	0.0001
58	8	692	0.04455634206533432	100.0	0.0001
58	9	693	0.09252305328845978	97.5	0.0001
58	10	694	0.05156821012496948	100.0	0.0001
58	11	695	0.09331680834293365	97.5	0.0001
58	12	696	0.11152925342321396	97.43589743589743	0.0001
59	1	697	0.041016586124897	100.0	0.0001
59	2	698	0.018140673637390137	100.0	0.0001
59	3	699	0.046765029430389404	100.0	0.0001
59	4	700	0.10588376224040985	100.0	0.0001
59	5	701	0.07320164144039154	100.0	0.0001
59	6	702	0.1034490093588829	97.5	0.0001
59	7	703	0.0585239939391613	100.0	0.0001
59	8	704	0.019197499379515648	100.0	0.0001
59	9	705	0.07158173620700836	100.0	0.0001
59	10	706	0.09666766971349716	97.5	0.0001
59	11	707	0.029538774862885475	100.0	0.0001
59	12	708	0.05421788990497589	100.0	0.0001
60	1	709	0.039481114596128464	100.0	0.0001
60	2	710	0.017253434285521507	100.0	0.0001
60	3	711	0.06585496664047241	100.0	0.0001
60	4	712	0.015756476670503616	100.0	0.0001
60	5	713	0.01670295000076294	100.0	0.0001
60	6	714	0.07020331919193268	97.5	0.0001
60	7	715	0.07256860285997391	97.5	0.0001
60	8	716	0.026778291910886765	100.0	0.0001
60	9	717	0.050512880086898804	97.5	0.0001
60	10	718	0.025151968002319336	100.0	0.0001
60	11	719	0.06457971781492233	100.0	0.0001
60	12	720	0.05369032919406891	97.43589743589743	0.0001
61	1	721	0.057957760989665985	100.0	0.0001
61	2	722	0.028324270620942116	100.0	0.0001
61	3	723	0.052178479731082916	97.5	0.0001
61	4	724	0.022481059655547142	100.0	0.0001
61	5	725	0.01946716383099556	100.0	0.0001
61	6	726	0.010947334580123425	100.0	0.0001
61	7	727	0.14224956929683685	97.5	0.0001
61	8	728	0.1353205442428589	97.5	0.0001
61	9	729	0.03426448255777359	100.0	0.0001
61	10	730	0.015016591176390648	100.0	0.0001
61	11	731	0.04166325926780701	100.0	0.0001
61	12	732	0.05023502558469772	100.0	0.0001
62	1	733	0.010551488026976585	100.0	0.0001
62	2	734	0.028546452522277832	100.0	0.0001
62	3	735	0.14369365572929382	95.0	0.0001
62	4	736	0.008705186657607555	100.0	0.0001
62	5	737	0.009834515862166882	100.0	0.0001
62	6	738	0.13982613384723663	97.5	0.0001
62	7	739	0.031075846403837204	100.0	0.0001
62	8	740	0.015758538618683815	100.0	0.0001
62	9	741	0.08695898205041885	95.0	0.0001
62	10	742	0.08483779430389404	97.5	0.0001
62	11	743	0.019448649138212204	100.0	0.0001
62	12	744	0.023353198543190956	100.0	0.0001
63	1	745	0.020491063594818115	100.0	0.0001
63	2	746	0.041110407561063766	100.0	0.0001
63	3	747	0.032949257642030716	100.0	0.0001
63	4	748	0.054460275918245316	97.5	0.0001
63	5	749	0.013247895054519176	100.0	0.0001
63	6	750	0.09289152920246124	97.5	0.0001
63	7	751	0.009966826066374779	100.0	0.0001
63	8	752	0.010999059304594994	100.0	0.0001
63	9	753	0.04664061963558197	100.0	0.0001
63	10	754	0.024140572175383568	100.0	0.0001
63	11	755	0.03735612705349922	100.0	0.0001
63	12	756	0.012723005376756191	100.0	0.0001
64	1	757	0.07633413374423981	100.0	0.0001
64	2	758	0.04043281823396683	100.0	0.0001
64	3	759	0.038554586470127106	100.0	0.0001
64	4	760	0.05632593482732773	100.0	0.0001
64	5	761	0.07999644428491592	97.5	0.0001
64	6	762	0.02462526597082615	100.0	0.0001
64	7	763	0.015294385142624378	100.0	0.0001
64	8	764	0.17002619802951813	97.5	0.0001
64	9	765	0.021053243428468704	100.0	0.0001
64	10	766	0.3276737928390503	95.0	0.0001
64	11	767	0.038855183869600296	100.0	0.0001
64	12	768	0.013864786364138126	100.0	0.0001
65	1	769	0.015060817822813988	100.0	0.0001
65	2	770	0.05375204235315323	97.5	0.0001
65	3	771	0.013335836119949818	100.0	0.0001
65	4	772	0.04246176406741142	100.0	0.0001
65	5	773	0.08471739292144775	97.5	0.0001
65	6	774	0.06211024522781372	97.5	0.0001
65	7	775	0.03740048408508301	100.0	0.0001
65	8	776	0.03750979155302048	100.0	0.0001
65	9	777	0.03128800541162491	100.0	0.0001
65	10	778	0.08511538803577423	95.0	0.0001
65	11	779	0.01715754345059395	100.0	0.0001
65	12	780	0.1975903958082199	94.87179487179488	0.0001
66	1	781	0.04019828513264656	100.0	0.0001
66	2	782	0.019435763359069824	100.0	0.0001
66	3	783	0.02308937907218933	100.0	0.0001
66	4	784	0.022633224725723267	100.0	0.0001
66	5	785	0.027299154549837112	100.0	0.0001
66	6	786	0.008373463526368141	100.0	0.0001
66	7	787	0.013502562418580055	100.0	0.0001
66	8	788	0.03456186130642891	97.5	0.0001
66	9	789	0.011083257384598255	100.0	0.0001
66	10	790	0.014247548766434193	100.0	0.0001
66	11	791	0.046598829329013824	100.0	0.0001
66	12	792	0.08262478560209274	97.43589743589743	0.0001
67	1	793	0.015132236294448376	100.0	0.0001
67	2	794	0.012833928689360619	100.0	0.0001
67	3	795	0.09750168025493622	97.5	0.0001
67	4	796	0.01633126102387905	100.0	0.0001
67	5	797	0.012125981040298939	100.0	0.0001
67	6	798	0.013914871029555798	100.0	0.0001
67	7	799	0.01613849401473999	100.0	0.0001
67	8	800	0.017721479758620262	100.0	0.0001
67	9	801	0.15824083983898163	97.5	0.0001
67	10	802	0.008694005198776722	100.0	0.0001
67	11	803	0.044851772487163544	97.5	0.0001
67	12	804	0.03021349012851715	100.0	0.0001
68	1	805	0.013918161392211914	100.0	0.0001
68	2	806	0.11509203910827637	97.5	0.0001
68	3	807	0.01808764971792698	100.0	0.0001
68	4	808	0.1492895781993866	92.5	0.0001
68	5	809	0.020901083946228027	100.0	0.0001
68	6	810	0.02320067211985588	100.0	0.0001
68	7	811	0.05206181854009628	97.5	0.0001
68	8	812	0.036905400454998016	100.0	0.0001
68	9	813	0.02218155935406685	100.0	0.0001
68	10	814	0.07544036209583282	97.5	0.0001
68	11	815	0.006679630372673273	100.0	0.0001
68	12	816	0.030330205336213112	100.0	0.0001
69	1	817	0.009510410018265247	100.0	0.0001
69	2	818	0.01589767262339592	100.0	0.0001
69	3	819	0.045222144573926926	97.5	0.0001
69	4	820	0.0399661585688591	100.0	0.0001
69	5	821	0.01827920600771904	100.0	0.0001
69	6	822	0.05074387788772583	97.5	0.0001
69	7	823	0.07661949098110199	100.0	0.0001
69	8	824	0.022189712151885033	100.0	0.0001
69	9	825	0.012607896700501442	100.0	0.0001
69	10	826	0.022880911827087402	100.0	0.0001
69	11	827	0.08216709643602371	97.5	0.0001
69	12	828	0.014226962812244892	100.0	0.0001
70	1	829	0.014468396082520485	100.0	1e-05
70	2	830	0.02152073383331299	100.0	1e-05
70	3	831	0.025800418108701706	100.0	1e-05
70	4	832	0.13317462801933289	97.5	1e-05
70	5	833	0.013782632537186146	100.0	1e-05
70	6	834	0.011280501261353493	100.0	1e-05
70	7	835	0.026799511164426804	100.0	1e-05
70	8	836	0.006435501389205456	100.0	1e-05
70	9	837	0.012991011142730713	100.0	1e-05
70	10	838	0.017573928460478783	100.0	1e-05
70	11	839	0.07424388825893402	97.5	1e-05
70	12	840	0.03548692539334297	100.0	1e-05
71	1	841	0.006364107131958008	100.0	1e-05
71	2	842	0.033395491540431976	100.0	1e-05
71	3	843	0.005749070551246405	100.0	1e-05
71	4	844	0.028017748147249222	100.0	1e-05
71	5	845	0.02937469445168972	100.0	1e-05
71	6	846	0.040386129170656204	100.0	1e-05
71	7	847	0.014056777581572533	100.0	1e-05
71	8	848	0.011824989691376686	100.0	1e-05
71	9	849	0.025050152093172073	100.0	1e-05
71	10	850	0.032765209674835205	97.5	1e-05
71	11	851	0.012542533688247204	100.0	1e-05
71	12	852	0.2856123149394989	97.43589743589743	1e-05
72	1	853	0.014136743731796741	100.0	1e-05
72	2	854	0.015698205679655075	100.0	1e-05
72	3	855	0.004780459217727184	100.0	1e-05
72	4	856	0.005028188228607178	100.0	1e-05
72	5	857	0.015125984326004982	100.0	1e-05
72	6	858	0.01025454979389906	100.0	1e-05
72	7	859	0.00947957020252943	100.0	1e-05
72	8	860	0.009836912155151367	100.0	1e-05
72	9	861	0.01425173319876194	100.0	1e-05
72	10	862	0.1514352262020111	97.5	1e-05
72	11	863	0.0116385817527771	100.0	1e-05
72	12	864	0.03859281539916992	97.43589743589743	1e-05
73	1	865	0.007931768894195557	100.0	1e-05
73	2	866	0.005593764595687389	100.0	1e-05
73	3	867	0.0050806403160095215	100.0	1e-05
73	4	868	0.005444216541945934	100.0	1e-05
73	5	869	0.018397796899080276	100.0	1e-05
73	6	870	0.01351076364517212	100.0	1e-05
73	7	871	0.02885756455361843	97.5	1e-05
73	8	872	0.06911221891641617	97.5	1e-05
73	9	873	0.009294986724853516	100.0	1e-05
73	10	874	0.008233344182372093	100.0	1e-05
73	11	875	0.032833896577358246	100.0	1e-05
73	12	876	0.003347555873915553	100.0	1e-05
74	1	877	0.012151205912232399	100.0	1e-05
74	2	878	0.02227621152997017	100.0	1e-05
74	3	879	0.029280681163072586	100.0	1e-05
74	4	880	0.022295475006103516	100.0	1e-05
74	5	881	0.030083466321229935	97.5	1e-05
74	6	882	0.007557856850326061	100.0	1e-05
74	7	883	0.00789952278137207	100.0	1e-05
74	8	884	0.025078171864151955	100.0	1e-05
74	9	885	0.024891769513487816	100.0	1e-05
74	10	886	0.006918191909790039	100.0	1e-05
74	11	887	0.03652176260948181	97.5	1e-05
74	12	888	0.004833184648305178	100.0	1e-05
75	1	889	0.018846500664949417	100.0	1e-05
75	2	890	0.005378425121307373	100.0	1e-05
75	3	891	0.008234405890107155	100.0	1e-05
75	4	892	0.006493413355201483	100.0	1e-05
75	5	893	0.024364525452256203	100.0	1e-05
75	6	894	0.0048568369820714	100.0	1e-05
75	7	895	0.007510340306907892	100.0	1e-05
75	8	896	0.008027208037674427	100.0	1e-05
75	9	897	0.0049022794701159	100.0	1e-05
75	10	898	0.0038435100577771664	100.0	1e-05
75	11	899	0.014886343851685524	100.0	1e-05
75	12	900	0.02423122525215149	100.0	1e-05
76	1	901	0.005889475345611572	100.0	1e-05
76	2	902	0.004514193627983332	100.0	1e-05
76	3	903	0.044682931154966354	100.0	1e-05
76	4	904	0.0212545283138752	100.0	1e-05
76	5	905	0.01829429902136326	100.0	1e-05
76	6	906	0.00819243211299181	100.0	1e-05
76	7	907	0.011960208415985107	100.0	1e-05
76	8	908	0.005584382917732	100.0	1e-05
76	9	909	0.0038816214073449373	100.0	1e-05
76	10	910	0.0029428242705762386	100.0	1e-05
76	11	911	0.00478330859914422	100.0	1e-05
76	12	912	0.020803580060601234	100.0	1e-05
77	1	913	0.006816995330154896	100.0	1e-05
77	2	914	0.008085990324616432	100.0	1e-05
77	3	915	0.0382196307182312	100.0	1e-05
77	4	916	0.010199809446930885	100.0	1e-05
77	5	917	0.02438182756304741	100.0	1e-05
77	6	918	0.008989167399704456	100.0	1e-05
77	7	919	0.015942787751555443	100.0	1e-05
77	8	920	0.007207048125565052	100.0	1e-05
77	9	921	0.007968723773956299	100.0	1e-05
77	10	922	0.00310533051379025	100.0	1e-05
77	11	923	0.008082687854766846	100.0	1e-05
77	12	924	0.006585072260349989	100.0	1e-05
78	1	925	0.009031986817717552	100.0	1e-05
78	2	926	0.022647082805633545	100.0	1e-05
78	3	927	0.00625157356262207	100.0	1e-05
78	4	928	0.012553870677947998	100.0	1e-05
78	5	929	0.001581382704898715	100.0	1e-05
78	6	930	0.008572280406951904	100.0	1e-05
78	7	931	0.010548532009124756	100.0	1e-05
78	8	932	0.004955887794494629	100.0	1e-05
78	9	933	0.00646210927516222	100.0	1e-05
78	10	934	0.018270397558808327	100.0	1e-05
78	11	935	0.0053757308050990105	100.0	1e-05
78	12	936	0.11318155378103256	97.43589743589743	1e-05
79	1	937	0.008190584369003773	100.0	1e-05
79	2	938	0.004426634404808283	100.0	1e-05
79	3	939	0.00934973917901516	100.0	1e-05
79	4	940	0.020122241228818893	100.0	1e-05
79	5	941	0.0063987611792981625	100.0	1e-05
79	6	942	0.014742565341293812	100.0	1e-05
79	7	943	0.012413978576660156	100.0	1e-05
79	8	944	0.006379425525665283	100.0	1e-05
79	9	945	0.013979995623230934	100.0	1e-05
79	10	946	0.012097788043320179	100.0	1e-05
79	11	947	0.004756760783493519	100.0	1e-05
79	12	948	0.01685204915702343	100.0	1e-05
80	1	949	0.002593517303466797	100.0	1e-05
80	2	950	0.00935738068073988	100.0	1e-05
80	3	951	0.00964662991464138	100.0	1e-05
80	4	952	0.010157394222915173	100.0	1e-05
80	5	953	0.009864246472716331	100.0	1e-05
80	6	954	0.004880642984062433	100.0	1e-05
80	7	955	0.008311569690704346	100.0	1e-05
80	8	956	0.016234660521149635	100.0	1e-05
80	9	957	0.021445810794830322	100.0	1e-05
80	10	958	0.015331554226577282	100.0	1e-05
80	11	959	0.01751214824616909	100.0	1e-05
80	12	960	0.003933380823582411	100.0	1e-05
81	1	961	0.025856489315629005	100.0	1e-05
81	2	962	0.009509575553238392	100.0	1e-05
81	3	963	0.0075525762513279915	100.0	1e-05
81	4	964	0.004731035325676203	100.0	1e-05
81	5	965	0.007144832517951727	100.0	1e-05
81	6	966	0.010505521669983864	100.0	1e-05
81	7	967	0.005143022630363703	100.0	1e-05
81	8	968	0.01438814401626587	100.0	1e-05
81	9	969	0.009192359633743763	100.0	1e-05
81	10	970	0.008846139535307884	100.0	1e-05
81	11	971	0.0105905057862401	100.0	1e-05
81	12	972	0.0032387757673859596	100.0	1e-05
82	1	973	0.03112269565463066	100.0	1e-05
82	2	974	0.0036173821426928043	100.0	1e-05
82	3	975	0.004076587967574596	100.0	1e-05
82	4	976	0.004275190643966198	100.0	1e-05
82	5	977	0.0030635714065283537	100.0	1e-05
82	6	978	0.0039050220511853695	100.0	1e-05
82	7	979	0.020676707848906517	100.0	1e-05
82	8	980	0.035570383071899414	100.0	1e-05
82	9	981	0.02966071292757988	100.0	1e-05
82	10	982	0.010498523712158203	100.0	1e-05
82	11	983	0.0040170312859117985	100.0	1e-05
82	12	984	0.005937747657299042	100.0	1e-05
83	1	985	0.0036829947493970394	100.0	1e-05
83	2	986	0.005656850524246693	100.0	1e-05
83	3	987	0.004944038577377796	100.0	1e-05
83	4	988	0.007394528482109308	100.0	1e-05
83	5	989	0.008385038003325462	100.0	1e-05
83	6	990	0.012599194422364235	100.0	1e-05
83	7	991	0.008124840445816517	100.0	1e-05
83	8	992	0.016068661585450172	100.0	1e-05
83	9	993	0.003807294415310025	100.0	1e-05
83	10	994	0.010764765553176403	100.0	1e-05
83	11	995	0.008936583995819092	100.0	1e-05
83	12	996	0.006742844358086586	100.0	1e-05
84	1	997	0.011020982638001442	100.0	1e-05
84	2	998	0.002061986830085516	100.0	1e-05
84	3	999	0.0071284533478319645	100.0	1e-05
84	4	1000	0.008388638496398926	100.0	1e-05
84	5	1001	0.004930722527205944	100.0	1e-05
84	6	1002	0.0048107267357409	100.0	1e-05
84	7	1003	0.005535423755645752	100.0	1e-05
84	8	1004	0.012618983164429665	100.0	1e-05
84	9	1005	0.006701731588691473	100.0	1e-05
84	10	1006	0.003925156779587269	100.0	1e-05
84	11	1007	0.003718769643455744	100.0	1e-05
84	12	1008	0.0025389499496668577	100.0	1e-05
85	1	1009	0.006263625808060169	100.0	1e-05
85	2	1010	0.005755567457526922	100.0	1e-05
85	3	1011	0.02540258690714836	100.0	1e-05
85	4	1012	0.033042870461940765	97.5	1e-05
85	5	1013	0.0035962462425231934	100.0	1e-05
85	6	1014	0.011405873112380505	100.0	1e-05
85	7	1015	0.0033541321754455566	100.0	1e-05
85	8	1016	0.005411803722381592	100.0	1e-05
85	9	1017	0.007286584470421076	100.0	1e-05
85	10	1018	0.003990197088569403	100.0	1e-05
85	11	1019	0.006554329302161932	100.0	1e-05
85	12	1020	0.015524998307228088	100.0	1e-05
86	1	1021	0.005252480506896973	100.0	1e-05
86	2	1022	0.003102600574493408	100.0	1e-05
86	3	1023	0.008275186643004417	100.0	1e-05
86	4	1024	0.011851775459945202	100.0	1e-05
86	5	1025	0.055646806955337524	97.5	1e-05
86	6	1026	0.0055390954948961735	100.0	1e-05
86	7	1027	0.007104337215423584	100.0	1e-05
86	8	1028	0.012816441245377064	100.0	1e-05
86	9	1029	0.0024035691749304533	100.0	1e-05
86	10	1030	0.00857243500649929	100.0	1e-05
86	11	1031	0.004169344902038574	100.0	1e-05
86	12	1032	0.0064418865367770195	100.0	1e-05
87	1	1033	0.008459615521132946	100.0	1e-05
87	2	1034	0.009048068895936012	100.0	1e-05
87	3	1035	0.003625464392825961	100.0	1e-05
87	4	1036	0.016147207468748093	100.0	1e-05
87	5	1037	0.009228122420608997	100.0	1e-05
87	6	1038	0.007378316018730402	100.0	1e-05
87	7	1039	0.017770832404494286	100.0	1e-05
87	8	1040	0.01567850634455681	100.0	1e-05
87	9	1041	0.013420915231108665	100.0	1e-05
87	10	1042	0.006358671002089977	100.0	1e-05
87	11	1043	0.010403347201645374	100.0	1e-05
87	12	1044	0.012784810736775398	100.0	1e-05
88	1	1045	0.004165053367614746	100.0	1e-05
88	2	1046	0.00842673797160387	100.0	1e-05
88	3	1047	0.0023075819481164217	100.0	1e-05
88	4	1048	0.013633561320602894	100.0	1e-05
88	5	1049	0.006117868237197399	100.0	1e-05
88	6	1050	0.015174603089690208	100.0	1e-05
88	7	1051	0.006776893045753241	100.0	1e-05
88	8	1052	0.00576703529804945	100.0	1e-05
88	9	1053	0.05841374397277832	100.0	1e-05
88	10	1054	0.00926129799336195	100.0	1e-05
88	11	1055	0.007997119799256325	100.0	1e-05
88	12	1056	0.0026950102765113115	100.0	1e-05
89	1	1057	0.016801923513412476	100.0	1e-05
89	2	1058	0.006533765699714422	100.0	1e-05
89	3	1059	0.009000981226563454	100.0	1e-05
89	4	1060	0.007554554846137762	100.0	1e-05
89	5	1061	0.008134579285979271	100.0	1e-05
89	6	1062	0.008208977989852428	100.0	1e-05
89	7	1063	0.009967291727662086	100.0	1e-05
89	8	1064	0.02373117208480835	100.0	1e-05
89	9	1065	0.006581389810889959	100.0	1e-05
89	10	1066	0.013736474327743053	100.0	1e-05
89	11	1067	0.010239469818770885	100.0	1e-05
89	12	1068	0.0036878585815429688	100.0	1e-05
90	1	1069	0.011478805914521217	100.0	1e-05
90	2	1070	0.0036739588249474764	100.0	1e-05
90	3	1071	0.005221950821578503	100.0	1e-05
90	4	1072	0.0058570741675794125	100.0	1e-05
90	5	1073	0.022588372230529785	100.0	1e-05
90	6	1074	0.011027527041733265	100.0	1e-05
90	7	1075	0.005893039517104626	100.0	1e-05
90	8	1076	0.004267096519470215	100.0	1e-05
90	9	1077	0.009431397542357445	100.0	1e-05
90	10	1078	0.016598224639892578	100.0	1e-05
90	11	1079	0.0050935507752001286	100.0	1e-05
90	12	1080	0.003327540820464492	100.0	1e-05
91	1	1081	0.005254817195236683	100.0	1e-05
91	2	1082	0.012547898106276989	100.0	1e-05
91	3	1083	0.003934025764465332	100.0	1e-05
91	4	1084	0.005580914206802845	100.0	1e-05
91	5	1085	0.004584193229675293	100.0	1e-05
91	6	1086	0.005805003456771374	100.0	1e-05
91	7	1087	0.009580505080521107	100.0	1e-05
91	8	1088	0.057085178792476654	100.0	1e-05
91	9	1089	0.0028755783569067717	100.0	1e-05
91	10	1090	0.0118453623726964	100.0	1e-05
91	11	1091	0.01112738810479641	100.0	1e-05
91	12	1092	0.002742437180131674	100.0	1e-05
92	1	1093	0.028262818232178688	100.0	1e-05
92	2	1094	0.013280618004500866	100.0	1e-05
92	3	1095	0.02926459349691868	100.0	1e-05
92	4	1096	0.005665028002113104	100.0	1e-05
92	5	1097	0.006931304931640625	100.0	1e-05
92	6	1098	0.005503177642822266	100.0	1e-05
92	7	1099	0.008063197135925293	100.0	1e-05
92	8	1100	0.007909560576081276	100.0	1e-05
92	9	1101	0.009095573797821999	100.0	1e-05
92	10	1102	0.005644416902214289	100.0	1e-05
92	11	1103	0.004708337597548962	100.0	1e-05
92	12	1104	0.0060495841316878796	100.0	1e-05
93	1	1105	0.011665130034089088	100.0	1e-05
93	2	1106	0.006964457221329212	100.0	1e-05
93	3	1107	0.007651686668395996	100.0	1e-05
93	4	1108	0.018497193232178688	100.0	1e-05
93	5	1109	0.0073506953194737434	100.0	1e-05
93	6	1110	0.006080329418182373	100.0	1e-05
93	7	1111	0.0023886561393737793	100.0	1e-05
93	8	1112	0.008836912922561169	100.0	1e-05
93	9	1113	0.01328960619866848	100.0	1e-05
93	10	1114	0.007252299692481756	100.0	1e-05
93	11	1115	0.02478858269751072	100.0	1e-05
93	12	1116	0.008690247312188148	100.0	1e-05
94	1	1117	0.004904222674667835	100.0	1e-05
94	2	1118	0.0111327413469553	100.0	1e-05
94	3	1119	0.005237317178398371	100.0	1e-05
94	4	1120	0.0027378438971936703	100.0	1e-05
94	5	1121	0.010666942223906517	100.0	1e-05
94	6	1122	0.005150055978447199	100.0	1e-05
94	7	1123	0.0042615653946995735	100.0	1e-05
94	8	1124	0.005539572332054377	100.0	1e-05
94	9	1125	0.00553131103515625	100.0	1e-05
94	10	1126	0.004987203981727362	100.0	1e-05
94	11	1127	0.003149318741634488	100.0	1e-05
94	12	1128	0.002125874627381563	100.0	1e-05
95	1	1129	0.0035650611389428377	100.0	1e-05
95	2	1130	0.010535383597016335	100.0	1e-05
95	3	1131	0.0025155185721814632	100.0	1e-05
95	4	1132	0.0029521584510803223	100.0	1e-05
95	5	1133	0.009568321518599987	100.0	1e-05
95	6	1134	0.023326003924012184	100.0	1e-05
95	7	1135	0.002194321248680353	100.0	1e-05
95	8	1136	0.004327964968979359	100.0	1e-05
95	9	1137	0.007343602366745472	100.0	1e-05
95	10	1138	0.012528836727142334	100.0	1e-05
95	11	1139	0.004475974943488836	100.0	1e-05
95	12	1140	0.004680951591581106	100.0	1e-05
96	1	1141	0.002636003540828824	100.0	1e-05
96	2	1142	0.019281422719359398	100.0	1e-05
96	3	1143	0.003530442714691162	100.0	1e-05
96	4	1144	0.004258632659912109	100.0	1e-05
96	5	1145	0.04536715894937515	97.5	1e-05
96	6	1146	0.021170724183321	100.0	1e-05
96	7	1147	0.006823515985161066	100.0	1e-05
96	8	1148	0.004235744476318359	100.0	1e-05
96	9	1149	0.0077138543128967285	100.0	1e-05
96	10	1150	0.0038570165634155273	100.0	1e-05
96	11	1151	0.0067234039306640625	100.0	1e-05
96	12	1152	0.004953604657202959	100.0	1e-05
97	1	1153	0.004905867390334606	100.0	1e-05
97	2	1154	0.005904150195419788	100.0	1e-05
97	3	1155	0.002164137316867709	100.0	1e-05
97	4	1156	0.0019447326194494963	100.0	1e-05
97	5	1157	0.0031858801376074553	100.0	1e-05
97	6	1158	0.007812452502548695	100.0	1e-05
97	7	1159	0.005659246351569891	100.0	1e-05
97	8	1160	0.0038364767096936703	100.0	1e-05
97	9	1161	0.002649974776431918	100.0	1e-05
97	10	1162	0.014493262395262718	100.0	1e-05
97	11	1163	0.006994068622589111	100.0	1e-05
97	12	1164	0.020995263010263443	100.0	1e-05
98	1	1165	0.002276003360748291	100.0	1e-05
98	2	1166	0.009442055597901344	100.0	1e-05
98	3	1167	0.002550459001213312	100.0	1e-05
98	4	1168	0.005185198970139027	100.0	1e-05
98	5	1169	0.014908969402313232	100.0	1e-05
98	6	1170	0.009478437714278698	100.0	1e-05
98	7	1171	0.006315112113952637	100.0	1e-05
98	8	1172	0.01850515604019165	100.0	1e-05
98	9	1173	0.006530058570206165	100.0	1e-05
98	10	1174	0.003141212509945035	100.0	1e-05
98	11	1175	0.005620419979095459	100.0	1e-05
98	12	1176	0.006446031387895346	100.0	1e-05
99	1	1177	0.002653753850609064	100.0	1e-05
99	2	1178	0.01071088295429945	100.0	1e-05
99	3	1179	0.007687794975936413	100.0	1e-05
99	4	1180	0.0026960731483995914	100.0	1e-05
99	5	1181	0.0028849244117736816	100.0	1e-05
99	6	1182	0.0038937211502343416	100.0	1e-05
99	7	1183	0.003733515739440918	100.0	1e-05
99	8	1184	0.004523622803390026	100.0	1e-05
99	9	1185	0.03336154296994209	100.0	1e-05
99	10	1186	0.002061259699985385	100.0	1e-05
99	11	1187	0.015266096219420433	100.0	1e-05
99	12	1188	0.004716041963547468	100.0	1e-05
100	1	1189	0.007043409161269665	100.0	1e-05
100	2	1190	0.0067252516746521	100.0	1e-05
100	3	1191	0.004597675986588001	100.0	1e-05
100	4	1192	0.004713952541351318	100.0	1e-05
100	5	1193	0.00708163995295763	100.0	1e-05
100	6	1194	0.008927905932068825	100.0	1e-05
100	7	1195	0.0032822012435644865	100.0	1e-05
100	8	1196	0.005379235837608576	100.0	1e-05
100	9	1197	0.004695260431617498	100.0	1e-05
100	10	1198	0.008390176109969616	100.0	1e-05
100	11	1199	0.004665649030357599	100.0	1e-05
100	12	1200	0.025277944281697273	100.0	1e-05
101	1	1201	0.002242541406303644	100.0	1e-05
101	2	1202	0.0020502209663391113	100.0	1e-05
101	3	1203	0.014072000980377197	100.0	1e-05
101	4	1204	0.002800071146339178	100.0	1e-05
101	5	1205	0.0062721967697143555	100.0	1e-05
101	6	1206	0.008546399883925915	100.0	1e-05
101	7	1207	0.0022441744804382324	100.0	1e-05
101	8	1208	0.003439688589423895	100.0	1e-05
101	9	1209	0.003079152200371027	100.0	1e-05
101	10	1210	0.005039012525230646	100.0	1e-05
101	11	1211	0.002249825047329068	100.0	1e-05
101	12	1212	0.005417628213763237	100.0	1e-05
102	1	1213	0.01736452616751194	100.0	1e-05
102	2	1214	0.0036267400719225407	100.0	1e-05
102	3	1215	0.004246103577315807	100.0	1e-05
102	4	1216	0.00418467540293932	100.0	1e-05
102	5	1217	0.0031904936768114567	100.0	1e-05
102	6	1218	0.007170820143073797	100.0	1e-05
102	7	1219	0.005036652088165283	100.0	1e-05
102	8	1220	0.0019373297691345215	100.0	1e-05
102	9	1221	0.008685839362442493	100.0	1e-05
102	10	1222	0.004327046684920788	100.0	1e-05
102	11	1223	0.016648685559630394	100.0	1e-05
102	12	1224	0.0032460505608469248	100.0	1e-05
103	1	1225	0.014484167098999023	100.0	1e-05
103	2	1226	0.004019009880721569	100.0	1e-05
103	3	1227	0.0050272345542907715	100.0	1e-05
103	4	1228	0.012176918797194958	100.0	1e-05
103	5	1229	0.003079927060753107	100.0	1e-05
103	6	1230	0.002306652022525668	100.0	1e-05
103	7	1231	0.004099237732589245	100.0	1e-05
103	8	1232	0.004807269666343927	100.0	1e-05
103	9	1233	0.004307568073272705	100.0	1e-05
103	10	1234	0.007406664080917835	100.0	1e-05
103	11	1235	0.0028487921226769686	100.0	1e-05
103	12	1236	0.009168307296931744	100.0	1e-05
104	1	1237	0.017146874219179153	100.0	1e-05
104	2	1238	0.0038513659965246916	100.0	1e-05
104	3	1239	0.011137926951050758	100.0	1e-05
104	4	1240	0.005195927806198597	100.0	1e-05
104	5	1241	0.006410455796867609	100.0	1e-05
104	6	1242	0.007895708084106445	100.0	1e-05
104	7	1243	0.00951925478875637	100.0	1e-05
104	8	1244	0.004207038786262274	100.0	1e-05
104	9	1245	0.009611392393708229	100.0	1e-05
104	10	1246	0.027966011315584183	100.0	1e-05
104	11	1247	0.005824637599289417	100.0	1e-05
104	12	1248	0.004666303750127554	100.0	1e-05
105	1	1249	0.005490613169968128	100.0	1e-05
105	2	1250	0.005275273229926825	100.0	1e-05
105	3	1251	0.003974652383476496	100.0	1e-05
105	4	1252	0.00936667900532484	100.0	1e-05
105	5	1253	0.0024456859100610018	100.0	1e-05
105	6	1254	0.002510583493858576	100.0	1e-05
105	7	1255	0.003660643007606268	100.0	1e-05
105	8	1256	0.01835465431213379	100.0	1e-05
105	9	1257	0.008828377351164818	100.0	1e-05
105	10	1258	0.006693613715469837	100.0	1e-05
105	11	1259	0.02304255962371826	100.0	1e-05
105	12	1260	0.0028775411192327738	100.0	1e-05
106	1	1261	0.0059822797775268555	100.0	1e-05
106	2	1262	0.006344199180603027	100.0	1e-05
106	3	1263	0.0033669352997094393	100.0	1e-05
106	4	1264	0.0024084330070763826	100.0	1e-05
106	5	1265	0.01075812615454197	100.0	1e-05
106	6	1266	0.03435339778661728	100.0	1e-05
106	7	1267	0.015986859798431396	100.0	1e-05
106	8	1268	0.0020666122436523438	100.0	1e-05
106	9	1269	0.009109902195632458	100.0	1e-05
106	10	1270	0.003986787982285023	100.0	1e-05
106	11	1271	0.005040478892624378	100.0	1e-05
106	12	1272	0.005216390825808048	100.0	1e-05
107	1	1273	0.0059733628295362	100.0	1e-05
107	2	1274	0.006092190742492676	100.0	1e-05
107	3	1275	0.005917620845139027	100.0	1e-05
107	4	1276	0.0020969032775610685	100.0	1e-05
107	5	1277	0.006059551145881414	100.0	1e-05
107	6	1278	0.005981922149658203	100.0	1e-05
107	7	1279	0.0022375942207872868	100.0	1e-05
107	8	1280	0.03541254997253418	100.0	1e-05
107	9	1281	0.0026767016388475895	100.0	1e-05
107	10	1282	0.003702199552208185	100.0	1e-05
107	11	1283	0.0033089041244238615	100.0	1e-05
107	12	1284	0.01113523542881012	100.0	1e-05
108	1	1285	0.0026364922523498535	100.0	1e-05
108	2	1286	0.0025495768059045076	100.0	1e-05
108	3	1287	0.011352026835083961	100.0	1e-05
108	4	1288	0.013698279857635498	100.0	1e-05
108	5	1289	0.002942800521850586	100.0	1e-05
108	6	1290	0.005411612801253796	100.0	1e-05
108	7	1291	0.013382529839873314	100.0	1e-05
108	8	1292	0.004086232278496027	100.0	1e-05
108	9	1293	0.0027971863746643066	100.0	1e-05
108	10	1294	0.0025507688988000154	100.0	1e-05
108	11	1295	0.004365456290543079	100.0	1e-05
108	12	1296	0.011184044182300568	100.0	1e-05
109	1	1297	0.005842876620590687	100.0	1e-05
109	2	1298	0.002759790513664484	100.0	1e-05
109	3	1299	0.0020489096641540527	100.0	1e-05
109	4	1300	0.009907925501465797	100.0	1e-05
109	5	1301	0.00291099539026618	100.0	1e-05
109	6	1302	0.004161095712333918	100.0	1e-05
109	7	1303	0.028609395027160645	100.0	1e-05
109	8	1304	0.0029736279975622892	100.0	1e-05
109	9	1305	0.0020396350882947445	100.0	1e-05
109	10	1306	0.005896055605262518	100.0	1e-05
109	11	1307	0.003030455205589533	100.0	1e-05
109	12	1308	0.005016168113797903	100.0	1e-05
110	1	1309	0.002458119299262762	100.0	1e-05
110	2	1310	0.0072740791365504265	100.0	1e-05
110	3	1311	0.005337643437087536	100.0	1e-05
110	4	1312	0.012091326527297497	100.0	1e-05
110	5	1313	0.006120622158050537	100.0	1e-05
110	6	1314	0.0035903691314160824	100.0	1e-05
110	7	1315	0.005211520008742809	100.0	1e-05
110	8	1316	0.0024004578590393066	100.0	1e-05
110	9	1317	0.022862862795591354	100.0	1e-05
110	10	1318	0.007386529352515936	100.0	1e-05
110	11	1319	0.0035560608375817537	100.0	1e-05
110	12	1320	0.004220925737172365	100.0	1e-05
111	1	1321	0.004907286260277033	100.0	1e-05
111	2	1322	0.004949724767357111	100.0	1e-05
111	3	1323	0.010482490062713623	100.0	1e-05
111	4	1324	0.0034184097312390804	100.0	1e-05
111	5	1325	0.0027746916748583317	100.0	1e-05
111	6	1326	0.053676653653383255	97.5	1e-05
111	7	1327	0.002317583654075861	100.0	1e-05
111	8	1328	0.0034037947189062834	100.0	1e-05
111	9	1329	0.0019584179390221834	100.0	1e-05
111	10	1330	0.010331702418625355	100.0	1e-05
111	11	1331	0.037743039429187775	100.0	1e-05
111	12	1332	0.01268787868320942	100.0	1e-05
112	1	1333	0.008787048049271107	100.0	1e-05
112	2	1334	0.005578803829848766	100.0	1e-05
112	3	1335	0.004267382435500622	100.0	1e-05
112	4	1336	0.00599669199436903	100.0	1e-05
112	5	1337	0.0015903949970379472	100.0	1e-05
112	6	1338	0.0024237395264208317	100.0	1e-05
112	7	1339	0.00787352304905653	100.0	1e-05
112	8	1340	0.0048295618034899235	100.0	1e-05
112	9	1341	0.0032608627807348967	100.0	1e-05
112	10	1342	0.006241559982299805	100.0	1e-05
112	11	1343	0.009213924407958984	100.0	1e-05
112	12	1344	0.0029421586077660322	100.0	1e-05
113	1	1345	0.0056688785552978516	100.0	1e-05
113	2	1346	0.007455301471054554	100.0	1e-05
113	3	1347	0.002837789012119174	100.0	1e-05
113	4	1348	0.004241204354912043	100.0	1e-05
113	5	1349	0.003554105758666992	100.0	1e-05
113	6	1350	0.004473972134292126	100.0	1e-05
113	7	1351	0.0032921074889600277	100.0	1e-05
113	8	1352	0.003098225686699152	100.0	1e-05
113	9	1353	0.033596061170101166	100.0	1e-05
113	10	1354	0.00998065434396267	100.0	1e-05
113	11	1355	0.0011344909435138106	100.0	1e-05
113	12	1356	0.005171372555196285	100.0	1e-05
114	1	1357	0.0051628947257995605	100.0	1e-05
114	2	1358	0.010523021221160889	100.0	1e-05
114	3	1359	0.00272790202870965	100.0	1e-05
114	4	1360	0.003252947237342596	100.0	1e-05
114	5	1361	0.006719827651977539	100.0	1e-05
114	6	1362	0.01268613338470459	100.0	1e-05
114	7	1363	0.006697261240333319	100.0	1e-05
114	8	1364	0.0021941184531897306	100.0	1e-05
114	9	1365	0.005443203262984753	100.0	1e-05
114	10	1366	0.00805509090423584	100.0	1e-05
114	11	1367	0.004489469341933727	100.0	1e-05
114	12	1368	0.0055867829360067844	100.0	1e-05
115	1	1369	0.00247766962274909	100.0	1e-05
115	2	1370	0.004043543245643377	100.0	1e-05
115	3	1371	0.011338746175169945	100.0	1e-05
115	4	1372	0.005613446235656738	100.0	1e-05
115	5	1373	0.0066287158988416195	100.0	1e-05
115	6	1374	0.0057828426361083984	100.0	1e-05
115	7	1375	0.0020689486991614103	100.0	1e-05
115	8	1376	0.0049790977500379086	100.0	1e-05
115	9	1377	0.010880577377974987	100.0	1e-05
115	10	1378	0.0055463192984461784	100.0	1e-05
115	11	1379	0.007385885808616877	100.0	1e-05
115	12	1380	0.005619183648377657	100.0	1e-05
116	1	1381	0.0014492034679278731	100.0	1e-05
116	2	1382	0.07512854039669037	100.0	1e-05
116	3	1383	0.017936766147613525	100.0	1e-05
116	4	1384	0.010219240561127663	100.0	1e-05
116	5	1385	0.008603418245911598	100.0	1e-05
116	6	1386	0.005857741925865412	100.0	1e-05
116	7	1387	0.009694230742752552	100.0	1e-05
116	8	1388	0.0038334608543664217	100.0	1e-05
116	9	1389	0.0016118765342980623	100.0	1e-05
116	10	1390	0.01864922046661377	100.0	1e-05
116	11	1391	0.009105706587433815	100.0	1e-05
116	12	1392	0.0054447343572974205	100.0	1e-05
117	1	1393	0.002788448240607977	100.0	1e-05
117	2	1394	0.004806315992027521	100.0	1e-05
117	3	1395	0.0052488683722913265	100.0	1e-05
117	4	1396	0.00821532029658556	100.0	1e-05
117	5	1397	0.009733867831528187	100.0	1e-05
117	6	1398	0.005935168359428644	100.0	1e-05
117	7	1399	0.0046052574180066586	100.0	1e-05
117	8	1400	0.011420798487961292	100.0	1e-05
117	9	1401	0.0020446181297302246	100.0	1e-05
117	10	1402	0.003778696060180664	100.0	1e-05
117	11	1403	0.002173101995140314	100.0	1e-05
117	12	1404	0.0021006877068430185	100.0	1e-05
118	1	1405	0.018611658364534378	100.0	1e-05
118	2	1406	0.006032300181686878	100.0	1e-05
118	3	1407	0.002692961599677801	100.0	1e-05
118	4	1408	0.0013782739406451583	100.0	1e-05
118	5	1409	0.0015420078998431563	100.0	1e-05
118	6	1410	0.0029776454903185368	100.0	1e-05
118	7	1411	0.002760589122772217	100.0	1e-05
118	8	1412	0.003421998117119074	100.0	1e-05
118	9	1413	0.004631089977920055	100.0	1e-05
118	10	1414	0.040779124945402145	100.0	1e-05
118	11	1415	0.009698653593659401	100.0	1e-05
118	12	1416	0.0031534098088741302	100.0	1e-05
119	1	1417	0.003599905874580145	100.0	1e-05
119	2	1418	0.002325046109035611	100.0	1e-05
119	3	1419	0.0030309439171105623	100.0	1e-05
119	4	1420	0.002799260662868619	100.0	1e-05
119	5	1421	0.0033707499969750643	100.0	1e-05
119	6	1422	0.010135984048247337	100.0	1e-05
119	7	1423	0.005362880416214466	100.0	1e-05
119	8	1424	0.007724499795585871	100.0	1e-05
119	9	1425	0.003493070602416992	100.0	1e-05
119	10	1426	0.0049596428871154785	100.0	1e-05
119	11	1427	0.001666676951572299	100.0	1e-05
119	12	1428	0.007929263636469841	100.0	1e-05
120	1	1429	0.002789235208183527	100.0	1e-05
120	2	1430	0.0031878710724413395	100.0	1e-05
120	3	1431	0.005429172422736883	100.0	1e-05
120	4	1432	0.010172486305236816	100.0	1e-05
120	5	1433	0.00897892750799656	100.0	1e-05
120	6	1434	0.01879894733428955	100.0	1e-05
120	7	1435	0.009952115826308727	100.0	1e-05
120	8	1436	0.03235168382525444	100.0	1e-05
120	9	1437	0.006310152821242809	100.0	1e-05
120	10	1438	0.004988765809684992	100.0	1e-05
120	11	1439	0.005274963565170765	100.0	1e-05
120	12	1440	0.004876736085861921	100.0	1e-05
121	1	1441	0.0019656538497656584	100.0	1.0000000000000002e-06
121	2	1442	0.005467784591019154	100.0	1.0000000000000002e-06
121	3	1443	0.010501980781555176	100.0	1.0000000000000002e-06
121	4	1444	0.004458868410438299	100.0	1.0000000000000002e-06
121	5	1445	0.005598473362624645	100.0	1.0000000000000002e-06
121	6	1446	0.01225045882165432	100.0	1.0000000000000002e-06
121	7	1447	0.001771128154359758	100.0	1.0000000000000002e-06
121	8	1448	0.003918647766113281	100.0	1.0000000000000002e-06
121	9	1449	0.005805063061416149	100.0	1.0000000000000002e-06
121	10	1450	0.02865893766283989	100.0	1.0000000000000002e-06
121	11	1451	0.002124571707099676	100.0	1.0000000000000002e-06
121	12	1452	0.005470141302794218	100.0	1.0000000000000002e-06
122	1	1453	0.003506350563839078	100.0	1.0000000000000002e-06
122	2	1454	0.0074446676298975945	100.0	1.0000000000000002e-06
122	3	1455	0.004247212316840887	100.0	1.0000000000000002e-06
122	4	1456	0.0030543089378625154	100.0	1.0000000000000002e-06
122	5	1457	0.0027029276825487614	100.0	1.0000000000000002e-06
122	6	1458	0.0018673657905310392	100.0	1.0000000000000002e-06
122	7	1459	0.028732800856232643	100.0	1.0000000000000002e-06
122	8	1460	0.0015609621768817306	100.0	1.0000000000000002e-06
122	9	1461	0.006131780333817005	100.0	1.0000000000000002e-06
122	10	1462	0.0014904022682458162	100.0	1.0000000000000002e-06
122	11	1463	0.003335022833198309	100.0	1.0000000000000002e-06
122	12	1464	0.0025836871936917305	100.0	1.0000000000000002e-06
123	1	1465	0.005821824073791504	100.0	1.0000000000000002e-06
123	2	1466	0.004881096072494984	100.0	1.0000000000000002e-06
123	3	1467	0.005407655145972967	100.0	1.0000000000000002e-06
123	4	1468	0.0029852152802050114	100.0	1.0000000000000002e-06
123	5	1469	0.005695128347724676	100.0	1.0000000000000002e-06
123	6	1470	0.002675998257473111	100.0	1.0000000000000002e-06
123	7	1471	0.0032492398750036955	100.0	1.0000000000000002e-06
123	8	1472	0.00506933918222785	100.0	1.0000000000000002e-06
123	9	1473	0.008500981144607067	100.0	1.0000000000000002e-06
123	10	1474	0.0018838525284081697	100.0	1.0000000000000002e-06
123	11	1475	0.004177868366241455	100.0	1.0000000000000002e-06
123	12	1476	0.004725578706711531	100.0	1.0000000000000002e-06
124	1	1477	0.006439817138016224	100.0	1.0000000000000002e-06
124	2	1478	0.01053850632160902	100.0	1.0000000000000002e-06
124	3	1479	0.0025339960120618343	100.0	1.0000000000000002e-06
124	4	1480	0.017007112503051758	100.0	1.0000000000000002e-06
124	5	1481	0.0073316097259521484	100.0	1.0000000000000002e-06
124	6	1482	0.00862510222941637	100.0	1.0000000000000002e-06
124	7	1483	0.004500365350395441	100.0	1.0000000000000002e-06
124	8	1484	0.002200436545535922	100.0	1.0000000000000002e-06
124	9	1485	0.006464719772338867	100.0	1.0000000000000002e-06
124	10	1486	0.006547963712364435	100.0	1.0000000000000002e-06
124	11	1487	0.0021602152846753597	100.0	1.0000000000000002e-06
124	12	1488	0.010851163417100906	100.0	1.0000000000000002e-06
125	1	1489	0.005102062132209539	100.0	1.0000000000000002e-06
125	2	1490	0.004663586616516113	100.0	1.0000000000000002e-06
125	3	1491	0.017971456050872803	100.0	1.0000000000000002e-06
125	4	1492	0.002983665559440851	100.0	1.0000000000000002e-06
125	5	1493	0.004743206314742565	100.0	1.0000000000000002e-06
125	6	1494	0.008092927746474743	100.0	1.0000000000000002e-06
125	7	1495	0.019594181329011917	100.0	1.0000000000000002e-06
125	8	1496	0.02467244863510132	100.0	1.0000000000000002e-06
125	9	1497	0.008141959086060524	100.0	1.0000000000000002e-06
125	10	1498	0.0043825386092066765	100.0	1.0000000000000002e-06
125	11	1499	0.004074501805007458	100.0	1.0000000000000002e-06
125	12	1500	0.0018997681327164173	100.0	1.0000000000000002e-06
126	1	1501	0.0032092570327222347	100.0	1.0000000000000002e-06
126	2	1502	0.0043058753944933414	100.0	1.0000000000000002e-06
126	3	1503	0.004643297288566828	100.0	1.0000000000000002e-06
126	4	1504	0.009551441296935081	100.0	1.0000000000000002e-06
126	5	1505	0.010944259352982044	100.0	1.0000000000000002e-06
126	6	1506	0.005628347396850586	100.0	1.0000000000000002e-06
126	7	1507	0.005331146530807018	100.0	1.0000000000000002e-06
126	8	1508	0.004229915328323841	100.0	1.0000000000000002e-06
126	9	1509	0.0034544109366834164	100.0	1.0000000000000002e-06
126	10	1510	0.0036433457862585783	100.0	1.0000000000000002e-06
126	11	1511	0.003054928733035922	100.0	1.0000000000000002e-06
126	12	1512	0.004463330376893282	100.0	1.0000000000000002e-06
127	1	1513	0.003544747829437256	100.0	1.0000000000000002e-06
127	2	1514	0.011084496974945068	100.0	1.0000000000000002e-06
127	3	1515	0.002188646700233221	100.0	1.0000000000000002e-06
127	4	1516	0.002579426858574152	100.0	1.0000000000000002e-06
127	5	1517	0.0070788622833788395	100.0	1.0000000000000002e-06
127	6	1518	0.005534780211746693	100.0	1.0000000000000002e-06
127	7	1519	0.0017556786770001054	100.0	1.0000000000000002e-06
127	8	1520	0.013725722208619118	100.0	1.0000000000000002e-06
127	9	1521	0.0037132264114916325	100.0	1.0000000000000002e-06
127	10	1522	0.00299243931658566	100.0	1.0000000000000002e-06
127	11	1523	0.007190227508544922	100.0	1.0000000000000002e-06
127	12	1524	0.005887337028980255	100.0	1.0000000000000002e-06
128	1	1525	0.002399194287136197	100.0	1.0000000000000002e-06
128	2	1526	0.001981115434318781	100.0	1.0000000000000002e-06
128	3	1527	0.003997051622718573	100.0	1.0000000000000002e-06
128	4	1528	0.002119696233421564	100.0	1.0000000000000002e-06
128	5	1529	0.010487198829650879	100.0	1.0000000000000002e-06
128	6	1530	0.003884339239448309	100.0	1.0000000000000002e-06
128	7	1531	0.005009961314499378	100.0	1.0000000000000002e-06
128	8	1532	0.0021359920501708984	100.0	1.0000000000000002e-06
128	9	1533	0.005352425388991833	100.0	1.0000000000000002e-06
128	10	1534	0.006019389722496271	100.0	1.0000000000000002e-06
128	11	1535	0.003401470137760043	100.0	1.0000000000000002e-06
128	12	1536	0.004297928884625435	100.0	1.0000000000000002e-06
129	1	1537	0.0017824650276452303	100.0	1.0000000000000002e-06
129	2	1538	0.00790717639029026	100.0	1.0000000000000002e-06
129	3	1539	0.0018338203663006425	100.0	1.0000000000000002e-06
129	4	1540	0.001467371010221541	100.0	1.0000000000000002e-06
129	5	1541	0.005367946811020374	100.0	1.0000000000000002e-06
129	6	1542	0.003024327801540494	100.0	1.0000000000000002e-06
129	7	1543	0.0051742433570325375	100.0	1.0000000000000002e-06
129	8	1544	0.0052314759232103825	100.0	1.0000000000000002e-06
129	9	1545	0.005318045616149902	100.0	1.0000000000000002e-06
129	10	1546	0.0031300545670092106	100.0	1.0000000000000002e-06
129	11	1547	0.001431930111721158	100.0	1.0000000000000002e-06
129	12	1548	0.004708399996161461	100.0	1.0000000000000002e-06
130	1	1549	0.003268253756687045	100.0	1.0000000000000002e-06
130	2	1550	0.003937172703444958	100.0	1.0000000000000002e-06
130	3	1551	0.002044331980869174	100.0	1.0000000000000002e-06
130	4	1552	0.012745094485580921	100.0	1.0000000000000002e-06
130	5	1553	0.0017885208362713456	100.0	1.0000000000000002e-06
130	6	1554	0.007855820469558239	100.0	1.0000000000000002e-06
130	7	1555	0.003403437091037631	100.0	1.0000000000000002e-06
130	8	1556	0.010644662193953991	100.0	1.0000000000000002e-06
130	9	1557	0.0015332817565649748	100.0	1.0000000000000002e-06
130	10	1558	0.0028787017799913883	100.0	1.0000000000000002e-06
130	11	1559	0.00696938019245863	100.0	1.0000000000000002e-06
130	12	1560	0.003655311418697238	100.0	1.0000000000000002e-06
131	1	1561	0.002263319445773959	100.0	1.0000000000000002e-06
131	2	1562	0.007136332802474499	100.0	1.0000000000000002e-06
131	3	1563	0.006895494647324085	100.0	1.0000000000000002e-06
131	4	1564	0.0036710023414343596	100.0	1.0000000000000002e-06
131	5	1565	0.01440737210214138	100.0	1.0000000000000002e-06
131	6	1566	0.007083869073539972	100.0	1.0000000000000002e-06
131	7	1567	0.0033975362312048674	100.0	1.0000000000000002e-06
131	8	1568	0.003783154534175992	100.0	1.0000000000000002e-06
131	9	1569	0.006192147731781006	100.0	1.0000000000000002e-06
131	10	1570	0.008729040622711182	100.0	1.0000000000000002e-06
131	11	1571	0.004830825142562389	100.0	1.0000000000000002e-06
131	12	1572	0.00815596990287304	100.0	1.0000000000000002e-06
132	1	1573	0.0033747912384569645	100.0	1.0000000000000002e-06
132	2	1574	0.008069920353591442	100.0	1.0000000000000002e-06
132	3	1575	0.008093833923339844	100.0	1.0000000000000002e-06
132	4	1576	0.0026310919784009457	100.0	1.0000000000000002e-06
132	5	1577	0.012522423639893532	100.0	1.0000000000000002e-06
132	6	1578	0.024075675755739212	100.0	1.0000000000000002e-06
132	7	1579	0.002121615456417203	100.0	1.0000000000000002e-06
132	8	1580	0.004034698009490967	100.0	1.0000000000000002e-06
132	9	1581	0.0055256010964512825	100.0	1.0000000000000002e-06
132	10	1582	0.018480073660612106	100.0	1.0000000000000002e-06
132	11	1583	0.002556538674980402	100.0	1.0000000000000002e-06
132	12	1584	0.017666717991232872	100.0	1.0000000000000002e-06
133	1	1585	0.0021949768997728825	100.0	1.0000000000000002e-06
133	2	1586	0.0032953142654150724	100.0	1.0000000000000002e-06
133	3	1587	0.004796147346496582	100.0	1.0000000000000002e-06
133	4	1588	0.015123426914215088	100.0	1.0000000000000002e-06
133	5	1589	0.0034582733642309904	100.0	1.0000000000000002e-06
133	6	1590	0.008962571620941162	100.0	1.0000000000000002e-06
133	7	1591	0.002110469387844205	100.0	1.0000000000000002e-06
133	8	1592	0.006273520179092884	100.0	1.0000000000000002e-06
133	9	1593	0.0037263513077050447	100.0	1.0000000000000002e-06
133	10	1594	0.0033125043846666813	100.0	1.0000000000000002e-06
133	11	1595	0.004360222723335028	100.0	1.0000000000000002e-06
133	12	1596	0.005136025138199329	100.0	1.0000000000000002e-06
