epoch	batch	iter	loss	acc	lr
101	1	1101	1.0992474555969238	68.0	1e-06
101	2	1102	1.0693978071212769	74.0	1e-06
101	3	1103	1.1091513633728027	74.0	1e-06
101	4	1104	0.7346929311752319	80.0	1e-06
101	5	1105	0.9007663130760193	78.0	1e-06
101	6	1106	0.8175092339515686	76.0	1e-06
101	7	1107	1.1033642292022705	70.0	1e-06
101	8	1108	0.735424816608429	76.0	1e-06
101	9	1109	0.796566903591156	82.0	1e-06
101	10	1110	0.8169307708740234	78.0	1e-06
101	11	1111	1.046520471572876	68.42105263157895	1e-06
102	1	1112	0.8836489915847778	74.0	1e-06
102	2	1113	0.6733704209327698	78.0	1e-06
102	3	1114	0.7741659283638	78.0	1e-06
102	4	1115	0.6642636656761169	78.0	1e-06
102	5	1116	0.8703207969665527	72.0	1e-06
102	6	1117	0.7917866706848145	78.0	1e-06
102	7	1118	1.3481805324554443	70.0	1e-06
102	8	1119	1.0299177169799805	72.0	1e-06
102	9	1120	0.8806774616241455	74.0	1e-06
102	10	1121	0.8355319499969482	74.0	1e-06
102	11	1122	0.24526886641979218	94.73684210526316	1e-06
103	1	1123	1.1321525573730469	70.0	1e-06
103	2	1124	0.977040708065033	72.0	1e-06
103	3	1125	1.2174180746078491	70.0	1e-06
103	4	1126	1.0282129049301147	74.0	1e-06
103	5	1127	0.7344504594802856	82.0	1e-06
103	6	1128	0.9751092791557312	72.0	1e-06
103	7	1129	0.9254381656646729	78.0	1e-06
103	8	1130	0.871385395526886	74.0	1e-06
103	9	1131	0.9239543676376343	72.0	1e-06
103	10	1132	0.7240869402885437	80.0	1e-06
103	11	1133	0.8613069653511047	94.73684210526316	1e-06
104	1	1134	0.9332783222198486	66.0	1e-06
104	2	1135	0.9336234927177429	72.0	1e-06
104	3	1136	0.6850582957267761	74.0	1e-06
104	4	1137	0.689970850944519	78.0	1e-06
104	5	1138	1.0154545307159424	68.0	1e-06
104	6	1139	1.2343459129333496	62.0	1e-06
104	7	1140	0.5314671397209167	94.0	1e-06
104	8	1141	0.8733564615249634	82.0	1e-06
104	9	1142	1.0908253192901611	72.0	1e-06
104	10	1143	0.9887341260910034	70.0	1e-06
104	11	1144	0.6069654822349548	89.47368421052632	1e-06
105	1	1145	0.571577787399292	82.0	1e-06
105	2	1146	0.9686173796653748	72.0	1e-06
105	3	1147	0.8187975883483887	76.0	1e-06
105	4	1148	0.656597912311554	78.0	1e-06
105	5	1149	0.8558465838432312	78.0	1e-06
105	6	1150	0.628970742225647	88.0	1e-06
105	7	1151	0.7142548561096191	82.0	1e-06
105	8	1152	0.8074877262115479	72.0	1e-06
105	9	1153	0.817919909954071	74.0	1e-06
105	10	1154	1.0089644193649292	66.0	1e-06
105	11	1155	0.5427784323692322	84.21052631578948	1e-06
106	1	1156	0.7150673866271973	80.0	1e-06
106	2	1157	1.0552494525909424	70.0	1e-06
106	3	1158	0.545491099357605	82.0	1e-06
106	4	1159	0.4439408779144287	90.0	1e-06
106	5	1160	0.8490898013114929	76.0	1e-06
106	6	1161	0.9212548732757568	72.0	1e-06
106	7	1162	0.8690594434738159	80.0	1e-06
106	8	1163	1.1232659816741943	64.0	1e-06
106	9	1164	0.8902926445007324	70.0	1e-06
106	10	1165	0.8555147647857666	72.0	1e-06
106	11	1166	2.0060935020446777	42.10526315789474	1e-06
107	1	1167	0.9516026377677917	70.0	1e-06
107	2	1168	1.1650446653366089	64.0	1e-06
107	3	1169	0.6509522199630737	86.0	1e-06
107	4	1170	0.6649246215820312	90.0	1e-06
107	5	1171	1.279670000076294	70.0	1e-06
107	6	1172	0.7323048114776611	76.0	1e-06
107	7	1173	1.0847331285476685	66.0	1e-06
107	8	1174	0.5391833782196045	80.0	1e-06
107	9	1175	0.896710991859436	76.0	1e-06
107	10	1176	0.6443726420402527	86.0	1e-06
107	11	1177	0.7307736277580261	73.6842105263158	1e-06
108	1	1178	0.6327511072158813	74.0	1e-06
108	2	1179	0.6281771659851074	78.0	1e-06
108	3	1180	0.7406968474388123	78.0	1e-06
108	4	1181	0.862123429775238	70.0	1e-06
108	5	1182	0.8148623108863831	82.0	1e-06
108	6	1183	1.1512842178344727	60.0	1e-06
108	7	1184	0.8139670491218567	76.0	1e-06
108	8	1185	0.8459137678146362	70.0	1e-06
108	9	1186	0.8101373314857483	78.0	1e-06
108	10	1187	0.8652468919754028	78.0	1e-06
108	11	1188	0.5854656100273132	84.21052631578948	1e-06
109	1	1189	1.2937818765640259	68.0	1e-06
109	2	1190	0.6131020188331604	84.0	1e-06
109	3	1191	0.87406325340271	74.0	1e-06
109	4	1192	0.7291011810302734	78.0	1e-06
109	5	1193	0.8217898607254028	78.0	1e-06
109	6	1194	0.5849545001983643	84.0	1e-06
109	7	1195	0.7036885023117065	76.0	1e-06
109	8	1196	0.9890212416648865	66.0	1e-06
109	9	1197	0.828950047492981	78.0	1e-06
109	10	1198	0.7977244853973389	74.0	1e-06
109	11	1199	0.5315940976142883	84.21052631578948	1e-06
110	1	1200	1.1556169986724854	66.0	1e-06
110	2	1201	0.6867637634277344	78.0	1e-06
110	3	1202	0.7474811673164368	70.0	1e-06
110	4	1203	0.7003909349441528	80.0	1e-06
110	5	1204	0.8070909380912781	78.0	1e-06
110	6	1205	0.7600917816162109	72.0	1e-06
110	7	1206	0.6529632806777954	80.0	1e-06
110	8	1207	0.9432392120361328	64.0	1e-06
110	9	1208	0.5677515864372253	82.0	1e-06
110	10	1209	0.8113290667533875	74.0	1e-06
110	11	1210	1.020820140838623	68.42105263157895	1e-06
111	1	1211	0.6605677604675293	80.0	1e-06
111	2	1212	0.7639594078063965	78.0	1e-06
111	3	1213	0.6591869592666626	86.0	1e-06
111	4	1214	0.5669234395027161	82.0	1e-06
111	5	1215	0.6856195330619812	82.0	1e-06
111	6	1216	0.7996490597724915	72.0	1e-06
111	7	1217	1.148653507232666	66.0	1e-06
111	8	1218	0.8915696740150452	80.0	1e-06
111	9	1219	0.6123961806297302	74.0	1e-06
111	10	1220	0.8680409789085388	72.0	1e-06
111	11	1221	1.2533848285675049	68.42105263157895	1e-06
112	1	1222	0.8526551723480225	78.0	1e-06
112	2	1223	0.5403099656105042	84.0	1e-06
112	3	1224	0.6812455058097839	78.0	1e-06
112	4	1225	0.855980634689331	70.0	1e-06
112	5	1226	1.0478100776672363	66.0	1e-06
112	6	1227	0.7889346480369568	76.0	1e-06
112	7	1228	0.852800190448761	74.0	1e-06
112	8	1229	0.8241615295410156	76.0	1e-06
112	9	1230	0.8188298940658569	78.0	1e-06
112	10	1231	0.4616925120353699	82.0	1e-06
112	11	1232	0.8841446042060852	73.6842105263158	1e-06
113	1	1233	0.507810652256012	80.0	1e-06
113	2	1234	0.6306869983673096	82.0	1e-06
113	3	1235	1.4175808429718018	56.0	1e-06
113	4	1236	0.7240968346595764	84.0	1e-06
113	5	1237	0.9543806314468384	82.0	1e-06
113	6	1238	0.6575435400009155	84.0	1e-06
113	7	1239	0.9271875023841858	70.0	1e-06
113	8	1240	0.8358350396156311	70.0	1e-06
113	9	1241	0.9556151628494263	68.0	1e-06
113	10	1242	0.5145162343978882	80.0	1e-06
113	11	1243	0.7985408306121826	73.6842105263158	1e-06
114	1	1244	0.6684415340423584	78.0	1e-06
114	2	1245	0.9247507452964783	82.0	1e-06
114	3	1246	1.0827012062072754	66.0	1e-06
114	4	1247	0.7491925954818726	84.0	1e-06
114	5	1248	0.5911538004875183	84.0	1e-06
114	6	1249	0.7022043466567993	72.0	1e-06
114	7	1250	0.6326645016670227	82.0	1e-06
114	8	1251	0.8000552654266357	76.0	1e-06
114	9	1252	0.7654708027839661	78.0	1e-06
114	10	1253	0.6597496867179871	78.0	1e-06
114	11	1254	0.8317285180091858	78.94736842105263	1e-06
115	1	1255	0.6521939039230347	80.0	1e-06
115	2	1256	0.673321545124054	80.0	1e-06
115	3	1257	0.9476544857025146	70.0	1e-06
115	4	1258	0.7472763657569885	74.0	1e-06
115	5	1259	0.6598295569419861	84.0	1e-06
115	6	1260	0.6569988131523132	80.0	1e-06
115	7	1261	0.8834879994392395	68.0	1e-06
115	8	1262	0.863912045955658	72.0	1e-06
115	9	1263	0.8254439830780029	76.0	1e-06
115	10	1264	0.964374840259552	68.0	1e-06
115	11	1265	1.0965957641601562	63.1578947368421	1e-06
116	1	1266	0.7590785026550293	72.0	1e-06
116	2	1267	0.6829763054847717	80.0	1e-06
116	3	1268	0.8629408478736877	76.0	1e-06
116	4	1269	0.594513475894928	82.0	1e-06
116	5	1270	0.7747023701667786	74.0	1e-06
116	6	1271	1.206519365310669	74.0	1e-06
116	7	1272	0.6768394708633423	84.0	1e-06
116	8	1273	0.7662968635559082	82.0	1e-06
116	9	1274	0.7398242950439453	80.0	1e-06
116	10	1275	0.6158981323242188	82.0	1e-06
116	11	1276	1.168411135673523	68.42105263157895	1e-06
117	1	1277	0.7607834339141846	78.0	1e-06
117	2	1278	1.1121785640716553	74.0	1e-06
117	3	1279	0.7614626884460449	78.0	1e-06
117	4	1280	0.4925234913825989	88.0	1e-06
117	5	1281	0.7730225920677185	72.0	1e-06
117	6	1282	0.932405412197113	72.0	1e-06
117	7	1283	1.040448784828186	60.0	1e-06
117	8	1284	0.6705674529075623	82.0	1e-06
117	9	1285	0.736380934715271	74.0	1e-06
117	10	1286	0.9251518249511719	76.0	1e-06
117	11	1287	0.5461531281471252	84.21052631578948	1e-06
118	1	1288	0.7501130700111389	80.0	1e-06
118	2	1289	1.047186017036438	66.0	1e-06
118	3	1290	0.8843460083007812	72.0	1e-06
118	4	1291	1.362105369567871	62.0	1e-06
118	5	1292	0.6470908522605896	82.0	1e-06
118	6	1293	0.8228285908699036	74.0	1e-06
118	7	1294	0.7142477631568909	80.0	1e-06
118	8	1295	0.4450499713420868	92.0	1e-06
118	9	1296	0.7401859760284424	78.0	1e-06
118	10	1297	0.7870556712150574	82.0	1e-06
118	11	1298	0.9002118110656738	73.6842105263158	1e-06
119	1	1299	0.7807377576828003	80.0	1e-06
119	2	1300	0.7653851509094238	82.0	1e-06
119	3	1301	0.4321659803390503	86.0	1e-06
119	4	1302	0.560168981552124	82.0	1e-06
119	5	1303	1.0375845432281494	62.0	1e-06
119	6	1304	0.7599301338195801	74.0	1e-06
119	7	1305	0.6571899652481079	74.0	1e-06
119	8	1306	0.7384569048881531	78.0	1e-06
119	9	1307	0.909468412399292	72.0	1e-06
119	10	1308	0.9005464315414429	72.0	1e-06
119	11	1309	1.1407638788223267	68.42105263157895	1e-06
120	1	1310	0.5095361471176147	88.0	1e-06
120	2	1311	0.5696986317634583	84.0	1e-06
120	3	1312	0.594015896320343	84.0	1e-06
120	4	1313	0.92425137758255	76.0	1e-06
120	5	1314	0.8995353579521179	64.0	1e-06
120	6	1315	0.6263771653175354	86.0	1e-06
120	7	1316	0.7978069186210632	76.0	1e-06
120	8	1317	0.7133346796035767	78.0	1e-06
120	9	1318	1.1003031730651855	60.0	1e-06
120	10	1319	0.5019478797912598	80.0	1e-06
120	11	1320	0.6763729453086853	73.6842105263158	1e-06
121	1	1321	0.8654299974441528	72.0	1e-06
121	2	1322	0.6554020643234253	80.0	1e-06
121	3	1323	0.5746505260467529	84.0	1e-06
121	4	1324	0.7354724407196045	78.0	1e-06
121	5	1325	0.7494529485702515	78.0	1e-06
121	6	1326	0.815848708152771	76.0	1e-06
121	7	1327	0.714009165763855	80.0	1e-06
121	8	1328	1.0132925510406494	70.0	1e-06
121	9	1329	0.8081074357032776	78.0	1e-06
121	10	1330	0.7233031988143921	76.0	1e-06
121	11	1331	0.6886674165725708	73.6842105263158	1e-06
122	1	1332	0.7590620517730713	78.0	1e-06
122	2	1333	0.3016948997974396	96.0	1e-06
122	3	1334	0.7401038408279419	80.0	1e-06
122	4	1335	0.9161746501922607	68.0	1e-06
122	5	1336	0.9123251438140869	70.0	1e-06
122	6	1337	0.7621700167655945	76.0	1e-06
122	7	1338	0.5896669626235962	86.0	1e-06
122	8	1339	0.857474148273468	70.0	1e-06
122	9	1340	0.7263758778572083	72.0	1e-06
122	10	1341	0.6017489433288574	78.0	1e-06
122	11	1342	0.7994921207427979	78.94736842105263	1e-06
123	1	1343	0.7758663296699524	76.0	1e-06
123	2	1344	0.7184407114982605	84.0	1e-06
123	3	1345	0.9917852282524109	74.0	1e-06
123	4	1346	0.7659180164337158	76.0	1e-06
123	5	1347	0.5064684152603149	90.0	1e-06
123	6	1348	0.7139090895652771	80.0	1e-06
123	7	1349	0.983437716960907	76.0	1e-06
123	8	1350	0.43758270144462585	90.0	1e-06
123	9	1351	0.8031928539276123	74.0	1e-06
123	10	1352	0.6930138468742371	82.0	1e-06
123	11	1353	0.6832074522972107	78.94736842105263	1e-06
124	1	1354	0.5623855590820312	90.0	1e-06
124	2	1355	0.8866686820983887	74.0	1e-06
124	3	1356	0.7126715183258057	74.0	1e-06
124	4	1357	0.8580774664878845	78.0	1e-06
124	5	1358	0.5737277269363403	82.0	1e-06
124	6	1359	0.8877283334732056	70.0	1e-06
124	7	1360	0.574027955532074	80.0	1e-06
124	8	1361	0.6717158555984497	76.0	1e-06
124	9	1362	0.6132894158363342	84.0	1e-06
124	10	1363	0.7700157761573792	80.0	1e-06
124	11	1364	1.041089653968811	63.1578947368421	1e-06
125	1	1365	0.7663841247558594	74.0	1e-06
125	2	1366	0.8403531908988953	68.0	1e-06
125	3	1367	0.7969264388084412	80.0	1e-06
125	4	1368	0.6904139518737793	80.0	1e-06
125	5	1369	0.656874418258667	82.0	1e-06
125	6	1370	0.7585324645042419	82.0	1e-06
125	7	1371	0.9656278491020203	74.0	1e-06
125	8	1372	0.6076720952987671	88.0	1e-06
125	9	1373	0.7949719429016113	74.0	1e-06
125	10	1374	0.5232824087142944	88.0	1e-06
125	11	1375	0.7138816714286804	73.6842105263158	1e-06
126	1	1376	0.7743661403656006	74.0	1e-06
126	2	1377	0.5886906981468201	86.0	1e-06
126	3	1378	0.6014217138290405	84.0	1e-06
126	4	1379	0.5111258029937744	86.0	1e-06
126	5	1380	1.0021346807479858	60.0	1e-06
126	6	1381	1.120202898979187	76.0	1e-06
126	7	1382	0.6810858249664307	84.0	1e-06
126	8	1383	0.4805894196033478	86.0	1e-06
126	9	1384	0.7281273007392883	82.0	1e-06
126	10	1385	0.8591874837875366	74.0	1e-06
126	11	1386	0.8167839050292969	84.21052631578948	1e-06
127	1	1387	0.777702808380127	74.0	1e-06
127	2	1388	0.49983128905296326	86.0	1e-06
127	3	1389	0.7788366079330444	80.0	1e-06
127	4	1390	0.6356263756752014	86.0	1e-06
127	5	1391	0.8471987843513489	80.0	1e-06
127	6	1392	0.7474520802497864	80.0	1e-06
127	7	1393	0.6835457682609558	78.0	1e-06
127	8	1394	0.47172918915748596	88.0	1e-06
127	9	1395	0.5450723171234131	92.0	1e-06
127	10	1396	0.7898452281951904	74.0	1e-06
127	11	1397	0.6811450123786926	78.94736842105263	1e-06
128	1	1398	0.7210767865180969	76.0	1e-06
128	2	1399	0.6486124992370605	84.0	1e-06
128	3	1400	0.68614661693573	84.0	1e-06
128	4	1401	0.6136314868927002	78.0	1e-06
128	5	1402	0.6827484369277954	82.0	1e-06
128	6	1403	0.7563462257385254	78.0	1e-06
128	7	1404	0.7677212357521057	68.0	1e-06
128	8	1405	0.4942680299282074	78.0	1e-06
128	9	1406	0.7240164875984192	76.0	1e-06
128	10	1407	0.7062462568283081	78.0	1e-06
128	11	1408	0.9859287142753601	68.42105263157895	1e-06
129	1	1409	1.1468065977096558	70.0	1e-06
129	2	1410	0.6417866349220276	82.0	1e-06
129	3	1411	0.41865646839141846	88.0	1e-06
129	4	1412	0.4775440990924835	86.0	1e-06
129	5	1413	0.7634157538414001	78.0	1e-06
129	6	1414	0.5603853464126587	84.0	1e-06
129	7	1415	0.6876019239425659	78.0	1e-06
129	8	1416	0.5712199211120605	80.0	1e-06
129	9	1417	0.8821915984153748	74.0	1e-06
129	10	1418	0.6749773621559143	74.0	1e-06
129	11	1419	0.9404342770576477	68.42105263157895	1e-06
130	1	1420	0.6637134552001953	82.0	1e-06
130	2	1421	0.8771932721138	70.0	1e-06
130	3	1422	0.846804678440094	80.0	1e-06
130	4	1423	0.8642332553863525	74.0	1e-06
130	5	1424	0.577911913394928	84.0	1e-06
130	6	1425	0.5621488690376282	84.0	1e-06
130	7	1426	0.521568775177002	86.0	1e-06
130	8	1427	0.6609260439872742	82.0	1e-06
130	9	1428	0.7658470273017883	78.0	1e-06
130	10	1429	0.49365416169166565	82.0	1e-06
130	11	1430	0.621014416217804	68.42105263157895	1e-06
131	1	1431	0.560716450214386	84.0	1e-06
131	2	1432	0.5775845050811768	82.0	1e-06
131	3	1433	0.7369327545166016	76.0	1e-06
131	4	1434	0.6670541167259216	80.0	1e-06
131	5	1435	0.7417848110198975	80.0	1e-06
131	6	1436	0.5122072100639343	92.0	1e-06
131	7	1437	0.37159550189971924	88.0	1e-06
131	8	1438	0.6222623586654663	80.0	1e-06
131	9	1439	0.7337173223495483	86.0	1e-06
131	10	1440	0.577779233455658	82.0	1e-06
131	11	1441	0.7396901249885559	73.6842105263158	1e-06
132	1	1442	0.3197747766971588	88.0	1e-06
132	2	1443	1.1331793069839478	68.0	1e-06
132	3	1444	0.8327149152755737	70.0	1e-06
132	4	1445	0.583462655544281	86.0	1e-06
132	5	1446	0.6371300220489502	82.0	1e-06
132	6	1447	0.3293229043483734	92.0	1e-06
132	7	1448	0.8757098317146301	76.0	1e-06
132	8	1449	0.7996344566345215	70.0	1e-06
132	9	1450	1.0060904026031494	78.0	1e-06
132	10	1451	0.734072208404541	78.0	1e-06
132	11	1452	0.913486659526825	73.6842105263158	1e-06
133	1	1453	0.5889776349067688	82.0	1e-06
133	2	1454	0.959455132484436	66.0	1e-06
133	3	1455	0.7082514762878418	76.0	1e-06
133	4	1456	0.7586685419082642	78.0	1e-06
133	5	1457	0.5664691925048828	84.0	1e-06
133	6	1458	0.7162744402885437	84.0	1e-06
133	7	1459	0.6048200130462646	82.0	1e-06
133	8	1460	0.6394316554069519	80.0	1e-06
133	9	1461	0.7617181539535522	74.0	1e-06
133	10	1462	1.204633355140686	72.0	1e-06
133	11	1463	0.5875274538993835	78.94736842105263	1e-06
134	1	1464	0.6554199457168579	82.0	1e-06
134	2	1465	0.5059115886688232	86.0	1e-06
134	3	1466	0.6212304830551147	86.0	1e-06
134	4	1467	0.2552160918712616	94.0	1e-06
134	5	1468	0.5581768155097961	84.0	1e-06
134	6	1469	0.827561616897583	78.0	1e-06
134	7	1470	0.8837305307388306	70.0	1e-06
134	8	1471	0.7056185007095337	78.0	1e-06
134	9	1472	0.8964731693267822	80.0	1e-06
134	10	1473	0.8278671503067017	86.0	1e-06
134	11	1474	0.4939000606536865	89.47368421052632	1e-06
135	1	1475	0.6837421655654907	80.0	1e-06
135	2	1476	0.5176006555557251	82.0	1e-06
135	3	1477	0.6623459458351135	80.0	1e-06
135	4	1478	0.5776970982551575	80.0	1e-06
135	5	1479	1.0211867094039917	60.0	1e-06
135	6	1480	0.950733482837677	70.0	1e-06
135	7	1481	0.5442471504211426	84.0	1e-06
135	8	1482	0.5437999963760376	88.0	1e-06
135	9	1483	0.4256539046764374	88.0	1e-06
135	10	1484	0.6179438233375549	82.0	1e-06
135	11	1485	0.5327932238578796	73.6842105263158	1e-06
136	1	1486	0.5272440910339355	84.0	1e-06
136	2	1487	1.0639418363571167	64.0	1e-06
136	3	1488	0.7751817107200623	68.0	1e-06
136	4	1489	0.6066083312034607	80.0	1e-06
136	5	1490	0.6412871479988098	84.0	1e-06
136	6	1491	0.6025925278663635	76.0	1e-06
136	7	1492	0.7056643962860107	82.0	1e-06
136	8	1493	0.3494519293308258	92.0	1e-06
136	9	1494	0.876247227191925	80.0	1e-06
136	10	1495	0.7553877234458923	88.0	1e-06
136	11	1496	1.1997150182724	57.89473684210526	1e-06
137	1	1497	0.5060768127441406	84.0	1e-06
137	2	1498	0.5326529741287231	88.0	1e-06
137	3	1499	0.47818416357040405	90.0	1e-06
137	4	1500	1.1041187047958374	70.0	1e-06
137	5	1501	0.2822621464729309	94.0	1e-06
137	6	1502	0.6937302350997925	78.0	1e-06
137	7	1503	0.8392301201820374	70.0	1e-06
137	8	1504	0.6889331936836243	76.0	1e-06
137	9	1505	0.7646167874336243	76.0	1e-06
137	10	1506	0.5273303985595703	84.0	1e-06
137	11	1507	0.9656004905700684	68.42105263157895	1e-06
138	1	1508	0.6687816381454468	82.0	1e-06
138	2	1509	0.767916202545166	76.0	1e-06
138	3	1510	0.8997710943222046	76.0	1e-06
138	4	1511	0.6069000363349915	80.0	1e-06
138	5	1512	0.96428382396698	76.0	1e-06
138	6	1513	0.9137547016143799	66.0	1e-06
138	7	1514	0.5025975108146667	86.0	1e-06
138	8	1515	0.4654841125011444	86.0	1e-06
138	9	1516	0.5720863938331604	76.0	1e-06
138	10	1517	0.3939627707004547	92.0	1e-06
138	11	1518	0.8367018699645996	73.6842105263158	1e-06
139	1	1519	0.8582270741462708	76.0	1e-06
139	2	1520	1.2003942728042603	56.0	1e-06
139	3	1521	1.0026099681854248	68.0	1e-06
139	4	1522	0.7543168663978577	74.0	1e-06
139	5	1523	0.6621878743171692	76.0	1e-06
139	6	1524	0.5660582780838013	84.0	1e-06
139	7	1525	0.577700674533844	82.0	1e-06
139	8	1526	0.6087756156921387	82.0	1e-06
139	9	1527	0.5853562951087952	80.0	1e-06
139	10	1528	0.5345143675804138	80.0	1e-06
139	11	1529	0.5488675832748413	84.21052631578948	1e-06
140	1	1530	0.5963113903999329	86.0	1e-06
140	2	1531	0.5302628874778748	86.0	1e-06
140	3	1532	0.7339975833892822	74.0	1e-06
140	4	1533	0.613254189491272	80.0	1e-06
140	5	1534	0.5177298784255981	88.0	1e-06
140	6	1535	0.5867459177970886	82.0	1e-06
140	7	1536	0.8021349310874939	70.0	1e-06
140	8	1537	0.5578846335411072	84.0	1e-06
140	9	1538	0.710864245891571	80.0	1e-06
140	10	1539	0.5911897420883179	82.0	1e-06
140	11	1540	0.7262107133865356	78.94736842105263	1e-06
141	1	1541	0.9075908064842224	72.0	1e-06
141	2	1542	0.476775586605072	84.0	1e-06
141	3	1543	0.8022468686103821	80.0	1e-06
141	4	1544	0.7340840697288513	76.0	1e-06
141	5	1545	0.7211778163909912	74.0	1e-06
141	6	1546	0.6099011898040771	80.0	1e-06
141	7	1547	0.5496339201927185	88.0	1e-06
141	8	1548	0.43808355927467346	88.0	1e-06
141	9	1549	0.5459976196289062	80.0	1e-06
141	10	1550	0.8157026767730713	78.0	1e-06
141	11	1551	0.8563465476036072	68.42105263157895	1e-06
142	1	1552	0.6309876441955566	84.0	1e-06
142	2	1553	0.8700172305107117	76.0	1e-06
142	3	1554	1.0044749975204468	78.0	1e-06
142	4	1555	0.5356764793395996	86.0	1e-06
142	5	1556	0.7362256050109863	74.0	1e-06
142	6	1557	0.5238832235336304	86.0	1e-06
142	7	1558	0.3124483525753021	96.0	1e-06
142	8	1559	0.5229731202125549	88.0	1e-06
142	9	1560	0.6906234622001648	80.0	1e-06
142	10	1561	0.7583274841308594	70.0	1e-06
142	11	1562	0.8744224905967712	78.94736842105263	1e-06
143	1	1563	0.3330340087413788	94.0	1e-06
143	2	1564	0.6180561780929565	78.0	1e-06
143	3	1565	0.48589298129081726	86.0	1e-06
143	4	1566	0.6517893075942993	74.0	1e-06
143	5	1567	0.6252071261405945	76.0	1e-06
143	6	1568	0.6601389050483704	78.0	1e-06
143	7	1569	0.5848637819290161	76.0	1e-06
143	8	1570	0.6199946403503418	84.0	1e-06
143	9	1571	0.5368800163269043	90.0	1e-06
143	10	1572	0.5050685405731201	84.0	1e-06
143	11	1573	0.6559102535247803	84.21052631578948	1e-06
144	1	1574	0.36584222316741943	90.0	1e-06
144	2	1575	0.6390188932418823	74.0	1e-06
144	3	1576	0.6069233417510986	80.0	1e-06
144	4	1577	0.7182993292808533	80.0	1e-06
144	5	1578	0.4968124032020569	84.0	1e-06
144	6	1579	0.31827670335769653	94.0	1e-06
144	7	1580	0.4333977997303009	86.0	1e-06
144	8	1581	0.692177414894104	80.0	1e-06
144	9	1582	0.7137107253074646	82.0	1e-06
144	10	1583	0.6440415978431702	86.0	1e-06
144	11	1584	1.1313127279281616	57.89473684210526	1e-06
145	1	1585	0.6889777183532715	86.0	1e-06
145	2	1586	0.585441529750824	76.0	1e-06
145	3	1587	0.6227852702140808	80.0	1e-06
145	4	1588	0.46192002296447754	86.0	1e-06
145	5	1589	0.733225405216217	78.0	1e-06
145	6	1590	0.5445927977561951	80.0	1e-06
145	7	1591	0.6686623096466064	82.0	1e-06
145	8	1592	0.712166428565979	78.0	1e-06
145	9	1593	0.44435805082321167	78.0	1e-06
145	10	1594	0.7230534553527832	78.0	1e-06
145	11	1595	1.186352252960205	68.42105263157895	1e-06
146	1	1596	0.6228876709938049	84.0	1e-06
146	2	1597	0.4451953172683716	92.0	1e-06
146	3	1598	0.9730086326599121	72.0	1e-06
146	4	1599	0.5380616188049316	84.0	1e-06
146	5	1600	0.7683249115943909	74.0	1e-06
146	6	1601	0.4240019917488098	84.0	1e-06
146	7	1602	0.5392742156982422	80.0	1e-06
146	8	1603	0.6489081382751465	76.0	1e-06
146	9	1604	0.5435107350349426	82.0	1e-06
146	10	1605	0.8709152340888977	74.0	1e-06
146	11	1606	0.5283938050270081	89.47368421052632	1e-06
147	1	1607	0.5037907958030701	84.0	1e-06
147	2	1608	0.5775213241577148	84.0	1e-06
147	3	1609	0.46595481038093567	92.0	1e-06
147	4	1610	0.4630945920944214	86.0	1e-06
147	5	1611	0.4429731070995331	82.0	1e-06
147	6	1612	0.6260702013969421	84.0	1e-06
147	7	1613	0.8152446150779724	74.0	1e-06
147	8	1614	0.47940585017204285	82.0	1e-06
147	9	1615	0.3780582547187805	92.0	1e-06
147	10	1616	0.5430885553359985	82.0	1e-06
147	11	1617	0.8837617635726929	68.42105263157895	1e-06
148	1	1618	0.5883897542953491	90.0	1e-06
148	2	1619	0.9194197058677673	72.0	1e-06
148	3	1620	0.48349571228027344	86.0	1e-06
148	4	1621	0.40850260853767395	88.0	1e-06
148	5	1622	0.36125996708869934	92.0	1e-06
148	6	1623	0.32811930775642395	92.0	1e-06
148	7	1624	0.7699844837188721	78.0	1e-06
148	8	1625	0.47947007417678833	88.0	1e-06
148	9	1626	0.4656643569469452	84.0	1e-06
148	10	1627	0.5143868923187256	88.0	1e-06
148	11	1628	0.47697946429252625	94.73684210526316	1e-06
149	1	1629	0.4977830946445465	88.0	1e-06
149	2	1630	0.4176979959011078	90.0	1e-06
149	3	1631	0.5902504920959473	86.0	1e-06
149	4	1632	0.610123872756958	84.0	1e-06
149	5	1633	0.5232882499694824	86.0	1e-06
149	6	1634	0.9536529779434204	70.0	1e-06
149	7	1635	0.35982033610343933	84.0	1e-06
149	8	1636	0.6692899465560913	80.0	1e-06
149	9	1637	0.4767776131629944	92.0	1e-06
149	10	1638	0.5566040277481079	80.0	1e-06
149	11	1639	1.0204706192016602	73.6842105263158	1e-06
150	1	1640	0.829642653465271	78.0	1e-06
150	2	1641	0.5823158025741577	84.0	1e-06
150	3	1642	0.5406702756881714	80.0	1e-06
150	4	1643	0.5382343530654907	88.0	1e-06
150	5	1644	0.5597199201583862	78.0	1e-06
150	6	1645	0.4825969636440277	88.0	1e-06
150	7	1646	0.9590906500816345	72.0	1e-06
150	8	1647	0.6041763424873352	88.0	1e-06
150	9	1648	0.9589170217514038	74.0	1e-06
150	10	1649	0.5163298845291138	82.0	1e-06
150	11	1650	1.079031229019165	63.1578947368421	1e-06
151	1	1651	0.6334742307662964	78.0	1e-06
151	2	1652	0.4276652932167053	90.0	1e-06
151	3	1653	0.6656825542449951	82.0	1e-06
151	4	1654	0.6218953728675842	80.0	1e-06
151	5	1655	0.9188805222511292	76.0	1e-06
151	6	1656	0.45499104261398315	90.0	1e-06
151	7	1657	0.3693026602268219	94.0	1e-06
151	8	1658	0.6918240189552307	76.0	1e-06
151	9	1659	0.5714501738548279	82.0	1e-06
151	10	1660	0.46640270948410034	86.0	1e-06
151	11	1661	0.5055763721466064	84.21052631578948	1e-06
152	1	1662	1.1569689512252808	72.0	1e-06
152	2	1663	0.6564631462097168	80.0	1e-06
152	3	1664	0.6111740469932556	78.0	1e-06
152	4	1665	0.5119137167930603	84.0	1e-06
152	5	1666	0.7008933424949646	78.0	1e-06
152	6	1667	0.34342142939567566	90.0	1e-06
152	7	1668	0.4398333728313446	84.0	1e-06
152	8	1669	0.37265074253082275	90.0	1e-06
152	9	1670	0.4320436120033264	88.0	1e-06
152	10	1671	0.449855238199234	94.0	1e-06
152	11	1672	0.5001155734062195	84.21052631578948	1e-06
153	1	1673	0.48931559920310974	86.0	1e-06
153	2	1674	0.8080810308456421	78.0	1e-06
153	3	1675	0.582394540309906	82.0	1e-06
153	4	1676	0.7983507513999939	80.0	1e-06
153	5	1677	0.5242866277694702	86.0	1e-06
153	6	1678	0.36523810029029846	90.0	1e-06
153	7	1679	0.7995080351829529	78.0	1e-06
153	8	1680	0.7729020118713379	70.0	1e-06
153	9	1681	0.30880364775657654	94.0	1e-06
153	10	1682	0.5593410730361938	80.0	1e-06
153	11	1683	0.945194661617279	78.94736842105263	1e-06
154	1	1684	0.5897289514541626	80.0	1e-06
154	2	1685	0.5094420313835144	82.0	1e-06
154	3	1686	0.3782990276813507	86.0	1e-06
154	4	1687	1.0970138311386108	76.0	1e-06
154	5	1688	0.3947473466396332	92.0	1e-06
154	6	1689	0.8353871703147888	74.0	1e-06
154	7	1690	0.6083487868309021	78.0	1e-06
154	8	1691	0.35839709639549255	88.0	1e-06
154	9	1692	0.3271116316318512	90.0	1e-06
154	10	1693	0.5708943009376526	86.0	1e-06
154	11	1694	0.3662836253643036	94.73684210526316	1e-06
155	1	1695	0.5185098052024841	90.0	1e-06
155	2	1696	0.5287827849388123	86.0	1e-06
155	3	1697	0.47404342889785767	86.0	1e-06
155	4	1698	0.35601189732551575	90.0	1e-06
155	5	1699	0.6059778332710266	84.0	1e-06
155	6	1700	0.38918736577033997	90.0	1e-06
155	7	1701	0.5669848322868347	78.0	1e-06
155	8	1702	0.37210196256637573	90.0	1e-06
155	9	1703	0.516189455986023	82.0	1e-06
155	10	1704	0.5302767753601074	82.0	1e-06
155	11	1705	1.1375702619552612	68.42105263157895	1e-06
156	1	1706	0.5589000582695007	88.0	1e-06
156	2	1707	0.6821225881576538	82.0	1e-06
156	3	1708	0.4854831397533417	88.0	1e-06
156	4	1709	0.47924479842185974	88.0	1e-06
156	5	1710	0.3714294731616974	92.0	1e-06
156	6	1711	0.5256257057189941	80.0	1e-06
156	7	1712	0.4404699206352234	84.0	1e-06
156	8	1713	0.6696022152900696	82.0	1e-06
156	9	1714	0.7376835346221924	84.0	1e-06
156	10	1715	0.47591373324394226	88.0	1e-06
156	11	1716	0.5584169626235962	89.47368421052632	1e-06
157	1	1717	0.6626203656196594	82.0	1e-06
157	2	1718	0.7016908526420593	76.0	1e-06
157	3	1719	0.7138391137123108	74.0	1e-06
157	4	1720	0.563453733921051	82.0	1e-06
157	5	1721	0.4176618158817291	90.0	1e-06
157	6	1722	0.7016248106956482	82.0	1e-06
157	7	1723	0.6109529733657837	80.0	1e-06
157	8	1724	0.3584443926811218	90.0	1e-06
157	9	1725	0.6575292944908142	80.0	1e-06
157	10	1726	0.42044949531555176	84.0	1e-06
157	11	1727	0.8934893608093262	78.94736842105263	1e-06
158	1	1728	0.5337457060813904	82.0	1e-06
158	2	1729	0.6289727687835693	78.0	1e-06
158	3	1730	0.532214879989624	86.0	1e-06
158	4	1731	0.472061425447464	88.0	1e-06
158	5	1732	0.3623139560222626	90.0	1e-06
158	6	1733	0.5260075330734253	78.0	1e-06
158	7	1734	0.4642143249511719	88.0	1e-06
158	8	1735	0.7695512175559998	80.0	1e-06
158	9	1736	0.848771870136261	74.0	1e-06
158	10	1737	0.7499508857727051	80.0	1e-06
158	11	1738	0.43701863288879395	89.47368421052632	1e-06
159	1	1739	0.5931510925292969	80.0	1e-06
159	2	1740	0.8235766887664795	74.0	1e-06
159	3	1741	0.5603123307228088	86.0	1e-06
159	4	1742	0.4755631983280182	84.0	1e-06
159	5	1743	0.27087637782096863	92.0	1e-06
159	6	1744	0.525007426738739	84.0	1e-06
159	7	1745	0.6898411512374878	78.0	1e-06
159	8	1746	0.673696756362915	84.0	1e-06
159	9	1747	0.8091360330581665	72.0	1e-06
159	10	1748	0.6791318655014038	78.0	1e-06
159	11	1749	0.28024840354919434	89.47368421052632	1e-06
160	1	1750	0.45506736636161804	88.0	1e-06
160	2	1751	0.4728737771511078	88.0	1e-06
160	3	1752	0.5135437250137329	90.0	1e-06
160	4	1753	0.3650096654891968	94.0	1e-06
160	5	1754	0.42011940479278564	86.0	1e-06
160	6	1755	0.8030882477760315	78.0	1e-06
160	7	1756	0.5219222903251648	78.0	1e-06
160	8	1757	0.3964342474937439	90.0	1e-06
160	9	1758	0.34294718503952026	92.0	1e-06
160	10	1759	0.3737794756889343	90.0	1e-06
160	11	1760	0.6714885830879211	73.6842105263158	1e-06
161	1	1761	0.5054839849472046	84.0	1e-06
161	2	1762	0.6950816512107849	84.0	1e-06
161	3	1763	0.2838513255119324	94.0	1e-06
161	4	1764	0.5337868332862854	90.0	1e-06
161	5	1765	0.6829902529716492	78.0	1e-06
161	6	1766	0.32954224944114685	90.0	1e-06
161	7	1767	0.5172075033187866	84.0	1e-06
161	8	1768	0.5494479537010193	82.0	1e-06
161	9	1769	0.33590438961982727	86.0	1e-06
161	10	1770	0.6166917681694031	80.0	1e-06
161	11	1771	0.6442506909370422	78.94736842105263	1e-06
162	1	1772	0.6420692205429077	78.0	1e-06
162	2	1773	0.6487538814544678	78.0	1e-06
162	3	1774	0.46943211555480957	84.0	1e-06
162	4	1775	0.5084010362625122	88.0	1e-06
162	5	1776	0.41051650047302246	88.0	1e-06
162	6	1777	0.5972282290458679	86.0	1e-06
162	7	1778	0.7785704135894775	78.0	1e-06
162	8	1779	0.43623703718185425	92.0	1e-06
162	9	1780	0.33594468235969543	88.0	1e-06
162	10	1781	0.5893002152442932	84.0	1e-06
162	11	1782	0.5590174794197083	78.94736842105263	1e-06
163	1	1783	0.5711711645126343	84.0	1e-06
163	2	1784	0.31920623779296875	90.0	1e-06
163	3	1785	0.42183899879455566	92.0	1e-06
163	4	1786	0.4514033794403076	86.0	1e-06
163	5	1787	0.4989543557167053	88.0	1e-06
163	6	1788	0.4975900650024414	82.0	1e-06
163	7	1789	0.3124026358127594	90.0	1e-06
163	8	1790	0.8850846886634827	74.0	1e-06
163	9	1791	0.6006853580474854	88.0	1e-06
163	10	1792	0.5407068729400635	88.0	1e-06
163	11	1793	0.9252812266349792	73.6842105263158	1e-06
164	1	1794	0.34604254364967346	88.0	1e-06
164	2	1795	0.5922359228134155	80.0	1e-06
164	3	1796	0.40184372663497925	90.0	1e-06
164	4	1797	0.5309314131736755	78.0	1e-06
164	5	1798	0.47813907265663147	86.0	1e-06
164	6	1799	0.41368597745895386	88.0	1e-06
164	7	1800	0.5642846822738647	78.0	1e-06
164	8	1801	0.8037592172622681	68.0	1e-06
164	9	1802	0.35477784276008606	90.0	1e-06
164	10	1803	0.23540709912776947	96.0	1e-06
164	11	1804	0.29037153720855713	89.47368421052632	1e-06
165	1	1805	0.5711342096328735	84.0	1e-06
165	2	1806	0.5183141827583313	82.0	1e-06
165	3	1807	0.5303905606269836	86.0	1e-06
165	4	1808	0.5559518337249756	78.0	1e-06
165	5	1809	0.5736351013183594	80.0	1e-06
165	6	1810	0.5254670977592468	82.0	1e-06
165	7	1811	0.6436126828193665	84.0	1e-06
165	8	1812	0.7044650316238403	80.0	1e-06
165	9	1813	0.4102843403816223	86.0	1e-06
165	10	1814	0.3809836208820343	88.0	1e-06
165	11	1815	0.426860511302948	94.73684210526316	1e-06
166	1	1816	0.804287850856781	78.0	1e-06
166	2	1817	0.47840461134910583	86.0	1e-06
166	3	1818	0.42477139830589294	92.0	1e-06
166	4	1819	0.7553157210350037	76.0	1e-06
166	5	1820	0.2917177677154541	90.0	1e-06
166	6	1821	0.5429403185844421	86.0	1e-06
166	7	1822	0.629795491695404	80.0	1e-06
166	8	1823	0.8083102703094482	82.0	1e-06
166	9	1824	0.5830958485603333	82.0	1e-06
166	10	1825	0.4169628918170929	88.0	1e-06
166	11	1826	0.373201847076416	94.73684210526316	1e-06
167	1	1827	0.3687117099761963	88.0	1e-06
167	2	1828	0.5506691336631775	84.0	1e-06
167	3	1829	0.47457990050315857	88.0	1e-06
167	4	1830	0.37023887038230896	90.0	1e-06
167	5	1831	0.5313618183135986	84.0	1e-06
167	6	1832	0.3303862512111664	90.0	1e-06
167	7	1833	0.8006837368011475	70.0	1e-06
167	8	1834	0.5662694573402405	84.0	1e-06
167	9	1835	0.748782753944397	80.0	1e-06
167	10	1836	0.46309077739715576	86.0	1e-06
167	11	1837	1.0519782304763794	63.1578947368421	1e-06
168	1	1838	0.35114577412605286	90.0	1e-06
168	2	1839	0.38282284140586853	86.0	1e-06
168	3	1840	0.5785710215568542	82.0	1e-06
168	4	1841	0.41307684779167175	88.0	1e-06
168	5	1842	0.5317208766937256	88.0	1e-06
168	6	1843	0.4539753794670105	88.0	1e-06
168	7	1844	0.526552677154541	80.0	1e-06
168	8	1845	0.6458361148834229	82.0	1e-06
168	9	1846	0.7088755965232849	74.0	1e-06
168	10	1847	0.5350480079650879	82.0	1e-06
168	11	1848	0.6984642744064331	78.94736842105263	1e-06
169	1	1849	0.45723724365234375	84.0	1e-06
169	2	1850	0.8067321181297302	74.0	1e-06
169	3	1851	0.6096066236495972	76.0	1e-06
169	4	1852	0.5901625156402588	82.0	1e-06
169	5	1853	0.5265211462974548	86.0	1e-06
169	6	1854	0.49481669068336487	84.0	1e-06
169	7	1855	0.4615079462528229	92.0	1e-06
169	8	1856	0.3844287097454071	86.0	1e-06
169	9	1857	0.4709220826625824	88.0	1e-06
169	10	1858	0.42801979184150696	92.0	1e-06
169	11	1859	1.060371994972229	78.94736842105263	1e-06
170	1	1860	0.3002299964427948	88.0	1e-06
170	2	1861	0.762603223323822	78.0	1e-06
170	3	1862	0.46815335750579834	88.0	1e-06
170	4	1863	0.5328047275543213	84.0	1e-06
170	5	1864	0.5082998871803284	84.0	1e-06
170	6	1865	0.6214747428894043	84.0	1e-06
170	7	1866	0.5391032695770264	86.0	1e-06
170	8	1867	0.4551398456096649	84.0	1e-06
170	9	1868	0.6148108839988708	80.0	1e-06
170	10	1869	0.6370799541473389	76.0	1e-06
170	11	1870	0.4323618412017822	84.21052631578948	1e-06
171	1	1871	1.037865161895752	68.0	1e-06
171	2	1872	0.39512479305267334	90.0	1e-06
171	3	1873	0.5351547002792358	82.0	1e-06
171	4	1874	0.43988457322120667	88.0	1e-06
171	5	1875	0.32772353291511536	92.0	1e-06
171	6	1876	0.473008394241333	88.0	1e-06
171	7	1877	0.548537015914917	84.0	1e-06
171	8	1878	0.458393931388855	86.0	1e-06
171	9	1879	0.38088542222976685	94.0	1e-06
171	10	1880	0.49549075961112976	90.0	1e-06
171	11	1881	0.38236308097839355	89.47368421052632	1e-06
172	1	1882	0.5448972582817078	86.0	1e-06
172	2	1883	0.28851523995399475	88.0	1e-06
172	3	1884	0.7197941541671753	80.0	1e-06
172	4	1885	0.578204870223999	78.0	1e-06
172	5	1886	0.34254929423332214	88.0	1e-06
172	6	1887	0.47083497047424316	86.0	1e-06
172	7	1888	0.5858836770057678	86.0	1e-06
172	8	1889	0.45912453532218933	84.0	1e-06
172	9	1890	0.6422203183174133	86.0	1e-06
172	10	1891	0.551349937915802	84.0	1e-06
172	11	1892	0.7229297161102295	84.21052631578948	1e-06
173	1	1893	0.6525005102157593	84.0	1e-06
173	2	1894	0.3391350209712982	92.0	1e-06
173	3	1895	0.5064119100570679	86.0	1e-06
173	4	1896	0.8549485802650452	68.0	1e-06
173	5	1897	0.6215340495109558	80.0	1e-06
173	6	1898	0.33611994981765747	94.0	1e-06
173	7	1899	0.454874724149704	86.0	1e-06
173	8	1900	0.33685484528541565	92.0	1e-06
173	9	1901	0.3163089156150818	94.0	1e-06
173	10	1902	0.8150179386138916	82.0	1e-06
173	11	1903	0.7088799476623535	84.21052631578948	1e-06
174	1	1904	0.5316926836967468	82.0	1e-06
174	2	1905	0.6722031235694885	82.0	1e-06
174	3	1906	0.3278883397579193	90.0	1e-06
174	4	1907	0.5839937329292297	84.0	1e-06
174	5	1908	0.3130044639110565	90.0	1e-06
174	6	1909	0.4125991463661194	86.0	1e-06
174	7	1910	0.4713996946811676	84.0	1e-06
174	8	1911	0.49885091185569763	86.0	1e-06
174	9	1912	0.42383769154548645	86.0	1e-06
174	10	1913	0.49476158618927	86.0	1e-06
174	11	1914	0.4019647538661957	89.47368421052632	1e-06
175	1	1915	0.5243403911590576	86.0	1e-06
175	2	1916	0.5040102601051331	80.0	1e-06
175	3	1917	0.4732457995414734	86.0	1e-06
175	4	1918	0.4997592866420746	86.0	1e-06
175	5	1919	0.4284130036830902	88.0	1e-06
175	6	1920	0.4202231168746948	86.0	1e-06
175	7	1921	0.4810091257095337	86.0	1e-06
175	8	1922	0.5633331537246704	82.0	1e-06
175	9	1923	0.5389784574508667	88.0	1e-06
175	10	1924	0.4913381338119507	82.0	1e-06
175	11	1925	0.4267880320549011	84.21052631578948	1e-06
176	1	1926	0.748847246170044	82.0	1e-06
176	2	1927	0.43790000677108765	88.0	1e-06
176	3	1928	0.3062017560005188	92.0	1e-06
176	4	1929	0.5207149982452393	86.0	1e-06
176	5	1930	0.457556813955307	88.0	1e-06
176	6	1931	0.5517697930335999	86.0	1e-06
176	7	1932	0.4882908761501312	84.0	1e-06
176	8	1933	0.6721886992454529	76.0	1e-06
176	9	1934	0.369113564491272	90.0	1e-06
176	10	1935	0.3683755397796631	86.0	1e-06
176	11	1936	0.26274368166923523	100.0	1e-06
177	1	1937	0.6058606505393982	84.0	1e-06
177	2	1938	0.49848783016204834	82.0	1e-06
177	3	1939	0.4655623137950897	86.0	1e-06
177	4	1940	0.42464157938957214	88.0	1e-06
177	5	1941	0.5826818943023682	80.0	1e-06
177	6	1942	0.36192503571510315	90.0	1e-06
177	7	1943	0.496672660112381	88.0	1e-06
177	8	1944	0.5684409737586975	90.0	1e-06
177	9	1945	0.32475775480270386	92.0	1e-06
177	10	1946	0.6262305974960327	80.0	1e-06
177	11	1947	1.178893804550171	63.1578947368421	1e-06
178	1	1948	0.4278723895549774	84.0	1e-06
178	2	1949	0.24181325733661652	92.0	1e-06
178	3	1950	0.6170009970664978	84.0	1e-06
178	4	1951	0.3207407295703888	94.0	1e-06
178	5	1952	0.4795672595500946	88.0	1e-06
178	6	1953	0.439054936170578	84.0	1e-06
178	7	1954	0.4180712103843689	90.0	1e-06
178	8	1955	0.4288252592086792	84.0	1e-06
178	9	1956	0.45339205861091614	90.0	1e-06
178	10	1957	0.7967051863670349	74.0	1e-06
178	11	1958	1.3063443899154663	52.63157894736842	1e-06
179	1	1959	0.6247997879981995	84.0	1e-06
179	2	1960	0.5032407641410828	88.0	1e-06
179	3	1961	0.721484363079071	76.0	1e-06
179	4	1962	0.40857550501823425	88.0	1e-06
179	5	1963	0.38749486207962036	90.0	1e-06
179	6	1964	0.3047972619533539	86.0	1e-06
179	7	1965	0.3742435574531555	86.0	1e-06
179	8	1966	0.4297584593296051	94.0	1e-06
179	9	1967	0.43610161542892456	90.0	1e-06
179	10	1968	0.5949224829673767	88.0	1e-06
179	11	1969	0.3819250166416168	78.94736842105263	1e-06
180	1	1970	0.36922991275787354	88.0	1e-06
180	2	1971	0.5406590104103088	80.0	1e-06
180	3	1972	0.43284285068511963	86.0	1e-06
180	4	1973	0.4905669391155243	92.0	1e-06
180	5	1974	0.3388463854789734	94.0	1e-06
180	6	1975	0.3138425946235657	94.0	1e-06
180	7	1976	0.25727570056915283	96.0	1e-06
180	8	1977	0.31867220997810364	90.0	1e-06
180	9	1978	0.5080464482307434	84.0	1e-06
180	10	1979	0.5087931752204895	84.0	1e-06
180	11	1980	0.4143277108669281	89.47368421052632	1e-06
181	1	1981	0.4857725501060486	90.0	1e-06
181	2	1982	0.6466396450996399	80.0	1e-06
181	3	1983	0.4209718406200409	88.0	1e-06
181	4	1984	0.5937756299972534	82.0	1e-06
181	5	1985	0.49959197640419006	90.0	1e-06
181	6	1986	0.5066895484924316	84.0	1e-06
181	7	1987	0.6892443299293518	78.0	1e-06
181	8	1988	0.49089759588241577	84.0	1e-06
181	9	1989	0.3484538793563843	90.0	1e-06
181	10	1990	0.44662246108055115	86.0	1e-06
181	11	1991	0.4748227000236511	84.21052631578948	1e-06
182	1	1992	0.771773099899292	78.0	1e-06
182	2	1993	0.6732117533683777	72.0	1e-06
182	3	1994	0.5004620552062988	88.0	1e-06
182	4	1995	0.41997581720352173	90.0	1e-06
182	5	1996	0.477256178855896	78.0	1e-06
182	6	1997	0.48292291164398193	84.0	1e-06
182	7	1998	0.5481314659118652	82.0	1e-06
182	8	1999	0.40833404660224915	94.0	1e-06
182	9	2000	0.47821560502052307	86.0	1e-06
182	10	2001	0.513905942440033	80.0	1e-06
182	11	2002	1.1013485193252563	68.42105263157895	1e-06
183	1	2003	0.5736188888549805	74.0	1e-06
183	2	2004	0.4341321587562561	84.0	1e-06
183	3	2005	0.4551331698894501	92.0	1e-06
183	4	2006	0.3551712930202484	90.0	1e-06
183	5	2007	0.41022154688835144	90.0	1e-06
183	6	2008	0.6685595512390137	76.0	1e-06
183	7	2009	0.4704531133174896	84.0	1e-06
183	8	2010	0.6056695580482483	84.0	1e-06
183	9	2011	0.32629677653312683	90.0	1e-06
183	10	2012	0.47897011041641235	82.0	1e-06
183	11	2013	0.31178152561187744	94.73684210526316	1e-06
184	1	2014	0.314334511756897	90.0	1e-06
184	2	2015	0.6293849349021912	80.0	1e-06
184	3	2016	0.37519440054893494	90.0	1e-06
184	4	2017	0.3306344747543335	92.0	1e-06
184	5	2018	0.41630685329437256	86.0	1e-06
184	6	2019	0.44081050157546997	88.0	1e-06
184	7	2020	0.4287450909614563	88.0	1e-06
184	8	2021	0.5906870365142822	80.0	1e-06
184	9	2022	0.5584213137626648	86.0	1e-06
184	10	2023	0.5994341969490051	82.0	1e-06
184	11	2024	0.40681082010269165	89.47368421052632	1e-06
185	1	2025	0.4369798004627228	82.0	1e-06
185	2	2026	0.47039473056793213	86.0	1e-06
185	3	2027	0.49973341822624207	80.0	1e-06
185	4	2028	0.25564563274383545	94.0	1e-06
185	5	2029	0.8308086395263672	82.0	1e-06
185	6	2030	0.33154696226119995	88.0	1e-06
185	7	2031	0.35171905159950256	92.0	1e-06
185	8	2032	0.3825799822807312	92.0	1e-06
185	9	2033	0.41434845328330994	86.0	1e-06
185	10	2034	0.33998164534568787	88.0	1e-06
185	11	2035	0.42526426911354065	84.21052631578948	1e-06
186	1	2036	0.3018749952316284	90.0	1e-06
186	2	2037	0.2778090834617615	92.0	1e-06
186	3	2038	0.28487449884414673	92.0	1e-06
186	4	2039	0.2607201635837555	92.0	1e-06
186	5	2040	0.46184685826301575	84.0	1e-06
186	6	2041	0.503739058971405	82.0	1e-06
186	7	2042	0.3041985034942627	90.0	1e-06
186	8	2043	0.33895012736320496	88.0	1e-06
186	9	2044	0.7024444341659546	76.0	1e-06
186	10	2045	0.599906861782074	78.0	1e-06
186	11	2046	0.20467133820056915	94.73684210526316	1e-06
187	1	2047	0.5608112215995789	78.0	1e-06
187	2	2048	0.353545606136322	94.0	1e-06
187	3	2049	0.4169650971889496	88.0	1e-06
187	4	2050	0.3927876353263855	92.0	1e-06
187	5	2051	0.48963215947151184	88.0	1e-06
187	6	2052	0.5153101086616516	82.0	1e-06
187	7	2053	0.4374053180217743	84.0	1e-06
187	8	2054	0.3935023546218872	86.0	1e-06
187	9	2055	0.3332149088382721	92.0	1e-06
187	10	2056	0.3113177418708801	90.0	1e-06
187	11	2057	0.2439843714237213	89.47368421052632	1e-06
188	1	2058	0.607893705368042	80.0	1e-06
188	2	2059	0.34571707248687744	90.0	1e-06
188	3	2060	0.41049742698669434	84.0	1e-06
188	4	2061	0.4238324761390686	88.0	1e-06
188	5	2062	0.6622584462165833	82.0	1e-06
188	6	2063	0.5169206261634827	84.0	1e-06
188	7	2064	0.3299296498298645	88.0	1e-06
188	8	2065	0.24888762831687927	94.0	1e-06
188	9	2066	0.26749980449676514	98.0	1e-06
188	10	2067	0.40869927406311035	86.0	1e-06
188	11	2068	0.3157179653644562	89.47368421052632	1e-06
189	1	2069	0.2800177335739136	96.0	1e-06
189	2	2070	0.3587478995323181	90.0	1e-06
189	3	2071	0.2828197479248047	96.0	1e-06
189	4	2072	0.4792369604110718	86.0	1e-06
189	5	2073	0.37538543343544006	90.0	1e-06
189	6	2074	0.5206712484359741	80.0	1e-06
189	7	2075	0.5775505900382996	84.0	1e-06
189	8	2076	0.5216960906982422	86.0	1e-06
189	9	2077	0.493897408246994	84.0	1e-06
189	10	2078	0.5025508999824524	90.0	1e-06
189	11	2079	0.44595998525619507	89.47368421052632	1e-06
190	1	2080	0.4229356348514557	88.0	1e-06
190	2	2081	0.250343918800354	92.0	1e-06
190	3	2082	0.4932491183280945	82.0	1e-06
190	4	2083	0.6811941266059875	78.0	1e-06
190	5	2084	0.19717024266719818	92.0	1e-06
190	6	2085	0.6567957401275635	78.0	1e-06
190	7	2086	0.3932594656944275	88.0	1e-06
190	8	2087	0.2603953182697296	96.0	1e-06
190	9	2088	0.38532888889312744	82.0	1e-06
190	10	2089	0.31187039613723755	90.0	1e-06
190	11	2090	1.1656384468078613	63.1578947368421	1e-06
191	1	2091	0.3280947804450989	92.0	1e-06
191	2	2092	0.5053451061248779	74.0	1e-06
191	3	2093	0.6275977492332458	76.0	1e-06
191	4	2094	0.5957379341125488	78.0	1e-06
191	5	2095	0.42149031162261963	88.0	1e-06
191	6	2096	0.591464102268219	78.0	1e-06
191	7	2097	0.4109207093715668	88.0	1e-06
191	8	2098	0.5135019421577454	86.0	1e-06
191	9	2099	0.5240934491157532	86.0	1e-06
191	10	2100	0.30161234736442566	92.0	1e-06
191	11	2101	0.7319737672805786	78.94736842105263	1e-06
192	1	2102	0.21832042932510376	94.0	1e-06
192	2	2103	0.7381590008735657	82.0	1e-06
192	3	2104	0.43065956234931946	88.0	1e-06
192	4	2105	0.30877551436424255	96.0	1e-06
192	5	2106	0.3494105041027069	88.0	1e-06
192	6	2107	0.5652430057525635	82.0	1e-06
192	7	2108	0.29407835006713867	90.0	1e-06
192	8	2109	0.45653411746025085	88.0	1e-06
192	9	2110	0.5443103909492493	78.0	1e-06
192	10	2111	0.2418283075094223	94.0	1e-06
192	11	2112	0.4999215006828308	84.21052631578948	1e-06
193	1	2113	0.3434787690639496	92.0	1e-06
193	2	2114	0.5038520693778992	84.0	1e-06
193	3	2115	0.37913456559181213	90.0	1e-06
193	4	2116	0.37780749797821045	88.0	1e-06
193	5	2117	0.4665605127811432	86.0	1e-06
193	6	2118	0.2960544228553772	86.0	1e-06
193	7	2119	0.5628217458724976	84.0	1e-06
193	8	2120	0.3561403751373291	88.0	1e-06
193	9	2121	0.5753834843635559	80.0	1e-06
193	10	2122	0.3055705726146698	94.0	1e-06
193	11	2123	0.2354457527399063	94.73684210526316	1e-06
194	1	2124	0.4198176860809326	90.0	1e-06
194	2	2125	0.4394114017486572	86.0	1e-06
194	3	2126	0.5962883234024048	82.0	1e-06
194	4	2127	0.8575149774551392	80.0	1e-06
194	5	2128	0.1980665922164917	98.0	1e-06
194	6	2129	0.41584154963493347	88.0	1e-06
194	7	2130	0.3692845106124878	86.0	1e-06
194	8	2131	0.466614305973053	90.0	1e-06
194	9	2132	0.5118749737739563	80.0	1e-06
194	10	2133	0.38877761363983154	86.0	1e-06
194	11	2134	0.16107413172721863	100.0	1e-06
195	1	2135	0.346262127161026	90.0	1e-06
195	2	2136	0.30219587683677673	92.0	1e-06
195	3	2137	0.4123999774456024	92.0	1e-06
195	4	2138	0.7080427408218384	76.0	1e-06
195	5	2139	0.5043892860412598	86.0	1e-06
195	6	2140	0.25819090008735657	92.0	1e-06
195	7	2141	0.24090921878814697	90.0	1e-06
195	8	2142	0.36625102162361145	86.0	1e-06
195	9	2143	0.39027050137519836	92.0	1e-06
195	10	2144	0.46680325269699097	88.0	1e-06
195	11	2145	0.8511682748794556	73.6842105263158	1e-06
