epoch	batch	iter	loss	acc	lr
1	1	1	10477087744.0	0.125	0.001
1	2	2	5231758336.0	0.125	0.001
1	3	3	2614092288.0	0.0	0.001
1	4	4	1306562048.0	0.0	0.001
1	5	5	652587584.0	0.125	0.001
1	6	6	326202496.0	0.125	0.001
1	7	7	163014768.0	0.0	0.001
1	8	8	81466512.0	0.0	0.001
1	9	9	40715120.0	0.125	0.001
1	10	10	20346934.0	0.0	0.001
1	11	11	10174077.0	0.125	0.001
1	12	12	5083407.5	0.0	0.001
1	13	13	2541264.5	0.0	0.001
1	14	14	1270179.875	0.0	0.001
1	15	15	635025.25	0.0	0.001
2	1	16	10401742848.0	0.0	0.001
2	2	17	5198667776.0	0.0	0.001
2	3	18	2599059200.0	0.0	0.001
2	4	19	1298474880.0	0.0	0.001
2	5	20	648950144.0	0.0	0.001
2	6	21	324358624.0	0.125	0.001
2	7	22	162136288.0	0.125	0.001
2	8	23	81021744.0	0.0	0.001
2	9	24	40512496.0	0.0	0.001
2	10	25	20245348.0	0.0	0.001
2	11	26	10115701.0	0.125	0.001
2	12	27	5056942.0	0.125	0.001
2	13	28	2527867.75	0.0	0.001
2	14	29	1264059.875	0.0	0.001
2	15	30	631763.4375	0.3333333333333333	0.001
3	1	31	10350245888.0	0.0	0.001
3	2	32	5174151168.0	0.125	0.001
3	3	33	2585433088.0	0.0	0.001
3	4	34	1292532992.0	0.0	0.001
3	5	35	645818112.0	0.0	0.001
3	6	36	322763520.0	0.0	0.001
3	7	37	161427088.0	0.125	0.001
3	8	38	80649344.0	0.25	0.001
3	9	39	40305216.0	0.0	0.001
3	10	40	20144142.0	0.25	0.001
3	11	41	10073570.0	0.25	0.001
3	12	42	5036066.0	0.375	0.001
3	13	43	2516859.75	0.125	0.001
3	14	44	1258376.875	0.125	0.001
3	15	45	628909.4375	0.0	0.001
4	1	46	10303494144.0	0.0	0.001
4	2	47	5150247424.0	0.125	0.001
4	3	48	2573638656.0	0.125	0.001
4	4	49	1286430208.0	0.125	0.001
4	5	50	642897088.0	0.25	0.001
4	6	51	321471712.0	0.25	0.001
4	7	52	160630672.0	0.0	0.001
4	8	53	80275656.0	0.0	0.001
4	9	54	40143064.0	0.25	0.001
4	10	55	20058996.0	0.125	0.001
4	11	56	10024889.0	0.125	0.001
4	12	57	5013257.0	0.0	0.001
4	13	58	2505921.0	0.125	0.001
4	14	59	1252544.375	0.25	0.001
4	15	60	626326.75	0.0	0.001
5	1	61	10257305600.0	0.375	0.001
5	2	62	5127824384.0	0.125	0.001
5	3	63	2562449920.0	0.0	0.001
5	4	64	1281088128.0	0.0	0.001
5	5	65	640174656.0	0.0	0.001
5	6	66	319909376.0	0.125	0.001
5	7	67	159908912.0	0.125	0.001
5	8	68	79938432.0	0.25	0.001
5	9	69	39954280.0	0.25	0.001
5	10	70	19974838.0	0.125	0.001
5	11	71	9979965.0	0.125	0.001
5	12	72	4990464.0	0.0	0.001
5	13	73	2495116.25	0.0	0.001
5	14	74	1247616.0	0.0	0.001
5	15	75	623516.75	0.0	0.001
6	1	76	10214467584.0	0.125	0.001
6	2	77	5105054208.0	0.125	0.001
6	3	78	2551532032.0	0.125	0.001
6	4	79	1275849600.0	0.0	0.001
6	5	80	637404544.0	0.0	0.001
6	6	81	318527296.0	0.0	0.001
6	7	82	159251776.0	0.125	0.001
6	8	83	79622728.0	0.25	0.001
6	9	84	39787048.0	0.25	0.001
6	10	85	19881314.0	0.25	0.001
6	11	86	9940347.0	0.25	0.001
6	12	87	4968712.0	0.375	0.001
6	13	88	2484148.5	0.0	0.001
6	14	89	1241796.625	0.125	0.001
6	15	90	620937.5	0.0	0.001
7	1	91	10169243648.0	0.25	0.001
7	2	92	5083555840.0	0.25	0.001
7	3	93	2540503552.0	0.125	0.001
7	4	94	1269713792.0	0.125	0.001
7	5	95	634624384.0	0.0	0.001
7	6	96	317232064.0	0.0	0.001
7	7	97	158538272.0	0.25	0.001
7	8	98	79276304.0	0.375	0.001
7	9	99	39624308.0	0.125	0.001
7	10	100	19804570.0	0.125	0.001
7	11	101	9895956.0	0.125	0.001
7	12	102	4947177.5	0.0	0.001
7	13	103	2472433.25	0.0	0.001
7	14	104	1236974.0	0.375	0.001
7	15	105	618115.8125	0.0	0.001
8	1	106	10131503104.0	0.375	0.001
8	2	107	5061932544.0	0.25	0.001
8	3	108	2530711808.0	0.0	0.001
8	4	109	1264426240.0	0.375	0.001
8	5	110	632118528.0	0.0	0.001
8	6	111	315832192.0	0.5	0.001
8	7	112	157840928.0	0.0	0.001
8	8	113	78930120.0	0.25	0.001
8	9	114	39447336.0	0.125	0.001
8	10	115	19714852.0	0.125	0.001
8	11	116	9858856.0	0.125	0.001
8	12	117	4927202.0	0.125	0.001
8	13	118	2462853.75	0.125	0.001
8	14	119	1231324.125	0.125	0.001
8	15	120	615556.5	0.0	0.001
9	1	121	10088650752.0	0.25	0.001
9	2	122	5040689152.0	0.5	0.001
9	3	123	2519051264.0	0.0	0.001
9	4	124	1259251072.0	0.25	0.001
9	5	125	629199488.0	0.125	0.001
9	6	126	314500512.0	0.375	0.001
9	7	127	157209296.0	0.125	0.001
9	8	128	78582168.0	0.25	0.001
9	9	129	39279348.0	0.25	0.001
9	10	130	19638984.0	0.5	0.001
9	11	131	9813170.0	0.25	0.001
9	12	132	4905437.0	0.0	0.001
9	13	133	2453243.5	0.0	0.001
9	14	134	1226361.875	0.25	0.001
9	15	135	612995.25	0.0	0.001
10	1	136	10047939584.0	0.125	0.001
10	2	137	5020518912.0	0.125	0.001
10	3	138	2509199872.0	0.0	0.001
10	4	139	1254206336.0	0.0	0.001
10	5	140	626840576.0	0.125	0.001
10	6	141	313284288.0	0.0	0.001
10	7	142	156600128.0	0.125	0.001
10	8	143	78266360.0	0.0	0.001
10	9	144	39130092.0	0.25	0.001
10	10	145	19556980.0	0.0	0.001
10	11	146	9775684.0	0.0	0.001
10	12	147	4885334.5	0.25	0.001
10	13	148	2443257.0	0.0	0.001
10	14	149	1221382.0	0.0	0.001
10	15	150	610610.375	0.0	0.001
11	1	151	9998182400.0	0.125	0.001
11	2	152	4998353408.0	0.125	0.001
11	3	153	2499136000.0	0.125	0.001
11	4	154	1248832768.0	0.0	0.001
11	5	155	624253312.0	0.125	0.001
11	6	156	311985920.0	0.25	0.001
11	7	157	155884816.0	0.25	0.001
11	8	158	77929160.0	0.125	0.001
11	9	159	38971284.0	0.375	0.001
11	10	160	19473292.0	0.0	0.001
11	11	161	9735910.0	0.25	0.001
11	12	162	4866975.0	0.125	0.001
11	13	163	2433599.75	0.25	0.001
11	14	164	1216115.25	0.0	0.001
11	15	165	608199.25	0.3333333333333333	0.001
12	1	166	9960933376.0	0.25	0.001
12	2	167	4980845056.0	0.0	0.001
12	3	168	2488459008.0	0.0	0.001
12	4	169	1243174144.0	0.0	0.001
12	5	170	621765632.0	0.125	0.001
12	6	171	310620352.0	0.125	0.001
12	7	172	155324000.0	0.25	0.001
12	8	173	77651832.0	0.0	0.001
12	9	174	38802668.0	0.375	0.001
12	10	175	19402320.0	0.25	0.001
12	11	176	9696370.0	0.0	0.001
12	12	177	4846155.5	0.0	0.001
12	13	178	2423171.5	0.125	0.001
12	14	179	1211184.875	0.0	0.001
12	15	180	605635.9375	0.0	0.001
13	1	181	9917046784.0	0.125	0.001
13	2	182	4958052352.0	0.0	0.001
13	3	183	2478344192.0	0.0	0.001
13	4	184	1238770944.0	0.0	0.001
13	5	185	619049472.0	0.0	0.001
13	6	186	309269824.0	0.0	0.001
13	7	187	154674320.0	0.125	0.001
13	8	188	77317680.0	0.125	0.001
13	9	189	38644944.0	0.375	0.001
13	10	190	19323930.0	0.125	0.001
13	11	191	9654994.0	0.375	0.001
13	12	192	4825992.0	0.0	0.001
13	13	193	2413473.0	0.25	0.001
13	14	194	1206077.875	0.0	0.001
13	15	195	603061.875	0.0	0.001
14	1	196	9879854080.0	0.125	0.001
14	2	197	4937765888.0	0.125	0.001
14	3	198	2467989504.0	0.125	0.001
14	4	199	1233800960.0	0.125	0.001
14	5	200	616568320.0	0.125	0.001
14	6	201	308218880.0	0.0	0.001
14	7	202	154037968.0	0.0	0.001
14	8	203	76993048.0	0.0	0.001
14	9	204	38476604.0	0.125	0.001
14	10	205	19241334.0	0.5	0.001
14	11	206	9618189.0	0.125	0.001
14	12	207	4808286.5	0.125	0.001
14	13	208	2403205.5	0.25	0.001
14	14	209	1201317.25	0.25	0.001
14	15	210	600741.1875	0.0	0.001
15	1	211	9841346560.0	0.375	0.001
15	2	212	4917385728.0	0.125	0.001
15	3	213	2458904064.0	0.125	0.001
15	4	214	1228129280.0	0.0	0.001
15	5	215	614087168.0	0.25	0.001
15	6	216	306981376.0	0.125	0.001
15	7	217	153428496.0	0.125	0.001
15	8	218	76673568.0	0.125	0.001
15	9	219	38338844.0	0.125	0.001
15	10	220	19162460.0	0.25	0.001
15	11	221	9576401.0	0.0	0.001
15	12	222	4788732.5	0.0	0.001
15	13	223	2393539.0	0.25	0.001
15	14	224	1196679.25	0.25	0.001
15	15	225	598257.875	0.3333333333333333	0.001
16	1	226	9798113280.0	0.375	0.001
16	2	227	4899304448.0	0.25	0.001
16	3	228	2448014848.0	0.125	0.001
16	4	229	1223605504.0	0.0	0.001
16	5	230	611584832.0	0.0	0.001
16	6	231	305702208.0	0.25	0.001
16	7	232	152738448.0	0.25	0.001
16	8	233	76369352.0	0.25	0.001
16	9	234	38176960.0	0.125	0.001
16	10	235	19084222.0	0.25	0.001
16	11	236	9543935.0	0.25	0.001
16	12	237	4770046.0	0.0	0.001
16	13	238	2384119.5	0.125	0.001
16	14	239	1191831.5	0.0	0.001
16	15	240	595942.3125	0.3333333333333333	0.001
17	1	241	9762184192.0	0.25	0.001
17	2	242	4880061440.0	0.25	0.001
17	3	243	2438927104.0	0.0	0.001
17	4	244	1218473984.0	0.125	0.001
17	5	245	609150528.0	0.125	0.001
17	6	246	304547232.0	0.125	0.001
17	7	247	152205504.0	0.0	0.001
17	8	248	76064568.0	0.0	0.001
17	9	249	38022304.0	0.125	0.001
17	10	250	19015096.0	0.25	0.001
17	11	251	9503494.0	0.25	0.001
17	12	252	4749797.0	0.0	0.001
17	13	253	2374587.25	0.0	0.001
17	14	254	1186961.25	0.25	0.001
17	15	255	593565.9375	0.3333333333333333	0.001
18	1	256	9720264704.0	0.375	0.001
18	2	257	4859863040.0	0.0	0.001
18	3	258	2428057344.0	0.0	0.001
18	4	259	1213907968.0	0.25	0.001
18	5	260	606903744.0	0.25	0.001
18	6	261	303172672.0	0.5	0.001
18	7	262	151623472.0	0.125	0.001
18	8	263	75785320.0	0.25	0.001
18	9	264	37891432.0	0.5	0.001
18	10	265	18932794.0	0.125	0.001
18	11	266	9462243.0	0.125	0.001
18	12	267	4731655.5	0.375	0.001
18	13	268	2365125.25	0.25	0.001
18	14	269	1182301.375	0.125	0.001
18	15	270	591279.3125	0.3333333333333333	0.001
19	1	271	9680757760.0	0.0	0.001
19	2	272	4840180736.0	0.125	0.001
19	3	273	2418608640.0	0.0	0.001
19	4	274	1209245952.0	0.25	0.001
19	5	275	604407872.0	0.25	0.001
19	6	276	302080192.0	0.0	0.001
19	7	277	150972416.0	0.375	0.001
19	8	278	75460680.0	0.125	0.001
19	9	279	37721720.0	0.0	0.001
19	10	280	18863480.0	0.0	0.001
19	11	281	9428355.0	0.0	0.001
19	12	282	4712842.5	0.125	0.001
19	13	283	2355878.25	0.125	0.001
19	14	284	1177919.25	0.125	0.001
19	15	285	588889.8125	0.0	0.001
20	1	286	9645361152.0	0.125	0.001
20	2	287	4821021696.0	0.0	0.001
20	3	288	2409476608.0	0.25	0.001
20	4	289	1204385280.0	0.25	0.001
20	5	290	601800320.0	0.25	0.001
20	6	291	300864704.0	0.125	0.001
20	7	292	150333184.0	0.375	0.001
20	8	293	75188320.0	0.25	0.001
20	9	294	37571368.0	0.0	0.001
20	10	295	18780946.0	0.125	0.001
20	11	296	9390411.0	0.0	0.001
20	12	297	4695597.0	0.0	0.001
20	13	298	2346072.5	0.125	0.001
20	14	299	1173172.75	0.0	0.001
20	15	300	586665.5625	0.6666666666666666	0.001
21	1	301	9605263360.0	0.125	0.001
21	2	302	4803104256.0	0.125	0.001
21	3	303	2399620864.0	0.0	0.001
21	4	304	1199620992.0	0.125	0.001
21	5	305	599522176.0	0.125	0.001
21	6	306	299549440.0	0.0	0.001
21	7	307	149795168.0	0.125	0.001
21	8	308	74882616.0	0.125	0.001
21	9	309	37433592.0	0.125	0.001
21	10	310	18710980.0	0.25	0.001
21	11	311	9353038.0	0.25	0.001
21	12	312	4676000.0	0.0	0.001
21	13	313	2337249.25	0.0	0.001
21	14	314	1168691.375	0.125	0.001
21	15	315	584229.75	0.0	0.001
22	1	316	9567844352.0	0.25	0.001
22	2	317	4783654912.0	0.0	0.001
22	3	318	2390362112.0	0.125	0.001
22	4	319	1195161088.0	0.125	0.001
22	5	320	597236672.0	0.25	0.001
22	6	321	298568352.0	0.25	0.001
22	7	322	149133616.0	0.0	0.001
22	8	323	74584368.0	0.125	0.001
22	9	324	37284820.0	0.0	0.001
22	10	325	18638080.0	0.25	0.001
22	11	326	9319473.0	0.25	0.001
22	12	327	4656691.0	0.125	0.001
22	13	328	2328746.5	0.25	0.001
22	14	329	1163815.25	0.25	0.001
22	15	330	581789.5	0.0	0.001
23	1	331	9533200384.0	0.0	0.001
23	2	332	4764690944.0	0.125	0.001
23	3	333	2381612544.0	0.0	0.001
23	4	334	1190051840.0	0.125	0.001
23	5	335	594800896.0	0.125	0.001
23	6	336	297422272.0	0.0	0.001
23	7	337	148614096.0	0.125	0.001
23	8	338	74283016.0	0.0	0.001
23	9	339	37133592.0	0.0	0.001
23	10	340	18558494.0	0.25	0.001
23	11	341	9278954.0	0.25	0.001
23	12	342	4639128.5	0.125	0.001
23	13	343	2319437.0	0.25	0.001
23	14	344	1159607.625	0.125	0.001
23	15	345	579488.25	0.3333333333333333	0.001
24	1	346	9498264576.0	0.375	0.001
24	2	347	4745552896.0	0.125	0.001
24	3	348	2372315136.0	0.25	0.001
24	4	349	1185552640.0	0.125	0.001
24	5	350	592474496.0	0.125	0.001
24	6	351	296276160.0	0.25	0.001
24	7	352	148069472.0	0.0	0.001
24	8	353	74004352.0	0.125	0.001
24	9	354	36979216.0	0.0	0.001
24	10	355	18493288.0	0.125	0.001
24	11	356	9244849.0	0.125	0.001
24	12	357	4621619.0	0.25	0.001
24	13	358	2309981.75	0.125	0.001
24	14	359	1154771.75	0.0	0.001
24	15	360	577509.625	0.0	0.001
25	1	361	9458608128.0	0.125	0.001
25	2	362	4728027648.0	0.5	0.001
25	3	363	2363156224.0	0.375	0.001
25	4	364	1180799232.0	0.125	0.001
25	5	365	590066944.0	0.0	0.001
25	6	366	295003904.0	0.375	0.001
25	7	367	147455408.0	0.0	0.001
25	8	368	73721144.0	0.125	0.001
25	9	369	36848904.0	0.0	0.001
25	10	370	18421200.0	0.5	0.001
25	11	371	9208397.0	0.125	0.001
25	12	372	4603006.0	0.0	0.001
25	13	373	2301134.0	0.125	0.001
25	14	374	1150028.375	0.125	0.001
25	15	375	575225.875	0.0	0.001
26	1	376	9424656384.0	0.0	0.001
26	2	377	4709059072.0	0.0	0.001
26	3	378	2354267136.0	0.375	0.001
26	4	379	1176279296.0	0.125	0.001
26	5	380	588003840.0	0.0	0.001
26	6	381	293930112.0	0.0	0.001
26	7	382	146942144.0	0.125	0.001
26	8	383	73458736.0	0.125	0.001
26	9	384	36707504.0	0.0	0.001
26	10	385	18346338.0	0.0	0.001
26	11	386	9174475.0	0.125	0.001
26	12	387	4585889.5	0.0	0.001
26	13	388	2292449.75	0.125	0.001
26	14	389	1146173.75	0.25	0.001
26	15	390	572952.1875	0.0	0.001
27	1	391	9388113920.0	0.125	0.001
27	2	392	4690207744.0	0.0	0.001
27	3	393	2345552128.0	0.25	0.001
27	4	394	1171729408.0	0.25	0.001
27	5	395	585649792.0	0.25	0.001
27	6	396	292773472.0	0.125	0.001
27	7	397	146329312.0	0.125	0.001
27	8	398	73136296.0	0.375	0.001
27	9	399	36555660.0	0.375	0.001
27	10	400	18279144.0	0.0	0.001
27	11	401	9137604.0	0.25	0.001
27	12	402	4568696.5	0.375	0.001
27	13	403	2283256.75	0.125	0.001
27	14	404	1141264.625	0.125	0.001
27	15	405	570598.5625	0.3333333333333333	0.001
28	1	406	9348739072.0	0.125	0.001
28	2	407	4671679488.0	0.0	0.001
28	3	408	2335328000.0	0.0	0.001
28	4	409	1167004800.0	0.125	0.001
28	5	410	583403008.0	0.0	0.001
28	6	411	291583872.0	0.375	0.001
28	7	412	145791008.0	0.125	0.001
28	8	413	72901384.0	0.125	0.001
28	9	414	36414072.0	0.125	0.001
28	10	415	18207518.0	0.375	0.001
28	11	416	9101654.0	0.125	0.001
28	12	417	4548551.5	0.25	0.001
28	13	418	2275182.75	0.125	0.001
28	14	419	1137054.5	0.125	0.001
28	15	420	568581.9375	0.0	0.001
29	1	421	9311761408.0	0.125	0.001
29	2	422	4655485440.0	0.125	0.001
29	3	423	2326567168.0	0.25	0.001
29	4	424	1162673920.0	0.25	0.001
29	5	425	581280576.0	0.25	0.001
29	6	426	290501376.0	0.125	0.001
29	7	427	145192160.0	0.5	0.001
29	8	428	72599808.0	0.25	0.001
29	9	429	36284528.0	0.0	0.001
29	10	430	18139862.0	0.0	0.001
29	11	431	9064699.0	0.0	0.001
29	12	432	4534277.5	0.0	0.001
29	13	433	2266285.75	0.125	0.001
29	14	434	1132693.75	0.25	0.001
29	15	435	566313.8125	0.3333333333333333	0.001
30	1	436	9275899904.0	0.0	0.001
30	2	437	4636280832.0	0.0	0.001
30	3	438	2317623040.0	0.0	0.001
30	4	439	1158178432.0	0.125	0.001
30	5	440	579150144.0	0.125	0.001
30	6	441	289465408.0	0.0	0.001
30	7	442	144636736.0	0.0	0.001
30	8	443	72304992.0	0.125	0.001
30	9	444	36147404.0	0.0	0.001
30	10	445	18070378.0	0.25	0.001
30	11	446	9033075.0	0.0	0.001
30	12	447	4515521.5	0.0	0.001
30	13	448	2257448.25	0.125	0.001
30	14	449	1128465.625	0.125	0.001
30	15	450	564024.125	0.3333333333333333	0.001
31	1	451	9242863616.0	0.0	0.001
31	2	452	4618934272.0	0.0	0.001
31	3	453	2309549312.0	0.125	0.001
31	4	454	1154046720.0	0.125	0.001
31	5	455	576766592.0	0.25	0.001
31	6	456	288342304.0	0.125	0.001
31	7	457	144111488.0	0.125	0.001
31	8	458	72017576.0	0.0	0.001
31	9	459	36000052.0	0.125	0.001
31	10	460	17997188.0	0.125	0.001
31	11	461	8997241.0	0.0	0.001
31	12	462	4497411.5	0.0	0.001
31	13	463	2248043.25	0.0	0.001
31	14	464	1124096.875	0.125	0.001
31	15	465	561930.0	0.0	0.001
32	1	466	9207848960.0	0.0	0.0001
32	2	467	4601709568.0	0.125	0.0001
32	3	468	2301839104.0	0.375	0.0001
32	4	469	1150658304.0	0.125	0.0001
32	5	470	575199232.0	0.125	0.0001
32	6	471	287660160.0	0.0	0.0001
32	7	472	143824912.0	0.125	0.0001
32	8	473	71893296.0	0.125	0.0001
32	9	474	35949316.0	0.125	0.0001
32	10	475	17978200.0	0.125	0.0001
32	11	476	8987833.0	0.125	0.0001
32	12	477	4493548.5	0.125	0.0001
32	13	478	2246944.0	0.125	0.0001
32	14	479	1123929.625	0.125	0.0001
32	15	480	561535.125	0.3333333333333333	0.0001
33	1	481	9202867200.0	0.125	0.0001
33	2	482	4601619968.0	0.125	0.0001
33	3	483	2300526336.0	0.0	0.0001
33	4	484	1150257920.0	0.125	0.0001
33	5	485	575058240.0	0.125	0.0001
33	6	486	287575232.0	0.0	0.0001
33	7	487	143793744.0	0.375	0.0001
33	8	488	71875336.0	0.25	0.0001
33	9	489	35950768.0	0.125	0.0001
33	10	490	17975100.0	0.25	0.0001
33	11	491	8985246.0	0.125	0.0001
33	12	492	4491320.0	0.0	0.0001
33	13	493	2245614.75	0.125	0.0001
33	14	494	1123005.375	0.0	0.0001
33	15	495	561728.3125	0.0	0.0001
34	1	496	9200436224.0	0.25	0.0001
34	2	497	4599814144.0	0.125	0.0001
34	3	498	2299411712.0	0.125	0.0001
34	4	499	1149710592.0	0.125	0.0001
34	5	500	574909824.0	0.375	0.0001
34	6	501	287411648.0	0.125	0.0001
34	7	502	143699664.0	0.125	0.0001
34	8	503	71869816.0	0.0	0.0001
34	9	504	35922708.0	0.25	0.0001
34	10	505	17961366.0	0.0	0.0001
34	11	506	8981696.0	0.125	0.0001
34	12	507	4491077.5	0.25	0.0001
34	13	508	2245298.75	0.0	0.0001
34	14	509	1122768.375	0.125	0.0001
34	15	510	561254.75	0.3333333333333333	0.0001
35	1	511	9197336576.0	0.125	0.0001
35	2	512	4597742080.0	0.125	0.0001
35	3	513	2299089408.0	0.125	0.0001
35	4	514	1149240576.0	0.25	0.0001
35	5	515	574822208.0	0.125	0.0001
35	6	516	287296160.0	0.125	0.0001
35	7	517	143679840.0	0.25	0.0001
35	8	518	71834440.0	0.25	0.0001
35	9	519	35911948.0	0.375	0.0001
35	10	520	17953602.0	0.125	0.0001
35	11	521	8980998.0	0.125	0.0001
35	12	522	4487148.0	0.125	0.0001
35	13	523	2244446.0	0.25	0.0001
35	14	524	1122380.375	0.25	0.0001
35	15	525	561095.4375	0.0	0.0001
36	1	526	9192588288.0	0.25	0.0001
36	2	527	4597329408.0	0.0	0.0001
36	3	528	2297862656.0	0.125	0.0001
36	4	529	1148881152.0	0.125	0.0001
36	5	530	574495360.0	0.0	0.0001
36	6	531	287188800.0	0.25	0.0001
36	7	532	143626752.0	0.25	0.0001
36	8	533	71807248.0	0.125	0.0001
36	9	534	35888880.0	0.25	0.0001
36	10	535	17947538.0	0.25	0.0001
36	11	536	8973826.0	0.125	0.0001
36	12	537	4485540.5	0.125	0.0001
36	13	538	2244300.25	0.125	0.0001
36	14	539	1121923.875	0.0	0.0001
36	15	540	560849.3125	0.3333333333333333	0.0001
37	1	541	9188228096.0	0.125	0.0001
37	2	542	4595137536.0	0.0	0.0001
37	3	543	2297247488.0	0.375	0.0001
37	4	544	1148438528.0	0.125	0.0001
37	5	545	574237376.0	0.0	0.0001
37	6	546	287178304.0	0.125	0.0001
37	7	547	143517600.0	0.25	0.0001
37	8	548	71765104.0	0.25	0.0001
37	9	549	35879144.0	0.125	0.0001
37	10	550	17942614.0	0.0	0.0001
37	11	551	8972561.0	0.125	0.0001
37	12	552	4485946.0	0.25	0.0001
37	13	553	2242558.5	0.25	0.0001
37	14	554	1121410.375	0.25	0.0001
37	15	555	560717.5625	0.0	0.0001
38	1	556	9189568512.0	0.25	0.0001
38	2	557	4591881728.0	0.5	0.0001
38	3	558	2295883264.0	0.125	0.0001
38	4	559	1148176128.0	0.125	0.0001
38	5	560	573949056.0	0.25	0.0001
38	6	561	286998400.0	0.25	0.0001
38	7	562	143486480.0	0.125	0.0001
38	8	563	71763288.0	0.125	0.0001
38	9	564	35878244.0	0.125	0.0001
38	10	565	17936298.0	0.125	0.0001
38	11	566	8967024.0	0.125	0.0001
38	12	567	4484484.5	0.125	0.0001
38	13	568	2241399.75	0.125	0.0001
38	14	569	1121066.75	0.0	0.0001
38	15	570	560303.125	0.3333333333333333	0.0001
39	1	571	9179828224.0	0.125	0.0001
39	2	572	4591151616.0	0.125	0.0001
39	3	573	2295906304.0	0.0	0.0001
39	4	574	1147682944.0	0.125	0.0001
39	5	575	573849920.0	0.125	0.0001
39	6	576	286862272.0	0.125	0.0001
39	7	577	143442048.0	0.125	0.0001
39	8	578	71734344.0	0.0	0.0001
39	9	579	35868652.0	0.0	0.0001
39	10	580	17927518.0	0.125	0.0001
39	11	581	8962002.0	0.25	0.0001
39	12	582	4482470.0	0.25	0.0001
39	13	583	2241122.0	0.25	0.0001
39	14	584	1120378.125	0.125	0.0001
39	15	585	560324.3125	0.3333333333333333	0.0001
40	1	586	9175474176.0	0.0	0.0001
40	2	587	4588263936.0	0.0	0.0001
40	3	588	2294962688.0	0.0	0.0001
40	4	589	1147010048.0	0.0	0.0001
40	5	590	573541440.0	0.25	0.0001
40	6	591	286806592.0	0.0	0.0001
40	7	592	143356832.0	0.125	0.0001
40	8	593	71707880.0	0.0	0.0001
40	9	594	35834956.0	0.125	0.0001
40	10	595	17922140.0	0.125	0.0001
40	11	596	8961757.0	0.125	0.0001
40	12	597	4479517.0	0.125	0.0001
40	13	598	2240184.0	0.25	0.0001
40	14	599	1119595.25	0.0	0.0001
40	15	600	560025.0	0.0	0.0001
41	1	601	9173336064.0	0.25	0.0001
41	2	602	4586445824.0	0.125	0.0001
41	3	603	2293250816.0	0.125	0.0001
41	4	604	1146792064.0	0.25	0.0001
41	5	605	573242560.0	0.5	0.0001
41	6	606	286640224.0	0.25	0.0001
41	7	607	143355424.0	0.25	0.0001
41	8	608	71654608.0	0.125	0.0001
41	9	609	35826500.0	0.25	0.0001
41	10	610	17918930.0	0.25	0.0001
41	11	611	8956932.0	0.125	0.0001
41	12	612	4477696.5	0.0	0.0001
41	13	613	2238716.75	0.125	0.0001
41	14	614	1119764.875	0.125	0.0001
41	15	615	559582.0625	0.3333333333333333	0.0001
42	1	616	9171290112.0	0.125	0.0001
42	2	617	4585227776.0	0.125	0.0001
42	3	618	2292763904.0	0.125	0.0001
42	4	619	1146638592.0	0.25	0.0001
42	5	620	573314880.0	0.125	0.0001
42	6	621	286610976.0	0.125	0.0001
42	7	622	143254432.0	0.125	0.0001
42	8	623	71637048.0	0.0	0.0001
42	9	624	35809804.0	0.0	0.0001
42	10	625	17906256.0	0.125	0.0001
42	11	626	8953207.0	0.0	0.0001
42	12	627	4477964.5	0.125	0.0001
42	13	628	2238260.5	0.375	0.0001
42	14	629	1119238.25	0.25	0.0001
42	15	630	559621.1875	0.3333333333333333	0.0001
43	1	631	9169467392.0	0.125	1e-05
43	2	632	4582647808.0	0.125	1e-05
43	3	633	2291862528.0	0.25	1e-05
43	4	634	1145849088.0	0.0	1e-05
43	5	635	573060736.0	0.25	1e-05
43	6	636	286505728.0	0.25	1e-05
43	7	637	143269184.0	0.125	1e-05
43	8	638	71620408.0	0.0	1e-05
43	9	639	35795784.0	0.125	1e-05
43	10	640	17910048.0	0.0	1e-05
43	11	641	8953243.0	0.25	1e-05
43	12	642	4476300.0	0.125	1e-05
43	13	643	2237724.0	0.125	1e-05
43	14	644	1119123.5	0.0	1e-05
43	15	645	559491.0	0.0	1e-05
44	1	646	9167157248.0	0.125	1e-05
44	2	647	4584920576.0	0.0	1e-05
44	3	648	2292294912.0	0.0	1e-05
44	4	649	1145979904.0	0.0	1e-05
44	5	650	572997696.0	0.375	1e-05
44	6	651	286396928.0	0.0	1e-05
44	7	652	143223680.0	0.125	1e-05
44	8	653	71622600.0	0.375	1e-05
44	9	654	35803880.0	0.25	1e-05
44	10	655	17903504.0	0.375	1e-05
44	11	656	8953151.0	0.125	1e-05
44	12	657	4474382.0	0.125	1e-05
44	13	658	2238641.0	0.125	1e-05
44	14	659	1119000.875	0.25	1e-05
44	15	660	559380.125	0.0	1e-05
45	1	661	9165522944.0	0.125	1e-05
45	2	662	4585153536.0	0.125	1e-05
45	3	663	2291846912.0	0.0	1e-05
45	4	664	1146202624.0	0.0	1e-05
45	5	665	572900480.0	0.125	1e-05
45	6	666	286446624.0	0.0	1e-05
45	7	667	143224928.0	0.0	1e-05
45	8	668	71611472.0	0.0	1e-05
45	9	669	35808484.0	0.125	1e-05
45	10	670	17903132.0	0.125	1e-05
45	11	671	8952519.0	0.25	1e-05
45	12	672	4476424.0	0.0	1e-05
45	13	673	2238235.0	0.125	1e-05
45	14	674	1118975.0	0.25	1e-05
45	15	675	559363.0	0.0	1e-05
46	1	676	9168277504.0	0.125	1e-05
46	2	677	4583662080.0	0.25	1e-05
46	3	678	2291866624.0	0.25	1e-05
46	4	679	1145551360.0	0.125	1e-05
46	5	680	572979200.0	0.0	1e-05
46	6	681	286536704.0	0.0	1e-05
46	7	682	143186272.0	0.0	1e-05
46	8	683	71616176.0	0.125	1e-05
46	9	684	35807716.0	0.0	1e-05
46	10	685	17904388.0	0.125	1e-05
46	11	686	8951506.0	0.0	1e-05
46	12	687	4476889.5	0.375	1e-05
46	13	688	2237195.5	0.125	1e-05
46	14	689	1118877.5	0.125	1e-05
46	15	690	559485.0625	0.0	1e-05
47	1	691	9164898304.0	0.125	1e-05
47	2	692	4583017984.0	0.25	1e-05
47	3	693	2291522048.0	0.25	1e-05
47	4	694	1145770752.0	0.25	1e-05
47	5	695	572952576.0	0.125	1e-05
47	6	696	286384768.0	0.125	1e-05
47	7	697	143261520.0	0.125	1e-05
47	8	698	71590944.0	0.25	1e-05
47	9	699	35799264.0	0.25	1e-05
47	10	700	17902048.0	0.375	1e-05
47	11	701	8952072.0	0.0	1e-05
47	12	702	4474490.5	0.125	1e-05
47	13	703	2237620.0	0.125	1e-05
47	14	704	1119047.25	0.25	1e-05
47	15	705	559502.6875	0.0	1e-05
48	1	706	9165496320.0	0.125	1e-05
48	2	707	4583139840.0	0.125	1e-05
48	3	708	2291661568.0	0.0	1e-05
48	4	709	1145468032.0	0.125	1e-05
48	5	710	572858496.0	0.125	1e-05
48	6	711	286454464.0	0.125	1e-05
48	7	712	143216592.0	0.125	1e-05
48	8	713	71610400.0	0.0	1e-05
48	9	714	35801708.0	0.125	1e-05
48	10	715	17899660.0	0.125	1e-05
48	11	716	8950702.0	0.125	1e-05
48	12	717	4476888.5	0.375	1e-05
48	13	718	2237615.75	0.125	1e-05
48	14	719	1119143.375	0.125	1e-05
48	15	720	559558.1875	0.6666666666666666	1e-05
49	1	721	9162235904.0	0.0	1e-05
49	2	722	4583619072.0	0.125	1e-05
49	3	723	2291228672.0	0.125	1e-05
49	4	724	1145600128.0	0.125	1e-05
49	5	725	572952192.0	0.375	1e-05
49	6	726	286412864.0	0.0	1e-05
49	7	727	143233856.0	0.0	1e-05
49	8	728	71625296.0	0.375	1e-05
49	9	729	35803136.0	0.125	1e-05
49	10	730	17894746.0	0.125	1e-05
49	11	731	8953112.0	0.125	1e-05
49	12	732	4476357.0	0.0	1e-05
49	13	733	2237247.75	0.375	1e-05
49	14	734	1118906.125	0.125	1e-05
49	15	735	559386.875	0.0	1e-05
50	1	736	9168492544.0	0.375	1e-05
50	2	737	4582579200.0	0.25	1e-05
50	3	738	2290957824.0	0.375	1e-05
50	4	739	1145610368.0	0.25	1e-05
50	5	740	572793216.0	0.125	1e-05
50	6	741	286471744.0	0.375	1e-05
50	7	742	143188000.0	0.125	1e-05
50	8	743	71604720.0	0.0	1e-05
50	9	744	35788764.0	0.25	1e-05
50	10	745	17896484.0	0.125	1e-05
50	11	746	8949995.0	0.125	1e-05
50	12	747	4474409.0	0.25	1e-05
50	13	748	2238012.5	0.375	1e-05
50	14	749	1118600.0	0.125	1e-05
50	15	750	559246.0625	0.0	1e-05
51	1	751	9165322240.0	0.0	1e-05
51	2	752	4583496704.0	0.0	1e-05
51	3	753	2290814976.0	0.125	1e-05
51	4	754	1145575296.0	0.375	1e-05
51	5	755	572842048.0	0.125	1e-05
51	6	756	286416672.0	0.25	1e-05
51	7	757	143222016.0	0.125	1e-05
51	8	758	71605432.0	0.25	1e-05
51	9	759	35793116.0	0.375	1e-05
51	10	760	17903156.0	0.375	1e-05
51	11	761	8952216.0	0.125	1e-05
51	12	762	4474583.5	0.25	1e-05
51	13	763	2237070.75	0.125	1e-05
51	14	764	1118845.25	0.25	1e-05
51	15	765	559360.125	0.3333333333333333	1e-05
52	1	766	9164623872.0	0.125	1e-05
52	2	767	4583452672.0	0.125	1e-05
52	3	768	2291247872.0	0.25	1e-05
52	4	769	1145669248.0	0.125	1e-05
52	5	770	572815552.0	0.0	1e-05
52	6	771	286417536.0	0.0	1e-05
52	7	772	143208128.0	0.125	1e-05
52	8	773	71615744.0	0.125	1e-05
52	9	774	35807080.0	0.25	1e-05
52	10	775	17895514.0	0.125	1e-05
52	11	776	8948375.0	0.375	1e-05
52	12	777	4475289.5	0.0	1e-05
52	13	778	2238131.25	0.25	1e-05
52	14	779	1118500.125	0.25	1e-05
52	15	780	559332.3125	0.0	1e-05
53	1	781	9166409728.0	0.0	1e-05
53	2	782	4582631424.0	0.25	1e-05
53	3	783	2291263744.0	0.375	1e-05
53	4	784	1145540224.0	0.0	1e-05
53	5	785	572797696.0	0.375	1e-05
53	6	786	286281024.0	0.0	1e-05
53	7	787	143149568.0	0.25	1e-05
53	8	788	71606808.0	0.125	1e-05
53	9	789	35804256.0	0.0	1e-05
53	10	790	17894550.0	0.25	1e-05
53	11	791	8951774.0	0.25	1e-05
53	12	792	4475158.0	0.0	1e-05
53	13	793	2237435.5	0.25	1e-05
53	14	794	1119247.625	0.25	1e-05
53	15	795	559462.375	0.3333333333333333	1e-05
54	1	796	9164141568.0	0.0	1.0000000000000002e-06
54	2	797	4581734400.0	0.25	1.0000000000000002e-06
54	3	798	2291303424.0	0.125	1.0000000000000002e-06
54	4	799	1145702400.0	0.125	1.0000000000000002e-06
54	5	800	572771840.0	0.125	1.0000000000000002e-06
54	6	801	286477568.0	0.25	1.0000000000000002e-06
54	7	802	143229792.0	0.25	1.0000000000000002e-06
54	8	803	71609184.0	0.0	1.0000000000000002e-06
54	9	804	35794036.0	0.25	1.0000000000000002e-06
54	10	805	17892340.0	0.0	1.0000000000000002e-06
54	11	806	8951717.0	0.125	1.0000000000000002e-06
54	12	807	4474414.0	0.25	1.0000000000000002e-06
54	13	808	2237315.75	0.0	1.0000000000000002e-06
54	14	809	1118626.25	0.25	1.0000000000000002e-06
54	15	810	559496.375	0.0	1.0000000000000002e-06
55	1	811	9164908544.0	0.0	1.0000000000000002e-06
55	2	812	4581114880.0	0.125	1.0000000000000002e-06
55	3	813	2290575104.0	0.25	1.0000000000000002e-06
55	4	814	1145247744.0	0.0	1.0000000000000002e-06
55	5	815	572793984.0	0.25	1.0000000000000002e-06
55	6	816	286388928.0	0.0	1.0000000000000002e-06
55	7	817	143206864.0	0.125	1.0000000000000002e-06
55	8	818	71605168.0	0.375	1.0000000000000002e-06
55	9	819	35783016.0	0.125	1.0000000000000002e-06
55	10	820	17902712.0	0.125	1.0000000000000002e-06
55	11	821	8948045.0	0.125	1.0000000000000002e-06
55	12	822	4474174.5	0.125	1.0000000000000002e-06
55	13	823	2237693.5	0.125	1.0000000000000002e-06
55	14	824	1118643.875	0.0	1.0000000000000002e-06
55	15	825	559366.5	0.3333333333333333	1.0000000000000002e-06
56	1	826	9162914816.0	0.0	1.0000000000000002e-06
56	2	827	4581972992.0	0.25	1.0000000000000002e-06
56	3	828	2290398208.0	0.0	1.0000000000000002e-06
56	4	829	1145340160.0	0.0	1.0000000000000002e-06
56	5	830	572727040.0	0.125	1.0000000000000002e-06
56	6	831	286384320.0	0.375	1.0000000000000002e-06
56	7	832	143173664.0	0.125	1.0000000000000002e-06
56	8	833	71580952.0	0.0	1.0000000000000002e-06
56	9	834	35803076.0	0.125	1.0000000000000002e-06
56	10	835	17896596.0	0.25	1.0000000000000002e-06
56	11	836	8950203.0	0.0	1.0000000000000002e-06
56	12	837	4474037.5	0.125	1.0000000000000002e-06
56	13	838	2236578.75	0.25	1.0000000000000002e-06
56	14	839	1118344.25	0.25	1.0000000000000002e-06
56	15	840	559356.0	0.0	1.0000000000000002e-06
57	1	841	9164513280.0	0.125	1.0000000000000002e-06
57	2	842	4582041088.0	0.5	1.0000000000000002e-06
57	3	843	2291129344.0	0.0	1.0000000000000002e-06
57	4	844	1145585152.0	0.125	1.0000000000000002e-06
57	5	845	572846976.0	0.125	1.0000000000000002e-06
57	6	846	286341376.0	0.25	1.0000000000000002e-06
57	7	847	143174272.0	0.25	1.0000000000000002e-06
57	8	848	71604208.0	0.375	1.0000000000000002e-06
57	9	849	35802384.0	0.0	1.0000000000000002e-06
57	10	850	17901818.0	0.125	1.0000000000000002e-06
57	11	851	8947490.0	0.0	1.0000000000000002e-06
57	12	852	4473384.5	0.125	1.0000000000000002e-06
57	13	853	2237333.75	0.125	1.0000000000000002e-06
57	14	854	1118694.625	0.0	1.0000000000000002e-06
57	15	855	559177.3125	0.6666666666666666	1.0000000000000002e-06
58	1	856	9164808192.0	0.125	1.0000000000000002e-06
58	2	857	4582786048.0	0.125	1.0000000000000002e-06
58	3	858	2291426048.0	0.375	1.0000000000000002e-06
58	4	859	1145312640.0	0.0	1.0000000000000002e-06
58	5	860	572704512.0	0.0	1.0000000000000002e-06
58	6	861	286402496.0	0.125	1.0000000000000002e-06
58	7	862	143157584.0	0.125	1.0000000000000002e-06
58	8	863	71600920.0	0.0	1.0000000000000002e-06
58	9	864	35800700.0	0.375	1.0000000000000002e-06
58	10	865	17895356.0	0.125	1.0000000000000002e-06
58	11	866	8949183.0	0.25	1.0000000000000002e-06
58	12	867	4473269.5	0.125	1.0000000000000002e-06
58	13	868	2236810.5	0.0	1.0000000000000002e-06
58	14	869	1118903.5	0.0	1.0000000000000002e-06
58	15	870	559172.0625	0.0	1.0000000000000002e-06
59	1	871	9167458304.0	0.25	1.0000000000000002e-06
59	2	872	4582545408.0	0.0	1.0000000000000002e-06
59	3	873	2291234816.0	0.125	1.0000000000000002e-06
59	4	874	1145547648.0	0.0	1.0000000000000002e-06
59	5	875	572643328.0	0.125	1.0000000000000002e-06
59	6	876	286423456.0	0.375	1.0000000000000002e-06
59	7	877	143199344.0	0.125	1.0000000000000002e-06
59	8	878	71583872.0	0.375	1.0000000000000002e-06
59	9	879	35794140.0	0.25	1.0000000000000002e-06
59	10	880	17897268.0	0.125	1.0000000000000002e-06
59	11	881	8946837.0	0.375	1.0000000000000002e-06
59	12	882	4474092.0	0.0	1.0000000000000002e-06
59	13	883	2237016.5	0.125	1.0000000000000002e-06
59	14	884	1118597.5	0.375	1.0000000000000002e-06
59	15	885	559491.9375	0.0	1.0000000000000002e-06
60	1	886	9163378688.0	0.25	1.0000000000000002e-06
60	2	887	4581564416.0	0.25	1.0000000000000002e-06
60	3	888	2291251712.0	0.125	1.0000000000000002e-06
60	4	889	1145465600.0	0.0	1.0000000000000002e-06
60	5	890	572663680.0	0.25	1.0000000000000002e-06
60	6	891	286360000.0	0.25	1.0000000000000002e-06
60	7	892	143162528.0	0.125	1.0000000000000002e-06
60	8	893	71577064.0	0.0	1.0000000000000002e-06
60	9	894	35790052.0	0.0	1.0000000000000002e-06
60	10	895	17906262.0	0.125	1.0000000000000002e-06
60	11	896	8947707.0	0.375	1.0000000000000002e-06
60	12	897	4473181.0	0.375	1.0000000000000002e-06
60	13	898	2236937.75	0.0	1.0000000000000002e-06
60	14	899	1118495.375	0.125	1.0000000000000002e-06
60	15	900	559311.875	0.0	1.0000000000000002e-06
61	1	901	9167005696.0	0.25	1.0000000000000002e-06
61	2	902	4583007744.0	0.0	1.0000000000000002e-06
61	3	903	2290682880.0	0.125	1.0000000000000002e-06
61	4	904	1145382144.0	0.125	1.0000000000000002e-06
61	5	905	572892288.0	0.125	1.0000000000000002e-06
61	6	906	286365984.0	0.125	1.0000000000000002e-06
61	7	907	143174592.0	0.125	1.0000000000000002e-06
61	8	908	71598088.0	0.125	1.0000000000000002e-06
61	9	909	35792752.0	0.125	1.0000000000000002e-06
61	10	910	17900682.0	0.375	1.0000000000000002e-06
61	11	911	8949699.0	0.25	1.0000000000000002e-06
61	12	912	4474837.5	0.25	1.0000000000000002e-06
61	13	913	2237226.5	0.25	1.0000000000000002e-06
61	14	914	1118404.125	0.0	1.0000000000000002e-06
61	15	915	559395.375	0.0	1.0000000000000002e-06
62	1	916	9163808768.0	0.125	1.0000000000000002e-06
62	2	917	4583572992.0	0.125	1.0000000000000002e-06
62	3	918	2290834688.0	0.0	1.0000000000000002e-06
62	4	919	1145266432.0	0.25	1.0000000000000002e-06
62	5	920	572785920.0	0.25	1.0000000000000002e-06
62	6	921	286467552.0	0.125	1.0000000000000002e-06
62	7	922	143207792.0	0.25	1.0000000000000002e-06
62	8	923	71592808.0	0.0	1.0000000000000002e-06
62	9	924	35809060.0	0.25	1.0000000000000002e-06
62	10	925	17893350.0	0.0	1.0000000000000002e-06
62	11	926	8949165.0	0.125	1.0000000000000002e-06
62	12	927	4473558.0	0.125	1.0000000000000002e-06
62	13	928	2236651.0	0.125	1.0000000000000002e-06
62	14	929	1118531.75	0.375	1.0000000000000002e-06
62	15	930	559367.0	0.0	1.0000000000000002e-06
63	1	931	9161203712.0	0.25	1.0000000000000002e-06
63	2	932	4582223872.0	0.125	1.0000000000000002e-06
63	3	933	2290927872.0	0.125	1.0000000000000002e-06
63	4	934	1145206016.0	0.0	1.0000000000000002e-06
63	5	935	572734080.0	0.0	1.0000000000000002e-06
63	6	936	286360576.0	0.125	1.0000000000000002e-06
63	7	937	143166528.0	0.125	1.0000000000000002e-06
63	8	938	71562920.0	0.125	1.0000000000000002e-06
63	9	939	35798952.0	0.0	1.0000000000000002e-06
63	10	940	17894100.0	0.125	1.0000000000000002e-06
63	11	941	8949393.0	0.125	1.0000000000000002e-06
63	12	942	4476013.5	0.125	1.0000000000000002e-06
63	13	943	2237651.25	0.0	1.0000000000000002e-06
63	14	944	1118559.75	0.125	1.0000000000000002e-06
63	15	945	559334.375	0.3333333333333333	1.0000000000000002e-06
64	1	946	9163220992.0	0.5	1.0000000000000002e-06
64	2	947	4580779008.0	0.0	1.0000000000000002e-06
64	3	948	2290614528.0	0.25	1.0000000000000002e-06
64	4	949	1145143296.0	0.0	1.0000000000000002e-06
64	5	950	572642368.0	0.375	1.0000000000000002e-06
64	6	951	286314560.0	0.125	1.0000000000000002e-06
64	7	952	143170016.0	0.0	1.0000000000000002e-06
64	8	953	71574960.0	0.125	1.0000000000000002e-06
64	9	954	35803144.0	0.0	1.0000000000000002e-06
64	10	955	17899852.0	0.125	1.0000000000000002e-06
64	11	956	8947470.0	0.25	1.0000000000000002e-06
64	12	957	4475498.0	0.0	1.0000000000000002e-06
64	13	958	2237773.0	0.0	1.0000000000000002e-06
64	14	959	1118564.75	0.25	1.0000000000000002e-06
64	15	960	559295.75	0.0	1.0000000000000002e-06
65	1	961	9162260480.0	0.375	1.0000000000000002e-07
65	2	962	4581801984.0	0.125	1.0000000000000002e-07
65	3	963	2290764544.0	0.0	1.0000000000000002e-07
