epoch	loss	acc	lr
1	3.8655790560173267	0.048484848484848485	0.001
2	3.1254919081023247	0.1	0.001
3	2.980194481936368	0.14393939393939395	0.001
4	2.9883656863010293	0.14393939393939395	0.001
5	2.82910663431341	0.17424242424242425	0.001
6	2.7510825431708135	0.19696969696969696	0.001
7	2.6385008277315083	0.19393939393939394	0.001
8	2.5532758380427505	0.22272727272727272	0.001
9	2.5278440822254526	0.2409090909090909	0.001
10	2.409415945862279	0.2863636363636364	0.001
11	2.3194248459555884	0.28484848484848485	0.001
12	2.396592226895419	0.2545454545454545	0.001
13	2.292333581230857	0.3242424242424242	0.001
14	2.2977679426019844	0.30454545454545456	0.001
15	2.2117278070160835	0.32727272727272727	0.001
16	2.2254399819807573	0.34393939393939393	0.001
17	2.2302777116948906	0.3151515151515151	0.001
18	2.0434926639903677	0.3575757575757576	0.001
19	2.1181832588080205	0.36818181818181817	0.001
20	2.0307267651413428	0.36666666666666664	0.001
21	1.8353520306673916	0.43636363636363634	0.0001
22	1.7633276346958044	0.453030303030303	0.0001
23	1.7073855219465313	0.4666666666666667	0.0001
24	1.6246975082339663	0.5287878787878788	0.0001
25	1.5765099055839307	0.5151515151515151	0.0001
26	1.5375758987484556	0.5393939393939394	0.0001
27	1.524530316844131	0.5333333333333333	0.0001
28	1.5251569061568289	0.5348484848484848	0.0001
29	1.482247070832686	0.5348484848484848	0.0001
30	1.5163768313147805	0.5227272727272727	0.0001
31	1.4489324562477344	0.5575757575757576	0.0001
32	1.4107564001372366	0.5712121212121212	1e-05
33	1.3740138429583926	0.5818181818181818	1e-05
34	1.3382692048043916	0.5954545454545455	1e-05
35	1.3505822600740376	0.6015151515151516	1e-05
36	1.3366284587166526	0.5924242424242424	1e-05
37	1.3375627741669163	0.5681818181818182	1e-05
38	1.354201811732668	0.5772727272727273	1e-05
39	1.2804297786770444	0.5984848484848485	1e-05
40	1.2842186183640452	0.6	1e-05
41	1.3660740346619578	0.5893939393939394	1e-05
42	1.2706357349048962	0.6060606060606061	1e-05
43	1.2721524455330588	0.5863636363636363	1.0000000000000002e-06
44	1.2482336615071152	0.6181818181818182	1.0000000000000002e-06
45	1.336101401935924	0.5651515151515152	1.0000000000000002e-06
46	1.2425749988266916	0.5984848484848485	1.0000000000000002e-06
47	1.2840351841666482	0.5909090909090909	1.0000000000000002e-06
48	1.2818317124337861	0.6196969696969697	1.0000000000000002e-06
49	1.2868930318138816	0.5984848484848485	1.0000000000000002e-06
50	1.289857055201675	0.6106060606060606	1.0000000000000002e-06
51	1.2531801534421516	0.5863636363636363	1.0000000000000002e-06
52	1.3101765712102253	0.5863636363636363	1.0000000000000002e-06
53	1.2449502150217693	0.6409090909090909	1.0000000000000002e-06
54	1.2633604244752363	0.6166666666666667	1.0000000000000002e-07
55	1.2953739852616282	0.603030303030303	1.0000000000000002e-07
56	1.2035215587326975	0.6166666666666667	1.0000000000000002e-07
57	1.2526463306311406	0.6166666666666667	1.0000000000000002e-07
58	1.277956081159187	0.6106060606060606	1.0000000000000002e-07
59	1.2787191903952397	0.5848484848484848	1.0000000000000002e-07
60	1.2887631149003	0.6121212121212121	1.0000000000000002e-07
61	1.3159095735260935	0.5696969696969697	1.0000000000000002e-07
62	1.2906161257714936	0.6045454545454545	1.0000000000000002e-07
63	1.261111765196829	0.6045454545454545	1.0000000000000002e-07
64	1.3396574511672512	0.5727272727272728	1.0000000000000002e-07
65	1.2148281335830688	0.6242424242424243	1.0000000000000004e-08
66	1.2128060694896814	0.6378787878787879	1.0000000000000004e-08
67	1.2731864163369844	0.6060606060606061	1.0000000000000004e-08
68	1.236160245808688	0.6196969696969697	1.0000000000000004e-08
69	1.254821109049248	0.6045454545454545	1.0000000000000004e-08
70	1.2297901890494607	0.6242424242424243	1.0000000000000004e-08
71	1.3092109109416152	0.5954545454545455	1.0000000000000004e-08
72	1.2405119122880879	0.5984848484848485	1.0000000000000004e-08
73	1.2943447394804521	0.5893939393939394	1.0000000000000004e-08
74	1.2359812476418235	0.6212121212121212	1.0000000000000004e-08
75	1.2559953205513232	0.6181818181818182	1.0000000000000004e-08
76	1.2766307628515996	0.5984848484848485	1.0000000000000004e-08
77	1.2948470910390217	0.593939393939394	1.0000000000000004e-08
78	1.2374910513559978	0.6212121212121212	1.0000000000000004e-08
79	1.265151164748452	0.6090909090909091	1.0000000000000004e-08
80	1.2657699187596638	0.6060606060606061	1.0000000000000004e-08
81	1.3124321193406077	0.5803030303030303	1.0000000000000004e-08
82	1.2908198977961685	0.6090909090909091	1.0000000000000004e-08
83	1.2891858129790335	0.593939393939394	1.0000000000000004e-08
84	1.2624870936075847	0.6045454545454545	1.0000000000000004e-08
85	1.2786169196620132	0.6090909090909091	1.0000000000000004e-08
86	1.2811054316433994	0.6045454545454545	1.0000000000000004e-08
87	1.2650372006676414	0.593939393939394	1.0000000000000004e-08
88	1.256291602597092	0.6166666666666667	1.0000000000000004e-08
89	1.2572894096374512	0.6090909090909091	1.0000000000000004e-08
90	1.2623158440445408	0.5893939393939394	1.0000000000000004e-08
91	1.2498965588482944	0.6090909090909091	1.0000000000000004e-08
92	1.23507652499459	0.6136363636363636	1.0000000000000004e-08
93	1.2427822098587498	0.6075757575757575	1.0000000000000004e-08
94	1.257209795894045	0.6090909090909091	1.0000000000000004e-08
95	1.211201371568622	0.6227272727272727	1.0000000000000004e-08
96	1.3034625848134358	0.5969696969696969	1.0000000000000004e-08
97	1.280938856529467	0.6060606060606061	1.0000000000000004e-08
98	1.3182277462699197	0.5909090909090909	1.0000000000000004e-08
99	1.206189589066939	0.6106060606060606	1.0000000000000004e-08
100	1.2623996915239277	0.6136363636363636	1.0000000000000004e-08
101	1.3159619172414143	0.6	1.0000000000000004e-08
102	1.2613316304755933	0.6121212121212121	1.0000000000000004e-08
103	1.272605541980628	0.6272727272727273	1.0000000000000004e-08
104	1.276955286661784	0.6060606060606061	1.0000000000000004e-08
105	1.29021878675981	0.6045454545454545	1.0000000000000004e-08
106	1.2373717553687817	0.6166666666666667	1.0000000000000004e-08
107	1.251791329094858	0.6015151515151516	1.0000000000000004e-08
108	1.2068896654880408	0.6166666666666667	1.0000000000000004e-08
109	1.2419540737614487	0.6121212121212121	1.0000000000000004e-08
110	1.2691502498857903	0.6136363636363636	1.0000000000000004e-08
111	1.2303427204941257	0.6106060606060606	1.0000000000000004e-08
112	1.2807562712467078	0.6121212121212121	1.0000000000000004e-08
113	1.2594178192543262	0.6106060606060606	1.0000000000000004e-08
114	1.2446988532037446	0.6196969696969697	1.0000000000000004e-08
115	1.2738315228259924	0.6090909090909091	1.0000000000000004e-08
116	1.2680591850569753	0.6136363636363636	1.0000000000000004e-08
117	1.2501393737214985	0.6287878787878788	1.0000000000000004e-08
118	1.2634012301762898	0.5924242424242424	1.0000000000000004e-08
119	1.3320158936760642	0.6	1.0000000000000004e-08
120	1.2613949956315937	0.6106060606060606	1.0000000000000004e-08
121	1.2436108661420417	0.603030303030303	1.0000000000000004e-08
122	1.2896035584536465	0.6136363636363636	1.0000000000000004e-08
123	1.215073003913417	0.6181818181818182	1.0000000000000004e-08
124	1.2735771916129373	0.6106060606060606	1.0000000000000004e-08
125	1.2967230876286824	0.5818181818181818	1.0000000000000004e-08
126	1.2320326313827976	0.6272727272727273	1.0000000000000004e-08
127	1.3319992224375408	0.5772727272727273	1.0000000000000004e-08
128	1.2574104070663452	0.6090909090909091	1.0000000000000004e-08
129	1.2461825645331182	0.5954545454545455	1.0000000000000004e-08
130	1.2462114745920354	0.6106060606060606	1.0000000000000004e-08
131	1.183093334689285	0.6242424242424243	1.0000000000000004e-08
132	1.2328768173853557	0.6242424242424243	1.0000000000000004e-08
133	1.2734403212865193	0.6166666666666667	1.0000000000000004e-08
134	1.2650030309503728	0.6	1.0000000000000004e-08
135	1.215939633774035	0.6136363636363636	1.0000000000000004e-08
136	1.2365260124206543	0.6151515151515151	1.0000000000000004e-08
137	1.231929482835712	0.6136363636363636	1.0000000000000004e-08
138	1.241304672125614	0.6242424242424243	1.0000000000000004e-08
139	1.2720553567915251	0.5833333333333334	1.0000000000000004e-08
140	1.2490980263912317	0.6121212121212121	1.0000000000000004e-08
141	1.2821837772022595	0.5969696969696969	1.0000000000000004e-08
142	1.2644043691230542	0.6181818181818182	1.0000000000000004e-08
143	1.2446772907719468	0.6136363636363636	1.0000000000000004e-08
144	1.2900775345889004	0.5878787878787879	1.0000000000000004e-08
145	1.2705418919072007	0.6181818181818182	1.0000000000000004e-08
146	1.2151275999618298	0.6196969696969697	1.0000000000000004e-08
147	1.2429459564613574	0.6045454545454545	1.0000000000000004e-08
148	1.2547311529968723	0.6393939393939394	1.0000000000000004e-08
149	1.2925645221363415	0.5878787878787879	1.0000000000000004e-08
150	1.3065615404735913	0.593939393939394	1.0000000000000004e-08
151	1.2761827020934133	0.6151515151515151	1.0000000000000004e-08
152	1.175363555099025	0.6242424242424243	1.0000000000000004e-08
153	1.251827547044465	0.5984848484848485	1.0000000000000004e-08
154	1.2296568010792588	0.6242424242424243	1.0000000000000004e-08
155	1.2428654287800645	0.6106060606060606	1.0000000000000004e-08
156	1.2457013635924368	0.6090909090909091	1.0000000000000004e-08
157	1.1969577453353188	0.6166666666666667	1.0000000000000004e-08
158	1.3199590480688848	0.5727272727272728	1.0000000000000004e-08
159	1.2994105743639397	0.5954545454545455	1.0000000000000004e-08
160	1.2119540879220674	0.6181818181818182	1.0000000000000004e-08
161	1.2308235529697302	0.6212121212121212	1.0000000000000004e-08
162	1.2642818255857988	0.6045454545454545	1.0000000000000004e-08
163	1.257603771758802	0.6075757575757575	1.0000000000000004e-08
164	1.250940254240325	0.6181818181818182	1.0000000000000004e-08
165	1.2857731508486199	0.5833333333333334	1.0000000000000004e-08
166	1.2377142689444802	0.603030303030303	1.0000000000000004e-08
167	1.2394544897657451	0.6151515151515151	1.0000000000000004e-08
168	1.2420907779173418	0.6075757575757575	1.0000000000000004e-08
169	1.2598257570555715	0.6227272727272727	1.0000000000000004e-08
170	1.2748182036659934	0.5969696969696969	1.0000000000000004e-08
171	1.2169739296942046	0.6060606060606061	1.0000000000000004e-08
172	1.2220071409687852	0.6318181818181818	1.0000000000000004e-08
173	1.209823247158166	0.6272727272727273	1.0000000000000004e-08
174	1.261782534194715	0.6212121212121212	1.0000000000000004e-08
175	1.304145209717028	0.5984848484848485	1.0000000000000004e-08
176	1.233985590212273	0.6287878787878788	1.0000000000000004e-08
177	1.252231731559291	0.5924242424242424	1.0000000000000004e-08
178	1.2122235876141172	0.6121212121212121	1.0000000000000004e-08
179	1.28771343014457	0.6106060606060606	1.0000000000000004e-08
180	1.293915235635006	0.603030303030303	1.0000000000000004e-08
181	1.2240574793382124	0.6242424242424243	1.0000000000000004e-08
182	1.2588934934500493	0.6318181818181818	1.0000000000000004e-08
183	1.246540084029689	0.6121212121212121	1.0000000000000004e-08
184	1.2539162708051277	0.6045454545454545	1.0000000000000004e-08
185	1.2345344044945457	0.6090909090909091	1.0000000000000004e-08
186	1.2502432989351677	0.6	1.0000000000000004e-08
187	1.2637011462991887	0.6090909090909091	1.0000000000000004e-08
188	1.2877411806222163	0.5909090909090909	1.0000000000000004e-08
189	1.2720874042221995	0.6121212121212121	1.0000000000000004e-08
190	1.2805706551580718	0.5848484848484848	1.0000000000000004e-08
191	1.2664058714201956	0.6106060606060606	1.0000000000000004e-08
192	1.2713318990938591	0.6075757575757575	1.0000000000000004e-08
193	1.268754294424346	0.6181818181818182	1.0000000000000004e-08
194	1.2250767043142607	0.593939393939394	1.0000000000000004e-08
195	1.2030991966074163	0.6333333333333333	1.0000000000000004e-08
196	1.292584361452045	0.593939393939394	1.0000000000000004e-08
197	1.1920102762453484	0.6287878787878788	1.0000000000000004e-08
198	1.240740078868288	0.6181818181818182	1.0000000000000004e-08
199	1.246346910794576	0.6121212121212121	1.0000000000000004e-08
200	1.2565450487714824	0.6121212121212121	1.0000000000000004e-08
201	1.2308548472144387	0.6121212121212121	1.0000000000000004e-08
202	1.2360351374655059	0.6136363636363636	1.0000000000000004e-08
203	1.2882405736229636	0.6090909090909091	1.0000000000000004e-08
204	1.3479930270801892	0.5863636363636363	1.0000000000000004e-08
205	1.2167904051867398	0.6166666666666667	1.0000000000000004e-08
206	1.3011042710506555	0.5893939393939394	1.0000000000000004e-08
207	1.279184063275655	0.5984848484848485	1.0000000000000004e-08
208	1.2221395788770733	0.6348484848484849	1.0000000000000004e-08
209	1.2415103767857407	0.6060606060606061	1.0000000000000004e-08
210	1.2494183525894627	0.6121212121212121	1.0000000000000004e-08
211	1.2629713361913508	0.5863636363636363	1.0000000000000004e-08
212	1.2683842796267886	0.6090909090909091	1.0000000000000004e-08
213	1.2442639921650742	0.5909090909090909	1.0000000000000004e-08
214	1.2924053705099858	0.603030303030303	1.0000000000000004e-08
215	1.2954518325401074	0.6015151515151516	1.0000000000000004e-08
216	1.2164427042007446	0.6075757575757575	1.0000000000000004e-08
217	1.2046860510652715	0.6212121212121212	1.0000000000000004e-08
218	1.199262792413885	0.6287878787878788	1.0000000000000004e-08
219	1.2338318716395984	0.5984848484848485	1.0000000000000004e-08
220	1.2723615819757634	0.593939393939394	1.0000000000000004e-08
221	1.2606815641576594	0.5984848484848485	1.0000000000000004e-08
222	1.2534370639107444	0.6257575757575757	1.0000000000000004e-08
223	1.2215771927978054	0.6181818181818182	1.0000000000000004e-08
224	1.2190562631144668	0.6196969696969697	1.0000000000000004e-08
225	1.2675285917339902	0.6060606060606061	1.0000000000000004e-08
226	1.2351804032470242	0.6106060606060606	1.0000000000000004e-08
227	1.2410003308093909	0.603030303030303	1.0000000000000004e-08
228	1.2910085916519165	0.5848484848484848	1.0000000000000004e-08
229	1.2439982602090547	0.6106060606060606	1.0000000000000004e-08
230	1.2859887498797793	0.5893939393939394	1.0000000000000004e-08
231	1.252045826478438	0.6212121212121212	1.0000000000000004e-08
232	1.2694931536009817	0.6151515151515151	1.0000000000000004e-08
233	1.275710358764186	0.5893939393939394	1.0000000000000004e-08
234	1.2305143096230247	0.5954545454545455	1.0000000000000004e-08
235	1.2981388063141794	0.5848484848484848	1.0000000000000004e-08
236	1.2299502546137029	0.6363636363636364	1.0000000000000004e-08
237	1.2201060490174727	0.6121212121212121	1.0000000000000004e-08
238	1.2215916351838545	0.6121212121212121	1.0000000000000004e-08
239	1.2231400952194675	0.6363636363636364	1.0000000000000004e-08
240	1.2835195895397302	0.6090909090909091	1.0000000000000004e-08
241	1.2482463229786267	0.6075757575757575	1.0000000000000004e-08
242	1.2421053467374858	0.6090909090909091	1.0000000000000004e-08
243	1.2379362944400671	0.6348484848484849	1.0000000000000004e-08
244	1.305380474437367	0.593939393939394	1.0000000000000004e-08
245	1.250054449746103	0.6318181818181818	1.0000000000000004e-08
246	1.2240472056648948	0.6272727272727273	1.0000000000000004e-08
247	1.228478597872185	0.6060606060606061	1.0000000000000004e-08
248	1.2911506566134365	0.5909090909090909	1.0000000000000004e-08
249	1.2300551371140913	0.6151515151515151	1.0000000000000004e-08
250	1.2714254567117402	0.5772727272727273	1.0000000000000004e-08
251	1.2683133609367139	0.5969696969696969	1.0000000000000004e-08
252	1.2265566045587712	0.6227272727272727	1.0000000000000004e-08
253	1.2187580520456487	0.6424242424242425	1.0000000000000004e-08
254	1.2464466203342786	0.6196969696969697	1.0000000000000004e-08
255	1.202044609821204	0.6363636363636364	1.0000000000000004e-08
256	1.1749389460592559	0.6439393939393939	1.0000000000000004e-08
257	1.2341848395087502	0.6272727272727273	1.0000000000000004e-08
258	1.2567190293109778	0.6196969696969697	1.0000000000000004e-08
259	1.2554776487928447	0.6121212121212121	1.0000000000000004e-08
260	1.3122044295975657	0.5954545454545455	1.0000000000000004e-08
261	1.2614538633462153	0.5833333333333334	1.0000000000000004e-08
262	1.238098624980811	0.6136363636363636	1.0000000000000004e-08
263	1.1918976523659446	0.6318181818181818	1.0000000000000004e-08
264	1.250304316029404	0.6196969696969697	1.0000000000000004e-08
265	1.2232782407240435	0.6060606060606061	1.0000000000000004e-08
266	1.27726868427161	0.603030303030303	1.0000000000000004e-08
267	1.2823281360395027	0.5909090909090909	1.0000000000000004e-08
268	1.2702045585169937	0.593939393939394	1.0000000000000004e-08
269	1.2390854105804905	0.6106060606060606	1.0000000000000004e-08
270	1.3124806917074956	0.5772727272727273	1.0000000000000004e-08
271	1.2363457679748535	0.6090909090909091	1.0000000000000004e-08
272	1.2454946582967585	0.6	1.0000000000000004e-08
273	1.161151282715075	0.6333333333333333	1.0000000000000004e-08
274	1.2174767075162944	0.6348484848484849	1.0000000000000004e-08
275	1.2804877505157932	0.6	1.0000000000000004e-08
276	1.2757393338463523	0.603030303030303	1.0000000000000004e-08
277	1.2365077625621448	0.6015151515151516	1.0000000000000004e-08
278	1.2470266819000244	0.6181818181818182	1.0000000000000004e-08
279	1.2513114177819453	0.6045454545454545	1.0000000000000004e-08
280	1.3489707599986682	0.593939393939394	1.0000000000000004e-08
281	1.2404554973949085	0.6075757575757575	1.0000000000000004e-08
282	1.221408359932177	0.6242424242424243	1.0000000000000004e-08
283	1.2893900329416448	0.5984848484848485	1.0000000000000004e-08
284	1.2666549068508726	0.603030303030303	1.0000000000000004e-08
285	1.2365811774224946	0.6060606060606061	1.0000000000000004e-08
286	1.279316808238174	0.5954545454545455	1.0000000000000004e-08
287	1.271673397584395	0.5984848484848485	1.0000000000000004e-08
288	1.262112892035282	0.6121212121212121	1.0000000000000004e-08
289	1.2332955273714932	0.5984848484848485	1.0000000000000004e-08
290	1.231930024696119	0.6272727272727273	1.0000000000000004e-08
291	1.1913444995880127	0.6318181818181818	1.0000000000000004e-08
292	1.2259753725745461	0.6060606060606061	1.0000000000000004e-08
293	1.2052493492762248	0.6348484848484849	1.0000000000000004e-08
294	1.2553597869295063	0.6181818181818182	1.0000000000000004e-08
295	1.228261543042732	0.6181818181818182	1.0000000000000004e-08
296	1.208515698259527	0.6303030303030303	1.0000000000000004e-08
297	1.2459568652239712	0.6196969696969697	1.0000000000000004e-08
298	1.219902880264051	0.6272727272727273	1.0000000000000004e-08
299	1.22383548635425	0.6	1.0000000000000004e-08
300	1.2873751069560195	0.6151515151515151	1.0000000000000004e-08
301	1.2531461932442405	0.6196969696969697	1.0000000000000004e-08
302	1.2076304428505176	0.6060606060606061	1.0000000000000004e-08
303	1.2725623882178105	0.6090909090909091	1.0000000000000004e-08
304	1.2470743222670122	0.6090909090909091	1.0000000000000004e-08
305	1.2934128587896174	0.5878787878787879	1.0000000000000004e-08
306	1.2536834875742595	0.5909090909090909	1.0000000000000004e-08
307	1.2600724733237065	0.6075757575757575	1.0000000000000004e-08
308	1.2964356415199512	0.5969696969696969	1.0000000000000004e-08
309	1.2475551258433948	0.6348484848484849	1.0000000000000004e-08
310	1.2248298038135876	0.6136363636363636	1.0000000000000004e-08
311	1.295259901971528	0.5878787878787879	1.0000000000000004e-08
312	1.2453726168834802	0.6045454545454545	1.0000000000000004e-08
313	1.2363427154945605	0.6303030303030303	1.0000000000000004e-08
314	1.255384857004339	0.6045454545454545	1.0000000000000004e-08
315	1.24822731812795	0.6196969696969697	1.0000000000000004e-08
316	1.2752830584843953	0.6090909090909091	1.0000000000000004e-08
317	1.2094216021624478	0.6393939393939394	1.0000000000000004e-08
318	1.2761712724512273	0.6227272727272727	1.0000000000000004e-08
319	1.2375205646861682	0.6166666666666667	1.0000000000000004e-08
320	1.2652524529081401	0.6181818181818182	1.0000000000000004e-08
321	1.2596173069693826	0.5984848484848485	1.0000000000000004e-08
322	1.2596857836752227	0.6151515151515151	1.0000000000000004e-08
323	1.2901936805609502	0.5863636363636363	1.0000000000000004e-08
324	1.264330759192958	0.5969696969696969	1.0000000000000004e-08
325	1.2796778353777798	0.593939393939394	1.0000000000000004e-08
326	1.2909722472682144	0.6060606060606061	1.0000000000000004e-08
327	1.3116369500304714	0.5727272727272728	1.0000000000000004e-08
328	1.1983414021405308	0.6212121212121212	1.0000000000000004e-08
329	1.2682788679094026	0.6151515151515151	1.0000000000000004e-08
330	1.2095285003835505	0.6196969696969697	1.0000000000000004e-08
331	1.233741384564024	0.6212121212121212	1.0000000000000004e-08
332	1.2350180546442668	0.6136363636363636	1.0000000000000004e-08
333	1.2797301827055034	0.5924242424242424	1.0000000000000004e-08
334	1.218671769806833	0.6227272727272727	1.0000000000000004e-08
335	1.316665114778461	0.5909090909090909	1.0000000000000004e-08
336	1.3153570529186365	0.5893939393939394	1.0000000000000004e-08
337	1.2785206455172915	0.6136363636363636	1.0000000000000004e-08
338	1.2602208997264053	0.6060606060606061	1.0000000000000004e-08
339	1.2329110087770405	0.6196969696969697	1.0000000000000004e-08
340	1.231852863774155	0.6151515151515151	1.0000000000000004e-08
341	1.30074751738346	0.5984848484848485	1.0000000000000004e-08
342	1.2624331243110425	0.603030303030303	1.0000000000000004e-08
343	1.3003598487738408	0.5969696969696969	1.0000000000000004e-08
344	1.251927249359362	0.6227272727272727	1.0000000000000004e-08
345	1.2359494151491108	0.6075757575757575	1.0000000000000004e-08
346	1.2107030044902454	0.6257575757575757	1.0000000000000004e-08
347	1.2782612858396587	0.6090909090909091	1.0000000000000004e-08
348	1.2370269190181384	0.6257575757575757	1.0000000000000004e-08
349	1.2878217877763691	0.5954545454545455	1.0000000000000004e-08
350	1.23032685843381	0.6166666666666667	1.0000000000000004e-08
351	1.2347255836833606	0.6075757575757575	1.0000000000000004e-08
352	1.2485038042068481	0.6106060606060606	1.0000000000000004e-08
353	1.2754895614855217	0.6090909090909091	1.0000000000000004e-08
354	1.20572030544281	0.6136363636363636	1.0000000000000004e-08
355	1.2994239763780073	0.5848484848484848	1.0000000000000004e-08
356	1.1973967190944788	0.6166666666666667	1.0000000000000004e-08
357	1.2106449242794153	0.6363636363636364	1.0000000000000004e-08
358	1.2671899073051685	0.6015151515151516	1.0000000000000004e-08
359	1.269080852017258	0.5909090909090909	1.0000000000000004e-08
360	1.320087360613274	0.5787878787878787	1.0000000000000004e-08
361	1.2027434796997996	0.6242424242424243	1.0000000000000004e-08
362	1.313795841101444	0.5666666666666667	1.0000000000000004e-08
363	1.225439631577694	0.6196969696969697	1.0000000000000004e-08
364	1.253503730802825	0.6045454545454545	1.0000000000000004e-08
365	1.2356787053021518	0.6181818181818182	1.0000000000000004e-08
366	1.2522970979863948	0.593939393939394	1.0000000000000004e-08
367	1.2436434572393245	0.6212121212121212	1.0000000000000004e-08
368	1.280622792966438	0.603030303030303	1.0000000000000004e-08
369	1.288024624188741	0.5818181818181818	1.0000000000000004e-08
370	1.3148712606141062	0.5893939393939394	1.0000000000000004e-08
371	1.3406222516840154	0.5727272727272728	1.0000000000000004e-08
372	1.2100928696719082	0.6121212121212121	1.0000000000000004e-08
373	1.2442804394346294	0.6136363636363636	1.0000000000000004e-08
374	1.2147511605060461	0.6257575757575757	1.0000000000000004e-08
375	1.2304509119554	0.6287878787878788	1.0000000000000004e-08
376	1.2495043458360615	0.6212121212121212	1.0000000000000004e-08
377	1.2558316371657632	0.603030303030303	1.0000000000000004e-08
378	1.2499278603178081	0.6045454545454545	1.0000000000000004e-08
379	1.2928871855591282	0.6181818181818182	1.0000000000000004e-08
380	1.2684182578867131	0.6045454545454545	1.0000000000000004e-08
381	1.2942283912138506	0.603030303030303	1.0000000000000004e-08
382	1.2281930049260457	0.6045454545454545	1.0000000000000004e-08
383	1.2859239794991233	0.6060606060606061	1.0000000000000004e-08
384	1.2647703777660022	0.5787878787878787	1.0000000000000004e-08
385	1.2868620337861958	0.6151515151515151	1.0000000000000004e-08
386	1.2248919082410408	0.6121212121212121	1.0000000000000004e-08
387	1.2407087087631226	0.6121212121212121	1.0000000000000004e-08
388	1.2658290610168919	0.6045454545454545	1.0000000000000004e-08
389	1.2554151506134958	0.6015151515151516	1.0000000000000004e-08
390	1.18517005443573	0.6333333333333333	1.0000000000000004e-08
391	1.2524549563725789	0.5984848484848485	1.0000000000000004e-08
392	1.2769048177834712	0.6015151515151516	1.0000000000000004e-08
393	1.2688397999965784	0.6121212121212121	1.0000000000000004e-08
394	1.3070710608453462	0.5803030303030303	1.0000000000000004e-08
395	1.2124534303491765	0.6166666666666667	1.0000000000000004e-08
396	1.2373910275372593	0.6136363636363636	1.0000000000000004e-08
397	1.2582056522369385	0.6090909090909091	1.0000000000000004e-08
398	1.231957778786168	0.6196969696969697	1.0000000000000004e-08
399	1.3212680744402336	0.5863636363636363	1.0000000000000004e-08
400	1.2365116133834377	0.6166666666666667	1.0000000000000004e-08
401	1.2481214638912317	0.6045454545454545	1.0000000000000004e-08
402	1.3071295962189182	0.5772727272727273	1.0000000000000004e-08
403	1.2547311385472615	0.6181818181818182	1.0000000000000004e-08
404	1.2881270069064517	0.6166666666666667	1.0000000000000004e-08
405	1.234508384357799	0.6166666666666667	1.0000000000000004e-08
406	1.2124217893138076	0.6227272727272727	1.0000000000000004e-08
407	1.2452275138912778	0.6166666666666667	1.0000000000000004e-08
408	1.245362108403986	0.6272727272727273	1.0000000000000004e-08
409	1.3108169815757058	0.6015151515151516	1.0000000000000004e-08
410	1.2292909766688491	0.6151515151515151	1.0000000000000004e-08
411	1.2578420747410168	0.5924242424242424	1.0000000000000004e-08
412	1.3209244446320967	0.5818181818181818	1.0000000000000004e-08
413	1.2508633497989539	0.6181818181818182	1.0000000000000004e-08
414	1.2106324651024558	0.6075757575757575	1.0000000000000004e-08
415	1.2668209690036196	0.6	1.0000000000000004e-08
416	1.189468932874275	0.6227272727272727	1.0000000000000004e-08
417	1.267607053120931	0.603030303030303	1.0000000000000004e-08
418	1.2040071559674812	0.6121212121212121	1.0000000000000004e-08
419	1.266713792627508	0.6136363636363636	1.0000000000000004e-08
420	1.2638072100552646	0.6060606060606061	1.0000000000000004e-08
421	1.2446792884306475	0.6287878787878788	1.0000000000000004e-08
422	1.2455032214973911	0.6075757575757575	1.0000000000000004e-08
423	1.2566135381207322	0.6212121212121212	1.0000000000000004e-08
424	1.2563467170252944	0.6136363636363636	1.0000000000000004e-08
425	1.315912709091649	0.5863636363636363	1.0000000000000004e-08
426	1.280681635394241	0.6090909090909091	1.0000000000000004e-08
427	1.2302496035893757	0.6272727272727273	1.0000000000000004e-08
428	1.2044228387601448	0.6090909090909091	1.0000000000000004e-08
429	1.2674667329499216	0.6166666666666667	1.0000000000000004e-08
430	1.3264292731429592	0.593939393939394	1.0000000000000004e-08
431	1.2739559628746726	0.603030303030303	1.0000000000000004e-08
432	1.235443859389334	0.6227272727272727	1.0000000000000004e-08
433	1.2383601918365017	0.6257575757575757	1.0000000000000004e-08
434	1.2195408272020745	0.6272727272727273	1.0000000000000004e-08
435	1.2887430010419902	0.6166666666666667	1.0000000000000004e-08
436	1.251506133513017	0.6060606060606061	1.0000000000000004e-08
437	1.313463153261127	0.593939393939394	1.0000000000000004e-08
438	1.2225834311860981	0.6136363636363636	1.0000000000000004e-08
439	1.295791011868101	0.6106060606060606	1.0000000000000004e-08
440	1.2644329649029356	0.6075757575757575	1.0000000000000004e-08
441	1.255943977471554	0.6090909090909091	1.0000000000000004e-08
442	1.3159085476037227	0.5969696969696969	1.0000000000000004e-08
443	1.2432492032195583	0.603030303030303	1.0000000000000004e-08
444	1.2836511135101318	0.593939393939394	1.0000000000000004e-08
445	1.19187280626008	0.6348484848484849	1.0000000000000004e-08
446	1.2763048988400083	0.5969696969696969	1.0000000000000004e-08
447	1.194145589163809	0.6272727272727273	1.0000000000000004e-08
448	1.3043586376941565	0.6136363636363636	1.0000000000000004e-08
449	1.2784553621754502	0.5863636363636363	1.0000000000000004e-08
450	1.2864476297840928	0.6	1.0000000000000004e-08
451	1.324311892191569	0.5909090909090909	1.0000000000000004e-08
452	1.269978125890096	0.6181818181818182	1.0000000000000004e-08
453	1.2265481587612268	0.6439393939393939	1.0000000000000004e-08
454	1.2850131482789011	0.593939393939394	1.0000000000000004e-08
455	1.1811360662633723	0.6303030303030303	1.0000000000000004e-08
456	1.2307598771470967	0.6181818181818182	1.0000000000000004e-08
457	1.2806586749625928	0.6	1.0000000000000004e-08
458	1.2857515450679895	0.6	1.0000000000000004e-08
459	1.2999923698829883	0.6	1.0000000000000004e-08
460	1.2138433745413115	0.6136363636363636	1.0000000000000004e-08
461	1.1859593355294429	0.6348484848484849	1.0000000000000004e-08
462	1.3074980757453225	0.6015151515151516	1.0000000000000004e-08
463	1.3162842483231516	0.5863636363636363	1.0000000000000004e-08
464	1.2786895289565579	0.6151515151515151	1.0000000000000004e-08
465	1.3362188266985344	0.5848484848484848	1.0000000000000004e-08
466	1.2099256407130847	0.6181818181818182	1.0000000000000004e-08
467	1.2255759275320806	0.6454545454545455	1.0000000000000004e-08
468	1.185999783602628	0.6393939393939394	1.0000000000000004e-08
469	1.289219516696352	0.5636363636363636	1.0000000000000004e-08
470	1.3709216912587483	0.5772727272727273	1.0000000000000004e-08
471	1.257554789384206	0.6303030303030303	1.0000000000000004e-08
472	1.2485382051178904	0.5893939393939394	1.0000000000000004e-08
473	1.301835638104063	0.5909090909090909	1.0000000000000004e-08
474	1.24029976310152	0.6075757575757575	1.0000000000000004e-08
475	1.2779485456871265	0.6136363636363636	1.0000000000000004e-08
476	1.253622167038195	0.593939393939394	1.0000000000000004e-08
477	1.2623787757122156	0.6060606060606061	1.0000000000000004e-08
478	1.2863002762649998	0.6227272727272727	1.0000000000000004e-08
479	1.2877992499958386	0.5924242424242424	1.0000000000000004e-08
480	1.2476225621772534	0.6181818181818182	1.0000000000000004e-08
481	1.2515048511100537	0.6151515151515151	1.0000000000000004e-08
482	1.2476205428441365	0.6136363636363636	1.0000000000000004e-08
483	1.328178629730687	0.5757575757575758	1.0000000000000004e-08
484	1.2570679476766875	0.6106060606060606	1.0000000000000004e-08
485	1.2697079109423088	0.6045454545454545	1.0000000000000004e-08
486	1.2476499586394338	0.6212121212121212	1.0000000000000004e-08
487	1.2534628709157307	0.6045454545454545	1.0000000000000004e-08
488	1.2480174592047026	0.6106060606060606	1.0000000000000004e-08
489	1.2888544111540823	0.6090909090909091	1.0000000000000004e-08
490	1.3064029000022195	0.6151515151515151	1.0000000000000004e-08
491	1.2491602247411555	0.6136363636363636	1.0000000000000004e-08
492	1.243409033977624	0.6060606060606061	1.0000000000000004e-08
493	1.236348751819495	0.6015151515151516	1.0000000000000004e-08
494	1.2203971003041123	0.6212121212121212	1.0000000000000004e-08
495	1.236126563765786	0.6045454545454545	1.0000000000000004e-08
496	1.2543758840271921	0.6151515151515151	1.0000000000000004e-08
497	1.2639400814518784	0.6060606060606061	1.0000000000000004e-08
498	1.334695411450935	0.5742424242424242	1.0000000000000004e-08
499	1.3111451611374363	0.6212121212121212	1.0000000000000004e-08
500	1.2619723171898813	0.6	1.0000000000000004e-08
