epoch	loss	acc	lr
1	1.8589238325754802	10.0	0.0001
2	1.6814568440119426	21.666666666666668	0.0001
3	1.4854493240515392	28.333333333333332	0.0001
4	1.4138316909472148	28.333333333333332	0.0001
5	1.333888093630473	33.333333333333336	0.0001
6	1.2933894395828247	33.333333333333336	0.0001
7	1.1859840055306752	39.166666666666664	0.0001
8	1.148859719435374	38.333333333333336	0.0001
9	1.1520236531893413	43.333333333333336	0.0001
10	1.136922727028529	41.666666666666664	0.0001
11	1.068510353565216	46.666666666666664	0.0001
12	1.0483032365640004	50.833333333333336	0.0001
13	1.0212790419658024	55.833333333333336	0.0001
14	1.047372008363406	40.0	0.0001
15	1.0587064325809479	44.166666666666664	0.0001
16	1.0697639286518097	45.833333333333336	0.0001
17	1.0282844305038452	47.5	0.0001
18	1.0142535418272018	45.0	0.0001
19	0.9343244483073553	50.0	0.0001
20	1.0126531720161438	52.5	0.0001
21	0.9579749405384064	48.333333333333336	0.0001
22	0.9210286736488342	53.333333333333336	0.0001
23	0.961950903137525	48.333333333333336	0.0001
24	0.8927461753288904	54.166666666666664	0.0001
25	0.8963284740845362	56.666666666666664	0.0001
26	0.9069069027900696	51.666666666666664	0.0001
27	0.8499175111452738	58.333333333333336	0.0001
28	0.8322465121746063	59.166666666666664	0.0001
29	0.850601390004158	57.5	0.0001
30	0.7439712335666021	65.83333333333333	0.0001
31	0.860219269990921	58.333333333333336	0.0001
32	0.8112669388453165	58.333333333333336	0.0001
33	0.7648265908161799	65.0	0.0001
34	0.7407038609186808	64.16666666666667	0.0001
35	0.8077452729145685	55.0	0.0001
36	0.8174945116043091	55.0	0.0001
37	0.8061576386292776	60.0	0.0001
38	0.8392184525728226	64.16666666666667	0.0001
39	0.7538531770308813	58.333333333333336	0.0001
40	0.7097024718920389	66.66666666666667	0.0001
41	0.8465495804945627	60.0	0.0001
42	0.7673402031262716	63.333333333333336	0.0001
43	0.7584589570760727	55.833333333333336	0.0001
44	0.7980219821135203	59.166666666666664	0.0001
45	0.7190405378739039	71.66666666666667	0.0001
46	0.7661398152510325	60.833333333333336	0.0001
47	0.7187098910411199	68.33333333333333	0.0001
48	0.6915504684050878	69.16666666666667	0.0001
49	0.6958150664965311	68.33333333333333	0.0001
50	0.7014320989449819	60.833333333333336	0.0001
51	0.6771560609340668	69.16666666666667	0.0001
52	0.7575289905071259	66.66666666666667	0.0001
53	0.6516468425591787	69.16666666666667	0.0001
54	0.6701237907012304	66.66666666666667	0.0001
55	0.6603298584620158	67.5	0.0001
56	0.6424320340156555	69.16666666666667	0.0001
57	0.6113623678684235	74.16666666666667	0.0001
58	0.6067249551415443	67.5	1e-05
59	0.6106152385473251	68.33333333333333	1e-05
60	0.6410091718037924	70.0	1e-05
61	0.5990376869837443	72.5	1e-05
62	0.6039720426003138	70.83333333333333	1e-05
63	0.5453387945890427	73.33333333333333	1e-05
64	0.6343627870082855	72.5	1e-05
65	0.5294466738899549	76.66666666666667	1e-05
66	0.6516698052485784	65.83333333333333	1e-05
67	0.5771179993947347	74.16666666666667	1e-05
68	0.5970628907283148	75.0	1e-05
69	0.5523130645354589	75.0	1e-05
70	0.5716660072406133	70.0	1e-05
71	0.49642107635736465	80.0	1e-05
72	0.5681394835313162	72.5	1e-05
73	0.5804534455140432	70.0	1e-05
74	0.5392558127641678	77.5	1e-05
75	0.547152598698934	72.5	1e-05
76	0.5488743310173353	76.66666666666667	1e-05
77	0.5604624400536219	67.5	1e-05
78	0.5031277984380722	78.33333333333333	1e-05
79	0.5758293221394221	70.83333333333333	1e-05
80	0.5611508587996165	73.33333333333333	1e-05
81	0.5422853728135427	76.66666666666667	1e-05
82	0.5016733929514885	79.16666666666667	1e-05
83	0.5271910279989243	80.83333333333333	1e-05
84	0.5253547777732214	75.0	1.0000000000000002e-06
85	0.5076249788204829	78.33333333333333	1.0000000000000002e-06
86	0.5575927098592123	74.16666666666667	1.0000000000000002e-06
87	0.5661785205205282	71.66666666666667	1.0000000000000002e-06
88	0.5065136154492696	79.16666666666667	1.0000000000000002e-06
89	0.5521979828675588	75.0	1.0000000000000002e-06
90	0.4842693607012431	79.16666666666667	1.0000000000000002e-06
91	0.5297390098373095	78.33333333333333	1.0000000000000002e-06
92	0.4592217306296031	79.16666666666667	1.0000000000000002e-06
93	0.6031263296802839	75.0	1.0000000000000002e-06
94	0.5208301246166229	77.5	1.0000000000000002e-06
95	0.4837757994731267	78.33333333333333	1.0000000000000002e-06
96	0.5073006773988405	77.5	1.0000000000000002e-06
97	0.4898645306626956	76.66666666666667	1.0000000000000002e-06
98	0.529346431295077	75.83333333333333	1.0000000000000002e-06
99	0.473659781118234	79.16666666666667	1.0000000000000002e-06
100	0.4651029606660207	79.16666666666667	1.0000000000000002e-06
101	0.558914785583814	76.66666666666667	1.0000000000000002e-06
102	0.49569496760765713	81.66666666666667	1.0000000000000002e-06
103	0.5440098891655604	73.33333333333333	1.0000000000000002e-06
104	0.4693320542573929	81.66666666666667	1.0000000000000002e-06
105	0.5643394440412521	69.16666666666667	1.0000000000000002e-06
106	0.583342045545578	71.66666666666667	1.0000000000000002e-06
107	0.46984143555164337	80.83333333333333	1.0000000000000002e-06
108	0.5051102961103121	75.83333333333333	1.0000000000000002e-06
109	0.5221284156044325	78.33333333333333	1.0000000000000002e-06
110	0.499810794989268	75.83333333333333	1.0000000000000002e-07
111	0.5334949493408203	75.0	1.0000000000000002e-07
112	0.4906148041288058	75.0	1.0000000000000002e-07
113	0.49329419434070587	75.0	1.0000000000000002e-07
114	0.593467558423678	75.0	1.0000000000000002e-07
115	0.48146137098471325	76.66666666666667	1.0000000000000002e-07
116	0.49050919463237125	79.16666666666667	1.0000000000000002e-07
117	0.5305094917615255	78.33333333333333	1.0000000000000002e-07
118	0.5594485675295194	71.66666666666667	1.0000000000000002e-07
119	0.4460145781437556	80.0	1.0000000000000002e-07
120	0.5031405265132586	80.0	1.0000000000000002e-07
121	0.4897599716981252	79.16666666666667	1.0000000000000002e-07
122	0.5344401821494102	74.16666666666667	1.0000000000000002e-07
123	0.46323684106270474	80.83333333333333	1.0000000000000002e-07
124	0.5121572862068812	78.33333333333333	1.0000000000000002e-07
125	0.5442201892534891	76.66666666666667	1.0000000000000002e-07
126	0.4616672197977702	80.0	1.0000000000000002e-07
127	0.4785098135471344	84.16666666666667	1.0000000000000002e-07
128	0.5084956089655558	79.16666666666667	1.0000000000000002e-07
129	0.4987420042355855	74.16666666666667	1.0000000000000002e-07
130	0.538142000635465	75.83333333333333	1.0000000000000002e-07
131	0.5476529051860174	75.83333333333333	1.0000000000000002e-07
132	0.485696313281854	76.66666666666667	1.0000000000000002e-07
133	0.5466409971316656	78.33333333333333	1.0000000000000002e-07
134	0.5144393568237623	75.0	1.0000000000000002e-07
135	0.5054948131243387	77.5	1.0000000000000002e-07
136	0.46897677332162857	80.0	1.0000000000000004e-08
137	0.4838542292515437	79.16666666666667	1.0000000000000004e-08
138	0.4883637974659602	81.66666666666667	1.0000000000000004e-08
139	0.5281125381588936	70.83333333333333	1.0000000000000004e-08
140	0.4497936914364497	81.66666666666667	1.0000000000000004e-08
141	0.5125781322518984	75.83333333333333	1.0000000000000004e-08
142	0.5102051794528961	77.5	1.0000000000000004e-08
143	0.4825572421153386	76.66666666666667	1.0000000000000004e-08
144	0.49108629177014035	76.66666666666667	1.0000000000000004e-08
145	0.5173351839184761	78.33333333333333	1.0000000000000004e-08
146	0.566730131705602	71.66666666666667	1.0000000000000004e-08
147	0.49963870892922085	80.0	1.0000000000000004e-08
148	0.5696781824032465	70.83333333333333	1.0000000000000004e-08
149	0.4951188440124194	78.33333333333333	1.0000000000000004e-08
150	0.5436310370763143	74.16666666666667	1.0000000000000004e-08
151	0.47885072976350784	79.16666666666667	1.0000000000000004e-08
152	0.5167346249024073	70.83333333333333	1.0000000000000004e-08
153	0.5209042976299921	78.33333333333333	1.0000000000000004e-08
154	0.4409980773925781	82.5	1.0000000000000004e-08
155	0.5222818180918694	74.16666666666667	1.0000000000000004e-08
156	0.507261112332344	71.66666666666667	1.0000000000000004e-08
157	0.49973129232724506	76.66666666666667	1.0000000000000004e-08
158	0.5075975706179937	80.0	1.0000000000000004e-08
159	0.49226410686969757	80.83333333333333	1.0000000000000004e-08
160	0.5001932034889857	78.33333333333333	1.0000000000000004e-08
161	0.5330611715714136	77.5	1.0000000000000004e-08
162	0.5242686544855436	76.66666666666667	1.0000000000000004e-08
163	0.5439077988266945	74.16666666666667	1.0000000000000004e-08
164	0.4887479469180107	80.0	1.0000000000000004e-08
165	0.5197372113664945	74.16666666666667	1.0000000000000004e-08
166	0.4915113002061844	81.66666666666667	1.0000000000000004e-08
167	0.5101927295327187	75.0	1.0000000000000004e-08
168	0.46843596547842026	78.33333333333333	1.0000000000000004e-08
169	0.5174956644574801	72.5	1.0000000000000004e-08
170	0.48693953454494476	76.66666666666667	1.0000000000000004e-08
171	0.506097157796224	79.16666666666667	1.0000000000000004e-08
172	0.4980708609024684	71.66666666666667	1.0000000000000004e-08
173	0.5323230177164078	75.0	1.0000000000000004e-08
174	0.5063638761639595	77.5	1.0000000000000004e-08
175	0.5448435271779696	74.16666666666667	1.0000000000000004e-08
176	0.46917403240998584	77.5	1.0000000000000004e-08
177	0.552250362932682	74.16666666666667	1.0000000000000004e-08
178	0.5285065720478693	73.33333333333333	1.0000000000000004e-08
179	0.5099002147714297	78.33333333333333	1.0000000000000004e-08
180	0.49247125784556073	76.66666666666667	1.0000000000000004e-08
181	0.5060040478905042	74.16666666666667	1.0000000000000004e-08
182	0.5010914107163748	74.16666666666667	1.0000000000000004e-08
183	0.5178290605545044	74.16666666666667	1.0000000000000004e-08
184	0.5263995702068011	76.66666666666667	1.0000000000000004e-08
185	0.556569923957189	71.66666666666667	1.0000000000000004e-08
186	0.480705792705218	78.33333333333333	1.0000000000000004e-08
187	0.486488439142704	80.83333333333333	1.0000000000000004e-08
188	0.527625118692716	79.16666666666667	1.0000000000000004e-08
189	0.5380362222592036	70.0	1.0000000000000004e-08
190	0.4959350973367691	75.83333333333333	1.0000000000000004e-08
191	0.5612723877032598	74.16666666666667	1.0000000000000004e-08
192	0.5645131121079127	75.0	1.0000000000000004e-08
193	0.48073558260997135	78.33333333333333	1.0000000000000004e-08
194	0.5185792744159698	71.66666666666667	1.0000000000000004e-08
195	0.5098236501216888	78.33333333333333	1.0000000000000004e-08
196	0.47927331179380417	79.16666666666667	1.0000000000000004e-08
197	0.5053032959500948	80.0	1.0000000000000004e-08
198	0.542867012321949	73.33333333333333	1.0000000000000004e-08
199	0.4661317691206932	80.83333333333333	1.0000000000000004e-08
200	0.5210807671149572	79.16666666666667	1.0000000000000004e-08
201	0.47856539736191434	77.5	1.0000000000000004e-08
202	0.5612679421901703	72.5	1.0000000000000004e-08
203	0.5005572314063708	80.83333333333333	1.0000000000000004e-08
204	0.47956178585688275	77.5	1.0000000000000004e-08
205	0.5492648134628931	71.66666666666667	1.0000000000000004e-08
206	0.5305981338024139	75.83333333333333	1.0000000000000004e-08
207	0.5005205223957697	75.0	1.0000000000000004e-08
208	0.5371833841005961	75.83333333333333	1.0000000000000004e-08
209	0.4747144853075345	80.83333333333333	1.0000000000000004e-08
210	0.5239988267421722	77.5	1.0000000000000004e-08
211	0.5802424599726995	75.83333333333333	1.0000000000000004e-08
212	0.5146760394175848	75.0	1.0000000000000004e-08
213	0.48777903864781064	78.33333333333333	1.0000000000000004e-08
214	0.5014381830890974	75.83333333333333	1.0000000000000004e-08
215	0.5200740819176038	75.0	1.0000000000000004e-08
216	0.48434704045454663	80.83333333333333	1.0000000000000004e-08
217	0.4546236072977384	82.5	1.0000000000000004e-08
218	0.5207945182919502	77.5	1.0000000000000004e-08
219	0.4892329176266988	81.66666666666667	1.0000000000000004e-08
220	0.527187945942084	74.16666666666667	1.0000000000000004e-08
221	0.4812336241205533	75.83333333333333	1.0000000000000004e-08
222	0.4990372583270073	81.66666666666667	1.0000000000000004e-08
223	0.5210069715976715	79.16666666666667	1.0000000000000004e-08
224	0.5009264921148618	76.66666666666667	1.0000000000000004e-08
225	0.5135454485813776	76.66666666666667	1.0000000000000004e-08
226	0.5156908705830574	76.66666666666667	1.0000000000000004e-08
227	0.4809880331158638	76.66666666666667	1.0000000000000004e-08
228	0.5406368573506674	72.5	1.0000000000000004e-08
229	0.49521617343028385	78.33333333333333	1.0000000000000004e-08
230	0.489524208009243	76.66666666666667	1.0000000000000004e-08
231	0.5085114687681198	75.0	1.0000000000000004e-08
232	0.5393347640832266	74.16666666666667	1.0000000000000004e-08
233	0.5005080153544744	75.0	1.0000000000000004e-08
234	0.513207865258058	73.33333333333333	1.0000000000000004e-08
235	0.5883496155341467	75.83333333333333	1.0000000000000004e-08
236	0.5441726272304853	72.5	1.0000000000000004e-08
237	0.5433510442574819	68.33333333333333	1.0000000000000004e-08
238	0.5102602889140447	74.16666666666667	1.0000000000000004e-08
239	0.49737248321374256	75.0	1.0000000000000004e-08
240	0.5438326845566431	69.16666666666667	1.0000000000000004e-08
241	0.4542824849486351	85.0	1.0000000000000004e-08
242	0.4493330518404643	79.16666666666667	1.0000000000000004e-08
243	0.49207961310942966	80.83333333333333	1.0000000000000004e-08
244	0.48108505954345065	75.83333333333333	1.0000000000000004e-08
245	0.48749448110659915	77.5	1.0000000000000004e-08
246	0.5036121234297752	79.16666666666667	1.0000000000000004e-08
247	0.5145986477533976	75.83333333333333	1.0000000000000004e-08
248	0.5491181413332621	75.0	1.0000000000000004e-08
249	0.4407372648517291	81.66666666666667	1.0000000000000004e-08
250	0.5080461303393046	75.0	1.0000000000000004e-08
251	0.4990573823451996	76.66666666666667	1.0000000000000004e-08
252	0.5336676860849062	72.5	1.0000000000000004e-08
253	0.5033735806743304	75.83333333333333	1.0000000000000004e-08
254	0.533247505625089	73.33333333333333	1.0000000000000004e-08
255	0.5123505393664042	73.33333333333333	1.0000000000000004e-08
256	0.5031428957978884	74.16666666666667	1.0000000000000004e-08
257	0.5208383575081825	76.66666666666667	1.0000000000000004e-08
258	0.4750162313381831	77.5	1.0000000000000004e-08
259	0.5020456264416376	76.66666666666667	1.0000000000000004e-08
260	0.5107648000121117	75.83333333333333	1.0000000000000004e-08
261	0.5298896133899689	80.0	1.0000000000000004e-08
262	0.5494415958722433	74.16666666666667	1.0000000000000004e-08
263	0.5575295512874922	70.83333333333333	1.0000000000000004e-08
264	0.5130830506483713	76.66666666666667	1.0000000000000004e-08
265	0.4832051719228427	78.33333333333333	1.0000000000000004e-08
266	0.49540741741657257	79.16666666666667	1.0000000000000004e-08
267	0.5372763400276502	71.66666666666667	1.0000000000000004e-08
268	0.49895818034807843	77.5	1.0000000000000004e-08
269	0.5381401975949606	70.83333333333333	1.0000000000000004e-08
270	0.5467664549748102	72.5	1.0000000000000004e-08
271	0.4830310021837552	77.5	1.0000000000000004e-08
272	0.5069669410586357	76.66666666666667	1.0000000000000004e-08
273	0.47516652444998425	77.5	1.0000000000000004e-08
274	0.5027268504103025	75.83333333333333	1.0000000000000004e-08
275	0.45721027503410977	80.83333333333333	1.0000000000000004e-08
276	0.49284595002730686	78.33333333333333	1.0000000000000004e-08
277	0.5494535565376282	73.33333333333333	1.0000000000000004e-08
278	0.48998067279656726	80.83333333333333	1.0000000000000004e-08
279	0.5146264731884003	76.66666666666667	1.0000000000000004e-08
280	0.5091067925095558	76.66666666666667	1.0000000000000004e-08
281	0.5218379199504852	77.5	1.0000000000000004e-08
282	0.5162698278824488	76.66666666666667	1.0000000000000004e-08
283	0.541200357178847	73.33333333333333	1.0000000000000004e-08
284	0.4738677938779195	79.16666666666667	1.0000000000000004e-08
285	0.5197958846886953	75.83333333333333	1.0000000000000004e-08
286	0.5283069014549255	72.5	1.0000000000000004e-08
287	0.4968509376049042	78.33333333333333	1.0000000000000004e-08
288	0.6950058937072754	66.66666666666667	1.0000000000000004e-08
289	0.46495883415142697	76.66666666666667	1.0000000000000004e-08
290	0.5526378328601519	77.5	1.0000000000000004e-08
291	0.4635756015777588	82.5	1.0000000000000004e-08
292	0.593377947807312	71.66666666666667	1.0000000000000004e-08
293	0.5039391741156578	78.33333333333333	1.0000000000000004e-08
294	0.5893658772110939	70.0	1.0000000000000004e-08
295	0.5048369069894155	79.16666666666667	1.0000000000000004e-08
296	0.501096228758494	75.0	1.0000000000000004e-08
297	0.5232514093319575	80.0	1.0000000000000004e-08
298	0.4406292513012886	82.5	1.0000000000000004e-08
299	0.5267271573344866	75.0	1.0000000000000004e-08
300	0.506214958926042	78.33333333333333	1.0000000000000004e-08
301	0.49632348865270615	77.5	1.0000000000000004e-08
302	0.5098923568924268	75.83333333333333	1.0000000000000004e-08
303	0.5347012529770533	73.33333333333333	1.0000000000000004e-08
304	0.5816594958305359	74.16666666666667	1.0000000000000004e-08
305	0.54627193013827	75.0	1.0000000000000004e-08
306	0.5083380863070488	76.66666666666667	1.0000000000000004e-08
307	0.5149842376510302	77.5	1.0000000000000004e-08
308	0.511076365907987	80.0	1.0000000000000004e-08
309	0.4986361314853032	79.16666666666667	1.0000000000000004e-08
310	0.5108225842316946	74.16666666666667	1.0000000000000004e-08
311	0.5177874068419138	76.66666666666667	1.0000000000000004e-08
312	0.48821282386779785	76.66666666666667	1.0000000000000004e-08
313	0.4692859947681427	80.83333333333333	1.0000000000000004e-08
314	0.5345509548981985	71.66666666666667	1.0000000000000004e-08
315	0.5618813087542852	75.83333333333333	1.0000000000000004e-08
316	0.49131371825933456	76.66666666666667	1.0000000000000004e-08
317	0.5557758609453837	76.66666666666667	1.0000000000000004e-08
318	0.46330728630224866	81.66666666666667	1.0000000000000004e-08
319	0.5426050921281179	73.33333333333333	1.0000000000000004e-08
320	0.46067678183317184	80.83333333333333	1.0000000000000004e-08
321	0.5874979371825854	70.0	1.0000000000000004e-08
322	0.47349560012420017	82.5	1.0000000000000004e-08
323	0.51663738489151	74.16666666666667	1.0000000000000004e-08
324	0.5639171451330185	73.33333333333333	1.0000000000000004e-08
325	0.5155353446801504	75.83333333333333	1.0000000000000004e-08
326	0.4816613147656123	80.0	1.0000000000000004e-08
327	0.5072225977977117	79.16666666666667	1.0000000000000004e-08
328	0.5253736029068629	76.66666666666667	1.0000000000000004e-08
329	0.48388055711984634	77.5	1.0000000000000004e-08
330	0.4915315806865692	75.83333333333333	1.0000000000000004e-08
331	0.5639849354823431	72.5	1.0000000000000004e-08
332	0.5396679739157358	77.5	1.0000000000000004e-08
333	0.4979499901334445	75.0	1.0000000000000004e-08
334	0.5101908991734186	75.83333333333333	1.0000000000000004e-08
335	0.504973736902078	79.16666666666667	1.0000000000000004e-08
336	0.52540190021197	75.0	1.0000000000000004e-08
337	0.4997489998737971	79.16666666666667	1.0000000000000004e-08
338	0.5096490482489268	78.33333333333333	1.0000000000000004e-08
339	0.47942062218983966	79.16666666666667	1.0000000000000004e-08
340	0.5382010589043299	71.66666666666667	1.0000000000000004e-08
341	0.4936517079671224	76.66666666666667	1.0000000000000004e-08
342	0.48246850818395615	80.83333333333333	1.0000000000000004e-08
343	0.4870154832800229	80.83333333333333	1.0000000000000004e-08
344	0.4815766041477521	77.5	1.0000000000000004e-08
345	0.5383017361164093	75.0	1.0000000000000004e-08
346	0.586143950621287	70.0	1.0000000000000004e-08
347	0.5212723140915235	74.16666666666667	1.0000000000000004e-08
348	0.5109919160604477	78.33333333333333	1.0000000000000004e-08
349	0.5272554904222488	75.0	1.0000000000000004e-08
350	0.47448821862538654	81.66666666666667	1.0000000000000004e-08
351	0.4806481897830963	76.66666666666667	1.0000000000000004e-08
352	0.4947056124607722	75.83333333333333	1.0000000000000004e-08
353	0.5159039174516996	77.5	1.0000000000000004e-08
354	0.5715779488285383	69.16666666666667	1.0000000000000004e-08
355	0.4997437795003255	80.83333333333333	1.0000000000000004e-08
356	0.5533636709054311	80.83333333333333	1.0000000000000004e-08
357	0.5649929642677307	70.83333333333333	1.0000000000000004e-08
358	0.5616986453533173	70.0	1.0000000000000004e-08
359	0.5443010479211807	75.0	1.0000000000000004e-08
360	0.49670960505803424	78.33333333333333	1.0000000000000004e-08
361	0.5374353478352228	78.33333333333333	1.0000000000000004e-08
362	0.5467585722605387	76.66666666666667	1.0000000000000004e-08
363	0.6225190659364065	67.5	1.0000000000000004e-08
364	0.4816061705350876	80.83333333333333	1.0000000000000004e-08
365	0.526117409269015	72.5	1.0000000000000004e-08
366	0.5228630875547727	75.83333333333333	1.0000000000000004e-08
367	0.49114418774843216	77.5	1.0000000000000004e-08
368	0.45993591845035553	80.83333333333333	1.0000000000000004e-08
369	0.5176186462243398	79.16666666666667	1.0000000000000004e-08
370	0.483134463429451	83.33333333333333	1.0000000000000004e-08
371	0.5065398166577021	78.33333333333333	1.0000000000000004e-08
372	0.5234463761250178	76.66666666666667	1.0000000000000004e-08
373	0.47879410286744434	80.83333333333333	1.0000000000000004e-08
374	0.5813927203416824	77.5	1.0000000000000004e-08
375	0.47138312210639316	80.0	1.0000000000000004e-08
376	0.48285915702581406	78.33333333333333	1.0000000000000004e-08
377	0.48940054327249527	79.16666666666667	1.0000000000000004e-08
378	0.5064284279942513	78.33333333333333	1.0000000000000004e-08
379	0.504124365746975	76.66666666666667	1.0000000000000004e-08
380	0.4991259252031644	79.16666666666667	1.0000000000000004e-08
381	0.4886544644832611	75.0	1.0000000000000004e-08
382	0.4909934823711713	75.83333333333333	1.0000000000000004e-08
383	0.4816269005338351	76.66666666666667	1.0000000000000004e-08
384	0.5026077404618263	78.33333333333333	1.0000000000000004e-08
385	0.5229970018068949	75.83333333333333	1.0000000000000004e-08
386	0.5188753431042036	75.0	1.0000000000000004e-08
387	0.49238379796346027	79.16666666666667	1.0000000000000004e-08
388	0.4687155211965243	81.66666666666667	1.0000000000000004e-08
389	0.5223846087853113	78.33333333333333	1.0000000000000004e-08
390	0.4995296324292819	77.5	1.0000000000000004e-08
391	0.51763387521108	73.33333333333333	1.0000000000000004e-08
392	0.5289783726135889	75.0	1.0000000000000004e-08
393	0.5139102041721344	75.0	1.0000000000000004e-08
394	0.5386938725908598	76.66666666666667	1.0000000000000004e-08
395	0.5107774585485458	79.16666666666667	1.0000000000000004e-08
396	0.5460321828722954	77.5	1.0000000000000004e-08
397	0.4792582293351491	80.0	1.0000000000000004e-08
398	0.4909878447651863	83.33333333333333	1.0000000000000004e-08
399	0.43671951194604236	84.16666666666667	1.0000000000000004e-08
400	0.4820454816023509	80.0	1.0000000000000004e-08
401	0.541598916053772	75.83333333333333	1.0000000000000004e-08
402	0.47720614572366077	75.83333333333333	1.0000000000000004e-08
403	0.4877203032374382	76.66666666666667	1.0000000000000004e-08
404	0.5217075496912003	75.83333333333333	1.0000000000000004e-08
405	0.5230723122755686	80.0	1.0000000000000004e-08
406	0.5256987859805425	73.33333333333333	1.0000000000000004e-08
407	0.4914829929669698	75.83333333333333	1.0000000000000004e-08
408	0.5293298413356146	74.16666666666667	1.0000000000000004e-08
409	0.526721807817618	75.0	1.0000000000000004e-08
410	0.5769396225611368	70.0	1.0000000000000004e-08
411	0.48770314703385037	77.5	1.0000000000000004e-08
412	0.5165290907025337	75.83333333333333	1.0000000000000004e-08
413	0.4763920456171036	79.16666666666667	1.0000000000000004e-08
414	0.49185718099276227	78.33333333333333	1.0000000000000004e-08
415	0.5146734242637953	75.83333333333333	1.0000000000000004e-08
416	0.5324925631284714	76.66666666666667	1.0000000000000004e-08
417	0.5497137556473414	70.83333333333333	1.0000000000000004e-08
418	0.4784591843684514	77.5	1.0000000000000004e-08
419	0.5384474992752075	72.5	1.0000000000000004e-08
420	0.44910044719775516	78.33333333333333	1.0000000000000004e-08
421	0.47722504536310834	80.0	1.0000000000000004e-08
422	0.4543793052434921	81.66666666666667	1.0000000000000004e-08
423	0.4692349632581075	78.33333333333333	1.0000000000000004e-08
424	0.4690692722797394	81.66666666666667	1.0000000000000004e-08
425	0.4671264837185542	77.5	1.0000000000000004e-08
426	0.5178880120317141	80.83333333333333	1.0000000000000004e-08
427	0.506810799241066	77.5	1.0000000000000004e-08
428	0.4808838168780009	79.16666666666667	1.0000000000000004e-08
429	0.4702802821993828	79.16666666666667	1.0000000000000004e-08
430	0.5091716001431147	78.33333333333333	1.0000000000000004e-08
431	0.5563368399937948	75.83333333333333	1.0000000000000004e-08
432	0.46740175783634186	77.5	1.0000000000000004e-08
433	0.5598575919866562	71.66666666666667	1.0000000000000004e-08
434	0.5472094068924586	75.83333333333333	1.0000000000000004e-08
435	0.5071340203285217	76.66666666666667	1.0000000000000004e-08
436	0.5386604269345602	72.5	1.0000000000000004e-08
437	0.5665708780288696	72.5	1.0000000000000004e-08
438	0.48432883620262146	78.33333333333333	1.0000000000000004e-08
439	0.5651547983288765	72.5	1.0000000000000004e-08
440	0.5167206327120463	76.66666666666667	1.0000000000000004e-08
441	0.48125676065683365	81.66666666666667	1.0000000000000004e-08
442	0.5240894556045532	76.66666666666667	1.0000000000000004e-08
443	0.4706115449468295	77.5	1.0000000000000004e-08
444	0.5484085232019424	76.66666666666667	1.0000000000000004e-08
445	0.48432503392299014	81.66666666666667	1.0000000000000004e-08
446	0.516467772424221	77.5	1.0000000000000004e-08
447	0.4465740943948428	80.83333333333333	1.0000000000000004e-08
448	0.5286611914634705	76.66666666666667	1.0000000000000004e-08
449	0.48950820167859393	77.5	1.0000000000000004e-08
450	0.4791908065478007	81.66666666666667	1.0000000000000004e-08
451	0.5013293946782748	79.16666666666667	1.0000000000000004e-08
452	0.4697759921352069	83.33333333333333	1.0000000000000004e-08
453	0.4811026106278102	80.0	1.0000000000000004e-08
454	0.5083095158139864	76.66666666666667	1.0000000000000004e-08
455	0.4882139638066292	78.33333333333333	1.0000000000000004e-08
456	0.5072310691078504	75.0	1.0000000000000004e-08
457	0.47822174429893494	80.83333333333333	1.0000000000000004e-08
458	0.5597944060961405	68.33333333333333	1.0000000000000004e-08
459	0.5499201913674673	75.0	1.0000000000000004e-08
460	0.4780355344216029	79.16666666666667	1.0000000000000004e-08
461	0.5411014805237452	70.0	1.0000000000000004e-08
462	0.4849790185689926	80.83333333333333	1.0000000000000004e-08
463	0.4759596462051074	76.66666666666667	1.0000000000000004e-08
464	0.4876791660984357	77.5	1.0000000000000004e-08
465	0.4914231126507123	81.66666666666667	1.0000000000000004e-08
466	0.4793293798963229	79.16666666666667	1.0000000000000004e-08
467	0.4931508004665375	78.33333333333333	1.0000000000000004e-08
468	0.5233762189745903	81.66666666666667	1.0000000000000004e-08
469	0.44927526513735455	80.0	1.0000000000000004e-08
470	0.5466789106527964	73.33333333333333	1.0000000000000004e-08
471	0.5251718064149221	76.66666666666667	1.0000000000000004e-08
472	0.5384141703446707	75.0	1.0000000000000004e-08
473	0.5004984512925148	77.5	1.0000000000000004e-08
474	0.535915787021319	72.5	1.0000000000000004e-08
475	0.5090186794598898	77.5	1.0000000000000004e-08
476	0.5473507543404897	74.16666666666667	1.0000000000000004e-08
477	0.4907791540026665	81.66666666666667	1.0000000000000004e-08
478	0.4961926539738973	81.66666666666667	1.0000000000000004e-08
479	0.4680257762471835	83.33333333333333	1.0000000000000004e-08
480	0.5097072521845499	78.33333333333333	1.0000000000000004e-08
481	0.49218446761369705	75.0	1.0000000000000004e-08
482	0.4865332494179408	76.66666666666667	1.0000000000000004e-08
483	0.515172561009725	70.83333333333333	1.0000000000000004e-08
484	0.461345170934995	80.83333333333333	1.0000000000000004e-08
485	0.49066054075956345	76.66666666666667	1.0000000000000004e-08
486	0.508740762869517	80.0	1.0000000000000004e-08
487	0.5504181136687597	75.0	1.0000000000000004e-08
488	0.5064169938365618	71.66666666666667	1.0000000000000004e-08
489	0.5643761853377024	68.33333333333333	1.0000000000000004e-08
490	0.5096775591373444	82.5	1.0000000000000004e-08
491	0.5164633418122927	79.16666666666667	1.0000000000000004e-08
492	0.49428915480772656	73.33333333333333	1.0000000000000004e-08
493	0.550261415541172	69.16666666666667	1.0000000000000004e-08
494	0.5111720810333887	77.5	1.0000000000000004e-08
495	0.5172513574361801	79.16666666666667	1.0000000000000004e-08
496	0.5313346311450005	71.66666666666667	1.0000000000000004e-08
497	0.538141094148159	74.16666666666667	1.0000000000000004e-08
498	0.545082281033198	77.5	1.0000000000000004e-08
499	0.5092913657426834	75.83333333333333	1.0000000000000004e-08
500	0.49980246772368747	76.66666666666667	1.0000000000000004e-08
