epoch	batch	iter	loss	acc	lr
1	1	1	1.8007105588912964	16.0	1e-06
1	2	2	1.8414348363876343	12.0	1e-06
1	3	3	1.8227120637893677	16.0	1e-06
1	4	4	1.8180993795394897	16.0	1e-06
1	5	5	1.7885992527008057	20.0	1e-06
1	6	6	1.8341466188430786	16.0	1e-06
1	7	7	1.8674499988555908	8.0	1e-06
1	8	8	1.8122835159301758	24.0	1e-06
1	9	9	1.7838904857635498	28.571428571428573	1e-06
2	1	10	1.7962521314620972	20.0	1e-06
2	2	11	1.8266934156417847	14.0	1e-06
2	3	12	1.843348503112793	10.0	1e-06
2	4	13	1.8272329568862915	16.0	1e-06
2	5	14	1.8145252466201782	16.0	1e-06
2	6	15	1.8124799728393555	14.0	1e-06
2	7	16	1.774792194366455	18.0	1e-06
2	8	17	1.8095290660858154	12.0	1e-06
2	9	18	1.8263609409332275	0.0	1e-06
3	1	19	1.8153884410858154	14.0	1e-06
3	2	20	1.8074660301208496	16.0	1e-06
3	3	21	1.798743486404419	18.0	1e-06
3	4	22	1.8053666353225708	10.0	1e-06
3	5	23	1.7903895378112793	22.0	1e-06
3	6	24	1.847405195236206	12.0	1e-06
3	7	25	1.746860146522522	26.0	1e-06
3	8	26	1.800932765007019	20.0	1e-06
3	9	27	1.9122638702392578	14.285714285714286	1e-06
4	1	28	1.8110573291778564	12.0	1e-06
4	2	29	1.8057799339294434	14.0	1e-06
4	3	30	1.7855024337768555	26.0	1e-06
4	4	31	1.807551622390747	16.0	1e-06
4	5	32	1.819916844367981	10.0	1e-06
4	6	33	1.8116258382797241	14.0	1e-06
4	7	34	1.8069791793823242	18.0	1e-06
4	8	35	1.801896333694458	16.0	1e-06
4	9	36	1.7971638441085815	14.285714285714286	1e-06
5	1	37	1.811214566230774	14.0	1e-06
5	2	38	1.810299277305603	10.0	1e-06
5	3	39	1.8316090106964111	14.0	1e-06
5	4	40	1.7800689935684204	26.0	1e-06
5	5	41	1.8044569492340088	18.0	1e-06
5	6	42	1.7792925834655762	16.0	1e-06
5	7	43	1.8333760499954224	18.0	1e-06
5	8	44	1.788571834564209	16.0	1e-06
5	9	45	1.7061890363693237	14.285714285714286	1e-06
6	1	46	1.7972157001495361	18.0	1e-06
6	2	47	1.791770339012146	24.0	1e-06
6	3	48	1.8152981996536255	18.0	1e-06
6	4	49	1.7891801595687866	18.0	1e-06
6	5	50	1.7986139059066772	18.0	1e-06
6	6	51	1.799916386604309	18.0	1e-06
6	7	52	1.8059742450714111	16.0	1e-06
6	8	53	1.778703212738037	20.0	1e-06
6	9	54	1.6609323024749756	42.857142857142854	1e-06
7	1	55	1.7938575744628906	22.0	1e-06
7	2	56	1.7723219394683838	22.0	1e-06
7	3	57	1.7751727104187012	28.0	1e-06
7	4	58	1.8281036615371704	10.0	1e-06
7	5	59	1.844698429107666	24.0	1e-06
7	6	60	1.802330732345581	16.0	1e-06
7	7	61	1.7843343019485474	22.0	1e-06
7	8	62	1.7981228828430176	18.0	1e-06
7	9	63	1.641585350036621	28.571428571428573	1e-06
8	1	64	1.7925227880477905	28.0	1e-06
8	2	65	1.7639508247375488	28.0	1e-06
8	3	66	1.7804032564163208	24.0	1e-06
8	4	67	1.8214799165725708	12.0	1e-06
8	5	68	1.7243221998214722	22.0	1e-06
8	6	69	1.8130100965499878	16.0	1e-06
8	7	70	1.770236611366272	32.0	1e-06
8	8	71	1.794295072555542	16.0	1e-06
8	9	72	1.8832145929336548	14.285714285714286	1e-06
9	1	73	1.7500306367874146	22.0	1e-06
9	2	74	1.7856007814407349	18.0	1e-06
9	3	75	1.8240330219268799	22.0	1e-06
9	4	76	1.7563729286193848	24.0	1e-06
9	5	77	1.8062057495117188	26.0	1e-06
9	6	78	1.7848347425460815	20.0	1e-06
9	7	79	1.7250878810882568	28.0	1e-06
9	8	80	1.7632654905319214	18.0	1e-06
9	9	81	1.7729367017745972	14.285714285714286	1e-06
10	1	82	1.7892781496047974	22.0	1e-06
10	2	83	1.7600467205047607	28.0	1e-06
10	3	84	1.7929350137710571	24.0	1e-06
10	4	85	1.8014036417007446	18.0	1e-06
10	5	86	1.770081639289856	20.0	1e-06
10	6	87	1.8028379678726196	26.0	1e-06
10	7	88	1.7727360725402832	24.0	1e-06
10	8	89	1.8023006916046143	22.0	1e-06
10	9	90	1.779120683670044	14.285714285714286	1e-06
11	1	91	1.8272918462753296	16.0	1e-06
11	2	92	1.7515407800674438	32.0	1e-06
11	3	93	1.797617793083191	12.0	1e-06
11	4	94	1.7944444417953491	26.0	1e-06
11	5	95	1.7971912622451782	12.0	1e-06
11	6	96	1.740512728691101	26.0	1e-06
11	7	97	1.8057175874710083	8.0	1e-06
11	8	98	1.7809877395629883	18.0	1e-06
11	9	99	1.7203313112258911	28.571428571428573	1e-06
12	1	100	1.8006993532180786	20.0	1e-06
12	2	101	1.7731471061706543	24.0	1e-06
12	3	102	1.7967474460601807	18.0	1e-06
12	4	103	1.796228051185608	22.0	1e-06
12	5	104	1.7725791931152344	18.0	1e-06
12	6	105	1.7933741807937622	20.0	1e-06
12	7	106	1.7690472602844238	20.0	1e-06
12	8	107	1.7694777250289917	24.0	1e-06
12	9	108	1.7197266817092896	14.285714285714286	1e-06
13	1	109	1.7123335599899292	28.0	1e-06
13	2	110	1.763169765472412	28.0	1e-06
13	3	111	1.7623910903930664	10.0	1e-06
13	4	112	1.8051360845565796	20.0	1e-06
13	5	113	1.819264531135559	8.0	1e-06
13	6	114	1.741469144821167	32.0	1e-06
13	7	115	1.7903133630752563	20.0	1e-06
13	8	116	1.8045142889022827	10.0	1e-06
13	9	117	1.7643283605575562	28.571428571428573	1e-06
14	1	118	1.8132538795471191	12.0	1e-06
14	2	119	1.7225688695907593	32.0	1e-06
14	3	120	1.7920677661895752	22.0	1e-06
14	4	121	1.7869632244110107	24.0	1e-06
14	5	122	1.762946605682373	18.0	1e-06
14	6	123	1.782776951789856	30.0	1e-06
14	7	124	1.7964025735855103	18.0	1e-06
14	8	125	1.7402859926223755	24.0	1e-06
14	9	126	1.7736865282058716	14.285714285714286	1e-06
15	1	127	1.7681111097335815	22.0	1e-06
15	2	128	1.8036493062973022	24.0	1e-06
15	3	129	1.7974683046340942	24.0	1e-06
15	4	130	1.74666428565979	20.0	1e-06
15	5	131	1.752589464187622	32.0	1e-06
15	6	132	1.7810277938842773	20.0	1e-06
15	7	133	1.780653476715088	26.0	1e-06
15	8	134	1.7705310583114624	20.0	1e-06
15	9	135	1.805275797843933	14.285714285714286	1e-06
16	1	136	1.8025999069213867	22.0	1e-06
16	2	137	1.7695586681365967	26.0	1e-06
16	3	138	1.7603089809417725	14.0	1e-06
16	4	139	1.7817798852920532	24.0	1e-06
16	5	140	1.7410506010055542	30.0	1e-06
16	6	141	1.7785638570785522	20.0	1e-06
16	7	142	1.7417008876800537	30.0	1e-06
16	8	143	1.7654398679733276	18.0	1e-06
16	9	144	1.6892651319503784	28.571428571428573	1e-06
17	1	145	1.7886701822280884	16.0	1e-06
17	2	146	1.8017643690109253	22.0	1e-06
17	3	147	1.7875914573669434	18.0	1e-06
17	4	148	1.7601561546325684	30.0	1e-06
17	5	149	1.779323935508728	20.0	1e-06
17	6	150	1.7659404277801514	22.0	1e-06
17	7	151	1.7259173393249512	24.0	1e-06
17	8	152	1.736601710319519	30.0	1e-06
17	9	153	1.8216791152954102	14.285714285714286	1e-06
18	1	154	1.7202831506729126	30.0	1e-06
18	2	155	1.7949618101119995	20.0	1e-06
18	3	156	1.7702915668487549	20.0	1e-06
18	4	157	1.7493118047714233	30.0	1e-06
18	5	158	1.7848560810089111	24.0	1e-06
18	6	159	1.6948273181915283	36.0	1e-06
18	7	160	1.7660009860992432	20.0	1e-06
18	8	161	1.733761191368103	16.0	1e-06
18	9	162	1.7086580991744995	42.857142857142854	1e-06
19	1	163	1.7560129165649414	26.0	1e-06
19	2	164	1.767806053161621	30.0	1e-06
19	3	165	1.776920199394226	16.0	1e-06
19	4	166	1.6997730731964111	32.0	1e-06
19	5	167	1.7579771280288696	26.0	1e-06
19	6	168	1.732797384262085	26.0	1e-06
19	7	169	1.7894032001495361	30.0	1e-06
19	8	170	1.7468127012252808	20.0	1e-06
19	9	171	1.7535364627838135	42.857142857142854	1e-06
20	1	172	1.7305364608764648	32.0	1e-06
20	2	173	1.7921558618545532	18.0	1e-06
20	3	174	1.7287476062774658	24.0	1e-06
20	4	175	1.7676118612289429	20.0	1e-06
20	5	176	1.7309116125106812	26.0	1e-06
20	6	177	1.7203046083450317	30.0	1e-06
20	7	178	1.7762246131896973	22.0	1e-06
20	8	179	1.7635961771011353	30.0	1e-06
20	9	180	1.8071744441986084	28.571428571428573	1e-06
21	1	181	1.7917442321777344	10.0	1e-06
21	2	182	1.7060613632202148	30.0	1e-06
21	3	183	1.7370927333831787	26.0	1e-06
21	4	184	1.74174165725708	26.0	1e-06
21	5	185	1.7577799558639526	16.0	1e-06
21	6	186	1.7846996784210205	18.0	1e-06
21	7	187	1.7235788106918335	32.0	1e-06
21	8	188	1.7900214195251465	22.0	1e-06
21	9	189	1.8687422275543213	14.285714285714286	1e-06
22	1	190	1.8039894104003906	20.0	1e-06
22	2	191	1.6931068897247314	28.0	1e-06
22	3	192	1.7259920835494995	26.0	1e-06
22	4	193	1.7011860609054565	28.0	1e-06
22	5	194	1.740599513053894	22.0	1e-06
22	6	195	1.755536675453186	22.0	1e-06
22	7	196	1.7547038793563843	32.0	1e-06
22	8	197	1.7532756328582764	20.0	1e-06
22	9	198	1.7871991395950317	28.571428571428573	1e-06
23	1	199	1.6599397659301758	40.0	1e-06
23	2	200	1.772325873374939	14.0	1e-06
23	3	201	1.7838196754455566	18.0	1e-06
23	4	202	1.7088056802749634	36.0	1e-06
23	5	203	1.7862968444824219	24.0	1e-06
23	6	204	1.7481979131698608	22.0	1e-06
23	7	205	1.7557382583618164	12.0	1e-06
23	8	206	1.7259231805801392	30.0	1e-06
23	9	207	1.6845180988311768	28.571428571428573	1e-06
24	1	208	1.7085026502609253	30.0	1e-06
24	2	209	1.746718406677246	26.0	1e-06
24	3	210	1.7434176206588745	28.0	1e-06
24	4	211	1.7396655082702637	20.0	1e-06
24	5	212	1.6812726259231567	42.0	1e-06
24	6	213	1.7514725923538208	22.0	1e-06
24	7	214	1.7329697608947754	32.0	1e-06
24	8	215	1.7653651237487793	12.0	1e-06
24	9	216	1.799477219581604	28.571428571428573	1e-06
25	1	217	1.692165493965149	32.0	1e-06
25	2	218	1.727964162826538	24.0	1e-06
25	3	219	1.7095571756362915	28.0	1e-06
25	4	220	1.6963915824890137	34.0	1e-06
25	5	221	1.7269043922424316	28.0	1e-06
25	6	222	1.7287694215774536	26.0	1e-06
25	7	223	1.7573857307434082	22.0	1e-06
25	8	224	1.7735621929168701	26.0	1e-06
25	9	225	1.6942483186721802	14.285714285714286	1e-06
26	1	226	1.767807126045227	20.0	1e-06
26	2	227	1.7403204441070557	22.0	1e-06
26	3	228	1.723017930984497	28.0	1e-06
26	4	229	1.7351020574569702	22.0	1e-06
26	5	230	1.7570126056671143	22.0	1e-06
26	6	231	1.7217506170272827	24.0	1e-06
26	7	232	1.692237138748169	24.0	1e-06
26	8	233	1.708886981010437	28.0	1e-06
26	9	234	1.7552640438079834	14.285714285714286	1e-06
27	1	235	1.7263264656066895	24.0	1e-06
27	2	236	1.7170138359069824	32.0	1e-06
27	3	237	1.7340790033340454	30.0	1e-06
27	4	238	1.698703646659851	24.0	1e-06
27	5	239	1.7301225662231445	20.0	1e-06
27	6	240	1.7817511558532715	22.0	1e-06
27	7	241	1.6631817817687988	44.0	1e-06
27	8	242	1.7342971563339233	24.0	1e-06
27	9	243	1.6877692937850952	14.285714285714286	1e-06
28	1	244	1.7167582511901855	26.0	1e-06
28	2	245	1.7367262840270996	16.0	1e-06
28	3	246	1.6844896078109741	28.0	1e-06
28	4	247	1.7287217378616333	22.0	1e-06
28	5	248	1.751783847808838	20.0	1e-06
28	6	249	1.7518510818481445	18.0	1e-06
28	7	250	1.7105716466903687	26.0	1e-06
28	8	251	1.6597234010696411	30.0	1e-06
28	9	252	1.7912298440933228	28.571428571428573	1e-06
29	1	253	1.6968927383422852	32.0	1e-06
29	2	254	1.6760764122009277	32.0	1e-06
29	3	255	1.7018836736679077	32.0	1e-06
29	4	256	1.6889704465866089	30.0	1e-06
29	5	257	1.7269487380981445	28.0	1e-06
29	6	258	1.7250758409500122	20.0	1e-06
29	7	259	1.7654746770858765	20.0	1e-06
29	8	260	1.7159559726715088	18.0	1e-06
29	9	261	1.8081732988357544	14.285714285714286	1e-06
30	1	262	1.668350338935852	32.0	1e-06
30	2	263	1.703233242034912	28.0	1e-06
30	3	264	1.692129373550415	26.0	1e-06
30	4	265	1.6906030178070068	22.0	1e-06
30	5	266	1.6764042377471924	40.0	1e-06
30	6	267	1.7287514209747314	20.0	1e-06
30	7	268	1.6837772130966187	28.0	1e-06
30	8	269	1.696927547454834	26.0	1e-06
30	9	270	1.6671959161758423	28.571428571428573	1e-06
31	1	271	1.6960948705673218	28.0	1e-06
31	2	272	1.676155686378479	22.0	1e-06
31	3	273	1.7094913721084595	30.0	1e-06
31	4	274	1.749337911605835	20.0	1e-06
31	5	275	1.6880706548690796	28.0	1e-06
31	6	276	1.7202732563018799	30.0	1e-06
31	7	277	1.7260613441467285	32.0	1e-06
31	8	278	1.712174892425537	22.0	1e-06
31	9	279	1.773205041885376	0.0	1e-06
32	1	280	1.7029750347137451	20.0	1e-06
32	2	281	1.7047696113586426	24.0	1e-06
32	3	282	1.738266944885254	20.0	1e-06
32	4	283	1.6980491876602173	22.0	1e-06
32	5	284	1.7223418951034546	28.0	1e-06
32	6	285	1.6614058017730713	44.0	1e-06
32	7	286	1.7547868490219116	18.0	1e-06
32	8	287	1.685036301612854	30.0	1e-06
32	9	288	1.6746575832366943	28.571428571428573	1e-06
33	1	289	1.688932180404663	30.0	1e-06
33	2	290	1.6983968019485474	32.0	1e-06
33	3	291	1.6794246435165405	32.0	1e-06
33	4	292	1.6668106317520142	22.0	1e-06
33	5	293	1.7252923250198364	16.0	1e-06
33	6	294	1.7438840866088867	18.0	1e-06
33	7	295	1.672532320022583	28.0	1e-06
33	8	296	1.7316339015960693	22.0	1e-06
33	9	297	1.8441094160079956	28.571428571428573	1e-06
34	1	298	1.698862910270691	20.0	1e-06
34	2	299	1.6635621786117554	28.0	1e-06
34	3	300	1.700423240661621	28.0	1e-06
34	4	301	1.6657884120941162	30.0	1e-06
34	5	302	1.7197179794311523	28.0	1e-06
34	6	303	1.6955397129058838	26.0	1e-06
34	7	304	1.6446794271469116	28.0	1e-06
34	8	305	1.7114033699035645	30.0	1e-06
34	9	306	1.7409619092941284	28.571428571428573	1e-06
35	1	307	1.6790046691894531	30.0	1e-06
35	2	308	1.6815705299377441	34.0	1e-06
35	3	309	1.695959210395813	26.0	1e-06
35	4	310	1.7350767850875854	20.0	1e-06
35	5	311	1.6612532138824463	32.0	1e-06
35	6	312	1.633864402770996	40.0	1e-06
35	7	313	1.6840434074401855	20.0	1e-06
35	8	314	1.7279971837997437	28.0	1e-06
35	9	315	1.7129207849502563	0.0	1e-06
36	1	316	1.7038646936416626	24.0	1e-06
36	2	317	1.6393259763717651	40.0	1e-06
36	3	318	1.730158805847168	18.0	1e-06
36	4	319	1.6710562705993652	24.0	1e-06
36	5	320	1.6709040403366089	20.0	1e-06
36	6	321	1.6638222932815552	26.0	1e-06
36	7	322	1.6646842956542969	34.0	1e-06
36	8	323	1.6880700588226318	26.0	1e-06
36	9	324	1.7000954151153564	42.857142857142854	1e-06
37	1	325	1.7035740613937378	30.0	1e-06
37	2	326	1.649430751800537	20.0	1e-06
37	3	327	1.647133231163025	24.0	1e-06
37	4	328	1.6954607963562012	24.0	1e-06
37	5	329	1.662613868713379	18.0	1e-06
37	6	330	1.6818323135375977	28.0	1e-06
37	7	331	1.6519306898117065	32.0	1e-06
37	8	332	1.6711305379867554	32.0	1e-06
37	9	333	1.7354929447174072	14.285714285714286	1e-06
38	1	334	1.6908555030822754	24.0	1e-06
38	2	335	1.6505703926086426	32.0	1e-06
38	3	336	1.6708089113235474	24.0	1e-06
38	4	337	1.6642167568206787	26.0	1e-06
38	5	338	1.6754745244979858	22.0	1e-06
38	6	339	1.5984042882919312	46.0	1e-06
38	7	340	1.6039433479309082	38.0	1e-06
38	8	341	1.6986961364746094	24.0	1e-06
38	9	342	1.6178655624389648	14.285714285714286	1e-06
39	1	343	1.6450903415679932	30.0	1e-06
39	2	344	1.6742788553237915	20.0	1e-06
39	3	345	1.6093573570251465	32.0	1e-06
39	4	346	1.6520280838012695	26.0	1e-06
39	5	347	1.6202479600906372	26.0	1e-06
39	6	348	1.6119052171707153	30.0	1e-06
39	7	349	1.6832249164581299	30.0	1e-06
39	8	350	1.624411940574646	34.0	1e-06
39	9	351	1.775570034980774	0.0	1e-06
40	1	352	1.6540093421936035	20.0	1e-06
40	2	353	1.6405154466629028	22.0	1e-06
40	3	354	1.582029104232788	28.0	1e-06
40	4	355	1.6239436864852905	24.0	1e-06
40	5	356	1.6509541273117065	24.0	1e-06
40	6	357	1.6448969841003418	34.0	1e-06
40	7	358	1.641416072845459	26.0	1e-06
40	8	359	1.6507285833358765	36.0	1e-06
40	9	360	1.693479299545288	28.571428571428573	1e-06
41	1	361	1.6233426332473755	36.0	1e-06
41	2	362	1.6445121765136719	26.0	1e-06
41	3	363	1.65679132938385	24.0	1e-06
41	4	364	1.6576908826828003	22.0	1e-06
41	5	365	1.622409701347351	26.0	1e-06
41	6	366	1.6264086961746216	42.0	1e-06
41	7	367	1.6730128526687622	30.0	1e-06
41	8	368	1.7108763456344604	18.0	1e-06
41	9	369	1.522503137588501	42.857142857142854	1e-06
42	1	370	1.6263874769210815	28.0	1e-06
42	2	371	1.6636149883270264	20.0	1e-06
42	3	372	1.6223903894424438	32.0	1e-06
42	4	373	1.6352157592773438	20.0	1e-06
42	5	374	1.6198023557662964	40.0	1e-06
42	6	375	1.640405535697937	24.0	1e-06
42	7	376	1.6124249696731567	42.0	1e-06
42	8	377	1.656907558441162	32.0	1e-06
42	9	378	1.476626992225647	42.857142857142854	1e-06
43	1	379	1.5713595151901245	36.0	1e-06
43	2	380	1.6690733432769775	24.0	1e-06
43	3	381	1.5861618518829346	24.0	1e-06
43	4	382	1.6531926393508911	32.0	1e-06
43	5	383	1.5901418924331665	32.0	1e-06
43	6	384	1.6058398485183716	24.0	1e-06
43	7	385	1.5835989713668823	24.0	1e-06
43	8	386	1.5934866666793823	34.0	1e-06
43	9	387	1.8391189575195312	0.0	1e-06
44	1	388	1.5469757318496704	34.0	1e-06
44	2	389	1.6082710027694702	22.0	1e-06
44	3	390	1.5900869369506836	24.0	1e-06
44	4	391	1.5962746143341064	34.0	1e-06
44	5	392	1.6806814670562744	28.0	1e-06
44	6	393	1.6230978965759277	26.0	1e-06
44	7	394	1.5978872776031494	36.0	1e-06
44	8	395	1.6332371234893799	24.0	1e-06
44	9	396	1.580442190170288	57.142857142857146	1e-06
45	1	397	1.55560302734375	36.0	1e-06
45	2	398	1.6522831916809082	22.0	1e-06
45	3	399	1.6086759567260742	26.0	1e-06
45	4	400	1.6609152555465698	20.0	1e-06
45	5	401	1.5968785285949707	30.0	1e-06
45	6	402	1.6114060878753662	38.0	1e-06
45	7	403	1.5532805919647217	32.0	1e-06
45	8	404	1.6475964784622192	22.0	1e-06
45	9	405	1.6517884731292725	42.857142857142854	1e-06
46	1	406	1.6168560981750488	16.0	1e-06
46	2	407	1.5432937145233154	46.0	1e-06
46	3	408	1.5940852165222168	32.0	1e-06
46	4	409	1.5967073440551758	26.0	1e-06
46	5	410	1.5984642505645752	30.0	1e-06
46	6	411	1.6342227458953857	28.0	1e-06
46	7	412	1.6156718730926514	20.0	1e-06
46	8	413	1.5838143825531006	24.0	1e-06
46	9	414	1.5913351774215698	14.285714285714286	1e-06
47	1	415	1.5229002237319946	26.0	1e-06
47	2	416	1.6162811517715454	22.0	1e-06
47	3	417	1.6860157251358032	22.0	1e-06
47	4	418	1.5993026494979858	38.0	1e-06
47	5	419	1.5655336380004883	40.0	1e-06
47	6	420	1.6302871704101562	26.0	1e-06
47	7	421	1.5961395502090454	26.0	1e-06
47	8	422	1.6728233098983765	22.0	1e-06
47	9	423	1.586790919303894	57.142857142857146	1e-06
48	1	424	1.5720231533050537	36.0	1e-06
48	2	425	1.6408158540725708	20.0	1e-06
48	3	426	1.5896408557891846	30.0	1e-06
48	4	427	1.6033321619033813	30.0	1e-06
48	5	428	1.5645921230316162	30.0	1e-06
48	6	429	1.5726498365402222	32.0	1e-06
48	7	430	1.5754693746566772	32.0	1e-06
48	8	431	1.5908583402633667	28.0	1e-06
48	9	432	1.499479055404663	57.142857142857146	1e-06
49	1	433	1.5380760431289673	22.0	1e-06
49	2	434	1.5273487567901611	32.0	1e-06
49	3	435	1.5407049655914307	30.0	1e-06
49	4	436	1.5759270191192627	24.0	1e-06
49	5	437	1.6136904954910278	24.0	1e-06
49	6	438	1.5856504440307617	28.0	1e-06
49	7	439	1.6523711681365967	14.0	1e-06
49	8	440	1.551951289176941	32.0	1e-06
49	9	441	1.4691318273544312	42.857142857142854	1e-06
50	1	442	1.583154559135437	30.0	1e-06
50	2	443	1.452791452407837	36.0	1e-06
50	3	444	1.515506386756897	38.0	1e-06
50	4	445	1.6207032203674316	22.0	1e-06
50	5	446	1.570994257926941	32.0	1e-06
50	6	447	1.5605319738388062	30.0	1e-06
50	7	448	1.5246179103851318	24.0	1e-06
50	8	449	1.714303731918335	24.0	1e-06
50	9	450	1.5997505187988281	14.285714285714286	1e-06
51	1	451	1.5761381387710571	32.0	1e-06
51	2	452	1.502191424369812	30.0	1e-06
51	3	453	1.5728859901428223	22.0	1e-06
51	4	454	1.5070778131484985	34.0	1e-06
51	5	455	1.6087651252746582	20.0	1e-06
51	6	456	1.628482460975647	28.0	1e-06
51	7	457	1.5657795667648315	30.0	1e-06
51	8	458	1.5437906980514526	32.0	1e-06
51	9	459	1.818737268447876	28.571428571428573	1e-06
52	1	460	1.600459098815918	32.0	1e-06
52	2	461	1.5563846826553345	30.0	1e-06
52	3	462	1.5293313264846802	30.0	1e-06
52	4	463	1.601599931716919	28.0	1e-06
52	5	464	1.5385560989379883	20.0	1e-06
52	6	465	1.5268733501434326	30.0	1e-06
52	7	466	1.498250126838684	34.0	1e-06
52	8	467	1.5828777551651	40.0	1e-06
52	9	468	1.6413718461990356	42.857142857142854	1e-06
53	1	469	1.6076198816299438	26.0	1e-06
53	2	470	1.5287749767303467	26.0	1e-06
53	3	471	1.5361382961273193	30.0	1e-06
53	4	472	1.524370551109314	38.0	1e-06
53	5	473	1.555940866470337	28.0	1e-06
53	6	474	1.5189379453659058	22.0	1e-06
53	7	475	1.4771673679351807	42.0	1e-06
53	8	476	1.5471876859664917	28.0	1e-06
53	9	477	1.872690200805664	14.285714285714286	1e-06
54	1	478	1.5948121547698975	30.0	1e-06
54	2	479	1.5279556512832642	34.0	1e-06
54	3	480	1.565004825592041	30.0	1e-06
54	4	481	1.604628324508667	20.0	1e-06
54	5	482	1.520755648612976	30.0	1e-06
54	6	483	1.5847771167755127	28.0	1e-06
54	7	484	1.519076943397522	34.0	1e-06
54	8	485	1.511918544769287	30.0	1e-06
54	9	486	1.501537561416626	28.571428571428573	1e-06
55	1	487	1.5779109001159668	26.0	1e-06
55	2	488	1.5690252780914307	28.0	1e-06
55	3	489	1.5753268003463745	24.0	1e-06
55	4	490	1.4899563789367676	30.0	1e-06
55	5	491	1.5881651639938354	28.0	1e-06
55	6	492	1.4860320091247559	32.0	1e-06
55	7	493	1.510595679283142	32.0	1e-06
55	8	494	1.5251452922821045	34.0	1e-06
55	9	495	1.731974720954895	14.285714285714286	1e-06
56	1	496	1.5669363737106323	26.0	1e-06
56	2	497	1.496260643005371	30.0	1e-06
56	3	498	1.4954066276550293	28.0	1e-06
56	4	499	1.4938408136367798	26.0	1e-06
56	5	500	1.5732349157333374	34.0	1e-06
56	6	501	1.5071486234664917	36.0	1e-06
56	7	502	1.5979602336883545	22.0	1e-06
56	8	503	1.5751842260360718	24.0	1e-06
56	9	504	1.5588809251785278	42.857142857142854	1e-06
57	1	505	1.5441213846206665	32.0	1e-06
57	2	506	1.474898099899292	34.0	1e-06
57	3	507	1.5604889392852783	36.0	1e-06
57	4	508	1.5137978792190552	34.0	1e-06
57	5	509	1.4898148775100708	30.0	1e-06
57	6	510	1.5331858396530151	30.0	1e-06
57	7	511	1.5737615823745728	38.0	1e-06
57	8	512	1.5645086765289307	32.0	1e-06
57	9	513	1.3753405809402466	42.857142857142854	1e-06
58	1	514	1.481657862663269	34.0	1e-06
58	2	515	1.488558053970337	32.0	1e-06
58	3	516	1.4492392539978027	44.0	1e-06
58	4	517	1.5006695985794067	28.0	1e-06
58	5	518	1.4877519607543945	34.0	1e-06
58	6	519	1.4741301536560059	24.0	1e-06
58	7	520	1.5216858386993408	42.0	1e-06
58	8	521	1.6080939769744873	24.0	1e-06
58	9	522	1.4288313388824463	28.571428571428573	1e-06
59	1	523	1.5362032651901245	18.0	1e-06
59	2	524	1.576104998588562	24.0	1e-06
59	3	525	1.4336998462677002	42.0	1e-06
59	4	526	1.4971747398376465	24.0	1e-06
59	5	527	1.549017310142517	30.0	1e-06
59	6	528	1.431188702583313	28.0	1e-06
59	7	529	1.4452100992202759	38.0	1e-06
59	8	530	1.4917702674865723	22.0	1e-06
59	9	531	1.4429515600204468	14.285714285714286	1e-06
60	1	532	1.4956568479537964	34.0	1e-06
60	2	533	1.4803553819656372	34.0	1e-06
60	3	534	1.488864541053772	28.0	1e-06
60	4	535	1.6041597127914429	28.0	1e-06
60	5	536	1.451478123664856	44.0	1e-06
60	6	537	1.5364601612091064	34.0	1e-06
60	7	538	1.4967396259307861	30.0	1e-06
60	8	539	1.4982625246047974	28.0	1e-06
60	9	540	1.421586275100708	28.571428571428573	1e-06
61	1	541	1.5723907947540283	32.0	1e-06
61	2	542	1.4738339185714722	30.0	1e-06
61	3	543	1.5140197277069092	26.0	1e-06
61	4	544	1.5914673805236816	28.0	1e-06
61	5	545	1.5313408374786377	36.0	1e-06
61	6	546	1.5088658332824707	30.0	1e-06
61	7	547	1.3798375129699707	38.0	1e-06
61	8	548	1.5213929414749146	20.0	1e-06
61	9	549	1.6165720224380493	42.857142857142854	1e-06
62	1	550	1.525869607925415	32.0	1e-06
62	2	551	1.4773327112197876	26.0	1e-06
62	3	552	1.4895962476730347	26.0	1e-06
62	4	553	1.5013635158538818	30.0	1e-06
62	5	554	1.4589616060256958	44.0	1e-06
62	6	555	1.4448574781417847	30.0	1e-06
62	7	556	1.5113089084625244	20.0	1e-06
62	8	557	1.5288684368133545	24.0	1e-06
62	9	558	1.4149057865142822	28.571428571428573	1e-06
63	1	559	1.5254578590393066	34.0	1e-06
63	2	560	1.565924882888794	24.0	1e-06
63	3	561	1.4363850355148315	30.0	1e-06
63	4	562	1.4441200494766235	24.0	1e-06
63	5	563	1.522090196609497	24.0	1e-06
63	6	564	1.4752904176712036	36.0	1e-06
63	7	565	1.5092594623565674	20.0	1e-06
63	8	566	1.3985813856124878	40.0	1e-06
63	9	567	1.5860384702682495	28.571428571428573	1e-06
64	1	568	1.5478041172027588	18.0	1e-06
64	2	569	1.437802791595459	34.0	1e-06
64	3	570	1.5514832735061646	30.0	1e-06
64	4	571	1.4484752416610718	42.0	1e-06
64	5	572	1.4766486883163452	22.0	1e-06
64	6	573	1.4679697751998901	28.0	1e-06
64	7	574	1.4188350439071655	32.0	1e-06
64	8	575	1.3814512491226196	40.0	1e-06
64	9	576	1.5274654626846313	28.571428571428573	1e-06
65	1	577	1.4735838174819946	34.0	1e-06
65	2	578	1.4223932027816772	32.0	1e-06
65	3	579	1.4709035158157349	26.0	1e-06
65	4	580	1.4751319885253906	32.0	1e-06
65	5	581	1.4151431322097778	38.0	1e-06
65	6	582	1.3834456205368042	32.0	1e-06
65	7	583	1.4395571947097778	34.0	1e-06
65	8	584	1.5906577110290527	18.0	1e-06
65	9	585	1.3695515394210815	71.42857142857143	1e-06
66	1	586	1.4036495685577393	36.0	1e-06
66	2	587	1.5198652744293213	32.0	1e-06
66	3	588	1.4698430299758911	26.0	1e-06
66	4	589	1.4601856470108032	40.0	1e-06
66	5	590	1.4661608934402466	28.0	1e-06
66	6	591	1.4358576536178589	28.0	1e-06
66	7	592	1.4675637483596802	24.0	1e-06
66	8	593	1.438531517982483	24.0	1e-06
66	9	594	1.4757028818130493	14.285714285714286	1e-06
67	1	595	1.470818281173706	24.0	1e-06
67	2	596	1.4085485935211182	36.0	1e-06
67	3	597	1.466797947883606	34.0	1e-06
67	4	598	1.4943318367004395	42.0	1e-06
67	5	599	1.4568079710006714	38.0	1e-06
67	6	600	1.3825023174285889	36.0	1e-06
67	7	601	1.4652751684188843	22.0	1e-06
67	8	602	1.3566911220550537	40.0	1e-06
67	9	603	1.6795510053634644	0.0	1e-06
68	1	604	1.4331274032592773	40.0	1e-06
68	2	605	1.432742953300476	32.0	1e-06
68	3	606	1.4653031826019287	38.0	1e-06
68	4	607	1.4573419094085693	38.0	1e-06
68	5	608	1.4364193677902222	22.0	1e-06
68	6	609	1.5161982774734497	28.0	1e-06
68	7	610	1.4413268566131592	26.0	1e-06
68	8	611	1.510563611984253	32.0	1e-06
68	9	612	1.5035954713821411	42.857142857142854	1e-06
69	1	613	1.4245998859405518	38.0	1e-06
69	2	614	1.4897291660308838	28.0	1e-06
69	3	615	1.38572096824646	38.0	1e-06
69	4	616	1.4699820280075073	32.0	1e-06
69	5	617	1.4184613227844238	32.0	1e-06
69	6	618	1.4141992330551147	34.0	1e-06
69	7	619	1.3611929416656494	34.0	1e-06
69	8	620	1.3731579780578613	44.0	1e-06
69	9	621	1.6669341325759888	14.285714285714286	1e-06
70	1	622	1.3848594427108765	38.0	1e-06
70	2	623	1.4762825965881348	32.0	1e-06
70	3	624	1.4699631929397583	30.0	1e-06
70	4	625	1.4352734088897705	34.0	1e-06
70	5	626	1.4621331691741943	32.0	1e-06
70	6	627	1.3424814939498901	34.0	1e-06
70	7	628	1.500359058380127	24.0	1e-06
70	8	629	1.436189889907837	32.0	1e-06
70	9	630	1.5830122232437134	14.285714285714286	1e-06
71	1	631	1.4260815382003784	32.0	1e-06
71	2	632	1.3895237445831299	40.0	1e-06
71	3	633	1.556146502494812	20.0	1e-06
71	4	634	1.4232170581817627	24.0	1e-06
71	5	635	1.4052990674972534	36.0	1e-06
71	6	636	1.474647879600525	40.0	1e-06
71	7	637	1.3327044248580933	40.0	1e-06
71	8	638	1.488447666168213	24.0	1e-06
71	9	639	1.4548662900924683	14.285714285714286	1e-06
72	1	640	1.3708857297897339	34.0	1e-06
72	2	641	1.3863178491592407	30.0	1e-06
72	3	642	1.385680079460144	34.0	1e-06
72	4	643	1.4205927848815918	42.0	1e-06
72	5	644	1.4640796184539795	32.0	1e-06
72	6	645	1.4289312362670898	32.0	1e-06
72	7	646	1.5388363599777222	26.0	1e-06
72	8	647	1.496284008026123	34.0	1e-06
72	9	648	1.4153002500534058	42.857142857142854	1e-06
73	1	649	1.4576114416122437	34.0	1e-06
73	2	650	1.5352107286453247	22.0	1e-06
73	3	651	1.4894927740097046	34.0	1e-06
73	4	652	1.3694714307785034	40.0	1e-06
73	5	653	1.4059906005859375	34.0	1e-06
73	6	654	1.4435909986495972	32.0	1e-06
73	7	655	1.40824556350708	32.0	1e-06
73	8	656	1.393075704574585	28.0	1e-06
73	9	657	1.36811363697052	28.571428571428573	1e-06
74	1	658	1.377589464187622	46.0	1e-06
74	2	659	1.4274673461914062	30.0	1e-06
74	3	660	1.447766900062561	34.0	1e-06
74	4	661	1.4088752269744873	24.0	1e-06
74	5	662	1.4147578477859497	24.0	1e-06
74	6	663	1.4603476524353027	28.0	1e-06
74	7	664	1.4205583333969116	36.0	1e-06
74	8	665	1.426257610321045	36.0	1e-06
74	9	666	1.4169185161590576	28.571428571428573	1e-06
75	1	667	1.3119604587554932	38.0	1e-06
75	2	668	1.4702717065811157	28.0	1e-06
75	3	669	1.487367868423462	44.0	1e-06
75	4	670	1.4428633451461792	32.0	1e-06
75	5	671	1.4138749837875366	30.0	1e-06
75	6	672	1.452924370765686	24.0	1e-06
75	7	673	1.3922698497772217	36.0	1e-06
75	8	674	1.3167529106140137	42.0	1e-06
75	9	675	1.5426167249679565	28.571428571428573	1e-06
76	1	676	1.3961862325668335	26.0	1e-06
76	2	677	1.342440128326416	28.0	1e-06
76	3	678	1.4291905164718628	28.0	1e-06
76	4	679	1.419622778892517	36.0	1e-06
76	5	680	1.3657702207565308	34.0	1e-06
76	6	681	1.421653389930725	32.0	1e-06
76	7	682	1.3945773839950562	26.0	1e-06
76	8	683	1.378026008605957	40.0	1e-06
76	9	684	1.373641014099121	42.857142857142854	1e-06
77	1	685	1.3650832176208496	40.0	1e-06
77	2	686	1.4588253498077393	38.0	1e-06
77	3	687	1.458933711051941	22.0	1e-06
77	4	688	1.4431577920913696	34.0	1e-06
77	5	689	1.3685927391052246	38.0	1e-06
77	6	690	1.4354960918426514	34.0	1e-06
77	7	691	1.3490684032440186	36.0	1e-06
77	8	692	1.3365293741226196	34.0	1e-06
77	9	693	1.7194429636001587	14.285714285714286	1e-06
78	1	694	1.3958572149276733	30.0	1e-06
78	2	695	1.424687385559082	32.0	1e-06
78	3	696	1.4757325649261475	36.0	1e-06
78	4	697	1.3238502740859985	40.0	1e-06
78	5	698	1.4238239526748657	28.0	1e-06
78	6	699	1.3835481405258179	44.0	1e-06
78	7	700	1.4325085878372192	24.0	1e-06
78	8	701	1.3647994995117188	38.0	1e-06
78	9	702	1.5909475088119507	28.571428571428573	1e-06
79	1	703	1.384543776512146	28.0	1e-06
79	2	704	1.3425095081329346	40.0	1e-06
79	3	705	1.4018452167510986	38.0	1e-06
79	4	706	1.372878074645996	26.0	1e-06
79	5	707	1.4199217557907104	34.0	1e-06
79	6	708	1.445511817932129	36.0	1e-06
79	7	709	1.2605233192443848	52.0	1e-06
79	8	710	1.4507945775985718	28.0	1e-06
79	9	711	1.2991855144500732	14.285714285714286	1e-06
80	1	712	1.3424910306930542	40.0	1e-06
80	2	713	1.390533447265625	34.0	1e-06
80	3	714	1.3978973627090454	34.0	1e-06
80	4	715	1.3417942523956299	36.0	1e-06
80	5	716	1.4182052612304688	34.0	1e-06
80	6	717	1.3672024011611938	26.0	1e-06
80	7	718	1.3656120300292969	38.0	1e-06
80	8	719	1.4042649269104004	30.0	1e-06
80	9	720	1.5697757005691528	57.142857142857146	1e-06
81	1	721	1.470657229423523	24.0	1e-06
81	2	722	1.47745680809021	26.0	1e-06
81	3	723	1.2961567640304565	42.0	1e-06
81	4	724	1.2633403539657593	46.0	1e-06
81	5	725	1.3645601272583008	40.0	1e-06
81	6	726	1.388689398765564	24.0	1e-06
81	7	727	1.385355830192566	28.0	1e-06
81	8	728	1.4267953634262085	32.0	1e-06
81	9	729	1.4454704523086548	0.0	1e-06
82	1	730	1.3304911851882935	36.0	1e-06
82	2	731	1.35581636428833	30.0	1e-06
82	3	732	1.4812264442443848	30.0	1e-06
82	4	733	1.432096004486084	28.0	1e-06
82	5	734	1.4447370767593384	30.0	1e-06
82	6	735	1.3989486694335938	36.0	1e-06
82	7	736	1.334367036819458	44.0	1e-06
82	8	737	1.3912231922149658	26.0	1e-06
82	9	738	1.3487622737884521	42.857142857142854	1e-06
83	1	739	1.3257734775543213	24.0	1e-06
83	2	740	1.4167816638946533	38.0	1e-06
83	3	741	1.396276593208313	30.0	1e-06
83	4	742	1.3535881042480469	36.0	1e-06
83	5	743	1.4619803428649902	38.0	1e-06
83	6	744	1.3778098821640015	28.0	1e-06
83	7	745	1.3644611835479736	30.0	1e-06
83	8	746	1.4836058616638184	20.0	1e-06
83	9	747	1.48420250415802	42.857142857142854	1e-06
84	1	748	1.4520480632781982	26.0	1e-06
84	2	749	1.3955578804016113	34.0	1e-06
84	3	750	1.4995533227920532	30.0	1e-06
84	4	751	1.3053299188613892	34.0	1e-06
84	5	752	1.356813907623291	36.0	1e-06
84	6	753	1.3758978843688965	42.0	1e-06
84	7	754	1.394761323928833	34.0	1e-06
84	8	755	1.3364185094833374	20.0	1e-06
84	9	756	1.490762710571289	14.285714285714286	1e-06
85	1	757	1.3830255270004272	36.0	1e-06
85	2	758	1.3657386302947998	26.0	1e-06
85	3	759	1.3206088542938232	32.0	1e-06
85	4	760	1.3698385953903198	30.0	1e-06
85	5	761	1.4272041320800781	30.0	1e-06
85	6	762	1.3525667190551758	44.0	1e-06
85	7	763	1.3261703252792358	42.0	1e-06
85	8	764	1.390650987625122	28.0	1e-06
85	9	765	1.3728843927383423	28.571428571428573	1e-06
86	1	766	1.3704023361206055	38.0	1e-06
86	2	767	1.3567962646484375	34.0	1e-06
86	3	768	1.380682349205017	32.0	1e-06
86	4	769	1.3508802652359009	30.0	1e-06
86	5	770	1.3756176233291626	34.0	1e-06
86	6	771	1.2925459146499634	44.0	1e-06
86	7	772	1.3343234062194824	36.0	1e-06
86	8	773	1.2955107688903809	36.0	1e-06
86	9	774	1.6696960926055908	42.857142857142854	1e-06
87	1	775	1.3042798042297363	36.0	1e-06
87	2	776	1.3917362689971924	28.0	1e-06
87	3	777	1.3331115245819092	38.0	1e-06
87	4	778	1.3683122396469116	32.0	1e-06
87	5	779	1.3447248935699463	30.0	1e-06
87	6	780	1.3646517992019653	34.0	1e-06
87	7	781	1.3672561645507812	38.0	1e-06
87	8	782	1.3198542594909668	34.0	1e-06
87	9	783	1.9204692840576172	28.571428571428573	1e-06
88	1	784	1.3586454391479492	34.0	1e-06
88	2	785	1.4302046298980713	30.0	1e-06
88	3	786	1.450179934501648	36.0	1e-06
88	4	787	1.2651349306106567	50.0	1e-06
88	5	788	1.330420970916748	34.0	1e-06
88	6	789	1.3478953838348389	38.0	1e-06
88	7	790	1.2682944536209106	42.0	1e-06
88	8	791	1.428946852684021	32.0	1e-06
88	9	792	1.1910022497177124	28.571428571428573	1e-06
89	1	793	1.3497334718704224	32.0	1e-06
89	2	794	1.3456552028656006	36.0	1e-06
89	3	795	1.2909610271453857	30.0	1e-06
89	4	796	1.4193966388702393	20.0	1e-06
89	5	797	1.3132216930389404	34.0	1e-06
89	6	798	1.3996676206588745	32.0	1e-06
89	7	799	1.4595723152160645	38.0	1e-06
89	8	800	1.3818092346191406	34.0	1e-06
89	9	801	1.3891187906265259	42.857142857142854	1e-06
90	1	802	1.3953099250793457	32.0	1e-06
90	2	803	1.3360934257507324	38.0	1e-06
90	3	804	1.3147889375686646	36.0	1e-06
90	4	805	1.373072862625122	36.0	1e-06
90	5	806	1.423445701599121	36.0	1e-06
90	6	807	1.3588327169418335	32.0	1e-06
90	7	808	1.3895519971847534	36.0	1e-06
90	8	809	1.2704529762268066	42.0	1e-06
90	9	810	1.3396509885787964	28.571428571428573	1e-06
91	1	811	1.3346046209335327	40.0	1e-06
91	2	812	1.3992719650268555	40.0	1e-06
91	3	813	1.4402793645858765	30.0	1e-06
91	4	814	1.392214298248291	32.0	1e-06
91	5	815	1.3150432109832764	32.0	1e-06
91	6	816	1.3593971729278564	32.0	1e-06
91	7	817	1.3425859212875366	32.0	1e-06
91	8	818	1.3035129308700562	32.0	1e-06
91	9	819	1.4728724956512451	14.285714285714286	1e-06
92	1	820	1.3675122261047363	34.0	1e-06
92	2	821	1.3964844942092896	32.0	1e-06
92	3	822	1.2686806917190552	40.0	1e-06
92	4	823	1.3006924390792847	48.0	1e-06
92	5	824	1.3883224725723267	48.0	1e-06
92	6	825	1.375362515449524	38.0	1e-06
92	7	826	1.3223876953125	28.0	1e-06
92	8	827	1.3889269828796387	38.0	1e-06
92	9	828	1.2186095714569092	71.42857142857143	1e-06
93	1	829	1.3332030773162842	42.0	1e-06
93	2	830	1.3733766078948975	38.0	1e-06
93	3	831	1.2882291078567505	50.0	1e-06
93	4	832	1.3872003555297852	30.0	1e-06
93	5	833	1.3971220254898071	36.0	1e-06
93	6	834	1.2784459590911865	38.0	1e-06
93	7	835	1.3302148580551147	28.0	1e-06
93	8	836	1.2661411762237549	38.0	1e-06
93	9	837	1.2326468229293823	42.857142857142854	1e-06
94	1	838	1.2868760824203491	34.0	1e-06
94	2	839	1.3660451173782349	34.0	1e-06
94	3	840	1.3503025770187378	38.0	1e-06
94	4	841	1.3513222932815552	36.0	1e-06
94	5	842	1.3347424268722534	42.0	1e-06
94	6	843	1.2608213424682617	40.0	1e-06
94	7	844	1.3345074653625488	42.0	1e-06
94	8	845	1.4206757545471191	36.0	1e-06
94	9	846	1.2315171957015991	57.142857142857146	1e-06
95	1	847	1.3222274780273438	30.0	1e-06
95	2	848	1.421162724494934	32.0	1e-06
95	3	849	1.2948057651519775	50.0	1e-06
95	4	850	1.3329983949661255	36.0	1e-06
95	5	851	1.4224475622177124	38.0	1e-06
95	6	852	1.410571575164795	36.0	1e-06
95	7	853	1.3294438123703003	26.0	1e-06
95	8	854	1.3121086359024048	34.0	1e-06
95	9	855	1.2835363149642944	28.571428571428573	1e-06
96	1	856	1.3828715085983276	38.0	1e-06
96	2	857	1.3106030225753784	38.0	1e-06
96	3	858	1.3423696756362915	32.0	1e-06
96	4	859	1.3595443964004517	32.0	1e-06
96	5	860	1.3763115406036377	28.0	1e-06
96	6	861	1.3046003580093384	48.0	1e-06
96	7	862	1.3263815641403198	28.0	1e-06
96	8	863	1.3397358655929565	38.0	1e-06
96	9	864	1.4466392993927002	42.857142857142854	1e-06
97	1	865	1.3000913858413696	40.0	1e-06
97	2	866	1.3376736640930176	28.0	1e-06
97	3	867	1.3807077407836914	34.0	1e-06
97	4	868	1.3105512857437134	36.0	1e-06
97	5	869	1.3366618156433105	40.0	1e-06
97	6	870	1.3407975435256958	40.0	1e-06
97	7	871	1.338118553161621	34.0	1e-06
97	8	872	1.3287369012832642	38.0	1e-06
97	9	873	1.287186622619629	57.142857142857146	1e-06
98	1	874	1.2701506614685059	46.0	1e-06
98	2	875	1.4119017124176025	32.0	1e-06
98	3	876	1.3576977252960205	44.0	1e-06
98	4	877	1.2222633361816406	38.0	1e-06
98	5	878	1.368902325630188	36.0	1e-06
98	6	879	1.2942203283309937	34.0	1e-06
98	7	880	1.4107391834259033	32.0	1e-06
98	8	881	1.37308931350708	28.0	1e-06
98	9	882	1.3325797319412231	28.571428571428573	1e-06
99	1	883	1.285354733467102	38.0	1e-06
99	2	884	1.4152859449386597	40.0	1e-06
99	3	885	1.3714041709899902	30.0	1e-06
99	4	886	1.354719638824463	38.0	1e-06
99	5	887	1.3954017162322998	36.0	1e-06
99	6	888	1.3240410089492798	46.0	1e-06
99	7	889	1.4391638040542603	38.0	1e-06
99	8	890	1.2754594087600708	32.0	1e-06
99	9	891	1.2059404850006104	14.285714285714286	1e-06
100	1	892	1.3609683513641357	42.0	1e-06
100	2	893	1.3395272493362427	32.0	1e-06
100	3	894	1.2780426740646362	52.0	1e-06
100	4	895	1.2586406469345093	38.0	1e-06
100	5	896	1.2836934328079224	38.0	1e-06
100	6	897	1.2577837705612183	28.0	1e-06
100	7	898	1.2774507999420166	40.0	1e-06
100	8	899	1.3123823404312134	36.0	1e-06
100	9	900	1.2500821352005005	57.142857142857146	1e-06
101	1	901	1.2860027551651	36.0	1e-06
101	2	902	1.3581050634384155	48.0	1e-06
101	3	903	1.2761139869689941	38.0	1e-06
101	4	904	1.320367693901062	36.0	1e-06
101	5	905	1.3494268655776978	44.0	1e-06
101	6	906	1.3919422626495361	24.0	1e-06
101	7	907	1.309962272644043	46.0	1e-06
101	8	908	1.3109729290008545	36.0	1e-06
101	9	909	1.5457355976104736	71.42857142857143	1e-06
102	1	910	1.2484065294265747	40.0	1e-06
102	2	911	1.301845669746399	26.0	1e-06
102	3	912	1.3165109157562256	50.0	1e-06
102	4	913	1.29945969581604	38.0	1e-06
102	5	914	1.3101871013641357	42.0	1e-06
102	6	915	1.3217827081680298	40.0	1e-06
102	7	916	1.3422939777374268	34.0	1e-06
102	8	917	1.3823438882827759	24.0	1e-06
102	9	918	1.5531610250473022	14.285714285714286	1e-06
103	1	919	1.2801250219345093	36.0	1e-06
103	2	920	1.3496798276901245	40.0	1e-06
103	3	921	1.3553526401519775	42.0	1e-06
103	4	922	1.3758141994476318	28.0	1e-06
103	5	923	1.25370454788208	40.0	1e-06
103	6	924	1.2641962766647339	34.0	1e-06
103	7	925	1.3215256929397583	32.0	1e-06
103	8	926	1.3070385456085205	32.0	1e-06
103	9	927	1.1760154962539673	57.142857142857146	1e-06
104	1	928	1.2776762247085571	40.0	1e-06
104	2	929	1.3862087726593018	36.0	1e-06
104	3	930	1.317367434501648	34.0	1e-06
104	4	931	1.2803927659988403	38.0	1e-06
104	5	932	1.2862852811813354	46.0	1e-06
104	6	933	1.2686724662780762	40.0	1e-06
104	7	934	1.312412142753601	36.0	1e-06
104	8	935	1.2703652381896973	36.0	1e-06
104	9	936	1.4722028970718384	0.0	1e-06
105	1	937	1.25523841381073	54.0	1e-06
105	2	938	1.337539553642273	32.0	1e-06
105	3	939	1.257340431213379	58.0	1e-06
105	4	940	1.3149216175079346	32.0	1e-06
105	5	941	1.3069976568222046	30.0	1e-06
105	6	942	1.280492901802063	30.0	1e-06
105	7	943	1.3185580968856812	46.0	1e-06
105	8	944	1.3822236061096191	30.0	1e-06
105	9	945	1.2673715353012085	0.0	1e-06
106	1	946	1.2824413776397705	26.0	1e-06
106	2	947	1.4160680770874023	28.0	1e-06
106	3	948	1.2960107326507568	34.0	1e-06
106	4	949	1.2598797082901	46.0	1e-06
106	5	950	1.3845798969268799	32.0	1e-06
106	6	951	1.4183650016784668	32.0	1e-06
106	7	952	1.2218079566955566	48.0	1e-06
106	8	953	1.2354315519332886	32.0	1e-06
106	9	954	1.339217185974121	28.571428571428573	1e-06
107	1	955	1.295621633529663	42.0	1e-06
107	2	956	1.3072302341461182	36.0	1e-06
107	3	957	1.3542245626449585	26.0	1e-06
107	4	958	1.286940097808838	46.0	1e-06
107	5	959	1.3244047164916992	38.0	1e-06
107	6	960	1.2796379327774048	28.0	1e-06
107	7	961	1.3037527799606323	42.0	1e-06
107	8	962	1.3475959300994873	34.0	1e-06
107	9	963	1.653850793838501	28.571428571428573	1e-06
108	1	964	1.271262764930725	30.0	1e-06
108	2	965	1.2244418859481812	48.0	1e-06
108	3	966	1.2907524108886719	38.0	1e-06
108	4	967	1.3429244756698608	40.0	1e-06
108	5	968	1.2378023862838745	42.0	1e-06
108	6	969	1.251259684562683	36.0	1e-06
108	7	970	1.3781334161758423	40.0	1e-06
108	8	971	1.320082664489746	30.0	1e-06
108	9	972	1.5004698038101196	57.142857142857146	1e-06
109	1	973	1.3148422241210938	36.0	1e-06
109	2	974	1.3043742179870605	46.0	1e-06
109	3	975	1.3794032335281372	34.0	1e-06
109	4	976	1.3307288885116577	34.0	1e-06
109	5	977	1.2950921058654785	24.0	1e-06
109	6	978	1.2789710760116577	48.0	1e-06
109	7	979	1.2810217142105103	36.0	1e-06
109	8	980	1.2918684482574463	28.0	1e-06
109	9	981	1.2750860452651978	42.857142857142854	1e-06
110	1	982	1.2319680452346802	32.0	1e-06
110	2	983	1.3445003032684326	38.0	1e-06
110	3	984	1.2837002277374268	40.0	1e-06
110	4	985	1.3589673042297363	28.0	1e-06
110	5	986	1.2719552516937256	44.0	1e-06
110	6	987	1.304648995399475	36.0	1e-06
110	7	988	1.321628451347351	46.0	1e-06
110	8	989	1.2274597883224487	46.0	1e-06
110	9	990	1.2660834789276123	42.857142857142854	1e-06
111	1	991	1.30241060256958	32.0	1e-06
111	2	992	1.3112434148788452	36.0	1e-06
111	3	993	1.3933699131011963	32.0	1e-06
111	4	994	1.3152202367782593	32.0	1e-06
111	5	995	1.2507332563400269	32.0	1e-06
111	6	996	1.2689008712768555	24.0	1e-06
111	7	997	1.2396297454833984	50.0	1e-06
111	8	998	1.23922598361969	44.0	1e-06
111	9	999	1.245110273361206	28.571428571428573	1e-06
112	1	1000	1.2776455879211426	42.0	1e-06
112	2	1001	1.2500691413879395	36.0	1e-06
112	3	1002	1.2452595233917236	46.0	1e-06
112	4	1003	1.3499095439910889	40.0	1e-06
112	5	1004	1.236108422279358	36.0	1e-06
112	6	1005	1.2995893955230713	34.0	1e-06
112	7	1006	1.279024362564087	36.0	1e-06
112	8	1007	1.2778725624084473	44.0	1e-06
112	9	1008	1.2651087045669556	42.857142857142854	1e-06
113	1	1009	1.2819873094558716	40.0	1e-06
113	2	1010	1.3261423110961914	42.0	1e-06
113	3	1011	1.2039611339569092	42.0	1e-06
113	4	1012	1.3943251371383667	36.0	1e-06
113	5	1013	1.2374099493026733	46.0	1e-06
113	6	1014	1.211267352104187	42.0	1e-06
113	7	1015	1.2715073823928833	30.0	1e-06
113	8	1016	1.2814770936965942	36.0	1e-06
113	9	1017	1.3632656335830688	28.571428571428573	1e-06
114	1	1018	1.2198243141174316	46.0	1e-06
114	2	1019	1.2678927183151245	50.0	1e-06
114	3	1020	1.293567180633545	32.0	1e-06
114	4	1021	1.3678877353668213	32.0	1e-06
114	5	1022	1.3020190000534058	24.0	1e-06
114	6	1023	1.238083839416504	48.0	1e-06
114	7	1024	1.2902169227600098	30.0	1e-06
114	8	1025	1.287659764289856	32.0	1e-06
114	9	1026	1.2560113668441772	42.857142857142854	1e-06
115	1	1027	1.2436240911483765	28.0	1e-06
115	2	1028	1.4057308435440063	38.0	1e-06
115	3	1029	1.3381325006484985	40.0	1e-06
115	4	1030	1.2575656175613403	42.0	1e-06
115	5	1031	1.2864304780960083	42.0	1e-06
115	6	1032	1.2461028099060059	34.0	1e-06
115	7	1033	1.2545415163040161	50.0	1e-06
115	8	1034	1.177015781402588	58.0	1e-06
115	9	1035	1.2757985591888428	14.285714285714286	1e-06
116	1	1036	1.3620960712432861	46.0	1e-06
116	2	1037	1.3056042194366455	40.0	1e-06
116	3	1038	1.2905266284942627	36.0	1e-06
116	4	1039	1.2744309902191162	34.0	1e-06
116	5	1040	1.2535723447799683	32.0	1e-06
116	6	1041	1.2155215740203857	46.0	1e-06
116	7	1042	1.2860130071640015	36.0	1e-06
116	8	1043	1.2527110576629639	38.0	1e-06
116	9	1044	1.3357659578323364	42.857142857142854	1e-06
117	1	1045	1.3416956663131714	22.0	1e-06
117	2	1046	1.2508610486984253	50.0	1e-06
117	3	1047	1.3391607999801636	26.0	1e-06
117	4	1048	1.2219754457473755	50.0	1e-06
117	5	1049	1.264011263847351	50.0	1e-06
117	6	1050	1.1877402067184448	38.0	1e-06
117	7	1051	1.2400976419448853	30.0	1e-06
117	8	1052	1.3171970844268799	40.0	1e-06
117	9	1053	1.3401916027069092	28.571428571428573	1e-06
118	1	1054	1.2436881065368652	38.0	1e-06
118	2	1055	1.2785499095916748	38.0	1e-06
118	3	1056	1.186552882194519	42.0	1e-06
118	4	1057	1.222161889076233	40.0	1e-06
118	5	1058	1.3261973857879639	24.0	1e-06
118	6	1059	1.2499481439590454	44.0	1e-06
118	7	1060	1.3321009874343872	36.0	1e-06
118	8	1061	1.2887388467788696	30.0	1e-06
118	9	1062	1.3655574321746826	42.857142857142854	1e-06
119	1	1063	1.2596796751022339	34.0	1e-06
119	2	1064	1.2377288341522217	30.0	1e-06
119	3	1065	1.2206379175186157	34.0	1e-06
119	4	1066	1.2610771656036377	32.0	1e-06
119	5	1067	1.2414100170135498	36.0	1e-06
119	6	1068	1.340936303138733	30.0	1e-06
119	7	1069	1.2676305770874023	42.0	1e-06
119	8	1070	1.307186245918274	46.0	1e-06
119	9	1071	1.2054661512374878	28.571428571428573	1e-06
120	1	1072	1.228151559829712	42.0	1e-06
120	2	1073	1.2756656408309937	32.0	1e-06
120	3	1074	1.2817264795303345	44.0	1e-06
120	4	1075	1.1880574226379395	46.0	1e-06
120	5	1076	1.2590957880020142	42.0	1e-06
120	6	1077	1.395292043685913	32.0	1e-06
120	7	1078	1.2448025941848755	40.0	1e-06
120	8	1079	1.312270998954773	36.0	1e-06
120	9	1080	1.148186445236206	85.71428571428571	1e-06
121	1	1081	1.2682044506072998	32.0	1e-06
121	2	1082	1.3450589179992676	44.0	1e-06
121	3	1083	1.3707795143127441	44.0	1e-06
121	4	1084	1.2675589323043823	48.0	1e-06
121	5	1085	1.264349341392517	42.0	1e-06
121	6	1086	1.2311015129089355	36.0	1e-06
121	7	1087	1.3416192531585693	46.0	1e-06
121	8	1088	1.2088327407836914	40.0	1e-06
121	9	1089	1.3477617502212524	28.571428571428573	1e-06
122	1	1090	1.3164750337600708	40.0	1e-06
122	2	1091	1.2740858793258667	34.0	1e-06
122	3	1092	1.2094749212265015	46.0	1e-06
122	4	1093	1.2295104265213013	36.0	1e-06
122	5	1094	1.2606873512268066	42.0	1e-06
122	6	1095	1.1878513097763062	48.0	1e-06
122	7	1096	1.224561333656311	42.0	1e-06
122	8	1097	1.3564977645874023	44.0	1e-06
122	9	1098	1.188895344734192	42.857142857142854	1e-06
123	1	1099	1.2632026672363281	36.0	1e-06
123	2	1100	1.1920268535614014	46.0	1e-06
123	3	1101	1.2426173686981201	42.0	1e-06
123	4	1102	1.2074297666549683	42.0	1e-06
123	5	1103	1.2921062707901	40.0	1e-06
123	6	1104	1.2283278703689575	34.0	1e-06
123	7	1105	1.2842592000961304	46.0	1e-06
123	8	1106	1.2709213495254517	44.0	1e-06
123	9	1107	1.3224071264266968	14.285714285714286	1e-06
124	1	1108	1.3159217834472656	48.0	1e-06
124	2	1109	1.183896541595459	46.0	1e-06
124	3	1110	1.1669237613677979	52.0	1e-06
124	4	1111	1.2119921445846558	38.0	1e-06
124	5	1112	1.2937157154083252	40.0	1e-06
124	6	1113	1.2340381145477295	46.0	1e-06
124	7	1114	1.2503341436386108	30.0	1e-06
124	8	1115	1.2826663255691528	30.0	1e-06
124	9	1116	1.3729984760284424	28.571428571428573	1e-06
125	1	1117	1.3466476202011108	34.0	1e-06
125	2	1118	1.2893487215042114	42.0	1e-06
125	3	1119	1.1786468029022217	34.0	1e-06
125	4	1120	1.2586270570755005	38.0	1e-06
125	5	1121	1.2545543909072876	46.0	1e-06
125	6	1122	1.205560564994812	32.0	1e-06
125	7	1123	1.2624163627624512	36.0	1e-06
125	8	1124	1.2484290599822998	42.0	1e-06
125	9	1125	1.2244490385055542	57.142857142857146	1e-06
126	1	1126	1.2273728847503662	42.0	1e-06
126	2	1127	1.2150635719299316	42.0	1e-06
126	3	1128	1.3008182048797607	46.0	1e-06
126	4	1129	1.257201075553894	38.0	1e-06
126	5	1130	1.2603658437728882	34.0	1e-06
126	6	1131	1.1927931308746338	42.0	1e-06
126	7	1132	1.3050895929336548	48.0	1e-06
126	8	1133	1.241391897201538	38.0	1e-06
126	9	1134	1.2230030298233032	28.571428571428573	1e-06
127	1	1135	1.3377656936645508	26.0	1e-06
127	2	1136	1.1774250268936157	46.0	1e-06
127	3	1137	1.2379837036132812	36.0	1e-06
127	4	1138	1.179896593093872	42.0	1e-06
127	5	1139	1.220137119293213	40.0	1e-06
127	6	1140	1.2448502779006958	36.0	1e-06
127	7	1141	1.1893973350524902	40.0	1e-06
127	8	1142	1.2430006265640259	42.0	1e-06
127	9	1143	1.2104284763336182	28.571428571428573	1e-06
128	1	1144	1.27030611038208	28.0	1e-06
128	2	1145	1.3030247688293457	44.0	1e-06
128	3	1146	1.2182482481002808	36.0	1e-06
128	4	1147	1.2563621997833252	40.0	1e-06
128	5	1148	1.2558132410049438	28.0	1e-06
128	6	1149	1.2832515239715576	32.0	1e-06
128	7	1150	1.2920840978622437	28.0	1e-06
128	8	1151	1.1915326118469238	58.0	1e-06
128	9	1152	1.4518964290618896	14.285714285714286	1e-06
129	1	1153	1.191889762878418	54.0	1e-06
129	2	1154	1.2480300664901733	48.0	1e-06
129	3	1155	1.1603474617004395	46.0	1e-06
129	4	1156	1.244849681854248	48.0	1e-06
129	5	1157	1.2940759658813477	28.0	1e-06
129	6	1158	1.279072880744934	30.0	1e-06
129	7	1159	1.251635193824768	42.0	1e-06
129	8	1160	1.263472318649292	36.0	1e-06
129	9	1161	1.2964895963668823	28.571428571428573	1e-06
130	1	1162	1.2364797592163086	46.0	1e-06
130	2	1163	1.21645987033844	32.0	1e-06
130	3	1164	1.3013421297073364	44.0	1e-06
130	4	1165	1.2772499322891235	48.0	1e-06
130	5	1166	1.264129638671875	40.0	1e-06
130	6	1167	1.141012191772461	56.0	1e-06
130	7	1168	1.1947777271270752	40.0	1e-06
130	8	1169	1.2993534803390503	40.0	1e-06
130	9	1170	1.1000930070877075	71.42857142857143	1e-06
131	1	1171	1.2033631801605225	48.0	1e-06
131	2	1172	1.2132560014724731	34.0	1e-06
131	3	1173	1.2266697883605957	44.0	1e-06
131	4	1174	1.2295985221862793	48.0	1e-06
131	5	1175	1.3744038343429565	30.0	1e-06
131	6	1176	1.2644721269607544	44.0	1e-06
131	7	1177	1.197170376777649	48.0	1e-06
131	8	1178	1.2293552160263062	32.0	1e-06
131	9	1179	1.2809021472930908	28.571428571428573	1e-06
132	1	1180	1.2574869394302368	20.0	1e-06
132	2	1181	1.2488983869552612	42.0	1e-06
132	3	1182	1.3105647563934326	28.0	1e-06
132	4	1183	1.2017136812210083	48.0	1e-06
132	5	1184	1.2415353059768677	40.0	1e-06
132	6	1185	1.3163264989852905	36.0	1e-06
132	7	1186	1.1749073266983032	40.0	1e-06
132	8	1187	1.1754605770111084	42.0	1e-06
132	9	1188	1.2356168031692505	42.857142857142854	1e-06
133	1	1189	1.2133647203445435	30.0	1e-06
133	2	1190	1.1987335681915283	34.0	1e-06
133	3	1191	1.2895785570144653	44.0	1e-06
133	4	1192	1.2218538522720337	36.0	1e-06
133	5	1193	1.2313531637191772	40.0	1e-06
133	6	1194	1.2345592975616455	40.0	1e-06
133	7	1195	1.2119866609573364	40.0	1e-06
133	8	1196	1.3237875699996948	36.0	1e-06
133	9	1197	1.2052851915359497	57.142857142857146	1e-06
134	1	1198	1.1771535873413086	44.0	1e-06
134	2	1199	1.304753303527832	36.0	1e-06
134	3	1200	1.293556571006775	42.0	1e-06
134	4	1201	1.2714507579803467	58.0	1e-06
134	5	1202	1.2462388277053833	40.0	1e-06
134	6	1203	1.233826994895935	40.0	1e-06
134	7	1204	1.2120059728622437	42.0	1e-06
134	8	1205	1.2326372861862183	44.0	1e-06
134	9	1206	1.1504908800125122	42.857142857142854	1e-06
135	1	1207	1.2271760702133179	38.0	1e-06
135	2	1208	1.1932055950164795	44.0	1e-06
135	3	1209	1.2159674167633057	48.0	1e-06
135	4	1210	1.242382526397705	20.0	1e-06
135	5	1211	1.2300834655761719	46.0	1e-06
135	6	1212	1.323387622833252	38.0	1e-06
135	7	1213	1.2131433486938477	46.0	1e-06
135	8	1214	1.21428644657135	50.0	1e-06
135	9	1215	1.1549490690231323	71.42857142857143	1e-06
136	1	1216	1.2776598930358887	36.0	1e-06
136	2	1217	1.2041246891021729	52.0	1e-06
136	3	1218	1.2285836935043335	52.0	1e-06
136	4	1219	1.1657449007034302	42.0	1e-06
136	5	1220	1.1961621046066284	38.0	1e-06
136	6	1221	1.29132080078125	48.0	1e-06
136	7	1222	1.2424108982086182	42.0	1e-06
136	8	1223	1.1861859560012817	30.0	1e-06
136	9	1224	1.2783098220825195	71.42857142857143	1e-06
137	1	1225	1.1592650413513184	48.0	1e-06
137	2	1226	1.256134271621704	36.0	1e-06
137	3	1227	1.2522519826889038	30.0	1e-06
137	4	1228	1.25310480594635	44.0	1e-06
137	5	1229	1.1745275259017944	50.0	1e-06
137	6	1230	1.2931939363479614	30.0	1e-06
137	7	1231	1.226894497871399	38.0	1e-06
137	8	1232	1.191211223602295	56.0	1e-06
137	9	1233	1.1849157810211182	57.142857142857146	1e-06
138	1	1234	1.2364979982376099	44.0	1e-06
138	2	1235	1.222299337387085	42.0	1e-06
138	3	1236	1.269924521446228	32.0	1e-06
138	4	1237	1.2030234336853027	42.0	1e-06
138	5	1238	1.1682014465332031	48.0	1e-06
138	6	1239	1.3045536279678345	42.0	1e-06
138	7	1240	1.3369240760803223	34.0	1e-06
138	8	1241	1.168041706085205	44.0	1e-06
138	9	1242	1.1926729679107666	28.571428571428573	1e-06
139	1	1243	1.2456129789352417	48.0	1e-06
139	2	1244	1.1829791069030762	44.0	1e-06
139	3	1245	1.3095011711120605	38.0	1e-06
139	4	1246	1.2355856895446777	48.0	1e-06
139	5	1247	1.2219653129577637	36.0	1e-06
139	6	1248	1.2137614488601685	38.0	1e-06
139	7	1249	1.1708370447158813	48.0	1e-06
139	8	1250	1.1928479671478271	40.0	1e-06
139	9	1251	1.458897352218628	57.142857142857146	1e-06
140	1	1252	1.1924118995666504	42.0	1e-06
140	2	1253	1.1924723386764526	48.0	1e-06
140	3	1254	1.1692317724227905	52.0	1e-06
140	4	1255	1.1827927827835083	40.0	1e-06
140	5	1256	1.2109318971633911	48.0	1e-06
140	6	1257	1.2915884256362915	42.0	1e-06
140	7	1258	1.256425142288208	36.0	1e-06
140	8	1259	1.2859126329421997	30.0	1e-06
140	9	1260	1.1501312255859375	42.857142857142854	1e-06
141	1	1261	1.2003237009048462	38.0	1e-06
141	2	1262	1.1299797296524048	46.0	1e-06
141	3	1263	1.238631010055542	36.0	1e-06
141	4	1264	1.1545348167419434	54.0	1e-06
141	5	1265	1.2956732511520386	38.0	1e-06
141	6	1266	1.1687713861465454	44.0	1e-06
141	7	1267	1.2369900941848755	34.0	1e-06
141	8	1268	1.219589352607727	42.0	1e-06
141	9	1269	1.541762113571167	42.857142857142854	1e-06
142	1	1270	1.2685151100158691	36.0	1e-06
142	2	1271	1.1457738876342773	46.0	1e-06
142	3	1272	1.227340817451477	34.0	1e-06
142	4	1273	1.237423062324524	40.0	1e-06
142	5	1274	1.1467316150665283	60.0	1e-06
142	6	1275	1.3087701797485352	44.0	1e-06
142	7	1276	1.2691861391067505	42.0	1e-06
142	8	1277	1.23121976852417	34.0	1e-06
142	9	1278	1.2285047769546509	42.857142857142854	1e-06
143	1	1279	1.1502457857131958	52.0	1e-06
143	2	1280	1.2612223625183105	44.0	1e-06
143	3	1281	1.284552812576294	32.0	1e-06
143	4	1282	1.255845069885254	32.0	1e-06
143	5	1283	1.268907904624939	26.0	1e-06
143	6	1284	1.2146567106246948	44.0	1e-06
143	7	1285	1.209904432296753	34.0	1e-06
143	8	1286	1.1440556049346924	50.0	1e-06
143	9	1287	1.309916615486145	28.571428571428573	1e-06
144	1	1288	1.2202476263046265	40.0	1e-06
144	2	1289	1.2446990013122559	34.0	1e-06
144	3	1290	1.1902341842651367	44.0	1e-06
144	4	1291	1.2859538793563843	36.0	1e-06
144	5	1292	1.2128559350967407	34.0	1e-06
144	6	1293	1.2551378011703491	46.0	1e-06
144	7	1294	1.174789547920227	44.0	1e-06
144	8	1295	1.2187083959579468	32.0	1e-06
144	9	1296	1.2433271408081055	57.142857142857146	1e-06
145	1	1297	1.201647162437439	40.0	1e-06
145	2	1298	1.2725197076797485	32.0	1e-06
145	3	1299	1.1972668170928955	38.0	1e-06
145	4	1300	1.230452299118042	44.0	1e-06
145	5	1301	1.2376230955123901	36.0	1e-06
145	6	1302	1.2336747646331787	50.0	1e-06
145	7	1303	1.1466398239135742	52.0	1e-06
145	8	1304	1.2120716571807861	42.0	1e-06
145	9	1305	1.447524905204773	28.571428571428573	1e-06
146	1	1306	1.252253770828247	34.0	1e-06
146	2	1307	1.1963801383972168	42.0	1e-06
146	3	1308	1.20072603225708	46.0	1e-06
146	4	1309	1.1610676050186157	38.0	1e-06
146	5	1310	1.1944935321807861	52.0	1e-06
146	6	1311	1.2133575677871704	50.0	1e-06
146	7	1312	1.1711398363113403	42.0	1e-06
146	8	1313	1.2091724872589111	56.0	1e-06
146	9	1314	1.1470807790756226	42.857142857142854	1e-06
147	1	1315	1.2587618827819824	50.0	1e-06
147	2	1316	1.215890645980835	34.0	1e-06
147	3	1317	1.2034659385681152	42.0	1e-06
147	4	1318	1.203913688659668	34.0	1e-06
147	5	1319	1.1386630535125732	54.0	1e-06
147	6	1320	1.212669849395752	46.0	1e-06
147	7	1321	1.2289808988571167	32.0	1e-06
147	8	1322	1.2587803602218628	34.0	1e-06
147	9	1323	1.2063997983932495	57.142857142857146	1e-06
148	1	1324	1.2235218286514282	36.0	1e-06
148	2	1325	1.2581048011779785	28.0	1e-06
148	3	1326	1.20478093624115	46.0	1e-06
148	4	1327	1.2309058904647827	48.0	1e-06
148	5	1328	1.223836064338684	34.0	1e-06
148	6	1329	1.1984604597091675	56.0	1e-06
148	7	1330	1.1847563982009888	32.0	1e-06
148	8	1331	1.1963146924972534	48.0	1e-06
148	9	1332	1.1642876863479614	42.857142857142854	1e-06
149	1	1333	1.2449229955673218	50.0	1e-06
149	2	1334	1.1966943740844727	38.0	1e-06
149	3	1335	1.1798934936523438	42.0	1e-06
149	4	1336	1.188493013381958	44.0	1e-06
149	5	1337	1.2583262920379639	48.0	1e-06
149	6	1338	1.2056760787963867	26.0	1e-06
149	7	1339	1.2651344537734985	38.0	1e-06
149	8	1340	1.177301049232483	36.0	1e-06
149	9	1341	1.1670236587524414	57.142857142857146	1e-06
150	1	1342	1.2298603057861328	34.0	1e-06
150	2	1343	1.1935992240905762	54.0	1e-06
150	3	1344	1.2545444965362549	34.0	1e-06
150	4	1345	1.207647442817688	38.0	1e-06
150	5	1346	1.1691291332244873	46.0	1e-06
150	6	1347	1.2066543102264404	40.0	1e-06
150	7	1348	1.2151355743408203	48.0	1e-06
150	8	1349	1.1438580751419067	38.0	1e-06
150	9	1350	1.1888742446899414	14.285714285714286	1e-06
151	1	1351	1.2781084775924683	42.0	1e-06
151	2	1352	1.2164857387542725	44.0	1e-06
151	3	1353	1.1770272254943848	30.0	1e-06
151	4	1354	1.2168859243392944	52.0	1e-06
151	5	1355	1.1473816633224487	44.0	1e-06
151	6	1356	1.2020306587219238	46.0	1e-06
151	7	1357	1.176633596420288	40.0	1e-06
151	8	1358	1.2097082138061523	44.0	1e-06
151	9	1359	1.8069318532943726	28.571428571428573	1e-06
152	1	1360	1.2344471216201782	44.0	1e-06
152	2	1361	1.1900538206100464	50.0	1e-06
152	3	1362	1.141994595527649	50.0	1e-06
152	4	1363	1.2916122674942017	36.0	1e-06
152	5	1364	1.2312886714935303	36.0	1e-06
152	6	1365	1.1849559545516968	34.0	1e-06
152	7	1366	1.1643867492675781	42.0	1e-06
152	8	1367	1.2184504270553589	52.0	1e-06
152	9	1368	1.2527929544448853	14.285714285714286	1e-06
153	1	1369	1.1785274744033813	42.0	1e-06
153	2	1370	1.20449960231781	50.0	1e-06
153	3	1371	1.1690925359725952	40.0	1e-06
153	4	1372	1.2153648138046265	42.0	1e-06
153	5	1373	1.205658197402954	44.0	1e-06
153	6	1374	1.1340992450714111	46.0	1e-06
153	7	1375	1.3209284543991089	48.0	1e-06
153	8	1376	1.202208399772644	42.0	1e-06
153	9	1377	1.20478093624115	28.571428571428573	1e-06
154	1	1378	1.2028021812438965	38.0	1e-06
154	2	1379	1.1291215419769287	48.0	1e-06
154	3	1380	1.2354581356048584	38.0	1e-06
154	4	1381	1.1689536571502686	52.0	1e-06
154	5	1382	1.179672360420227	36.0	1e-06
154	6	1383	1.2092839479446411	38.0	1e-06
154	7	1384	1.19610595703125	40.0	1e-06
154	8	1385	1.2171698808670044	50.0	1e-06
154	9	1386	1.0704450607299805	71.42857142857143	1e-06
155	1	1387	1.2573646306991577	46.0	1e-06
155	2	1388	1.2246310710906982	38.0	1e-06
155	3	1389	1.1101077795028687	60.0	1e-06
155	4	1390	1.2186359167099	42.0	1e-06
155	5	1391	1.216109275817871	40.0	1e-06
155	6	1392	1.1524547338485718	44.0	1e-06
155	7	1393	1.185040831565857	40.0	1e-06
155	8	1394	1.1584891080856323	42.0	1e-06
155	9	1395	1.1249213218688965	42.857142857142854	1e-06
156	1	1396	1.222948670387268	42.0	1e-06
156	2	1397	1.2037419080734253	36.0	1e-06
156	3	1398	1.1960861682891846	36.0	1e-06
156	4	1399	1.1808909177780151	40.0	1e-06
156	5	1400	1.131709337234497	44.0	1e-06
156	6	1401	1.2462248802185059	46.0	1e-06
156	7	1402	1.2734801769256592	38.0	1e-06
156	8	1403	1.1890367269515991	42.0	1e-06
156	9	1404	1.110669493675232	42.857142857142854	1e-06
157	1	1405	1.1674531698226929	40.0	1e-06
157	2	1406	1.176914930343628	46.0	1e-06
157	3	1407	1.1473822593688965	56.0	1e-06
157	4	1408	1.1902085542678833	32.0	1e-06
157	5	1409	1.1534392833709717	46.0	1e-06
157	6	1410	1.2435505390167236	36.0	1e-06
157	7	1411	1.2336318492889404	42.0	1e-06
157	8	1412	1.1669929027557373	44.0	1e-06
157	9	1413	1.6306121349334717	42.857142857142854	1e-06
158	1	1414	1.160012125968933	40.0	1e-06
158	2	1415	1.2009862661361694	38.0	1e-06
158	3	1416	1.1886343955993652	44.0	1e-06
158	4	1417	1.1789222955703735	38.0	1e-06
158	5	1418	1.195393681526184	38.0	1e-06
158	6	1419	1.1940211057662964	48.0	1e-06
158	7	1420	1.1741526126861572	42.0	1e-06
158	8	1421	1.1778950691223145	46.0	1e-06
158	9	1422	1.2476284503936768	42.857142857142854	1e-06
159	1	1423	1.2549141645431519	42.0	1e-06
159	2	1424	1.1575332880020142	50.0	1e-06
159	3	1425	1.155274510383606	44.0	1e-06
159	4	1426	1.2093158960342407	40.0	1e-06
159	5	1427	1.1399359703063965	48.0	1e-06
159	6	1428	1.1467547416687012	48.0	1e-06
159	7	1429	1.2002310752868652	38.0	1e-06
159	8	1430	1.2248427867889404	40.0	1e-06
159	9	1431	1.1707136631011963	28.571428571428573	1e-06
160	1	1432	1.2347408533096313	42.0	1e-06
160	2	1433	1.170376181602478	54.0	1e-06
160	3	1434	1.1666566133499146	36.0	1e-06
160	4	1435	1.2573281526565552	38.0	1e-06
160	5	1436	1.1787152290344238	44.0	1e-06
160	6	1437	1.1579039096832275	36.0	1e-06
160	7	1438	1.2149327993392944	30.0	1e-06
160	8	1439	1.1564412117004395	44.0	1e-06
160	9	1440	1.1239060163497925	57.142857142857146	1e-06
161	1	1441	1.1770669221878052	42.0	1e-06
161	2	1442	1.224869966506958	40.0	1e-06
161	3	1443	1.1673645973205566	48.0	1e-06
161	4	1444	1.2434548139572144	36.0	1e-06
161	5	1445	1.1422556638717651	44.0	1e-06
161	6	1446	1.2303272485733032	44.0	1e-06
161	7	1447	1.2158889770507812	54.0	1e-06
161	8	1448	1.1948938369750977	54.0	1e-06
161	9	1449	1.1195772886276245	57.142857142857146	1e-06
162	1	1450	1.2046359777450562	44.0	1e-06
162	2	1451	1.1720229387283325	48.0	1e-06
162	3	1452	1.1766327619552612	32.0	1e-06
162	4	1453	1.2611500024795532	40.0	1e-06
162	5	1454	1.1681393384933472	56.0	1e-06
162	6	1455	1.1984353065490723	32.0	1e-06
162	7	1456	1.1187734603881836	48.0	1e-06
162	8	1457	1.2081787586212158	54.0	1e-06
162	9	1458	1.1286795139312744	57.142857142857146	1e-06
163	1	1459	1.1979620456695557	36.0	1e-06
163	2	1460	1.1683040857315063	44.0	1e-06
163	3	1461	1.157909870147705	40.0	1e-06
163	4	1462	1.2148607969284058	40.0	1e-06
163	5	1463	1.2157880067825317	42.0	1e-06
163	6	1464	1.2131403684616089	42.0	1e-06
163	7	1465	1.1461050510406494	50.0	1e-06
163	8	1466	1.2106924057006836	52.0	1e-06
163	9	1467	1.1681681871414185	57.142857142857146	1e-06
164	1	1468	1.1690596342086792	46.0	1e-06
164	2	1469	1.164077877998352	42.0	1e-06
164	3	1470	1.1737675666809082	46.0	1e-06
164	4	1471	1.168579339981079	40.0	1e-06
164	5	1472	1.1110059022903442	50.0	1e-06
164	6	1473	1.1965200901031494	42.0	1e-06
164	7	1474	1.2379862070083618	48.0	1e-06
164	8	1475	1.2347391843795776	42.0	1e-06
164	9	1476	1.1366409063339233	28.571428571428573	1e-06
165	1	1477	1.2078545093536377	50.0	1e-06
165	2	1478	1.1792569160461426	44.0	1e-06
165	3	1479	1.1829298734664917	48.0	1e-06
165	4	1480	1.130791425704956	38.0	1e-06
165	5	1481	1.1199008226394653	40.0	1e-06
165	6	1482	1.1274406909942627	56.0	1e-06
165	7	1483	1.1911855936050415	40.0	1e-06
165	8	1484	1.2077713012695312	36.0	1e-06
165	9	1485	1.3680075407028198	57.142857142857146	1e-06
166	1	1486	1.125245451927185	44.0	1e-06
166	2	1487	1.1703078746795654	48.0	1e-06
166	3	1488	1.1479628086090088	42.0	1e-06
166	4	1489	1.188483715057373	42.0	1e-06
166	5	1490	1.1604269742965698	58.0	1e-06
166	6	1491	1.2165942192077637	38.0	1e-06
166	7	1492	1.1588479280471802	46.0	1e-06
166	8	1493	1.249140977859497	34.0	1e-06
166	9	1494	1.106838345527649	42.857142857142854	1e-06
167	1	1495	1.1499135494232178	40.0	1e-06
167	2	1496	1.1557880640029907	42.0	1e-06
167	3	1497	1.1332619190216064	44.0	1e-06
167	4	1498	1.2152869701385498	46.0	1e-06
167	5	1499	1.160881757736206	36.0	1e-06
167	6	1500	1.1361366510391235	44.0	1e-06
167	7	1501	1.1775604486465454	42.0	1e-06
167	8	1502	1.2210127115249634	38.0	1e-06
167	9	1503	1.6424640417099	14.285714285714286	1e-06
168	1	1504	1.1675522327423096	52.0	1e-06
168	2	1505	1.2006993293762207	48.0	1e-06
168	3	1506	1.1451767683029175	46.0	1e-06
168	4	1507	1.177809715270996	42.0	1e-06
168	5	1508	1.178791880607605	48.0	1e-06
168	6	1509	1.1709961891174316	42.0	1e-06
168	7	1510	1.177778720855713	36.0	1e-06
168	8	1511	1.2114052772521973	38.0	1e-06
168	9	1512	1.1400115489959717	28.571428571428573	1e-06
169	1	1513	1.17716383934021	48.0	1e-06
169	2	1514	1.170973300933838	46.0	1e-06
169	3	1515	1.2152433395385742	36.0	1e-06
169	4	1516	1.147664189338684	48.0	1e-06
169	5	1517	1.1558427810668945	44.0	1e-06
169	6	1518	1.2088168859481812	32.0	1e-06
169	7	1519	1.285345435142517	40.0	1e-06
169	8	1520	1.1192182302474976	58.0	1e-06
169	9	1521	1.5570032596588135	14.285714285714286	1e-06
170	1	1522	1.104716181755066	54.0	1e-06
170	2	1523	1.1380388736724854	42.0	1e-06
170	3	1524	1.2318271398544312	40.0	1e-06
170	4	1525	1.1627981662750244	44.0	1e-06
170	5	1526	1.2632336616516113	54.0	1e-06
170	6	1527	1.1794809103012085	34.0	1e-06
170	7	1528	1.1782678365707397	48.0	1e-06
170	8	1529	1.1981946229934692	36.0	1e-06
170	9	1530	1.1613295078277588	28.571428571428573	1e-06
171	1	1531	1.2223808765411377	32.0	1e-06
171	2	1532	1.1730729341506958	36.0	1e-06
171	3	1533	1.1359235048294067	40.0	1e-06
171	4	1534	1.1678686141967773	48.0	1e-06
171	5	1535	1.2242497205734253	34.0	1e-06
171	6	1536	1.1634947061538696	36.0	1e-06
171	7	1537	1.2392328977584839	50.0	1e-06
171	8	1538	1.156731128692627	40.0	1e-06
171	9	1539	1.1731641292572021	71.42857142857143	1e-06
172	1	1540	1.1720689535140991	46.0	1e-06
172	2	1541	1.2109158039093018	34.0	1e-06
172	3	1542	1.1566001176834106	34.0	1e-06
172	4	1543	1.1917121410369873	44.0	1e-06
172	5	1544	1.1307581663131714	48.0	1e-06
172	6	1545	1.1364212036132812	38.0	1e-06
172	7	1546	1.2365940809249878	38.0	1e-06
172	8	1547	1.2004245519638062	36.0	1e-06
172	9	1548	1.2632800340652466	28.571428571428573	1e-06
173	1	1549	1.1997185945510864	46.0	1e-06
173	2	1550	1.100722074508667	58.0	1e-06
173	3	1551	1.1656560897827148	50.0	1e-06
173	4	1552	1.1366491317749023	42.0	1e-06
173	5	1553	1.1561036109924316	40.0	1e-06
173	6	1554	1.2801945209503174	26.0	1e-06
173	7	1555	1.2323626279830933	34.0	1e-06
173	8	1556	1.2344328165054321	24.0	1e-06
173	9	1557	1.0904393196105957	100.0	1e-06
174	1	1558	1.1904354095458984	42.0	1e-06
174	2	1559	1.3065434694290161	40.0	1e-06
174	3	1560	1.1959495544433594	44.0	1e-06
174	4	1561	1.1999505758285522	38.0	1e-06
174	5	1562	1.1477328538894653	64.0	1e-06
174	6	1563	1.2239792346954346	14.0	1e-06
174	7	1564	1.1350655555725098	40.0	1e-06
174	8	1565	1.1528520584106445	40.0	1e-06
174	9	1566	1.0410054922103882	71.42857142857143	1e-06
175	1	1567	1.1721386909484863	42.0	1e-06
175	2	1568	1.137477993965149	64.0	1e-06
175	3	1569	1.177791714668274	42.0	1e-06
175	4	1570	1.1612598896026611	44.0	1e-06
175	5	1571	1.1748979091644287	52.0	1e-06
175	6	1572	1.178701639175415	56.0	1e-06
175	7	1573	1.1405787467956543	54.0	1e-06
175	8	1574	1.1813733577728271	34.0	1e-06
175	9	1575	1.1059306859970093	42.857142857142854	1e-06
176	1	1576	1.1391479969024658	50.0	1e-06
176	2	1577	1.121608853340149	42.0	1e-06
176	3	1578	1.1200882196426392	50.0	1e-06
176	4	1579	1.1372419595718384	44.0	1e-06
176	5	1580	1.1843091249465942	38.0	1e-06
176	6	1581	1.0942844152450562	50.0	1e-06
176	7	1582	1.2637633085250854	58.0	1e-06
176	8	1583	1.2574436664581299	42.0	1e-06
176	9	1584	1.9251596927642822	14.285714285714286	1e-06
177	1	1585	1.1907004117965698	34.0	1e-06
177	2	1586	1.1314224004745483	46.0	1e-06
177	3	1587	1.150905966758728	46.0	1e-06
177	4	1588	1.129375696182251	44.0	1e-06
177	5	1589	1.1316496133804321	50.0	1e-06
177	6	1590	1.1402589082717896	52.0	1e-06
177	7	1591	1.1641088724136353	38.0	1e-06
177	8	1592	1.1645258665084839	58.0	1e-06
177	9	1593	1.2648781538009644	57.142857142857146	1e-06
178	1	1594	1.1760159730911255	36.0	1e-06
178	2	1595	1.1162279844284058	52.0	1e-06
178	3	1596	1.1210100650787354	48.0	1e-06
178	4	1597	1.171061635017395	38.0	1e-06
178	5	1598	1.1321477890014648	52.0	1e-06
178	6	1599	1.244436502456665	46.0	1e-06
178	7	1600	1.2276382446289062	46.0	1e-06
178	8	1601	1.2219539880752563	34.0	1e-06
178	9	1602	1.186619520187378	28.571428571428573	1e-06
179	1	1603	1.2190967798233032	38.0	1e-06
179	2	1604	1.2078922986984253	36.0	1e-06
179	3	1605	1.1611171960830688	50.0	1e-06
179	4	1606	1.1684198379516602	42.0	1e-06
179	5	1607	1.134788155555725	46.0	1e-06
179	6	1608	1.2037020921707153	34.0	1e-06
179	7	1609	1.1365939378738403	44.0	1e-06
179	8	1610	1.1325364112854004	48.0	1e-06
179	9	1611	1.1297451257705688	28.571428571428573	1e-06
180	1	1612	1.2123408317565918	34.0	1e-06
180	2	1613	1.1590138673782349	48.0	1e-06
180	3	1614	1.146808385848999	40.0	1e-06
180	4	1615	1.1543996334075928	56.0	1e-06
180	5	1616	1.1840893030166626	46.0	1e-06
180	6	1617	1.1733698844909668	42.0	1e-06
180	7	1618	1.1402078866958618	42.0	1e-06
180	8	1619	1.1383743286132812	34.0	1e-06
180	9	1620	1.1874473094940186	42.857142857142854	1e-06
181	1	1621	1.1267926692962646	40.0	1e-06
181	2	1622	1.1070334911346436	50.0	1e-06
181	3	1623	1.1417526006698608	52.0	1e-06
181	4	1624	1.1665962934494019	42.0	1e-06
181	5	1625	1.1639378070831299	34.0	1e-06
181	6	1626	1.153822422027588	36.0	1e-06
181	7	1627	1.160978078842163	38.0	1e-06
181	8	1628	1.2469992637634277	42.0	1e-06
181	9	1629	1.2113200426101685	42.857142857142854	1e-06
182	1	1630	1.144646167755127	38.0	1e-06
182	2	1631	1.1665725708007812	52.0	1e-06
182	3	1632	1.1133861541748047	50.0	1e-06
182	4	1633	1.1924376487731934	38.0	1e-06
182	5	1634	1.149181842803955	48.0	1e-06
182	6	1635	1.1752748489379883	34.0	1e-06
182	7	1636	1.1616768836975098	50.0	1e-06
182	8	1637	1.0946978330612183	56.0	1e-06
182	9	1638	1.1559196710586548	28.571428571428573	1e-06
183	1	1639	1.1344051361083984	46.0	1e-06
183	2	1640	1.1590025424957275	40.0	1e-06
183	3	1641	1.1164301633834839	54.0	1e-06
183	4	1642	1.2431607246398926	38.0	1e-06
183	5	1643	1.1834168434143066	54.0	1e-06
183	6	1644	1.1988720893859863	38.0	1e-06
183	7	1645	1.143455982208252	44.0	1e-06
183	8	1646	1.1653128862380981	46.0	1e-06
183	9	1647	1.2432224750518799	28.571428571428573	1e-06
184	1	1648	1.1663293838500977	48.0	1e-06
184	2	1649	1.1957292556762695	30.0	1e-06
184	3	1650	1.1214733123779297	56.0	1e-06
184	4	1651	1.1298593282699585	54.0	1e-06
184	5	1652	1.1077171564102173	48.0	1e-06
184	6	1653	1.2014610767364502	36.0	1e-06
184	7	1654	1.1575533151626587	52.0	1e-06
184	8	1655	1.155584692955017	46.0	1e-06
184	9	1656	1.1001135110855103	42.857142857142854	1e-06
185	1	1657	1.1557695865631104	44.0	1e-06
185	2	1658	1.1721879243850708	50.0	1e-06
185	3	1659	1.133010745048523	52.0	1e-06
185	4	1660	1.1839122772216797	46.0	1e-06
185	5	1661	1.107061743736267	46.0	1e-06
185	6	1662	1.163319706916809	34.0	1e-06
185	7	1663	1.1407256126403809	46.0	1e-06
185	8	1664	1.172362208366394	56.0	1e-06
185	9	1665	1.1397528648376465	42.857142857142854	1e-06
186	1	1666	1.151902437210083	36.0	1e-06
186	2	1667	1.1623566150665283	60.0	1e-06
186	3	1668	1.143062949180603	50.0	1e-06
186	4	1669	1.194154977798462	48.0	1e-06
186	5	1670	1.1569916009902954	26.0	1e-06
186	6	1671	1.165751576423645	52.0	1e-06
186	7	1672	1.1386349201202393	46.0	1e-06
186	8	1673	1.1177562475204468	62.0	1e-06
186	9	1674	1.1205337047576904	42.857142857142854	1e-06
187	1	1675	1.1635740995407104	40.0	1e-06
187	2	1676	1.1498637199401855	32.0	1e-06
187	3	1677	1.1231393814086914	44.0	1e-06
187	4	1678	1.184667944908142	58.0	1e-06
187	5	1679	1.1070390939712524	42.0	1e-06
187	6	1680	1.1769448518753052	46.0	1e-06
187	7	1681	1.162163496017456	38.0	1e-06
187	8	1682	1.1876626014709473	44.0	1e-06
187	9	1683	1.3338192701339722	28.571428571428573	1e-06
188	1	1684	1.1766566038131714	30.0	1e-06
188	2	1685	1.1910808086395264	48.0	1e-06
188	3	1686	1.1141352653503418	48.0	1e-06
188	4	1687	1.0891234874725342	58.0	1e-06
188	5	1688	1.1228492259979248	42.0	1e-06
188	6	1689	1.115056037902832	50.0	1e-06
188	7	1690	1.1234643459320068	46.0	1e-06
188	8	1691	1.1379948854446411	32.0	1e-06
188	9	1692	1.2875460386276245	28.571428571428573	1e-06
189	1	1693	1.1921745538711548	44.0	1e-06
189	2	1694	1.1406124830245972	36.0	1e-06
189	3	1695	1.216858148574829	48.0	1e-06
189	4	1696	1.1373891830444336	44.0	1e-06
189	5	1697	1.1717021465301514	48.0	1e-06
189	6	1698	1.1504085063934326	38.0	1e-06
189	7	1699	1.0871258974075317	44.0	1e-06
189	8	1700	1.1523457765579224	40.0	1e-06
189	9	1701	1.2181901931762695	42.857142857142854	1e-06
190	1	1702	1.1365723609924316	44.0	1e-06
190	2	1703	1.1231788396835327	50.0	1e-06
190	3	1704	1.2013906240463257	46.0	1e-06
190	4	1705	1.1354882717132568	52.0	1e-06
190	5	1706	1.1144652366638184	52.0	1e-06
190	6	1707	1.0881351232528687	54.0	1e-06
190	7	1708	1.1658546924591064	36.0	1e-06
190	8	1709	1.1646863222122192	36.0	1e-06
190	9	1710	1.2845861911773682	14.285714285714286	1e-06
191	1	1711	1.1967788934707642	50.0	1e-06
191	2	1712	1.1065090894699097	52.0	1e-06
191	3	1713	1.156416416168213	60.0	1e-06
191	4	1714	1.1203655004501343	42.0	1e-06
191	5	1715	1.1128225326538086	54.0	1e-06
191	6	1716	1.158230185508728	48.0	1e-06
191	7	1717	1.1796494722366333	44.0	1e-06
191	8	1718	1.1675772666931152	48.0	1e-06
191	9	1719	1.2608373165130615	28.571428571428573	1e-06
192	1	1720	1.1840424537658691	44.0	1e-06
192	2	1721	1.1399312019348145	48.0	1e-06
192	3	1722	1.141108751296997	48.0	1e-06
192	4	1723	1.1270012855529785	54.0	1e-06
192	5	1724	1.1377307176589966	44.0	1e-06
192	6	1725	1.1579694747924805	40.0	1e-06
192	7	1726	1.1232445240020752	64.0	1e-06
192	8	1727	1.133771300315857	56.0	1e-06
192	9	1728	1.0675524473190308	71.42857142857143	1e-06
193	1	1729	1.1305108070373535	36.0	1e-06
193	2	1730	1.1638479232788086	42.0	1e-06
193	3	1731	1.1121509075164795	46.0	1e-06
193	4	1732	1.1079339981079102	44.0	1e-06
193	5	1733	1.149755597114563	52.0	1e-06
193	6	1734	1.1803439855575562	44.0	1e-06
193	7	1735	1.1008176803588867	48.0	1e-06
193	8	1736	1.175614356994629	48.0	1e-06
193	9	1737	1.2449511289596558	57.142857142857146	1e-06
194	1	1738	1.1586699485778809	48.0	1e-06
194	2	1739	1.1049138307571411	44.0	1e-06
194	3	1740	1.1616606712341309	46.0	1e-06
194	4	1741	1.1127054691314697	48.0	1e-06
194	5	1742	1.1557304859161377	56.0	1e-06
194	6	1743	1.20255708694458	38.0	1e-06
194	7	1744	1.1429328918457031	42.0	1e-06
194	8	1745	1.1117950677871704	44.0	1e-06
194	9	1746	1.1768815517425537	28.571428571428573	1e-06
195	1	1747	1.0902698040008545	52.0	1e-06
195	2	1748	1.2072182893753052	38.0	1e-06
195	3	1749	1.0993361473083496	48.0	1e-06
195	4	1750	1.1258752346038818	48.0	1e-06
195	5	1751	1.125504732131958	50.0	1e-06
195	6	1752	1.170546531677246	40.0	1e-06
195	7	1753	1.2145096063613892	34.0	1e-06
195	8	1754	1.2241445779800415	46.0	1e-06
195	9	1755	1.257083773612976	57.142857142857146	1e-06
196	1	1756	1.1925835609436035	44.0	1e-06
196	2	1757	1.1084169149398804	40.0	1e-06
196	3	1758	1.130873203277588	40.0	1e-06
196	4	1759	1.1498266458511353	46.0	1e-06
196	5	1760	1.1105642318725586	52.0	1e-06
196	6	1761	1.117586612701416	40.0	1e-06
196	7	1762	1.148613452911377	46.0	1e-06
196	8	1763	1.2037785053253174	40.0	1e-06
196	9	1764	1.0818586349487305	71.42857142857143	1e-06
197	1	1765	1.188618540763855	34.0	1e-06
197	2	1766	1.1199140548706055	48.0	1e-06
197	3	1767	1.1306281089782715	42.0	1e-06
197	4	1768	1.1296663284301758	48.0	1e-06
197	5	1769	1.1845594644546509	48.0	1e-06
197	6	1770	1.17021644115448	34.0	1e-06
197	7	1771	1.1105107069015503	44.0	1e-06
197	8	1772	1.159348964691162	50.0	1e-06
197	9	1773	1.16398024559021	57.142857142857146	1e-06
198	1	1774	1.1038109064102173	40.0	1e-06
198	2	1775	1.1118284463882446	46.0	1e-06
198	3	1776	1.1705917119979858	42.0	1e-06
198	4	1777	1.1785979270935059	46.0	1e-06
198	5	1778	1.1161963939666748	38.0	1e-06
198	6	1779	1.092807412147522	52.0	1e-06
198	7	1780	1.0644508600234985	58.0	1e-06
198	8	1781	1.1320524215698242	42.0	1e-06
198	9	1782	1.224772572517395	57.142857142857146	1e-06
199	1	1783	1.1981234550476074	40.0	1e-06
199	2	1784	1.1514887809753418	50.0	1e-06
199	3	1785	1.1396905183792114	42.0	1e-06
199	4	1786	1.151467204093933	46.0	1e-06
199	5	1787	1.1314702033996582	48.0	1e-06
199	6	1788	1.1129928827285767	44.0	1e-06
199	7	1789	1.0979448556900024	42.0	1e-06
199	8	1790	1.1089401245117188	42.0	1e-06
199	9	1791	1.0558542013168335	42.857142857142854	1e-06
200	1	1792	1.1148773431777954	54.0	1e-06
200	2	1793	1.1290357112884521	44.0	1e-06
200	3	1794	1.225144624710083	38.0	1e-06
200	4	1795	1.1141704320907593	50.0	1e-06
200	5	1796	1.2436281442642212	42.0	1e-06
200	6	1797	1.071359634399414	52.0	1e-06
200	7	1798	1.1252237558364868	34.0	1e-06
200	8	1799	1.1349433660507202	38.0	1e-06
200	9	1800	1.0548092126846313	71.42857142857143	1e-06
201	1	1801	1.0911235809326172	54.0	1e-06
201	2	1802	1.1684186458587646	50.0	1e-06
201	3	1803	1.109917402267456	36.0	1e-06
201	4	1804	1.1292933225631714	46.0	1e-06
201	5	1805	1.159673810005188	44.0	1e-06
201	6	1806	1.1804182529449463	40.0	1e-06
201	7	1807	1.143319010734558	44.0	1e-06
201	8	1808	1.1833537817001343	44.0	1e-06
201	9	1809	1.0355761051177979	57.142857142857146	1e-06
202	1	1810	1.1216243505477905	50.0	1e-06
202	2	1811	1.1502200365066528	50.0	1e-06
202	3	1812	1.2032629251480103	36.0	1e-06
202	4	1813	1.107297420501709	46.0	1e-06
202	5	1814	1.1329594850540161	44.0	1e-06
202	6	1815	1.1926246881484985	52.0	1e-06
202	7	1816	1.0946776866912842	46.0	1e-06
202	8	1817	1.1080145835876465	48.0	1e-06
202	9	1818	1.0834786891937256	42.857142857142854	1e-06
203	1	1819	1.149827003479004	48.0	1e-06
203	2	1820	1.0889983177185059	48.0	1e-06
203	3	1821	1.120340347290039	48.0	1e-06
203	4	1822	1.2187559604644775	38.0	1e-06
203	5	1823	1.1677302122116089	44.0	1e-06
203	6	1824	1.1051604747772217	44.0	1e-06
203	7	1825	1.1496610641479492	50.0	1e-06
203	8	1826	1.132870078086853	36.0	1e-06
203	9	1827	1.2815178632736206	57.142857142857146	1e-06
204	1	1828	1.1656156778335571	36.0	1e-06
204	2	1829	1.1515693664550781	58.0	1e-06
204	3	1830	1.096975564956665	50.0	1e-06
204	4	1831	1.154358983039856	44.0	1e-06
204	5	1832	1.1038241386413574	42.0	1e-06
204	6	1833	1.086793303489685	56.0	1e-06
204	7	1834	1.149193525314331	46.0	1e-06
204	8	1835	1.219469428062439	48.0	1e-06
204	9	1836	1.1152795553207397	57.142857142857146	1e-06
205	1	1837	1.115805983543396	54.0	1e-06
205	2	1838	1.1345618963241577	38.0	1e-06
205	3	1839	1.0757687091827393	56.0	1e-06
205	4	1840	1.2388827800750732	48.0	1e-06
205	5	1841	1.1083523035049438	58.0	1e-06
205	6	1842	1.1599236726760864	34.0	1e-06
205	7	1843	1.1287106275558472	56.0	1e-06
205	8	1844	1.1230775117874146	34.0	1e-06
205	9	1845	1.1958245038986206	0.0	1e-06
206	1	1846	1.1495306491851807	42.0	1e-06
206	2	1847	1.109721302986145	56.0	1e-06
206	3	1848	1.144468069076538	40.0	1e-06
206	4	1849	1.1263679265975952	44.0	1e-06
206	5	1850	1.1273505687713623	36.0	1e-06
206	6	1851	1.1030386686325073	64.0	1e-06
206	7	1852	1.141248345375061	48.0	1e-06
206	8	1853	1.0995067358016968	48.0	1e-06
206	9	1854	1.1047028303146362	42.857142857142854	1e-06
207	1	1855	1.2565454244613647	40.0	1e-06
207	2	1856	1.150891900062561	38.0	1e-06
207	3	1857	1.1171058416366577	52.0	1e-06
207	4	1858	1.1180431842803955	34.0	1e-06
207	5	1859	1.1244747638702393	48.0	1e-06
207	6	1860	1.119765043258667	50.0	1e-06
207	7	1861	1.14493727684021	50.0	1e-06
207	8	1862	1.0694488286972046	58.0	1e-06
207	9	1863	1.2710249423980713	28.571428571428573	1e-06
208	1	1864	1.1440050601959229	46.0	1e-06
208	2	1865	1.0930737257003784	44.0	1e-06
208	3	1866	1.1328861713409424	56.0	1e-06
208	4	1867	1.1140292882919312	46.0	1e-06
208	5	1868	1.1725060939788818	48.0	1e-06
208	6	1869	1.1458989381790161	40.0	1e-06
208	7	1870	1.161534309387207	32.0	1e-06
208	8	1871	1.1241676807403564	56.0	1e-06
208	9	1872	1.1722910404205322	0.0	1e-06
209	1	1873	1.0739182233810425	54.0	1e-06
209	2	1874	1.1434005498886108	56.0	1e-06
209	3	1875	1.2086552381515503	42.0	1e-06
209	4	1876	1.0994489192962646	50.0	1e-06
209	5	1877	1.1615616083145142	42.0	1e-06
209	6	1878	1.1011145114898682	46.0	1e-06
209	7	1879	1.1224277019500732	40.0	1e-06
209	8	1880	1.0871068239212036	54.0	1e-06
209	9	1881	1.1803616285324097	14.285714285714286	1e-06
210	1	1882	1.077691674232483	42.0	1e-06
210	2	1883	1.1647452116012573	40.0	1e-06
210	3	1884	1.168339729309082	48.0	1e-06
210	4	1885	1.2115460634231567	34.0	1e-06
210	5	1886	1.119055151939392	44.0	1e-06
210	6	1887	1.1102641820907593	48.0	1e-06
210	7	1888	1.1216967105865479	42.0	1e-06
210	8	1889	1.1461261510849	46.0	1e-06
210	9	1890	1.1597625017166138	42.857142857142854	1e-06
211	1	1891	1.0657883882522583	54.0	1e-06
211	2	1892	1.1241722106933594	50.0	1e-06
211	3	1893	1.1754069328308105	38.0	1e-06
211	4	1894	1.1332224607467651	48.0	1e-06
211	5	1895	1.1219233274459839	44.0	1e-06
211	6	1896	1.1324390172958374	40.0	1e-06
211	7	1897	1.1332252025604248	46.0	1e-06
211	8	1898	1.0875346660614014	44.0	1e-06
211	9	1899	1.1636908054351807	71.42857142857143	1e-06
212	1	1900	1.1217455863952637	52.0	1e-06
212	2	1901	1.140208125114441	36.0	1e-06
212	3	1902	1.1246256828308105	50.0	1e-06
212	4	1903	1.0826096534729004	52.0	1e-06
212	5	1904	1.1259957551956177	46.0	1e-06
212	6	1905	1.1239328384399414	42.0	1e-06
212	7	1906	1.0848112106323242	58.0	1e-06
212	8	1907	1.1301265954971313	62.0	1e-06
212	9	1908	1.1873654127120972	28.571428571428573	1e-06
213	1	1909	1.077933430671692	56.0	1e-06
213	2	1910	1.1286181211471558	48.0	1e-06
213	3	1911	1.1177715063095093	54.0	1e-06
213	4	1912	1.2117013931274414	44.0	1e-06
213	5	1913	1.1320555210113525	38.0	1e-06
213	6	1914	1.132256031036377	46.0	1e-06
213	7	1915	1.0822792053222656	44.0	1e-06
213	8	1916	1.1230260133743286	46.0	1e-06
213	9	1917	1.1303679943084717	42.857142857142854	1e-06
214	1	1918	1.1053359508514404	48.0	1e-06
214	2	1919	1.0691850185394287	52.0	1e-06
214	3	1920	1.149410367012024	50.0	1e-06
214	4	1921	1.1584935188293457	48.0	1e-06
214	5	1922	1.1875126361846924	32.0	1e-06
214	6	1923	1.1161463260650635	44.0	1e-06
214	7	1924	1.1082371473312378	38.0	1e-06
214	8	1925	1.1335822343826294	42.0	1e-06
214	9	1926	1.1697553396224976	42.857142857142854	1e-06
215	1	1927	1.0705137252807617	48.0	1e-06
215	2	1928	1.0967013835906982	44.0	1e-06
215	3	1929	1.1780833005905151	40.0	1e-06
215	4	1930	1.1279784440994263	48.0	1e-06
215	5	1931	1.2090266942977905	42.0	1e-06
215	6	1932	1.1508417129516602	48.0	1e-06
215	7	1933	1.0990489721298218	52.0	1e-06
215	8	1934	1.1216859817504883	46.0	1e-06
215	9	1935	1.1536210775375366	28.571428571428573	1e-06
216	1	1936	1.1549679040908813	40.0	1e-06
216	2	1937	1.1611262559890747	40.0	1e-06
216	3	1938	1.147943139076233	44.0	1e-06
216	4	1939	1.089453935623169	42.0	1e-06
216	5	1940	1.0836477279663086	56.0	1e-06
216	6	1941	1.0987581014633179	34.0	1e-06
216	7	1942	1.1223737001419067	42.0	1e-06
216	8	1943	1.0781960487365723	56.0	1e-06
216	9	1944	1.2041047811508179	28.571428571428573	1e-06
217	1	1945	1.1101986169815063	50.0	1e-06
217	2	1946	1.095381498336792	54.0	1e-06
217	3	1947	1.1251435279846191	34.0	1e-06
217	4	1948	1.1494755744934082	50.0	1e-06
217	5	1949	1.0797631740570068	54.0	1e-06
217	6	1950	1.1595913171768188	50.0	1e-06
217	7	1951	1.098176121711731	42.0	1e-06
217	8	1952	1.1277785301208496	40.0	1e-06
217	9	1953	1.1291450262069702	42.857142857142854	1e-06
218	1	1954	1.0919793844223022	48.0	1e-06
218	2	1955	1.0814803838729858	54.0	1e-06
218	3	1956	1.1099581718444824	44.0	1e-06
218	4	1957	1.1162587404251099	48.0	1e-06
218	5	1958	1.1377403736114502	52.0	1e-06
218	6	1959	1.0757681131362915	68.0	1e-06
218	7	1960	1.1439199447631836	44.0	1e-06
218	8	1961	1.119890570640564	48.0	1e-06
218	9	1962	1.1213014125823975	57.142857142857146	1e-06
219	1	1963	1.1706490516662598	54.0	1e-06
219	2	1964	1.0743404626846313	54.0	1e-06
219	3	1965	1.1265541315078735	40.0	1e-06
219	4	1966	1.0976864099502563	42.0	1e-06
219	5	1967	1.1081615686416626	42.0	1e-06
219	6	1968	1.1205087900161743	40.0	1e-06
219	7	1969	1.1443278789520264	38.0	1e-06
219	8	1970	1.1046470403671265	42.0	1e-06
219	9	1971	1.1140636205673218	28.571428571428573	1e-06
220	1	1972	1.048866868019104	58.0	1e-06
220	2	1973	1.092476725578308	48.0	1e-06
220	3	1974	1.093904972076416	48.0	1e-06
220	4	1975	1.1101409196853638	44.0	1e-06
220	5	1976	1.1213423013687134	46.0	1e-06
220	6	1977	1.1300325393676758	38.0	1e-06
220	7	1978	1.0724091529846191	48.0	1e-06
220	8	1979	1.0901623964309692	56.0	1e-06
220	9	1980	1.0657908916473389	42.857142857142854	1e-06
221	1	1981	1.0719046592712402	48.0	1e-06
221	2	1982	1.1341854333877563	50.0	1e-06
221	3	1983	1.1349986791610718	40.0	1e-06
221	4	1984	1.1265889406204224	42.0	1e-06
221	5	1985	1.1176104545593262	50.0	1e-06
221	6	1986	1.0657075643539429	46.0	1e-06
221	7	1987	1.1491433382034302	48.0	1e-06
221	8	1988	1.105297565460205	48.0	1e-06
221	9	1989	1.230454683303833	28.571428571428573	1e-06
222	1	1990	1.0930553674697876	44.0	1e-06
222	2	1991	1.1470303535461426	42.0	1e-06
222	3	1992	1.091991901397705	46.0	1e-06
222	4	1993	1.1559678316116333	32.0	1e-06
222	5	1994	1.1048239469528198	60.0	1e-06
222	6	1995	1.1329355239868164	30.0	1e-06
222	7	1996	1.1112549304962158	48.0	1e-06
222	8	1997	1.2011973857879639	32.0	1e-06
222	9	1998	1.14092218875885	42.857142857142854	1e-06
223	1	1999	1.0793324708938599	54.0	1e-06
223	2	2000	1.1194339990615845	46.0	1e-06
223	3	2001	1.1031841039657593	40.0	1e-06
223	4	2002	1.1220189332962036	48.0	1e-06
223	5	2003	1.0893136262893677	44.0	1e-06
223	6	2004	1.0448925495147705	60.0	1e-06
223	7	2005	1.1111533641815186	38.0	1e-06
223	8	2006	1.1961331367492676	36.0	1e-06
223	9	2007	1.1766990423202515	28.571428571428573	1e-06
224	1	2008	1.1016488075256348	40.0	1e-06
224	2	2009	1.1590561866760254	30.0	1e-06
224	3	2010	1.0903513431549072	42.0	1e-06
224	4	2011	1.1365816593170166	38.0	1e-06
224	5	2012	1.1963406801223755	46.0	1e-06
224	6	2013	1.115390658378601	52.0	1e-06
224	7	2014	1.075169563293457	48.0	1e-06
224	8	2015	1.1186524629592896	56.0	1e-06
224	9	2016	1.1453768014907837	57.142857142857146	1e-06
225	1	2017	1.0906801223754883	52.0	1e-06
225	2	2018	1.0702481269836426	42.0	1e-06
225	3	2019	1.094205379486084	52.0	1e-06
225	4	2020	1.1143901348114014	40.0	1e-06
225	5	2021	1.1696553230285645	38.0	1e-06
225	6	2022	1.140006184577942	40.0	1e-06
225	7	2023	1.1043319702148438	34.0	1e-06
225	8	2024	1.1092805862426758	48.0	1e-06
225	9	2025	1.2016040086746216	28.571428571428573	1e-06
226	1	2026	1.1118601560592651	54.0	1e-06
226	2	2027	1.1347627639770508	44.0	1e-06
226	3	2028	1.0817277431488037	54.0	1e-06
226	4	2029	1.0511976480484009	64.0	1e-06
226	5	2030	1.0687214136123657	56.0	1e-06
226	6	2031	1.094826340675354	60.0	1e-06
226	7	2032	1.1127194166183472	46.0	1e-06
226	8	2033	1.092917561531067	44.0	1e-06
226	9	2034	1.2285434007644653	71.42857142857143	1e-06
227	1	2035	1.147182822227478	42.0	1e-06
227	2	2036	1.10798978805542	50.0	1e-06
227	3	2037	1.135358452796936	44.0	1e-06
227	4	2038	1.1341434717178345	38.0	1e-06
227	5	2039	1.1034557819366455	40.0	1e-06
227	6	2040	1.107822299003601	46.0	1e-06
227	7	2041	1.100058674812317	52.0	1e-06
227	8	2042	1.0831022262573242	52.0	1e-06
227	9	2043	1.1883302927017212	71.42857142857143	1e-06
228	1	2044	1.0723204612731934	50.0	1e-06
228	2	2045	1.0957677364349365	44.0	1e-06
228	3	2046	1.088766098022461	50.0	1e-06
228	4	2047	1.0797715187072754	44.0	1e-06
228	5	2048	1.0855776071548462	46.0	1e-06
228	6	2049	1.1129308938980103	48.0	1e-06
228	7	2050	1.072535514831543	54.0	1e-06
228	8	2051	1.121484398841858	48.0	1e-06
228	9	2052	1.1730104684829712	57.142857142857146	1e-06
