epoch	batch	iter	loss	acc	lr
1	1	1	1.8345588445663452	8.0	1e-05
1	2	2	1.8335620164871216	14.0	1e-05
1	3	3	1.7729756832122803	20.0	1e-05
2	1	4	1.8175922632217407	4.0	1e-05
2	2	5	1.7923851013183594	16.0	1e-05
2	3	6	1.8045648336410522	20.0	1e-05
3	1	7	1.7489020824432373	22.0	1e-05
3	2	8	1.7928391695022583	18.0	1e-05
3	3	9	1.830896019935608	10.0	1e-05
4	1	10	1.7645028829574585	24.0	1e-05
4	2	11	1.8110778331756592	16.0	1e-05
4	3	12	1.7386175394058228	30.0	1e-05
5	1	13	1.7856755256652832	16.0	1e-05
5	2	14	1.748175859451294	34.0	1e-05
5	3	15	1.7457952499389648	25.0	1e-05
6	1	16	1.7577710151672363	30.0	1e-05
6	2	17	1.7834659814834595	18.0	1e-05
6	3	18	1.7794815301895142	30.0	1e-05
7	1	19	1.7369707822799683	30.0	1e-05
7	2	20	1.7369176149368286	26.0	1e-05
7	3	21	1.7977535724639893	20.0	1e-05
8	1	22	1.7847039699554443	14.0	1e-05
8	2	23	1.6842750310897827	28.0	1e-05
8	3	24	1.8106778860092163	25.0	1e-05
9	1	25	1.681959867477417	26.0	1e-05
9	2	26	1.6853663921356201	32.0	1e-05
9	3	27	1.7247588634490967	15.0	1e-05
10	1	28	1.6850589513778687	20.0	1e-05
10	2	29	1.7265809774398804	20.0	1e-05
10	3	30	1.7390540838241577	10.0	1e-05
11	1	31	1.6776726245880127	24.0	1e-05
11	2	32	1.6824500560760498	20.0	1e-05
11	3	33	1.707939863204956	30.0	1e-05
12	1	34	1.6839975118637085	14.0	1e-05
12	2	35	1.6671721935272217	24.0	1e-05
12	3	36	1.69339120388031	30.0	1e-05
13	1	37	1.6382790803909302	26.0	1e-05
13	2	38	1.5901871919631958	34.0	1e-05
13	3	39	1.665890097618103	30.0	1e-05
14	1	40	1.603907823562622	28.0	1e-05
14	2	41	1.57187819480896	40.0	1e-05
14	3	42	1.6587673425674438	45.0	1e-05
15	1	43	1.5304641723632812	42.0	1e-05
15	2	44	1.5824389457702637	36.0	1e-05
15	3	45	1.5505154132843018	25.0	1e-05
16	1	46	1.5968667268753052	38.0	1e-05
16	2	47	1.570750117301941	28.0	1e-05
16	3	48	1.5847853422164917	35.0	1e-05
17	1	49	1.4848647117614746	44.0	1e-05
17	2	50	1.5285197496414185	26.0	1e-05
17	3	51	1.6524074077606201	20.0	1e-05
18	1	52	1.6130919456481934	24.0	1e-05
18	2	53	1.5031298398971558	40.0	1e-05
18	3	54	1.4966588020324707	25.0	1e-05
19	1	55	1.467919111251831	26.0	1e-05
19	2	56	1.4846930503845215	22.0	1e-05
19	3	57	1.4198168516159058	45.0	1e-05
20	1	58	1.4704753160476685	48.0	1e-05
20	2	59	1.469348430633545	30.0	1e-05
20	3	60	1.4903671741485596	30.0	1e-05
21	1	61	1.495241641998291	22.0	1e-05
21	2	62	1.478584885597229	24.0	1e-05
21	3	63	1.3721121549606323	60.0	1e-05
22	1	64	1.366432785987854	46.0	1e-05
22	2	65	1.3889784812927246	28.0	1e-05
22	3	66	1.571662425994873	25.0	1e-05
23	1	67	1.3560811281204224	36.0	1e-05
23	2	68	1.4679691791534424	24.0	1e-05
23	3	69	1.5163774490356445	35.0	1e-05
24	1	70	1.3655602931976318	28.0	1e-05
24	2	71	1.3649526834487915	38.0	1e-05
24	3	72	1.458828091621399	30.0	1e-05
25	1	73	1.4391616582870483	28.0	1e-05
25	2	74	1.3369202613830566	44.0	1e-05
25	3	75	1.306496262550354	30.0	1e-05
26	1	76	1.3829612731933594	38.0	1e-05
26	2	77	1.3237757682800293	36.0	1e-05
26	3	78	1.2712863683700562	30.0	1e-05
27	1	79	1.2591502666473389	38.0	1e-05
27	2	80	1.304228663444519	38.0	1e-05
27	3	81	1.4125964641571045	40.0	1e-05
28	1	82	1.2590363025665283	40.0	1e-05
28	2	83	1.3346943855285645	34.0	1e-05
28	3	84	1.2793231010437012	40.0	1e-05
29	1	85	1.2582452297210693	44.0	1e-05
29	2	86	1.2556802034378052	48.0	1e-05
29	3	87	1.2762956619262695	45.0	1e-05
30	1	88	1.3011165857315063	28.0	1e-05
30	2	89	1.2863656282424927	42.0	1e-05
30	3	90	1.2051198482513428	30.0	1e-05
31	1	91	1.3219616413116455	26.0	1e-05
31	2	92	1.224811315536499	52.0	1e-05
31	3	93	1.1629536151885986	65.0	1e-05
32	1	94	1.2574838399887085	40.0	1e-05
32	2	95	1.1714919805526733	44.0	1e-05
32	3	96	1.212663173675537	25.0	1e-05
33	1	97	1.2260043621063232	52.0	1e-05
33	2	98	1.1642497777938843	46.0	1e-05
33	3	99	1.3110971450805664	20.0	1e-05
34	1	100	1.2696634531021118	34.0	1e-05
34	2	101	1.212700605392456	46.0	1e-05
34	3	102	1.2105518579483032	55.0	1e-05
35	1	103	1.1504428386688232	40.0	1e-05
35	2	104	1.2701587677001953	36.0	1e-05
35	3	105	1.2123256921768188	30.0	1e-05
36	1	106	1.203529953956604	48.0	1e-05
36	2	107	1.2010420560836792	40.0	1e-05
36	3	108	1.2328603267669678	30.0	1e-05
37	1	109	1.1821789741516113	42.0	1e-05
37	2	110	1.2093318700790405	38.0	1e-05
37	3	111	1.2889450788497925	35.0	1e-05
38	1	112	1.2122108936309814	36.0	1e-05
38	2	113	1.2054271697998047	46.0	1e-05
38	3	114	1.2322909832000732	35.0	1e-05
39	1	115	1.1863737106323242	30.0	1e-05
39	2	116	1.1943256855010986	26.0	1e-05
39	3	117	1.3723900318145752	35.0	1e-05
40	1	118	1.1993752717971802	38.0	1e-05
40	2	119	1.1478241682052612	46.0	1e-05
40	3	120	1.3609312772750854	30.0	1e-05
41	1	121	1.1698108911514282	32.0	1e-05
41	2	122	1.1008275747299194	48.0	1e-05
41	3	123	1.1334773302078247	30.0	1e-05
42	1	124	1.1543865203857422	34.0	1e-05
42	2	125	1.1774193048477173	38.0	1e-05
42	3	126	1.1060073375701904	50.0	1e-05
43	1	127	1.215480089187622	40.0	1e-05
43	2	128	1.196130394935608	40.0	1e-05
43	3	129	1.1888269186019897	35.0	1e-05
44	1	130	1.1172157526016235	50.0	1e-05
44	2	131	1.191260576248169	44.0	1e-05
44	3	132	1.1944066286087036	30.0	1e-05
45	1	133	1.1150621175765991	46.0	1e-05
45	2	134	1.1264090538024902	48.0	1e-05
45	3	135	1.3043416738510132	35.0	1e-05
46	1	136	1.1306262016296387	48.0	1e-05
46	2	137	1.1908596754074097	42.0	1e-05
46	3	138	1.1529157161712646	45.0	1e-05
47	1	139	1.1244263648986816	44.0	1e-05
47	2	140	1.167548418045044	54.0	1e-05
47	3	141	1.2004107236862183	35.0	1e-05
48	1	142	1.1315772533416748	46.0	1e-05
48	2	143	1.1900503635406494	46.0	1e-05
48	3	144	1.082417368888855	50.0	1e-05
49	1	145	1.0918933153152466	54.0	1e-05
49	2	146	1.1384646892547607	36.0	1e-05
49	3	147	1.16746187210083	40.0	1e-05
50	1	148	1.126291036605835	38.0	1e-05
50	2	149	1.1309666633605957	48.0	1e-05
50	3	150	1.176607370376587	50.0	1e-05
51	1	151	1.095893144607544	44.0	1e-05
51	2	152	1.138921856880188	34.0	1e-05
51	3	153	1.1265509128570557	40.0	1e-05
52	1	154	1.1405960321426392	36.0	1e-05
52	2	155	1.1673521995544434	36.0	1e-05
52	3	156	1.1787464618682861	30.0	1e-05
53	1	157	1.1325780153274536	46.0	1e-05
53	2	158	1.09050714969635	50.0	1e-05
53	3	159	1.087667465209961	45.0	1e-05
54	1	160	1.1519907712936401	42.0	1e-05
54	2	161	1.0944997072219849	50.0	1e-05
54	3	162	1.1739979982376099	60.0	1e-05
55	1	163	1.1073386669158936	40.0	1e-05
55	2	164	1.2246037721633911	40.0	1e-05
55	3	165	0.9919813275337219	75.0	1e-05
56	1	166	1.0923041105270386	44.0	1e-05
56	2	167	1.0875698328018188	44.0	1e-05
56	3	168	1.0726462602615356	55.0	1e-05
57	1	169	1.146141529083252	48.0	1e-05
57	2	170	1.0772720575332642	52.0	1e-05
57	3	171	1.1314646005630493	40.0	1e-05
58	1	172	1.041541576385498	56.0	1e-05
58	2	173	1.1318614482879639	42.0	1e-05
58	3	174	1.0884135961532593	50.0	1e-05
59	1	175	1.048703908920288	62.0	1e-05
59	2	176	1.0828461647033691	44.0	1e-05
59	3	177	1.1380894184112549	40.0	1e-05
60	1	178	1.0940989255905151	38.0	1e-05
60	2	179	1.1251415014266968	40.0	1e-05
60	3	180	1.0473283529281616	40.0	1e-05
61	1	181	1.1309148073196411	38.0	1e-05
61	2	182	1.057875394821167	46.0	1e-05
61	3	183	1.0556681156158447	50.0	1e-05
62	1	184	1.0847667455673218	50.0	1e-05
62	2	185	1.1234716176986694	48.0	1e-05
62	3	186	1.0774791240692139	45.0	1e-05
63	1	187	1.0497533082962036	60.0	1e-05
63	2	188	1.11525559425354	30.0	1e-05
63	3	189	1.130936861038208	60.0	1e-05
64	1	190	1.1079134941101074	42.0	1e-05
64	2	191	1.0701475143432617	42.0	1e-05
64	3	192	1.1261301040649414	45.0	1e-05
65	1	193	1.089989185333252	50.0	1e-05
65	2	194	1.0895185470581055	50.0	1e-05
65	3	195	1.0356025695800781	40.0	1e-05
66	1	196	1.0554345846176147	50.0	1e-05
66	2	197	1.06392502784729	50.0	1e-05
66	3	198	1.1803616285324097	25.0	1e-05
67	1	199	1.0885900259017944	42.0	1e-05
67	2	200	1.0860621929168701	54.0	1e-05
67	3	201	1.0357458591461182	45.0	1e-05
68	1	202	1.0345795154571533	54.0	1e-05
68	2	203	1.1147816181182861	40.0	1e-05
68	3	204	1.110863208770752	50.0	1e-05
69	1	205	1.1506452560424805	34.0	1e-05
69	2	206	1.0465847253799438	42.0	1e-05
69	3	207	1.0824024677276611	40.0	1e-05
70	1	208	1.0573701858520508	48.0	1e-05
70	2	209	1.1222655773162842	44.0	1e-05
70	3	210	0.9961813688278198	60.0	1e-05
71	1	211	1.0103256702423096	58.0	1e-05
71	2	212	1.1031712293624878	38.0	1e-05
71	3	213	1.0767805576324463	65.0	1e-05
72	1	214	0.9903575778007507	62.0	1e-05
72	2	215	1.0840773582458496	48.0	1e-05
72	3	216	0.9771713018417358	45.0	1e-05
73	1	217	1.0285918712615967	50.0	1e-05
73	2	218	1.0541099309921265	46.0	1e-05
73	3	219	1.0809335708618164	35.0	1e-05
74	1	220	1.0031472444534302	60.0	1e-05
74	2	221	1.061909556388855	52.0	1e-05
74	3	222	1.051828145980835	35.0	1e-05
75	1	223	1.0504804849624634	46.0	1e-05
75	2	224	1.067249059677124	48.0	1e-05
75	3	225	0.9654532670974731	60.0	1e-05
76	1	226	1.0171425342559814	38.0	1e-05
76	2	227	1.0116162300109863	52.0	1e-05
76	3	228	1.0372792482376099	40.0	1e-05
77	1	229	1.0537253618240356	42.0	1e-05
77	2	230	1.0715473890304565	50.0	1e-05
77	3	231	1.0134321451187134	55.0	1e-05
78	1	232	1.0000483989715576	48.0	1e-05
78	2	233	1.0655268430709839	46.0	1e-05
78	3	234	1.182056188583374	25.0	1e-05
79	1	235	1.0058484077453613	44.0	1e-05
79	2	236	1.0319215059280396	46.0	1e-05
79	3	237	1.0880491733551025	45.0	1e-05
80	1	238	1.0557122230529785	44.0	1e-05
80	2	239	1.0016460418701172	52.0	1e-05
80	3	240	1.0039286613464355	55.0	1e-05
81	1	241	1.00662100315094	44.0	1e-05
81	2	242	1.043328046798706	38.0	1e-05
81	3	243	1.1011711359024048	50.0	1e-05
82	1	244	1.0023527145385742	42.0	1e-05
82	2	245	1.0558686256408691	50.0	1e-05
82	3	246	1.012669324874878	50.0	1e-05
83	1	247	0.9781065583229065	54.0	1e-05
83	2	248	1.0616633892059326	36.0	1e-05
83	3	249	1.050736904144287	50.0	1e-05
84	1	250	1.0309045314788818	60.0	1e-05
84	2	251	0.9618715643882751	52.0	1e-05
84	3	252	0.9779700040817261	60.0	1e-05
85	1	253	1.0249392986297607	44.0	1e-05
85	2	254	0.9998875260353088	48.0	1e-05
85	3	255	0.9529508352279663	55.0	1e-05
86	1	256	1.0092171430587769	44.0	1e-05
86	2	257	1.0091487169265747	48.0	1e-05
86	3	258	0.9706255793571472	60.0	1e-05
87	1	259	0.9736350178718567	64.0	1e-05
87	2	260	1.0584672689437866	40.0	1e-05
87	3	261	0.9352120161056519	65.0	1e-05
88	1	262	0.9899070262908936	50.0	1e-05
88	2	263	1.043656587600708	48.0	1e-05
88	3	264	0.9100152850151062	70.0	1e-05
89	1	265	1.014849066734314	50.0	1e-05
89	2	266	0.9685138463973999	64.0	1e-05
89	3	267	1.0376611948013306	50.0	1e-05
90	1	268	0.9943695068359375	58.0	1e-05
90	2	269	0.9970985651016235	62.0	1e-05
90	3	270	1.0411550998687744	50.0	1e-05
91	1	271	0.9984889030456543	46.0	1e-05
91	2	272	0.9387444853782654	68.0	1e-05
91	3	273	1.2750959396362305	30.0	1e-05
92	1	274	0.9654022455215454	56.0	1e-05
92	2	275	0.9457903504371643	60.0	1e-05
92	3	276	0.9476776123046875	65.0	1e-05
93	1	277	1.0822086334228516	42.0	1e-05
93	2	278	0.9415184855461121	64.0	1e-05
93	3	279	0.8873373866081238	40.0	1e-05
94	1	280	0.9773088097572327	56.0	1e-05
94	2	281	0.9642631411552429	52.0	1e-05
94	3	282	1.0106123685836792	50.0	1e-05
95	1	283	1.0096755027770996	50.0	1e-05
95	2	284	0.9286877512931824	62.0	1e-05
95	3	285	0.9440683126449585	50.0	1e-05
96	1	286	0.9029940962791443	66.0	1e-05
96	2	287	1.0535091161727905	44.0	1e-05
96	3	288	0.8820362091064453	75.0	1e-05
97	1	289	0.9595077037811279	56.0	1e-05
97	2	290	0.9255262017250061	62.0	1e-05
97	3	291	1.002039909362793	55.0	1e-05
98	1	292	0.9054999351501465	54.0	1e-05
98	2	293	1.001306414604187	50.0	1e-05
98	3	294	0.9881625175476074	25.0	1e-05
99	1	295	0.9308239817619324	64.0	1e-05
99	2	296	0.9146795868873596	56.0	1e-05
99	3	297	0.9183073043823242	50.0	1e-05
100	1	298	0.963390588760376	46.0	1e-05
100	2	299	0.9585776329040527	54.0	1e-05
100	3	300	0.9604519009590149	60.0	1e-05
101	1	301	0.8869099617004395	60.0	1e-05
101	2	302	1.0767712593078613	38.0	1e-05
101	3	303	0.9032015800476074	55.0	1e-05
102	1	304	0.8870400786399841	58.0	1e-05
102	2	305	0.9080500602722168	52.0	1e-05
102	3	306	1.1746281385421753	35.0	1e-05
103	1	307	0.928557813167572	56.0	1e-05
103	2	308	0.9367287158966064	54.0	1e-05
103	3	309	1.1662505865097046	15.0	1e-05
104	1	310	0.9251730442047119	54.0	1e-05
104	2	311	0.8809288740158081	70.0	1e-05
104	3	312	0.9118739366531372	55.0	1e-05
105	1	313	0.9885537028312683	48.0	1e-05
105	2	314	0.8736945390701294	62.0	1e-05
105	3	315	0.8465045094490051	60.0	1e-05
106	1	316	0.9070450663566589	48.0	1e-05
106	2	317	0.9234089851379395	54.0	1e-05
106	3	318	0.8633453249931335	60.0	1e-05
107	1	319	0.9248030185699463	56.0	1e-05
107	2	320	0.9595582485198975	38.0	1e-05
107	3	321	0.9350787401199341	45.0	1e-05
108	1	322	0.9091076850891113	62.0	1e-05
108	2	323	0.9030877947807312	56.0	1e-05
108	3	324	0.9474862813949585	50.0	1e-05
109	1	325	0.9526132345199585	54.0	1e-05
109	2	326	0.8965029716491699	56.0	1e-05
109	3	327	1.038805603981018	45.0	1e-05
110	1	328	0.8254212141036987	54.0	1e-05
110	2	329	1.012782335281372	44.0	1e-05
110	3	330	0.8831923604011536	60.0	1e-05
111	1	331	0.8726707696914673	58.0	1e-05
111	2	332	0.9529136419296265	52.0	1e-05
111	3	333	0.8954647779464722	60.0	1e-05
112	1	334	0.7583103179931641	72.0	1e-05
112	2	335	0.8925805687904358	58.0	1e-05
112	3	336	1.0186296701431274	45.0	1e-05
113	1	337	0.9130087494850159	64.0	1e-05
113	2	338	0.8487570285797119	64.0	1e-05
113	3	339	0.8907275199890137	30.0	1e-05
114	1	340	0.8575662970542908	66.0	1e-05
114	2	341	0.8928523063659668	62.0	1e-05
114	3	342	1.0264328718185425	30.0	1e-05
115	1	343	0.9634473919868469	56.0	1e-05
115	2	344	0.8665400147438049	58.0	1e-05
115	3	345	0.8503861427307129	55.0	1e-05
116	1	346	0.7817409038543701	68.0	1e-05
116	2	347	1.0157909393310547	50.0	1e-05
116	3	348	0.8305255770683289	60.0	1e-05
117	1	349	0.8410495519638062	58.0	1e-05
117	2	350	0.8651025891304016	60.0	1e-05
117	3	351	0.9063476324081421	55.0	1e-05
118	1	352	0.877757728099823	58.0	1e-05
118	2	353	0.810832142829895	64.0	1e-05
118	3	354	0.7539070844650269	85.0	1e-05
119	1	355	0.824169397354126	68.0	1e-05
119	2	356	0.7920450568199158	74.0	1e-05
119	3	357	0.9444066882133484	45.0	1e-05
120	1	358	0.8339253067970276	74.0	1e-05
120	2	359	0.8236873149871826	60.0	1e-05
120	3	360	1.2099835872650146	40.0	1e-05
121	1	361	0.8315874338150024	70.0	1e-05
121	2	362	0.8372244834899902	46.0	1e-05
121	3	363	0.8814789056777954	60.0	1e-05
122	1	364	0.8153457641601562	56.0	1e-05
122	2	365	0.8377169966697693	68.0	1e-05
122	3	366	1.163374423980713	30.0	1e-05
123	1	367	0.8627206683158875	50.0	1e-05
123	2	368	0.7829938530921936	70.0	1e-05
123	3	369	0.8604843020439148	65.0	1e-05
124	1	370	0.9097363352775574	52.0	1e-05
124	2	371	0.7802219986915588	60.0	1e-05
124	3	372	0.8687149882316589	80.0	1e-05
125	1	373	0.8875196576118469	48.0	1e-05
125	2	374	0.8527565598487854	68.0	1e-05
125	3	375	0.8292486071586609	60.0	1e-05
126	1	376	0.7967291474342346	60.0	1e-05
126	2	377	0.9006893634796143	64.0	1e-05
126	3	378	0.8586082458496094	50.0	1e-05
127	1	379	0.8249037265777588	60.0	1e-05
127	2	380	0.8590542674064636	62.0	1e-05
127	3	381	0.8321283459663391	50.0	1e-05
128	1	382	0.833854615688324	58.0	1e-05
128	2	383	0.8283339142799377	60.0	1e-05
128	3	384	0.7342096567153931	65.0	1e-05
129	1	385	0.8694131970405579	56.0	1e-05
129	2	386	0.8572125434875488	70.0	1e-05
129	3	387	0.7883676290512085	60.0	1e-05
130	1	388	0.7193444967269897	64.0	1e-05
130	2	389	0.8987356424331665	50.0	1e-05
130	3	390	0.754607081413269	65.0	1e-05
131	1	391	0.7093116641044617	72.0	1e-05
131	2	392	0.8995853662490845	52.0	1e-05
131	3	393	0.8598157167434692	65.0	1e-05
132	1	394	0.8100711703300476	56.0	1e-05
132	2	395	0.817054808139801	62.0	1e-05
132	3	396	0.7052963972091675	70.0	1e-05
133	1	397	0.8415886759757996	56.0	1e-05
133	2	398	0.7986927032470703	64.0	1e-05
133	3	399	0.9461345672607422	55.0	1e-05
134	1	400	0.7308735847473145	70.0	1e-05
134	2	401	0.9505332708358765	46.0	1e-05
134	3	402	0.8569771647453308	60.0	1e-05
135	1	403	0.777941882610321	62.0	1e-05
135	2	404	0.7728443741798401	66.0	1e-05
135	3	405	0.7518160939216614	60.0	1e-05
136	1	406	0.8325031399726868	62.0	1e-05
136	2	407	0.7537631988525391	60.0	1e-05
136	3	408	0.749383270740509	85.0	1e-05
137	1	409	0.7388837933540344	68.0	1e-05
137	2	410	0.7865803241729736	66.0	1e-05
137	3	411	1.0286693572998047	55.0	1e-05
138	1	412	0.7529116868972778	64.0	1e-05
138	2	413	0.7734308838844299	62.0	1e-05
138	3	414	1.0443216562271118	35.0	1e-05
139	1	415	0.7340182662010193	70.0	1e-05
139	2	416	0.8947776556015015	52.0	1e-05
139	3	417	0.7708368301391602	75.0	1e-05
140	1	418	0.7160727977752686	66.0	1e-05
140	2	419	0.7807842493057251	66.0	1e-05
140	3	420	0.774455189704895	55.0	1e-05
141	1	421	0.8331347107887268	54.0	1e-05
141	2	422	0.8250575065612793	48.0	1e-05
141	3	423	0.7452653646469116	60.0	1e-05
142	1	424	0.7632609605789185	72.0	1e-05
142	2	425	0.7569124698638916	74.0	1e-05
142	3	426	0.6794929504394531	70.0	1e-05
143	1	427	0.7255545258522034	66.0	1e-05
143	2	428	0.7901804447174072	66.0	1e-05
143	3	429	0.8285516500473022	85.0	1e-05
144	1	430	0.8527398109436035	56.0	1e-05
144	2	431	0.6873660087585449	74.0	1e-05
144	3	432	0.7001205682754517	80.0	1e-05
145	1	433	0.8087919354438782	60.0	1e-05
145	2	434	0.6824290752410889	76.0	1e-05
145	3	435	0.7750579714775085	60.0	1e-05
146	1	436	0.7281157970428467	64.0	1e-05
146	2	437	0.7481839656829834	70.0	1e-05
146	3	438	0.7900057435035706	50.0	1e-05
147	1	439	0.7776557803153992	60.0	1e-05
147	2	440	0.7484498620033264	62.0	1e-05
147	3	441	0.7672839164733887	60.0	1e-05
148	1	442	0.7543660998344421	62.0	1e-05
148	2	443	0.917721688747406	40.0	1e-05
148	3	444	0.6206604242324829	75.0	1e-05
149	1	445	0.796986997127533	52.0	1e-05
149	2	446	0.7817580699920654	58.0	1e-05
149	3	447	0.7580552101135254	55.0	1e-05
150	1	448	0.7727846503257751	54.0	1e-05
150	2	449	0.7223799824714661	66.0	1e-05
150	3	450	0.812160313129425	70.0	1e-05
151	1	451	0.647682785987854	76.0	1e-05
151	2	452	0.8528753519058228	52.0	1e-05
151	3	453	0.7324830293655396	80.0	1e-05
152	1	454	0.7505064606666565	58.0	1e-05
152	2	455	0.7060901522636414	68.0	1e-05
152	3	456	0.7058690190315247	65.0	1e-05
153	1	457	0.6689518094062805	66.0	1e-05
153	2	458	0.7333579063415527	68.0	1e-05
153	3	459	0.6805329322814941	80.0	1e-05
154	1	460	0.8202735781669617	62.0	1e-05
154	2	461	0.7395554184913635	64.0	1e-05
154	3	462	0.6734630465507507	55.0	1e-05
155	1	463	0.7196996808052063	68.0	1.0000000000000002e-06
155	2	464	0.7585694193840027	64.0	1.0000000000000002e-06
155	3	465	0.7469757795333862	60.0	1.0000000000000002e-06
156	1	466	0.6992702484130859	70.0	1.0000000000000002e-06
156	2	467	0.67856764793396	72.0	1.0000000000000002e-06
156	3	468	0.7878014445304871	50.0	1.0000000000000002e-06
157	1	469	0.6773266792297363	68.0	1.0000000000000002e-06
157	2	470	0.8127498030662537	56.0	1.0000000000000002e-06
157	3	471	0.7824499607086182	60.0	1.0000000000000002e-06
158	1	472	0.8138437867164612	58.0	1.0000000000000002e-06
158	2	473	0.7920997142791748	58.0	1.0000000000000002e-06
158	3	474	0.5844904184341431	80.0	1.0000000000000002e-06
159	1	475	0.7325184345245361	64.0	1.0000000000000002e-06
159	2	476	0.7096896171569824	76.0	1.0000000000000002e-06
159	3	477	0.9354079365730286	50.0	1.0000000000000002e-06
160	1	478	0.7190079689025879	66.0	1.0000000000000002e-06
160	2	479	0.8228866457939148	56.0	1.0000000000000002e-06
160	3	480	0.4786103665828705	100.0	1.0000000000000002e-06
161	1	481	0.6627973318099976	70.0	1.0000000000000002e-06
161	2	482	0.748006284236908	62.0	1.0000000000000002e-06
161	3	483	0.8778442144393921	65.0	1.0000000000000002e-06
162	1	484	0.7506588697433472	66.0	1.0000000000000002e-06
162	2	485	0.7201463580131531	60.0	1.0000000000000002e-06
162	3	486	0.786310076713562	60.0	1.0000000000000002e-06
163	1	487	0.7695257663726807	62.0	1.0000000000000002e-06
163	2	488	0.7220274209976196	60.0	1.0000000000000002e-06
163	3	489	0.7930821180343628	65.0	1.0000000000000002e-06
164	1	490	0.7429736852645874	62.0	1.0000000000000002e-06
164	2	491	0.6911190748214722	68.0	1.0000000000000002e-06
164	3	492	0.6572955250740051	70.0	1.0000000000000002e-06
165	1	493	0.6975822448730469	74.0	1.0000000000000002e-06
165	2	494	0.7274368405342102	58.0	1.0000000000000002e-06
165	3	495	0.8857186436653137	40.0	1.0000000000000002e-06
166	1	496	0.7481999397277832	64.0	1.0000000000000002e-06
166	2	497	0.7643952965736389	60.0	1.0000000000000002e-06
166	3	498	0.6939323544502258	75.0	1.0000000000000002e-06
167	1	499	0.7619590163230896	70.0	1.0000000000000002e-06
167	2	500	0.683208167552948	66.0	1.0000000000000002e-06
167	3	501	0.8358338475227356	60.0	1.0000000000000002e-06
168	1	502	0.7198330163955688	64.0	1.0000000000000002e-06
168	2	503	0.7571336627006531	56.0	1.0000000000000002e-06
168	3	504	0.6155081391334534	80.0	1.0000000000000002e-06
169	1	505	0.6696269512176514	66.0	1.0000000000000002e-06
169	2	506	0.845719575881958	56.0	1.0000000000000002e-06
169	3	507	0.6457341909408569	80.0	1.0000000000000002e-06
170	1	508	0.757427453994751	64.0	1.0000000000000002e-06
170	2	509	0.6977741718292236	74.0	1.0000000000000002e-06
170	3	510	0.63862144947052	70.0	1.0000000000000002e-06
171	1	511	0.6328517198562622	76.0	1.0000000000000002e-06
171	2	512	0.7684881091117859	66.0	1.0000000000000002e-06
171	3	513	0.8753572702407837	50.0	1.0000000000000002e-06
172	1	514	0.6939631700515747	72.0	1.0000000000000002e-06
172	2	515	0.7223929762840271	68.0	1.0000000000000002e-06
172	3	516	0.740214467048645	55.0	1.0000000000000002e-06
173	1	517	0.8773773908615112	60.0	1.0000000000000002e-06
173	2	518	0.6614515781402588	66.0	1.0000000000000002e-06
173	3	519	0.6948055028915405	70.0	1.0000000000000002e-06
174	1	520	0.7105364203453064	70.0	1.0000000000000002e-06
174	2	521	0.6881501078605652	70.0	1.0000000000000002e-06
174	3	522	0.9172912836074829	50.0	1.0000000000000002e-06
175	1	523	0.7148723006248474	68.0	1.0000000000000002e-06
175	2	524	0.7637700438499451	60.0	1.0000000000000002e-06
175	3	525	0.752720057964325	65.0	1.0000000000000002e-06
176	1	526	0.6958073973655701	74.0	1.0000000000000002e-06
176	2	527	0.6838087439537048	64.0	1.0000000000000002e-06
176	3	528	0.7114639282226562	55.0	1.0000000000000002e-06
177	1	529	0.6454813480377197	68.0	1.0000000000000002e-06
177	2	530	0.8238274455070496	60.0	1.0000000000000002e-06
177	3	531	0.8234119415283203	65.0	1.0000000000000002e-06
178	1	532	0.7326267957687378	62.0	1.0000000000000002e-06
178	2	533	0.7684958577156067	56.0	1.0000000000000002e-06
178	3	534	0.5848544836044312	75.0	1.0000000000000002e-06
179	1	535	0.8127238750457764	58.0	1.0000000000000002e-06
179	2	536	0.6980566382408142	72.0	1.0000000000000002e-06
179	3	537	0.6516522169113159	75.0	1.0000000000000002e-06
180	1	538	0.7081239819526672	64.0	1.0000000000000002e-06
180	2	539	0.73949134349823	64.0	1.0000000000000002e-06
180	3	540	0.6966004371643066	75.0	1.0000000000000002e-06
181	1	541	0.7743345499038696	68.0	1.0000000000000002e-06
181	2	542	0.6748878955841064	76.0	1.0000000000000002e-06
181	3	543	0.6612408757209778	75.0	1.0000000000000002e-06
182	1	544	0.7233390212059021	62.0	1.0000000000000002e-06
182	2	545	0.7426553964614868	68.0	1.0000000000000002e-06
182	3	546	0.695475161075592	75.0	1.0000000000000002e-06
183	1	547	0.7115473747253418	68.0	1.0000000000000002e-06
183	2	548	0.8115598559379578	62.0	1.0000000000000002e-06
183	3	549	0.5970687866210938	70.0	1.0000000000000002e-06
184	1	550	0.7012587189674377	72.0	1.0000000000000002e-06
184	2	551	0.7366641163825989	60.0	1.0000000000000002e-06
184	3	552	0.8651954531669617	50.0	1.0000000000000002e-06
185	1	553	0.697030246257782	66.0	1.0000000000000002e-06
185	2	554	0.788943350315094	60.0	1.0000000000000002e-06
185	3	555	0.7857744097709656	70.0	1.0000000000000002e-06
186	1	556	0.7367433309555054	70.0	1.0000000000000002e-06
186	2	557	0.756207287311554	64.0	1.0000000000000002e-06
186	3	558	0.661400318145752	70.0	1.0000000000000002e-06
187	1	559	0.6927052140235901	68.0	1.0000000000000002e-06
187	2	560	0.698526918888092	70.0	1.0000000000000002e-06
187	3	561	0.6799243688583374	65.0	1.0000000000000002e-06
188	1	562	0.7072545886039734	60.0	1.0000000000000002e-06
188	2	563	0.7532057762145996	64.0	1.0000000000000002e-06
188	3	564	0.6951159238815308	65.0	1.0000000000000002e-06
189	1	565	0.7716181874275208	60.0	1.0000000000000002e-06
189	2	566	0.6350679993629456	76.0	1.0000000000000002e-06
189	3	567	0.9329814910888672	45.0	1.0000000000000002e-06
190	1	568	0.6276918649673462	74.0	1.0000000000000002e-06
190	2	569	0.7849283814430237	62.0	1.0000000000000002e-06
190	3	570	0.8442571759223938	60.0	1.0000000000000002e-06
191	1	571	0.7822334170341492	70.0	1.0000000000000002e-06
191	2	572	0.7185927629470825	56.0	1.0000000000000002e-06
191	3	573	0.7814761400222778	55.0	1.0000000000000002e-06
192	1	574	0.8307086229324341	58.0	1.0000000000000002e-06
192	2	575	0.7039387226104736	76.0	1.0000000000000002e-06
192	3	576	0.7593747973442078	65.0	1.0000000000000002e-06
193	1	577	0.6991958022117615	60.0	1.0000000000000002e-06
193	2	578	0.7108641862869263	68.0	1.0000000000000002e-06
193	3	579	0.7186909914016724	70.0	1.0000000000000002e-06
194	1	580	0.6507706642150879	74.0	1.0000000000000002e-06
194	2	581	0.750169038772583	58.0	1.0000000000000002e-06
194	3	582	0.682456910610199	80.0	1.0000000000000002e-06
195	1	583	0.7832137942314148	58.0	1.0000000000000002e-06
195	2	584	0.6865686774253845	68.0	1.0000000000000002e-06
195	3	585	0.6303247809410095	75.0	1.0000000000000002e-06
196	1	586	0.633532702922821	70.0	1.0000000000000002e-07
196	2	587	0.7832911610603333	64.0	1.0000000000000002e-07
196	3	588	0.7384139895439148	70.0	1.0000000000000002e-07
197	1	589	0.6711758375167847	60.0	1.0000000000000002e-07
197	2	590	0.6905813813209534	68.0	1.0000000000000002e-07
197	3	591	0.8509607315063477	60.0	1.0000000000000002e-07
198	1	592	0.7162750363349915	66.0	1.0000000000000002e-07
198	2	593	0.7605839371681213	50.0	1.0000000000000002e-07
198	3	594	0.7417207956314087	70.0	1.0000000000000002e-07
199	1	595	0.6919766068458557	74.0	1.0000000000000002e-07
199	2	596	0.7206518054008484	68.0	1.0000000000000002e-07
199	3	597	0.650072455406189	70.0	1.0000000000000002e-07
200	1	598	0.7559677958488464	60.0	1.0000000000000002e-07
200	2	599	0.7156420946121216	52.0	1.0000000000000002e-07
200	3	600	0.5810347199440002	80.0	1.0000000000000002e-07
201	1	601	0.6804754137992859	68.0	1.0000000000000002e-07
201	2	602	0.6861351728439331	70.0	1.0000000000000002e-07
201	3	603	0.7727153897285461	70.0	1.0000000000000002e-07
202	1	604	0.7675518989562988	60.0	1.0000000000000002e-07
202	2	605	0.7652005553245544	56.0	1.0000000000000002e-07
202	3	606	0.7779133319854736	65.0	1.0000000000000002e-07
203	1	607	0.6963615417480469	72.0	1.0000000000000002e-07
203	2	608	0.7012808918952942	68.0	1.0000000000000002e-07
203	3	609	0.9074817895889282	45.0	1.0000000000000002e-07
204	1	610	0.6398418545722961	76.0	1.0000000000000002e-07
204	2	611	0.7529458403587341	66.0	1.0000000000000002e-07
204	3	612	0.7055705785751343	70.0	1.0000000000000002e-07
205	1	613	0.6986516714096069	64.0	1.0000000000000002e-07
205	2	614	0.6861026287078857	76.0	1.0000000000000002e-07
205	3	615	0.9699491262435913	45.0	1.0000000000000002e-07
206	1	616	0.8092942237854004	66.0	1.0000000000000002e-07
206	2	617	0.6500056982040405	66.0	1.0000000000000002e-07
206	3	618	0.883496105670929	70.0	1.0000000000000002e-07
207	1	619	0.6826510429382324	80.0	1.0000000000000002e-07
207	2	620	0.6509510278701782	68.0	1.0000000000000002e-07
207	3	621	0.8427175283432007	45.0	1.0000000000000002e-07
208	1	622	0.7002383470535278	68.0	1.0000000000000002e-07
208	2	623	0.734973669052124	60.0	1.0000000000000002e-07
208	3	624	0.7632409334182739	75.0	1.0000000000000002e-07
209	1	625	0.7434757351875305	62.0	1.0000000000000002e-07
209	2	626	0.6558058261871338	74.0	1.0000000000000002e-07
209	3	627	0.839821994304657	85.0	1.0000000000000002e-07
210	1	628	0.7064006924629211	76.0	1.0000000000000002e-07
210	2	629	0.7327712178230286	72.0	1.0000000000000002e-07
210	3	630	0.8076170086860657	70.0	1.0000000000000002e-07
211	1	631	0.6516707539558411	76.0	1.0000000000000002e-07
211	2	632	0.6409700512886047	72.0	1.0000000000000002e-07
211	3	633	1.1481757164001465	20.0	1.0000000000000002e-07
212	1	634	0.65533846616745	76.0	1.0000000000000002e-07
212	2	635	0.6675494909286499	68.0	1.0000000000000002e-07
212	3	636	0.8670969009399414	50.0	1.0000000000000002e-07
213	1	637	0.6996513605117798	64.0	1.0000000000000002e-07
213	2	638	0.7648367285728455	64.0	1.0000000000000002e-07
213	3	639	0.7111793160438538	65.0	1.0000000000000002e-07
214	1	640	0.7595487236976624	66.0	1.0000000000000002e-07
214	2	641	0.6781177520751953	70.0	1.0000000000000002e-07
214	3	642	0.6254892945289612	85.0	1.0000000000000002e-07
215	1	643	0.7239093780517578	68.0	1.0000000000000002e-07
215	2	644	0.6897192597389221	70.0	1.0000000000000002e-07
215	3	645	0.8946091532707214	45.0	1.0000000000000002e-07
216	1	646	0.7573509812355042	54.0	1.0000000000000002e-07
216	2	647	0.6551129221916199	66.0	1.0000000000000002e-07
216	3	648	0.710865318775177	80.0	1.0000000000000002e-07
217	1	649	0.6612051129341125	78.0	1.0000000000000002e-07
217	2	650	0.7298505902290344	66.0	1.0000000000000002e-07
217	3	651	0.7557176351547241	65.0	1.0000000000000002e-07
218	1	652	0.8750762939453125	52.0	1.0000000000000002e-07
218	2	653	0.6598961353302002	76.0	1.0000000000000002e-07
218	3	654	0.6482515931129456	80.0	1.0000000000000002e-07
219	1	655	0.5851294994354248	82.0	1.0000000000000002e-07
219	2	656	0.7492749691009521	70.0	1.0000000000000002e-07
219	3	657	0.8218685984611511	60.0	1.0000000000000002e-07
220	1	658	0.6706153750419617	74.0	1.0000000000000002e-07
220	2	659	0.769512414932251	56.0	1.0000000000000002e-07
220	3	660	0.800806999206543	60.0	1.0000000000000002e-07
221	1	661	0.691948413848877	68.0	1.0000000000000002e-07
221	2	662	0.7035843133926392	66.0	1.0000000000000002e-07
221	3	663	0.7299448847770691	85.0	1.0000000000000002e-07
222	1	664	0.7440017461776733	52.0	1.0000000000000002e-07
222	2	665	0.638923704624176	80.0	1.0000000000000002e-07
222	3	666	0.691278338432312	60.0	1.0000000000000002e-07
223	1	667	0.6727664470672607	74.0	1.0000000000000002e-07
223	2	668	0.8150150775909424	52.0	1.0000000000000002e-07
223	3	669	0.580013632774353	65.0	1.0000000000000002e-07
224	1	670	0.6457421183586121	74.0	1.0000000000000002e-07
224	2	671	0.660759449005127	74.0	1.0000000000000002e-07
224	3	672	0.8278492093086243	40.0	1.0000000000000002e-07
225	1	673	0.6372608542442322	78.0	1.0000000000000002e-07
225	2	674	0.6568461656570435	64.0	1.0000000000000002e-07
225	3	675	1.136683702468872	25.0	1.0000000000000002e-07
226	1	676	0.6970058679580688	68.0	1.0000000000000002e-07
226	2	677	0.6676087975502014	74.0	1.0000000000000002e-07
226	3	678	0.8192864656448364	60.0	1.0000000000000002e-07
227	1	679	0.7393051385879517	60.0	1.0000000000000002e-07
227	2	680	0.6240168809890747	68.0	1.0000000000000002e-07
227	3	681	0.8196994662284851	55.0	1.0000000000000002e-07
228	1	682	0.689958930015564	62.0	1.0000000000000002e-07
228	2	683	0.7070119380950928	64.0	1.0000000000000002e-07
228	3	684	0.7661174535751343	60.0	1.0000000000000002e-07
229	1	685	0.7108795046806335	74.0	1.0000000000000002e-07
229	2	686	0.6725074648857117	72.0	1.0000000000000002e-07
229	3	687	0.8020933270454407	55.0	1.0000000000000002e-07
230	1	688	0.7320137023925781	62.0	1.0000000000000002e-07
230	2	689	0.6929429769515991	64.0	1.0000000000000002e-07
230	3	690	0.7955220937728882	50.0	1.0000000000000002e-07
231	1	691	0.8067630529403687	54.0	1.0000000000000002e-07
231	2	692	0.7142210602760315	66.0	1.0000000000000002e-07
231	3	693	0.5562863349914551	75.0	1.0000000000000002e-07
232	1	694	0.707589864730835	72.0	1.0000000000000002e-07
232	2	695	0.7162037491798401	76.0	1.0000000000000002e-07
232	3	696	0.6612437963485718	75.0	1.0000000000000002e-07
233	1	697	0.6923587918281555	70.0	1.0000000000000002e-07
233	2	698	0.7647318840026855	62.0	1.0000000000000002e-07
233	3	699	0.8070363998413086	55.0	1.0000000000000002e-07
234	1	700	0.7371723055839539	66.0	1.0000000000000002e-07
234	2	701	0.7019647359848022	68.0	1.0000000000000002e-07
234	3	702	0.6652291417121887	65.0	1.0000000000000002e-07
235	1	703	0.8624864816665649	58.0	1.0000000000000002e-07
235	2	704	0.7456422448158264	64.0	1.0000000000000002e-07
235	3	705	0.7625128030776978	60.0	1.0000000000000002e-07
236	1	706	0.7832044363021851	62.0	1.0000000000000002e-07
236	2	707	0.6624308824539185	72.0	1.0000000000000002e-07
236	3	708	0.9859098196029663	45.0	1.0000000000000002e-07
237	1	709	0.7460858821868896	58.0	1.0000000000000004e-08
237	2	710	0.8515099287033081	50.0	1.0000000000000004e-08
237	3	711	0.6725085377693176	75.0	1.0000000000000004e-08
238	1	712	0.7420652508735657	60.0	1.0000000000000004e-08
238	2	713	0.6621592044830322	74.0	1.0000000000000004e-08
238	3	714	0.7327195405960083	60.0	1.0000000000000004e-08
239	1	715	0.644795298576355	70.0	1.0000000000000004e-08
239	2	716	0.6740858554840088	72.0	1.0000000000000004e-08
239	3	717	0.7022697925567627	70.0	1.0000000000000004e-08
240	1	718	0.8060876727104187	56.0	1.0000000000000004e-08
240	2	719	0.7028489708900452	64.0	1.0000000000000004e-08
240	3	720	0.7613794803619385	50.0	1.0000000000000004e-08
241	1	721	0.6442121267318726	72.0	1.0000000000000004e-08
241	2	722	0.7493484616279602	64.0	1.0000000000000004e-08
241	3	723	0.6973141431808472	70.0	1.0000000000000004e-08
242	1	724	0.6626378893852234	70.0	1.0000000000000004e-08
242	2	725	0.7206377387046814	58.0	1.0000000000000004e-08
242	3	726	0.8284266591072083	80.0	1.0000000000000004e-08
243	1	727	0.7169298529624939	68.0	1.0000000000000004e-08
243	2	728	0.7195500731468201	70.0	1.0000000000000004e-08
243	3	729	0.6439017057418823	70.0	1.0000000000000004e-08
244	1	730	0.7235169410705566	68.0	1.0000000000000004e-08
244	2	731	0.7227810621261597	64.0	1.0000000000000004e-08
244	3	732	0.5951410531997681	75.0	1.0000000000000004e-08
245	1	733	0.6769797801971436	66.0	1.0000000000000004e-08
245	2	734	0.8099529147148132	62.0	1.0000000000000004e-08
245	3	735	0.6680479049682617	70.0	1.0000000000000004e-08
246	1	736	0.7227663397789001	64.0	1.0000000000000004e-08
246	2	737	0.7168818116188049	64.0	1.0000000000000004e-08
246	3	738	0.9381240010261536	55.0	1.0000000000000004e-08
247	1	739	0.6775604486465454	76.0	1.0000000000000004e-08
247	2	740	0.7142231464385986	74.0	1.0000000000000004e-08
247	3	741	0.7596061825752258	65.0	1.0000000000000004e-08
248	1	742	0.7676040530204773	60.0	1.0000000000000004e-08
248	2	743	0.6703810095787048	68.0	1.0000000000000004e-08
248	3	744	0.6965752243995667	65.0	1.0000000000000004e-08
249	1	745	0.739712655544281	62.0	1.0000000000000004e-08
249	2	746	0.6558435559272766	72.0	1.0000000000000004e-08
249	3	747	0.6162102222442627	75.0	1.0000000000000004e-08
250	1	748	0.6828895807266235	70.0	1.0000000000000004e-08
250	2	749	0.6748208403587341	68.0	1.0000000000000004e-08
250	3	750	0.7579268217086792	60.0	1.0000000000000004e-08
251	1	751	0.7024343609809875	72.0	1.0000000000000004e-08
251	2	752	0.7184852361679077	66.0	1.0000000000000004e-08
251	3	753	0.7477392554283142	75.0	1.0000000000000004e-08
252	1	754	0.6749966144561768	66.0	1.0000000000000004e-08
252	2	755	0.7649095058441162	64.0	1.0000000000000004e-08
252	3	756	0.9659091830253601	60.0	1.0000000000000004e-08
253	1	757	0.7127233743667603	60.0	1.0000000000000004e-08
253	2	758	0.7239562273025513	70.0	1.0000000000000004e-08
253	3	759	0.7296402454376221	60.0	1.0000000000000004e-08
254	1	760	0.7072209119796753	62.0	1.0000000000000004e-08
254	2	761	0.8168556690216064	62.0	1.0000000000000004e-08
254	3	762	0.672886312007904	70.0	1.0000000000000004e-08
255	1	763	0.7275999188423157	64.0	1.0000000000000004e-08
255	2	764	0.673804759979248	66.0	1.0000000000000004e-08
255	3	765	0.9389386177062988	55.0	1.0000000000000004e-08
256	1	766	0.6516900062561035	80.0	1.0000000000000004e-08
256	2	767	0.8228719830513	50.0	1.0000000000000004e-08
256	3	768	0.693954586982727	60.0	1.0000000000000004e-08
257	1	769	0.6627373695373535	74.0	1.0000000000000004e-08
257	2	770	0.7913603782653809	58.0	1.0000000000000004e-08
257	3	771	0.7266941666603088	70.0	1.0000000000000004e-08
258	1	772	0.7505321502685547	64.0	1.0000000000000004e-08
258	2	773	0.6280447244644165	74.0	1.0000000000000004e-08
258	3	774	0.714184582233429	75.0	1.0000000000000004e-08
259	1	775	0.7514688968658447	60.0	1.0000000000000004e-08
259	2	776	0.7012290954589844	66.0	1.0000000000000004e-08
259	3	777	0.6859380006790161	75.0	1.0000000000000004e-08
260	1	778	0.6955365538597107	60.0	1.0000000000000004e-08
260	2	779	0.7888883352279663	64.0	1.0000000000000004e-08
260	3	780	0.6427833437919617	85.0	1.0000000000000004e-08
261	1	781	0.7122089862823486	66.0	1.0000000000000004e-08
261	2	782	0.6779521703720093	66.0	1.0000000000000004e-08
261	3	783	0.8205145001411438	70.0	1.0000000000000004e-08
262	1	784	0.6827759742736816	74.0	1.0000000000000004e-08
262	2	785	0.7564588785171509	58.0	1.0000000000000004e-08
262	3	786	0.8686656951904297	60.0	1.0000000000000004e-08
263	1	787	0.6416159272193909	70.0	1.0000000000000004e-08
263	2	788	0.7669833898544312	56.0	1.0000000000000004e-08
263	3	789	0.8343566060066223	50.0	1.0000000000000004e-08
264	1	790	0.7612048387527466	66.0	1.0000000000000004e-08
264	2	791	0.7165805101394653	74.0	1.0000000000000004e-08
264	3	792	0.7991420030593872	70.0	1.0000000000000004e-08
265	1	793	0.8403806090354919	58.0	1.0000000000000004e-08
265	2	794	0.7051078677177429	70.0	1.0000000000000004e-08
265	3	795	0.5649055242538452	75.0	1.0000000000000004e-08
266	1	796	0.7577632069587708	58.0	1.0000000000000004e-08
266	2	797	0.6797729730606079	72.0	1.0000000000000004e-08
266	3	798	0.9603568911552429	55.0	1.0000000000000004e-08
267	1	799	0.753159761428833	68.0	1.0000000000000004e-08
267	2	800	0.7245181202888489	66.0	1.0000000000000004e-08
267	3	801	0.7714571952819824	65.0	1.0000000000000004e-08
268	1	802	0.7010476589202881	64.0	1.0000000000000004e-08
268	2	803	0.6856623291969299	72.0	1.0000000000000004e-08
268	3	804	0.6467539072036743	65.0	1.0000000000000004e-08
269	1	805	0.693962037563324	54.0	1.0000000000000004e-08
269	2	806	0.6896520853042603	76.0	1.0000000000000004e-08
269	3	807	0.8829949498176575	50.0	1.0000000000000004e-08
270	1	808	0.7225702404975891	62.0	1.0000000000000004e-08
270	2	809	0.7248919606208801	70.0	1.0000000000000004e-08
270	3	810	0.7916087508201599	70.0	1.0000000000000004e-08
271	1	811	0.7040784358978271	64.0	1.0000000000000004e-08
271	2	812	0.7420907020568848	62.0	1.0000000000000004e-08
271	3	813	0.5755840539932251	90.0	1.0000000000000004e-08
272	1	814	0.7339429259300232	68.0	1.0000000000000004e-08
272	2	815	0.6836642622947693	74.0	1.0000000000000004e-08
272	3	816	0.7294002771377563	55.0	1.0000000000000004e-08
273	1	817	0.856353223323822	56.0	1.0000000000000004e-08
273	2	818	0.6053930521011353	80.0	1.0000000000000004e-08
273	3	819	0.6714738011360168	60.0	1.0000000000000004e-08
274	1	820	0.6252022385597229	80.0	1.0000000000000004e-08
274	2	821	0.7496939897537231	60.0	1.0000000000000004e-08
274	3	822	0.7929805517196655	60.0	1.0000000000000004e-08
275	1	823	0.6404601335525513	74.0	1.0000000000000004e-08
275	2	824	0.7752277255058289	60.0	1.0000000000000004e-08
275	3	825	0.7097538709640503	60.0	1.0000000000000004e-08
276	1	826	0.6397170424461365	66.0	1.0000000000000004e-08
276	2	827	0.6861591935157776	74.0	1.0000000000000004e-08
276	3	828	0.8015597462654114	50.0	1.0000000000000004e-08
277	1	829	0.739155113697052	52.0	1.0000000000000004e-08
277	2	830	0.6847196817398071	64.0	1.0000000000000004e-08
277	3	831	0.8822294473648071	65.0	1.0000000000000004e-08
278	1	832	0.6853728294372559	72.0	1.0000000000000004e-08
278	2	833	0.6736193895339966	72.0	1.0000000000000004e-08
278	3	834	0.7158104181289673	70.0	1.0000000000000004e-08
279	1	835	0.6269800662994385	72.0	1.0000000000000004e-08
279	2	836	0.7793089151382446	60.0	1.0000000000000004e-08
279	3	837	0.7792590856552124	60.0	1.0000000000000004e-08
280	1	838	0.7394441366195679	68.0	1.0000000000000004e-08
280	2	839	0.676165759563446	70.0	1.0000000000000004e-08
280	3	840	0.9567773938179016	40.0	1.0000000000000004e-08
281	1	841	0.7596333026885986	68.0	1.0000000000000004e-08
281	2	842	0.7067316174507141	60.0	1.0000000000000004e-08
281	3	843	0.8868840336799622	55.0	1.0000000000000004e-08
282	1	844	0.6558567881584167	78.0	1.0000000000000004e-08
282	2	845	0.7675151228904724	60.0	1.0000000000000004e-08
282	3	846	0.6378966569900513	75.0	1.0000000000000004e-08
283	1	847	0.7403796911239624	56.0	1.0000000000000004e-08
283	2	848	0.6205250024795532	76.0	1.0000000000000004e-08
283	3	849	0.8557910919189453	50.0	1.0000000000000004e-08
284	1	850	0.6299797892570496	78.0	1.0000000000000004e-08
284	2	851	0.7832437753677368	52.0	1.0000000000000004e-08
284	3	852	0.7721170783042908	70.0	1.0000000000000004e-08
285	1	853	0.7080121040344238	66.0	1.0000000000000004e-08
285	2	854	0.7078349590301514	64.0	1.0000000000000004e-08
285	3	855	0.8577879667282104	50.0	1.0000000000000004e-08
286	1	856	0.7723246812820435	62.0	1.0000000000000004e-08
286	2	857	0.6609135270118713	70.0	1.0000000000000004e-08
286	3	858	0.7078150510787964	55.0	1.0000000000000004e-08
287	1	859	0.6417754292488098	72.0	1.0000000000000004e-08
287	2	860	0.7749192118644714	62.0	1.0000000000000004e-08
287	3	861	0.7473737597465515	60.0	1.0000000000000004e-08
288	1	862	0.9023035168647766	44.0	1.0000000000000004e-08
288	2	863	0.7773330807685852	52.0	1.0000000000000004e-08
288	3	864	0.8650445938110352	55.0	1.0000000000000004e-08
289	1	865	0.7364916205406189	68.0	1.0000000000000004e-08
289	2	866	0.6274631023406982	76.0	1.0000000000000004e-08
289	3	867	0.8074329495429993	55.0	1.0000000000000004e-08
290	1	868	0.8133152723312378	58.0	1.0000000000000004e-08
290	2	869	0.6777597069740295	68.0	1.0000000000000004e-08
290	3	870	0.6771026849746704	75.0	1.0000000000000004e-08
291	1	871	0.6675718426704407	66.0	1.0000000000000004e-08
291	2	872	0.7518947124481201	66.0	1.0000000000000004e-08
291	3	873	0.6602896451950073	65.0	1.0000000000000004e-08
292	1	874	0.7711688876152039	64.0	1.0000000000000004e-08
292	2	875	0.7410001158714294	72.0	1.0000000000000004e-08
292	3	876	0.6260625123977661	70.0	1.0000000000000004e-08
293	1	877	0.6846382021903992	70.0	1.0000000000000004e-08
293	2	878	0.679649829864502	64.0	1.0000000000000004e-08
293	3	879	0.8373428583145142	55.0	1.0000000000000004e-08
294	1	880	0.8346598148345947	50.0	1.0000000000000004e-08
294	2	881	0.6878771185874939	64.0	1.0000000000000004e-08
294	3	882	0.6622147560119629	70.0	1.0000000000000004e-08
295	1	883	0.7812857031822205	62.0	1.0000000000000004e-08
295	2	884	0.7363075017929077	72.0	1.0000000000000004e-08
295	3	885	0.5980067253112793	70.0	1.0000000000000004e-08
296	1	886	0.8004609942436218	54.0	1.0000000000000004e-08
296	2	887	0.6764790415763855	66.0	1.0000000000000004e-08
296	3	888	0.8522772789001465	55.0	1.0000000000000004e-08
297	1	889	0.7983120679855347	56.0	1.0000000000000004e-08
297	2	890	0.6968787908554077	70.0	1.0000000000000004e-08
297	3	891	0.769687831401825	65.0	1.0000000000000004e-08
298	1	892	0.7606160640716553	52.0	1.0000000000000004e-08
298	2	893	0.6844092607498169	70.0	1.0000000000000004e-08
298	3	894	0.6306691765785217	65.0	1.0000000000000004e-08
299	1	895	0.7106441259384155	74.0	1.0000000000000004e-08
299	2	896	0.6765908002853394	64.0	1.0000000000000004e-08
299	3	897	0.7999165654182434	60.0	1.0000000000000004e-08
300	1	898	0.6924898624420166	70.0	1.0000000000000004e-08
300	2	899	0.713182806968689	62.0	1.0000000000000004e-08
300	3	900	0.7466681003570557	60.0	1.0000000000000004e-08
301	1	901	0.6868237853050232	64.0	1.0000000000000004e-08
301	2	902	0.7138250470161438	60.0	1.0000000000000004e-08
301	3	903	0.7380484342575073	65.0	1.0000000000000004e-08
302	1	904	0.6903076171875	66.0	1.0000000000000004e-08
302	2	905	0.6459522843360901	68.0	1.0000000000000004e-08
302	3	906	0.9244784116744995	50.0	1.0000000000000004e-08
303	1	907	0.8191913366317749	64.0	1.0000000000000004e-08
303	2	908	0.6336631774902344	76.0	1.0000000000000004e-08
303	3	909	0.6584854125976562	65.0	1.0000000000000004e-08
304	1	910	0.6732051372528076	70.0	1.0000000000000004e-08
304	2	911	0.813389003276825	56.0	1.0000000000000004e-08
304	3	912	0.8558505177497864	65.0	1.0000000000000004e-08
305	1	913	0.7686740756034851	64.0	1.0000000000000004e-08
305	2	914	0.6698848009109497	72.0	1.0000000000000004e-08
305	3	915	0.7932212352752686	40.0	1.0000000000000004e-08
306	1	916	0.6476901769638062	68.0	1.0000000000000004e-08
306	2	917	0.7912554144859314	70.0	1.0000000000000004e-08
306	3	918	0.583813488483429	70.0	1.0000000000000004e-08
307	1	919	0.7432992458343506	64.0	1.0000000000000004e-08
307	2	920	0.6713916659355164	68.0	1.0000000000000004e-08
307	3	921	0.7157241106033325	75.0	1.0000000000000004e-08
308	1	922	0.6947005987167358	68.0	1.0000000000000004e-08
308	2	923	0.7671764492988586	56.0	1.0000000000000004e-08
308	3	924	0.5637472867965698	85.0	1.0000000000000004e-08
309	1	925	0.7517727017402649	62.0	1.0000000000000004e-08
309	2	926	0.7249453663825989	64.0	1.0000000000000004e-08
309	3	927	0.6719831228256226	75.0	1.0000000000000004e-08
310	1	928	0.6833469271659851	70.0	1.0000000000000004e-08
310	2	929	0.7482752203941345	62.0	1.0000000000000004e-08
310	3	930	0.6075119376182556	65.0	1.0000000000000004e-08
311	1	931	0.7025208473205566	72.0	1.0000000000000004e-08
311	2	932	0.7139848470687866	74.0	1.0000000000000004e-08
311	3	933	0.7309319376945496	50.0	1.0000000000000004e-08
312	1	934	0.6472694277763367	70.0	1.0000000000000004e-08
312	2	935	0.8132586479187012	64.0	1.0000000000000004e-08
312	3	936	0.6227762699127197	75.0	1.0000000000000004e-08
313	1	937	0.6340628266334534	76.0	1.0000000000000004e-08
313	2	938	0.756298840045929	60.0	1.0000000000000004e-08
313	3	939	0.6142531633377075	70.0	1.0000000000000004e-08
314	1	940	0.724199116230011	62.0	1.0000000000000004e-08
314	2	941	0.8326201438903809	64.0	1.0000000000000004e-08
314	3	942	0.7362964153289795	50.0	1.0000000000000004e-08
315	1	943	0.8108662962913513	58.0	1.0000000000000004e-08
315	2	944	0.7364416718482971	58.0	1.0000000000000004e-08
315	3	945	0.862165629863739	55.0	1.0000000000000004e-08
316	1	946	0.675767719745636	64.0	1.0000000000000004e-08
316	2	947	0.7331371903419495	70.0	1.0000000000000004e-08
316	3	948	0.5308248996734619	80.0	1.0000000000000004e-08
317	1	949	0.6834746599197388	68.0	1.0000000000000004e-08
317	2	950	0.7164092063903809	62.0	1.0000000000000004e-08
317	3	951	0.9264369010925293	65.0	1.0000000000000004e-08
318	1	952	0.7429966926574707	62.0	1.0000000000000004e-08
318	2	953	0.7121222019195557	68.0	1.0000000000000004e-08
318	3	954	0.6451138257980347	70.0	1.0000000000000004e-08
319	1	955	0.778022289276123	56.0	1.0000000000000004e-08
319	2	956	0.8470680713653564	50.0	1.0000000000000004e-08
319	3	957	0.683506190776825	70.0	1.0000000000000004e-08
320	1	958	0.5945804119110107	80.0	1.0000000000000004e-08
320	2	959	0.7015641927719116	66.0	1.0000000000000004e-08
320	3	960	0.7258907556533813	65.0	1.0000000000000004e-08
321	1	961	0.7681087255477905	50.0	1.0000000000000004e-08
321	2	962	0.6218954920768738	72.0	1.0000000000000004e-08
321	3	963	0.9030845761299133	55.0	1.0000000000000004e-08
322	1	964	0.6681777834892273	72.0	1.0000000000000004e-08
322	2	965	0.6978827714920044	66.0	1.0000000000000004e-08
322	3	966	0.8135159611701965	40.0	1.0000000000000004e-08
323	1	967	0.7208134531974792	66.0	1.0000000000000004e-08
323	2	968	0.7124552726745605	66.0	1.0000000000000004e-08
323	3	969	0.6095447540283203	70.0	1.0000000000000004e-08
324	1	970	0.8377451300621033	54.0	1.0000000000000004e-08
324	2	971	0.6869744658470154	66.0	1.0000000000000004e-08
324	3	972	0.7944313883781433	45.0	1.0000000000000004e-08
325	1	973	0.6973517537117004	70.0	1.0000000000000004e-08
325	2	974	0.7050907015800476	68.0	1.0000000000000004e-08
325	3	975	0.7861661911010742	50.0	1.0000000000000004e-08
326	1	976	0.7865731716156006	56.0	1.0000000000000004e-08
326	2	977	0.6574491858482361	70.0	1.0000000000000004e-08
326	3	978	0.7619370222091675	60.0	1.0000000000000004e-08
327	1	979	0.7936657667160034	60.0	1.0000000000000004e-08
327	2	980	0.7056086659431458	64.0	1.0000000000000004e-08
327	3	981	0.6473992466926575	70.0	1.0000000000000004e-08
328	1	982	0.7118794322013855	66.0	1.0000000000000004e-08
328	2	983	0.7441558837890625	60.0	1.0000000000000004e-08
328	3	984	0.5351764559745789	85.0	1.0000000000000004e-08
329	1	985	0.7463620901107788	62.0	1.0000000000000004e-08
329	2	986	0.6464122533798218	72.0	1.0000000000000004e-08
329	3	987	0.741094172000885	65.0	1.0000000000000004e-08
330	1	988	0.7418818473815918	60.0	1.0000000000000004e-08
330	2	989	0.716837465763092	66.0	1.0000000000000004e-08
330	3	990	0.7194392085075378	70.0	1.0000000000000004e-08
331	1	991	0.718838095664978	66.0	1.0000000000000004e-08
331	2	992	0.7686434388160706	60.0	1.0000000000000004e-08
331	3	993	0.6711127161979675	75.0	1.0000000000000004e-08
332	1	994	0.6893847584724426	66.0	1.0000000000000004e-08
332	2	995	0.6924891471862793	70.0	1.0000000000000004e-08
332	3	996	0.8091540336608887	65.0	1.0000000000000004e-08
333	1	997	0.5964916944503784	80.0	1.0000000000000004e-08
333	2	998	0.6799131035804749	72.0	1.0000000000000004e-08
333	3	999	0.9671489596366882	50.0	1.0000000000000004e-08
334	1	1000	0.6759347319602966	64.0	1.0000000000000004e-08
334	2	1001	0.7203614115715027	74.0	1.0000000000000004e-08
334	3	1002	0.9050490260124207	55.0	1.0000000000000004e-08
335	1	1003	0.743956446647644	60.0	1.0000000000000004e-08
335	2	1004	0.6463097333908081	76.0	1.0000000000000004e-08
335	3	1005	0.7214540243148804	65.0	1.0000000000000004e-08
336	1	1006	0.8656646609306335	56.0	1.0000000000000004e-08
336	2	1007	0.6432836651802063	74.0	1.0000000000000004e-08
336	3	1008	0.559537410736084	85.0	1.0000000000000004e-08
337	1	1009	0.741597592830658	64.0	1.0000000000000004e-08
337	2	1010	0.7361012101173401	68.0	1.0000000000000004e-08
337	3	1011	0.7301281690597534	55.0	1.0000000000000004e-08
338	1	1012	0.7141007781028748	66.0	1.0000000000000004e-08
338	2	1013	0.7177014350891113	64.0	1.0000000000000004e-08
338	3	1014	0.6307622790336609	75.0	1.0000000000000004e-08
339	1	1015	0.6621968150138855	74.0	1.0000000000000004e-08
339	2	1016	0.6973495483398438	72.0	1.0000000000000004e-08
339	3	1017	0.7396725416183472	60.0	1.0000000000000004e-08
340	1	1018	0.7342286109924316	64.0	1.0000000000000004e-08
340	2	1019	0.6469100713729858	68.0	1.0000000000000004e-08
340	3	1020	0.7364749908447266	60.0	1.0000000000000004e-08
341	1	1021	0.7413530945777893	64.0	1.0000000000000004e-08
341	2	1022	0.7198222279548645	68.0	1.0000000000000004e-08
341	3	1023	0.6767865419387817	75.0	1.0000000000000004e-08
342	1	1024	0.6456990242004395	72.0	1.0000000000000004e-08
342	2	1025	0.7445566058158875	60.0	1.0000000000000004e-08
342	3	1026	0.6424192190170288	75.0	1.0000000000000004e-08
343	1	1027	0.63105708360672	80.0	1.0000000000000004e-08
343	2	1028	0.7416564226150513	72.0	1.0000000000000004e-08
343	3	1029	0.7407933473587036	60.0	1.0000000000000004e-08
344	1	1030	0.7635184526443481	54.0	1.0000000000000004e-08
344	2	1031	0.7470784783363342	66.0	1.0000000000000004e-08
344	3	1032	0.6551485657691956	70.0	1.0000000000000004e-08
345	1	1033	0.6663104295730591	74.0	1.0000000000000004e-08
345	2	1034	0.7121685147285461	72.0	1.0000000000000004e-08
345	3	1035	0.7269039750099182	75.0	1.0000000000000004e-08
346	1	1036	0.6830899119377136	64.0	1.0000000000000004e-08
346	2	1037	0.8748383522033691	50.0	1.0000000000000004e-08
346	3	1038	0.8231717348098755	55.0	1.0000000000000004e-08
347	1	1039	0.7595227956771851	66.0	1.0000000000000004e-08
347	2	1040	0.703742504119873	62.0	1.0000000000000004e-08
347	3	1041	0.6384321451187134	70.0	1.0000000000000004e-08
348	1	1042	0.7184039354324341	72.0	1.0000000000000004e-08
348	2	1043	0.6611019968986511	72.0	1.0000000000000004e-08
348	3	1044	0.877555251121521	60.0	1.0000000000000004e-08
349	1	1045	0.6977542638778687	70.0	1.0000000000000004e-08
349	2	1046	0.7014228701591492	60.0	1.0000000000000004e-08
349	3	1047	0.8337238430976868	60.0	1.0000000000000004e-08
350	1	1048	0.7160131931304932	62.0	1.0000000000000004e-08
350	2	1049	0.7733206152915955	66.0	1.0000000000000004e-08
350	3	1050	0.5996609926223755	85.0	1.0000000000000004e-08
351	1	1051	0.7358747720718384	64.0	1.0000000000000004e-08
351	2	1052	0.6712885499000549	74.0	1.0000000000000004e-08
351	3	1053	0.636069118976593	80.0	1.0000000000000004e-08
352	1	1054	0.694876492023468	68.0	1.0000000000000004e-08
352	2	1055	0.6985316276550293	74.0	1.0000000000000004e-08
352	3	1056	0.6505147814750671	70.0	1.0000000000000004e-08
353	1	1057	0.6614507436752319	72.0	1.0000000000000004e-08
353	2	1058	0.7495647668838501	58.0	1.0000000000000004e-08
353	3	1059	0.7472622990608215	70.0	1.0000000000000004e-08
354	1	1060	0.7006933689117432	64.0	1.0000000000000004e-08
354	2	1061	0.6832602024078369	68.0	1.0000000000000004e-08
354	3	1062	0.9893491864204407	40.0	1.0000000000000004e-08
355	1	1063	0.8528299927711487	58.0	1.0000000000000004e-08
355	2	1064	0.662021279335022	72.0	1.0000000000000004e-08
355	3	1065	0.749941885471344	70.0	1.0000000000000004e-08
356	1	1066	0.7073179483413696	66.0	1.0000000000000004e-08
356	2	1067	0.6775796413421631	68.0	1.0000000000000004e-08
356	3	1068	1.034332513809204	45.0	1.0000000000000004e-08
357	1	1069	0.7365089654922485	64.0	1.0000000000000004e-08
357	2	1070	0.8393653631210327	52.0	1.0000000000000004e-08
357	3	1071	0.7190334796905518	75.0	1.0000000000000004e-08
358	1	1072	0.7579845190048218	58.0	1.0000000000000004e-08
358	2	1073	0.6904403567314148	68.0	1.0000000000000004e-08
358	3	1074	0.6905649900436401	65.0	1.0000000000000004e-08
359	1	1075	0.6849241852760315	74.0	1.0000000000000004e-08
359	2	1076	0.717232882976532	64.0	1.0000000000000004e-08
359	3	1077	0.72646564245224	65.0	1.0000000000000004e-08
360	1	1078	0.7321094274520874	64.0	1.0000000000000004e-08
360	2	1079	0.6798044443130493	68.0	1.0000000000000004e-08
360	3	1080	0.702133059501648	70.0	1.0000000000000004e-08
361	1	1081	0.7551305890083313	70.0	1.0000000000000004e-08
361	2	1082	0.7400108575820923	70.0	1.0000000000000004e-08
361	3	1083	0.6735675930976868	70.0	1.0000000000000004e-08
362	1	1084	0.7166630625724792	66.0	1.0000000000000004e-08
362	2	1085	0.7349479794502258	58.0	1.0000000000000004e-08
362	3	1086	0.7466340065002441	70.0	1.0000000000000004e-08
363	1	1087	0.6620227694511414	72.0	1.0000000000000004e-08
363	2	1088	0.8356102108955383	46.0	1.0000000000000004e-08
363	3	1089	0.8110189437866211	55.0	1.0000000000000004e-08
364	1	1090	0.7269269824028015	66.0	1.0000000000000004e-08
364	2	1091	0.7219815254211426	70.0	1.0000000000000004e-08
364	3	1092	0.7750746011734009	65.0	1.0000000000000004e-08
365	1	1093	0.6431167721748352	64.0	1.0000000000000004e-08
365	2	1094	0.7768142223358154	78.0	1.0000000000000004e-08
365	3	1095	0.8299309015274048	50.0	1.0000000000000004e-08
366	1	1096	0.690703809261322	70.0	1.0000000000000004e-08
366	2	1097	0.7461801171302795	66.0	1.0000000000000004e-08
366	3	1098	0.8472552299499512	55.0	1.0000000000000004e-08
367	1	1099	0.6923011541366577	76.0	1.0000000000000004e-08
367	2	1100	0.6156883835792542	82.0	1.0000000000000004e-08
367	3	1101	0.8590976595878601	65.0	1.0000000000000004e-08
368	1	1102	0.7059021592140198	68.0	1.0000000000000004e-08
368	2	1103	0.6722357869148254	74.0	1.0000000000000004e-08
368	3	1104	0.538743793964386	90.0	1.0000000000000004e-08
369	1	1105	0.7683336734771729	62.0	1.0000000000000004e-08
369	2	1106	0.6278650164604187	76.0	1.0000000000000004e-08
369	3	1107	0.8595144152641296	60.0	1.0000000000000004e-08
370	1	1108	0.7399877309799194	58.0	1.0000000000000004e-08
370	2	1109	0.6697872281074524	68.0	1.0000000000000004e-08
370	3	1110	0.7503195405006409	65.0	1.0000000000000004e-08
371	1	1111	0.7571740746498108	68.0	1.0000000000000004e-08
371	2	1112	0.815700888633728	60.0	1.0000000000000004e-08
371	3	1113	0.6028977632522583	65.0	1.0000000000000004e-08
372	1	1114	0.7858317494392395	64.0	1.0000000000000004e-08
372	2	1115	0.6733571887016296	64.0	1.0000000000000004e-08
372	3	1116	1.0016708374023438	50.0	1.0000000000000004e-08
373	1	1117	0.7824277281761169	56.0	1.0000000000000004e-08
373	2	1118	0.6679466962814331	66.0	1.0000000000000004e-08
373	3	1119	0.6219761371612549	80.0	1.0000000000000004e-08
374	1	1120	0.7337095737457275	60.0	1.0000000000000004e-08
374	2	1121	0.8479240536689758	58.0	1.0000000000000004e-08
374	3	1122	0.624331533908844	85.0	1.0000000000000004e-08
375	1	1123	0.6628752946853638	66.0	1.0000000000000004e-08
375	2	1124	0.7329723834991455	64.0	1.0000000000000004e-08
375	3	1125	0.636585533618927	75.0	1.0000000000000004e-08
376	1	1126	0.7411397695541382	60.0	1.0000000000000004e-08
376	2	1127	0.6783060431480408	70.0	1.0000000000000004e-08
376	3	1128	0.7805070877075195	70.0	1.0000000000000004e-08
377	1	1129	0.6797482967376709	66.0	1.0000000000000004e-08
377	2	1130	0.682353675365448	70.0	1.0000000000000004e-08
377	3	1131	0.8967363238334656	50.0	1.0000000000000004e-08
378	1	1132	0.7477116584777832	60.0	1.0000000000000004e-08
378	2	1133	0.6831814646720886	72.0	1.0000000000000004e-08
378	3	1134	0.8441148996353149	60.0	1.0000000000000004e-08
379	1	1135	0.6526696681976318	66.0	1.0000000000000004e-08
379	2	1136	0.7245265245437622	68.0	1.0000000000000004e-08
379	3	1137	0.730951189994812	60.0	1.0000000000000004e-08
380	1	1138	0.7972632050514221	58.0	1.0000000000000004e-08
380	2	1139	0.6197660565376282	80.0	1.0000000000000004e-08
380	3	1140	0.611955463886261	75.0	1.0000000000000004e-08
381	1	1141	0.7285403609275818	64.0	1.0000000000000004e-08
381	2	1142	0.6863803863525391	74.0	1.0000000000000004e-08
381	3	1143	0.7734741568565369	50.0	1.0000000000000004e-08
382	1	1144	0.6693580150604248	70.0	1.0000000000000004e-08
382	2	1145	0.7287718057632446	64.0	1.0000000000000004e-08
382	3	1146	0.7858337163925171	75.0	1.0000000000000004e-08
383	1	1147	0.6523669362068176	72.0	1.0000000000000004e-08
383	2	1148	0.6900914907455444	66.0	1.0000000000000004e-08
383	3	1149	0.6683515906333923	80.0	1.0000000000000004e-08
384	1	1150	0.7724980115890503	60.0	1.0000000000000004e-08
384	2	1151	0.6200567483901978	68.0	1.0000000000000004e-08
384	3	1152	0.624940037727356	80.0	1.0000000000000004e-08
385	1	1153	0.6651341915130615	68.0	1.0000000000000004e-08
385	2	1154	0.7547974586486816	60.0	1.0000000000000004e-08
385	3	1155	0.5785920023918152	85.0	1.0000000000000004e-08
386	1	1156	0.6654559969902039	68.0	1.0000000000000004e-08
386	2	1157	0.780866265296936	70.0	1.0000000000000004e-08
386	3	1158	0.783985435962677	60.0	1.0000000000000004e-08
387	1	1159	0.7658955454826355	64.0	1.0000000000000004e-08
387	2	1160	0.7609692215919495	68.0	1.0000000000000004e-08
387	3	1161	0.6884781122207642	75.0	1.0000000000000004e-08
388	1	1162	0.8279060125350952	62.0	1.0000000000000004e-08
388	2	1163	0.6584960222244263	78.0	1.0000000000000004e-08
388	3	1164	0.6840430498123169	70.0	1.0000000000000004e-08
389	1	1165	0.7450710535049438	66.0	1.0000000000000004e-08
389	2	1166	0.7227635383605957	70.0	1.0000000000000004e-08
389	3	1167	0.6103686094284058	80.0	1.0000000000000004e-08
390	1	1168	0.9408206343650818	60.0	1.0000000000000004e-08
390	2	1169	0.6426497101783752	72.0	1.0000000000000004e-08
390	3	1170	0.7000254392623901	65.0	1.0000000000000004e-08
391	1	1171	0.7277442812919617	70.0	1.0000000000000004e-08
391	2	1172	0.7474733591079712	64.0	1.0000000000000004e-08
391	3	1173	0.7761159539222717	50.0	1.0000000000000004e-08
392	1	1174	0.6629910469055176	70.0	1.0000000000000004e-08
392	2	1175	0.7513554096221924	62.0	1.0000000000000004e-08
392	3	1176	0.6509996056556702	60.0	1.0000000000000004e-08
393	1	1177	0.7567861676216125	56.0	1.0000000000000004e-08
393	2	1178	0.6704534888267517	74.0	1.0000000000000004e-08
393	3	1179	0.6095373630523682	65.0	1.0000000000000004e-08
394	1	1180	0.6592682003974915	74.0	1.0000000000000004e-08
394	2	1181	0.7074005603790283	66.0	1.0000000000000004e-08
394	3	1182	0.8913365602493286	50.0	1.0000000000000004e-08
395	1	1183	0.7013397216796875	64.0	1.0000000000000004e-08
395	2	1184	0.669279932975769	80.0	1.0000000000000004e-08
395	3	1185	0.7487851977348328	75.0	1.0000000000000004e-08
396	1	1186	0.705554723739624	72.0	1.0000000000000004e-08
396	2	1187	0.6772552728652954	76.0	1.0000000000000004e-08
396	3	1188	0.8614485859870911	55.0	1.0000000000000004e-08
397	1	1189	0.6355526447296143	76.0	1.0000000000000004e-08
397	2	1190	0.6780226826667786	72.0	1.0000000000000004e-08
397	3	1191	0.7565091848373413	55.0	1.0000000000000004e-08
398	1	1192	0.6808944940567017	68.0	1.0000000000000004e-08
398	2	1193	0.6050509810447693	78.0	1.0000000000000004e-08
398	3	1194	0.9122234582901001	55.0	1.0000000000000004e-08
399	1	1195	0.7655003070831299	58.0	1.0000000000000004e-08
399	2	1196	0.7151293754577637	68.0	1.0000000000000004e-08
399	3	1197	0.5688637495040894	85.0	1.0000000000000004e-08
400	1	1198	0.6892531514167786	70.0	1.0000000000000004e-08
400	2	1199	0.6830195784568787	68.0	1.0000000000000004e-08
400	3	1200	0.8100718259811401	55.0	1.0000000000000004e-08
401	1	1201	0.7053475379943848	68.0	1.0000000000000004e-08
401	2	1202	0.8259708285331726	62.0	1.0000000000000004e-08
401	3	1203	0.6748167872428894	60.0	1.0000000000000004e-08
402	1	1204	0.7147431373596191	64.0	1.0000000000000004e-08
402	2	1205	0.6769331097602844	68.0	1.0000000000000004e-08
402	3	1206	0.7217236757278442	65.0	1.0000000000000004e-08
403	1	1207	0.7462399005889893	62.0	1.0000000000000004e-08
403	2	1208	0.7470872402191162	70.0	1.0000000000000004e-08
403	3	1209	0.6117035150527954	65.0	1.0000000000000004e-08
404	1	1210	0.6905086636543274	66.0	1.0000000000000004e-08
404	2	1211	0.7007213830947876	70.0	1.0000000000000004e-08
404	3	1212	0.6099950075149536	80.0	1.0000000000000004e-08
405	1	1213	0.6849256157875061	72.0	1.0000000000000004e-08
405	2	1214	0.7247752547264099	66.0	1.0000000000000004e-08
405	3	1215	0.8644178509712219	55.0	1.0000000000000004e-08
406	1	1216	0.7480787634849548	62.0	1.0000000000000004e-08
406	2	1217	0.669952929019928	74.0	1.0000000000000004e-08
406	3	1218	0.6035326719284058	75.0	1.0000000000000004e-08
407	1	1219	0.6677248477935791	72.0	1.0000000000000004e-08
407	2	1220	0.705857515335083	64.0	1.0000000000000004e-08
407	3	1221	0.7873544096946716	60.0	1.0000000000000004e-08
408	1	1222	0.6170853972434998	68.0	1.0000000000000004e-08
408	2	1223	0.7677375674247742	60.0	1.0000000000000004e-08
408	3	1224	0.6844840049743652	65.0	1.0000000000000004e-08
409	1	1225	0.6057935953140259	74.0	1.0000000000000004e-08
409	2	1226	0.7252712249755859	64.0	1.0000000000000004e-08
409	3	1227	1.0647248029708862	40.0	1.0000000000000004e-08
410	1	1228	0.6878029704093933	74.0	1.0000000000000004e-08
410	2	1229	0.7049539685249329	66.0	1.0000000000000004e-08
410	3	1230	0.8256866335868835	65.0	1.0000000000000004e-08
411	1	1231	0.7338961958885193	62.0	1.0000000000000004e-08
411	2	1232	0.6995421051979065	68.0	1.0000000000000004e-08
411	3	1233	0.6250108480453491	75.0	1.0000000000000004e-08
412	1	1234	0.6855908036231995	76.0	1.0000000000000004e-08
412	2	1235	0.7273777723312378	68.0	1.0000000000000004e-08
412	3	1236	0.5748180150985718	70.0	1.0000000000000004e-08
413	1	1237	0.6738858819007874	76.0	1.0000000000000004e-08
413	2	1238	0.6184016466140747	70.0	1.0000000000000004e-08
413	3	1239	0.9680917859077454	35.0	1.0000000000000004e-08
414	1	1240	0.6819920539855957	72.0	1.0000000000000004e-08
414	2	1241	0.7694024443626404	62.0	1.0000000000000004e-08
414	3	1242	0.7617456912994385	60.0	1.0000000000000004e-08
415	1	1243	0.7366893291473389	68.0	1.0000000000000004e-08
415	2	1244	0.6584568619728088	66.0	1.0000000000000004e-08
415	3	1245	0.7124555706977844	75.0	1.0000000000000004e-08
416	1	1246	0.7432515621185303	66.0	1.0000000000000004e-08
416	2	1247	0.6876477003097534	70.0	1.0000000000000004e-08
416	3	1248	0.7872987985610962	65.0	1.0000000000000004e-08
417	1	1249	0.7529463768005371	62.0	1.0000000000000004e-08
417	2	1250	0.7360477447509766	64.0	1.0000000000000004e-08
417	3	1251	0.7159086465835571	60.0	1.0000000000000004e-08
418	1	1252	0.6976096630096436	70.0	1.0000000000000004e-08
418	2	1253	0.7437300086021423	64.0	1.0000000000000004e-08
418	3	1254	0.6212785840034485	80.0	1.0000000000000004e-08
419	1	1255	0.6694625616073608	70.0	1.0000000000000004e-08
419	2	1256	0.665302038192749	64.0	1.0000000000000004e-08
419	3	1257	0.9866331219673157	50.0	1.0000000000000004e-08
420	1	1258	0.6482101678848267	70.0	1.0000000000000004e-08
420	2	1259	0.6675158143043518	72.0	1.0000000000000004e-08
420	3	1260	0.8927016258239746	65.0	1.0000000000000004e-08
421	1	1261	0.8201494812965393	60.0	1.0000000000000004e-08
421	2	1262	0.6627383232116699	72.0	1.0000000000000004e-08
421	3	1263	0.627699613571167	70.0	1.0000000000000004e-08
422	1	1264	0.7626756429672241	56.0	1.0000000000000004e-08
422	2	1265	0.6323790550231934	80.0	1.0000000000000004e-08
422	3	1266	0.7796921730041504	55.0	1.0000000000000004e-08
423	1	1267	0.6569278836250305	74.0	1.0000000000000004e-08
423	2	1268	0.7154737710952759	64.0	1.0000000000000004e-08
423	3	1269	0.7261078953742981	75.0	1.0000000000000004e-08
424	1	1270	0.7241442203521729	64.0	1.0000000000000004e-08
424	2	1271	0.6405337452888489	76.0	1.0000000000000004e-08
424	3	1272	0.7556613683700562	60.0	1.0000000000000004e-08
425	1	1273	0.6899014115333557	68.0	1.0000000000000004e-08
425	2	1274	0.7298504114151001	64.0	1.0000000000000004e-08
425	3	1275	0.6814825534820557	55.0	1.0000000000000004e-08
426	1	1276	0.7762715220451355	58.0	1.0000000000000004e-08
426	2	1277	0.6880275011062622	70.0	1.0000000000000004e-08
426	3	1278	0.73094642162323	70.0	1.0000000000000004e-08
427	1	1279	0.7355098128318787	70.0	1.0000000000000004e-08
427	2	1280	0.6714984774589539	74.0	1.0000000000000004e-08
427	3	1281	0.7987203598022461	60.0	1.0000000000000004e-08
428	1	1282	0.6868820786476135	70.0	1.0000000000000004e-08
428	2	1283	0.7073513865470886	60.0	1.0000000000000004e-08
428	3	1284	0.6031938791275024	80.0	1.0000000000000004e-08
429	1	1285	0.7806219458580017	68.0	1.0000000000000004e-08
429	2	1286	0.6071881055831909	74.0	1.0000000000000004e-08
429	3	1287	0.827597975730896	50.0	1.0000000000000004e-08
430	1	1288	0.7620366811752319	66.0	1.0000000000000004e-08
430	2	1289	0.7146048545837402	64.0	1.0000000000000004e-08
430	3	1290	0.6873994469642639	75.0	1.0000000000000004e-08
431	1	1291	0.7440547943115234	66.0	1.0000000000000004e-08
431	2	1292	0.7824312448501587	52.0	1.0000000000000004e-08
431	3	1293	0.6995376348495483	70.0	1.0000000000000004e-08
432	1	1294	0.6039468050003052	76.0	1.0000000000000004e-08
432	2	1295	0.7585825324058533	62.0	1.0000000000000004e-08
432	3	1296	0.6136845350265503	75.0	1.0000000000000004e-08
433	1	1297	0.7152004837989807	60.0	1.0000000000000004e-08
433	2	1298	0.5922943353652954	74.0	1.0000000000000004e-08
433	3	1299	1.0124682188034058	40.0	1.0000000000000004e-08
434	1	1300	0.7038660645484924	62.0	1.0000000000000004e-08
434	2	1301	0.7414509654045105	66.0	1.0000000000000004e-08
434	3	1302	0.656180202960968	70.0	1.0000000000000004e-08
435	1	1303	0.6544265747070312	68.0	1.0000000000000004e-08
435	2	1304	0.7228665947914124	56.0	1.0000000000000004e-08
435	3	1305	0.8200413584709167	55.0	1.0000000000000004e-08
436	1	1306	0.6005806922912598	74.0	1.0000000000000004e-08
436	2	1307	0.7954567670822144	60.0	1.0000000000000004e-08
436	3	1308	0.6553406119346619	75.0	1.0000000000000004e-08
437	1	1309	0.7310726046562195	60.0	1.0000000000000004e-08
437	2	1310	0.7598926424980164	66.0	1.0000000000000004e-08
437	3	1311	1.07667076587677	35.0	1.0000000000000004e-08
438	1	1312	0.8189074993133545	58.0	1.0000000000000004e-08
438	2	1313	0.6276876926422119	82.0	1.0000000000000004e-08
438	3	1314	0.6915110349655151	70.0	1.0000000000000004e-08
439	1	1315	0.6624302864074707	70.0	1.0000000000000004e-08
439	2	1316	0.9193289875984192	54.0	1.0000000000000004e-08
439	3	1317	0.6776738166809082	70.0	1.0000000000000004e-08
440	1	1318	0.6691900491714478	64.0	1.0000000000000004e-08
440	2	1319	0.7418475151062012	66.0	1.0000000000000004e-08
440	3	1320	0.691318154335022	65.0	1.0000000000000004e-08
441	1	1321	0.6844798922538757	66.0	1.0000000000000004e-08
441	2	1322	0.743333637714386	62.0	1.0000000000000004e-08
441	3	1323	0.7281649112701416	55.0	1.0000000000000004e-08
442	1	1324	0.7203445434570312	60.0	1.0000000000000004e-08
442	2	1325	0.714811384677887	60.0	1.0000000000000004e-08
442	3	1326	0.7686797976493835	60.0	1.0000000000000004e-08
443	1	1327	0.6987136006355286	70.0	1.0000000000000004e-08
443	2	1328	0.7839870452880859	68.0	1.0000000000000004e-08
443	3	1329	0.6178568601608276	65.0	1.0000000000000004e-08
444	1	1330	0.7417677044868469	64.0	1.0000000000000004e-08
444	2	1331	0.6775848269462585	68.0	1.0000000000000004e-08
444	3	1332	0.8007650375366211	60.0	1.0000000000000004e-08
445	1	1333	0.7883003950119019	64.0	1.0000000000000004e-08
445	2	1334	0.683373212814331	76.0	1.0000000000000004e-08
445	3	1335	0.5933434963226318	75.0	1.0000000000000004e-08
446	1	1336	0.7663251757621765	60.0	1.0000000000000004e-08
446	2	1337	0.6572818756103516	74.0	1.0000000000000004e-08
446	3	1338	0.6186854243278503	70.0	1.0000000000000004e-08
447	1	1339	0.7314877510070801	60.0	1.0000000000000004e-08
447	2	1340	0.6758728623390198	78.0	1.0000000000000004e-08
447	3	1341	0.8056730031967163	75.0	1.0000000000000004e-08
448	1	1342	0.8828260898590088	50.0	1.0000000000000004e-08
448	2	1343	0.6235364675521851	78.0	1.0000000000000004e-08
448	3	1344	0.754665732383728	60.0	1.0000000000000004e-08
449	1	1345	0.7075148224830627	62.0	1.0000000000000004e-08
449	2	1346	0.7090004682540894	68.0	1.0000000000000004e-08
449	3	1347	0.7451274394989014	65.0	1.0000000000000004e-08
450	1	1348	0.657741904258728	70.0	1.0000000000000004e-08
450	2	1349	0.7382169961929321	60.0	1.0000000000000004e-08
450	3	1350	0.8124297857284546	60.0	1.0000000000000004e-08
451	1	1351	0.7374860644340515	68.0	1.0000000000000004e-08
451	2	1352	0.6607388854026794	78.0	1.0000000000000004e-08
451	3	1353	0.7348747849464417	65.0	1.0000000000000004e-08
452	1	1354	0.6766177415847778	76.0	1.0000000000000004e-08
452	2	1355	0.6740657091140747	66.0	1.0000000000000004e-08
452	3	1356	0.7951666116714478	55.0	1.0000000000000004e-08
453	1	1357	0.7095069885253906	72.0	1.0000000000000004e-08
453	2	1358	0.7375829815864563	60.0	1.0000000000000004e-08
453	3	1359	0.8007493019104004	75.0	1.0000000000000004e-08
454	1	1360	0.7428027391433716	68.0	1.0000000000000004e-08
454	2	1361	0.6819624304771423	74.0	1.0000000000000004e-08
454	3	1362	0.6840305328369141	70.0	1.0000000000000004e-08
455	1	1363	0.6154344081878662	72.0	1.0000000000000004e-08
455	2	1364	0.7350170612335205	66.0	1.0000000000000004e-08
455	3	1365	0.7812808752059937	60.0	1.0000000000000004e-08
456	1	1366	0.6624309420585632	76.0	1.0000000000000004e-08
456	2	1367	0.6832124590873718	76.0	1.0000000000000004e-08
456	3	1368	0.8599658012390137	45.0	1.0000000000000004e-08
457	1	1369	0.7381218671798706	68.0	1.0000000000000004e-08
457	2	1370	0.6759079694747925	66.0	1.0000000000000004e-08
457	3	1371	0.6824339032173157	70.0	1.0000000000000004e-08
458	1	1372	0.7612364292144775	62.0	1.0000000000000004e-08
458	2	1373	0.6948491930961609	68.0	1.0000000000000004e-08
458	3	1374	0.7623003721237183	70.0	1.0000000000000004e-08
459	1	1375	0.7172906994819641	64.0	1.0000000000000004e-08
459	2	1376	0.7093971967697144	62.0	1.0000000000000004e-08
459	3	1377	0.850317120552063	65.0	1.0000000000000004e-08
460	1	1378	0.6671964526176453	76.0	1.0000000000000004e-08
460	2	1379	0.7030249238014221	64.0	1.0000000000000004e-08
460	3	1380	0.6776100993156433	75.0	1.0000000000000004e-08
461	1	1381	0.7040512561798096	68.0	1.0000000000000004e-08
461	2	1382	0.7871394157409668	64.0	1.0000000000000004e-08
461	3	1383	0.7081711292266846	65.0	1.0000000000000004e-08
462	1	1384	0.7377875447273254	62.0	1.0000000000000004e-08
462	2	1385	0.7531887888908386	70.0	1.0000000000000004e-08
462	3	1386	0.6427456140518188	75.0	1.0000000000000004e-08
463	1	1387	0.6767100691795349	72.0	1.0000000000000004e-08
463	2	1388	0.6791175603866577	72.0	1.0000000000000004e-08
463	3	1389	0.7594875693321228	65.0	1.0000000000000004e-08
464	1	1390	0.7368357181549072	64.0	1.0000000000000004e-08
464	2	1391	0.7155202627182007	64.0	1.0000000000000004e-08
464	3	1392	0.7371590733528137	75.0	1.0000000000000004e-08
465	1	1393	0.6441509127616882	70.0	1.0000000000000004e-08
465	2	1394	0.6969139575958252	68.0	1.0000000000000004e-08
465	3	1395	0.7819132804870605	65.0	1.0000000000000004e-08
466	1	1396	0.7037468552589417	72.0	1.0000000000000004e-08
466	2	1397	0.759471595287323	56.0	1.0000000000000004e-08
466	3	1398	0.64007169008255	70.0	1.0000000000000004e-08
467	1	1399	0.7584278583526611	62.0	1.0000000000000004e-08
467	2	1400	0.725663959980011	60.0	1.0000000000000004e-08
467	3	1401	0.6607379913330078	75.0	1.0000000000000004e-08
468	1	1402	0.6639319658279419	78.0	1.0000000000000004e-08
468	2	1403	0.7580882906913757	66.0	1.0000000000000004e-08
468	3	1404	0.9948221445083618	45.0	1.0000000000000004e-08
469	1	1405	0.6763043999671936	72.0	1.0000000000000004e-08
469	2	1406	0.6822676658630371	64.0	1.0000000000000004e-08
469	3	1407	0.674542248249054	75.0	1.0000000000000004e-08
470	1	1408	0.7322516441345215	72.0	1.0000000000000004e-08
470	2	1409	0.6505568623542786	76.0	1.0000000000000004e-08
470	3	1410	0.9230070114135742	55.0	1.0000000000000004e-08
471	1	1411	0.7013267278671265	70.0	1.0000000000000004e-08
471	2	1412	0.6548126339912415	72.0	1.0000000000000004e-08
471	3	1413	0.7412633895874023	65.0	1.0000000000000004e-08
472	1	1414	0.6962831020355225	68.0	1.0000000000000004e-08
472	2	1415	0.8514617085456848	56.0	1.0000000000000004e-08
472	3	1416	0.6853252053260803	65.0	1.0000000000000004e-08
473	1	1417	0.6540732383728027	74.0	1.0000000000000004e-08
473	2	1418	0.7243897914886475	66.0	1.0000000000000004e-08
473	3	1419	0.7828680276870728	65.0	1.0000000000000004e-08
474	1	1420	0.7848585247993469	60.0	1.0000000000000004e-08
474	2	1421	0.6933150291442871	60.0	1.0000000000000004e-08
474	3	1422	0.7059341073036194	65.0	1.0000000000000004e-08
475	1	1423	0.6865888833999634	70.0	1.0000000000000004e-08
475	2	1424	0.7368299961090088	66.0	1.0000000000000004e-08
475	3	1425	0.6756367683410645	60.0	1.0000000000000004e-08
476	1	1426	0.8173655867576599	58.0	1.0000000000000004e-08
476	2	1427	0.7197497487068176	60.0	1.0000000000000004e-08
476	3	1428	0.574458122253418	80.0	1.0000000000000004e-08
477	1	1429	0.6353484392166138	76.0	1.0000000000000004e-08
477	2	1430	0.7867041230201721	64.0	1.0000000000000004e-08
477	3	1431	0.671371579170227	75.0	1.0000000000000004e-08
478	1	1432	0.6945855021476746	64.0	1.0000000000000004e-08
478	2	1433	0.748730480670929	66.0	1.0000000000000004e-08
478	3	1434	0.5441672205924988	90.0	1.0000000000000004e-08
479	1	1435	0.6941876411437988	70.0	1.0000000000000004e-08
479	2	1436	0.7486512064933777	62.0	1.0000000000000004e-08
479	3	1437	0.633379340171814	75.0	1.0000000000000004e-08
480	1	1438	0.7513254284858704	60.0	1.0000000000000004e-08
480	2	1439	0.6800456047058105	72.0	1.0000000000000004e-08
480	3	1440	0.5330521464347839	80.0	1.0000000000000004e-08
481	1	1441	0.7548901438713074	64.0	1.0000000000000004e-08
481	2	1442	0.7092903852462769	62.0	1.0000000000000004e-08
481	3	1443	0.6605442762374878	75.0	1.0000000000000004e-08
482	1	1444	0.6782211065292358	68.0	1.0000000000000004e-08
482	2	1445	0.6991832256317139	78.0	1.0000000000000004e-08
482	3	1446	0.7483412623405457	60.0	1.0000000000000004e-08
483	1	1447	0.7280310988426208	58.0	1.0000000000000004e-08
483	2	1448	0.7114096283912659	68.0	1.0000000000000004e-08
483	3	1449	0.6800315380096436	65.0	1.0000000000000004e-08
484	1	1450	0.6818786859512329	70.0	1.0000000000000004e-08
484	2	1451	0.7143651843070984	74.0	1.0000000000000004e-08
484	3	1452	0.8176568746566772	80.0	1.0000000000000004e-08
485	1	1453	0.6353380084037781	70.0	1.0000000000000004e-08
485	2	1454	0.8060316443443298	64.0	1.0000000000000004e-08
485	3	1455	0.7297160029411316	60.0	1.0000000000000004e-08
486	1	1456	0.7059326767921448	70.0	1.0000000000000004e-08
486	2	1457	0.7390772104263306	66.0	1.0000000000000004e-08
486	3	1458	0.6540277004241943	75.0	1.0000000000000004e-08
487	1	1459	0.7101824879646301	58.0	1.0000000000000004e-08
487	2	1460	0.7580223679542542	66.0	1.0000000000000004e-08
487	3	1461	0.6563582420349121	80.0	1.0000000000000004e-08
488	1	1462	0.6958022117614746	70.0	1.0000000000000004e-08
488	2	1463	0.7027824521064758	72.0	1.0000000000000004e-08
488	3	1464	0.7932996153831482	50.0	1.0000000000000004e-08
489	1	1465	0.7085983753204346	68.0	1.0000000000000004e-08
489	2	1466	0.6941056847572327	66.0	1.0000000000000004e-08
489	3	1467	0.8143814206123352	40.0	1.0000000000000004e-08
490	1	1468	0.7190563678741455	64.0	1.0000000000000004e-08
490	2	1469	0.7216766476631165	70.0	1.0000000000000004e-08
490	3	1470	0.600912868976593	70.0	1.0000000000000004e-08
491	1	1471	0.7198330760002136	64.0	1.0000000000000004e-08
491	2	1472	0.6735090017318726	78.0	1.0000000000000004e-08
491	3	1473	0.905514121055603	65.0	1.0000000000000004e-08
492	1	1474	0.789080023765564	62.0	1.0000000000000004e-08
492	2	1475	0.7000351548194885	74.0	1.0000000000000004e-08
492	3	1476	0.6440404653549194	65.0	1.0000000000000004e-08
493	1	1477	0.8348268866539001	52.0	1.0000000000000004e-08
493	2	1478	0.6539753675460815	68.0	1.0000000000000004e-08
493	3	1479	0.6510434150695801	70.0	1.0000000000000004e-08
494	1	1480	0.7368389964103699	64.0	1.0000000000000004e-08
494	2	1481	0.6647645831108093	68.0	1.0000000000000004e-08
494	3	1482	0.8407443165779114	60.0	1.0000000000000004e-08
495	1	1483	0.7596138119697571	68.0	1.0000000000000004e-08
495	2	1484	0.7703360915184021	62.0	1.0000000000000004e-08
495	3	1485	0.5856072306632996	75.0	1.0000000000000004e-08
496	1	1486	0.7647351622581482	60.0	1.0000000000000004e-08
496	2	1487	0.6783972978591919	64.0	1.0000000000000004e-08
496	3	1488	0.6706079244613647	65.0	1.0000000000000004e-08
497	1	1489	0.7606039643287659	66.0	1.0000000000000004e-08
497	2	1490	0.6405209302902222	70.0	1.0000000000000004e-08
497	3	1491	0.9810959100723267	35.0	1.0000000000000004e-08
498	1	1492	0.6042757630348206	76.0	1.0000000000000004e-08
498	2	1493	0.7958099246025085	66.0	1.0000000000000004e-08
498	3	1494	0.7735080718994141	60.0	1.0000000000000004e-08
499	1	1495	0.779521644115448	66.0	1.0000000000000004e-08
499	2	1496	0.7380052208900452	68.0	1.0000000000000004e-08
499	3	1497	0.588464617729187	75.0	1.0000000000000004e-08
500	1	1498	0.7715640068054199	66.0	1.0000000000000004e-08
500	2	1499	0.6567055583000183	74.0	1.0000000000000004e-08
500	3	1500	0.750173032283783	60.0	1.0000000000000004e-08
