epoch	batch	iter	loss	acc	lr
1	1	1	1.7824041843414307	12.0	1e-06
1	2	2	1.847174882888794	16.0	1e-06
1	3	3	1.7495677471160889	50.0	1e-06
2	1	4	1.824720859527588	14.0	1e-06
2	2	5	1.8071686029434204	10.0	1e-06
2	3	6	1.870520830154419	50.0	1e-06
3	1	7	1.8000259399414062	14.0	1e-06
3	2	8	1.804807186126709	10.0	1e-06
3	3	9	1.8125898838043213	50.0	1e-06
4	1	10	1.8009780645370483	14.0	1e-06
4	2	11	1.8008650541305542	10.0	1e-06
4	3	12	1.9582351446151733	0.0	1e-06
5	1	13	1.8176301717758179	16.0	1e-06
5	2	14	1.7819730043411255	16.0	1e-06
5	3	15	1.7841875553131104	0.0	1e-06
6	1	16	1.7717763185501099	18.0	1e-06
6	2	17	1.8010298013687134	12.0	1e-06
6	3	18	1.6594130992889404	50.0	1e-06
7	1	19	1.7617703676223755	22.0	1e-06
7	2	20	1.809745192527771	10.0	1e-06
7	3	21	1.9559789896011353	0.0	1e-06
8	1	22	1.811545729637146	10.0	1e-06
8	2	23	1.7667503356933594	24.0	1e-06
8	3	24	1.7288365364074707	50.0	1e-06
9	1	25	1.7924587726593018	12.0	1e-06
9	2	26	1.7799264192581177	22.0	1e-06
9	3	27	1.7159521579742432	50.0	1e-06
10	1	28	1.764674425125122	18.0	1e-06
10	2	29	1.7516348361968994	28.0	1e-06
10	3	30	1.875907063484192	0.0	1e-06
11	1	31	1.792381763458252	16.0	1e-06
11	2	32	1.7484110593795776	22.0	1e-06
11	3	33	1.8032420873641968	0.0	1e-06
12	1	34	1.760727047920227	20.0	1e-06
12	2	35	1.7620744705200195	26.0	1e-06
12	3	36	1.577203392982483	100.0	1e-06
13	1	37	1.78019380569458	22.0	1e-06
13	2	38	1.748153805732727	22.0	1e-06
13	3	39	1.5740172863006592	50.0	1e-06
14	1	40	1.7389863729476929	28.0	1e-06
14	2	41	1.7932074069976807	16.0	1e-06
14	3	42	1.7935371398925781	0.0	1e-06
15	1	43	1.7345657348632812	24.0	1e-06
15	2	44	1.7828232049942017	18.0	1e-06
15	3	45	1.9139995574951172	0.0	1e-06
16	1	46	1.741732120513916	24.0	1e-06
16	2	47	1.7173560857772827	32.0	1e-06
16	3	48	1.8991888761520386	0.0	1e-06
17	1	49	1.7739508152008057	30.0	1e-06
17	2	50	1.740990400314331	28.0	1e-06
17	3	51	1.7123318910598755	0.0	1e-06
18	1	52	1.747514247894287	34.0	1e-06
18	2	53	1.7155494689941406	20.0	1e-06
18	3	54	1.9807795286178589	0.0	1e-06
19	1	55	1.801604151725769	24.0	1e-06
19	2	56	1.718783974647522	30.0	1e-06
19	3	57	1.5913400650024414	50.0	1e-06
20	1	58	1.7368745803833008	26.0	1e-06
20	2	59	1.7248667478561401	38.0	1e-06
20	3	60	1.82271409034729	0.0	1e-06
21	1	61	1.7057996988296509	28.0	1e-06
21	2	62	1.7408474683761597	30.0	1e-06
21	3	63	1.7412192821502686	50.0	1e-06
22	1	64	1.7532817125320435	24.0	1e-06
22	2	65	1.7067351341247559	32.0	1e-06
22	3	66	1.611956238746643	50.0	1e-06
23	1	67	1.7215787172317505	38.0	1e-06
23	2	68	1.7671122550964355	26.0	1e-06
23	3	69	1.8534271717071533	0.0	1e-06
24	1	70	1.6934083700180054	34.0	1e-06
24	2	71	1.7768032550811768	18.0	1e-06
24	3	72	1.5672247409820557	100.0	1e-06
25	1	73	1.7047902345657349	30.0	1e-06
25	2	74	1.70334792137146	34.0	1e-06
25	3	75	1.766816258430481	50.0	1e-06
26	1	76	1.6891957521438599	34.0	1e-06
26	2	77	1.7429884672164917	32.0	1e-06
26	3	78	1.709223985671997	0.0	1e-06
27	1	79	1.7387022972106934	30.0	1e-06
27	2	80	1.6996630430221558	32.0	1e-06
27	3	81	1.9043198823928833	0.0	1e-06
28	1	82	1.7384320497512817	24.0	1e-06
28	2	83	1.6696723699569702	44.0	1e-06
28	3	84	1.7208036184310913	50.0	1e-06
29	1	85	1.7204959392547607	30.0	1e-06
29	2	86	1.7017441987991333	24.0	1e-06
29	3	87	1.695198655128479	50.0	1e-06
30	1	88	1.6808029413223267	32.0	1e-06
30	2	89	1.7132115364074707	34.0	1e-06
30	3	90	1.9834550619125366	0.0	1e-06
31	1	91	1.7361407279968262	34.0	1e-06
31	2	92	1.6809026002883911	30.0	1e-06
31	3	93	1.516308307647705	50.0	1e-06
32	1	94	1.6641193628311157	30.0	1e-06
32	2	95	1.6987903118133545	32.0	1e-06
32	3	96	1.870808482170105	0.0	1e-06
33	1	97	1.6914305686950684	34.0	1e-06
33	2	98	1.672048807144165	36.0	1e-06
33	3	99	1.7284736633300781	50.0	1e-06
34	1	100	1.7079553604125977	30.0	1e-06
34	2	101	1.6709669828414917	32.0	1e-06
34	3	102	1.6804964542388916	0.0	1e-06
35	1	103	1.6502957344055176	32.0	1e-06
35	2	104	1.6838617324829102	36.0	1e-06
35	3	105	1.7729887962341309	0.0	1e-06
36	1	106	1.6557998657226562	36.0	1e-06
36	2	107	1.701939344406128	34.0	1e-06
36	3	108	1.959423303604126	0.0	1e-06
37	1	109	1.6821839809417725	16.0	1e-06
37	2	110	1.6727830171585083	38.0	1e-06
37	3	111	1.7829474210739136	50.0	1e-06
38	1	112	1.7279783487319946	18.0	1e-06
38	2	113	1.6583349704742432	32.0	1e-06
38	3	114	1.689976692199707	50.0	1e-06
39	1	115	1.6826825141906738	30.0	1e-06
39	2	116	1.6520254611968994	36.0	1e-06
39	3	117	1.7580537796020508	0.0	1e-06
40	1	118	1.689785361289978	30.0	1e-06
40	2	119	1.6376595497131348	42.0	1e-06
40	3	120	1.9003177881240845	0.0	1e-06
41	1	121	1.639206886291504	30.0	1e-06
41	2	122	1.6868808269500732	32.0	1e-06
41	3	123	1.6715641021728516	50.0	1e-06
42	1	124	1.6664526462554932	36.0	1e-06
42	2	125	1.6480578184127808	34.0	1e-06
42	3	126	1.766141653060913	0.0	1e-06
43	1	127	1.695426344871521	34.0	1e-06
43	2	128	1.6385265588760376	28.0	1e-06
43	3	129	1.9779653549194336	0.0	1e-06
44	1	130	1.6522727012634277	36.0	1e-06
44	2	131	1.7040557861328125	30.0	1e-06
44	3	132	1.692965030670166	0.0	1e-06
45	1	133	1.7132580280303955	32.0	1e-06
45	2	134	1.6048986911773682	38.0	1e-06
45	3	135	1.745000958442688	50.0	1e-06
46	1	136	1.6370469331741333	36.0	1e-06
46	2	137	1.6720770597457886	24.0	1e-06
46	3	138	1.5263656377792358	100.0	1e-06
47	1	139	1.6595286130905151	30.0	1e-06
47	2	140	1.6962826251983643	32.0	1e-06
47	3	141	1.6216890811920166	50.0	1e-06
48	1	142	1.6572436094284058	36.0	1e-06
48	2	143	1.6663061380386353	24.0	1e-06
48	3	144	1.708768367767334	0.0	1e-06
49	1	145	1.6855140924453735	20.0	1e-06
49	2	146	1.597729206085205	34.0	1e-06
49	3	147	1.8898237943649292	0.0	1e-06
50	1	148	1.6586271524429321	32.0	1e-06
50	2	149	1.6504284143447876	34.0	1e-06
50	3	150	1.7765097618103027	0.0	1e-06
51	1	151	1.6401945352554321	28.0	1e-06
51	2	152	1.6823582649230957	34.0	1e-06
51	3	153	1.4720263481140137	0.0	1e-06
52	1	154	1.6452751159667969	32.0	1e-06
52	2	155	1.6492080688476562	28.0	1e-06
52	3	156	1.4569196701049805	100.0	1e-06
53	1	157	1.5784434080123901	36.0	1e-06
53	2	158	1.6679476499557495	22.0	1e-06
53	3	159	2.011436939239502	0.0	1e-06
54	1	160	1.6238118410110474	32.0	1e-06
54	2	161	1.6421781778335571	38.0	1e-06
54	3	162	1.530794620513916	100.0	1e-06
55	1	163	1.6568324565887451	28.0	1e-06
55	2	164	1.6406729221343994	34.0	1e-06
55	3	165	1.5117461681365967	50.0	1e-06
56	1	166	1.6366320848464966	36.0	1e-06
56	2	167	1.6214442253112793	36.0	1e-06
56	3	168	1.5439958572387695	50.0	1e-06
57	1	169	1.6190438270568848	36.0	1e-06
57	2	170	1.6078534126281738	36.0	1e-06
57	3	171	1.8319288492202759	0.0	1e-06
58	1	172	1.6349613666534424	30.0	1e-06
58	2	173	1.6179813146591187	28.0	1e-06
58	3	174	1.8566077947616577	50.0	1e-06
59	1	175	1.6387877464294434	26.0	1e-06
59	2	176	1.6288542747497559	44.0	1e-06
59	3	177	1.5776522159576416	50.0	1e-06
60	1	178	1.6084126234054565	36.0	1e-06
60	2	179	1.5985267162322998	42.0	1e-06
60	3	180	1.7763570547103882	0.0	1e-06
61	1	181	1.6441837549209595	28.0	1e-06
61	2	182	1.602385401725769	42.0	1e-06
61	3	183	1.5848886966705322	0.0	1e-06
62	1	184	1.608628749847412	40.0	1e-06
62	2	185	1.568092942237854	42.0	1e-06
62	3	186	1.840253233909607	0.0	1e-06
63	1	187	1.6354435682296753	26.0	1e-06
63	2	188	1.650172233581543	28.0	1e-06
63	3	189	1.7936077117919922	50.0	1e-06
64	1	190	1.6342843770980835	36.0	1e-06
64	2	191	1.6150223016738892	34.0	1e-06
64	3	192	1.4764995574951172	100.0	1e-06
65	1	193	1.5797282457351685	32.0	1e-06
65	2	194	1.6219124794006348	42.0	1e-06
65	3	195	1.768496036529541	0.0	1e-06
66	1	196	1.5825763940811157	36.0	1e-06
66	2	197	1.6297407150268555	30.0	1e-06
66	3	198	1.548797607421875	50.0	1e-06
67	1	199	1.5510870218276978	50.0	1e-06
67	2	200	1.6014256477355957	30.0	1e-06
67	3	201	1.740250825881958	0.0	1e-06
68	1	202	1.5489147901535034	44.0	1e-06
68	2	203	1.6158273220062256	28.0	1e-06
68	3	204	1.8261399269104004	0.0	1e-06
69	1	205	1.619584083557129	42.0	1e-06
69	2	206	1.596073031425476	28.0	1e-06
69	3	207	1.4778637886047363	100.0	1e-06
70	1	208	1.6111869812011719	34.0	1e-06
70	2	209	1.586419701576233	34.0	1e-06
70	3	210	1.6228564977645874	100.0	1e-06
71	1	211	1.5780012607574463	30.0	1e-06
71	2	212	1.5695364475250244	32.0	1e-06
71	3	213	1.952601432800293	0.0	1e-06
72	1	214	1.5681082010269165	48.0	1e-06
72	2	215	1.6669217348098755	28.0	1e-06
72	3	216	1.766946792602539	0.0	1e-06
73	1	217	1.5626758337020874	38.0	1e-06
73	2	218	1.5722671747207642	38.0	1e-06
73	3	219	1.965989351272583	0.0	1e-06
74	1	220	1.6151390075683594	36.0	1e-06
74	2	221	1.5696284770965576	32.0	1e-06
74	3	222	1.7996752262115479	50.0	1e-06
75	1	223	1.626271367073059	32.0	1e-06
75	2	224	1.5628573894500732	38.0	1e-06
75	3	225	1.6696934700012207	50.0	1e-06
76	1	226	1.6017334461212158	32.0	1e-06
76	2	227	1.587843656539917	40.0	1e-06
76	3	228	1.8885058164596558	0.0	1e-06
77	1	229	1.5551490783691406	36.0	1e-06
77	2	230	1.5845999717712402	38.0	1e-06
77	3	231	1.708186149597168	0.0	1e-06
78	1	232	1.6081137657165527	30.0	1e-06
78	2	233	1.5712321996688843	44.0	1e-06
78	3	234	1.5405538082122803	0.0	1e-06
79	1	235	1.539829134941101	40.0	1e-06
79	2	236	1.570988655090332	34.0	1e-06
79	3	237	1.7431702613830566	0.0	1e-06
80	1	238	1.587276577949524	30.0	1e-06
80	2	239	1.4882481098175049	48.0	1e-06
80	3	240	1.7545123100280762	0.0	1e-06
81	1	241	1.590352177619934	42.0	1e-06
81	2	242	1.573088526725769	34.0	1e-06
81	3	243	1.7780842781066895	0.0	1e-06
82	1	244	1.5396385192871094	38.0	1e-06
82	2	245	1.5236010551452637	42.0	1e-06
82	3	246	1.7884082794189453	0.0	1e-06
83	1	247	1.5627938508987427	42.0	1e-06
83	2	248	1.5758460760116577	38.0	1e-06
83	3	249	1.9331622123718262	50.0	1e-06
84	1	250	1.5301822423934937	34.0	1e-06
84	2	251	1.52726411819458	48.0	1e-06
84	3	252	1.564507007598877	0.0	1e-06
85	1	253	1.5590707063674927	40.0	1e-06
85	2	254	1.5378717184066772	34.0	1e-06
85	3	255	1.6144566535949707	50.0	1e-06
86	1	256	1.6155648231506348	28.0	1e-06
86	2	257	1.5067269802093506	42.0	1e-06
86	3	258	1.3833074569702148	50.0	1e-06
87	1	259	1.5498946905136108	38.0	1e-06
87	2	260	1.5349664688110352	44.0	1e-06
87	3	261	1.5672123432159424	50.0	1e-06
88	1	262	1.5472970008850098	34.0	1e-06
88	2	263	1.562934160232544	36.0	1e-06
88	3	264	1.682611107826233	0.0	1e-06
89	1	265	1.576662540435791	36.0	1e-06
89	2	266	1.5394912958145142	44.0	1e-06
89	3	267	1.8882145881652832	0.0	1e-06
90	1	268	1.5381574630737305	40.0	1e-06
90	2	269	1.610751986503601	34.0	1e-06
90	3	270	1.8332576751708984	0.0	1e-06
91	1	271	1.5398972034454346	32.0	1e-06
91	2	272	1.524159550666809	48.0	1e-06
91	3	273	1.6228564977645874	0.0	1e-06
92	1	274	1.6408567428588867	36.0	1e-06
92	2	275	1.4827401638031006	40.0	1e-06
92	3	276	1.5174610614776611	0.0	1e-06
93	1	277	1.5033540725708008	36.0	1e-06
93	2	278	1.5434050559997559	38.0	1e-06
93	3	279	1.8996827602386475	50.0	1e-06
94	1	280	1.5032316446304321	36.0	1e-06
94	2	281	1.494113564491272	48.0	1e-06
94	3	282	1.6959490776062012	0.0	1e-06
95	1	283	1.519951581954956	42.0	1e-06
95	2	284	1.5467133522033691	42.0	1e-06
95	3	285	1.769446611404419	50.0	1e-06
96	1	286	1.5261273384094238	46.0	1e-06
96	2	287	1.508721947669983	40.0	1e-06
96	3	288	1.8415319919586182	0.0	1e-06
97	1	289	1.5416319370269775	32.0	1e-06
97	2	290	1.4725990295410156	54.0	1e-06
97	3	291	1.5660440921783447	50.0	1e-06
98	1	292	1.5184420347213745	42.0	1e-06
98	2	293	1.5560433864593506	34.0	1e-06
98	3	294	1.8510808944702148	50.0	1e-06
99	1	295	1.5329198837280273	42.0	1e-06
99	2	296	1.5226082801818848	36.0	1e-06
99	3	297	1.4399526119232178	50.0	1e-06
100	1	298	1.4596660137176514	46.0	1e-06
100	2	299	1.535056710243225	44.0	1e-06
100	3	300	1.647083044052124	50.0	1e-06
101	1	301	1.516621708869934	48.0	1e-06
101	2	302	1.5059831142425537	46.0	1e-06
101	3	303	1.5105897188186646	0.0	1e-06
102	1	304	1.4569580554962158	48.0	1e-06
102	2	305	1.5593626499176025	34.0	1e-06
102	3	306	1.7056324481964111	0.0	1e-06
103	1	307	1.5523091554641724	36.0	1e-06
103	2	308	1.485640048980713	48.0	1e-06
103	3	309	1.7808245420455933	50.0	1e-06
104	1	310	1.5065356492996216	44.0	1e-06
104	2	311	1.4903476238250732	46.0	1e-06
104	3	312	1.7150774002075195	50.0	1e-06
105	1	313	1.453599452972412	52.0	1e-06
105	2	314	1.5157198905944824	36.0	1e-06
105	3	315	1.912297010421753	0.0	1e-06
106	1	316	1.5357191562652588	38.0	1e-06
106	2	317	1.4886223077774048	50.0	1e-06
106	3	318	1.7359652519226074	0.0	1e-06
107	1	319	1.487648606300354	44.0	1e-06
107	2	320	1.4396488666534424	42.0	1e-06
107	3	321	1.471653938293457	0.0	1e-06
108	1	322	1.4403094053268433	36.0	1e-06
108	2	323	1.5305763483047485	44.0	1e-06
108	3	324	1.8633619546890259	0.0	1e-06
109	1	325	1.5379464626312256	34.0	1e-06
109	2	326	1.4805511236190796	48.0	1e-06
109	3	327	1.738884687423706	50.0	1e-06
110	1	328	1.5323001146316528	34.0	1e-06
110	2	329	1.548580527305603	42.0	1e-06
110	3	330	1.750046730041504	0.0	1e-06
111	1	331	1.4955366849899292	46.0	1e-06
111	2	332	1.4711781740188599	40.0	1e-06
111	3	333	1.6634265184402466	50.0	1e-06
112	1	334	1.4878430366516113	34.0	1e-06
112	2	335	1.486649513244629	54.0	1e-06
112	3	336	1.8075084686279297	0.0	1e-06
113	1	337	1.4736615419387817	52.0	1e-06
113	2	338	1.4619046449661255	34.0	1e-06
113	3	339	1.4398009777069092	50.0	1e-06
114	1	340	1.4980446100234985	46.0	1e-06
114	2	341	1.476560115814209	42.0	1e-06
114	3	342	1.4500324726104736	0.0	1e-06
115	1	343	1.5134117603302002	48.0	1e-06
115	2	344	1.4552885293960571	46.0	1e-06
115	3	345	1.385686993598938	50.0	1e-06
116	1	346	1.4408224821090698	50.0	1e-06
116	2	347	1.563200831413269	40.0	1e-06
116	3	348	1.8413165807724	50.0	1e-06
117	1	349	1.513113260269165	40.0	1e-06
117	2	350	1.4324960708618164	54.0	1e-06
117	3	351	1.5111920833587646	0.0	1e-06
118	1	352	1.5273780822753906	44.0	1e-06
118	2	353	1.405617117881775	48.0	1e-06
118	3	354	1.8338196277618408	0.0	1e-06
119	1	355	1.4841519594192505	52.0	1e-06
119	2	356	1.4991979598999023	44.0	1e-06
119	3	357	1.8731367588043213	0.0	1e-06
120	1	358	1.471211552619934	40.0	1e-06
120	2	359	1.5117144584655762	48.0	1e-06
120	3	360	1.814276933670044	50.0	1e-06
121	1	361	1.4812513589859009	48.0	1e-06
121	2	362	1.481508493423462	38.0	1e-06
121	3	363	1.9295928478240967	0.0	1e-06
122	1	364	1.4654922485351562	44.0	1e-06
122	2	365	1.4093542098999023	48.0	1e-06
122	3	366	1.8602575063705444	50.0	1e-06
123	1	367	1.4623847007751465	44.0	1e-06
123	2	368	1.4241857528686523	52.0	1e-06
123	3	369	1.8320120573043823	0.0	1e-06
124	1	370	1.565324306488037	32.0	1e-06
124	2	371	1.4551090002059937	40.0	1e-06
124	3	372	1.5288991928100586	50.0	1e-06
125	1	373	1.4918121099472046	42.0	1e-06
125	2	374	1.4932785034179688	38.0	1e-06
125	3	375	1.8003238439559937	0.0	1e-06
126	1	376	1.4119555950164795	50.0	1e-06
126	2	377	1.4836421012878418	34.0	1e-06
126	3	378	1.6967750787734985	0.0	1e-06
127	1	379	1.4765704870224	44.0	1e-06
127	2	380	1.4849287271499634	32.0	1e-06
127	3	381	1.5992531776428223	100.0	1e-06
128	1	382	1.447439432144165	52.0	1e-06
128	2	383	1.4300051927566528	42.0	1e-06
128	3	384	1.8425076007843018	0.0	1e-06
129	1	385	1.4411380290985107	46.0	1e-06
129	2	386	1.4883058071136475	44.0	1e-06
129	3	387	1.8431413173675537	0.0	1e-06
130	1	388	1.3842577934265137	42.0	1e-06
130	2	389	1.4922772645950317	48.0	1e-06
130	3	390	1.4655152559280396	0.0	1e-06
131	1	391	1.449595332145691	40.0	1e-06
131	2	392	1.5050617456436157	40.0	1e-06
131	3	393	1.4973537921905518	0.0	1e-06
132	1	394	1.5155709981918335	38.0	1e-06
132	2	395	1.367811918258667	50.0	1e-06
132	3	396	1.7384754419326782	50.0	1e-06
133	1	397	1.4385268688201904	42.0	1e-06
133	2	398	1.4352226257324219	42.0	1e-06
133	3	399	1.8094749450683594	0.0	1e-06
134	1	400	1.439012885093689	50.0	1e-06
134	2	401	1.4162179231643677	46.0	1e-06
134	3	402	1.8837213516235352	0.0	1e-06
135	1	403	1.401962161064148	50.0	1e-06
135	2	404	1.4651744365692139	34.0	1e-06
135	3	405	1.5517181158065796	0.0	1e-06
136	1	406	1.4940404891967773	38.0	1e-06
136	2	407	1.3856425285339355	52.0	1e-06
136	3	408	1.772024393081665	50.0	1e-06
137	1	409	1.4512245655059814	50.0	1e-06
137	2	410	1.442380666732788	48.0	1e-06
137	3	411	1.6759077310562134	0.0	1e-06
138	1	412	1.4980775117874146	40.0	1e-06
138	2	413	1.4643638134002686	44.0	1e-06
138	3	414	1.7708301544189453	0.0	1e-06
139	1	415	1.4325757026672363	36.0	1e-06
139	2	416	1.4433157444000244	46.0	1e-06
139	3	417	1.299635410308838	0.0	1e-06
140	1	418	1.3787450790405273	52.0	1e-06
140	2	419	1.4726420640945435	44.0	1e-06
140	3	420	1.343451738357544	50.0	1e-06
141	1	421	1.4479649066925049	40.0	1e-06
141	2	422	1.4667888879776	40.0	1e-06
141	3	423	1.7276027202606201	50.0	1e-06
142	1	424	1.4948114156723022	40.0	1e-06
142	2	425	1.4001141786575317	44.0	1e-06
142	3	426	1.2989414930343628	0.0	1e-06
143	1	427	1.4408843517303467	44.0	1e-06
143	2	428	1.410935878753662	40.0	1e-06
143	3	429	2.1553001403808594	0.0	1e-06
144	1	430	1.4424861669540405	46.0	1e-06
144	2	431	1.3595613241195679	50.0	1e-06
144	3	432	1.6762585639953613	50.0	1e-06
145	1	433	1.4469788074493408	42.0	1e-06
145	2	434	1.416944146156311	48.0	1e-06
145	3	435	1.846968650817871	0.0	1e-06
146	1	436	1.4171594381332397	38.0	1e-06
146	2	437	1.4531371593475342	46.0	1e-06
146	3	438	1.897567629814148	0.0	1e-06
147	1	439	1.4535032510757446	48.0	1e-06
147	2	440	1.3864117860794067	46.0	1e-06
147	3	441	1.7095448970794678	50.0	1e-06
148	1	442	1.4417719841003418	46.0	1e-06
148	2	443	1.379737377166748	46.0	1e-06
148	3	444	1.6959726810455322	50.0	1e-06
149	1	445	1.4675260782241821	52.0	1e-06
149	2	446	1.399531602859497	38.0	1e-06
149	3	447	1.8366841077804565	0.0	1e-06
150	1	448	1.3950897455215454	54.0	1e-06
150	2	449	1.4316328763961792	48.0	1e-06
150	3	450	1.7693381309509277	50.0	1e-06
151	1	451	1.4205944538116455	44.0	1e-06
151	2	452	1.4705383777618408	46.0	1e-06
151	3	453	1.231806755065918	100.0	1e-06
152	1	454	1.397140383720398	40.0	1e-06
152	2	455	1.3581820726394653	52.0	1e-06
152	3	456	1.429422378540039	0.0	1e-06
153	1	457	1.4223909378051758	52.0	1e-06
153	2	458	1.449639916419983	46.0	1e-06
153	3	459	1.6963915824890137	0.0	1e-06
154	1	460	1.3734655380249023	42.0	1e-06
154	2	461	1.3890987634658813	52.0	1e-06
154	3	462	1.6359350681304932	50.0	1e-06
155	1	463	1.3473538160324097	58.0	1e-06
155	2	464	1.4787163734436035	38.0	1e-06
155	3	465	1.721177101135254	0.0	1e-06
156	1	466	1.4381519556045532	40.0	1e-06
156	2	467	1.3650927543640137	50.0	1e-06
156	3	468	1.5693638324737549	50.0	1e-06
157	1	469	1.4530668258666992	42.0	1e-06
157	2	470	1.3592920303344727	54.0	1e-06
157	3	471	1.788894772529602	50.0	1e-06
158	1	472	1.3873581886291504	58.0	1e-06
158	2	473	1.3949203491210938	38.0	1e-06
158	3	474	1.44901442527771	0.0	1e-06
159	1	475	1.3473429679870605	50.0	1e-06
159	2	476	1.4308466911315918	40.0	1e-06
159	3	477	1.595348596572876	0.0	1e-06
160	1	478	1.4241901636123657	46.0	1e-06
160	2	479	1.4112643003463745	48.0	1e-06
160	3	480	1.9359891414642334	0.0	1e-06
161	1	481	1.3963888883590698	52.0	1e-06
161	2	482	1.359533667564392	46.0	1e-06
161	3	483	1.7112443447113037	50.0	1e-06
162	1	484	1.359023928642273	50.0	1e-06
162	2	485	1.4798760414123535	42.0	1e-06
162	3	486	1.7865049839019775	0.0	1e-06
163	1	487	1.4264088869094849	42.0	1e-06
163	2	488	1.3940517902374268	50.0	1e-06
163	3	489	1.7559046745300293	0.0	1e-06
164	1	490	1.4435821771621704	44.0	1e-06
164	2	491	1.3683055639266968	56.0	1e-06
164	3	492	1.7781113386154175	0.0	1e-06
165	1	493	1.3436535596847534	60.0	1e-06
165	2	494	1.4394241571426392	38.0	1e-06
165	3	495	1.6933541297912598	0.0	1e-06
166	1	496	1.4061964750289917	46.0	1e-06
166	2	497	1.3799853324890137	48.0	1e-06
166	3	498	1.4782772064208984	0.0	1e-06
167	1	499	1.3735389709472656	42.0	1e-06
167	2	500	1.3950539827346802	48.0	1e-06
167	3	501	1.2619363069534302	100.0	1e-06
168	1	502	1.452765703201294	42.0	1e-06
168	2	503	1.3813782930374146	42.0	1e-06
168	3	504	1.3955528736114502	0.0	1e-06
169	1	505	1.4160369634628296	38.0	1e-06
169	2	506	1.3437107801437378	50.0	1e-06
169	3	507	1.6579804420471191	50.0	1e-06
170	1	508	1.3500175476074219	52.0	1e-06
170	2	509	1.384260892868042	44.0	1e-06
170	3	510	1.399619698524475	0.0	1e-06
171	1	511	1.37187922000885	44.0	1e-06
171	2	512	1.4151203632354736	50.0	1e-06
171	3	513	1.9524216651916504	0.0	1e-06
172	1	514	1.3944326639175415	50.0	1e-06
172	2	515	1.3611648082733154	48.0	1e-06
172	3	516	1.9548208713531494	0.0	1e-06
173	1	517	1.3367369174957275	40.0	1e-06
173	2	518	1.3176205158233643	46.0	1e-06
173	3	519	1.7179548740386963	50.0	1e-06
174	1	520	1.400028109550476	48.0	1e-06
174	2	521	1.4347872734069824	48.0	1e-06
174	3	522	1.2695937156677246	50.0	1e-06
175	1	523	1.3825163841247559	42.0	1e-06
175	2	524	1.3374360799789429	52.0	1e-06
175	3	525	1.2589609622955322	50.0	1e-06
176	1	526	1.3946080207824707	48.0	1e-06
176	2	527	1.3704570531845093	48.0	1e-06
176	3	528	1.8452444076538086	0.0	1e-06
177	1	529	1.3706141710281372	50.0	1e-06
177	2	530	1.389437198638916	44.0	1e-06
177	3	531	1.3144609928131104	50.0	1e-06
178	1	532	1.3533875942230225	48.0	1e-06
178	2	533	1.3676437139511108	56.0	1e-06
178	3	534	1.5201845169067383	0.0	1e-06
179	1	535	1.4601750373840332	40.0	1e-06
179	2	536	1.3128046989440918	56.0	1e-06
179	3	537	1.4774643182754517	100.0	1e-06
180	1	538	1.3927018642425537	50.0	1e-06
180	2	539	1.345263957977295	44.0	1e-06
180	3	540	1.6293926239013672	0.0	1e-06
181	1	541	1.3637793064117432	58.0	1e-06
181	2	542	1.4295835494995117	42.0	1e-06
181	3	543	1.5153937339782715	50.0	1e-06
182	1	544	1.3649581670761108	44.0	1e-06
182	2	545	1.3328857421875	40.0	1e-06
182	3	546	1.2116732597351074	100.0	1e-06
183	1	547	1.3729771375656128	40.0	1e-06
183	2	548	1.3744474649429321	48.0	1e-06
183	3	549	1.5579683780670166	50.0	1e-06
184	1	550	1.320431113243103	44.0	1e-06
184	2	551	1.3582780361175537	62.0	1e-06
184	3	552	1.3324919939041138	50.0	1e-06
185	1	553	1.47477126121521	44.0	1e-06
185	2	554	1.3515946865081787	48.0	1e-06
185	3	555	1.5109566450119019	0.0	1e-06
186	1	556	1.3288804292678833	50.0	1e-06
186	2	557	1.3540947437286377	50.0	1e-06
186	3	558	1.4569379091262817	100.0	1e-06
187	1	559	1.3519178628921509	52.0	1e-06
187	2	560	1.400467872619629	44.0	1e-06
187	3	561	1.2257004976272583	100.0	1e-06
188	1	562	1.3845247030258179	56.0	1e-06
188	2	563	1.4289895296096802	42.0	1e-06
188	3	564	1.8163288831710815	50.0	1e-06
189	1	565	1.2760403156280518	60.0	1e-06
189	2	566	1.3764622211456299	46.0	1e-06
189	3	567	1.6487860679626465	0.0	1e-06
190	1	568	1.4280476570129395	44.0	1e-06
190	2	569	1.3659776449203491	40.0	1e-06
190	3	570	1.391401767730713	100.0	1e-06
191	1	571	1.364262580871582	46.0	1e-06
191	2	572	1.318173885345459	50.0	1e-06
191	3	573	1.9014947414398193	50.0	1e-06
192	1	574	1.3947818279266357	44.0	1e-06
192	2	575	1.3496438264846802	46.0	1e-06
192	3	576	1.8146635293960571	50.0	1e-06
193	1	577	1.324568748474121	44.0	1e-06
193	2	578	1.335211992263794	54.0	1e-06
193	3	579	1.2498376369476318	100.0	1e-06
194	1	580	1.3373091220855713	40.0	1e-06
194	2	581	1.2962028980255127	60.0	1e-06
194	3	582	1.5789062976837158	100.0	1e-06
195	1	583	1.332149624824524	58.0	1e-06
195	2	584	1.320949912071228	46.0	1e-06
195	3	585	1.4096803665161133	50.0	1e-06
196	1	586	1.2673442363739014	60.0	1e-06
196	2	587	1.4336317777633667	40.0	1e-06
196	3	588	1.3462876081466675	0.0	1e-06
197	1	589	1.3568217754364014	44.0	1e-06
197	2	590	1.4090358018875122	38.0	1e-06
197	3	591	1.4577853679656982	100.0	1e-06
198	1	592	1.3348861932754517	44.0	1e-06
198	2	593	1.3343793153762817	54.0	1e-06
198	3	594	1.385913610458374	50.0	1e-06
199	1	595	1.3798491954803467	46.0	1e-06
199	2	596	1.3473793268203735	50.0	1e-06
199	3	597	1.7410831451416016	0.0	1e-06
200	1	598	1.3130650520324707	56.0	1e-06
200	2	599	1.3599557876586914	48.0	1e-06
200	3	600	1.5693397521972656	50.0	1e-06
201	1	601	1.283761739730835	44.0	1e-06
201	2	602	1.3555008172988892	60.0	1e-06
201	3	603	1.5588823556900024	50.0	1e-06
202	1	604	1.345455288887024	48.0	1e-06
202	2	605	1.419680118560791	34.0	1e-06
202	3	606	1.1636853218078613	50.0	1e-06
203	1	607	1.3155295848846436	40.0	1e-06
203	2	608	1.2682470083236694	58.0	1e-06
203	3	609	2.0361430644989014	0.0	1e-06
204	1	610	1.3114982843399048	46.0	1e-06
204	2	611	1.3253943920135498	40.0	1e-06
204	3	612	1.5110241174697876	50.0	1e-06
205	1	613	1.3004252910614014	52.0	1e-06
205	2	614	1.3177229166030884	42.0	1e-06
205	3	615	1.9084186553955078	50.0	1e-06
206	1	616	1.3277597427368164	56.0	1e-06
206	2	617	1.3495193719863892	38.0	1e-06
206	3	618	1.3424549102783203	0.0	1e-06
207	1	619	1.3483343124389648	42.0	1e-06
207	2	620	1.3517510890960693	48.0	1e-06
207	3	621	1.0856348276138306	100.0	1e-06
208	1	622	1.2879339456558228	54.0	1e-06
208	2	623	1.2755070924758911	52.0	1e-06
208	3	624	1.5161738395690918	50.0	1e-06
209	1	625	1.34357488155365	46.0	1e-06
209	2	626	1.381279468536377	44.0	1e-06
209	3	627	1.6435329914093018	50.0	1e-06
210	1	628	1.3284069299697876	52.0	1e-06
210	2	629	1.3028630018234253	46.0	1e-06
210	3	630	1.4008057117462158	50.0	1e-06
211	1	631	1.3350329399108887	44.0	1e-06
211	2	632	1.3645312786102295	46.0	1e-06
211	3	633	1.2636219263076782	50.0	1e-06
212	1	634	1.3053187131881714	42.0	1e-06
212	2	635	1.3599740266799927	46.0	1e-06
212	3	636	1.7015571594238281	50.0	1e-06
213	1	637	1.2710063457489014	50.0	1e-06
213	2	638	1.4035297632217407	38.0	1e-06
213	3	639	1.9620147943496704	0.0	1e-06
214	1	640	1.3535209894180298	48.0	1e-06
214	2	641	1.2954691648483276	44.0	1e-06
214	3	642	1.860884428024292	0.0	1e-06
215	1	643	1.3231685161590576	48.0	1e-06
215	2	644	1.2489418983459473	52.0	1e-06
215	3	645	1.690230369567871	50.0	1e-06
216	1	646	1.297340989112854	52.0	1e-06
216	2	647	1.3225932121276855	40.0	1e-06
216	3	648	1.2760391235351562	50.0	1e-06
217	1	649	1.2628886699676514	44.0	1e-06
217	2	650	1.3036279678344727	52.0	1e-06
217	3	651	1.6482797861099243	0.0	1e-06
218	1	652	1.2761551141738892	48.0	1e-06
218	2	653	1.2108081579208374	52.0	1e-06
218	3	654	1.300124168395996	50.0	1e-06
219	1	655	1.3034669160842896	44.0	1e-06
219	2	656	1.2811110019683838	56.0	1e-06
219	3	657	1.5800143480300903	100.0	1e-06
220	1	658	1.2771004438400269	44.0	1e-06
220	2	659	1.2867130041122437	58.0	1e-06
220	3	660	1.4187798500061035	0.0	1e-06
221	1	661	1.2918848991394043	46.0	1e-06
221	2	662	1.2653589248657227	50.0	1e-06
221	3	663	1.62180757522583	50.0	1e-06
222	1	664	1.3711155652999878	48.0	1e-06
222	2	665	1.2202327251434326	64.0	1e-06
222	3	666	1.110123872756958	50.0	1e-06
223	1	667	1.2645207643508911	54.0	1e-06
223	2	668	1.3161463737487793	42.0	1e-06
223	3	669	1.2397971153259277	0.0	1e-06
224	1	670	1.2359906435012817	58.0	1e-06
224	2	671	1.3380610942840576	46.0	1e-06
224	3	672	1.45651376247406	0.0	1e-06
225	1	673	1.3090966939926147	48.0	1e-06
225	2	674	1.2798272371292114	54.0	1e-06
225	3	675	1.0129040479660034	100.0	1e-06
226	1	676	1.2992781400680542	50.0	1e-06
226	2	677	1.2919732332229614	50.0	1e-06
226	3	678	1.9274274110794067	0.0	1e-06
227	1	679	1.3011020421981812	46.0	1e-06
227	2	680	1.2524040937423706	56.0	1e-06
227	3	681	1.6579066514968872	50.0	1e-06
228	1	682	1.1759045124053955	60.0	1e-06
228	2	683	1.313334345817566	46.0	1e-06
228	3	684	1.631615400314331	50.0	1e-06
229	1	685	1.2381131649017334	56.0	1e-06
229	2	686	1.2850395441055298	52.0	1e-06
229	3	687	1.2532281875610352	0.0	1e-06
230	1	688	1.260013461112976	54.0	1e-06
230	2	689	1.2992007732391357	42.0	1e-06
230	3	690	1.8053159713745117	0.0	1e-06
231	1	691	1.3605815172195435	44.0	1e-06
231	2	692	1.263198733329773	56.0	1e-06
231	3	693	1.3097290992736816	100.0	1e-06
232	1	694	1.2940592765808105	50.0	1e-06
232	2	695	1.302280068397522	48.0	1e-06
232	3	696	1.1198108196258545	50.0	1e-06
233	1	697	1.269303798675537	42.0	1e-06
233	2	698	1.270330786705017	58.0	1e-06
233	3	699	1.5866246223449707	50.0	1e-06
234	1	700	1.215590238571167	52.0	1e-06
234	2	701	1.3303344249725342	44.0	1e-06
234	3	702	1.3875930309295654	50.0	1e-06
235	1	703	1.3120508193969727	52.0	1e-06
235	2	704	1.2625117301940918	52.0	1e-06
235	3	705	1.7397102117538452	0.0	1e-06
236	1	706	1.2651336193084717	50.0	1e-06
236	2	707	1.296525001525879	48.0	1e-06
236	3	708	1.7691441774368286	0.0	1e-06
237	1	709	1.3307723999023438	54.0	1e-06
237	2	710	1.222974419593811	58.0	1e-06
237	3	711	1.7449395656585693	50.0	1e-06
238	1	712	1.1820443868637085	58.0	1e-06
238	2	713	1.2628049850463867	50.0	1e-06
238	3	714	1.2916779518127441	50.0	1e-06
239	1	715	1.2429392337799072	50.0	1e-06
239	2	716	1.2589131593704224	50.0	1e-06
239	3	717	1.6803408861160278	50.0	1e-06
240	1	718	1.3309810161590576	44.0	1e-06
240	2	719	1.2934809923171997	58.0	1e-06
240	3	720	1.2041852474212646	50.0	1e-06
241	1	721	1.2054939270019531	54.0	1e-06
241	2	722	1.2487430572509766	48.0	1e-06
241	3	723	1.666398286819458	0.0	1e-06
242	1	724	1.223865032196045	54.0	1e-06
242	2	725	1.300045132637024	46.0	1e-06
242	3	726	1.4375091791152954	50.0	1e-06
243	1	727	1.2984652519226074	52.0	1e-06
243	2	728	1.1931058168411255	64.0	1e-06
243	3	729	1.8998879194259644	0.0	1e-06
244	1	730	1.206246256828308	56.0	1e-06
244	2	731	1.2704411745071411	46.0	1e-06
244	3	732	1.8053343296051025	0.0	1e-06
245	1	733	1.285891056060791	50.0	1e-06
245	2	734	1.2669559717178345	50.0	1e-06
245	3	735	1.7301621437072754	0.0	1e-06
246	1	736	1.2254059314727783	56.0	1e-06
246	2	737	1.2566415071487427	48.0	1e-06
246	3	738	1.5826457738876343	50.0	1e-06
247	1	739	1.4105861186981201	40.0	1e-06
247	2	740	1.2168612480163574	60.0	1e-06
247	3	741	1.4662842750549316	0.0	1e-06
248	1	742	1.2681186199188232	50.0	1e-06
248	2	743	1.2926967144012451	52.0	1e-06
248	3	744	1.841953992843628	0.0	1e-06
249	1	745	1.250448226928711	70.0	1e-06
249	2	746	1.3217734098434448	44.0	1e-06
249	3	747	1.2558519840240479	50.0	1e-06
250	1	748	1.2089228630065918	52.0	1e-06
250	2	749	1.2718149423599243	62.0	1e-06
250	3	750	1.3148422241210938	50.0	1e-06
251	1	751	1.2706387042999268	42.0	1e-06
251	2	752	1.2622729539871216	66.0	1e-06
251	3	753	1.4517807960510254	100.0	1e-06
252	1	754	1.2576442956924438	42.0	1e-06
252	2	755	1.2238527536392212	58.0	1e-06
252	3	756	1.6380616426467896	50.0	1e-06
253	1	757	1.2302368879318237	52.0	1e-06
253	2	758	1.243849277496338	54.0	1e-06
253	3	759	1.137899398803711	50.0	1e-06
254	1	760	1.246498465538025	48.0	1e-06
254	2	761	1.2206642627716064	64.0	1e-06
254	3	762	1.07857084274292	100.0	1e-06
255	1	763	1.2002921104431152	56.0	1e-06
255	2	764	1.232160210609436	48.0	1e-06
255	3	765	1.6337134838104248	50.0	1e-06
256	1	766	1.2331501245498657	52.0	1e-06
256	2	767	1.226833701133728	48.0	1e-06
256	3	768	1.32572603225708	50.0	1e-06
257	1	769	1.277607798576355	46.0	1e-06
257	2	770	1.2672531604766846	56.0	1e-06
257	3	771	1.328382968902588	100.0	1e-06
258	1	772	1.1805636882781982	54.0	1e-06
258	2	773	1.3129347562789917	48.0	1e-06
258	3	774	1.6154755353927612	50.0	1e-06
259	1	775	1.2403901815414429	50.0	1e-06
259	2	776	1.258847951889038	50.0	1e-06
259	3	777	1.2106802463531494	50.0	1e-06
260	1	778	1.22706937789917	56.0	1e-06
260	2	779	1.225925326347351	50.0	1e-06
260	3	780	1.183610200881958	100.0	1e-06
261	1	781	1.2876051664352417	50.0	1e-06
261	2	782	1.2589422464370728	56.0	1e-06
261	3	783	1.2865047454833984	50.0	1e-06
262	1	784	1.1739882230758667	54.0	1e-06
262	2	785	1.2778325080871582	54.0	1e-06
262	3	786	1.6836929321289062	50.0	1e-06
263	1	787	1.204411506652832	56.0	1e-06
263	2	788	1.2142983675003052	54.0	1e-06
263	3	789	1.7355011701583862	0.0	1e-06
264	1	790	1.167445182800293	60.0	1e-06
264	2	791	1.2417317628860474	48.0	1e-06
264	3	792	1.483896017074585	50.0	1e-06
265	1	793	1.2543967962265015	58.0	1e-06
265	2	794	1.2598212957382202	48.0	1e-06
265	3	795	1.7424309253692627	50.0	1e-06
266	1	796	1.2088180780410767	60.0	1e-06
266	2	797	1.2558069229125977	52.0	1e-06
266	3	798	1.697100281715393	50.0	1e-06
267	1	799	1.2626781463623047	44.0	1e-06
267	2	800	1.2191954851150513	52.0	1e-06
267	3	801	1.3174262046813965	0.0	1e-06
268	1	802	1.2010254859924316	62.0	1e-06
268	2	803	1.2143406867980957	50.0	1e-06
268	3	804	1.6638015508651733	50.0	1e-06
269	1	805	1.241803765296936	42.0	1e-06
269	2	806	1.2431087493896484	58.0	1e-06
269	3	807	1.5653045177459717	0.0	1e-06
270	1	808	1.270146131515503	50.0	1e-06
270	2	809	1.2575005292892456	46.0	1e-06
270	3	810	1.164466142654419	0.0	1e-06
271	1	811	1.1298495531082153	66.0	1e-06
271	2	812	1.3235780000686646	40.0	1e-06
271	3	813	1.2572295665740967	50.0	1e-06
272	1	814	1.222777009010315	46.0	1e-06
272	2	815	1.195471167564392	70.0	1e-06
272	3	816	1.7895631790161133	0.0	1e-06
273	1	817	1.1727615594863892	54.0	1e-06
273	2	818	1.2305018901824951	56.0	1e-06
273	3	819	1.4252886772155762	100.0	1e-06
274	1	820	1.2385129928588867	60.0	1e-06
274	2	821	1.1863279342651367	48.0	1e-06
274	3	822	1.864488959312439	50.0	1e-06
275	1	823	1.2490508556365967	52.0	1e-06
275	2	824	1.2690156698226929	46.0	1e-06
275	3	825	1.4878990650177002	50.0	1e-06
276	1	826	1.2911174297332764	58.0	1e-06
276	2	827	1.1914077997207642	56.0	1e-06
276	3	828	1.9512193202972412	0.0	1e-06
277	1	829	1.2219836711883545	50.0	1e-06
277	2	830	1.2641223669052124	62.0	1e-06
277	3	831	1.3191883563995361	100.0	1e-06
278	1	832	1.1589369773864746	64.0	1e-06
278	2	833	1.2313114404678345	46.0	1e-06
278	3	834	1.2892341613769531	0.0	1e-06
279	1	835	1.2356033325195312	50.0	1e-06
279	2	836	1.1685452461242676	60.0	1e-06
279	3	837	1.7488760948181152	0.0	1e-06
280	1	838	1.2474383115768433	44.0	1e-06
280	2	839	1.1857657432556152	60.0	1e-06
280	3	840	1.8992680311203003	0.0	1e-06
281	1	841	1.1703534126281738	64.0	1e-06
281	2	842	1.172447681427002	54.0	1e-06
281	3	843	1.774511694908142	0.0	1e-06
282	1	844	1.2053099870681763	60.0	1e-06
282	2	845	1.210723638534546	54.0	1e-06
282	3	846	1.2345836162567139	50.0	1e-06
283	1	847	1.20078706741333	54.0	1e-06
283	2	848	1.194489598274231	50.0	1e-06
283	3	849	1.8637359142303467	0.0	1e-06
284	1	850	1.171499490737915	52.0	1e-06
284	2	851	1.292404055595398	48.0	1e-06
284	3	852	1.9623569250106812	0.0	1e-06
285	1	853	1.1370227336883545	62.0	1e-06
285	2	854	1.2867900133132935	50.0	1e-06
285	3	855	1.3822171688079834	0.0	1e-06
286	1	856	1.2399355173110962	50.0	1e-06
286	2	857	1.2291440963745117	54.0	1e-06
286	3	858	1.0608348846435547	50.0	1e-06
287	1	859	1.2659804821014404	58.0	1e-06
287	2	860	1.2295289039611816	56.0	1e-06
287	3	861	1.2426190376281738	0.0	1e-06
288	1	862	1.1681838035583496	58.0	1e-06
288	2	863	1.167635440826416	60.0	1e-06
288	3	864	1.2554214000701904	0.0	1e-06
289	1	865	1.2704367637634277	46.0	1e-06
289	2	866	1.1476713418960571	52.0	1e-06
289	3	867	1.4503382444381714	50.0	1e-06
290	1	868	1.1992278099060059	52.0	1e-06
290	2	869	1.1729023456573486	54.0	1e-06
290	3	870	1.9730507135391235	0.0	1e-06
291	1	871	1.162487506866455	66.0	1e-06
291	2	872	1.2573074102401733	50.0	1e-06
291	3	873	1.6075633764266968	50.0	1e-06
292	1	874	1.1854356527328491	58.0	1e-06
292	2	875	1.204409122467041	60.0	1e-06
292	3	876	1.8070133924484253	50.0	1e-06
293	1	877	1.222495436668396	50.0	1e-06
293	2	878	1.185982584953308	64.0	1e-06
293	3	879	1.1306931972503662	50.0	1e-06
294	1	880	1.123530626296997	60.0	1e-06
294	2	881	1.3067669868469238	54.0	1e-06
294	3	882	1.595751166343689	50.0	1e-06
295	1	883	1.147996187210083	64.0	1e-06
295	2	884	1.2065366506576538	52.0	1e-06
295	3	885	1.601726770401001	0.0	1e-06
296	1	886	1.2551615238189697	58.0	1e-06
296	2	887	1.1371040344238281	64.0	1e-06
296	3	888	1.1637098789215088	50.0	1e-06
297	1	889	1.195287823677063	50.0	1e-06
297	2	890	1.1669020652770996	60.0	1e-06
297	3	891	1.8346728086471558	0.0	1e-06
298	1	892	1.2210744619369507	58.0	1e-06
298	2	893	1.1987370252609253	54.0	1e-06
298	3	894	1.55954909324646	100.0	1e-06
299	1	895	1.1690449714660645	64.0	1e-06
299	2	896	1.1824253797531128	58.0	1e-06
299	3	897	1.14130437374115	50.0	1e-06
300	1	898	1.2243114709854126	54.0	1e-06
300	2	899	1.1948939561843872	58.0	1e-06
300	3	900	1.7378787994384766	0.0	1e-06
301	1	901	1.1731566190719604	60.0	1e-06
301	2	902	1.1907917261123657	64.0	1e-06
301	3	903	1.9760239124298096	0.0	1e-06
302	1	904	1.133767008781433	62.0	1e-06
302	2	905	1.2814275026321411	52.0	1e-06
302	3	906	1.299782633781433	0.0	1e-06
303	1	907	1.2079390287399292	60.0	1e-06
303	2	908	1.1011825799942017	68.0	1e-06
303	3	909	1.1758356094360352	50.0	1e-06
304	1	910	1.1936486959457397	56.0	1e-06
304	2	911	1.2559120655059814	54.0	1e-06
304	3	912	1.81527841091156	0.0	1e-06
305	1	913	1.1158698797225952	68.0	1e-06
305	2	914	1.2903591394424438	46.0	1e-06
305	3	915	1.336474895477295	50.0	1e-06
306	1	916	1.1741278171539307	62.0	1e-06
306	2	917	1.1226658821105957	60.0	1e-06
306	3	918	1.1933584213256836	50.0	1e-06
307	1	919	1.1842644214630127	54.0	1e-06
307	2	920	1.1586711406707764	56.0	1e-06
307	3	921	1.7952940464019775	0.0	1e-06
308	1	922	1.1134496927261353	64.0	1e-06
308	2	923	1.2221224308013916	58.0	1e-06
308	3	924	1.2120614051818848	50.0	1e-06
309	1	925	1.165113091468811	64.0	1e-06
309	2	926	1.1654353141784668	60.0	1e-06
309	3	927	1.4732422828674316	0.0	1e-06
310	1	928	1.0992474555969238	66.0	1e-06
310	2	929	1.2207512855529785	54.0	1e-06
310	3	930	2.0332298278808594	0.0	1e-06
311	1	931	1.2263741493225098	54.0	1e-06
311	2	932	1.2462669610977173	54.0	1e-06
311	3	933	1.772725224494934	0.0	1e-06
312	1	934	1.175174355506897	58.0	1e-06
312	2	935	1.2179280519485474	62.0	1e-06
312	3	936	1.0931339263916016	100.0	1e-06
313	1	937	1.1526674032211304	68.0	1e-06
313	2	938	1.1847082376480103	62.0	1e-06
313	3	939	1.5103849172592163	50.0	1e-06
314	1	940	1.1632766723632812	60.0	1e-06
314	2	941	1.1751153469085693	60.0	1e-06
314	3	942	1.0897878408432007	50.0	1e-06
315	1	943	1.194616436958313	56.0	1e-06
315	2	944	1.1596341133117676	60.0	1e-06
315	3	945	1.0934865474700928	100.0	1e-06
316	1	946	1.149768590927124	46.0	1e-06
316	2	947	1.1790575981140137	60.0	1e-06
316	3	948	1.4510786533355713	50.0	1e-06
317	1	949	1.1655105352401733	56.0	1e-06
317	2	950	1.1795600652694702	56.0	1e-06
317	3	951	1.695907473564148	0.0	1e-06
318	1	952	1.1847931146621704	54.0	1e-06
318	2	953	1.1896498203277588	62.0	1e-06
318	3	954	1.7486436367034912	50.0	1e-06
319	1	955	1.2024180889129639	48.0	1e-06
319	2	956	1.142106294631958	58.0	1e-06
319	3	957	1.3137133121490479	100.0	1e-06
320	1	958	1.1753231287002563	52.0	1e-06
320	2	959	1.2535064220428467	58.0	1e-06
320	3	960	1.0940275192260742	50.0	1e-06
321	1	961	1.2310504913330078	62.0	1e-06
321	2	962	1.1289982795715332	66.0	1e-06
321	3	963	1.50307035446167	0.0	1e-06
322	1	964	1.1953234672546387	56.0	1e-06
322	2	965	1.1412444114685059	66.0	1e-06
322	3	966	1.562347173690796	50.0	1e-06
323	1	967	1.170900821685791	52.0	1e-06
323	2	968	1.2178882360458374	54.0	1e-06
323	3	969	1.987980604171753	50.0	1e-06
324	1	970	1.2104213237762451	52.0	1e-06
324	2	971	1.1621317863464355	60.0	1e-06
324	3	972	1.7879118919372559	0.0	1e-06
325	1	973	1.263672113418579	56.0	1e-06
325	2	974	1.0919756889343262	66.0	1e-06
325	3	975	1.2890260219573975	50.0	1e-06
326	1	976	1.1814907789230347	54.0	1e-06
326	2	977	1.159574270248413	68.0	1e-06
326	3	978	1.1596976518630981	0.0	1e-06
327	1	979	1.121099591255188	62.0	1e-06
327	2	980	1.1824429035186768	56.0	1e-06
327	3	981	1.0686967372894287	100.0	1e-06
328	1	982	1.2167630195617676	52.0	1e-06
328	2	983	1.1858582496643066	54.0	1e-06
328	3	984	1.1294496059417725	50.0	1e-06
329	1	985	1.2312967777252197	56.0	1e-06
329	2	986	1.147537350654602	58.0	1e-06
329	3	987	1.0764498710632324	100.0	1e-06
330	1	988	1.1472762823104858	54.0	1e-06
330	2	989	1.1647199392318726	56.0	1e-06
330	3	990	1.2018084526062012	0.0	1e-06
331	1	991	1.1998826265335083	56.0	1e-06
331	2	992	1.13161039352417	62.0	1e-06
331	3	993	1.1634695529937744	50.0	1e-06
332	1	994	1.1563324928283691	54.0	1e-06
332	2	995	1.1940827369689941	58.0	1e-06
332	3	996	1.7326648235321045	0.0	1e-06
333	1	997	1.2155035734176636	56.0	1e-06
333	2	998	1.14923894405365	52.0	1e-06
333	3	999	1.9275184869766235	0.0	1e-06
334	1	1000	1.1868698596954346	54.0	1e-06
334	2	1001	1.1454352140426636	60.0	1e-06
334	3	1002	1.049565315246582	50.0	1e-06
335	1	1003	1.1500163078308105	56.0	1e-06
335	2	1004	1.1232091188430786	66.0	1e-06
335	3	1005	1.0842633247375488	100.0	1e-06
336	1	1006	1.175463080406189	64.0	1e-06
336	2	1007	1.1785006523132324	54.0	1e-06
336	3	1008	1.9440762996673584	50.0	1e-06
337	1	1009	1.21011221408844	50.0	1e-06
337	2	1010	1.153907060623169	56.0	1e-06
337	3	1011	1.057065725326538	50.0	1e-06
338	1	1012	1.1490908861160278	60.0	1e-06
338	2	1013	1.120468258857727	70.0	1e-06
338	3	1014	1.2616292238235474	100.0	1e-06
339	1	1015	1.178237795829773	56.0	1e-06
339	2	1016	1.2020480632781982	60.0	1e-06
339	3	1017	1.5032473802566528	50.0	1e-06
340	1	1018	1.1035089492797852	62.0	1e-06
340	2	1019	1.200791597366333	50.0	1e-06
340	3	1020	1.1196317672729492	50.0	1e-06
341	1	1021	1.1407504081726074	62.0	1e-06
341	2	1022	1.1040575504302979	58.0	1e-06
341	3	1023	1.5146570205688477	50.0	1e-06
342	1	1024	1.1492338180541992	56.0	1e-06
342	2	1025	1.1520295143127441	66.0	1e-06
342	3	1026	1.9161858558654785	50.0	1e-06
343	1	1027	1.1260695457458496	58.0	1e-06
343	2	1028	1.1821008920669556	58.0	1e-06
343	3	1029	1.5626869201660156	50.0	1e-06
344	1	1030	1.158653736114502	60.0	1e-06
344	2	1031	1.1549687385559082	54.0	1e-06
344	3	1032	1.9287126064300537	50.0	1e-06
345	1	1033	1.1730457544326782	54.0	1e-06
345	2	1034	1.1073509454727173	66.0	1e-06
345	3	1035	1.7313213348388672	50.0	1e-06
346	1	1036	1.1418547630310059	54.0	1e-06
346	2	1037	1.1014338731765747	66.0	1e-06
346	3	1038	1.134838581085205	50.0	1e-06
347	1	1039	1.1697869300842285	56.0	1e-06
347	2	1040	1.1232460737228394	66.0	1e-06
347	3	1041	1.8731911182403564	50.0	1e-06
348	1	1042	1.0984456539154053	64.0	1e-06
348	2	1043	1.1488171815872192	64.0	1e-06
348	3	1044	1.9947559833526611	50.0	1e-06
349	1	1045	1.1243752241134644	62.0	1e-06
349	2	1046	1.1797903776168823	52.0	1e-06
349	3	1047	1.3544402122497559	50.0	1e-06
350	1	1048	1.1434515714645386	66.0	1e-06
350	2	1049	1.2089370489120483	52.0	1e-06
350	3	1050	1.2978203296661377	0.0	1e-06
351	1	1051	1.1532344818115234	54.0	1e-06
351	2	1052	1.1374876499176025	60.0	1e-06
351	3	1053	2.0234310626983643	50.0	1e-06
352	1	1054	1.0917677879333496	64.0	1e-06
352	2	1055	1.1488944292068481	66.0	1e-06
352	3	1056	1.3514379262924194	50.0	1e-06
353	1	1057	1.181747317314148	60.0	1e-06
353	2	1058	1.1315529346466064	54.0	1e-06
353	3	1059	1.0575454235076904	50.0	1e-06
354	1	1060	1.0959757566452026	58.0	1e-06
354	2	1061	1.1997398138046265	60.0	1e-06
354	3	1062	1.1436214447021484	100.0	1e-06
355	1	1063	1.1137582063674927	72.0	1e-06
355	2	1064	1.1625639200210571	58.0	1e-06
355	3	1065	1.8644943237304688	50.0	1e-06
356	1	1066	1.1626414060592651	60.0	1e-06
356	2	1067	1.1351927518844604	66.0	1e-06
356	3	1068	1.6656821966171265	0.0	1e-06
357	1	1069	1.1506359577178955	64.0	1e-06
357	2	1070	1.1628700494766235	58.0	1e-06
357	3	1071	1.1963138580322266	50.0	1e-06
358	1	1072	1.115158200263977	52.0	1e-06
358	2	1073	1.08463716506958	64.0	1e-06
358	3	1074	1.5821340084075928	50.0	1e-06
359	1	1075	1.1516196727752686	62.0	1e-06
359	2	1076	1.1252549886703491	60.0	1e-06
359	3	1077	1.1623822450637817	50.0	1e-06
360	1	1078	1.0967777967453003	60.0	1e-06
360	2	1079	1.1504758596420288	56.0	1e-06
360	3	1080	1.9475274085998535	0.0	1e-06
361	1	1081	1.0912264585494995	64.0	1e-06
361	2	1082	1.231866478919983	56.0	1e-06
361	3	1083	1.1915528774261475	50.0	1e-06
362	1	1084	1.135436773300171	62.0	1e-06
362	2	1085	1.038692593574524	60.0	1e-06
362	3	1086	1.5865957736968994	50.0	1e-06
363	1	1087	1.1288586854934692	58.0	1e-06
363	2	1088	1.1243118047714233	60.0	1e-06
363	3	1089	1.573908805847168	50.0	1e-06
364	1	1090	1.174971342086792	52.0	1e-06
364	2	1091	1.1000093221664429	62.0	1e-06
364	3	1092	0.9784078598022461	100.0	1e-06
365	1	1093	1.1320339441299438	56.0	1e-06
365	2	1094	1.0898041725158691	60.0	1e-06
365	3	1095	1.5759663581848145	50.0	1e-06
366	1	1096	1.1000425815582275	66.0	1e-06
366	2	1097	1.0565690994262695	64.0	1e-06
366	3	1098	0.9902501106262207	100.0	1e-06
367	1	1099	1.157151460647583	64.0	1e-06
367	2	1100	1.1083483695983887	68.0	1e-06
367	3	1101	1.188458800315857	50.0	1e-06
368	1	1102	1.0895675420761108	66.0	1e-06
368	2	1103	1.1235687732696533	62.0	1e-06
368	3	1104	1.0382146835327148	50.0	1e-06
369	1	1105	1.1793802976608276	60.0	1e-06
369	2	1106	1.1157327890396118	62.0	1e-06
369	3	1107	1.8600473403930664	0.0	1e-06
370	1	1108	1.1076557636260986	56.0	1e-06
370	2	1109	1.0298274755477905	66.0	1e-06
370	3	1110	1.1326594352722168	100.0	1e-06
371	1	1111	1.0341852903366089	68.0	1e-06
371	2	1112	1.1173462867736816	54.0	1e-06
371	3	1113	1.9915391206741333	0.0	1e-06
372	1	1114	1.1243008375167847	62.0	1e-06
372	2	1115	1.0681406259536743	66.0	1e-06
372	3	1116	1.3007848262786865	0.0	1e-06
373	1	1117	1.1482782363891602	56.0	1e-06
373	2	1118	1.1262471675872803	56.0	1e-06
373	3	1119	1.925919532775879	50.0	1e-06
374	1	1120	1.088130235671997	58.0	1e-06
374	2	1121	1.0998793840408325	70.0	1e-06
374	3	1122	1.7827472686767578	50.0	1e-06
375	1	1123	1.1862363815307617	54.0	1e-06
375	2	1124	1.1516109704971313	56.0	1e-06
375	3	1125	2.0329813957214355	0.0	1e-06
376	1	1126	1.1314809322357178	56.0	1e-06
376	2	1127	1.1202470064163208	58.0	1e-06
376	3	1128	1.343186855316162	100.0	1e-06
377	1	1129	1.0900051593780518	58.0	1e-06
377	2	1130	1.1526237726211548	58.0	1e-06
377	3	1131	1.7585428953170776	50.0	1e-06
378	1	1132	1.0796942710876465	60.0	1e-06
378	2	1133	1.0790585279464722	66.0	1e-06
378	3	1134	1.1587579250335693	0.0	1e-06
379	1	1135	1.0985292196273804	52.0	1e-06
379	2	1136	1.1112430095672607	58.0	1e-06
379	3	1137	1.6213651895523071	50.0	1e-06
380	1	1138	1.0581333637237549	54.0	1e-06
380	2	1139	1.1435015201568604	60.0	1e-06
380	3	1140	1.0220952033996582	100.0	1e-06
381	1	1141	1.063990592956543	62.0	1e-06
381	2	1142	1.104994773864746	64.0	1e-06
381	3	1143	1.643100380897522	50.0	1e-06
382	1	1144	1.0895239114761353	64.0	1e-06
382	2	1145	1.1475863456726074	64.0	1e-06
382	3	1146	1.7550104856491089	0.0	1e-06
383	1	1147	1.1262494325637817	58.0	1e-06
383	2	1148	1.0989861488342285	58.0	1e-06
383	3	1149	1.1321113109588623	50.0	1e-06
384	1	1150	1.1292403936386108	60.0	1e-06
384	2	1151	1.1251107454299927	66.0	1e-06
384	3	1152	1.165339469909668	50.0	1e-06
385	1	1153	1.1160236597061157	64.0	1e-06
385	2	1154	1.1431965827941895	62.0	1e-06
385	3	1155	1.300797939300537	50.0	1e-06
386	1	1156	1.1285667419433594	60.0	1e-06
386	2	1157	1.1836528778076172	60.0	1e-06
386	3	1158	1.6796257495880127	50.0	1e-06
387	1	1159	1.1305136680603027	60.0	1e-06
387	2	1160	1.0841078758239746	62.0	1e-06
387	3	1161	0.9015406370162964	100.0	1e-06
388	1	1162	1.1406499147415161	54.0	1e-06
388	2	1163	1.0696412324905396	72.0	1e-06
388	3	1164	1.4502105712890625	50.0	1e-06
389	1	1165	1.0586642026901245	78.0	1e-06
389	2	1166	1.1456671953201294	58.0	1e-06
389	3	1167	1.3305671215057373	100.0	1e-06
390	1	1168	1.0996665954589844	64.0	1e-06
390	2	1169	1.0820715427398682	62.0	1e-06
390	3	1170	1.2024579048156738	50.0	1e-06
391	1	1171	1.152703046798706	56.0	1e-06
391	2	1172	1.069958209991455	64.0	1e-06
391	3	1173	1.5214093923568726	50.0	1e-06
392	1	1174	1.1820745468139648	64.0	1e-06
392	2	1175	1.0885289907455444	60.0	1e-06
392	3	1176	1.9821624755859375	0.0	1e-06
393	1	1177	1.0499953031539917	60.0	1e-06
393	2	1178	1.235072374343872	50.0	1e-06
393	3	1179	1.3163203001022339	0.0	1e-06
394	1	1180	1.1211971044540405	58.0	1e-06
394	2	1181	1.0990841388702393	62.0	1e-06
394	3	1182	1.1191599369049072	50.0	1e-06
395	1	1183	1.061619520187378	74.0	1e-06
395	2	1184	1.1592001914978027	52.0	1e-06
395	3	1185	1.9053175449371338	0.0	1e-06
396	1	1186	1.1354703903198242	56.0	1e-06
396	2	1187	1.1209617853164673	62.0	1e-06
396	3	1188	0.9656293988227844	50.0	1e-06
397	1	1189	1.0671523809432983	60.0	1e-06
397	2	1190	1.1031486988067627	58.0	1e-06
397	3	1191	1.3552241325378418	50.0	1e-06
398	1	1192	1.096591591835022	56.0	1e-06
398	2	1193	1.0757807493209839	64.0	1e-06
398	3	1194	1.2097198963165283	50.0	1e-06
399	1	1195	1.1409668922424316	54.0	1e-06
399	2	1196	1.0130449533462524	78.0	1e-06
399	3	1197	1.4405399560928345	50.0	1e-06
400	1	1198	1.0958844423294067	66.0	1e-06
400	2	1199	1.0773251056671143	66.0	1e-06
400	3	1200	0.9892858862876892	100.0	1e-06
401	1	1201	1.1038990020751953	58.0	1e-06
401	2	1202	1.0444016456604004	70.0	1e-06
401	3	1203	0.9679977893829346	100.0	1e-06
402	1	1204	1.086316704750061	66.0	1e-06
402	2	1205	1.1324708461761475	58.0	1e-06
402	3	1206	1.753067970275879	50.0	1e-06
403	1	1207	1.1017286777496338	64.0	1e-06
403	2	1208	1.0679357051849365	50.0	1e-06
403	3	1209	1.2742863893508911	50.0	1e-06
404	1	1210	1.1200960874557495	66.0	1e-06
404	2	1211	1.0143071413040161	70.0	1e-06
404	3	1212	2.1251156330108643	0.0	1e-06
405	1	1213	1.0855242013931274	64.0	1e-06
405	2	1214	1.0488685369491577	70.0	1e-06
405	3	1215	1.2290055751800537	0.0	1e-06
406	1	1216	1.0249143838882446	70.0	1e-06
406	2	1217	1.0712485313415527	60.0	1e-06
406	3	1218	1.0985031127929688	50.0	1e-06
407	1	1219	1.026491403579712	72.0	1e-06
407	2	1220	1.15099036693573	58.0	1e-06
407	3	1221	1.114885926246643	50.0	1e-06
408	1	1222	1.0650075674057007	56.0	1e-06
408	2	1223	1.0825709104537964	50.0	1e-06
408	3	1224	0.9877645373344421	100.0	1e-06
409	1	1225	1.0738545656204224	64.0	1e-06
409	2	1226	1.0781865119934082	66.0	1e-06
409	3	1227	1.9056801795959473	50.0	1e-06
410	1	1228	1.0201879739761353	64.0	1e-06
410	2	1229	1.1557362079620361	62.0	1e-06
410	3	1230	1.0754934549331665	50.0	1e-06
411	1	1231	1.0708205699920654	64.0	1e-06
411	2	1232	1.081628680229187	66.0	1e-06
411	3	1233	1.7860584259033203	50.0	1e-06
412	1	1234	1.0783140659332275	66.0	1e-06
412	2	1235	1.0982913970947266	50.0	1e-06
412	3	1236	1.6282029151916504	0.0	1e-06
413	1	1237	1.0465798377990723	70.0	1e-06
413	2	1238	1.0899341106414795	58.0	1e-06
413	3	1239	1.3602813482284546	50.0	1e-06
414	1	1240	1.087107539176941	68.0	1e-06
414	2	1241	1.1169177293777466	60.0	1e-06
414	3	1242	1.0225841999053955	50.0	1e-06
415	1	1243	1.059672474861145	64.0	1e-06
415	2	1244	1.081855058670044	70.0	1e-06
415	3	1245	1.5896382331848145	50.0	1e-06
416	1	1246	1.1142098903656006	54.0	1e-06
416	2	1247	1.0648446083068848	74.0	1e-06
416	3	1248	2.0034842491149902	50.0	1e-06
417	1	1249	1.096219539642334	60.0	1e-06
417	2	1250	1.0783281326293945	62.0	1e-06
417	3	1251	1.7466464042663574	0.0	1e-06
418	1	1252	1.0674318075180054	68.0	1e-06
418	2	1253	1.087494969367981	64.0	1e-06
418	3	1254	2.061736822128296	0.0	1e-06
419	1	1255	1.0453468561172485	72.0	1e-06
419	2	1256	1.1655359268188477	50.0	1e-06
419	3	1257	1.91428804397583	0.0	1e-06
420	1	1258	1.108091950416565	68.0	1e-06
420	2	1259	1.0509337186813354	58.0	1e-06
420	3	1260	0.9867708683013916	50.0	1e-06
421	1	1261	1.056189775466919	60.0	1e-06
421	2	1262	1.039602279663086	66.0	1e-06
421	3	1263	2.034100294113159	0.0	1e-06
422	1	1264	1.022068977355957	74.0	1e-06
422	2	1265	1.1063522100448608	66.0	1e-06
422	3	1266	2.1198511123657227	0.0	1e-06
423	1	1267	1.1229926347732544	72.0	1e-06
423	2	1268	1.038855791091919	74.0	1e-06
423	3	1269	1.7210832834243774	50.0	1e-06
424	1	1270	1.0760741233825684	66.0	1e-06
424	2	1271	1.0282773971557617	70.0	1e-06
424	3	1272	1.27846360206604	50.0	1e-06
425	1	1273	1.1052210330963135	64.0	1e-06
425	2	1274	1.0691250562667847	64.0	1e-06
425	3	1275	1.1592113971710205	100.0	1e-06
426	1	1276	1.093664526939392	64.0	1e-06
426	2	1277	1.0170447826385498	70.0	1e-06
426	3	1278	2.1014389991760254	50.0	1e-06
427	1	1279	1.0966483354568481	56.0	1e-06
427	2	1280	1.0461515188217163	62.0	1e-06
427	3	1281	1.151503562927246	50.0	1e-06
428	1	1282	1.0317153930664062	76.0	1e-06
428	2	1283	1.1685847043991089	54.0	1e-06
428	3	1284	1.0431404113769531	50.0	1e-06
429	1	1285	1.093353033065796	60.0	1e-06
429	2	1286	1.0737861394882202	62.0	1e-06
429	3	1287	1.7317636013031006	50.0	1e-06
430	1	1288	1.0390194654464722	66.0	1e-06
430	2	1289	1.0752049684524536	64.0	1e-06
430	3	1290	1.7197450399398804	50.0	1e-06
431	1	1291	1.0870893001556396	54.0	1e-06
431	2	1292	1.0820924043655396	64.0	1e-06
431	3	1293	1.509759545326233	50.0	1e-06
432	1	1294	1.1824827194213867	56.0	1e-06
432	2	1295	1.0092525482177734	66.0	1e-06
432	3	1296	1.1026442050933838	50.0	1e-06
433	1	1297	1.062292218208313	68.0	1e-06
433	2	1298	1.063927173614502	68.0	1e-06
433	3	1299	1.5040408372879028	50.0	1e-06
434	1	1300	1.006636381149292	70.0	1e-06
434	2	1301	1.099283218383789	54.0	1e-06
434	3	1302	1.0810191631317139	50.0	1e-06
435	1	1303	1.014094591140747	64.0	1e-06
435	2	1304	1.0708930492401123	54.0	1e-06
435	3	1305	1.5879626274108887	50.0	1e-06
436	1	1306	1.0761661529541016	58.0	1e-06
436	2	1307	1.104580044746399	70.0	1e-06
436	3	1308	1.8502262830734253	0.0	1e-06
437	1	1309	1.096595287322998	52.0	1e-06
437	2	1310	1.0840718746185303	76.0	1e-06
437	3	1311	1.582041621208191	50.0	1e-06
438	1	1312	1.077680230140686	56.0	1e-06
438	2	1313	1.0408146381378174	70.0	1e-06
438	3	1314	1.6624293327331543	0.0	1e-06
439	1	1315	1.0201853513717651	64.0	1e-06
439	2	1316	1.158338189125061	58.0	1e-06
439	3	1317	1.8639850616455078	0.0	1e-06
440	1	1318	1.0202330350875854	66.0	1e-06
440	2	1319	1.0888137817382812	64.0	1e-06
440	3	1320	2.0053212642669678	0.0	1e-06
441	1	1321	1.079513669013977	64.0	1e-06
441	2	1322	1.05509614944458	68.0	1e-06
441	3	1323	1.697047472000122	50.0	1e-06
442	1	1324	1.0769890546798706	60.0	1e-06
442	2	1325	1.0122085809707642	66.0	1e-06
442	3	1326	1.8603086471557617	0.0	1e-06
443	1	1327	1.0109649896621704	70.0	1e-06
443	2	1328	1.0711196660995483	68.0	1e-06
443	3	1329	2.256051540374756	0.0	1e-06
444	1	1330	1.0252665281295776	62.0	1e-06
444	2	1331	1.0574333667755127	64.0	1e-06
444	3	1332	1.2359505891799927	100.0	1e-06
445	1	1333	1.1034517288208008	54.0	1e-06
445	2	1334	1.0215729475021362	74.0	1e-06
445	3	1335	1.2256499528884888	100.0	1e-06
446	1	1336	1.0264637470245361	64.0	1e-06
446	2	1337	1.096197485923767	68.0	1e-06
446	3	1338	1.0387736558914185	50.0	1e-06
447	1	1339	1.1036726236343384	66.0	1e-06
447	2	1340	1.0794963836669922	70.0	1e-06
447	3	1341	1.83416748046875	0.0	1e-06
448	1	1342	1.1060818433761597	68.0	1e-06
448	2	1343	1.0038323402404785	70.0	1e-06
448	3	1344	0.9740997552871704	50.0	1e-06
449	1	1345	1.0065984725952148	70.0	1e-06
449	2	1346	1.0877060890197754	64.0	1e-06
449	3	1347	1.2526642084121704	0.0	1e-06
450	1	1348	1.0889753103256226	52.0	1e-06
450	2	1349	1.0589210987091064	68.0	1e-06
450	3	1350	1.82429838180542	0.0	1e-06
451	1	1351	1.0957934856414795	64.0	1e-06
451	2	1352	1.0027191638946533	72.0	1e-06
451	3	1353	1.8332161903381348	50.0	1e-06
452	1	1354	1.0117652416229248	64.0	1e-06
452	2	1355	1.060917615890503	70.0	1e-06
452	3	1356	1.1159343719482422	50.0	1e-06
453	1	1357	1.1173781156539917	58.0	1e-06
453	2	1358	0.9669045805931091	72.0	1e-06
453	3	1359	2.267083168029785	0.0	1e-06
454	1	1360	1.0428595542907715	72.0	1e-06
454	2	1361	1.074913740158081	68.0	1e-06
454	3	1362	1.7224643230438232	0.0	1e-06
455	1	1363	1.091469645500183	66.0	1e-06
455	2	1364	1.066906452178955	68.0	1e-06
455	3	1365	1.7202515602111816	50.0	1e-06
456	1	1366	1.067381501197815	66.0	1e-06
456	2	1367	1.0501242876052856	62.0	1e-06
456	3	1368	1.0813136100769043	50.0	1e-06
457	1	1369	1.0305907726287842	72.0	1e-06
457	2	1370	1.0757170915603638	64.0	1e-06
457	3	1371	1.7539446353912354	50.0	1e-06
458	1	1372	1.0342944860458374	70.0	1e-06
458	2	1373	0.9886847138404846	68.0	1e-06
458	3	1374	2.1011292934417725	0.0	1e-06
459	1	1375	1.0554883480072021	68.0	1e-06
459	2	1376	1.0356454849243164	68.0	1e-06
459	3	1377	1.6928422451019287	0.0	1e-06
460	1	1378	1.0830018520355225	72.0	1e-06
460	2	1379	1.022291898727417	66.0	1e-06
460	3	1380	1.1827328205108643	0.0	1e-06
461	1	1381	1.098588228225708	60.0	1e-06
461	2	1382	1.0620388984680176	70.0	1e-06
461	3	1383	1.3573331832885742	50.0	1e-06
462	1	1384	0.9984226822853088	64.0	1e-06
462	2	1385	1.047643780708313	68.0	1e-06
462	3	1386	1.1055881977081299	50.0	1e-06
463	1	1387	0.997834324836731	72.0	1e-06
463	2	1388	1.1240928173065186	64.0	1e-06
463	3	1389	1.2409543991088867	100.0	1e-06
464	1	1390	0.9720116257667542	80.0	1e-06
464	2	1391	1.0664323568344116	62.0	1e-06
464	3	1392	1.0874855518341064	50.0	1e-06
465	1	1393	1.0023502111434937	74.0	1e-06
465	2	1394	1.0909032821655273	66.0	1e-06
465	3	1395	1.0168499946594238	100.0	1e-06
466	1	1396	1.0680804252624512	62.0	1e-06
466	2	1397	0.9945404529571533	68.0	1e-06
466	3	1398	1.390905499458313	100.0	1e-06
467	1	1399	1.0116091966629028	66.0	1e-06
467	2	1400	1.0436965227127075	68.0	1e-06
467	3	1401	1.956581950187683	0.0	1e-06
468	1	1402	1.0506223440170288	64.0	1e-06
468	2	1403	0.9744085073471069	70.0	1e-06
468	3	1404	1.8270745277404785	0.0	1e-06
469	1	1405	0.9738523960113525	70.0	1e-06
469	2	1406	1.0410749912261963	64.0	1e-06
469	3	1407	1.0247142314910889	100.0	1e-06
470	1	1408	1.0761022567749023	64.0	1e-06
470	2	1409	1.0080231428146362	82.0	1e-06
470	3	1410	1.4471279382705688	50.0	1e-06
471	1	1411	0.9973918795585632	70.0	1e-06
471	2	1412	1.0308111906051636	74.0	1e-06
471	3	1413	1.6342604160308838	0.0	1e-06
472	1	1414	1.0236815214157104	70.0	1e-06
472	2	1415	1.0023432970046997	74.0	1e-06
472	3	1416	1.2342183589935303	50.0	1e-06
473	1	1417	1.07746160030365	68.0	1e-06
473	2	1418	1.0324844121932983	64.0	1e-06
473	3	1419	1.1999146938323975	50.0	1e-06
474	1	1420	1.0278387069702148	74.0	1e-06
474	2	1421	1.0823659896850586	68.0	1e-06
474	3	1422	1.1590325832366943	100.0	1e-06
475	1	1423	1.088934302330017	60.0	1e-06
475	2	1424	1.0276081562042236	68.0	1e-06
475	3	1425	1.7622233629226685	50.0	1e-06
476	1	1426	1.0637097358703613	66.0	1e-06
476	2	1427	1.0283783674240112	76.0	1e-06
476	3	1428	1.3947157859802246	50.0	1e-06
477	1	1429	1.0209888219833374	70.0	1e-06
477	2	1430	0.9959610104560852	64.0	1e-06
477	3	1431	1.2835018634796143	50.0	1e-06
478	1	1432	1.0867942571640015	64.0	1e-06
478	2	1433	1.0234558582305908	58.0	1e-06
478	3	1434	1.1577343940734863	50.0	1e-06
479	1	1435	1.0296738147735596	68.0	1e-06
479	2	1436	1.0560110807418823	66.0	1e-06
479	3	1437	1.3867535591125488	50.0	1e-06
480	1	1438	1.0397517681121826	56.0	1e-06
480	2	1439	0.9777406454086304	72.0	1e-06
480	3	1440	1.125974416732788	50.0	1e-06
481	1	1441	1.0753638744354248	66.0	1e-06
481	2	1442	0.9967566728591919	72.0	1e-06
481	3	1443	1.164124608039856	50.0	1e-06
482	1	1444	0.9730597138404846	68.0	1e-06
482	2	1445	1.006949543952942	74.0	1e-06
482	3	1446	1.411333441734314	0.0	1e-06
483	1	1447	0.9449995160102844	70.0	1e-06
483	2	1448	1.0673097372055054	56.0	1e-06
483	3	1449	1.919113278388977	0.0	1e-06
484	1	1450	0.9935044050216675	72.0	1e-06
484	2	1451	1.028366208076477	66.0	1e-06
484	3	1452	1.9129911661148071	0.0	1e-06
485	1	1453	1.1211938858032227	56.0	1e-06
485	2	1454	0.9899566173553467	70.0	1e-06
485	3	1455	0.9528952240943909	100.0	1e-06
486	1	1456	0.9905336499214172	60.0	1e-06
486	2	1457	1.0354852676391602	70.0	1e-06
486	3	1458	0.9774545431137085	100.0	1e-06
487	1	1459	0.9994899034500122	76.0	1e-06
487	2	1460	1.1216875314712524	56.0	1e-06
487	3	1461	1.1058721542358398	50.0	1e-06
488	1	1462	0.9685424566268921	78.0	1e-06
488	2	1463	1.066673994064331	64.0	1e-06
488	3	1464	1.1339071989059448	50.0	1e-06
489	1	1465	1.0263034105300903	68.0	1e-06
489	2	1466	0.9921063184738159	80.0	1e-06
489	3	1467	2.0185632705688477	50.0	1e-06
490	1	1468	0.9966434240341187	64.0	1e-06
490	2	1469	1.0221580266952515	70.0	1e-06
490	3	1470	1.6258134841918945	50.0	1e-06
491	1	1471	1.001143455505371	64.0	1e-06
491	2	1472	1.0181012153625488	62.0	1e-06
491	3	1473	1.66389799118042	50.0	1e-06
492	1	1474	1.0536773204803467	64.0	1e-06
492	2	1475	1.0306161642074585	64.0	1e-06
492	3	1476	1.2259671688079834	100.0	1e-06
493	1	1477	0.9885497093200684	68.0	1e-06
493	2	1478	0.9953144192695618	76.0	1e-06
493	3	1479	2.048021078109741	0.0	1e-06
494	1	1480	0.9721399545669556	62.0	1e-06
494	2	1481	0.9748113751411438	68.0	1e-06
494	3	1482	1.94405198097229	0.0	1e-06
495	1	1483	1.0659949779510498	58.0	1e-06
495	2	1484	0.9796802997589111	64.0	1e-06
495	3	1485	1.4855246543884277	50.0	1e-06
496	1	1486	0.978270947933197	68.0	1e-06
496	2	1487	0.9756147861480713	70.0	1e-06
496	3	1488	1.7189521789550781	50.0	1e-06
497	1	1489	1.0594730377197266	60.0	1e-06
497	2	1490	1.0266891717910767	60.0	1e-06
497	3	1491	1.7123901844024658	50.0	1e-06
498	1	1492	0.9936119914054871	68.0	1e-06
498	2	1493	1.049493432044983	62.0	1e-06
498	3	1494	1.5866074562072754	50.0	1e-06
499	1	1495	0.9310572147369385	68.0	1e-06
499	2	1496	1.1536190509796143	60.0	1e-06
499	3	1497	1.0435636043548584	100.0	1e-06
500	1	1498	1.0751276016235352	66.0	1e-06
500	2	1499	1.0157876014709473	58.0	1e-06
500	3	1500	1.6719202995300293	0.0	1e-06
