epoch	batch	iter	loss	acc	lr
1	1	1	2.1332101821899414	24.0	1e-05
1	2	2	2.113908052444458	18.0	1e-05
1	3	3	1.9306585788726807	16.0	1e-05
1	4	4	2.189391851425171	16.0	1e-05
1	5	5	2.011017322540283	20.0	1e-05
1	6	6	2.0904788970947266	12.0	1e-05
1	7	7	1.9608577489852905	16.0	1e-05
1	8	8	2.112896680831909	20.0	1e-05
1	9	9	1.6414166688919067	28.571428571428573	1e-05
2	1	10	1.9899977445602417	16.0	1e-05
2	2	11	1.9392449855804443	14.0	1e-05
2	3	12	2.0236289501190186	20.0	1e-05
2	4	13	1.874987006187439	18.0	1e-05
2	5	14	2.288834810256958	6.0	1e-05
2	6	15	2.2911641597747803	14.0	1e-05
2	7	16	2.1128790378570557	18.0	1e-05
2	8	17	1.9641560316085815	32.0	1e-05
2	9	18	1.6962136030197144	28.571428571428573	1e-05
3	1	19	2.153489589691162	10.0	1e-05
3	2	20	2.160508155822754	22.0	1e-05
3	3	21	1.8991482257843018	20.0	1e-05
3	4	22	1.9536556005477905	22.0	1e-05
3	5	23	2.2293825149536133	20.0	1e-05
3	6	24	1.9772473573684692	24.0	1e-05
3	7	25	1.9316458702087402	24.0	1e-05
3	8	26	1.9794986248016357	18.0	1e-05
3	9	27	1.4220682382583618	42.857142857142854	1e-05
4	1	28	1.9994734525680542	16.0	1e-05
4	2	29	1.655113697052002	32.0	1e-05
4	3	30	1.5992155075073242	34.0	1e-05
4	4	31	1.5745598077774048	28.0	1e-05
4	5	32	1.6542143821716309	34.0	1e-05
4	6	33	1.8718887567520142	24.0	1e-05
4	7	34	1.8480299711227417	18.0	1e-05
4	8	35	1.6814818382263184	28.0	1e-05
4	9	36	1.414739727973938	28.571428571428573	1e-05
5	1	37	1.8584017753601074	28.0	1e-05
5	2	38	1.5693321228027344	36.0	1e-05
5	3	39	2.3654210567474365	18.0	1e-05
5	4	40	1.6393442153930664	24.0	1e-05
5	5	41	1.5900354385375977	40.0	1e-05
5	6	42	1.5623388290405273	30.0	1e-05
5	7	43	1.7660133838653564	24.0	1e-05
5	8	44	1.6247172355651855	34.0	1e-05
5	9	45	1.3319042921066284	57.142857142857146	1e-05
6	1	46	1.7093065977096558	22.0	1e-05
6	2	47	1.5291132926940918	26.0	1e-05
6	3	48	1.6804931163787842	30.0	1e-05
6	4	49	1.856461763381958	36.0	1e-05
6	5	50	1.6328693628311157	28.0	1e-05
6	6	51	1.586336612701416	28.0	1e-05
6	7	52	1.9907482862472534	30.0	1e-05
6	8	53	1.5146265029907227	34.0	1e-05
6	9	54	1.3138177394866943	57.142857142857146	1e-05
7	1	55	1.5398210287094116	32.0	1e-05
7	2	56	1.805397391319275	30.0	1e-05
7	3	57	1.7718335390090942	34.0	1e-05
7	4	58	1.5113717317581177	30.0	1e-05
7	5	59	1.5518139600753784	30.0	1e-05
7	6	60	1.4959107637405396	30.0	1e-05
7	7	61	1.4933704137802124	30.0	1e-05
7	8	62	1.3022536039352417	32.0	1e-05
7	9	63	2.3109183311462402	0.0	1e-05
8	1	64	1.3802942037582397	32.0	1e-05
8	2	65	1.1954059600830078	48.0	1e-05
8	3	66	1.4423633813858032	38.0	1e-05
8	4	67	1.5678232908248901	30.0	1e-05
8	5	68	1.498525857925415	26.0	1e-05
8	6	69	1.2487409114837646	52.0	1e-05
8	7	70	1.3641951084136963	32.0	1e-05
8	8	71	1.5938633680343628	32.0	1e-05
8	9	72	1.3377035856246948	28.571428571428573	1e-05
9	1	73	1.3321555852890015	36.0	1e-05
9	2	74	1.6341068744659424	22.0	1e-05
9	3	75	2.188027858734131	24.0	1e-05
9	4	76	1.2106050252914429	44.0	1e-05
9	5	77	1.7004889249801636	36.0	1e-05
9	6	78	1.294136643409729	42.0	1e-05
9	7	79	1.6745754480361938	28.0	1e-05
9	8	80	1.7463314533233643	32.0	1e-05
9	9	81	1.5147314071655273	28.571428571428573	1e-05
10	1	82	1.622035264968872	22.0	1e-05
10	2	83	1.641568660736084	28.0	1e-05
10	3	84	1.571565866470337	46.0	1e-05
10	4	85	1.5587307214736938	26.0	1e-05
10	5	86	1.5877032279968262	26.0	1e-05
10	6	87	1.2528530359268188	38.0	1e-05
10	7	88	1.487348198890686	16.0	1e-05
10	8	89	1.2710578441619873	42.0	1e-05
10	9	90	1.9844099283218384	14.285714285714286	1e-05
11	1	91	1.2918658256530762	38.0	1e-05
11	2	92	1.3583738803863525	32.0	1e-05
11	3	93	1.6709214448928833	26.0	1e-05
11	4	94	1.3158947229385376	32.0	1e-05
11	5	95	1.5084654092788696	32.0	1e-05
11	6	96	1.7127379179000854	34.0	1e-05
11	7	97	1.2728174924850464	38.0	1e-05
11	8	98	1.2550058364868164	42.0	1e-05
11	9	99	1.5296145677566528	28.571428571428573	1e-05
12	1	100	1.2685707807540894	42.0	1e-05
12	2	101	1.3730319738388062	34.0	1e-05
12	3	102	1.2305642366409302	34.0	1e-05
12	4	103	1.7361009120941162	26.0	1e-05
12	5	104	1.3306866884231567	38.0	1e-05
12	6	105	1.5315940380096436	32.0	1e-05
12	7	106	1.3781874179840088	36.0	1e-05
12	8	107	1.2301198244094849	42.0	1e-05
12	9	108	1.2060298919677734	42.857142857142854	1e-05
13	1	109	1.4127916097640991	26.0	1e-05
13	2	110	1.257035732269287	38.0	1e-05
13	3	111	1.6507301330566406	20.0	1e-05
13	4	112	1.6443846225738525	36.0	1e-05
13	5	113	1.3180142641067505	32.0	1e-05
13	6	114	1.6979533433914185	28.0	1e-05
13	7	115	1.1511445045471191	52.0	1e-05
13	8	116	1.3556513786315918	28.0	1e-05
13	9	117	1.3303701877593994	42.857142857142854	1e-05
14	1	118	1.3433266878128052	32.0	1e-05
14	2	119	1.5632476806640625	42.0	1e-05
14	3	120	1.5496315956115723	24.0	1e-05
14	4	121	1.5224108695983887	24.0	1e-05
14	5	122	1.1927903890609741	42.0	1e-05
14	6	123	1.3677926063537598	30.0	1e-05
14	7	124	1.4888821840286255	32.0	1e-05
14	8	125	1.2940990924835205	38.0	1e-05
14	9	126	1.8827279806137085	14.285714285714286	1e-05
15	1	127	1.287503719329834	30.0	1e-05
15	2	128	1.2100098133087158	38.0	1e-05
15	3	129	1.520716905593872	34.0	1e-05
15	4	130	1.5796116590499878	42.0	1e-05
15	5	131	1.4229809045791626	30.0	1e-05
15	6	132	1.574263334274292	30.0	1e-05
15	7	133	1.2718161344528198	40.0	1e-05
15	8	134	1.7386621236801147	26.0	1e-05
15	9	135	1.2601903676986694	42.857142857142854	1e-05
16	1	136	1.0727484226226807	54.0	1e-05
16	2	137	1.4311096668243408	36.0	1e-05
16	3	138	1.2106343507766724	38.0	1e-05
16	4	139	1.1748685836791992	38.0	1e-05
16	5	140	1.2467464208602905	36.0	1e-05
16	6	141	1.479677438735962	26.0	1e-05
16	7	142	1.4620498418807983	34.0	1e-05
16	8	143	1.9061191082000732	36.0	1e-05
16	9	144	2.1032326221466064	0.0	1e-05
17	1	145	1.5347431898117065	28.0	1e-05
17	2	146	1.2739572525024414	36.0	1e-05
17	3	147	1.3159481287002563	28.0	1e-05
17	4	148	1.2895944118499756	28.0	1e-05
17	5	149	1.4432158470153809	28.0	1e-05
17	6	150	1.4649618864059448	24.0	1e-05
17	7	151	1.2622334957122803	44.0	1e-05
17	8	152	1.430198311805725	38.0	1e-05
17	9	153	1.7481634616851807	14.285714285714286	1e-05
18	1	154	1.4615771770477295	42.0	1e-05
18	2	155	1.6379115581512451	26.0	1e-05
18	3	156	1.2745752334594727	36.0	1e-05
18	4	157	1.3771809339523315	20.0	1e-05
18	5	158	1.1631592512130737	38.0	1e-05
18	6	159	1.2557355165481567	30.0	1e-05
18	7	160	1.4203236103057861	28.0	1e-05
18	8	161	1.3945186138153076	38.0	1e-05
18	9	162	1.5703593492507935	28.571428571428573	1e-05
19	1	163	1.05673086643219	56.0	1e-05
19	2	164	1.6229192018508911	28.0	1e-05
19	3	165	1.051245927810669	54.0	1e-05
19	4	166	1.203597068786621	32.0	1e-05
19	5	167	1.2593201398849487	40.0	1e-05
19	6	168	1.1865674257278442	36.0	1e-05
19	7	169	1.7482494115829468	24.0	1e-05
19	8	170	1.483108639717102	34.0	1e-05
19	9	171	1.6179205179214478	42.857142857142854	1e-05
20	1	172	1.1311553716659546	50.0	1e-05
20	2	173	2.093080759048462	28.0	1e-05
20	3	174	1.1395618915557861	54.0	1e-05
20	4	175	1.3038432598114014	50.0	1e-05
20	5	176	1.1985256671905518	50.0	1e-05
20	6	177	1.4038783311843872	42.0	1e-05
20	7	178	1.5031243562698364	30.0	1e-05
20	8	179	1.2120331525802612	46.0	1e-05
20	9	180	1.7199592590332031	42.857142857142854	1e-05
21	1	181	1.1743861436843872	40.0	1e-05
21	2	182	1.0619959831237793	60.0	1e-05
21	3	183	2.0939126014709473	30.0	1e-05
21	4	184	1.2249805927276611	38.0	1e-05
21	5	185	1.1045821905136108	44.0	1e-05
21	6	186	1.3281322717666626	36.0	1e-05
21	7	187	1.0441324710845947	60.0	1e-05
21	8	188	1.7578474283218384	24.0	1e-05
21	9	189	1.2819074392318726	42.857142857142854	1e-05
22	1	190	1.2533297538757324	40.0	1e-05
22	2	191	0.9738918542861938	48.0	1e-05
22	3	192	1.0413610935211182	46.0	1e-05
22	4	193	1.711667537689209	40.0	1e-05
22	5	194	1.2161757946014404	46.0	1e-05
22	6	195	1.1185011863708496	50.0	1e-05
22	7	196	1.2120097875595093	38.0	1e-05
22	8	197	1.2918617725372314	36.0	1e-05
22	9	198	1.9147087335586548	28.571428571428573	1e-05
23	1	199	1.0597950220108032	54.0	1e-05
23	2	200	1.4608885049819946	34.0	1e-05
23	3	201	1.2179313898086548	38.0	1e-05
23	4	202	1.0681350231170654	46.0	1e-05
23	5	203	1.1984188556671143	40.0	1e-05
23	6	204	1.9573131799697876	26.0	1e-05
23	7	205	1.4206777811050415	36.0	1e-05
23	8	206	1.105841875076294	46.0	1e-05
23	9	207	2.1182448863983154	42.857142857142854	1e-05
24	1	208	1.255584955215454	46.0	1e-05
24	2	209	1.0752660036087036	44.0	1e-05
24	3	210	1.22590970993042	48.0	1e-05
24	4	211	1.4275083541870117	36.0	1e-05
24	5	212	1.4528965950012207	32.0	1e-05
24	6	213	1.3677058219909668	36.0	1e-05
24	7	214	1.4934698343276978	28.0	1e-05
24	8	215	1.1802369356155396	40.0	1e-05
24	9	216	1.3827192783355713	28.571428571428573	1e-05
25	1	217	1.4496476650238037	30.0	1e-05
25	2	218	1.2561248540878296	46.0	1e-05
25	3	219	1.6713950634002686	36.0	1e-05
25	4	220	1.2352073192596436	52.0	1e-05
25	5	221	1.6001596450805664	30.0	1e-05
25	6	222	1.5422569513320923	42.0	1e-05
25	7	223	1.0312741994857788	46.0	1e-05
25	8	224	1.1285319328308105	50.0	1e-05
25	9	225	1.6391220092773438	14.285714285714286	1e-05
26	1	226	1.2971495389938354	32.0	1e-05
26	2	227	1.9485101699829102	24.0	1e-05
26	3	228	1.0432257652282715	46.0	1e-05
26	4	229	1.1404021978378296	48.0	1e-05
26	5	230	1.272696852684021	42.0	1e-05
26	6	231	0.9942477345466614	58.0	1e-05
26	7	232	1.3757301568984985	52.0	1e-05
26	8	233	1.1119707822799683	42.0	1e-05
26	9	234	0.9906336665153503	71.42857142857143	1e-05
27	1	235	1.0194215774536133	52.0	1e-05
27	2	236	1.0692627429962158	52.0	1e-05
27	3	237	1.1325534582138062	48.0	1e-05
27	4	238	1.0314140319824219	50.0	1e-05
27	5	239	1.6197364330291748	32.0	1e-05
27	6	240	1.697947382926941	30.0	1e-05
27	7	241	1.3020175695419312	38.0	1e-05
27	8	242	1.278896450996399	42.0	1e-05
27	9	243	1.135071873664856	42.857142857142854	1e-05
28	1	244	1.4141960144042969	48.0	1e-05
28	2	245	1.0788019895553589	46.0	1e-05
28	3	246	1.2739193439483643	48.0	1e-05
28	4	247	1.262337327003479	50.0	1e-05
28	5	248	1.026918888092041	48.0	1e-05
28	6	249	0.9977458119392395	50.0	1e-05
28	7	250	1.1041936874389648	46.0	1e-05
28	8	251	1.3132606744766235	36.0	1e-05
28	9	252	1.535948395729065	57.142857142857146	1e-05
29	1	253	1.1787465810775757	48.0	1e-05
29	2	254	0.9528506398200989	58.0	1e-05
29	3	255	1.005221962928772	48.0	1e-05
29	4	256	1.525577425956726	44.0	1e-05
29	5	257	1.2806694507598877	40.0	1e-05
29	6	258	1.0090227127075195	52.0	1e-05
29	7	259	1.4555233716964722	46.0	1e-05
29	8	260	1.2982494831085205	38.0	1e-05
29	9	261	1.4683492183685303	14.285714285714286	1e-05
30	1	262	1.0656546354293823	50.0	1e-05
30	2	263	1.102973461151123	48.0	1e-05
30	3	264	1.3025054931640625	44.0	1e-05
30	4	265	1.0948705673217773	50.0	1e-05
30	5	266	1.0067474842071533	52.0	1e-05
30	6	267	0.9953964948654175	46.0	1e-05
30	7	268	1.0253294706344604	54.0	1e-05
30	8	269	1.1093612909317017	44.0	1e-05
30	9	270	0.9206210374832153	71.42857142857143	1e-05
31	1	271	1.0176160335540771	48.0	1e-05
31	2	272	1.383122205734253	46.0	1e-05
31	3	273	1.1410566568374634	38.0	1e-05
31	4	274	1.015856385231018	50.0	1e-05
31	5	275	1.223522663116455	40.0	1e-05
31	6	276	0.9011284112930298	52.0	1e-05
31	7	277	1.290536642074585	40.0	1e-05
31	8	278	1.2597473859786987	36.0	1e-05
31	9	279	1.1399413347244263	42.857142857142854	1e-05
32	1	280	0.875672459602356	50.0	1e-05
32	2	281	1.2336888313293457	42.0	1e-05
32	3	282	1.0789836645126343	40.0	1e-05
32	4	283	1.4378384351730347	44.0	1e-05
32	5	284	1.1264704465866089	42.0	1e-05
32	6	285	1.1224597692489624	58.0	1e-05
32	7	286	0.8711822032928467	48.0	1e-05
32	8	287	0.886822521686554	50.0	1e-05
32	9	288	1.0120337009429932	71.42857142857143	1e-05
33	1	289	1.0959465503692627	44.0	1e-05
33	2	290	1.0626205205917358	50.0	1e-05
33	3	291	0.9602263569831848	50.0	1e-05
33	4	292	1.1598855257034302	42.0	1e-05
33	5	293	1.2223312854766846	54.0	1e-05
33	6	294	1.0493419170379639	54.0	1e-05
33	7	295	1.0074774026870728	48.0	1e-05
33	8	296	1.312124490737915	52.0	1e-05
33	9	297	1.1993706226348877	28.571428571428573	1e-05
34	1	298	1.2238802909851074	50.0	1e-05
34	2	299	0.9772880673408508	58.0	1e-05
34	3	300	1.2447410821914673	48.0	1e-05
34	4	301	1.0846688747406006	46.0	1e-05
34	5	302	1.1234955787658691	54.0	1e-05
34	6	303	1.3444912433624268	40.0	1e-05
34	7	304	1.1799383163452148	56.0	1e-05
34	8	305	1.2660034894943237	42.0	1e-05
34	9	306	1.0882881879806519	42.857142857142854	1e-05
35	1	307	1.0906482934951782	50.0	1e-05
35	2	308	1.1381913423538208	50.0	1e-05
35	3	309	1.2399239540100098	46.0	1e-05
35	4	310	1.2997899055480957	42.0	1e-05
35	5	311	1.1672472953796387	48.0	1e-05
35	6	312	1.1814548969268799	58.0	1e-05
35	7	313	1.5846749544143677	38.0	1e-05
35	8	314	1.0251132249832153	52.0	1e-05
35	9	315	1.1945091485977173	28.571428571428573	1e-05
36	1	316	1.2530878782272339	44.0	1e-05
36	2	317	1.1567038297653198	44.0	1e-05
36	3	318	1.3085941076278687	46.0	1e-05
36	4	319	1.3238139152526855	42.0	1e-05
36	5	320	1.0894474983215332	46.0	1e-05
36	6	321	0.9569664597511292	48.0	1e-05
36	7	322	0.9035795331001282	50.0	1e-05
36	8	323	1.1100884675979614	54.0	1e-05
36	9	324	0.8027287125587463	57.142857142857146	1e-05
37	1	325	1.140971302986145	40.0	1e-05
37	2	326	0.9935749769210815	52.0	1e-05
37	3	327	1.0146652460098267	58.0	1e-05
37	4	328	1.0564769506454468	50.0	1e-05
37	5	329	0.8322219848632812	54.0	1e-05
37	6	330	1.0092929601669312	56.0	1e-05
37	7	331	1.1441185474395752	40.0	1e-05
37	8	332	0.9190197587013245	54.0	1e-05
37	9	333	1.520223617553711	42.857142857142854	1e-05
38	1	334	1.0327438116073608	60.0	1e-05
38	2	335	0.9316102862358093	58.0	1e-05
38	3	336	0.8276715874671936	56.0	1e-05
38	4	337	1.5782335996627808	38.0	1e-05
38	5	338	1.0031148195266724	50.0	1e-05
38	6	339	0.8526824116706848	56.0	1e-05
38	7	340	1.1774265766143799	52.0	1e-05
38	8	341	0.8158196210861206	62.0	1e-05
38	9	342	1.109951376914978	42.857142857142854	1e-05
39	1	343	1.0841983556747437	44.0	1e-05
39	2	344	0.9475614428520203	56.0	1e-05
39	3	345	0.9882090091705322	34.0	1e-05
39	4	346	0.8989440202713013	56.0	1e-05
39	5	347	1.0082241296768188	48.0	1e-05
39	6	348	1.1832911968231201	58.0	1e-05
39	7	349	1.2974541187286377	48.0	1e-05
39	8	350	0.8543461561203003	54.0	1e-05
39	9	351	1.3697589635849	28.571428571428573	1e-05
40	1	352	1.0628070831298828	50.0	1e-05
40	2	353	0.9935339093208313	60.0	1e-05
40	3	354	1.0000944137573242	54.0	1e-05
40	4	355	0.9911494255065918	54.0	1e-05
40	5	356	0.9558658003807068	46.0	1e-05
40	6	357	1.0048649311065674	54.0	1e-05
40	7	358	1.0138657093048096	48.0	1e-05
40	8	359	1.0313698053359985	46.0	1e-05
40	9	360	1.799253225326538	42.857142857142854	1e-05
41	1	361	0.9795282483100891	50.0	1e-05
41	2	362	0.9275006651878357	64.0	1e-05
41	3	363	0.8557646870613098	54.0	1e-05
41	4	364	0.9177635908126831	60.0	1e-05
41	5	365	1.1639939546585083	56.0	1e-05
41	6	366	0.9867624044418335	58.0	1e-05
41	7	367	1.1193081140518188	38.0	1e-05
41	8	368	0.9361948370933533	58.0	1e-05
41	9	369	1.203062891960144	71.42857142857143	1e-05
42	1	370	1.1217764616012573	52.0	1e-05
42	2	371	0.9348008036613464	56.0	1e-05
42	3	372	0.9819599390029907	56.0	1e-05
42	4	373	1.1447087526321411	58.0	1e-05
42	5	374	1.0598464012145996	50.0	1e-05
42	6	375	0.841489315032959	58.0	1e-05
42	7	376	0.7899289727210999	60.0	1e-05
42	8	377	1.134820580482483	38.0	1e-05
42	9	378	1.1401442289352417	42.857142857142854	1e-05
43	1	379	0.8438423275947571	48.0	1e-05
43	2	380	1.1201683282852173	52.0	1e-05
43	3	381	0.8156119585037231	66.0	1e-05
43	4	382	0.7615885138511658	62.0	1e-05
43	5	383	1.082869291305542	58.0	1e-05
43	6	384	0.9961214661598206	46.0	1e-05
43	7	385	0.9194285869598389	54.0	1e-05
43	8	386	1.0317111015319824	62.0	1e-05
43	9	387	1.0626907348632812	28.571428571428573	1e-05
44	1	388	0.8707294464111328	52.0	1e-05
44	2	389	0.9874306321144104	54.0	1e-05
44	3	390	0.8339110612869263	64.0	1e-05
44	4	391	1.2359654903411865	48.0	1e-05
44	5	392	0.8102978467941284	60.0	1e-05
44	6	393	1.0310885906219482	52.0	1e-05
44	7	394	0.9686939716339111	56.0	1e-05
44	8	395	1.2894401550292969	44.0	1e-05
44	9	396	0.6340484619140625	71.42857142857143	1e-05
45	1	397	0.7524604797363281	64.0	1e-05
45	2	398	0.8327444195747375	56.0	1e-05
45	3	399	0.7165404558181763	74.0	1e-05
45	4	400	0.7249616980552673	66.0	1e-05
45	5	401	1.0362954139709473	48.0	1e-05
45	6	402	1.1522444486618042	48.0	1e-05
45	7	403	0.7609508037567139	64.0	1e-05
45	8	404	0.8371208310127258	64.0	1e-05
45	9	405	0.6902042031288147	71.42857142857143	1e-05
46	1	406	1.1700975894927979	50.0	1e-05
46	2	407	1.2119523286819458	28.0	1e-05
46	3	408	1.0517034530639648	50.0	1e-05
46	4	409	0.9415780901908875	56.0	1e-05
46	5	410	1.1682019233703613	46.0	1e-05
46	6	411	0.8175590634346008	56.0	1e-05
46	7	412	1.1085830926895142	56.0	1e-05
46	8	413	0.8628880381584167	58.0	1e-05
46	9	414	0.6052681803703308	57.142857142857146	1e-05
47	1	415	1.170391321182251	48.0	1e-05
47	2	416	0.7802855968475342	66.0	1e-05
47	3	417	0.9386160373687744	56.0	1e-05
47	4	418	1.070255160331726	52.0	1e-05
47	5	419	1.0792393684387207	56.0	1e-05
47	6	420	1.0548903942108154	50.0	1e-05
47	7	421	0.8607031106948853	54.0	1e-05
47	8	422	1.4070580005645752	50.0	1e-05
47	9	423	1.5660966634750366	28.571428571428573	1e-05
48	1	424	0.7682772278785706	64.0	1e-05
48	2	425	1.0687665939331055	50.0	1e-05
48	3	426	0.7139785289764404	64.0	1e-05
48	4	427	0.7537969350814819	60.0	1e-05
48	5	428	1.1639909744262695	52.0	1e-05
48	6	429	0.885039746761322	54.0	1e-05
48	7	430	0.8443382382392883	66.0	1e-05
48	8	431	1.2505453824996948	54.0	1e-05
48	9	432	1.0863770246505737	71.42857142857143	1e-05
49	1	433	0.8199554681777954	60.0	1e-05
49	2	434	1.0109301805496216	54.0	1e-05
49	3	435	0.6476461887359619	66.0	1e-05
49	4	436	1.1287307739257812	60.0	1e-05
49	5	437	0.9574982523918152	58.0	1e-05
49	6	438	0.957243025302887	56.0	1e-05
49	7	439	0.9401229619979858	56.0	1e-05
49	8	440	0.9434283375740051	58.0	1e-05
49	9	441	1.7777395248413086	42.857142857142854	1e-05
50	1	442	0.7541853189468384	68.0	1e-05
50	2	443	1.1876413822174072	52.0	1e-05
50	3	444	0.9803129434585571	52.0	1e-05
50	4	445	0.9312928915023804	58.0	1e-05
50	5	446	0.8903360962867737	66.0	1e-05
50	6	447	0.8680498600006104	62.0	1e-05
50	7	448	0.8701373934745789	48.0	1e-05
50	8	449	1.2905751466751099	36.0	1e-05
50	9	450	1.1552866697311401	42.857142857142854	1e-05
51	1	451	0.7875769734382629	64.0	1e-05
51	2	452	0.9267831444740295	58.0	1e-05
51	3	453	0.9451775550842285	46.0	1e-05
51	4	454	0.8660804033279419	58.0	1e-05
51	5	455	1.012689471244812	54.0	1e-05
51	6	456	0.7767304182052612	72.0	1e-05
51	7	457	1.0511114597320557	50.0	1e-05
51	8	458	0.6644753217697144	70.0	1e-05
51	9	459	0.9844333529472351	42.857142857142854	1e-05
52	1	460	0.8905231356620789	60.0	1e-05
52	2	461	0.8712412118911743	56.0	1e-05
52	3	462	1.122633695602417	42.0	1e-05
52	4	463	0.8168742656707764	60.0	1e-05
52	5	464	0.780112624168396	64.0	1e-05
52	6	465	0.9528239369392395	58.0	1e-05
52	7	466	0.7639313340187073	64.0	1e-05
52	8	467	0.7211712598800659	68.0	1e-05
52	9	468	0.7746108174324036	71.42857142857143	1e-05
53	1	469	0.787355899810791	64.0	1e-05
53	2	470	0.8838294148445129	60.0	1e-05
53	3	471	0.8329646587371826	66.0	1e-05
53	4	472	1.392654538154602	58.0	1e-05
53	5	473	0.9748288989067078	56.0	1e-05
53	6	474	1.5193077325820923	30.0	1e-05
53	7	475	0.719360888004303	68.0	1e-05
53	8	476	0.994574785232544	44.0	1e-05
53	9	477	1.495273470878601	42.857142857142854	1e-05
54	1	478	0.7918143272399902	54.0	1e-05
54	2	479	1.0431044101715088	50.0	1e-05
54	3	480	0.6718769073486328	68.0	1e-05
54	4	481	0.9926527142524719	60.0	1e-05
54	5	482	0.7293190956115723	60.0	1e-05
54	6	483	0.879119336605072	66.0	1e-05
54	7	484	0.7698876857757568	66.0	1e-05
54	8	485	1.2347675561904907	50.0	1e-05
54	9	486	1.4595404863357544	57.142857142857146	1e-05
55	1	487	0.8454641103744507	60.0	1e-05
55	2	488	0.8682349920272827	62.0	1e-05
55	3	489	0.9374220967292786	58.0	1e-05
55	4	490	0.8159378170967102	54.0	1e-05
55	5	491	0.8587309122085571	60.0	1e-05
55	6	492	0.8991761207580566	56.0	1e-05
55	7	493	0.8127261400222778	62.0	1e-05
55	8	494	0.9565396308898926	60.0	1e-05
55	9	495	1.509085774421692	28.571428571428573	1e-05
56	1	496	0.6960087418556213	64.0	1e-05
56	2	497	0.7657461762428284	60.0	1e-05
56	3	498	0.9448693990707397	54.0	1e-05
56	4	499	0.9216175079345703	52.0	1e-05
56	5	500	0.878563404083252	58.0	1e-05
56	6	501	1.3499598503112793	42.0	1e-05
56	7	502	0.8105541467666626	56.0	1e-05
56	8	503	1.0610065460205078	46.0	1e-05
56	9	504	1.5937328338623047	42.857142857142854	1e-05
57	1	505	0.7055879235267639	68.0	1e-05
57	2	506	0.7921811938285828	58.0	1e-05
57	3	507	0.9510470628738403	64.0	1e-05
57	4	508	1.0576679706573486	52.0	1e-05
57	5	509	0.883118212223053	62.0	1e-05
57	6	510	0.9939764142036438	56.0	1e-05
57	7	511	1.1447021961212158	46.0	1e-05
57	8	512	1.0887433290481567	56.0	1e-05
57	9	513	0.67158442735672	85.71428571428571	1e-05
58	1	514	0.8709153532981873	64.0	1e-05
58	2	515	0.9047406911849976	66.0	1e-05
58	3	516	0.9599210619926453	60.0	1e-05
58	4	517	1.0176044702529907	52.0	1e-05
58	5	518	0.7268890142440796	60.0	1e-05
58	6	519	0.8570477962493896	56.0	1e-05
58	7	520	1.156987190246582	44.0	1e-05
58	8	521	0.7699258923530579	62.0	1e-05
58	9	522	0.866327166557312	71.42857142857143	1e-05
59	1	523	0.8211391568183899	58.0	1e-05
59	2	524	0.8854130506515503	50.0	1e-05
59	3	525	0.6607090830802917	74.0	1e-05
59	4	526	0.8452767729759216	56.0	1e-05
59	5	527	1.2012211084365845	42.0	1e-05
59	6	528	0.7394809126853943	66.0	1e-05
59	7	529	0.8801555037498474	58.0	1e-05
59	8	530	0.7808429598808289	60.0	1e-05
59	9	531	0.8184790015220642	57.142857142857146	1e-05
60	1	532	0.8124437928199768	70.0	1e-05
60	2	533	0.86025071144104	52.0	1e-05
60	3	534	1.1514639854431152	52.0	1e-05
60	4	535	1.0939432382583618	58.0	1e-05
60	5	536	1.2068954706192017	60.0	1e-05
60	6	537	0.7518852949142456	66.0	1e-05
60	7	538	1.0787032842636108	60.0	1e-05
60	8	539	1.056145191192627	54.0	1e-05
60	9	540	0.697799801826477	71.42857142857143	1e-05
61	1	541	0.7133521437644958	56.0	1e-05
61	2	542	0.8823004961013794	58.0	1e-05
61	3	543	0.5539858937263489	82.0	1e-05
61	4	544	0.8216868042945862	68.0	1e-05
61	5	545	0.729185163974762	58.0	1e-05
61	6	546	0.726309061050415	50.0	1e-05
61	7	547	0.9709349870681763	54.0	1e-05
61	8	548	0.8922465443611145	68.0	1e-05
61	9	549	1.1169854402542114	71.42857142857143	1e-05
62	1	550	0.6031273007392883	70.0	1e-05
62	2	551	0.8232070207595825	58.0	1e-05
62	3	552	0.6945730447769165	68.0	1e-05
62	4	553	0.8534398674964905	58.0	1e-05
62	5	554	0.992624044418335	58.0	1e-05
62	6	555	0.8363124132156372	60.0	1e-05
62	7	556	1.201981544494629	46.0	1e-05
62	8	557	0.5913231372833252	68.0	1e-05
62	9	558	0.5728387832641602	85.71428571428571	1e-05
63	1	559	1.1365526914596558	54.0	1e-05
63	2	560	0.7167330384254456	66.0	1e-05
63	3	561	0.7983712553977966	64.0	1e-05
63	4	562	0.9051195383071899	62.0	1e-05
63	5	563	1.1712825298309326	46.0	1e-05
63	6	564	0.6560655832290649	72.0	1e-05
63	7	565	0.8389327526092529	64.0	1e-05
63	8	566	0.6981659531593323	64.0	1e-05
63	9	567	1.0520633459091187	42.857142857142854	1e-05
64	1	568	0.7067708373069763	72.0	1e-05
64	2	569	0.5573192834854126	74.0	1e-05
64	3	570	0.6416729092597961	62.0	1e-05
64	4	571	0.9435461163520813	52.0	1e-05
64	5	572	0.8634242415428162	62.0	1e-05
64	6	573	0.692797839641571	70.0	1e-05
64	7	574	0.6941261291503906	72.0	1e-05
64	8	575	0.7927647233009338	54.0	1e-05
64	9	576	1.1756502389907837	28.571428571428573	1e-05
65	1	577	0.8030459880828857	60.0	1e-05
65	2	578	0.871711790561676	60.0	1e-05
65	3	579	0.8175962567329407	62.0	1e-05
65	4	580	0.5544436573982239	76.0	1e-05
65	5	581	1.1082514524459839	54.0	1e-05
65	6	582	0.7304918169975281	68.0	1e-05
65	7	583	0.8312225341796875	68.0	1e-05
65	8	584	0.6613524556159973	72.0	1e-05
65	9	585	0.643351137638092	71.42857142857143	1e-05
66	1	586	0.6200301647186279	62.0	1e-05
66	2	587	0.7466630339622498	56.0	1e-05
66	3	588	0.7971967458724976	58.0	1e-05
66	4	589	0.7459737658500671	68.0	1e-05
66	5	590	1.0582047700881958	58.0	1e-05
66	6	591	0.724687933921814	70.0	1e-05
66	7	592	0.6667430400848389	62.0	1e-05
66	8	593	0.8871429562568665	64.0	1e-05
66	9	594	0.6707732081413269	85.71428571428571	1e-05
67	1	595	0.6933172345161438	68.0	1e-05
67	2	596	0.7872960567474365	66.0	1e-05
67	3	597	1.0001516342163086	54.0	1e-05
67	4	598	0.6711266040802002	72.0	1e-05
67	5	599	0.630190908908844	64.0	1e-05
67	6	600	0.6388149857521057	76.0	1e-05
67	7	601	0.7036769986152649	62.0	1e-05
67	8	602	0.7735793590545654	64.0	1e-05
67	9	603	0.5357606410980225	85.71428571428571	1e-05
68	1	604	1.0746331214904785	46.0	1e-05
68	2	605	0.7994229197502136	56.0	1e-05
68	3	606	1.1299982070922852	54.0	1e-05
68	4	607	0.6383578777313232	74.0	1e-05
68	5	608	0.5250846743583679	82.0	1e-05
68	6	609	0.673442006111145	64.0	1e-05
68	7	610	0.958686888217926	54.0	1e-05
68	8	611	0.6709363460540771	68.0	1e-05
68	9	612	0.773325502872467	71.42857142857143	1e-05
69	1	613	0.7018424868583679	64.0	1e-05
69	2	614	0.5325390100479126	76.0	1e-05
69	3	615	0.6773577928543091	68.0	1e-05
69	4	616	1.1569056510925293	48.0	1e-05
69	5	617	0.6698272824287415	66.0	1e-05
69	6	618	0.8301579356193542	62.0	1e-05
69	7	619	0.9608902931213379	56.0	1e-05
69	8	620	0.579908549785614	68.0	1e-05
69	9	621	1.0283334255218506	57.142857142857146	1e-05
70	1	622	0.5315729379653931	76.0	1e-05
70	2	623	0.7750418782234192	62.0	1e-05
70	3	624	0.5809099674224854	76.0	1e-05
70	4	625	0.8600621819496155	62.0	1e-05
70	5	626	0.7870935201644897	68.0	1e-05
70	6	627	0.5320540070533752	72.0	1e-05
70	7	628	0.8873985409736633	62.0	1e-05
70	8	629	0.8270197510719299	66.0	1e-05
70	9	630	0.45045849680900574	71.42857142857143	1e-05
71	1	631	0.7280951142311096	72.0	1e-05
71	2	632	0.993013322353363	62.0	1e-05
71	3	633	0.6885520815849304	54.0	1e-05
71	4	634	0.6234013438224792	72.0	1e-05
71	5	635	0.9038266539573669	64.0	1e-05
71	6	636	0.8538831472396851	66.0	1e-05
71	7	637	0.8269212245941162	60.0	1e-05
71	8	638	0.8522502183914185	66.0	1e-05
71	9	639	1.042159080505371	57.142857142857146	1e-05
72	1	640	0.7668701410293579	70.0	1e-05
72	2	641	0.5531929135322571	74.0	1e-05
72	3	642	0.8253846168518066	58.0	1e-05
72	4	643	0.7864784002304077	58.0	1e-05
72	5	644	0.7051448225975037	72.0	1e-05
72	6	645	0.643352210521698	68.0	1e-05
72	7	646	0.5741981267929077	72.0	1e-05
72	8	647	0.728131890296936	62.0	1e-05
72	9	648	0.9349492192268372	42.857142857142854	1e-05
73	1	649	0.877410352230072	58.0	1e-05
73	2	650	0.5506446957588196	78.0	1e-05
73	3	651	0.782704770565033	58.0	1e-05
73	4	652	0.8187392950057983	54.0	1e-05
73	5	653	0.7260648608207703	68.0	1e-05
73	6	654	0.9299504160881042	64.0	1e-05
73	7	655	0.8310011029243469	64.0	1e-05
73	8	656	0.6306391358375549	68.0	1e-05
73	9	657	1.9008339643478394	28.571428571428573	1e-05
74	1	658	0.6248050928115845	74.0	1e-05
74	2	659	0.8107455968856812	60.0	1e-05
74	3	660	0.7179601788520813	70.0	1e-05
74	4	661	0.5865035057067871	76.0	1e-05
74	5	662	0.9868998527526855	66.0	1e-05
74	6	663	0.6662983894348145	82.0	1e-05
74	7	664	0.9652112722396851	58.0	1e-05
74	8	665	1.0526691675186157	56.0	1e-05
74	9	666	1.1542788743972778	42.857142857142854	1e-05
75	1	667	0.6098647117614746	70.0	1e-05
75	2	668	0.601544201374054	74.0	1e-05
75	3	669	0.8585512042045593	72.0	1e-05
75	4	670	1.0817029476165771	54.0	1e-05
75	5	671	0.8681958913803101	58.0	1e-05
75	6	672	0.5759631991386414	72.0	1e-05
75	7	673	1.0182697772979736	58.0	1e-05
75	8	674	0.8144941926002502	58.0	1e-05
75	9	675	0.5213750004768372	85.71428571428571	1e-05
76	1	676	0.6467897295951843	64.0	1e-05
76	2	677	0.6206266283988953	72.0	1e-05
76	3	678	0.6914950013160706	60.0	1e-05
76	4	679	0.9281191229820251	48.0	1e-05
76	5	680	0.6843476891517639	66.0	1e-05
76	6	681	0.8839966654777527	50.0	1e-05
76	7	682	0.6189357042312622	72.0	1e-05
76	8	683	0.7698723077774048	66.0	1e-05
76	9	684	0.43610140681266785	71.42857142857143	1e-05
77	1	685	0.6893264651298523	70.0	1e-05
77	2	686	0.583427906036377	68.0	1e-05
77	3	687	0.6176400184631348	74.0	1e-05
77	4	688	0.9748903512954712	48.0	1e-05
77	5	689	0.6969437599182129	78.0	1e-05
77	6	690	0.6922264099121094	62.0	1e-05
77	7	691	0.7559530735015869	70.0	1e-05
77	8	692	0.6955697536468506	66.0	1e-05
77	9	693	0.9857142567634583	57.142857142857146	1e-05
78	1	694	0.6145359873771667	76.0	1e-05
78	2	695	0.7004290223121643	72.0	1e-05
78	3	696	1.0105595588684082	56.0	1e-05
78	4	697	0.5549790859222412	70.0	1e-05
78	5	698	0.6796119809150696	64.0	1e-05
78	6	699	0.7756726145744324	66.0	1e-05
78	7	700	0.7979774475097656	64.0	1e-05
78	8	701	0.5969153046607971	80.0	1e-05
78	9	702	0.29108190536499023	85.71428571428571	1e-05
79	1	703	0.7108489274978638	68.0	1e-05
79	2	704	0.7054802179336548	66.0	1e-05
79	3	705	0.6404677033424377	70.0	1e-05
79	4	706	0.5568633079528809	72.0	1e-05
79	5	707	0.6223863363265991	72.0	1e-05
79	6	708	0.7924106121063232	66.0	1e-05
79	7	709	0.681039035320282	68.0	1e-05
79	8	710	0.49451279640197754	80.0	1e-05
79	9	711	0.682453453540802	57.142857142857146	1e-05
80	1	712	0.570952296257019	70.0	1e-05
80	2	713	0.7598106861114502	74.0	1e-05
80	3	714	0.779524564743042	66.0	1e-05
80	4	715	0.6672753691673279	74.0	1e-05
80	5	716	0.8682270050048828	60.0	1e-05
80	6	717	0.7617918252944946	62.0	1e-05
80	7	718	0.7576665282249451	66.0	1e-05
80	8	719	0.8702759742736816	66.0	1e-05
80	9	720	0.7386568784713745	85.71428571428571	1e-05
81	1	721	0.8755032420158386	66.0	1e-05
81	2	722	0.5904880166053772	82.0	1e-05
81	3	723	0.7644473314285278	58.0	1e-05
81	4	724	0.6481612920761108	74.0	1e-05
81	5	725	0.6536823511123657	76.0	1e-05
81	6	726	0.6402721405029297	66.0	1e-05
81	7	727	1.0170354843139648	58.0	1e-05
81	8	728	0.6363612413406372	64.0	1e-05
81	9	729	0.5795239806175232	71.42857142857143	1e-05
82	1	730	0.8018978834152222	62.0	1e-05
82	2	731	0.6219792366027832	74.0	1e-05
82	3	732	0.7362368702888489	72.0	1e-05
82	4	733	0.5414383411407471	78.0	1e-05
82	5	734	0.7907506823539734	66.0	1e-05
82	6	735	0.5694403052330017	72.0	1e-05
82	7	736	0.8291005492210388	58.0	1e-05
82	8	737	0.8037901520729065	62.0	1e-05
82	9	738	0.2545176148414612	100.0	1e-05
83	1	739	0.7291944026947021	72.0	1e-05
83	2	740	0.9229410290718079	48.0	1e-05
83	3	741	0.7418964505195618	68.0	1e-05
83	4	742	0.9924418926239014	52.0	1e-05
83	5	743	0.5381172895431519	72.0	1e-05
83	6	744	0.4574708044528961	82.0	1e-05
83	7	745	0.8260295391082764	66.0	1e-05
83	8	746	0.6882169842720032	70.0	1e-05
83	9	747	0.6947292685508728	71.42857142857143	1e-05
84	1	748	0.5635187029838562	74.0	1e-05
84	2	749	0.5454421043395996	74.0	1e-05
84	3	750	0.6671063303947449	76.0	1e-05
84	4	751	0.6716566681861877	66.0	1e-05
84	5	752	0.8661013245582581	64.0	1e-05
84	6	753	0.8440222144126892	60.0	1e-05
84	7	754	0.9322817325592041	68.0	1e-05
84	8	755	0.8824058771133423	56.0	1e-05
84	9	756	1.0090285539627075	42.857142857142854	1e-05
85	1	757	0.5725243091583252	70.0	1e-05
85	2	758	0.7556192278862	60.0	1e-05
85	3	759	0.6929659247398376	72.0	1e-05
85	4	760	0.5844552516937256	64.0	1e-05
85	5	761	0.6695273518562317	72.0	1e-05
85	6	762	0.7075238227844238	68.0	1e-05
85	7	763	0.6596658229827881	64.0	1e-05
85	8	764	0.6978211402893066	70.0	1e-05
85	9	765	0.9146919250488281	71.42857142857143	1e-05
86	1	766	0.5124410390853882	78.0	1e-05
86	2	767	0.8998957276344299	58.0	1e-05
86	3	768	0.621859073638916	76.0	1e-05
86	4	769	0.6090089678764343	66.0	1e-05
86	5	770	0.5939527153968811	70.0	1e-05
86	6	771	0.8656493425369263	54.0	1e-05
86	7	772	0.6373582482337952	72.0	1e-05
86	8	773	0.7309511303901672	70.0	1e-05
86	9	774	0.3445194661617279	85.71428571428571	1e-05
87	1	775	0.8534049987792969	60.0	1e-05
87	2	776	1.134148359298706	50.0	1e-05
87	3	777	0.7403474450111389	66.0	1e-05
87	4	778	0.4500129818916321	82.0	1e-05
87	5	779	0.5518984794616699	78.0	1e-05
87	6	780	0.5160137414932251	70.0	1e-05
87	7	781	0.8040217757225037	62.0	1e-05
87	8	782	0.5672684907913208	76.0	1e-05
87	9	783	0.6487387418746948	71.42857142857143	1e-05
88	1	784	0.44552525877952576	78.0	1e-05
88	2	785	0.6892954111099243	72.0	1e-05
88	3	786	0.5419787764549255	74.0	1e-05
88	4	787	0.586868166923523	80.0	1e-05
88	5	788	0.7321693301200867	60.0	1e-05
88	6	789	0.5829251408576965	70.0	1e-05
88	7	790	0.5293764472007751	78.0	1e-05
88	8	791	0.6501088738441467	70.0	1e-05
88	9	792	0.9503976106643677	57.142857142857146	1e-05
89	1	793	0.48074084520339966	80.0	1e-05
89	2	794	0.6036244034767151	72.0	1e-05
89	3	795	0.6595560312271118	74.0	1e-05
89	4	796	1.1123855113983154	56.0	1e-05
89	5	797	0.578540027141571	68.0	1e-05
89	6	798	0.825279951095581	60.0	1e-05
89	7	799	0.6340076923370361	74.0	1e-05
89	8	800	0.5975534915924072	70.0	1e-05
89	9	801	1.0700424909591675	57.142857142857146	1e-05
90	1	802	0.620648980140686	74.0	1e-05
90	2	803	0.6301707625389099	72.0	1e-05
90	3	804	0.5819677114486694	74.0	1e-05
90	4	805	0.5345419049263	80.0	1e-05
90	5	806	0.5398744344711304	72.0	1e-05
90	6	807	0.5532780885696411	76.0	1e-05
90	7	808	0.7318185567855835	62.0	1e-05
90	8	809	0.6345119476318359	68.0	1e-05
90	9	810	2.359282970428467	57.142857142857146	1e-05
91	1	811	0.5216377973556519	76.0	1e-05
91	2	812	0.7106219530105591	72.0	1e-05
91	3	813	0.6964651346206665	74.0	1e-05
91	4	814	0.6950252056121826	66.0	1e-05
91	5	815	0.5304982662200928	76.0	1e-05
91	6	816	0.6530274748802185	68.0	1e-05
91	7	817	0.6589211225509644	66.0	1e-05
91	8	818	0.7834526300430298	64.0	1e-05
91	9	819	0.42568132281303406	85.71428571428571	1e-05
92	1	820	0.5106571912765503	72.0	1e-05
92	2	821	0.8720144033432007	60.0	1e-05
92	3	822	0.6835394501686096	70.0	1e-05
92	4	823	0.5479337573051453	72.0	1e-05
92	5	824	0.7718508839607239	68.0	1e-05
92	6	825	0.572538435459137	70.0	1e-05
92	7	826	0.5529588460922241	74.0	1e-05
92	8	827	0.7326743602752686	70.0	1e-05
92	9	828	1.218758463859558	57.142857142857146	1e-05
93	1	829	0.8859547972679138	64.0	1e-05
93	2	830	0.6196271181106567	82.0	1e-05
93	3	831	0.7853202819824219	62.0	1e-05
93	4	832	0.5919138193130493	70.0	1e-05
93	5	833	0.647838294506073	68.0	1e-05
93	6	834	0.6370131969451904	66.0	1e-05
93	7	835	0.6255437731742859	70.0	1e-05
93	8	836	0.6794648766517639	64.0	1e-05
93	9	837	0.5017713308334351	71.42857142857143	1e-05
