epoch	batch	iter	loss	acc	lr
1	1	1	1.8521068096160889	10.0	1e-06
1	2	2	1.8353054523468018	8.0	1e-06
1	3	3	1.7321758270263672	20.0	1e-06
2	1	4	1.844759464263916	10.0	1e-06
2	2	5	1.8011484146118164	18.0	1e-06
2	3	6	1.7957022190093994	15.0	1e-06
3	1	7	1.7934309244155884	20.0	1e-06
3	2	8	1.7678513526916504	20.0	1e-06
3	3	9	1.812950849533081	10.0	1e-06
4	1	10	1.772162914276123	18.0	1e-06
4	2	11	1.81773042678833	14.0	1e-06
4	3	12	1.7861801385879517	20.0	1e-06
5	1	13	1.8007012605667114	14.0	1e-06
5	2	14	1.7804402112960815	20.0	1e-06
5	3	15	1.7581138610839844	25.0	1e-06
6	1	16	1.782381534576416	26.0	1e-06
6	2	17	1.7696754932403564	18.0	1e-06
6	3	18	1.7899093627929688	25.0	1e-06
7	1	19	1.7697978019714355	20.0	1e-06
7	2	20	1.7516216039657593	34.0	1e-06
7	3	21	1.7587238550186157	25.0	1e-06
8	1	22	1.786868929862976	20.0	1e-06
8	2	23	1.7480212450027466	22.0	1e-06
8	3	24	1.7640340328216553	20.0	1e-06
9	1	25	1.7404104471206665	26.0	1e-06
9	2	26	1.7609063386917114	24.0	1e-06
9	3	27	1.7559354305267334	15.0	1e-06
10	1	28	1.7203254699707031	30.0	1e-06
10	2	29	1.7546110153198242	14.0	1e-06
10	3	30	1.7847235202789307	30.0	1e-06
11	1	31	1.7359166145324707	30.0	1e-06
11	2	32	1.7479842901229858	20.0	1e-06
11	3	33	1.674127221107483	35.0	1e-06
12	1	34	1.7378672361373901	26.0	1e-06
12	2	35	1.756411075592041	26.0	1e-06
12	3	36	1.7129738330841064	40.0	1e-06
13	1	37	1.733566403388977	26.0	1e-06
13	2	38	1.7231777906417847	28.0	1e-06
13	3	39	1.7505260705947876	25.0	1e-06
14	1	40	1.7334094047546387	22.0	1e-06
14	2	41	1.6867954730987549	30.0	1e-06
14	3	42	1.7882705926895142	25.0	1e-06
15	1	43	1.6889293193817139	36.0	1e-06
15	2	44	1.7394263744354248	24.0	1e-06
15	3	45	1.73751699924469	25.0	1e-06
16	1	46	1.7591562271118164	22.0	1e-06
16	2	47	1.6852413415908813	36.0	1e-06
16	3	48	1.7350057363510132	10.0	1e-06
17	1	49	1.6835812330245972	36.0	1e-06
17	2	50	1.682511806488037	32.0	1e-06
17	3	51	1.7452929019927979	15.0	1e-06
18	1	52	1.7566038370132446	22.0	1e-06
18	2	53	1.682084560394287	36.0	1e-06
18	3	54	1.7030071020126343	30.0	1e-06
19	1	55	1.6872903108596802	32.0	1e-06
19	2	56	1.6874526739120483	32.0	1e-06
19	3	57	1.6734033823013306	25.0	1e-06
20	1	58	1.6860761642456055	32.0	1e-06
20	2	59	1.6952545642852783	26.0	1e-06
20	3	60	1.686061143875122	30.0	1e-06
21	1	61	1.709729790687561	28.0	1e-06
21	2	62	1.706649899482727	24.0	1e-06
21	3	63	1.6161563396453857	55.0	1e-06
22	1	64	1.6573779582977295	30.0	1e-06
22	2	65	1.6376633644104004	36.0	1e-06
22	3	66	1.759399652481079	20.0	1e-06
23	1	67	1.6904281377792358	26.0	1e-06
23	2	68	1.6513155698776245	36.0	1e-06
23	3	69	1.7142187356948853	25.0	1e-06
24	1	70	1.7058123350143433	30.0	1e-06
24	2	71	1.6695061922073364	36.0	1e-06
24	3	72	1.6511061191558838	45.0	1e-06
25	1	73	1.6823054552078247	28.0	1e-06
25	2	74	1.698946475982666	32.0	1e-06
25	3	75	1.6660544872283936	35.0	1e-06
26	1	76	1.661462664604187	32.0	1e-06
26	2	77	1.6172358989715576	34.0	1e-06
26	3	78	1.5762410163879395	45.0	1e-06
27	1	79	1.615809440612793	26.0	1e-06
27	2	80	1.6690826416015625	28.0	1e-06
27	3	81	1.744992971420288	10.0	1e-06
28	1	82	1.6348341703414917	34.0	1e-06
28	2	83	1.6433407068252563	36.0	1e-06
28	3	84	1.6635186672210693	25.0	1e-06
29	1	85	1.6394535303115845	36.0	1e-06
29	2	86	1.6607104539871216	28.0	1e-06
29	3	87	1.6101996898651123	35.0	1e-06
30	1	88	1.6214655637741089	30.0	1e-06
30	2	89	1.6599200963974	36.0	1e-06
30	3	90	1.6407558917999268	25.0	1e-06
31	1	91	1.6813350915908813	20.0	1e-06
31	2	92	1.6128833293914795	42.0	1e-06
31	3	93	1.5891633033752441	55.0	1e-06
32	1	94	1.6619316339492798	34.0	1e-06
32	2	95	1.5876580476760864	30.0	1e-06
32	3	96	1.6564853191375732	20.0	1e-06
33	1	97	1.6194179058074951	32.0	1e-06
33	2	98	1.5686395168304443	42.0	1e-06
33	3	99	1.6932117938995361	15.0	1e-06
34	1	100	1.6125510931015015	36.0	1e-06
34	2	101	1.5782465934753418	32.0	1e-06
34	3	102	1.6725317239761353	35.0	1e-06
35	1	103	1.5996044874191284	28.0	1e-06
35	2	104	1.6001029014587402	28.0	1e-06
35	3	105	1.5671119689941406	25.0	1e-06
36	1	106	1.5617061853408813	32.0	1e-06
36	2	107	1.5608413219451904	42.0	1e-06
36	3	108	1.6779415607452393	30.0	1e-06
37	1	109	1.6162147521972656	28.0	1e-06
37	2	110	1.6134432554244995	38.0	1e-06
37	3	111	1.5419344902038574	45.0	1e-06
38	1	112	1.5965346097946167	32.0	1e-06
38	2	113	1.5710927248001099	36.0	1e-06
38	3	114	1.6363662481307983	10.0	1e-06
39	1	115	1.5821342468261719	34.0	1e-06
39	2	116	1.586144208908081	38.0	1e-06
39	3	117	1.6447986364364624	30.0	1e-06
40	1	118	1.5989495515823364	26.0	1e-06
40	2	119	1.5832480192184448	38.0	1e-06
40	3	120	1.6252262592315674	30.0	1e-06
41	1	121	1.5948392152786255	26.0	1e-06
41	2	122	1.5854899883270264	38.0	1e-06
41	3	123	1.5050047636032104	35.0	1e-06
42	1	124	1.5155452489852905	40.0	1e-06
42	2	125	1.5670360326766968	30.0	1e-06
42	3	126	1.5943567752838135	30.0	1e-06
43	1	127	1.5872738361358643	30.0	1e-06
43	2	128	1.5455430746078491	32.0	1e-06
43	3	129	1.5504376888275146	35.0	1e-06
44	1	130	1.5379143953323364	40.0	1e-06
44	2	131	1.5605926513671875	32.0	1e-06
44	3	132	1.5910351276397705	20.0	1e-06
45	1	133	1.560173749923706	26.0	1e-06
45	2	134	1.521149754524231	44.0	1e-06
45	3	135	1.5384174585342407	45.0	1e-06
46	1	136	1.5346592664718628	42.0	1e-06
46	2	137	1.5752218961715698	28.0	1e-06
46	3	138	1.5377705097198486	45.0	1e-06
47	1	139	1.5353060960769653	42.0	1e-06
47	2	140	1.5959185361862183	34.0	1e-06
47	3	141	1.521039366722107	40.0	1e-06
48	1	142	1.540315866470337	42.0	1e-06
48	2	143	1.6209815740585327	26.0	1e-06
48	3	144	1.5836511850357056	30.0	1e-06
49	1	145	1.4832887649536133	42.0	1e-06
49	2	146	1.5166212320327759	34.0	1e-06
49	3	147	1.4775376319885254	35.0	1e-06
50	1	148	1.5665841102600098	36.0	1e-06
50	2	149	1.5532984733581543	26.0	1e-06
50	3	150	1.5516901016235352	40.0	1e-06
51	1	151	1.5505268573760986	36.0	1e-06
51	2	152	1.4938592910766602	40.0	1e-06
51	3	153	1.5863301753997803	35.0	1e-06
52	1	154	1.505123257637024	36.0	1e-06
52	2	155	1.516473412513733	36.0	1e-06
52	3	156	1.5632550716400146	35.0	1e-06
53	1	157	1.5618782043457031	36.0	1e-06
53	2	158	1.530794620513916	42.0	1e-06
53	3	159	1.5452110767364502	30.0	1e-06
54	1	160	1.5672476291656494	30.0	1e-06
54	2	161	1.5129649639129639	36.0	1e-06
54	3	162	1.530465841293335	25.0	1e-06
55	1	163	1.5121116638183594	42.0	1e-06
55	2	164	1.6141786575317383	38.0	1e-06
55	3	165	1.4670082330703735	45.0	1e-06
56	1	166	1.494825839996338	28.0	1e-06
56	2	167	1.5079946517944336	42.0	1e-06
56	3	168	1.4594972133636475	50.0	1e-06
57	1	169	1.4653013944625854	38.0	1e-06
57	2	170	1.4995760917663574	46.0	1e-06
57	3	171	1.6390464305877686	10.0	1e-06
58	1	172	1.469178318977356	34.0	1e-06
58	2	173	1.4838863611221313	42.0	1e-06
58	3	174	1.5126235485076904	30.0	1e-06
59	1	175	1.4635390043258667	42.0	1e-06
59	2	176	1.4853535890579224	34.0	1e-06
59	3	177	1.6200439929962158	20.0	1e-06
60	1	178	1.4668606519699097	42.0	1e-06
60	2	179	1.4798954725265503	38.0	1e-06
60	3	180	1.4337213039398193	35.0	1e-06
61	1	181	1.5043848752975464	36.0	1e-06
61	2	182	1.4955334663391113	30.0	1e-06
61	3	183	1.5739719867706299	45.0	1e-06
62	1	184	1.5300384759902954	34.0	1e-06
62	2	185	1.5100902318954468	36.0	1e-06
62	3	186	1.4104516506195068	40.0	1e-06
63	1	187	1.4680616855621338	40.0	1e-06
63	2	188	1.5140668153762817	42.0	1e-06
63	3	189	1.5546119213104248	25.0	1e-06
64	1	190	1.4894225597381592	38.0	1e-06
64	2	191	1.4551398754119873	40.0	1e-06
64	3	192	1.4848674535751343	45.0	1e-06
65	1	193	1.493200421333313	32.0	1e-06
65	2	194	1.3979802131652832	40.0	1e-06
65	3	195	1.393069863319397	45.0	1e-06
66	1	196	1.437904715538025	44.0	1e-06
66	2	197	1.4386638402938843	36.0	1e-06
66	3	198	1.4714584350585938	40.0	1e-06
67	1	199	1.4995349645614624	36.0	1e-06
67	2	200	1.4492624998092651	44.0	1e-06
67	3	201	1.391098976135254	45.0	1e-06
68	1	202	1.4436715841293335	38.0	1e-06
68	2	203	1.3641260862350464	38.0	1e-06
68	3	204	1.5379254817962646	40.0	1e-06
69	1	205	1.482479214668274	34.0	1e-06
69	2	206	1.4546884298324585	40.0	1e-06
69	3	207	1.4923967123031616	30.0	1e-06
70	1	208	1.4425642490386963	44.0	1e-06
70	2	209	1.4992789030075073	34.0	1e-06
70	3	210	1.4444246292114258	45.0	1e-06
71	1	211	1.466722846031189	44.0	1e-06
71	2	212	1.4619758129119873	32.0	1e-06
71	3	213	1.4433211088180542	65.0	1e-06
72	1	214	1.4526340961456299	38.0	1e-06
72	2	215	1.4443589448928833	44.0	1e-06
72	3	216	1.4128749370574951	30.0	1e-06
73	1	217	1.4027314186096191	36.0	1e-06
73	2	218	1.3863414525985718	36.0	1e-06
73	3	219	1.5530542135238647	40.0	1e-06
74	1	220	1.3483308553695679	54.0	1e-06
74	2	221	1.4785280227661133	32.0	1e-06
74	3	222	1.4551150798797607	30.0	1e-06
75	1	223	1.3941267728805542	40.0	1e-06
75	2	224	1.465378999710083	38.0	1e-06
75	3	225	1.4061567783355713	50.0	1e-06
76	1	226	1.399220585823059	40.0	1e-06
76	2	227	1.3791013956069946	56.0	1e-06
76	3	228	1.4152963161468506	40.0	1e-06
77	1	229	1.4801350831985474	26.0	1e-06
77	2	230	1.3954815864562988	40.0	1e-06
77	3	231	1.3011062145233154	70.0	1e-06
78	1	232	1.4205175638198853	50.0	1e-06
78	2	233	1.4158395528793335	44.0	1e-06
78	3	234	1.4282146692276	40.0	1e-06
79	1	235	1.3323484659194946	50.0	1e-06
79	2	236	1.4870452880859375	38.0	1e-06
79	3	237	1.3886232376098633	30.0	1e-06
80	1	238	1.3949662446975708	42.0	1e-06
80	2	239	1.3483926057815552	50.0	1e-06
80	3	240	1.421847939491272	40.0	1e-06
81	1	241	1.3626114130020142	44.0	1e-06
81	2	242	1.430809736251831	42.0	1e-06
81	3	243	1.5930687189102173	35.0	1e-06
82	1	244	1.4237784147262573	46.0	1e-06
82	2	245	1.4330229759216309	48.0	1e-06
82	3	246	1.3273241519927979	55.0	1e-06
83	1	247	1.4599008560180664	36.0	1e-06
83	2	248	1.3574405908584595	54.0	1e-06
83	3	249	1.31045663356781	55.0	1e-06
84	1	250	1.366307258605957	36.0	1e-06
84	2	251	1.3504345417022705	50.0	1e-06
84	3	252	1.4167994260787964	50.0	1e-06
85	1	253	1.3370057344436646	40.0	1e-06
85	2	254	1.37990140914917	54.0	1e-06
85	3	255	1.2688697576522827	40.0	1e-06
86	1	256	1.3743274211883545	46.0	1e-06
86	2	257	1.4245691299438477	32.0	1e-06
86	3	258	1.305246114730835	55.0	1e-06
87	1	259	1.3810789585113525	42.0	1e-06
87	2	260	1.4141929149627686	36.0	1e-06
87	3	261	1.329134464263916	45.0	1e-06
88	1	262	1.2944749593734741	48.0	1e-06
88	2	263	1.4127801656723022	34.0	1e-06
88	3	264	1.2990161180496216	70.0	1e-06
89	1	265	1.393164873123169	52.0	1e-06
89	2	266	1.3395376205444336	58.0	1e-06
89	3	267	1.418197512626648	25.0	1e-06
90	1	268	1.3752175569534302	50.0	1e-06
90	2	269	1.4003695249557495	44.0	1e-06
90	3	270	1.3692129850387573	55.0	1e-06
91	1	271	1.4166173934936523	42.0	1e-06
91	2	272	1.3824479579925537	52.0	1e-06
91	3	273	1.4706997871398926	25.0	1e-06
92	1	274	1.370911717414856	46.0	1e-06
92	2	275	1.3740692138671875	44.0	1e-06
92	3	276	1.3507897853851318	50.0	1e-06
93	1	277	1.4316340684890747	34.0	1e-06
93	2	278	1.3197590112686157	54.0	1e-06
93	3	279	1.338233232498169	50.0	1e-06
94	1	280	1.3825461864471436	44.0	1e-06
94	2	281	1.345371127128601	46.0	1e-06
94	3	282	1.4070658683776855	45.0	1e-06
95	1	283	1.3144725561141968	50.0	1e-06
95	2	284	1.312455415725708	50.0	1e-06
95	3	285	1.3702927827835083	50.0	1e-06
96	1	286	1.3644583225250244	52.0	1e-06
96	2	287	1.4443466663360596	34.0	1e-06
96	3	288	1.3780003786087036	55.0	1e-06
97	1	289	1.3293718099594116	50.0	1e-06
97	2	290	1.2875295877456665	58.0	1e-06
97	3	291	1.3617384433746338	50.0	1e-06
98	1	292	1.4011873006820679	40.0	1e-06
98	2	293	1.2985081672668457	48.0	1e-06
98	3	294	1.2487512826919556	45.0	1e-06
99	1	295	1.3281965255737305	46.0	1e-06
99	2	296	1.319765329360962	56.0	1e-06
99	3	297	1.338034987449646	45.0	1e-06
100	1	298	1.358290433883667	40.0	1e-06
100	2	299	1.3408119678497314	48.0	1e-06
100	3	300	1.3872300386428833	50.0	1e-06
101	1	301	1.2876629829406738	48.0	1e-06
101	2	302	1.3223658800125122	38.0	1e-06
101	3	303	1.3724262714385986	40.0	1e-06
102	1	304	1.3323882818222046	46.0	1e-06
102	2	305	1.3737351894378662	42.0	1e-06
102	3	306	1.357853651046753	35.0	1e-06
103	1	307	1.320928692817688	46.0	1e-06
103	2	308	1.267660140991211	50.0	1e-06
103	3	309	1.4720288515090942	45.0	1e-06
104	1	310	1.3250676393508911	48.0	1e-06
104	2	311	1.3284794092178345	46.0	1e-06
104	3	312	1.3171132802963257	45.0	1e-06
105	1	313	1.3536388874053955	46.0	1e-06
105	2	314	1.2852226495742798	56.0	1e-06
105	3	315	1.2847092151641846	45.0	1e-06
106	1	316	1.2495118379592896	48.0	1e-06
106	2	317	1.3153725862503052	44.0	1e-06
106	3	318	1.2923715114593506	40.0	1e-06
107	1	319	1.2974239587783813	54.0	1e-06
107	2	320	1.334923505783081	48.0	1e-06
107	3	321	1.3571735620498657	25.0	1e-06
108	1	322	1.343835473060608	52.0	1e-06
108	2	323	1.273119330406189	40.0	1e-06
108	3	324	1.4177906513214111	45.0	1e-06
109	1	325	1.3014192581176758	46.0	1e-06
109	2	326	1.346664547920227	48.0	1e-06
109	3	327	1.2627309560775757	55.0	1e-06
110	1	328	1.310239315032959	44.0	1e-06
110	2	329	1.3703405857086182	42.0	1e-06
110	3	330	1.281685471534729	50.0	1e-06
111	1	331	1.3361033201217651	50.0	1e-06
111	2	332	1.3016979694366455	46.0	1e-06
111	3	333	1.3288533687591553	45.0	1e-06
112	1	334	1.251941442489624	58.0	1e-06
112	2	335	1.292075753211975	54.0	1e-06
112	3	336	1.3949644565582275	30.0	1e-06
113	1	337	1.355397343635559	50.0	1e-06
113	2	338	1.236110806465149	56.0	1e-06
113	3	339	1.3337595462799072	55.0	1e-06
114	1	340	1.2152743339538574	60.0	1e-06
114	2	341	1.2676568031311035	50.0	1e-06
114	3	342	1.331811785697937	30.0	1e-06
115	1	343	1.2440201044082642	56.0	1e-06
115	2	344	1.2537784576416016	50.0	1e-06
115	3	345	1.2924972772598267	45.0	1e-06
116	1	346	1.2364397048950195	60.0	1e-06
116	2	347	1.2642115354537964	48.0	1e-06
116	3	348	1.2782211303710938	50.0	1e-06
117	1	349	1.2715903520584106	58.0	1e-06
117	2	350	1.2893147468566895	54.0	1e-06
117	3	351	1.3938113451004028	30.0	1e-06
118	1	352	1.282191514968872	48.0	1e-06
118	2	353	1.2465713024139404	50.0	1e-06
118	3	354	1.272843599319458	65.0	1e-06
119	1	355	1.3011317253112793	58.0	1e-06
119	2	356	1.27579927444458	60.0	1e-06
119	3	357	1.3663008213043213	40.0	1e-06
120	1	358	1.303867220878601	52.0	1e-06
120	2	359	1.2363752126693726	52.0	1e-06
120	3	360	1.3375980854034424	35.0	1e-06
121	1	361	1.234321117401123	56.0	1e-06
121	2	362	1.3180601596832275	42.0	1e-06
121	3	363	1.3726680278778076	25.0	1e-06
122	1	364	1.2824902534484863	54.0	1e-06
122	2	365	1.2572649717330933	54.0	1e-06
122	3	366	1.3838436603546143	25.0	1e-06
123	1	367	1.2794995307922363	54.0	1e-06
123	2	368	1.243219017982483	48.0	1e-06
123	3	369	1.3247193098068237	40.0	1e-06
124	1	370	1.2902073860168457	54.0	1e-06
124	2	371	1.2610033750534058	56.0	1e-06
124	3	372	1.431673526763916	35.0	1e-06
125	1	373	1.2822428941726685	36.0	1e-06
125	2	374	1.2386902570724487	46.0	1e-06
125	3	375	1.2779699563980103	50.0	1e-06
126	1	376	1.1952646970748901	48.0	1e-06
126	2	377	1.1981265544891357	52.0	1e-06
126	3	378	1.2803407907485962	40.0	1e-06
127	1	379	1.2635794878005981	48.0	1e-06
127	2	380	1.2233144044876099	52.0	1e-06
127	3	381	1.2245275974273682	65.0	1e-06
128	1	382	1.263240098953247	48.0	1e-06
128	2	383	1.2895833253860474	50.0	1e-06
128	3	384	1.2235902547836304	70.0	1e-06
129	1	385	1.2506448030471802	50.0	1e-06
129	2	386	1.2502832412719727	50.0	1e-06
129	3	387	1.348455786705017	35.0	1e-06
130	1	388	1.201754093170166	58.0	1e-06
130	2	389	1.2315359115600586	54.0	1e-06
130	3	390	1.2329719066619873	55.0	1e-06
131	1	391	1.2083975076675415	66.0	1e-06
131	2	392	1.2171871662139893	50.0	1e-06
131	3	393	1.3267695903778076	40.0	1e-06
132	1	394	1.2324516773223877	48.0	1e-06
132	2	395	1.2143741846084595	58.0	1e-06
132	3	396	1.2411119937896729	55.0	1e-06
133	1	397	1.2042908668518066	54.0	1e-06
133	2	398	1.1908247470855713	52.0	1e-06
133	3	399	1.246172308921814	55.0	1e-06
134	1	400	1.1946299076080322	62.0	1e-06
134	2	401	1.299904227256775	42.0	1e-06
134	3	402	1.155593752861023	55.0	1e-06
135	1	403	1.2651084661483765	56.0	1e-06
135	2	404	1.1605597734451294	56.0	1e-06
135	3	405	1.2698386907577515	50.0	1e-06
136	1	406	1.2323318719863892	56.0	1e-06
136	2	407	1.1979466676712036	54.0	1e-06
136	3	408	1.132575511932373	55.0	1e-06
137	1	409	1.198797345161438	52.0	1e-06
137	2	410	1.2559289932250977	56.0	1e-06
137	3	411	1.2600425481796265	50.0	1e-06
138	1	412	1.1958460807800293	52.0	1e-06
138	2	413	1.222062349319458	64.0	1e-06
138	3	414	1.2432823181152344	45.0	1e-06
139	1	415	1.1967344284057617	60.0	1e-06
139	2	416	1.3263494968414307	48.0	1e-06
139	3	417	1.3235875368118286	55.0	1e-06
140	1	418	1.2115962505340576	68.0	1e-06
140	2	419	1.2661256790161133	56.0	1e-06
140	3	420	1.329514980316162	60.0	1e-06
141	1	421	1.2107881307601929	46.0	1e-06
141	2	422	1.2382968664169312	54.0	1e-06
141	3	423	1.1895852088928223	65.0	1e-06
142	1	424	1.200461983680725	56.0	1e-06
142	2	425	1.2245277166366577	52.0	1e-06
142	3	426	1.2417925596237183	55.0	1e-06
143	1	427	1.1835525035858154	76.0	1e-06
143	2	428	1.2769064903259277	52.0	1e-06
143	3	429	1.191050410270691	55.0	1e-06
144	1	430	1.2455365657806396	44.0	1e-06
144	2	431	1.1885533332824707	62.0	1e-06
144	3	432	1.2678240537643433	50.0	1e-06
145	1	433	1.1983264684677124	54.0	1e-06
145	2	434	1.1258667707443237	62.0	1e-06
145	3	435	1.17100989818573	40.0	1e-06
146	1	436	1.1748628616333008	64.0	1e-06
146	2	437	1.203330636024475	54.0	1e-06
146	3	438	1.2241771221160889	55.0	1e-06
147	1	439	1.2001245021820068	60.0	1e-06
147	2	440	1.181678295135498	54.0	1e-06
147	3	441	1.2053226232528687	40.0	1e-06
148	1	442	1.179954171180725	62.0	1e-06
148	2	443	1.1741931438446045	58.0	1e-06
148	3	444	1.2017196416854858	60.0	1e-06
149	1	445	1.1653181314468384	48.0	1e-06
149	2	446	1.1486340761184692	56.0	1e-06
149	3	447	1.2026903629302979	60.0	1e-06
150	1	448	1.1664690971374512	60.0	1e-06
150	2	449	1.2382616996765137	48.0	1e-06
150	3	450	1.295846939086914	45.0	1e-06
151	1	451	1.1923896074295044	68.0	1e-06
151	2	452	1.241175889968872	48.0	1e-06
151	3	453	1.1834255456924438	60.0	1e-06
152	1	454	1.1593194007873535	74.0	1e-06
152	2	455	1.213761329650879	56.0	1e-06
152	3	456	1.1984082460403442	45.0	1e-06
153	1	457	1.1706242561340332	62.0	1e-06
153	2	458	1.2236636877059937	52.0	1e-06
153	3	459	1.173919916152954	60.0	1e-06
154	1	460	1.2054497003555298	52.0	1e-06
154	2	461	1.193192958831787	66.0	1e-06
154	3	462	1.1042087078094482	55.0	1e-06
155	1	463	1.1886186599731445	66.0	1e-06
155	2	464	1.191563367843628	56.0	1e-06
155	3	465	1.1656520366668701	60.0	1e-06
156	1	466	1.1534234285354614	58.0	1e-06
156	2	467	1.1769388914108276	58.0	1e-06
156	3	468	1.1444664001464844	60.0	1e-06
157	1	469	1.2073485851287842	54.0	1e-06
157	2	470	1.1646226644515991	48.0	1e-06
157	3	471	1.1629891395568848	60.0	1e-06
158	1	472	1.1752748489379883	56.0	1e-06
158	2	473	1.1874083280563354	50.0	1e-06
158	3	474	1.187671184539795	60.0	1e-06
159	1	475	1.1820249557495117	60.0	1e-06
159	2	476	1.1809115409851074	58.0	1e-06
159	3	477	1.1961966753005981	50.0	1e-06
160	1	478	1.1641958951950073	54.0	1e-06
160	2	479	1.1406795978546143	52.0	1e-06
160	3	480	1.151260256767273	95.0	1e-06
161	1	481	1.1003707647323608	64.0	1e-06
161	2	482	1.1597386598587036	46.0	1e-06
161	3	483	1.2708261013031006	40.0	1e-06
162	1	484	1.1704165935516357	62.0	1e-06
162	2	485	1.1224488019943237	64.0	1e-06
162	3	486	1.1954705715179443	50.0	1e-06
163	1	487	1.2139549255371094	52.0	1e-06
163	2	488	1.112483263015747	60.0	1e-06
163	3	489	1.1878811120986938	45.0	1e-06
164	1	490	1.1476263999938965	50.0	1e-06
164	2	491	1.163893699645996	62.0	1e-06
164	3	492	1.1498115062713623	55.0	1e-06
165	1	493	1.2176921367645264	64.0	1e-06
165	2	494	1.1746171712875366	56.0	1e-06
165	3	495	1.246885061264038	55.0	1e-06
166	1	496	1.1203646659851074	64.0	1e-06
166	2	497	1.175816535949707	48.0	1e-06
166	3	498	1.142626166343689	65.0	1e-06
167	1	499	1.2113910913467407	52.0	1e-06
167	2	500	1.13470458984375	68.0	1e-06
167	3	501	1.2854413986206055	35.0	1e-06
168	1	502	1.1129626035690308	66.0	1e-06
168	2	503	1.1718734502792358	58.0	1e-06
168	3	504	1.1271919012069702	75.0	1e-06
169	1	505	1.1768795251846313	46.0	1e-06
169	2	506	1.163150668144226	58.0	1e-06
169	3	507	1.1412684917449951	70.0	1e-06
170	1	508	1.141779899597168	52.0	1e-06
170	2	509	1.1712803840637207	62.0	1e-06
170	3	510	1.1222659349441528	65.0	1e-06
171	1	511	1.1118197441101074	74.0	1e-06
171	2	512	1.1583566665649414	68.0	1e-06
171	3	513	1.2323732376098633	55.0	1e-06
172	1	514	1.2081763744354248	66.0	1e-06
172	2	515	1.107407808303833	62.0	1e-06
172	3	516	1.1061071157455444	55.0	1e-06
173	1	517	1.1845693588256836	50.0	1e-06
173	2	518	1.127320408821106	66.0	1e-06
173	3	519	1.2173670530319214	65.0	1e-06
174	1	520	1.174223780632019	54.0	1e-06
174	2	521	1.1121747493743896	64.0	1e-06
174	3	522	1.2457640171051025	45.0	1e-06
175	1	523	1.2032887935638428	58.0	1e-06
175	2	524	1.1277272701263428	50.0	1e-06
175	3	525	1.173767328262329	50.0	1e-06
176	1	526	1.096947193145752	68.0	1e-06
176	2	527	1.0996438264846802	66.0	1e-06
176	3	528	1.1848804950714111	45.0	1e-06
177	1	529	1.1423546075820923	58.0	1e-06
177	2	530	1.1627336740493774	58.0	1e-06
177	3	531	1.0884876251220703	80.0	1e-06
178	1	532	1.1102087497711182	58.0	1e-06
178	2	533	1.119267225265503	54.0	1e-06
178	3	534	1.06246817111969	65.0	1e-06
179	1	535	1.1647613048553467	54.0	1e-06
179	2	536	1.1994976997375488	54.0	1e-06
179	3	537	1.0608737468719482	70.0	1e-06
180	1	538	1.1492278575897217	50.0	1e-06
180	2	539	1.1157810688018799	50.0	1e-06
180	3	540	1.0868184566497803	65.0	1e-06
181	1	541	1.195254921913147	50.0	1e-06
181	2	542	1.1170984506607056	62.0	1e-06
181	3	543	1.142709493637085	60.0	1e-06
182	1	544	1.1474295854568481	50.0	1e-06
182	2	545	1.1175919771194458	60.0	1e-06
182	3	546	1.2900402545928955	45.0	1e-06
183	1	547	1.0869027376174927	64.0	1e-06
183	2	548	1.1563563346862793	46.0	1e-06
183	3	549	1.1020230054855347	55.0	1e-06
184	1	550	1.092231035232544	56.0	1e-06
184	2	551	1.1989439725875854	52.0	1e-06
184	3	552	1.1499059200286865	60.0	1e-06
185	1	553	1.1141599416732788	58.0	1e-06
185	2	554	1.105049967765808	56.0	1e-06
185	3	555	1.0508248805999756	65.0	1e-06
186	1	556	1.1197314262390137	54.0	1e-06
186	2	557	1.1438872814178467	66.0	1e-06
186	3	558	1.0291244983673096	60.0	1e-06
187	1	559	1.0696401596069336	60.0	1e-06
187	2	560	1.0812633037567139	64.0	1e-06
187	3	561	1.2138595581054688	45.0	1e-06
188	1	562	1.1175601482391357	62.0	1e-06
188	2	563	1.0901581048965454	66.0	1e-06
188	3	564	1.066561222076416	65.0	1e-06
189	1	565	1.1284765005111694	56.0	1e-06
189	2	566	1.103346586227417	66.0	1e-06
189	3	567	1.1167371273040771	50.0	1e-06
190	1	568	1.1438714265823364	64.0	1e-06
190	2	569	1.1156983375549316	52.0	1e-06
190	3	570	1.1004101037979126	60.0	1e-06
191	1	571	1.1180989742279053	62.0	1e-06
191	2	572	1.1119513511657715	52.0	1e-06
191	3	573	1.0983266830444336	35.0	1e-06
192	1	574	1.130511999130249	64.0	1e-06
192	2	575	1.1273140907287598	58.0	1e-06
192	3	576	1.1211230754852295	45.0	1e-06
193	1	577	1.1793473958969116	52.0	1e-06
193	2	578	1.0588152408599854	66.0	1e-06
193	3	579	1.0948694944381714	55.0	1e-06
194	1	580	1.0947917699813843	60.0	1e-06
194	2	581	1.099422812461853	62.0	1e-06
194	3	582	1.0390632152557373	65.0	1e-06
195	1	583	1.1337988376617432	48.0	1e-06
195	2	584	1.0280814170837402	82.0	1e-06
195	3	585	1.0786678791046143	60.0	1e-06
196	1	586	1.0864887237548828	62.0	1e-06
196	2	587	1.1557371616363525	56.0	1e-06
196	3	588	1.071871042251587	50.0	1e-06
197	1	589	1.0635838508605957	64.0	1e-06
197	2	590	1.0914348363876343	58.0	1e-06
197	3	591	1.1762640476226807	40.0	1e-06
198	1	592	1.1222989559173584	48.0	1e-06
198	2	593	1.159005045890808	56.0	1e-06
198	3	594	1.1114062070846558	55.0	1e-06
199	1	595	1.0690982341766357	70.0	1e-06
199	2	596	1.0904544591903687	56.0	1e-06
199	3	597	1.0389381647109985	70.0	1e-06
200	1	598	1.0711774826049805	64.0	1e-06
200	2	599	1.0668658018112183	58.0	1e-06
200	3	600	1.107020378112793	65.0	1e-06
201	1	601	1.1097583770751953	64.0	1e-06
201	2	602	1.0988945960998535	58.0	1e-06
201	3	603	1.1314971446990967	50.0	1e-06
202	1	604	1.089818000793457	60.0	1e-06
202	2	605	1.1178617477416992	58.0	1e-06
202	3	606	1.0153568983078003	60.0	1e-06
203	1	607	1.032088279724121	62.0	1e-06
203	2	608	1.0698051452636719	54.0	1e-06
203	3	609	1.1324561834335327	40.0	1e-06
204	1	610	1.0918769836425781	62.0	1e-06
204	2	611	1.0321578979492188	70.0	1e-06
204	3	612	1.10990571975708	55.0	1e-06
205	1	613	1.0234183073043823	60.0	1e-06
205	2	614	1.0964539051055908	66.0	1e-06
205	3	615	1.1000144481658936	70.0	1e-06
206	1	616	1.1548125743865967	56.0	1e-06
206	2	617	1.0733331441879272	70.0	1e-06
206	3	618	1.1230413913726807	50.0	1e-06
207	1	619	1.0957305431365967	56.0	1e-06
207	2	620	1.0838509798049927	66.0	1e-06
207	3	621	1.2940785884857178	45.0	1e-06
208	1	622	1.059881567955017	64.0	1e-06
208	2	623	1.0460017919540405	68.0	1e-06
208	3	624	1.1423466205596924	70.0	1e-06
209	1	625	1.100835919380188	66.0	1e-06
209	2	626	1.0469698905944824	62.0	1e-06
209	3	627	1.095820426940918	60.0	1e-06
210	1	628	1.0833048820495605	64.0	1e-06
210	2	629	1.0919336080551147	62.0	1e-06
210	3	630	1.0895147323608398	60.0	1e-06
211	1	631	1.0471539497375488	68.0	1e-06
211	2	632	1.0369240045547485	64.0	1e-06
211	3	633	1.359739065170288	60.0	1e-06
212	1	634	1.0057024955749512	66.0	1e-06
212	2	635	1.1432526111602783	54.0	1e-06
212	3	636	1.1275748014450073	50.0	1e-06
213	1	637	1.0348135232925415	62.0	1e-06
213	2	638	1.0703890323638916	64.0	1e-06
213	3	639	1.1351540088653564	65.0	1e-06
214	1	640	1.0581248998641968	58.0	1e-06
214	2	641	1.166577935218811	46.0	1e-06
214	3	642	0.9907304644584656	75.0	1e-06
215	1	643	1.059546947479248	60.0	1e-06
215	2	644	1.0730546712875366	66.0	1e-06
215	3	645	1.3213783502578735	25.0	1e-06
216	1	646	1.065094232559204	48.0	1e-06
216	2	647	1.0703206062316895	64.0	1e-06
216	3	648	1.0535744428634644	65.0	1e-06
217	1	649	1.069929599761963	64.0	1e-06
217	2	650	1.082374930381775	58.0	1e-06
217	3	651	1.0694949626922607	70.0	1e-06
218	1	652	1.1097080707550049	44.0	1e-06
218	2	653	1.0323599576950073	74.0	1e-06
218	3	654	1.0086963176727295	80.0	1e-06
219	1	655	1.0502177476882935	68.0	1e-06
219	2	656	1.141860008239746	50.0	1e-06
219	3	657	1.1056095361709595	50.0	1e-06
220	1	658	1.0545108318328857	58.0	1e-06
220	2	659	1.0344932079315186	60.0	1e-06
220	3	660	1.0786683559417725	45.0	1e-06
221	1	661	1.0121760368347168	64.0	1e-06
221	2	662	1.0539748668670654	62.0	1e-06
221	3	663	1.0491478443145752	65.0	1e-06
222	1	664	1.07298743724823	60.0	1e-06
222	2	665	1.0757975578308105	68.0	1e-06
222	3	666	1.0196788311004639	60.0	1e-06
223	1	667	1.0184893608093262	68.0	1e-06
223	2	668	1.063352108001709	60.0	1e-06
223	3	669	1.073594093322754	70.0	1e-06
224	1	670	1.0198969841003418	62.0	1e-06
224	2	671	1.0149198770523071	62.0	1e-06
224	3	672	1.1244728565216064	45.0	1e-06
225	1	673	1.0202162265777588	72.0	1e-06
225	2	674	1.0651400089263916	50.0	1e-06
225	3	675	1.1945488452911377	60.0	1e-06
226	1	676	0.994219183921814	66.0	1e-06
226	2	677	0.9984912276268005	62.0	1e-06
226	3	678	1.0468058586120605	50.0	1e-06
227	1	679	1.0987240076065063	58.0	1e-06
227	2	680	1.0320026874542236	64.0	1e-06
227	3	681	1.0364644527435303	60.0	1e-06
228	1	682	1.0230201482772827	60.0	1e-06
228	2	683	1.037476897239685	60.0	1e-06
228	3	684	1.069873571395874	60.0	1e-06
229	1	685	1.0496525764465332	64.0	1e-06
229	2	686	1.0950696468353271	60.0	1e-06
229	3	687	1.0577231645584106	55.0	1e-06
230	1	688	1.090993046760559	58.0	1e-06
230	2	689	1.0665045976638794	56.0	1e-06
230	3	690	1.118524432182312	55.0	1e-06
231	1	691	1.0336356163024902	60.0	1e-06
231	2	692	1.0526336431503296	54.0	1e-06
231	3	693	1.072124719619751	70.0	1e-06
232	1	694	1.0496127605438232	60.0	1e-06
232	2	695	1.071410059928894	62.0	1e-06
232	3	696	1.0371415615081787	65.0	1e-06
233	1	697	1.028957724571228	66.0	1e-06
233	2	698	1.0353915691375732	60.0	1e-06
233	3	699	1.151714563369751	55.0	1e-06
234	1	700	1.0824300050735474	72.0	1e-06
234	2	701	1.0242220163345337	54.0	1e-06
234	3	702	1.1719379425048828	50.0	1e-06
235	1	703	1.029720664024353	64.0	1e-06
235	2	704	1.0445666313171387	64.0	1e-06
235	3	705	1.1002552509307861	55.0	1e-06
236	1	706	1.064195990562439	56.0	1e-06
236	2	707	1.069920301437378	66.0	1e-06
236	3	708	1.2166911363601685	50.0	1e-06
237	1	709	1.0356460809707642	52.0	1e-06
237	2	710	1.0662426948547363	60.0	1e-06
237	3	711	1.0775229930877686	65.0	1e-06
238	1	712	1.0410985946655273	66.0	1e-06
238	2	713	0.997324526309967	72.0	1e-06
238	3	714	0.9973185658454895	60.0	1e-06
239	1	715	0.9836320281028748	68.0	1e-06
239	2	716	1.0304275751113892	70.0	1e-06
239	3	717	0.9866769909858704	65.0	1e-06
240	1	718	1.1560232639312744	56.0	1e-06
240	2	719	1.0122566223144531	60.0	1e-06
240	3	720	1.1539781093597412	60.0	1e-06
241	1	721	1.011176586151123	64.0	1e-06
241	2	722	1.0413986444473267	68.0	1e-06
241	3	723	1.0324006080627441	65.0	1e-06
242	1	724	1.017305850982666	64.0	1e-06
242	2	725	1.0756562948226929	50.0	1e-06
242	3	726	1.1114816665649414	60.0	1e-06
243	1	727	1.0396206378936768	60.0	1e-06
243	2	728	1.0419083833694458	62.0	1e-06
243	3	729	0.9845905303955078	70.0	1e-06
244	1	730	1.065034031867981	52.0	1e-06
244	2	731	1.0009949207305908	72.0	1e-06
244	3	732	0.9737075567245483	80.0	1e-06
245	1	733	1.0123313665390015	66.0	1e-06
245	2	734	1.0187350511550903	60.0	1e-06
245	3	735	1.0324528217315674	65.0	1e-06
246	1	736	1.0346167087554932	60.0	1e-06
246	2	737	1.0373371839523315	62.0	1e-06
246	3	738	1.1207315921783447	65.0	1e-06
247	1	739	1.070602536201477	54.0	1e-06
247	2	740	0.9810068607330322	68.0	1e-06
247	3	741	0.9850884675979614	55.0	1e-06
248	1	742	1.0546976327896118	62.0	1e-06
248	2	743	1.0190403461456299	62.0	1e-06
248	3	744	0.9835132360458374	65.0	1e-06
249	1	745	1.0178167819976807	60.0	1e-06
249	2	746	1.0415140390396118	66.0	1e-06
249	3	747	1.0347882509231567	75.0	1e-06
250	1	748	0.9874979257583618	62.0	1e-06
250	2	749	1.0234694480895996	62.0	1e-06
250	3	750	1.0717942714691162	65.0	1e-06
251	1	751	1.020646572113037	66.0	1e-06
251	2	752	0.9738859534263611	66.0	1e-06
251	3	753	1.0990512371063232	60.0	1e-06
252	1	754	0.9895935654640198	62.0	1e-06
252	2	755	0.9928023815155029	72.0	1e-06
252	3	756	1.1688350439071655	55.0	1e-06
253	1	757	0.9642758369445801	64.0	1e-06
253	2	758	1.0262194871902466	62.0	1e-06
253	3	759	1.0297012329101562	70.0	1e-06
254	1	760	0.9914788007736206	64.0	1e-06
254	2	761	1.0580216646194458	60.0	1e-06
254	3	762	0.9513079524040222	75.0	1e-06
255	1	763	0.9730136394500732	64.0	1e-06
255	2	764	0.9899731278419495	62.0	1e-06
255	3	765	1.0375577211380005	60.0	1e-06
256	1	766	1.0358623266220093	72.0	1e-06
256	2	767	1.0229941606521606	56.0	1e-06
256	3	768	1.1053528785705566	55.0	1e-06
257	1	769	1.0112860202789307	64.0	1e-06
257	2	770	0.9801052212715149	68.0	1e-06
257	3	771	1.066898226737976	50.0	1e-06
258	1	772	1.047379732131958	62.0	1e-06
258	2	773	0.9780113697052002	68.0	1e-06
258	3	774	1.0665905475616455	75.0	1e-06
259	1	775	1.0323867797851562	64.0	1e-06
259	2	776	0.9700468182563782	60.0	1e-06
259	3	777	1.0101004838943481	65.0	1e-06
260	1	778	0.9444413781166077	74.0	1e-06
260	2	779	1.0252774953842163	56.0	1e-06
260	3	780	0.9223731756210327	75.0	1e-06
261	1	781	1.0267915725708008	66.0	1e-06
261	2	782	0.9621860384941101	64.0	1e-06
261	3	783	1.0498325824737549	65.0	1e-06
262	1	784	0.9694070219993591	66.0	1e-06
262	2	785	0.9984772205352783	64.0	1e-06
262	3	786	1.031285285949707	55.0	1e-06
263	1	787	0.9887407422065735	70.0	1e-06
263	2	788	1.0198652744293213	62.0	1e-06
263	3	789	1.0945310592651367	55.0	1e-06
264	1	790	1.0459189414978027	64.0	1e-06
264	2	791	1.0014482736587524	64.0	1e-06
264	3	792	1.021491289138794	70.0	1e-06
265	1	793	1.0570319890975952	44.0	1e-06
265	2	794	0.964388906955719	72.0	1e-06
265	3	795	0.9263874292373657	75.0	1e-06
266	1	796	0.9705361723899841	62.0	1e-06
266	2	797	0.9931314587593079	66.0	1e-06
266	3	798	1.0746639966964722	45.0	1e-06
267	1	799	1.0158915519714355	68.0	1e-06
267	2	800	0.9927670359611511	62.0	1e-06
267	3	801	0.9827454686164856	65.0	1e-06
268	1	802	0.9729246497154236	64.0	1e-06
268	2	803	1.0302900075912476	58.0	1e-06
268	3	804	0.9860976934432983	70.0	1e-06
269	1	805	0.9739222526550293	60.0	1e-06
269	2	806	0.9409307837486267	74.0	1e-06
269	3	807	1.1048959493637085	50.0	1e-06
270	1	808	1.0409722328186035	60.0	1e-06
270	2	809	0.9956706166267395	66.0	1e-06
270	3	810	0.9824731945991516	80.0	1e-06
271	1	811	0.9757953882217407	70.0	1e-06
271	2	812	1.0020644664764404	62.0	1e-06
271	3	813	1.0232092142105103	65.0	1e-06
272	1	814	0.9949771761894226	64.0	1e-06
272	2	815	0.9705886244773865	74.0	1e-06
272	3	816	0.9711286425590515	65.0	1e-06
273	1	817	1.001041054725647	56.0	1e-06
273	2	818	0.9612973928451538	72.0	1e-06
273	3	819	1.050257682800293	55.0	1e-06
274	1	820	0.9446200728416443	70.0	1e-06
274	2	821	0.9831637740135193	54.0	1e-06
274	3	822	1.0115001201629639	60.0	1e-06
275	1	823	0.935728907585144	74.0	1e-06
275	2	824	0.9753732085227966	66.0	1e-06
275	3	825	1.006753921508789	65.0	1e-06
276	1	826	0.9762012362480164	72.0	1e-06
276	2	827	0.9844574928283691	60.0	1e-06
276	3	828	1.0064774751663208	60.0	1e-06
277	1	829	0.9626979827880859	66.0	1e-06
277	2	830	0.981355607509613	66.0	1e-06
277	3	831	1.0312696695327759	60.0	1e-06
278	1	832	0.956584632396698	76.0	1e-06
278	2	833	1.0047203302383423	62.0	1e-06
278	3	834	0.9294530749320984	75.0	1e-06
279	1	835	0.9446460008621216	68.0	1e-06
279	2	836	1.0116660594940186	52.0	1e-06
279	3	837	1.0040029287338257	65.0	1e-06
280	1	838	0.9992610216140747	58.0	1e-06
280	2	839	0.9871454834938049	60.0	1e-06
280	3	840	1.0038286447525024	55.0	1e-06
281	1	841	0.9552021622657776	72.0	1e-06
281	2	842	0.9251338839530945	68.0	1e-06
281	3	843	1.025251030921936	70.0	1e-06
282	1	844	0.9170554876327515	76.0	1e-06
282	2	845	1.017264485359192	56.0	1e-06
282	3	846	1.0399565696716309	55.0	1e-06
283	1	847	0.9751967787742615	60.0	1e-06
283	2	848	0.9448860287666321	68.0	1e-06
283	3	849	1.002105474472046	60.0	1e-06
284	1	850	0.9689205884933472	68.0	1e-06
284	2	851	1.039808750152588	44.0	1e-06
284	3	852	0.9806832075119019	50.0	1e-06
285	1	853	0.9897164702415466	64.0	1e-06
285	2	854	0.9576913714408875	58.0	1e-06
285	3	855	0.9839562177658081	70.0	1e-06
286	1	856	0.9959865808486938	60.0	1e-06
286	2	857	0.9462352991104126	74.0	1e-06
286	3	858	1.0376523733139038	45.0	1e-06
287	1	859	0.9668641686439514	70.0	1e-06
287	2	860	1.0564972162246704	54.0	1e-06
287	3	861	0.9278897047042847	65.0	1e-06
288	1	862	1.0079667568206787	56.0	1e-06
288	2	863	0.993136465549469	66.0	1e-06
288	3	864	0.9747492671012878	55.0	1e-06
289	1	865	0.9411315321922302	64.0	1e-06
289	2	866	0.9302555918693542	66.0	1e-06
289	3	867	1.0574647188186646	45.0	1e-06
290	1	868	1.0044480562210083	50.0	1e-06
290	2	869	0.9806918501853943	62.0	1e-06
290	3	870	0.8925848007202148	90.0	1e-06
291	1	871	0.9442524909973145	70.0	1e-06
291	2	872	0.9533942937850952	66.0	1e-06
291	3	873	0.980405330657959	70.0	1e-06
292	1	874	1.030535101890564	60.0	1e-06
292	2	875	0.9310389757156372	72.0	1e-06
292	3	876	0.9131514430046082	60.0	1e-06
293	1	877	0.946831226348877	64.0	1e-06
293	2	878	0.9430217742919922	72.0	1e-06
293	3	879	1.0820261240005493	60.0	1e-06
294	1	880	1.040198564529419	54.0	1e-06
294	2	881	0.9267061352729797	64.0	1e-06
294	3	882	1.028677225112915	65.0	1e-06
295	1	883	0.9996762871742249	62.0	1e-06
295	2	884	0.9697243571281433	72.0	1e-06
295	3	885	0.9050061106681824	65.0	1e-06
296	1	886	0.950274646282196	66.0	1e-06
296	2	887	0.9337747693061829	68.0	1e-06
296	3	888	0.991033673286438	55.0	1e-06
297	1	889	0.9816777110099792	70.0	1e-06
297	2	890	0.9173827171325684	66.0	1e-06
297	3	891	0.9884878993034363	80.0	1e-06
298	1	892	0.9678188562393188	56.0	1e-06
298	2	893	0.9742085933685303	68.0	1e-06
298	3	894	0.9073840379714966	70.0	1e-06
299	1	895	0.9645971655845642	72.0	1e-06
299	2	896	0.9445198178291321	70.0	1e-06
299	3	897	0.9977266192436218	45.0	1e-06
300	1	898	0.957039475440979	60.0	1e-06
300	2	899	0.9919447302818298	64.0	1e-06
300	3	900	0.9924666285514832	50.0	1e-06
301	1	901	0.9340343475341797	62.0	1e-06
301	2	902	0.8775966763496399	68.0	1e-06
301	3	903	0.9761716723442078	75.0	1e-06
302	1	904	0.9516933560371399	72.0	1e-06
302	2	905	0.9011112451553345	72.0	1e-06
302	3	906	1.0856316089630127	40.0	1e-06
303	1	907	1.029638409614563	50.0	1e-06
303	2	908	0.9318053722381592	72.0	1e-06
303	3	909	0.9515647888183594	70.0	1e-06
304	1	910	0.9376150369644165	76.0	1e-06
304	2	911	0.9606020450592041	66.0	1e-06
304	3	912	0.9633921384811401	65.0	1e-06
305	1	913	0.9626893401145935	68.0	1e-06
305	2	914	0.8653619289398193	76.0	1e-06
305	3	915	0.9559871554374695	55.0	1e-06
306	1	916	0.9032951593399048	58.0	1e-06
306	2	917	1.0143043994903564	66.0	1e-06
306	3	918	0.9254676699638367	70.0	1e-06
307	1	919	0.9708985686302185	68.0	1e-06
307	2	920	0.9294204115867615	60.0	1e-06
307	3	921	0.8755461573600769	85.0	1e-06
308	1	922	0.9338603019714355	62.0	1e-06
308	2	923	0.9697819352149963	68.0	1e-06
308	3	924	0.9427210092544556	75.0	1e-06
309	1	925	0.9648470878601074	60.0	1e-06
309	2	926	0.9680081009864807	70.0	1e-06
309	3	927	0.9853323101997375	75.0	1e-06
310	1	928	0.926582932472229	66.0	1e-06
310	2	929	0.9083674550056458	62.0	1e-06
310	3	930	0.856582760810852	85.0	1e-06
311	1	931	0.9650473594665527	64.0	1e-06
311	2	932	0.9422498941421509	66.0	1e-06
311	3	933	0.987002968788147	55.0	1e-06
312	1	934	0.9279679656028748	68.0	1e-06
312	2	935	0.9487523436546326	66.0	1e-06
312	3	936	0.8853084444999695	75.0	1e-06
313	1	937	0.9156008362770081	76.0	1e-06
313	2	938	0.9835794568061829	66.0	1e-06
313	3	939	0.8753749132156372	70.0	1e-06
314	1	940	0.8886502981185913	64.0	1e-06
314	2	941	0.953844428062439	64.0	1e-06
314	3	942	0.9321535229682922	55.0	1e-06
315	1	943	0.9376795291900635	62.0	1e-06
315	2	944	0.9155259728431702	64.0	1e-06
315	3	945	0.9554608464241028	70.0	1e-06
316	1	946	0.9301774501800537	62.0	1e-06
316	2	947	0.9363255500793457	62.0	1e-06
316	3	948	0.7980409860610962	90.0	1e-06
317	1	949	0.8977999687194824	66.0	1e-06
317	2	950	0.8951277732849121	68.0	1e-06
317	3	951	1.0748289823532104	55.0	1e-06
318	1	952	0.9390290975570679	56.0	1e-06
318	2	953	0.938748300075531	60.0	1e-06
318	3	954	0.8553241491317749	80.0	1e-06
319	1	955	0.9210872650146484	70.0	1e-06
319	2	956	0.9469419717788696	66.0	1e-06
319	3	957	0.9768241047859192	65.0	1e-06
320	1	958	0.8813202381134033	72.0	1e-06
320	2	959	0.9317035675048828	72.0	1e-06
320	3	960	1.0241892337799072	55.0	1e-06
321	1	961	0.9803387522697449	54.0	1e-06
321	2	962	0.883914589881897	66.0	1e-06
321	3	963	1.0431644916534424	50.0	1e-06
322	1	964	0.8816484808921814	78.0	1e-06
322	2	965	0.9386827349662781	66.0	1e-06
322	3	966	0.9660226702690125	65.0	1e-06
323	1	967	0.8778218626976013	72.0	1e-06
323	2	968	0.9496528506278992	66.0	1e-06
323	3	969	0.9056445360183716	60.0	1e-06
324	1	970	1.0772167444229126	40.0	1e-06
324	2	971	0.8959261178970337	70.0	1e-06
324	3	972	0.9080566167831421	75.0	1e-06
325	1	973	0.8395307660102844	72.0	1e-06
325	2	974	0.9224992990493774	58.0	1e-06
325	3	975	0.9711284637451172	65.0	1e-06
326	1	976	0.9949607849121094	56.0	1e-06
326	2	977	0.9049183130264282	66.0	1e-06
326	3	978	1.0067051649093628	60.0	1e-06
327	1	979	0.954598069190979	60.0	1e-06
327	2	980	0.8698230981826782	68.0	1e-06
327	3	981	0.9642006158828735	55.0	1e-06
328	1	982	0.8760177493095398	66.0	1e-06
328	2	983	0.9841904640197754	62.0	1e-06
328	3	984	0.8285523653030396	90.0	1e-06
329	1	985	0.9157889485359192	68.0	1e-06
329	2	986	0.8883677124977112	82.0	1e-06
329	3	987	0.9480873346328735	65.0	1e-06
330	1	988	0.9334232807159424	62.0	1e-06
330	2	989	0.9106444716453552	64.0	1e-06
330	3	990	0.9184913635253906	65.0	1e-06
331	1	991	0.9205808043479919	68.0	1e-06
331	2	992	0.8837956786155701	74.0	1e-06
331	3	993	0.8993309140205383	65.0	1e-06
332	1	994	0.8903427124023438	72.0	1e-06
332	2	995	0.9430530667304993	68.0	1e-06
332	3	996	0.9218624830245972	75.0	1e-06
333	1	997	0.8783628344535828	72.0	1e-06
333	2	998	0.8955254554748535	80.0	1e-06
333	3	999	1.1765015125274658	65.0	1e-06
334	1	1000	0.871295154094696	74.0	1e-06
334	2	1001	0.947422206401825	68.0	1e-06
334	3	1002	1.0371811389923096	55.0	1e-06
335	1	1003	0.9354551434516907	64.0	1e-06
335	2	1004	0.8379047513008118	68.0	1e-06
335	3	1005	0.9682401418685913	60.0	1e-06
336	1	1006	1.0397721529006958	52.0	1e-06
336	2	1007	0.852695107460022	70.0	1e-06
336	3	1008	0.7425164580345154	95.0	1e-06
337	1	1009	0.934963047504425	68.0	1e-06
337	2	1010	0.9037933945655823	68.0	1e-06
337	3	1011	0.868478000164032	70.0	1e-06
338	1	1012	0.8923446536064148	68.0	1e-06
338	2	1013	0.9050214886665344	70.0	1e-06
338	3	1014	0.923620879650116	75.0	1e-06
339	1	1015	0.8394479155540466	74.0	1e-06
339	2	1016	0.9046847820281982	72.0	1e-06
339	3	1017	1.001817226409912	70.0	1e-06
340	1	1018	0.8638123273849487	68.0	1e-06
340	2	1019	0.909614622592926	62.0	1e-06
340	3	1020	0.9395381212234497	55.0	1e-06
341	1	1021	0.9162821173667908	76.0	1e-06
341	2	1022	0.9198235273361206	64.0	1e-06
341	3	1023	0.8447521328926086	75.0	1e-06
342	1	1024	0.8600882887840271	72.0	1e-06
342	2	1025	0.8654052019119263	66.0	1e-06
342	3	1026	0.9195131063461304	70.0	1e-06
343	1	1027	0.873531699180603	72.0	1e-06
343	2	1028	0.8933947086334229	70.0	1e-06
343	3	1029	0.9062689542770386	75.0	1e-06
344	1	1030	0.9499385952949524	66.0	1e-06
344	2	1031	0.8843580484390259	70.0	1e-06
344	3	1032	0.891270637512207	65.0	1e-06
345	1	1033	0.842556893825531	78.0	1e-06
345	2	1034	0.8731825351715088	70.0	1e-06
345	3	1035	0.9099109768867493	75.0	1e-06
346	1	1036	0.8499507308006287	76.0	1e-06
346	2	1037	0.9612483978271484	62.0	1e-06
346	3	1038	0.9725027084350586	60.0	1e-06
347	1	1039	0.9802463054656982	62.0	1e-06
347	2	1040	0.9168382287025452	68.0	1e-06
347	3	1041	0.8681740760803223	70.0	1e-06
348	1	1042	0.9093117713928223	74.0	1e-06
348	2	1043	0.8668393492698669	70.0	1e-06
348	3	1044	1.104470133781433	60.0	1e-06
349	1	1045	0.8498839735984802	68.0	1e-06
349	2	1046	0.8920730352401733	62.0	1e-06
349	3	1047	0.9505170583724976	65.0	1e-06
350	1	1048	0.8626863360404968	72.0	1e-06
350	2	1049	0.9140494465827942	56.0	1e-06
350	3	1050	0.8120320439338684	70.0	1e-06
351	1	1051	0.926463782787323	62.0	1e-06
351	2	1052	0.8639347553253174	72.0	1e-06
351	3	1053	0.7975988984107971	70.0	1e-06
352	1	1054	0.8837476968765259	74.0	1e-06
352	2	1055	0.8460849523544312	70.0	1e-06
352	3	1056	0.8315006494522095	65.0	1e-06
353	1	1057	0.8225034475326538	76.0	1e-06
353	2	1058	0.9378228187561035	64.0	1e-06
353	3	1059	0.9690214395523071	65.0	1e-06
354	1	1060	0.8559752106666565	74.0	1e-06
354	2	1061	0.847957968711853	64.0	1e-06
354	3	1062	1.0161687135696411	45.0	1e-06
355	1	1063	0.9758976697921753	56.0	1e-06
355	2	1064	0.852648913860321	74.0	1e-06
355	3	1065	1.0721105337142944	55.0	1e-06
356	1	1066	0.8412575721740723	66.0	1e-06
356	2	1067	0.8431217074394226	70.0	1e-06
356	3	1068	1.0751534700393677	45.0	1e-06
357	1	1069	0.8359039425849915	64.0	1e-06
357	2	1070	0.9237072467803955	60.0	1e-06
357	3	1071	0.9312127828598022	90.0	1e-06
358	1	1072	0.8918582201004028	64.0	1e-06
358	2	1073	0.8494433760643005	64.0	1e-06
358	3	1074	0.8322489857673645	65.0	1e-06
359	1	1075	0.823239266872406	70.0	1e-06
359	2	1076	0.9356838464736938	58.0	1e-06
359	3	1077	0.9385652542114258	70.0	1e-06
360	1	1078	0.896008312702179	72.0	1e-06
360	2	1079	0.8523157238960266	62.0	1e-06
360	3	1080	0.8613746762275696	70.0	1e-06
361	1	1081	0.8828337788581848	70.0	1e-06
361	2	1082	0.8692425489425659	66.0	1e-06
361	3	1083	0.8935911059379578	55.0	1e-06
362	1	1084	0.8623794317245483	70.0	1e-06
362	2	1085	0.8577212691307068	66.0	1e-06
362	3	1086	0.9302851557731628	60.0	1e-06
363	1	1087	0.8119829297065735	72.0	1e-06
363	2	1088	0.9311310648918152	62.0	1e-06
363	3	1089	0.9046241641044617	65.0	1e-06
364	1	1090	0.8391448855400085	76.0	1e-06
364	2	1091	0.868945837020874	58.0	1e-06
364	3	1092	0.933996319770813	65.0	1e-06
365	1	1093	0.8416497707366943	66.0	1e-06
365	2	1094	0.9098477363586426	64.0	1e-06
365	3	1095	1.037246584892273	70.0	1e-06
366	1	1096	0.824526846408844	72.0	1e-06
366	2	1097	0.8994824886322021	60.0	1e-06
366	3	1098	1.0754899978637695	55.0	1e-06
367	1	1099	0.8781086802482605	70.0	1e-06
367	2	1100	0.884183943271637	74.0	1e-06
367	3	1101	0.8955053091049194	60.0	1e-06
368	1	1102	0.9067780375480652	70.0	1e-06
368	2	1103	0.9030535221099854	64.0	1e-06
368	3	1104	0.7656911611557007	80.0	1e-06
369	1	1105	0.8935322761535645	72.0	1e-06
369	2	1106	0.8202142119407654	72.0	1e-06
369	3	1107	0.9843870401382446	45.0	1e-06
370	1	1108	0.8405535221099854	62.0	1e-06
370	2	1109	0.8616625070571899	80.0	1e-06
370	3	1110	0.9410444498062134	70.0	1e-06
371	1	1111	0.8441137075424194	70.0	1e-06
371	2	1112	0.9236300587654114	66.0	1e-06
371	3	1113	0.808315098285675	80.0	1e-06
372	1	1114	0.874220073223114	68.0	1e-06
372	2	1115	0.8431535959243774	62.0	1e-06
372	3	1116	1.210684061050415	45.0	1e-06
373	1	1117	0.9336103200912476	58.0	1e-06
373	2	1118	0.8113582730293274	74.0	1e-06
373	3	1119	0.878703236579895	60.0	1e-06
374	1	1120	0.839325487613678	74.0	1e-06
374	2	1121	0.9347771406173706	64.0	1e-06
374	3	1122	0.8871858716011047	70.0	1e-06
375	1	1123	0.834180474281311	66.0	1e-06
375	2	1124	0.8965945243835449	70.0	1e-06
375	3	1125	0.8551145792007446	75.0	1e-06
376	1	1126	0.8532960414886475	72.0	1e-06
376	2	1127	0.8786337375640869	68.0	1e-06
376	3	1128	0.8155573606491089	65.0	1e-06
377	1	1129	0.8782233595848083	56.0	1e-06
377	2	1130	0.8581703901290894	76.0	1e-06
377	3	1131	0.8736147880554199	55.0	1e-06
378	1	1132	0.8483079671859741	66.0	1e-06
378	2	1133	0.8668198585510254	66.0	1e-06
378	3	1134	1.0027238130569458	70.0	1e-06
379	1	1135	0.797903299331665	72.0	1e-06
379	2	1136	0.844275712966919	74.0	1e-06
379	3	1137	0.8363939523696899	75.0	1e-06
380	1	1138	0.8938758373260498	68.0	1e-06
380	2	1139	0.7903550863265991	72.0	1e-06
380	3	1140	0.8531176447868347	80.0	1e-06
381	1	1141	0.8736908435821533	64.0	1e-06
381	2	1142	0.8283788561820984	74.0	1e-06
381	3	1143	0.8997806310653687	80.0	1e-06
382	1	1144	0.8093050122261047	72.0	1e-06
382	2	1145	0.8692477941513062	70.0	1e-06
382	3	1146	0.9420771598815918	85.0	1e-06
383	1	1147	0.8339524865150452	72.0	1e-06
383	2	1148	0.883012056350708	70.0	1e-06
383	3	1149	0.859693169593811	70.0	1e-06
384	1	1150	0.8792312145233154	72.0	1e-06
384	2	1151	0.790378212928772	70.0	1e-06
384	3	1152	0.8621045351028442	80.0	1e-06
385	1	1153	0.8474072217941284	68.0	1e-06
385	2	1154	0.8701804876327515	70.0	1e-06
385	3	1155	0.8066977262496948	75.0	1e-06
386	1	1156	0.8118332028388977	70.0	1e-06
386	2	1157	0.8570419549942017	66.0	1e-06
386	3	1158	0.9639937281608582	70.0	1e-06
387	1	1159	0.8584014177322388	74.0	1e-06
387	2	1160	0.9221675395965576	64.0	1e-06
387	3	1161	0.7936291098594666	75.0	1e-06
388	1	1162	0.8934128284454346	64.0	1e-06
388	2	1163	0.8107312917709351	70.0	1e-06
388	3	1164	0.7946379780769348	80.0	1e-06
389	1	1165	0.8398922681808472	64.0	1e-06
389	2	1166	0.8350164890289307	74.0	1e-06
389	3	1167	0.8382467031478882	75.0	1e-06
390	1	1168	0.9931468367576599	58.0	1e-06
390	2	1169	0.7924763560295105	76.0	1e-06
390	3	1170	0.7815937995910645	65.0	1e-06
391	1	1171	0.8089555501937866	70.0	1e-06
391	2	1172	0.8784148693084717	64.0	1e-06
391	3	1173	0.9289038777351379	35.0	1e-06
392	1	1174	0.813011884689331	76.0	1e-06
392	2	1175	0.863903284072876	70.0	1e-06
392	3	1176	0.7271028757095337	75.0	1e-06
393	1	1177	0.8502393960952759	70.0	1e-06
393	2	1178	0.8240742683410645	72.0	1e-06
393	3	1179	0.7879354357719421	70.0	1e-06
394	1	1180	0.7927740216255188	62.0	1e-06
394	2	1181	0.8384957313537598	72.0	1e-06
394	3	1182	0.9559016227722168	80.0	1e-06
395	1	1183	0.8724859356880188	72.0	1e-06
395	2	1184	0.877876341342926	66.0	1e-06
395	3	1185	0.8416048288345337	75.0	1e-06
396	1	1186	0.8371502161026001	72.0	1e-06
396	2	1187	0.7904475331306458	78.0	1e-06
396	3	1188	0.9234784245491028	75.0	1e-06
397	1	1189	0.7629585862159729	74.0	1e-06
397	2	1190	0.8355686068534851	68.0	1e-06
397	3	1191	0.8302713632583618	60.0	1e-06
398	1	1192	0.8667871356010437	66.0	1e-06
398	2	1193	0.7690174579620361	84.0	1e-06
398	3	1194	0.9822666049003601	70.0	1e-06
399	1	1195	0.8549511432647705	66.0	1e-06
399	2	1196	0.841398298740387	66.0	1e-06
399	3	1197	0.7115610837936401	85.0	1e-06
400	1	1198	0.8327082991600037	66.0	1e-06
400	2	1199	0.814750611782074	80.0	1e-06
400	3	1200	0.8689233660697937	65.0	1e-06
401	1	1201	0.8269184231758118	74.0	1e-06
401	2	1202	0.8858463168144226	62.0	1e-06
401	3	1203	0.8062631487846375	60.0	1e-06
402	1	1204	0.7900820970535278	70.0	1e-06
402	2	1205	0.8324094414710999	68.0	1e-06
402	3	1206	0.7980247735977173	60.0	1e-06
403	1	1207	0.8480260968208313	68.0	1e-06
403	2	1208	0.8708384037017822	78.0	1e-06
403	3	1209	0.726563572883606	80.0	1e-06
404	1	1210	0.8492147326469421	66.0	1e-06
404	2	1211	0.8316605091094971	72.0	1e-06
404	3	1212	0.8868963122367859	55.0	1e-06
405	1	1213	0.7637423872947693	76.0	1e-06
405	2	1214	0.8519290685653687	60.0	1e-06
405	3	1215	0.9189876317977905	50.0	1e-06
406	1	1216	0.8939491510391235	60.0	1e-06
406	2	1217	0.8256839513778687	70.0	1e-06
406	3	1218	0.7250460386276245	75.0	1e-06
407	1	1219	0.827174961566925	68.0	1e-06
407	2	1220	0.8333662152290344	62.0	1e-06
407	3	1221	0.9738585352897644	65.0	1e-06
408	1	1222	0.8076945543289185	72.0	1e-06
408	2	1223	0.8896816372871399	64.0	1e-06
408	3	1224	0.8097268342971802	60.0	1e-06
409	1	1225	0.7425130605697632	78.0	1e-06
409	2	1226	0.8196032047271729	70.0	1e-06
409	3	1227	1.2656633853912354	35.0	1e-06
410	1	1228	0.8295245170593262	72.0	1e-06
410	2	1229	0.8219975233078003	68.0	1e-06
410	3	1230	0.8990543484687805	65.0	1e-06
411	1	1231	0.8070283532142639	68.0	1e-06
411	2	1232	0.8290969729423523	72.0	1e-06
411	3	1233	0.707866370677948	80.0	1e-06
412	1	1234	0.7964829206466675	72.0	1e-06
412	2	1235	0.8348097205162048	66.0	1e-06
412	3	1236	0.7601324319839478	70.0	1e-06
413	1	1237	0.8039646744728088	78.0	1e-06
413	2	1238	0.7399473786354065	74.0	1e-06
413	3	1239	0.9452105760574341	60.0	1e-06
414	1	1240	0.7669066786766052	70.0	1e-06
414	2	1241	0.8858439922332764	78.0	1e-06
414	3	1242	0.9241377115249634	70.0	1e-06
415	1	1243	0.8797116279602051	70.0	1e-06
415	2	1244	0.772828996181488	80.0	1e-06
415	3	1245	0.8622638583183289	85.0	1e-06
416	1	1246	0.8635193705558777	62.0	1e-06
416	2	1247	0.7658805847167969	72.0	1e-06
416	3	1248	0.9372423887252808	55.0	1e-06
417	1	1249	0.7898558974266052	76.0	1e-06
417	2	1250	0.8193119168281555	62.0	1e-06
417	3	1251	0.8252761960029602	70.0	1e-06
418	1	1252	0.8075416684150696	66.0	1e-06
418	2	1253	0.8569709658622742	74.0	1e-06
418	3	1254	0.7120548486709595	90.0	1e-06
419	1	1255	0.7947519421577454	72.0	1e-06
419	2	1256	0.7459479570388794	74.0	1e-06
419	3	1257	1.1769793033599854	65.0	1e-06
420	1	1258	0.7973268032073975	74.0	1e-06
420	2	1259	0.7796270847320557	70.0	1e-06
420	3	1260	0.9162219166755676	60.0	1e-06
421	1	1261	0.831488847732544	70.0	1e-06
421	2	1262	0.7961370348930359	76.0	1e-06
421	3	1263	0.7815377116203308	80.0	1e-06
422	1	1264	0.8158454895019531	66.0	1e-06
422	2	1265	0.7759666442871094	74.0	1e-06
422	3	1266	0.8148740530014038	65.0	1e-06
423	1	1267	0.7605597972869873	78.0	1e-06
423	2	1268	0.862526535987854	62.0	1e-06
423	3	1269	0.7861452698707581	65.0	1e-06
424	1	1270	0.8344690203666687	82.0	1e-06
424	2	1271	0.7481986880302429	68.0	1e-06
424	3	1272	0.8903670310974121	55.0	1e-06
425	1	1273	0.7928066849708557	78.0	1e-06
425	2	1274	0.8358300924301147	68.0	1e-06
425	3	1275	0.7816179990768433	65.0	1e-06
426	1	1276	0.8132999539375305	74.0	1e-06
426	2	1277	0.7852702140808105	70.0	1e-06
426	3	1278	0.7407535314559937	85.0	1e-06
427	1	1279	0.8084593415260315	78.0	1e-06
427	2	1280	0.7690486907958984	80.0	1e-06
427	3	1281	0.8457289934158325	50.0	1e-06
428	1	1282	0.7571362853050232	84.0	1e-06
428	2	1283	0.8159216046333313	70.0	1e-06
428	3	1284	0.7029932737350464	70.0	1e-06
429	1	1285	0.8556584119796753	78.0	1e-06
429	2	1286	0.7229294776916504	74.0	1e-06
429	3	1287	0.8519067764282227	70.0	1e-06
430	1	1288	0.8047482967376709	76.0	1e-06
430	2	1289	0.799095094203949	70.0	1e-06
430	3	1290	0.8514230847358704	80.0	1e-06
431	1	1291	0.8296279907226562	62.0	1e-06
431	2	1292	0.8481107354164124	58.0	1e-06
431	3	1293	0.7586308717727661	80.0	1e-06
432	1	1294	0.7652997374534607	82.0	1e-06
432	2	1295	0.8551610708236694	58.0	1e-06
432	3	1296	0.7146319150924683	75.0	1e-06
433	1	1297	0.787250816822052	66.0	1e-06
433	2	1298	0.7263872623443604	82.0	1e-06
433	3	1299	1.0276901721954346	45.0	1e-06
434	1	1300	0.7904309034347534	76.0	1e-06
434	2	1301	0.789359450340271	76.0	1e-06
434	3	1302	0.758686900138855	90.0	1e-06
435	1	1303	0.8058439493179321	64.0	1e-06
435	2	1304	0.7921578884124756	72.0	1e-06
435	3	1305	0.8763809204101562	65.0	1e-06
436	1	1306	0.735465943813324	78.0	1e-06
436	2	1307	0.8614765405654907	74.0	1e-06
436	3	1308	0.773208498954773	70.0	1e-06
437	1	1309	0.7859793901443481	74.0	1e-06
437	2	1310	0.7947444915771484	72.0	1e-06
437	3	1311	0.9800098538398743	50.0	1e-06
438	1	1312	0.8303919434547424	80.0	1e-06
438	2	1313	0.7609084844589233	80.0	1e-06
438	3	1314	0.7733960747718811	80.0	1e-06
439	1	1315	0.7669522762298584	68.0	1e-06
439	2	1316	0.9125402569770813	68.0	1e-06
439	3	1317	0.7693589925765991	85.0	1e-06
440	1	1318	0.7648336291313171	62.0	1e-06
440	2	1319	0.8337759971618652	70.0	1e-06
440	3	1320	0.7831670045852661	60.0	1e-06
441	1	1321	0.7813284397125244	68.0	1e-06
441	2	1322	0.8268293738365173	70.0	1e-06
441	3	1323	0.9320915937423706	60.0	1e-06
442	1	1324	0.7574124932289124	72.0	1e-06
442	2	1325	0.7988228797912598	62.0	1e-06
442	3	1326	0.7634153366088867	75.0	1e-06
443	1	1327	0.7714655995368958	76.0	1e-06
443	2	1328	0.7744367122650146	74.0	1e-06
443	3	1329	0.8059622645378113	70.0	1e-06
444	1	1330	0.7841535210609436	84.0	1e-06
444	2	1331	0.7450922131538391	74.0	1e-06
444	3	1332	0.831200122833252	60.0	1e-06
445	1	1333	0.8330066800117493	72.0	1e-06
445	2	1334	0.8244922757148743	68.0	1e-06
445	3	1335	0.7343978881835938	75.0	1e-06
446	1	1336	0.8330811858177185	64.0	1e-06
446	2	1337	0.7443900108337402	78.0	1e-06
446	3	1338	0.6782283186912537	75.0	1e-06
447	1	1339	0.8022727966308594	66.0	1e-06
447	2	1340	0.779381275177002	72.0	1e-06
447	3	1341	0.8320602178573608	75.0	1e-06
448	1	1342	0.8606738448143005	70.0	1e-06
448	2	1343	0.6983557343482971	78.0	1e-06
448	3	1344	0.7641464471817017	60.0	1e-06
449	1	1345	0.7706146836280823	68.0	1e-06
449	2	1346	0.7519811987876892	72.0	1e-06
449	3	1347	0.7678831815719604	70.0	1e-06
450	1	1348	0.7720122337341309	78.0	1e-06
450	2	1349	0.7754378318786621	70.0	1e-06
450	3	1350	0.9089924097061157	55.0	1e-06
451	1	1351	0.8044226765632629	68.0	1e-06
451	2	1352	0.698752760887146	80.0	1e-06
451	3	1353	0.7787884473800659	75.0	1e-06
452	1	1354	0.7797905802726746	70.0	1e-06
452	2	1355	0.7424283623695374	66.0	1e-06
452	3	1356	0.8987724184989929	55.0	1e-06
453	1	1357	0.7104337811470032	84.0	1e-06
453	2	1358	0.8217765688896179	66.0	1e-06
453	3	1359	0.8759971857070923	70.0	1e-06
454	1	1360	0.8275213837623596	76.0	1e-06
454	2	1361	0.7703854441642761	80.0	1e-06
454	3	1362	0.7358554005622864	80.0	1e-06
455	1	1363	0.7099757194519043	70.0	1e-06
455	2	1364	0.7761914134025574	80.0	1e-06
455	3	1365	0.932401180267334	55.0	1e-06
456	1	1366	0.7381581664085388	80.0	1e-06
456	2	1367	0.779055655002594	82.0	1e-06
456	3	1368	0.8613091707229614	60.0	1e-06
457	1	1369	0.7489396929740906	72.0	1e-06
457	2	1370	0.7381244897842407	76.0	1e-06
457	3	1371	0.8027721643447876	70.0	1e-06
458	1	1372	0.8256356716156006	72.0	1e-06
458	2	1373	0.6880441904067993	84.0	1e-06
458	3	1374	0.8276562690734863	75.0	1e-06
459	1	1375	0.768388569355011	72.0	1e-06
459	2	1376	0.7590606808662415	72.0	1e-06
459	3	1377	0.8483430743217468	85.0	1e-06
460	1	1378	0.7619847059249878	76.0	1e-06
460	2	1379	0.73627769947052	74.0	1e-06
460	3	1380	0.7277479767799377	75.0	1e-06
461	1	1381	0.7231549024581909	80.0	1e-06
461	2	1382	0.8108607530593872	66.0	1e-06
461	3	1383	0.815944492816925	60.0	1e-06
462	1	1384	0.8282151818275452	64.0	1e-06
462	2	1385	0.775154173374176	70.0	1e-06
462	3	1386	0.8291906118392944	70.0	1e-06
463	1	1387	0.7776516079902649	70.0	1e-06
463	2	1388	0.7497057914733887	74.0	1e-06
463	3	1389	0.7653225064277649	70.0	1e-06
464	1	1390	0.7854862809181213	64.0	1e-06
464	2	1391	0.7896433472633362	64.0	1e-06
464	3	1392	0.8428835868835449	70.0	1e-06
465	1	1393	0.6851397752761841	90.0	1e-06
465	2	1394	0.7932559847831726	80.0	1e-06
465	3	1395	0.817283034324646	65.0	1e-06
466	1	1396	0.7580666542053223	74.0	1e-06
466	2	1397	0.7938777208328247	66.0	1e-06
466	3	1398	0.7448352575302124	65.0	1e-06
467	1	1399	0.824318528175354	68.0	1e-06
467	2	1400	0.7724524736404419	74.0	1e-06
467	3	1401	0.7804480791091919	75.0	1e-06
468	1	1402	0.7053490281105042	72.0	1e-06
468	2	1403	0.7808396816253662	86.0	1e-06
468	3	1404	0.8683027029037476	75.0	1e-06
469	1	1405	0.7262488603591919	84.0	1e-06
469	2	1406	0.7345419526100159	82.0	1e-06
469	3	1407	0.7890675663948059	80.0	1e-06
470	1	1408	0.7767558097839355	68.0	1e-06
470	2	1409	0.7078611850738525	72.0	1e-06
470	3	1410	0.864434540271759	65.0	1e-06
471	1	1411	0.7693685293197632	78.0	1e-06
471	2	1412	0.7271831631660461	70.0	1e-06
471	3	1413	0.7324380278587341	80.0	1e-06
472	1	1414	0.720822811126709	76.0	1e-06
472	2	1415	0.8237072229385376	70.0	1e-06
472	3	1416	0.7079143524169922	75.0	1e-06
473	1	1417	0.7232916951179504	78.0	1e-06
473	2	1418	0.7639442682266235	72.0	1e-06
473	3	1419	0.776358962059021	85.0	1e-06
474	1	1420	0.7821884155273438	70.0	1e-06
474	2	1421	0.7451075911521912	70.0	1e-06
474	3	1422	0.7272151708602905	70.0	1e-06
475	1	1423	0.7702212333679199	78.0	1e-06
475	2	1424	0.7520108222961426	70.0	1e-06
475	3	1425	0.7897043228149414	50.0	1e-06
476	1	1426	0.8012783527374268	68.0	1e-06
476	2	1427	0.7844789624214172	68.0	1e-06
476	3	1428	0.6700282096862793	75.0	1e-06
477	1	1429	0.6833460330963135	84.0	1e-06
477	2	1430	0.7895051836967468	68.0	1e-06
477	3	1431	0.692368745803833	75.0	1e-06
478	1	1432	0.7281953692436218	74.0	1e-06
478	2	1433	0.8081681132316589	72.0	1e-06
478	3	1434	0.5850651264190674	95.0	1e-06
479	1	1435	0.7483425736427307	68.0	1e-06
479	2	1436	0.8150175213813782	62.0	1e-06
479	3	1437	0.6869536638259888	70.0	1e-06
480	1	1438	0.7912967205047607	74.0	1e-06
480	2	1439	0.7631121873855591	76.0	1e-06
480	3	1440	0.6107505559921265	80.0	1e-06
481	1	1441	0.7846941351890564	72.0	1e-06
481	2	1442	0.7033510804176331	80.0	1e-06
481	3	1443	0.705294132232666	85.0	1e-06
482	1	1444	0.7064781188964844	72.0	1e-06
482	2	1445	0.7218256592750549	80.0	1e-06
482	3	1446	0.8657407760620117	70.0	1e-06
483	1	1447	0.7003138661384583	74.0	1e-06
483	2	1448	0.7870340943336487	68.0	1e-06
483	3	1449	0.7465218305587769	65.0	1e-06
484	1	1450	0.7106773257255554	78.0	1e-06
484	2	1451	0.7861507534980774	80.0	1e-06
484	3	1452	0.7903367280960083	80.0	1e-06
485	1	1453	0.6779075860977173	82.0	1e-06
485	2	1454	0.8038346767425537	84.0	1e-06
485	3	1455	0.765400230884552	65.0	1e-06
486	1	1456	0.7867246866226196	82.0	1e-06
486	2	1457	0.7567859888076782	74.0	1e-06
486	3	1458	0.6689407229423523	95.0	1e-06
487	1	1459	0.7354573011398315	74.0	1e-06
487	2	1460	0.7405043840408325	74.0	1e-06
487	3	1461	0.735622227191925	85.0	1e-06
488	1	1462	0.7178356647491455	68.0	1e-06
488	2	1463	0.7193709015846252	78.0	1e-06
488	3	1464	0.8212912678718567	55.0	1e-06
489	1	1465	0.7535136342048645	72.0	1e-06
489	2	1466	0.6916446685791016	80.0	1e-06
489	3	1467	0.8902052640914917	50.0	1e-06
490	1	1468	0.7452546954154968	66.0	1e-06
490	2	1469	0.7259488701820374	76.0	1e-06
490	3	1470	0.6907827258110046	70.0	1e-06
491	1	1471	0.7544081807136536	68.0	1e-06
491	2	1472	0.7030457258224487	80.0	1e-06
491	3	1473	0.8971301317214966	70.0	1e-06
492	1	1474	0.7858325839042664	72.0	1e-06
492	2	1475	0.7985476851463318	64.0	1e-06
492	3	1476	0.7351919412612915	75.0	1e-06
493	1	1477	0.8126063346862793	62.0	1e-06
493	2	1478	0.6971654295921326	78.0	1e-06
493	3	1479	0.6847679018974304	75.0	1e-06
494	1	1480	0.7536436319351196	78.0	1e-06
494	2	1481	0.685423731803894	74.0	1e-06
494	3	1482	0.8808907270431519	60.0	1e-06
495	1	1483	0.7950146198272705	76.0	1e-06
495	2	1484	0.7717117071151733	66.0	1e-06
495	3	1485	0.5983771085739136	80.0	1e-06
496	1	1486	0.7908177375793457	72.0	1e-06
496	2	1487	0.7094168066978455	78.0	1e-06
496	3	1488	0.7110275030136108	80.0	1e-06
497	1	1489	0.7785240411758423	74.0	1e-06
497	2	1490	0.7062046527862549	70.0	1e-06
497	3	1491	1.0184370279312134	60.0	1e-06
498	1	1492	0.6800758242607117	86.0	1e-06
498	2	1493	0.8401033878326416	68.0	1e-06
498	3	1494	0.7007220387458801	75.0	1e-06
499	1	1495	0.7626988291740417	72.0	1e-06
499	2	1496	0.7256956696510315	76.0	1e-06
499	3	1497	0.6442519426345825	70.0	1e-06
500	1	1498	0.8135931491851807	68.0	1e-06
500	2	1499	0.6819708347320557	76.0	1e-06
500	3	1500	0.7846830487251282	80.0	1e-06
