epoch	batch	iter	loss	acc	lr
1	1	1	1.8521068096160889	10.0	1e-05
1	2	2	1.8184754848480225	12.0	1e-05
1	3	3	1.7794075012207031	5.0	1e-05
2	1	4	1.7667797803878784	14.0	1e-05
2	2	5	1.7257434129714966	34.0	1e-05
2	3	6	1.707820177078247	25.0	1e-05
3	1	7	1.6671873331069946	26.0	1e-05
3	2	8	1.6336948871612549	32.0	1e-05
3	3	9	1.626898169517517	25.0	1e-05
4	1	10	1.6273897886276245	34.0	1e-05
4	2	11	1.6503506898880005	28.0	1e-05
4	3	12	1.5924957990646362	25.0	1e-05
5	1	13	1.6231536865234375	18.0	1e-05
5	2	14	1.5566805601119995	32.0	1e-05
5	3	15	1.581727385520935	40.0	1e-05
6	1	16	1.5512077808380127	32.0	1e-05
6	2	17	1.486417531967163	42.0	1e-05
6	3	18	1.6064012050628662	40.0	1e-05
7	1	19	1.4926464557647705	46.0	1e-05
7	2	20	1.4715226888656616	30.0	1e-05
7	3	21	1.5072730779647827	40.0	1e-05
8	1	22	1.4943318367004395	24.0	1e-05
8	2	23	1.4160373210906982	36.0	1e-05
8	3	24	1.4827936887741089	40.0	1e-05
9	1	25	1.375633955001831	38.0	1e-05
9	2	26	1.4019007682800293	44.0	1e-05
9	3	27	1.3888115882873535	30.0	1e-05
10	1	28	1.375920057296753	46.0	1e-05
10	2	29	1.4019163846969604	40.0	1e-05
10	3	30	1.478421926498413	40.0	1e-05
11	1	31	1.3247482776641846	50.0	1e-05
11	2	32	1.294028639793396	36.0	1e-05
11	3	33	1.4263451099395752	50.0	1e-05
12	1	34	1.3278967142105103	44.0	1e-05
12	2	35	1.3330256938934326	48.0	1e-05
12	3	36	1.3328601121902466	40.0	1e-05
13	1	37	1.2731150388717651	50.0	1e-05
13	2	38	1.283075213432312	42.0	1e-05
13	3	39	1.3266346454620361	45.0	1e-05
14	1	40	1.2791237831115723	40.0	1e-05
14	2	41	1.1954220533370972	52.0	1e-05
14	3	42	1.400066614151001	20.0	1e-05
15	1	43	1.2044917345046997	64.0	1e-05
15	2	44	1.2455341815948486	38.0	1e-05
15	3	45	1.2648097276687622	50.0	1e-05
16	1	46	1.2447004318237305	44.0	1e-05
16	2	47	1.2201093435287476	48.0	1e-05
16	3	48	1.242889165878296	35.0	1e-05
17	1	49	1.1635342836380005	46.0	1e-05
17	2	50	1.1827505826950073	44.0	1e-05
17	3	51	1.2872674465179443	50.0	1e-05
18	1	52	1.2399351596832275	46.0	1e-05
18	2	53	1.1466913223266602	58.0	1e-05
18	3	54	1.1817717552185059	45.0	1e-05
19	1	55	1.1171482801437378	66.0	1e-05
19	2	56	1.139389157295227	58.0	1e-05
19	3	57	1.121947169303894	70.0	1e-05
20	1	58	1.16694176197052	56.0	1e-05
20	2	59	1.140196442604065	56.0	1e-05
20	3	60	1.2237249612808228	35.0	1e-05
21	1	61	1.144272804260254	52.0	1e-05
21	2	62	1.1063051223754883	54.0	1e-05
21	3	63	1.0429133176803589	75.0	1e-05
22	1	64	1.1042568683624268	52.0	1e-05
22	2	65	1.0468930006027222	64.0	1e-05
22	3	66	1.2606333494186401	40.0	1e-05
23	1	67	1.0590327978134155	64.0	1e-05
23	2	68	1.1383708715438843	54.0	1e-05
23	3	69	1.2889035940170288	45.0	1e-05
24	1	70	1.1249295473098755	54.0	1e-05
24	2	71	1.053155779838562	68.0	1e-05
24	3	72	1.1347545385360718	55.0	1e-05
25	1	73	1.119092345237732	50.0	1e-05
25	2	74	1.0610688924789429	58.0	1e-05
25	3	75	1.061185359954834	55.0	1e-05
26	1	76	1.1000683307647705	54.0	1e-05
26	2	77	1.0352901220321655	64.0	1e-05
26	3	78	0.9915240406990051	70.0	1e-05
27	1	79	0.9803357720375061	70.0	1e-05
27	2	80	1.0710937976837158	52.0	1e-05
27	3	81	1.1131041049957275	65.0	1e-05
28	1	82	0.993421733379364	66.0	1e-05
28	2	83	1.018870234489441	70.0	1e-05
28	3	84	1.0570127964019775	60.0	1e-05
29	1	85	1.038200855255127	60.0	1e-05
29	2	86	1.0152130126953125	52.0	1e-05
29	3	87	0.9909762144088745	75.0	1e-05
30	1	88	0.9721686840057373	58.0	1e-05
30	2	89	1.0107094049453735	66.0	1e-05
30	3	90	1.0466315746307373	50.0	1e-05
31	1	91	1.0262424945831299	60.0	1e-05
31	2	92	1.0121897459030151	56.0	1e-05
31	3	93	1.0467344522476196	60.0	1e-05
32	1	94	0.9898834824562073	66.0	1e-05
32	2	95	0.9370251297950745	62.0	1e-05
32	3	96	0.9988406300544739	45.0	1e-05
33	1	97	0.9552056789398193	60.0	1e-05
33	2	98	0.9168210029602051	64.0	1e-05
33	3	99	1.1087325811386108	35.0	1e-05
34	1	100	1.057186484336853	56.0	1e-05
34	2	101	0.9022797346115112	64.0	1e-05
34	3	102	0.9557153582572937	65.0	1e-05
35	1	103	0.9497243762016296	62.0	1e-05
35	2	104	0.9979197978973389	56.0	1e-05
35	3	105	0.9593414068222046	45.0	1e-05
36	1	106	0.8623910546302795	64.0	1e-05
36	2	107	0.9587780833244324	74.0	1e-05
36	3	108	1.0615251064300537	45.0	1e-05
37	1	109	0.8960092663764954	72.0	1e-05
37	2	110	0.9424517154693604	68.0	1e-05
37	3	111	1.0801377296447754	45.0	1e-05
38	1	112	0.9895116686820984	56.0	1e-05
38	2	113	0.8653321862220764	70.0	1e-05
38	3	114	0.9714056253433228	60.0	1e-05
39	1	115	0.9440985918045044	66.0	1e-05
39	2	116	0.8880367875099182	68.0	1e-05
39	3	117	0.919813334941864	80.0	1e-05
40	1	118	0.9613118767738342	56.0	1e-05
40	2	119	0.8785210251808167	62.0	1e-05
40	3	120	0.9106367230415344	85.0	1e-05
41	1	121	0.9450607299804688	56.0	1e-05
41	2	122	0.8370010256767273	70.0	1e-05
41	3	123	0.9733251333236694	40.0	1e-05
42	1	124	0.8590592741966248	64.0	1e-05
42	2	125	0.9203571081161499	52.0	1e-05
42	3	126	0.7823358178138733	90.0	1e-05
43	1	127	1.0138733386993408	54.0	1e-05
43	2	128	0.7960363626480103	70.0	1e-05
43	3	129	0.752717912197113	80.0	1e-05
44	1	130	0.7739374041557312	74.0	1e-05
44	2	131	0.9405914545059204	56.0	1e-05
44	3	132	0.8732486963272095	60.0	1e-05
45	1	133	0.8741057515144348	58.0	1e-05
45	2	134	0.8177951574325562	72.0	1e-05
45	3	135	0.8584117889404297	65.0	1e-05
46	1	136	0.7748286724090576	72.0	1e-05
46	2	137	0.864815890789032	68.0	1e-05
46	3	138	0.9508270025253296	65.0	1e-05
47	1	139	0.7911173105239868	72.0	1e-05
47	2	140	0.8943650722503662	64.0	1e-05
47	3	141	0.8245027661323547	60.0	1e-05
48	1	142	0.7215903997421265	76.0	1e-05
48	2	143	0.9140512347221375	58.0	1e-05
48	3	144	0.8768196105957031	55.0	1e-05
49	1	145	0.7828101515769958	72.0	1e-05
49	2	146	0.8195754289627075	64.0	1e-05
49	3	147	0.752336323261261	70.0	1e-05
50	1	148	0.8639131188392639	66.0	1e-05
50	2	149	0.7497598528862	68.0	1e-05
50	3	150	0.7190443873405457	75.0	1e-05
51	1	151	0.7717849612236023	66.0	1e-05
51	2	152	0.8248628973960876	64.0	1e-05
51	3	153	0.8117364048957825	70.0	1e-05
52	1	154	0.7759165167808533	64.0	1e-05
52	2	155	0.8552279472351074	58.0	1e-05
52	3	156	0.9177473783493042	55.0	1e-05
53	1	157	0.8219637870788574	68.0	1e-05
53	2	158	0.7020629048347473	78.0	1e-05
53	3	159	0.8158405423164368	65.0	1e-05
54	1	160	0.8663888573646545	66.0	1e-05
54	2	161	0.7073693871498108	72.0	1e-05
54	3	162	0.7621438503265381	70.0	1e-05
55	1	163	0.7866348028182983	74.0	1e-05
55	2	164	0.7436589598655701	72.0	1e-05
55	3	165	0.6899401545524597	80.0	1e-05
56	1	166	0.7439393401145935	80.0	1e-05
56	2	167	0.7191891670227051	76.0	1e-05
56	3	168	0.8144426345825195	60.0	1e-05
57	1	169	0.6871978044509888	70.0	1e-05
57	2	170	0.7832310199737549	74.0	1e-05
57	3	171	0.7376488447189331	60.0	1e-05
58	1	172	0.735273003578186	68.0	1e-05
58	2	173	0.6349805593490601	78.0	1e-05
58	3	174	0.6858607530593872	75.0	1e-05
59	1	175	0.6710518002510071	80.0	1e-05
59	2	176	0.7853071093559265	64.0	1e-05
59	3	177	0.7716148495674133	85.0	1e-05
60	1	178	0.8152316808700562	60.0	1e-05
60	2	179	0.6759768128395081	70.0	1e-05
60	3	180	0.7431018948554993	65.0	1e-05
61	1	181	0.7188546657562256	74.0	1e-05
61	2	182	0.6948482394218445	70.0	1e-05
61	3	183	0.741376519203186	80.0	1e-05
62	1	184	0.6247537732124329	74.0	1e-05
62	2	185	0.7923293113708496	72.0	1e-05
62	3	186	0.8660424947738647	45.0	1e-05
63	1	187	0.6836850643157959	76.0	1e-05
63	2	188	0.7638565301895142	66.0	1e-05
63	3	189	0.6672345995903015	70.0	1e-05
64	1	190	0.7405655384063721	56.0	1e-05
64	2	191	0.7248691320419312	74.0	1e-05
64	3	192	0.7224171161651611	65.0	1e-05
65	1	193	0.7695643901824951	64.0	1e-05
65	2	194	0.679607629776001	64.0	1e-05
65	3	195	0.5430593490600586	80.0	1e-05
66	1	196	0.7093788981437683	74.0	1e-05
66	2	197	0.6291114687919617	80.0	1e-05
66	3	198	0.9020417332649231	45.0	1e-05
67	1	199	0.760810911655426	76.0	1e-05
67	2	200	0.6557942032814026	84.0	1e-05
67	3	201	0.6437687873840332	65.0	1e-05
68	1	202	0.6467044353485107	78.0	1e-05
68	2	203	0.7522100210189819	68.0	1e-05
68	3	204	0.6045634150505066	85.0	1e-05
69	1	205	0.7634024024009705	74.0	1e-05
69	2	206	0.576820969581604	76.0	1e-05
69	3	207	0.6134064793586731	75.0	1e-05
70	1	208	0.6281377673149109	80.0	1e-05
70	2	209	0.7139585614204407	70.0	1e-05
70	3	210	0.7240027189254761	80.0	1e-05
71	1	211	0.5821725726127625	88.0	1e-05
71	2	212	0.7163643836975098	74.0	1e-05
71	3	213	0.5606763958930969	85.0	1e-05
72	1	214	0.6963012218475342	72.0	1e-05
72	2	215	0.6374658346176147	70.0	1e-05
72	3	216	0.667774498462677	60.0	1e-05
73	1	217	0.7120223045349121	72.0	1e-05
73	2	218	0.6232240200042725	66.0	1e-05
73	3	219	0.7059603929519653	65.0	1e-05
74	1	220	0.6031889319419861	82.0	1e-05
74	2	221	0.5821547508239746	76.0	1e-05
74	3	222	0.7383779287338257	65.0	1e-05
75	1	223	0.6253501772880554	82.0	1e-05
75	2	224	0.6790251731872559	78.0	1e-05
75	3	225	0.6567314863204956	80.0	1e-05
76	1	226	0.7201331853866577	70.0	1e-05
76	2	227	0.5919519066810608	72.0	1e-05
76	3	228	0.6570687890052795	70.0	1e-05
77	1	229	0.6808483004570007	68.0	1e-05
77	2	230	0.6100744009017944	80.0	1e-05
77	3	231	0.6121929883956909	80.0	1e-05
78	1	232	0.659789502620697	66.0	1e-05
78	2	233	0.5753815174102783	82.0	1e-05
78	3	234	0.845471978187561	65.0	1e-05
79	1	235	0.6077362298965454	76.0	1e-05
79	2	236	0.6141263842582703	72.0	1e-05
79	3	237	0.7836853265762329	65.0	1e-05
80	1	238	0.6823330521583557	74.0	1e-05
80	2	239	0.507560133934021	86.0	1e-05
80	3	240	0.7561286687850952	75.0	1e-05
81	1	241	0.5932108163833618	72.0	1e-05
81	2	242	0.7746408581733704	66.0	1e-05
81	3	243	0.4424550533294678	85.0	1e-05
82	1	244	0.6152811646461487	78.0	1e-05
82	2	245	0.6013830304145813	80.0	1e-05
82	3	246	0.6357753872871399	70.0	1e-05
83	1	247	0.6496078372001648	72.0	1e-05
83	2	248	0.6005925536155701	72.0	1e-05
83	3	249	0.5314622521400452	80.0	1e-05
84	1	250	0.6464320421218872	74.0	1e-05
84	2	251	0.6029156446456909	76.0	1e-05
84	3	252	0.6193444728851318	80.0	1e-05
85	1	253	0.6075063347816467	80.0	1e-05
85	2	254	0.544471025466919	78.0	1e-05
85	3	255	0.5683695077896118	80.0	1e-05
86	1	256	0.5199019908905029	86.0	1e-05
86	2	257	0.7366625070571899	58.0	1e-05
86	3	258	0.49478182196617126	90.0	1e-05
87	1	259	0.5050185918807983	86.0	1e-05
87	2	260	0.6917203664779663	70.0	1e-05
87	3	261	0.5784657597541809	70.0	1e-05
88	1	262	0.5457544922828674	76.0	1e-05
88	2	263	0.6771385073661804	70.0	1e-05
88	3	264	0.471985399723053	80.0	1e-05
89	1	265	0.5646917223930359	76.0	1e-05
89	2	266	0.5868045687675476	78.0	1e-05
89	3	267	0.7362225651741028	60.0	1e-05
90	1	268	0.538827121257782	78.0	1e-05
90	2	269	0.6374210715293884	74.0	1e-05
90	3	270	0.5408733487129211	80.0	1e-05
91	1	271	0.5281950235366821	74.0	1e-05
91	2	272	0.5895902514457703	84.0	1e-05
91	3	273	0.8732331395149231	55.0	1e-05
92	1	274	0.5463488101959229	80.0	1e-05
92	2	275	0.6023246645927429	74.0	1e-05
92	3	276	0.5780078768730164	85.0	1e-05
93	1	277	0.8209369778633118	62.0	1e-05
93	2	278	0.4475015699863434	86.0	1e-05
93	3	279	0.44339925050735474	80.0	1e-05
94	1	280	0.6121541261672974	80.0	1e-05
94	2	281	0.5787410140037537	76.0	1e-05
94	3	282	0.4469696581363678	85.0	1e-05
95	1	283	0.5302479267120361	84.0	1e-05
95	2	284	0.5310093760490417	82.0	1e-05
95	3	285	0.5616520047187805	70.0	1e-05
96	1	286	0.5151328444480896	84.0	1e-05
96	2	287	0.6531388759613037	70.0	1e-05
96	3	288	0.3932037055492401	90.0	1e-05
97	1	289	0.528869092464447	78.0	1e-05
97	2	290	0.5371398329734802	74.0	1e-05
97	3	291	0.5854291915893555	75.0	1e-05
98	1	292	0.46118396520614624	82.0	1e-05
98	2	293	0.6245550513267517	70.0	1e-05
98	3	294	0.6080684065818787	70.0	1e-05
99	1	295	0.5267844200134277	80.0	1e-05
99	2	296	0.4831690192222595	86.0	1e-05
99	3	297	0.6258112192153931	75.0	1e-05
100	1	298	0.48064467310905457	82.0	1e-05
100	2	299	0.5118711590766907	84.0	1e-05
100	3	300	0.7680820822715759	50.0	1e-05
101	1	301	0.545911967754364	72.0	1e-05
101	2	302	0.6823629140853882	70.0	1e-05
101	3	303	0.5382463335990906	85.0	1e-05
102	1	304	0.43693163990974426	90.0	1e-05
102	2	305	0.5633917450904846	78.0	1e-05
102	3	306	0.719706118106842	70.0	1e-05
103	1	307	0.475739449262619	78.0	1e-05
103	2	308	0.46538621187210083	88.0	1e-05
103	3	309	0.9449020624160767	60.0	1e-05
104	1	310	0.534873902797699	74.0	1e-05
104	2	311	0.5200209617614746	74.0	1e-05
104	3	312	0.5030655860900879	85.0	1e-05
105	1	313	0.5585913062095642	74.0	1e-05
105	2	314	0.4999418556690216	80.0	1e-05
105	3	315	0.5853451490402222	75.0	1e-05
106	1	316	0.4585643410682678	84.0	1e-05
106	2	317	0.6046103835105896	74.0	1e-05
106	3	318	0.5274331569671631	75.0	1e-05
107	1	319	0.5501914024353027	78.0	1e-05
107	2	320	0.5554641485214233	80.0	1e-05
107	3	321	0.5731557607650757	65.0	1e-05
108	1	322	0.5204852819442749	74.0	1e-05
108	2	323	0.5095052123069763	80.0	1e-05
108	3	324	0.6095112562179565	85.0	1e-05
109	1	325	0.5825116038322449	84.0	1e-05
109	2	326	0.4577118754386902	82.0	1e-05
109	3	327	0.7203301787376404	70.0	1e-05
110	1	328	0.42209818959236145	86.0	1e-05
110	2	329	0.6438438892364502	72.0	1e-05
110	3	330	0.5404788851737976	75.0	1e-05
111	1	331	0.5040493607521057	78.0	1e-05
111	2	332	0.6101868152618408	84.0	1e-05
111	3	333	0.5045167803764343	80.0	1e-05
112	1	334	0.434947669506073	82.0	1e-05
112	2	335	0.5390200614929199	84.0	1e-05
112	3	336	0.6432830095291138	80.0	1e-05
113	1	337	0.4769667387008667	88.0	1e-05
113	2	338	0.4863346219062805	82.0	1e-05
113	3	339	0.6452827453613281	75.0	1e-05
114	1	340	0.46352458000183105	80.0	1e-05
114	2	341	0.5305362939834595	80.0	1e-05
114	3	342	0.6498969793319702	80.0	1e-05
115	1	343	0.530911922454834	82.0	1e-05
115	2	344	0.4898754954338074	80.0	1e-05
115	3	345	0.46669942140579224	80.0	1e-05
116	1	346	0.40822163224220276	84.0	1e-05
116	2	347	0.6222291588783264	78.0	1e-05
116	3	348	0.4046975076198578	85.0	1e-05
117	1	349	0.3906022608280182	84.0	1e-05
117	2	350	0.5710275769233704	78.0	1e-05
117	3	351	0.5491306185722351	80.0	1e-05
118	1	352	0.5684918165206909	72.0	1e-05
118	2	353	0.3743400573730469	88.0	1e-05
118	3	354	0.4345085024833679	85.0	1e-05
119	1	355	0.47023409605026245	88.0	1e-05
119	2	356	0.4603874683380127	86.0	1e-05
119	3	357	0.4710325300693512	75.0	1e-05
120	1	358	0.4441600739955902	80.0	1e-05
120	2	359	0.46278247237205505	82.0	1e-05
120	3	360	0.7720059752464294	60.0	1e-05
121	1	361	0.5245140194892883	78.0	1e-05
121	2	362	0.4850793778896332	74.0	1e-05
121	3	363	0.6208535432815552	75.0	1e-05
122	1	364	0.4383789300918579	86.0	1e-05
122	2	365	0.3716773986816406	84.0	1e-05
122	3	366	1.0857843160629272	40.0	1e-05
123	1	367	0.475076824426651	84.0	1e-05
123	2	368	0.4206533432006836	82.0	1e-05
123	3	369	0.5642262697219849	75.0	1e-05
124	1	370	0.6097856760025024	70.0	1e-05
124	2	371	0.42739421129226685	84.0	1e-05
124	3	372	0.5580200552940369	70.0	1e-05
125	1	373	0.48448440432548523	78.0	1e-05
125	2	374	0.6748967170715332	60.0	1e-05
125	3	375	0.5881608128547668	80.0	1e-05
126	1	376	0.5016564130783081	80.0	1e-05
126	2	377	0.4495764672756195	84.0	1e-05
126	3	378	0.4358077943325043	80.0	1e-05
127	1	379	0.5321574211120605	72.0	1e-05
127	2	380	0.5432717800140381	84.0	1e-05
127	3	381	0.47501522302627563	75.0	1e-05
128	1	382	0.5090548396110535	78.0	1e-05
128	2	383	0.6318953037261963	72.0	1e-05
128	3	384	0.28904300928115845	95.0	1e-05
129	1	385	0.4259736239910126	86.0	1e-05
129	2	386	0.4418143928050995	88.0	1e-05
129	3	387	0.5743363499641418	70.0	1e-05
130	1	388	0.38829001784324646	82.0	1e-05
130	2	389	0.5678027272224426	74.0	1e-05
130	3	390	0.40963083505630493	80.0	1e-05
131	1	391	0.38698872923851013	84.0	1e-05
131	2	392	0.5680930614471436	76.0	1e-05
131	3	393	0.6582809686660767	70.0	1e-05
132	1	394	0.4893253445625305	88.0	1e-05
132	2	395	0.4639173150062561	84.0	1e-05
132	3	396	0.3662281036376953	85.0	1e-05
133	1	397	0.478252112865448	76.0	1e-05
133	2	398	0.4832109212875366	82.0	1e-05
133	3	399	0.5677089691162109	80.0	1e-05
134	1	400	0.3856726884841919	82.0	1e-05
134	2	401	0.46230700612068176	80.0	1e-05
134	3	402	0.6362281441688538	75.0	1e-05
135	1	403	0.4687410593032837	86.0	1e-05
135	2	404	0.48438170552253723	84.0	1e-05
135	3	405	0.44653648138046265	75.0	1e-05
136	1	406	0.4301585257053375	84.0	1e-05
136	2	407	0.4477178156375885	74.0	1e-05
136	3	408	0.43359917402267456	80.0	1e-05
137	1	409	0.36607909202575684	90.0	1e-05
137	2	410	0.5285883545875549	78.0	1e-05
137	3	411	0.4654286801815033	80.0	1e-05
138	1	412	0.4496011435985565	80.0	1e-05
138	2	413	0.38555318117141724	86.0	1e-05
138	3	414	0.7554607391357422	70.0	1e-05
139	1	415	0.33050215244293213	84.0	1e-05
139	2	416	0.6400388479232788	70.0	1e-05
139	3	417	0.3590115010738373	90.0	1e-05
140	1	418	0.3905537724494934	86.0	1e-05
140	2	419	0.4375823140144348	82.0	1e-05
140	3	420	0.47642993927001953	65.0	1e-05
141	1	421	0.48542359471321106	80.0	1e-05
141	2	422	0.44756531715393066	86.0	1e-05
141	3	423	0.40751877427101135	85.0	1e-05
142	1	424	0.4543139636516571	86.0	1e-05
142	2	425	0.5315893292427063	70.0	1e-05
142	3	426	0.470836877822876	75.0	1e-05
143	1	427	0.47254180908203125	76.0	1e-05
143	2	428	0.45832160115242004	86.0	1e-05
143	3	429	0.4534507691860199	90.0	1e-05
144	1	430	0.527840256690979	86.0	1e-05
144	2	431	0.3496379852294922	88.0	1e-05
144	3	432	0.3993369936943054	75.0	1e-05
145	1	433	0.4198475182056427	86.0	1e-05
145	2	434	0.4315953552722931	82.0	1e-05
145	3	435	0.7120961546897888	65.0	1e-05
146	1	436	0.506947934627533	70.0	1e-05
146	2	437	0.4235387444496155	84.0	1e-05
146	3	438	0.41377201676368713	80.0	1e-05
147	1	439	0.35059645771980286	90.0	1e-05
147	2	440	0.4760979413986206	80.0	1e-05
147	3	441	0.48925524950027466	70.0	1e-05
148	1	442	0.41518187522888184	84.0	1e-05
148	2	443	0.5162032842636108	72.0	1e-05
148	3	444	0.3626987934112549	95.0	1e-05
149	1	445	0.42858657240867615	74.0	1e-05
149	2	446	0.4240967929363251	82.0	1e-05
149	3	447	0.45925313234329224	80.0	1e-05
150	1	448	0.46672722697257996	82.0	1e-05
150	2	449	0.42538994550704956	92.0	1e-05
150	3	450	0.25560617446899414	95.0	1e-05
151	1	451	0.3799687922000885	78.0	1e-05
151	2	452	0.4763028025627136	82.0	1e-05
151	3	453	0.46642619371414185	80.0	1e-05
152	1	454	0.4142245948314667	88.0	1e-05
152	2	455	0.4180065095424652	82.0	1e-05
152	3	456	0.7402487993240356	70.0	1e-05
153	1	457	0.5455297231674194	78.0	1e-05
153	2	458	0.45039403438568115	78.0	1e-05
153	3	459	0.4712890088558197	85.0	1e-05
154	1	460	0.38983288407325745	84.0	1e-05
154	2	461	0.34714099764823914	90.0	1e-05
154	3	462	0.44126707315444946	85.0	1e-05
155	1	463	0.32292500138282776	90.0	1e-05
155	2	464	0.5279183387756348	76.0	1e-05
155	3	465	0.526776909828186	80.0	1e-05
156	1	466	0.3755319118499756	82.0	1e-05
156	2	467	0.4009188115596771	84.0	1e-05
156	3	468	0.5602934956550598	65.0	1e-05
157	1	469	0.4424833655357361	84.0	1e-05
157	2	470	0.47946929931640625	76.0	1e-05
157	3	471	0.4543169438838959	85.0	1e-05
158	1	472	0.5680773258209229	74.0	1e-05
158	2	473	0.4365099370479584	80.0	1e-05
158	3	474	0.2720871865749359	90.0	1e-05
159	1	475	0.39934632182121277	88.0	1e-05
159	2	476	0.48846685886383057	76.0	1e-05
159	3	477	0.6964775323867798	65.0	1e-05
160	1	478	0.4346098005771637	80.0	1e-05
160	2	479	0.40777912735939026	82.0	1e-05
160	3	480	0.20945902168750763	95.0	1e-05
161	1	481	0.3776565492153168	86.0	1e-05
161	2	482	0.4237397015094757	86.0	1e-05
161	3	483	0.6851910352706909	70.0	1e-05
162	1	484	0.36967772245407104	88.0	1e-05
162	2	485	0.33878093957901	84.0	1e-05
162	3	486	0.49901723861694336	80.0	1e-05
163	1	487	0.34891757369041443	88.0	1e-05
163	2	488	0.43950188159942627	80.0	1e-05
163	3	489	0.5041705965995789	80.0	1e-05
164	1	490	0.4066980481147766	82.0	1e-05
164	2	491	0.4222069978713989	80.0	1e-05
164	3	492	0.34381595253944397	90.0	1e-05
165	1	493	0.2882717251777649	94.0	1e-05
165	2	494	0.42946314811706543	80.0	1e-05
165	3	495	0.5707621574401855	75.0	1e-05
166	1	496	0.34584659337997437	88.0	1e-05
166	2	497	0.3899781107902527	80.0	1e-05
166	3	498	0.4927248954772949	75.0	1e-05
167	1	499	0.40422359108924866	84.0	1e-05
167	2	500	0.3441253900527954	90.0	1e-05
167	3	501	0.5117921829223633	80.0	1e-05
168	1	502	0.3374251425266266	90.0	1e-05
168	2	503	0.42619478702545166	86.0	1e-05
168	3	504	0.2772018313407898	95.0	1e-05
169	1	505	0.3780776858329773	88.0	1e-05
169	2	506	0.46492499113082886	80.0	1e-05
169	3	507	0.4794720709323883	80.0	1e-05
170	1	508	0.4662976562976837	80.0	1e-05
170	2	509	0.4261145293712616	84.0	1e-05
170	3	510	0.34054678678512573	90.0	1e-05
171	1	511	0.2327454686164856	92.0	1e-05
171	2	512	0.41744768619537354	78.0	1e-05
171	3	513	0.69358891248703	65.0	1e-05
172	1	514	0.41884326934814453	82.0	1e-05
172	2	515	0.3255981504917145	88.0	1e-05
172	3	516	0.4891635477542877	75.0	1e-05
173	1	517	0.45983290672302246	76.0	1e-05
173	2	518	0.3178364932537079	88.0	1e-05
173	3	519	0.5307596921920776	70.0	1e-05
174	1	520	0.3261943757534027	88.0	1e-05
174	2	521	0.42687875032424927	82.0	1e-05
174	3	522	0.5212043523788452	85.0	1e-05
175	1	523	0.3164205253124237	92.0	1e-05
175	2	524	0.5228959918022156	74.0	1e-05
175	3	525	0.5005120038986206	75.0	1e-05
176	1	526	0.3219195604324341	92.0	1e-05
176	2	527	0.396208792924881	84.0	1e-05
176	3	528	0.3621121048927307	85.0	1e-05
177	1	529	0.35812264680862427	82.0	1e-05
177	2	530	0.47983184456825256	82.0	1e-05
177	3	531	0.40478014945983887	90.0	1e-05
178	1	532	0.3353140354156494	86.0	1e-05
178	2	533	0.40232768654823303	86.0	1e-05
178	3	534	0.34178292751312256	85.0	1e-05
179	1	535	0.3951413631439209	90.0	1e-05
179	2	536	0.3089001774787903	92.0	1e-05
179	3	537	0.27428197860717773	90.0	1e-05
180	1	538	0.3583918809890747	86.0	1e-05
180	2	539	0.44335252046585083	76.0	1e-05
180	3	540	0.3064303994178772	90.0	1e-05
181	1	541	0.41169774532318115	84.0	1e-05
181	2	542	0.3078616261482239	86.0	1e-05
181	3	543	0.3349209725856781	85.0	1e-05
182	1	544	0.37518271803855896	82.0	1e-05
182	2	545	0.34838226437568665	82.0	1e-05
182	3	546	0.46065226197242737	75.0	1e-05
183	1	547	0.31729549169540405	88.0	1.0000000000000002e-06
183	2	548	0.3723205626010895	92.0	1.0000000000000002e-06
183	3	549	0.40814247727394104	85.0	1.0000000000000002e-06
184	1	550	0.33846622705459595	86.0	1.0000000000000002e-06
184	2	551	0.3448180854320526	88.0	1.0000000000000002e-06
184	3	552	0.34507691860198975	85.0	1.0000000000000002e-06
185	1	553	0.3632614016532898	88.0	1.0000000000000002e-06
185	2	554	0.3018335998058319	92.0	1.0000000000000002e-06
185	3	555	0.26714888215065	90.0	1.0000000000000002e-06
186	1	556	0.27390509843826294	96.0	1.0000000000000002e-06
186	2	557	0.3602180480957031	90.0	1.0000000000000002e-06
186	3	558	0.3230811655521393	95.0	1.0000000000000002e-06
187	1	559	0.2849789559841156	96.0	1.0000000000000002e-06
187	2	560	0.35634109377861023	84.0	1.0000000000000002e-06
187	3	561	0.3803550601005554	90.0	1.0000000000000002e-06
188	1	562	0.3148403465747833	90.0	1.0000000000000002e-06
188	2	563	0.43120190501213074	82.0	1.0000000000000002e-06
188	3	564	0.29358962178230286	85.0	1.0000000000000002e-06
189	1	565	0.3597782850265503	90.0	1.0000000000000002e-06
189	2	566	0.30261602997779846	86.0	1.0000000000000002e-06
189	3	567	0.4541126787662506	85.0	1.0000000000000002e-06
190	1	568	0.21504764258861542	96.0	1.0000000000000002e-06
190	2	569	0.3693811297416687	90.0	1.0000000000000002e-06
190	3	570	0.48216238617897034	85.0	1.0000000000000002e-06
191	1	571	0.35862886905670166	80.0	1.0000000000000002e-06
191	2	572	0.35049673914909363	86.0	1.0000000000000002e-06
191	3	573	0.4829491674900055	80.0	1.0000000000000002e-06
192	1	574	0.3664238452911377	86.0	1.0000000000000002e-06
192	2	575	0.3523971438407898	90.0	1.0000000000000002e-06
192	3	576	0.3950541615486145	90.0	1.0000000000000002e-06
193	1	577	0.3052980601787567	92.0	1.0000000000000002e-06
193	2	578	0.302280068397522	90.0	1.0000000000000002e-06
193	3	579	0.41056758165359497	90.0	1.0000000000000002e-06
194	1	580	0.28626909852027893	92.0	1.0000000000000002e-06
194	2	581	0.3348805606365204	86.0	1.0000000000000002e-06
194	3	582	0.3217296600341797	85.0	1.0000000000000002e-06
195	1	583	0.35542136430740356	86.0	1.0000000000000002e-06
195	2	584	0.22681984305381775	96.0	1.0000000000000002e-06
195	3	585	0.2943382263183594	90.0	1.0000000000000002e-06
196	1	586	0.2883756458759308	94.0	1.0000000000000002e-06
196	2	587	0.36289212107658386	86.0	1.0000000000000002e-06
196	3	588	0.4440080523490906	80.0	1.0000000000000002e-06
197	1	589	0.35992690920829773	84.0	1.0000000000000002e-06
197	2	590	0.30258065462112427	90.0	1.0000000000000002e-06
197	3	591	0.28061479330062866	95.0	1.0000000000000002e-06
198	1	592	0.2652408182621002	92.0	1.0000000000000002e-06
198	2	593	0.4125775396823883	86.0	1.0000000000000002e-06
198	3	594	0.425098717212677	85.0	1.0000000000000002e-06
199	1	595	0.30157482624053955	88.0	1.0000000000000002e-06
199	2	596	0.36541473865509033	82.0	1.0000000000000002e-06
199	3	597	0.2703988254070282	85.0	1.0000000000000002e-06
200	1	598	0.3345131576061249	88.0	1.0000000000000002e-06
200	2	599	0.3269420862197876	88.0	1.0000000000000002e-06
200	3	600	0.3400511145591736	90.0	1.0000000000000002e-06
201	1	601	0.3266153037548065	90.0	1.0000000000000002e-06
201	2	602	0.2482873499393463	90.0	1.0000000000000002e-06
201	3	603	0.33570948243141174	95.0	1.0000000000000002e-06
