epoch	epistemic	aleatoric	random_param_mean	random_param_log_alpha	total_param_mean	total_param_log_alpha
1	2.7529555261668337e-06	0.16429923091207368	0	0	0	0
2	6.07761660890993e-06	0.19469359954233564	0	0	0	0
3	3.772757745840183e-05	0.21231477733072776	0	0	0	0
4	6.503795479832764e-05	0.2246280040231937	0	0	0	0
5	0.0016964175758733685	0.21697978562668077	0	0	0	0
6	0.001740416354041971	0.2106979554543659	0	0	0	0
7	0.0022396275699023693	0.22083958927579558	0	0	0	0
8	0.008900302059283882	0.2206241044819036	0	0	0	0
9	0.00831046987086112	0.22274624866540385	0	0	0	0
10	0.00883765677100437	0.22055948396200797	0	0	0	0
11	0.009020630663000975	0.21925350168041668	0	0	0	0
12	0.006547047866323347	0.22658056230846083	0	0	0	0
13	0.007473985835651897	0.2292460593205424	0	0	0	0
14	0.012675522558112329	0.22719620402878546	0	0	0	0
15	0.011339252020014734	0.22521524812963958	0	0	0	0
16	0.01693105370298617	0.22787839114170505	0	0	0	0
17	0.014860307119633737	0.23252432236642137	0	0	0	0
18	0.014942801823109919	0.22977147104210624	0	0	0	0
19	0.02806256148383407	0.22185989554557684	0	0	0	0
20	0.010080704239158467	0.23589174717963432	0	0	0	0
21	0.014662843846666801	0.23339405793916548	0	0	0	0
22	0.028233654488370674	0.22155703594498002	0	0	0	0
23	0.03545802139621762	0.2144615356163777	0	0	0	0
24	0.027784544295558183	0.22181399760877385	0	0	0	0
25	0.019657244405048457	0.23005291084354051	0	0	0	0
26	0.03914377844261624	0.21074098879352832	0	0	0	0
27	0.032862882258564985	0.21680801793273022	0	0	0	0
28	0.029420235384619742	0.22051710028561047	0	0	0	0
29	0.041846704172619875	0.2057968564645575	0	0	0	0
30	0.050207122797679304	0.19308346729714065	0	0	0	0
31	0.0457759301395983	0.1990499071966887	0	0	0	0
32	0.03758605716106833	0.20696393846873837	0	0	0	0
33	0.04103082903772198	0.20744575421617406	0	0	0	0
34	0.0415611062820071	0.20618393604172777	0	0	0	0
35	0.04332507832938293	0.20269982719326252	0	0	0	0
36	0.045484218746991045	0.1971937471714121	0	0	0	0
37	0.047253880184151664	0.19016127438632272	0	0	0	0
38	0.0479775412805874	0.1916478846657148	0	0	0	0
39	0.04730101099835099	0.18606823540914497	0	0	0	0
40	0.043343241318263004	0.19930392938567323	0	0	0	0
41	0.0648187654995181	0.16607577892508166	0	0	0	0
42	0.05959163994987776	0.17592791530454063	0	0	0	0
43	0.05017981757626211	0.1881512626650732	0	0	0	0
44	0.06085877937364664	0.16964775608734625	0	0	0	0
45	0.057045169563975595	0.17548832772530862	0	0	0	0
46	0.056558529635456045	0.17960731297421972	0	0	0	0
47	0.054866319971617616	0.17912022287624216	0	0	0	0
48	0.05114005903313751	0.1804952072195336	0	0	0	0
49	0.055266180576929	0.179485409397667	0	0	0	0
50	0.057175575052952454	0.17570648366540254	0	0	0	0
51	0.0587662182930721	0.15797739981499048	0	0	0	0
52	0.06001893021941729	0.15503539313308953	0	0	0	0
53	0.05420799314025948	0.16947125021504053	0	0	0	0
54	0.052632731237794494	0.17267036479804823	0	0	0	0
55	0.04059552697305946	0.1919992296212855	0	0	0	0
56	0.05487519278427444	0.17591099062507376	0	0	0	0
57	0.05414458749514872	0.16693703991904454	0	0	0	0
58	0.05079077278595984	0.18623477404346592	0	0	0	0
59	0.06326086963137467	0.1500745891137106	0	0	0	0
60	0.05753637701680292	0.16060688604720266	0	0	0	0
61	0.059087621603391816	0.16740318185499695	0	0	0	0
62	0.057636971506508095	0.16938529100960423	0	0	0	0
63	0.05276600130248027	0.16996632070265685	0	0	0	0
64	0.04799340340731356	0.16295252799489868	0	0	0	0
65	0.05912686343200346	0.1651360977740226	0	0	0	0
66	0.04757453359944114	0.17142480235394641	0	0	0	0
67	0.03983725758747181	0.1850912592904972	0	0	0	0
68	0.04345932319740581	0.17419380665919215	0	0	0	0
69	0.05917581455109511	0.14298026647367887	0	0	0	0
70	0.03907710495077332	0.16698941947743498	0	0	0	0
71	0.03996355015524544	0.1807135497440974	0	0	0	0
72	0.03967088972134264	0.17137482954905195	0	0	0	0
73	0.03902954109942558	0.19366528336724728	0	0	0	0
74	0.044328457774966745	0.17401240697484063	0	0	0	0
75	0.039650600431655636	0.18346192379184179	0	0	0	0
76	0.040064579097237984	0.18001852879334282	0	0	0	0
77	0.04993812621390026	0.1540489867674848	0	0	0	0
78	0.04423653049720194	0.16534247349941644	0	0	0	0
79	0.0586267393991734	0.13342248671257506	0	0	0	0
80	0.044353662676171524	0.18014807767797536	0	0	0	0
81	0.050460166834588094	0.15663359901721577	0	0	0	0
82	0.05329275993630922	0.1739562541206384	0	0	0	0
83	0.0564532060915251	0.16410389664625602	0	0	0	0
84	0.06355122075223474	0.12701275541765425	0	0	0	0
85	0.05824751259541361	0.13955537404339968	0	0	0	0
86	0.050952871731862914	0.15487069640189155	0	0	0	0
87	0.04895273899384889	0.13394242664722666	0	0	0	0
88	0.04624907383574539	0.16005341075567814	0	0	0	0
89	0.039452549188861874	0.16562856699179815	0	0	0	0
90	0.041592310571759716	0.1539786775524974	0	0	0	0
91	0.04265662058650643	0.16164308768754335	0	0	0	0
92	0.039898376660870594	0.15818772896763064	0	0	0	0
93	0.04553489591870835	0.1715511952920216	0	0	0	0
94	0.03818722953034781	0.17647870041899205	0	0	0	0
95	0.046849762700353126	0.1646713909272298	0	0	0	0
96	0.048202903465665026	0.15221283334391722	0	0	0	0
97	0.044085301738273186	0.14639342982353556	0	0	0	0
98	0.03861194509607446	0.1639472115018017	0	0	0	0
99	0.038106793667513905	0.160840346942647	0	0	0	0
100	0.031176480954852925	0.12388177693362896	0	0	0	0
101	0.042715074345003656	0.1284765205090471	0	0	0	0
102	0.03896223754659234	0.1449233319773732	0	0	0	0
103	0.04858751229443159	0.13830995571884194	0	0	0	0
104	0.025130954476505374	0.12173651811305201	0	0	0	0
105	0.03790872900656517	0.15199484416091877	0	0	0	0
106	0.047309817766383544	0.14775842286492402	0	0	0	0
107	0.03842557225381038	0.1518330208965546	0	0	0	0
108	0.03723283086502882	0.16487073602006372	0	0	0	0
109	0.05231301422775225	0.1440258145015382	0	0	0	0
110	0.02850834706283434	0.1505907937595697	0	0	0	0
111	0.025205453688884494	0.14826894569075333	0	0	0	0
112	0.04685592846953879	0.12244875388417371	0	0	0	0
113	0.04241868396574966	0.14220031347335116	0	0	0	0
114	0.04866656550195503	0.13686030611524927	0	0	0	0
115	0.031773323489861616	0.13888499449417532	0	0	0	0
116	0.030852527833821197	0.12876413659716324	0	0	0	0
117	0.041406517189943925	0.1252634230817915	0	0	0	0
118	0.04997731466492916	0.1296143316015214	0	0	0	0
119	0.04022488866655838	0.12621780726084544	0	0	0	0
120	0.05384750858700471	0.12170220062475819	0	0	0	0
121	0.05284334437680471	0.12281293780266737	0	0	0	0
122	0.05119015522715242	0.13387083347597528	0	0	0	0
123	0.04066217804264738	0.12358774234242238	0	0	0	0
124	0.03307837573371175	0.13628059932110462	0	0	0	0
125	0.046132492865682884	0.12603599593807466	0	0	0	0
126	0.04157114015683827	0.12010041058847887	0	0	0	0
127	0.028093090390850284	0.12511160848517763	0	0	0	0
128	0.031183619087974845	0.11235987345475618	0	0	0	0
129	0.054463970079314805	0.13182633911025707	0	0	0	0
130	0.04472170051460411	0.11877513843555058	0	0	0	0
131	0.026179616685502505	0.12264744931819178	0	0	0	0
132	0.02135231414793759	0.13881137094902693	0	0	0	0
133	0.03370832693653869	0.13803820129230351	0	0	0	0
134	0.03216745589475212	0.16784348477381558	0	0	0	0
135	0.029885439822993742	0.14544063208615268	0	0	0	0
136	0.022718642918651	0.12785141256427934	0	0	0	0
137	0.04532327486599963	0.11183952531239279	0	0	0	0
138	0.039174045317648565	0.1137974177315076	0	0	0	0
139	0.040049714530454805	0.12537252950040756	0	0	0	0
140	0.04146064398441074	0.11490554970710727	0	0	0	0
141	0.03177571019089398	0.13314248585128774	0	0	0	0
142	0.02698507577873266	0.1280500689355133	0	0	0	0
143	0.029497551198512717	0.12942487054796015	0	0	0	0
144	0.0428693646572027	0.12693976042102673	0	0	0	0
145	0.04934780514975412	0.12210392315649694	0	0	0	0
146	0.031544222260939114	0.11450825353318421	0	0	0	0
147	0.03305497388713485	0.12754829440409546	0	0	0	0
148	0.04311977137317913	0.14143439242823738	0	0	0	0
149	0.042453923325312726	0.12968828162744436	0	0	0	0
150	0.03466910360753006	0.1568936962575723	0	0	0	0
151	0.017001779000404005	0.12395379339797301	0	0	0	0
152	0.03191910053957525	0.12459978542459933	0	0	0	0
153	0.038954260428846865	0.15089134218356115	0	0	0	0
154	0.05354878599823176	0.11890079753703812	0	0	0	0
155	0.04327851600354571	0.119765034323563	0	0	0	0
156	0.044389775968466605	0.11662978734836756	0	0	0	0
157	0.04820476166430343	0.11586357499806543	0	0	0	0
158	0.049205851961844016	0.1413033491147364	0	0	0	0
159	0.04625794086276669	0.13708208312078973	0	0	0	0
160	0.038688316020435876	0.11408467195603185	0	0	0	0
161	0.03779983283283783	0.10821343964506802	0	0	0	0
162	0.040781265544830525	0.10815736786861814	0	0	0	0
163	0.04277965784237481	0.13369634803536337	0	0	0	0
164	0.03694297210213182	0.12817075557549948	0	0	0	0
165	0.03504873187994062	0.13273802183314865	0	0	0	0
166	0.030714140119471822	0.11251318188884281	0	0	0	0
167	0.0331271264778914	0.10105842607414288	0	0	0	0
168	0.035653322697272394	0.11388284237255952	0	0	0	0
169	0.027351188919856884	0.0961139012744608	0	0	0	0
170	0.036004133903126956	0.08802576996887505	0	0	0	0
171	0.02978787883341827	0.11637948007844123	0	0	0	0
172	0.020244989199797003	0.09896600917195848	0	0	0	0
173	0.03979999534069456	0.12063518459477647	0	0	0	0
174	0.03646844986401021	0.11816535979304617	0	0	0	0
175	0.03778538802775511	0.10246096918176328	0	0	0	0
176	0.037426014964377585	0.10796570650299982	0	0	0	0
177	0.03967392894122357	0.11069413768976315	0	0	0	0
178	0.041021017692773554	0.11966906855807531	0	0	0	0
179	0.03368723152617337	0.11125023913546468	0	0	0	0
180	0.053839760605371434	0.09931621198717822	0	0	0	0
181	0.04056516713319758	0.12290948691643	0	0	0	0
182	0.030474327337284057	0.11309615515499656	0	0	0	0
183	0.034360014311128784	0.10553339084357316	0	0	0	0
184	0.0375822982085513	0.11935497131377855	0	0	0	0
185	0.03083588405884241	0.11878801661079248	0	0	0	0
186	0.04676192468546436	0.1001032269736497	0	0	0	0
187	0.03010484471420105	0.10254996380837038	0	0	0	0
188	0.03130933633690225	0.11266573034154348	0	0	0	0
189	0.01968964415852248	0.10980642862499224	0	0	0	0
190	0.018091524230975375	0.11482730682938591	0	0	0	0
191	0.027212739995582047	0.08643737121669563	0	0	0	0
192	0.03406358173224944	0.10382458353697673	0	0	0	0
193	0.030445826868563897	0.10821142041873433	0	0	0	0
194	0.03920342417249212	0.13067251593368656	0	0	0	0
195	0.026421044864144982	0.12187979107668578	0	0	0	0
196	0.022095233884034227	0.0938172882236185	0	0	0	0
197	0.04563970726673472	0.10513468716107137	0	0	0	0
198	0.05128295866043797	0.1108106174510471	0	0	0	0
199	0.028307209190695848	0.10260951239141769	0	0	0	0
200	0.019494249618490556	0.11299576883555436	0	0	0	0
201	0.03294657767054732	0.11506896542478569	0	0	0	0
202	0.033588493648882056	0.11625774108386515	0	0	0	0
203	0.040751318284001026	0.12643433547331248	0	0	0	0
204	0.027077076897704444	0.10415990898300535	0	0	0	0
205	0.04033824814971576	0.097881715600588	0	0	0	0
206	0.03497040635960247	0.12987857663005417	0	0	0	0
207	0.018068523260681535	0.0851085707931037	0	0	0	0
208	0.03370939056635547	0.08846119814335889	0	0	0	0
209	0.0357489006300612	0.10277144732441419	0	0	0	0
210	0.03855631364055656	0.12722741860731604	0	0	0	0
211	0.038886479743868496	0.09881125355198546	0	0	0	0
212	0.04878613988245495	0.09385668604968041	0	0	0	0
213	0.029178530604112796	0.10195226389272527	0	0	0	0
214	0.03133654560645094	0.10725239267468556	0	0	0	0
215	0.028650603907350636	0.11874470036772333	0	0	0	0
216	0.036685504872049024	0.1040657553901454	0	0	0	0
217	0.03801579348569639	0.10881230748369042	0	0	0	0
218	0.03469367813108526	0.11001569609540796	0	0	0	0
219	0.03968318824065631	0.11457154634154561	0	0	0	0
220	0.04557923608500347	0.10933796333078605	0	0	0	0
221	0.04052270040930228	0.10243273254609342	0	0	0	0
222	0.037440193144234746	0.08131454429312497	0	0	0	0
223	0.04196073774765119	0.09429369965767058	0	0	0	0
224	0.03612181442638085	0.08954318987043981	0	0	0	0
225	0.037015882950634627	0.08552553373683562	0	0	0	0
226	0.03744114978869828	0.08643718907817839	0	0	0	0
227	0.035937003633989884	0.08611329935010119	0	0	0	0
228	0.029382870722023058	0.08831673222342218	0	0	0	0
229	0.03725122415056148	0.0889735625392148	0	0	0	0
230	0.03682363803625743	0.08955881848329376	0	0	0	0
231	0.038256044254559196	0.08904753857979249	0	0	0	0
232	0.038548882838614684	0.08482763645139764	0	0	0	0
233	0.041743565082697054	0.08708042215759322	0	0	0	0
234	0.04040844750687589	0.08618965576427162	0	0	0	0
235	0.03674351310722512	0.0851605384347937	0	0	0	0
236	0.038512252002860126	0.08384782946584542	0	0	0	0
237	0.042070666483496444	0.08339055477059287	0	0	0	0
238	0.042784378479963636	0.08166135944926774	0	0	0	0
239	0.040741213301143	0.08257402160338738	0	0	0	0
240	0.03835842667902867	0.0807916782329452	0	0	0	0
241	0.03925573571513852	0.08115910584563253	0	0	0	0
242	0.0380527174268126	0.08048844600787053	0	0	0	0
243	0.03257035184225787	0.07799687623295726	0	0	0	0
244	0.035642085006580504	0.08162788082877825	0	0	0	0
245	0.035914936335518566	0.08242326288756652	0	0	0	0
246	0.03396266022858507	0.08234140694897303	0	0	0	0
247	0.04081648457446463	0.08681774301563494	0	0	0	0
248	0.04221710615114238	0.08731888998677444	0	0	0	0
249	0.03673228208595791	0.08701690214810658	0	0	0	0
250	0.04232809835637097	0.08842285607485827	0	0	0	0
251	0.03513075497912377	0.0849157220031221	0	0	0	0
252	0.020865630533706492	0.07726915013458206	0	0	0	0
253	0.03394700117651639	0.08324437642019444	0	0	0	0
254	0.03397560902167995	0.08047147992363968	0	0	0	0
255	0.03421574326931198	0.08020752887664136	0	0	0	0
256	0.028440692978565774	0.07909512837464867	0	0	0	0
257	0.0285115976295528	0.08109501439311868	0	0	0	0
258	0.036797605073249695	0.0821692615525577	0	0	0	0
259	0.039516202718975046	0.08229230274784786	0	0	0	0
260	0.039052892868422284	0.08178858911466051	0	0	0	0
261	0.036938399576461944	0.07998895577638858	0	0	0	0
262	0.029289154102720816	0.07947725874407692	0	0	0	0
263	0.03103980808795259	0.07756213676308032	0	0	0	0
264	0.03484905021179496	0.07847618189964452	0	0	0	0
265	0.0360083952999547	0.08003790864760092	0	0	0	0
266	0.03338130240231951	0.08144689768759054	0	0	0	0
267	0.03513972707829138	0.07937833350469381	0	0	0	0
268	0.036973207648330564	0.08111073104469835	0	0	0	0
269	0.031130757667725772	0.08006719364654113	0	0	0	0
270	0.03175670263770691	0.08149033609295064	0	0	0	0
271	0.03289358973529988	0.08101066978584481	0	0	0	0
272	0.03327625668288137	0.08123481983112264	0	0	0	0
273	0.03237788435109412	0.08080024832074321	0	0	0	0
274	0.03594151303097992	0.08399347845281224	0	0	0	0
275	0.037660824905295986	0.08414542554553095	0	0	0	0
276	0.03489698832052779	0.08088736816698423	0	0	0	0
277	0.03514862535140484	0.08417824611496538	0	0	0	0
278	0.03579099406482655	0.08115463767564764	0	0	0	0
279	0.03487926830642729	0.08143340559114158	0	0	0	0
280	0.0363220552124921	0.08342160232198322	0	0	0	0
281	0.035915713152436024	0.08317109389457548	0	0	0	0
282	0.03671543622154971	0.08277453669850725	0	0	0	0
283	0.033664982360295914	0.08079203100546455	0	0	0	0
284	0.03236269918760071	0.080098423789197	0	0	0	0
285	0.037177640337591744	0.08261643450800471	0	0	0	0
286	0.02868111204875634	0.07865814898268682	0	0	0	0
287	0.035039689624471015	0.07853341279072328	0	0	0	0
288	0.03076984781574066	0.07803824472594349	0	0	0	0
289	0.03585318843505292	0.0793660280255916	0	0	0	0
290	0.03618489005780334	0.08027697439612809	0	0	0	0
291	0.03463331298921368	0.08125530676096167	0	0	0	0
292	0.03431874987755379	0.0815790374543109	0	0	0	0
293	0.034382362269406164	0.07915667808509223	0	0	0	0
294	0.030944423495100293	0.08008637441023018	0	0	0	0
295	0.0356920574006826	0.08099329797555092	0	0	0	0
296	0.03300343352973367	0.07822998838210589	0	0	0	0
297	0.036508146978424194	0.0827429961350455	0	0	0	0
298	0.03620910392830978	0.083763843374221	0	0	0	0
299	0.036378781048846176	0.08146646644049338	0	0	0	0
300	0.03382570064138535	0.07883513216076705	0	0	0	0
301	0.035951282256340145	0.0797376138593695	0	0	0	0
302	0.035802236034793156	0.08236469557819241	0	0	0	0
303	0.03569329252740838	0.08063704979485682	0	0	0	0
304	0.03626866586927713	0.08175169598348793	0	0	0	0
305	0.03621141228198499	0.08191827486393444	0	0	0	0
306	0.034510888123199246	0.0812834492477732	0	0	0	0
307	0.032221061514893345	0.08049870042748708	0	0	0	0
308	0.03492818399930053	0.0792184860914124	0	0	0	0
309	0.03587217044036828	0.08068285612287333	0	0	0	0
310	0.032147930635608835	0.07909952726956863	0	0	0	0
311	0.03684679035281868	0.08051584177262505	0	0	0	0
312	0.03639320309606886	0.08037865710347998	0	0	0	0
313	0.03784225301387889	0.08133449980799139	0	0	0	0
314	0.03690943168391336	0.08022098247792275	0	0	0	0
315	0.031765601047723524	0.0772525116503587	0	0	0	0
316	0.03412754352442704	0.07975087421526816	0	0	0	0
317	0.033958002642320295	0.07888494010053589	0	0	0	0
318	0.03489566699391611	0.0791824229197277	0	0	0	0
319	0.03707133788763084	0.08363608111513347	0	0	0	0
320	0.03649808452516157	0.08192216635188299	0	0	0	0
321	0.03851645340903287	0.082972000914465	0	0	0	0
322	0.035556737637928104	0.07953742315975239	0	0	0	0
323	0.03383945943797617	0.07848063543584842	0	0	0	0
324	0.033470071917889976	0.07862478362436431	0	0	0	0
325	0.03633081018298845	0.08173895734524501	0	0	0	0
326	0.03534026633722076	0.08393428002333263	0	0	0	0
327	0.03557177588931415	0.08114971089540794	0	0	0	0
328	0.03263504651527016	0.07874809982659119	0	0	0	0
329	0.03241655370616703	0.07797693385271239	0	0	0	0
330	0.030688583224924848	0.0779594690731864	0	0	0	0
331	0.03289071559993151	0.08189354319821551	0	0	0	0
332	0.03267336585929603	0.08009670876493424	0	0	0	0
333	0.03802274618061985	0.08162251151275453	0	0	0	0
334	0.037276241439416324	0.08169115379753393	0	0	0	0
335	0.0341830251421521	0.08150780599827782	0	0	0	0
336	0.030299942474850794	0.07986238774456982	0	0	0	0
337	0.016798804253219002	0.07994181783638599	0	0	0	0
338	0.024056894433898135	0.0777770025560871	0	0	0	0
339	0.03181633412061824	0.07795935353266222	0	0	0	0
340	0.027512038250613213	0.0770223131517825	0	0	0	0
341	0.018994295409522244	0.07588929161876894	0	0	0	0
342	0.0323226170499894	0.08023005193005665	0	0	0	0
343	0.03443109652583032	0.08073049206048559	0	0	0	0
344	0.03529394698803279	0.08157165761504952	0	0	0	0
345	0.037323841379291456	0.08197154002864271	0	0	0	0
346	0.03176871032427775	0.07928837601843124	0	0	0	0
347	0.032542446254422264	0.08154729737586781	0	0	0	0
348	0.03557108429885558	0.08231702650453632	0	0	0	0
349	0.03315965042382818	0.07839377132856502	0	0	0	0
350	0.03219728546714129	0.07754753396001017	0	0	0	0
351	0.03422547592611602	0.07922257871488843	0	0	0	0
352	0.02988903424093392	0.07905741017878398	0	0	0	0
353	0.034992727221050735	0.07901269881664204	0	0	0	0
354	0.03419554372491673	0.0795873524860043	0	0	0	0
355	0.034700176428066776	0.0821052438392768	0	0	0	0
356	0.027659697776145742	0.07865462432862873	0	0	0	0
357	0.02892509017964462	0.07912827115722572	0	0	0	0
358	0.035591318285908224	0.08002543678999974	0	0	0	0
359	0.031822062597808176	0.0799513747983079	0	0	0	0
360	0.03344890220122865	0.07867158578207907	0	0	0	0
361	0.03215588386183621	0.07717713270873212	0	0	0	0
362	0.03499449571893509	0.0770117060031863	0	0	0	0
363	0.03437048040315871	0.08001898962069316	0	0	0	0
364	0.032311556786099094	0.07950291476745878	0	0	0	0
365	0.036033013672390646	0.0818630100145968	0	0	0	0
366	0.034748580090079306	0.08214743776813875	0	0	0	0
367	0.03428513514354026	0.08069578663053593	0	0	0	0
368	0.03540409026730973	0.08256535504738467	0	0	0	0
369	0.037001602228082575	0.08232772012150218	0	0	0	0
370	0.03637357705160593	0.0821340799843903	0	0	0	0
371	0.0313334384116386	0.07787859628140274	0	0	0	0
372	0.032703458759701154	0.07936229202699956	0	0	0	0
373	0.03643133562222867	0.0806872770820739	0	0	0	0
374	0.035851160770534074	0.08175405561557891	0	0	0	0
375	0.03191316836530367	0.08084221512145147	0	0	0	0
376	0.02608726039862086	0.08122230263493606	0	0	0	0
377	0.03089811818617394	0.07924882842835353	0	0	0	0
378	0.03079997411210622	0.07779420449504866	0	0	0	0
379	0.03490427697287812	0.0796289194077533	0	0	0	0
380	0.03310459510340302	0.07811456990871306	0	0	0	0
381	0.03805015893037933	0.08278689598884144	0	0	0	0
382	0.037740747283829035	0.0822463563535838	0	0	0	0
383	0.03355156558890782	0.07986614150478528	0	0	0	0
384	0.03570559798991668	0.0801473270517082	0	0	0	0
385	0.03237070444811485	0.079407962732015	0	0	0	0
386	0.032810211275872136	0.08116184422859678	0	0	0	0
387	0.033129189937334824	0.07836171068790738	0	0	0	0
388	0.03629189502747787	0.08080111044170213	0	0	0	0
389	0.02848791676099316	0.07940737960554196	0	0	0	0
390	0.03203344582739365	0.08056759273533835	0	0	0	0
391	0.035162314555204466	0.08080295763208374	0	0	0	0
392	0.03463611948007317	0.08357603409170651	0	0	0	0
393	0.03603894477974079	0.08323048684543122	0	0	0	0
394	0.03347625914418939	0.07917651103136181	0	0	0	0
395	0.03241155836890264	0.07860408154272018	0	0	0	0
396	0.0364647410148482	0.08241358798229759	0	0	0	0
397	0.037690812769025195	0.08147595638778397	0	0	0	0
398	0.03795182700724831	0.08188527237910836	0	0	0	0
399	0.03809883238671452	0.0819201380941259	0	0	0	0
400	0.03525828991735269	0.0819431174717673	0	0	0	0
401	0.03448636417275386	0.08059597988604376	0	0	0	0
402	0.030252127896665426	0.07776721724424274	0	0	0	0
403	0.02870203782395997	0.07492044569525717	0	0	0	0
404	0.03126567146465964	0.07940664820282639	0	0	0	0
405	0.03313138016865291	0.08182994070462486	0	0	0	0
406	0.0373869125954609	0.08370714863361695	0	0	0	0
407	0.03482227458157894	0.08195289250210891	0	0	0	0
408	0.03366969301482059	0.08035920919520627	0	0	0	0
409	0.0334294211754218	0.07991170179220271	0	0	0	0
410	0.03291765987335893	0.07903384287528208	0	0	0	0
411	0.02936573649662666	0.07728385501694945	0	0	0	0
412	0.03375605822194816	0.08074460035936622	0	0	0	0
413	0.035874636488440026	0.08120574009494004	0	0	0	0
414	0.03529847844842937	0.08380619910499032	0	0	0	0
415	0.03609822089767678	0.08178187748597747	0	0	0	0
416	0.032247732710532495	0.08246093803487457	0	0	0	0
417	0.03447669239647322	0.07969031130577786	0	0	0	0
418	0.03696334055945283	0.08143944542141335	0	0	0	0
419	0.03707169954488909	0.08222433371715591	0	0	0	0
420	0.039783892969404544	0.08476942702008754	0	0	0	0
421	0.03525289811154775	0.08112967083195925	0	0	0	0
422	0.031446103615824006	0.08036867813586561	0	0	0	0
423	0.036375981309150984	0.07951970332730511	0	0	0	0
424	0.03215742914479147	0.07785008843335454	0	0	0	0
425	0.03607196282416636	0.08137913859248484	0	0	0	0
426	0.03704447139467959	0.08236020484252819	0	0	0	0
427	0.034760857269133805	0.08208129257591772	0	0	0	0
428	0.035581195012763134	0.08063137935949231	0	0	0	0
429	0.03325724146607423	0.07946909600512364	0	0	0	0
430	0.03591138969227725	0.08089509285477063	0	0	0	0
431	0.032358409019103807	0.08127848891806526	0	0	0	0
432	0.03390924071572765	0.08085948168443798	0	0	0	0
433	0.028705752716883137	0.07829235728780166	0	0	0	0
434	0.0359980463190388	0.08057412644183122	0	0	0	0
435	0.03723578356329604	0.07995685931776168	0	0	0	0
436	0.03522438952279816	0.08034485203674802	0	0	0	0
437	0.03305548658083879	0.0813976225279885	0	0	0	0
438	0.03266186862705933	0.08039016967112815	0	0	0	0
439	0.0289177086780249	0.08105170433633953	0	0	0	0
440	0.029500938237033814	0.07822400496277797	0	0	0	0
441	0.03186006884115544	0.07901008378681056	0	0	0	0
442	0.03382102225176864	0.08212771766224887	0	0	0	0
443	0.03831039127310876	0.08557707602597664	0	0	0	0
444	0.02717557840579443	0.07927051366772601	0	0	0	0
445	0.03232617854721742	0.07926325783836201	0	0	0	0
446	0.031160219883636264	0.07846365527035333	0	0	0	0
447	0.03493729023387715	0.07899195113073969	0	0	0	0
448	0.032270052083241296	0.07957453660751601	0	0	0	0
449	0.02941590927188087	0.07843949614943775	0	0	0	0
450	0.03504834898162268	0.08170397184393392	0	0	0	0
451	0.035959307408370944	0.08249677413853511	0	0	0	0
452	0.028863121144028336	0.07948046959868342	0	0	0	0
453	0.033249092905871414	0.08182712456213743	0	0	0	0
454	0.03612144633807135	0.08373368729685489	0	0	0	0
455	0.031410161235057465	0.08164047272684798	0	0	0	0
456	0.03355347040137413	0.08069632757407715	0	0	0	0
457	0.03705245024445236	0.08377596811165285	0	0	0	0
458	0.026914605484896548	0.07862805834347657	0	0	0	0
459	0.03299741807954848	0.07786679096982045	0	0	0	0
460	0.02523286531108848	0.07944557122321783	0	0	0	0
461	0.03432946167189621	0.08175189686758373	0	0	0	0
462	0.03360280421748285	0.08151135829176763	0	0	0	0
463	0.03786939429243741	0.08204473435770827	0	0	0	0
464	0.036552106227511594	0.08305788128518514	0	0	0	0
465	0.03506912857130329	0.08216702809615269	0	0	0	0
466	0.033676977573211864	0.08051186471351694	0	0	0	0
467	0.031581454717762636	0.0783465804817806	0	0	0	0
468	0.03343701157835666	0.0787824516619126	0	0	0	0
469	0.030350543300812993	0.07875919909390709	0	0	0	0
470	0.03531897401647577	0.0796404613426945	0	0	0	0
471	0.038064768498215495	0.08340499937636836	0	0	0	0
472	0.037116315203984174	0.08102425544543028	0	0	0	0
473	0.03609953972667057	0.08146500529286509	0	0	0	0
474	0.031672270979443806	0.0794961886771383	0	0	0	0
475	0.03550915238733543	0.08190700000572264	0	0	0	0
476	0.03446891461761126	0.07999325191547417	0	0	0	0
477	0.03324879067381781	0.079894163071535	0	0	0	0
478	0.03698167811069941	0.08278365538509173	0	0	0	0
479	0.037686025989818295	0.08474394960553237	0	0	0	0
480	0.035357608003911856	0.08150508412390918	0	0	0	0
481	0.03231535059686064	0.07901025811783462	0	0	0	0
482	0.035628883777116815	0.07802866283068337	0	0	0	0
483	0.03125290349677756	0.07977432626233931	0	0	0	0
484	0.034699596174809444	0.08225834292832108	0	0	0	0
485	0.03396832890496193	0.08045627102364124	0	0	0	0
486	0.036868223892413954	0.08184283177135716	0	0	0	0
487	0.038984435382518834	0.08458740940299503	0	0	0	0
488	0.03807162447074397	0.08181377249874622	0	0	0	0
489	0.03841436775316598	0.08074586339677858	0	0	0	0
490	0.03419445359430884	0.0801400161057968	0	0	0	0
491	0.03348717649169419	0.08080326076721356	0	0	0	0
492	0.03676404541152645	0.0832350754610236	0	0	0	0
493	0.0356926996185124	0.08185823928837792	0	0	0	0
494	0.03573304504890906	0.0825686711525595	0	0	0	0
495	0.03494296919886586	0.08166091295985074	0	0	0	0
496	0.02827472597099001	0.07871921037462719	0	0	0	0
497	0.026744828713624602	0.07863976143188418	0	0	0	0
498	0.03151522326142753	0.07801836603800509	0	0	0	0
499	0.024315174118305194	0.07422709604332571	0	0	0	0
500	0.029039466570851324	0.07638182611191706	0	0	0	0
