epoch	batch	iter	loss	acc	lr
1	1	1	2.4469358921051025	12.0	0.0001
1	2	2	2.6090574264526367	10.0	0.0001
1	3	3	1.9737443923950195	35.0	0.0001
2	1	4	2.036208391189575	18.0	0.0001
2	2	5	2.359856605529785	20.0	0.0001
2	3	6	1.8725903034210205	20.0	0.0001
3	1	7	1.569554090499878	30.0	0.0001
3	2	8	2.0923171043395996	18.0	0.0001
3	3	9	2.2323505878448486	20.0	0.0001
4	1	10	2.4891700744628906	22.0	0.0001
4	2	11	1.6839988231658936	30.0	0.0001
4	3	12	1.7134736776351929	40.0	0.0001
5	1	13	1.4980064630508423	18.0	0.0001
5	2	14	1.8233468532562256	26.0	0.0001
5	3	15	1.2102733850479126	55.0	0.0001
6	1	16	1.3419309854507446	46.0	0.0001
6	2	17	1.4013904333114624	44.0	0.0001
6	3	18	1.9364032745361328	15.0	0.0001
7	1	19	1.8011054992675781	40.0	0.0001
7	2	20	1.681889295578003	36.0	0.0001
7	3	21	1.6125415563583374	30.0	0.0001
8	1	22	1.7800029516220093	30.0	0.0001
8	2	23	2.035733699798584	36.0	0.0001
8	3	24	1.4753750562667847	35.0	0.0001
9	1	25	1.8126357793807983	32.0	0.0001
9	2	26	1.3554565906524658	28.0	0.0001
9	3	27	2.2325847148895264	15.0	0.0001
10	1	28	1.373677372932434	28.0	0.0001
10	2	29	1.759472370147705	30.0	0.0001
10	3	30	1.2841522693634033	40.0	0.0001
11	1	31	1.2433677911758423	42.0	0.0001
11	2	32	1.7795686721801758	38.0	0.0001
11	3	33	1.42067551612854	30.0	0.0001
12	1	34	1.8857499361038208	40.0	0.0001
12	2	35	2.0364606380462646	32.0	0.0001
12	3	36	1.527953863143921	40.0	0.0001
13	1	37	1.6189427375793457	38.0	0.0001
13	2	38	1.7874023914337158	30.0	0.0001
13	3	39	1.3324224948883057	45.0	0.0001
14	1	40	1.3416284322738647	40.0	0.0001
14	2	41	1.2629191875457764	30.0	0.0001
14	3	42	1.4084316492080688	35.0	0.0001
15	1	43	1.629393458366394	38.0	0.0001
15	2	44	1.7405859231948853	34.0	0.0001
15	3	45	1.956749677658081	30.0	0.0001
16	1	46	1.570732593536377	30.0	0.0001
16	2	47	1.475867509841919	38.0	0.0001
16	3	48	1.9589401483535767	30.0	0.0001
17	1	49	1.3348857164382935	36.0	0.0001
17	2	50	1.3632655143737793	28.0	0.0001
17	3	51	1.5794063806533813	25.0	0.0001
18	1	52	1.4179081916809082	32.0	0.0001
18	2	53	1.3598214387893677	46.0	0.0001
18	3	54	1.1675690412521362	35.0	0.0001
19	1	55	1.125360369682312	46.0	0.0001
19	2	56	1.6931637525558472	34.0	0.0001
19	3	57	2.7154362201690674	20.0	0.0001
20	1	58	1.5289555788040161	34.0	0.0001
20	2	59	1.4543746709823608	46.0	0.0001
20	3	60	1.436405062675476	30.0	0.0001
21	1	61	1.2829618453979492	42.0	0.0001
21	2	62	1.5141290426254272	30.0	0.0001
21	3	63	1.481995940208435	20.0	0.0001
22	1	64	1.50813627243042	34.0	0.0001
22	2	65	1.2080944776535034	44.0	0.0001
22	3	66	1.415900707244873	40.0	0.0001
23	1	67	1.4041595458984375	38.0	0.0001
23	2	68	1.2536604404449463	40.0	0.0001
23	3	69	1.1169801950454712	45.0	0.0001
24	1	70	1.3096189498901367	36.0	0.0001
24	2	71	1.434766411781311	42.0	0.0001
24	3	72	1.1553711891174316	50.0	0.0001
25	1	73	1.7027156352996826	42.0	0.0001
25	2	74	1.6813937425613403	28.0	0.0001
25	3	75	1.3774974346160889	40.0	0.0001
26	1	76	1.1991853713989258	44.0	0.0001
26	2	77	1.3100135326385498	38.0	0.0001
26	3	78	1.4450955390930176	20.0	0.0001
27	1	79	1.0286365747451782	56.0	0.0001
27	2	80	1.3652807474136353	38.0	0.0001
27	3	81	1.165625810623169	55.0	0.0001
28	1	82	1.0032199621200562	52.0	0.0001
28	2	83	1.492949366569519	30.0	0.0001
28	3	84	1.6489477157592773	35.0	0.0001
29	1	85	1.0795655250549316	46.0	0.0001
29	2	86	1.0436714887619019	46.0	0.0001
29	3	87	1.2578606605529785	45.0	0.0001
30	1	88	1.5700024366378784	40.0	0.0001
30	2	89	1.7594856023788452	42.0	0.0001
30	3	90	1.101076364517212	50.0	0.0001
31	1	91	1.44346284866333	46.0	0.0001
31	2	92	1.0641220808029175	50.0	0.0001
31	3	93	1.3404110670089722	50.0	0.0001
32	1	94	1.2579182386398315	54.0	0.0001
32	2	95	1.8100885152816772	46.0	0.0001
32	3	96	0.8244835138320923	65.0	0.0001
33	1	97	1.2193635702133179	42.0	0.0001
33	2	98	1.3191066980361938	40.0	0.0001
33	3	99	1.2902730703353882	40.0	0.0001
34	1	100	1.217700481414795	54.0	0.0001
34	2	101	1.1610101461410522	56.0	0.0001
34	3	102	0.9591867327690125	60.0	0.0001
35	1	103	1.304466962814331	40.0	0.0001
35	2	104	1.1417667865753174	54.0	0.0001
35	3	105	0.9073195457458496	50.0	0.0001
36	1	106	1.373181939125061	34.0	0.0001
36	2	107	1.05772066116333	52.0	0.0001
36	3	108	0.9746783971786499	55.0	0.0001
37	1	109	1.0257008075714111	56.0	0.0001
37	2	110	1.1294385194778442	48.0	0.0001
37	3	111	1.0610761642456055	45.0	0.0001
38	1	112	0.9809646010398865	50.0	0.0001
38	2	113	1.3182742595672607	46.0	0.0001
38	3	114	1.16030752658844	45.0	0.0001
39	1	115	0.9274241924285889	62.0	0.0001
39	2	116	0.792548418045044	54.0	0.0001
39	3	117	1.2187221050262451	40.0	0.0001
40	1	118	1.007753610610962	46.0	0.0001
40	2	119	1.048107624053955	56.0	0.0001
40	3	120	1.2272504568099976	45.0	0.0001
41	1	121	1.0768730640411377	50.0	0.0001
41	2	122	1.4689292907714844	42.0	0.0001
41	3	123	0.9624627828598022	45.0	0.0001
42	1	124	1.146052598953247	48.0	0.0001
42	2	125	1.0186734199523926	56.0	0.0001
42	3	126	0.7269142866134644	65.0	0.0001
43	1	127	0.8684354424476624	54.0	0.0001
43	2	128	1.3828433752059937	42.0	0.0001
43	3	129	0.884069561958313	70.0	0.0001
44	1	130	1.2782082557678223	42.0	0.0001
44	2	131	1.1843873262405396	50.0	0.0001
44	3	132	1.4150162935256958	55.0	0.0001
45	1	133	0.9347337484359741	68.0	0.0001
45	2	134	1.0599348545074463	60.0	0.0001
45	3	135	1.0941250324249268	60.0	0.0001
46	1	136	1.4079197645187378	56.0	0.0001
46	2	137	1.1288580894470215	48.0	0.0001
46	3	138	1.1008965969085693	65.0	0.0001
47	1	139	1.3021408319473267	50.0	0.0001
47	2	140	1.158339262008667	54.0	0.0001
47	3	141	0.906829833984375	55.0	0.0001
48	1	142	0.8871546983718872	52.0	0.0001
48	2	143	1.0035818815231323	52.0	0.0001
48	3	144	0.7126353979110718	65.0	0.0001
49	1	145	1.0017716884613037	58.0	0.0001
49	2	146	1.3155843019485474	42.0	0.0001
49	3	147	1.5378097295761108	45.0	0.0001
50	1	148	1.3183995485305786	54.0	0.0001
50	2	149	0.8908141851425171	64.0	0.0001
50	3	150	1.134652018547058	45.0	0.0001
51	1	151	0.9276783466339111	60.0	0.0001
51	2	152	0.9813838005065918	54.0	0.0001
51	3	153	1.8145948648452759	30.0	0.0001
52	1	154	0.7694552540779114	66.0	0.0001
52	2	155	0.7686094641685486	68.0	0.0001
52	3	156	1.1512234210968018	45.0	0.0001
53	1	157	1.2388023138046265	48.0	0.0001
53	2	158	0.8364200592041016	58.0	0.0001
53	3	159	1.202447772026062	45.0	0.0001
51	1	151	0.9366380572319031	60.0	0.0001
51	2	152	1.1557446718215942	44.0	0.0001
51	3	153	0.7440863847732544	65.0	0.0001
52	1	154	1.0827189683914185	50.0	0.0001
52	2	155	1.14165461063385	50.0	0.0001
52	3	156	1.13633131980896	45.0	0.0001
53	1	157	0.8315832614898682	62.0	0.0001
53	2	158	0.7990009784698486	56.0	0.0001
53	3	159	0.9287552833557129	60.0	0.0001
54	1	160	0.9691160321235657	56.0	0.0001
54	2	161	0.8811719417572021	62.0	0.0001
54	3	162	1.2575318813323975	75.0	0.0001
55	1	163	1.0292253494262695	58.0	0.0001
55	2	164	0.7238331437110901	72.0	0.0001
55	3	165	0.9771250486373901	55.0	0.0001
56	1	166	1.1643680334091187	48.0	0.0001
56	2	167	0.8670206665992737	58.0	0.0001
56	3	168	1.146376132965088	50.0	0.0001
57	1	169	0.8158449530601501	60.0	0.0001
57	2	170	0.8167787194252014	62.0	0.0001
57	3	171	1.3191659450531006	35.0	0.0001
58	1	172	0.7825398445129395	66.0	0.0001
58	2	173	0.8054063320159912	64.0	0.0001
58	3	174	0.9172550439834595	55.0	0.0001
59	1	175	0.6879433989524841	66.0	0.0001
59	2	176	0.9704658389091492	52.0	0.0001
59	3	177	0.973537266254425	55.0	0.0001
60	1	178	0.7567680478096008	68.0	0.0001
60	2	179	1.1224424839019775	48.0	0.0001
60	3	180	1.0690196752548218	40.0	0.0001
61	1	181	0.6230626702308655	68.0	0.0001
61	2	182	0.8239992260932922	66.0	0.0001
61	3	183	1.2159223556518555	40.0	0.0001
62	1	184	1.1121351718902588	52.0	0.0001
62	2	185	0.7927772998809814	58.0	0.0001
62	3	186	0.7383947968482971	60.0	0.0001
63	1	187	1.078136682510376	50.0	0.0001
63	2	188	0.8931931257247925	56.0	0.0001
63	3	189	1.0998002290725708	45.0	0.0001
64	1	190	0.792381227016449	62.0	0.0001
64	2	191	0.9841161966323853	52.0	0.0001
64	3	192	1.0387890338897705	55.0	0.0001
65	1	193	0.667193591594696	68.0	0.0001
65	2	194	0.8119372725486755	58.0	0.0001
65	3	195	1.3926045894622803	50.0	0.0001
66	1	196	1.1317185163497925	56.0	0.0001
66	2	197	0.738307774066925	66.0	0.0001
66	3	198	0.7293220162391663	50.0	0.0001
67	1	199	0.7650430202484131	68.0	0.0001
67	2	200	0.7399433851242065	70.0	0.0001
67	3	201	1.1225284337997437	60.0	0.0001
68	1	202	1.008854866027832	58.0	0.0001
68	2	203	1.2960824966430664	52.0	0.0001
68	3	204	0.8032090067863464	65.0	0.0001
69	1	205	0.7751542925834656	58.0	0.0001
69	2	206	1.1328401565551758	56.0	0.0001
69	3	207	0.9886373281478882	55.0	0.0001
70	1	208	1.0541783571243286	68.0	0.0001
70	2	209	0.7644060254096985	60.0	0.0001
70	3	210	0.7675284743309021	65.0	0.0001
71	1	211	0.9125012755393982	64.0	0.0001
71	2	212	0.8178789615631104	64.0	0.0001
71	3	213	0.6237988471984863	70.0	0.0001
72	1	214	0.9031913876533508	60.0	0.0001
72	2	215	0.7216672301292419	76.0	0.0001
72	3	216	0.7259084582328796	70.0	0.0001
73	1	217	0.9073906540870667	64.0	0.0001
73	2	218	0.5670614242553711	72.0	0.0001
73	3	219	0.8671776056289673	60.0	0.0001
74	1	220	0.8750860095024109	64.0	0.0001
74	2	221	0.7394535541534424	64.0	0.0001
74	3	222	0.8197959065437317	50.0	0.0001
66	1	196	0.842991054058075	56.0	0.0001
66	2	197	0.851732611656189	64.0	0.0001
66	3	198	0.5514391660690308	80.0	0.0001
67	1	199	0.9122803211212158	52.0	0.0001
67	2	200	0.8176481127738953	66.0	0.0001
67	3	201	0.9948689341545105	55.0	0.0001
68	1	202	0.6976422071456909	70.0	0.0001
68	2	203	0.6762340664863586	68.0	0.0001
68	3	204	0.7130753397941589	50.0	0.0001
69	1	205	1.2324830293655396	52.0	0.0001
69	2	206	0.94916170835495	56.0	0.0001
69	3	207	0.7679820656776428	60.0	0.0001
70	1	208	0.7837001085281372	66.0	0.0001
70	2	209	0.582627534866333	72.0	0.0001
70	3	210	0.8430986404418945	50.0	0.0001
71	1	211	1.775956153869629	50.0	0.0001
71	2	212	0.9071900844573975	54.0	0.0001
71	3	213	1.1334701776504517	55.0	0.0001
72	1	214	0.9770707488059998	62.0	0.0001
72	2	215	0.6963948011398315	72.0	0.0001
72	3	216	0.8818899989128113	60.0	0.0001
73	1	217	0.5734968781471252	70.0	0.0001
73	2	218	0.7115484476089478	68.0	0.0001
73	3	219	0.9154731035232544	60.0	0.0001
74	1	220	0.6502476334571838	70.0	0.0001
74	2	221	0.7510384321212769	68.0	0.0001
74	3	222	1.1079857349395752	55.0	0.0001
75	1	223	0.783963143825531	70.0	0.0001
75	2	224	0.7317394018173218	62.0	0.0001
75	3	225	0.85572350025177	70.0	0.0001
71	1	211	0.6098830699920654	68.0	1e-05
71	2	212	1.2227129936218262	54.0	1e-05
71	3	213	0.5481613874435425	80.0	1e-05
71	1	211	0.6050122380256653	72.0	1e-05
71	2	212	1.0186392068862915	52.0	1e-05
71	3	213	0.8364995718002319	70.0	1e-05
72	1	214	0.7203595042228699	68.0	1e-05
72	2	215	0.8664091229438782	64.0	1e-05
72	3	216	0.6658260226249695	75.0	1e-05
73	1	217	0.7419713735580444	66.0	1e-05
73	2	218	0.7886074781417847	64.0	1e-05
73	3	219	0.6224178075790405	75.0	1e-05
74	1	220	0.9587137699127197	72.0	1e-05
74	2	221	0.7819287180900574	66.0	1e-05
74	3	222	0.7089967131614685	60.0	1e-05
75	1	223	0.7155113220214844	78.0	1e-05
75	2	224	0.838721513748169	62.0	1e-05
75	3	225	0.9035866856575012	60.0	1e-05
76	1	226	0.8252220153808594	66.0	1e-05
76	2	227	0.7362814545631409	70.0	1e-05
76	3	228	1.0032778978347778	55.0	1e-05
77	1	229	0.6872581243515015	66.0	1e-05
77	2	230	0.5923498868942261	74.0	1e-05
77	3	231	0.8212893605232239	40.0	1e-05
78	1	232	0.602057695388794	72.0	1e-05
78	2	233	0.8456154465675354	60.0	1e-05
78	3	234	0.8588215708732605	70.0	1e-05
79	1	235	0.6068429350852966	76.0	1e-05
79	2	236	0.6899266242980957	68.0	1e-05
79	3	237	1.2068055868148804	45.0	1e-05
80	1	238	0.5830299854278564	76.0	1e-05
80	2	239	0.591262698173523	70.0	1e-05
80	3	240	1.4913346767425537	45.0	1e-05
81	1	241	0.5522658824920654	74.0	1e-05
81	2	242	0.6062585711479187	80.0	1e-05
81	3	243	0.8095447421073914	70.0	1e-05
82	1	244	0.7643535137176514	62.0	1e-05
82	2	245	0.5855884552001953	70.0	1e-05
82	3	246	0.49318867921829224	75.0	1e-05
83	1	247	0.7983636260032654	70.0	1e-05
83	2	248	0.5136873126029968	74.0	1e-05
83	3	249	1.0053702592849731	55.0	1e-05
84	1	250	0.7662975788116455	58.0	1e-05
84	2	251	0.7596695423126221	74.0	1e-05
84	3	252	0.6046844720840454	80.0	1e-05
85	1	253	0.583765983581543	74.0	1e-05
85	2	254	0.6586953997612	70.0	1e-05
85	3	255	0.7799369096755981	65.0	1e-05
86	1	256	0.8597999811172485	68.0	1e-05
86	2	257	0.6357647180557251	66.0	1e-05
86	3	258	0.9620428085327148	50.0	1e-05
87	1	259	0.6085984706878662	72.0	1e-05
87	2	260	0.6780919432640076	70.0	1e-05
87	3	261	0.5283229947090149	80.0	1e-05
88	1	262	0.8433964252471924	66.0	1e-05
88	2	263	0.5841788649559021	74.0	1e-05
88	3	264	0.4606096148490906	85.0	1e-05
89	1	265	0.5104279518127441	76.0	1e-05
89	2	266	1.0299450159072876	58.0	1e-05
89	3	267	0.6316714286804199	60.0	1e-05
90	1	268	0.6456172466278076	70.0	1e-05
90	2	269	0.9449936747550964	52.0	1e-05
90	3	270	0.8573716282844543	75.0	1e-05
91	1	271	0.671450138092041	70.0	1e-05
91	2	272	0.6575703620910645	64.0	1e-05
91	3	273	0.37812820076942444	90.0	1e-05
92	1	274	1.1937015056610107	58.0	1e-05
92	2	275	0.8398527503013611	56.0	1e-05
92	3	276	0.7977863550186157	60.0	1e-05
93	1	277	0.7129172682762146	74.0	1e-05
93	2	278	0.5555689334869385	72.0	1e-05
93	3	279	0.75332111120224	65.0	1e-05
94	1	280	0.8758619427680969	60.0	1e-05
94	2	281	0.6428053379058838	72.0	1e-05
94	3	282	0.7717196941375732	55.0	1e-05
95	1	283	0.963398814201355	68.0	1e-05
95	2	284	0.49353063106536865	76.0	1e-05
95	3	285	0.8896899223327637	55.0	1e-05
96	1	286	0.5181624889373779	78.0	1e-05
96	2	287	0.6844940185546875	78.0	1e-05
96	3	288	1.0813438892364502	35.0	1e-05
97	1	289	0.5915852785110474	74.0	1.0000000000000002e-06
97	2	290	0.5877273678779602	74.0	1.0000000000000002e-06
97	3	291	0.5883774757385254	70.0	1.0000000000000002e-06
98	1	292	0.6912947297096252	74.0	1.0000000000000002e-06
98	2	293	0.9978788495063782	40.0	1.0000000000000002e-06
98	3	294	0.4518311619758606	70.0	1.0000000000000002e-06
99	1	295	1.2069027423858643	58.0	1.0000000000000002e-06
99	2	296	0.5481259822845459	78.0	1.0000000000000002e-06
99	3	297	0.8919998407363892	55.0	1.0000000000000002e-06
100	1	298	0.9321284294128418	62.0	1.0000000000000002e-06
100	2	299	0.5524711012840271	76.0	1.0000000000000002e-06
100	3	300	0.414846807718277	80.0	1.0000000000000002e-06
101	1	301	0.7295436263084412	64.0	1.0000000000000002e-06
101	2	302	0.6305763721466064	80.0	1.0000000000000002e-06
101	3	303	0.4413905739784241	80.0	1.0000000000000002e-06
102	1	304	0.6630974411964417	68.0	1.0000000000000002e-06
102	2	305	0.6701532006263733	76.0	1.0000000000000002e-06
102	3	306	0.5130180716514587	85.0	1.0000000000000002e-06
103	1	307	0.7022554278373718	60.0	1.0000000000000002e-06
103	2	308	0.68841552734375	70.0	1.0000000000000002e-06
103	3	309	0.5837405323982239	65.0	1.0000000000000002e-06
104	1	310	0.6515547037124634	64.0	1.0000000000000002e-06
104	2	311	0.5170909762382507	84.0	1.0000000000000002e-06
104	3	312	0.4762292504310608	80.0	1.0000000000000002e-06
105	1	313	0.6518300771713257	68.0	1.0000000000000002e-06
105	2	314	0.7469745874404907	56.0	1.0000000000000002e-06
105	3	315	0.2665039896965027	90.0	1.0000000000000002e-06
106	1	316	0.7013108134269714	72.0	1.0000000000000002e-06
106	2	317	0.556078314781189	78.0	1.0000000000000002e-06
106	3	318	0.5647119283676147	75.0	1.0000000000000002e-06
107	1	319	0.6519550085067749	70.0	1.0000000000000002e-06
107	2	320	0.46417236328125	78.0	1.0000000000000002e-06
107	3	321	1.3626086711883545	45.0	1.0000000000000002e-06
108	1	322	0.5382083654403687	76.0	1.0000000000000002e-06
108	2	323	0.6386256217956543	74.0	1.0000000000000002e-06
108	3	324	0.8427770733833313	60.0	1.0000000000000002e-06
109	1	325	0.5511873364448547	76.0	1.0000000000000002e-06
109	2	326	0.5919557809829712	68.0	1.0000000000000002e-06
109	3	327	0.7135451436042786	70.0	1.0000000000000002e-06
110	1	328	0.48135456442832947	76.0	1.0000000000000002e-06
110	2	329	0.6524844169616699	64.0	1.0000000000000002e-06
110	3	330	0.6242896914482117	75.0	1.0000000000000002e-06
111	1	331	0.666079044342041	70.0	1.0000000000000002e-06
111	2	332	0.590989351272583	72.0	1.0000000000000002e-06
111	3	333	0.5320873260498047	85.0	1.0000000000000002e-06
112	1	334	0.6205219626426697	74.0	1.0000000000000002e-06
112	2	335	1.0761610269546509	60.0	1.0000000000000002e-06
112	3	336	0.5650783777236938	75.0	1.0000000000000002e-06
113	1	337	0.9114946126937866	62.0	1.0000000000000002e-06
113	2	338	0.564807653427124	72.0	1.0000000000000002e-06
113	3	339	0.6047212481498718	65.0	1.0000000000000002e-06
114	1	340	0.8723791241645813	76.0	1.0000000000000002e-06
114	2	341	0.6958819627761841	66.0	1.0000000000000002e-06
114	3	342	0.6357523202896118	65.0	1.0000000000000002e-06
115	1	343	0.4682356119155884	78.0	1.0000000000000002e-06
115	2	344	0.6982800364494324	62.0	1.0000000000000002e-06
115	3	345	0.8349820375442505	70.0	1.0000000000000002e-06
116	1	346	0.3834882378578186	84.0	1.0000000000000002e-06
116	2	347	0.7156072854995728	74.0	1.0000000000000002e-06
116	3	348	0.7217168211936951	65.0	1.0000000000000002e-06
117	1	349	0.5617589950561523	74.0	1.0000000000000002e-06
117	2	350	0.49515244364738464	78.0	1.0000000000000002e-06
117	3	351	0.5007114410400391	80.0	1.0000000000000002e-06
118	1	352	0.8430947065353394	54.0	1.0000000000000002e-07
118	2	353	0.5876085162162781	76.0	1.0000000000000002e-07
118	3	354	1.101356863975525	60.0	1.0000000000000002e-07
119	1	355	0.6582949161529541	74.0	1.0000000000000002e-07
119	2	356	0.6849368214607239	68.0	1.0000000000000002e-07
119	3	357	0.6786736249923706	70.0	1.0000000000000002e-07
120	1	358	0.7362185716629028	62.0	1.0000000000000002e-07
120	2	359	0.8531379103660583	70.0	1.0000000000000002e-07
120	3	360	0.6331351399421692	65.0	1.0000000000000002e-07
121	1	361	0.7434406280517578	68.0	1.0000000000000002e-07
121	2	362	0.572811484336853	72.0	1.0000000000000002e-07
121	3	363	0.8937419056892395	60.0	1.0000000000000002e-07
122	1	364	0.5593123435974121	78.0	1.0000000000000002e-07
122	2	365	0.6059778928756714	74.0	1.0000000000000002e-07
122	3	366	0.6301286816596985	60.0	1.0000000000000002e-07
123	1	367	0.7607592940330505	68.0	1.0000000000000002e-07
123	2	368	0.5123245120048523	78.0	1.0000000000000002e-07
123	3	369	0.9682732820510864	65.0	1.0000000000000002e-07
124	1	370	0.5397962331771851	78.0	1.0000000000000002e-07
124	2	371	0.532703161239624	72.0	1.0000000000000002e-07
124	3	372	0.5530794262886047	75.0	1.0000000000000002e-07
125	1	373	0.8995963931083679	64.0	1.0000000000000002e-07
125	2	374	0.5846068859100342	72.0	1.0000000000000002e-07
125	3	375	0.979033350944519	70.0	1.0000000000000002e-07
126	1	376	0.4331488311290741	82.0	1.0000000000000002e-07
126	2	377	0.839173436164856	64.0	1.0000000000000002e-07
126	3	378	0.7761419415473938	65.0	1.0000000000000002e-07
127	1	379	0.806774377822876	58.0	1.0000000000000002e-07
127	2	380	0.5394283533096313	76.0	1.0000000000000002e-07
127	3	381	1.3707081079483032	55.0	1.0000000000000002e-07
128	1	382	0.6330944895744324	76.0	1.0000000000000002e-07
128	2	383	0.5560286045074463	80.0	1.0000000000000002e-07
128	3	384	0.509431004524231	75.0	1.0000000000000002e-07
129	1	385	0.7167468070983887	64.0	1.0000000000000002e-07
129	2	386	0.5879902839660645	72.0	1.0000000000000002e-07
129	3	387	1.2321994304656982	60.0	1.0000000000000002e-07
130	1	388	0.5137226581573486	76.0	1.0000000000000002e-07
130	2	389	0.7632377743721008	66.0	1.0000000000000002e-07
130	3	390	0.5654996633529663	75.0	1.0000000000000002e-07
131	1	391	0.643586277961731	72.0	1.0000000000000002e-07
131	2	392	0.4341657757759094	78.0	1.0000000000000002e-07
131	3	393	0.9593216180801392	55.0	1.0000000000000002e-07
132	1	394	0.6953545212745667	66.0	1.0000000000000002e-07
132	2	395	0.877707839012146	66.0	1.0000000000000002e-07
132	3	396	0.45412081480026245	85.0	1.0000000000000002e-07
133	1	397	0.4662890136241913	82.0	1.0000000000000002e-07
133	2	398	0.7356077432632446	74.0	1.0000000000000002e-07
133	3	399	0.47124385833740234	85.0	1.0000000000000002e-07
134	1	400	0.5034149885177612	74.0	1.0000000000000002e-07
134	2	401	0.655681848526001	74.0	1.0000000000000002e-07
134	3	402	0.4428962767124176	85.0	1.0000000000000002e-07
135	1	403	0.6801775097846985	72.0	1.0000000000000002e-07
135	2	404	0.6077614426612854	70.0	1.0000000000000002e-07
135	3	405	0.6080316305160522	80.0	1.0000000000000002e-07
136	1	406	0.5101444721221924	76.0	1.0000000000000002e-07
136	2	407	0.6478104591369629	70.0	1.0000000000000002e-07
136	3	408	0.531938374042511	70.0	1.0000000000000002e-07
137	1	409	0.5281518697738647	66.0	1.0000000000000002e-07
137	2	410	0.6161446571350098	72.0	1.0000000000000002e-07
137	3	411	1.1161117553710938	65.0	1.0000000000000002e-07
138	1	412	0.44341540336608887	84.0	1.0000000000000002e-07
138	2	413	0.6397243738174438	68.0	1.0000000000000002e-07
138	3	414	0.8018029928207397	60.0	1.0000000000000002e-07
139	1	415	0.6705726385116577	70.0	1.0000000000000002e-07
139	2	416	0.6135345697402954	74.0	1.0000000000000002e-07
139	3	417	0.8762251138687134	70.0	1.0000000000000002e-07
140	1	418	0.973136305809021	50.0	1.0000000000000002e-07
140	2	419	0.6259864568710327	66.0	1.0000000000000002e-07
140	3	420	0.6266172528266907	70.0	1.0000000000000002e-07
141	1	421	0.7199891805648804	74.0	1.0000000000000002e-07
141	2	422	0.7500145435333252	64.0	1.0000000000000002e-07
141	3	423	0.5362011790275574	70.0	1.0000000000000002e-07
142	1	424	0.6880803108215332	80.0	1.0000000000000002e-07
142	2	425	0.7930932641029358	74.0	1.0000000000000002e-07
142	3	426	1.0718529224395752	55.0	1.0000000000000002e-07
143	1	427	0.5649252533912659	72.0	1.0000000000000002e-07
143	2	428	0.5724155306816101	74.0	1.0000000000000002e-07
143	3	429	0.6627999544143677	80.0	1.0000000000000002e-07
144	1	430	0.6802578568458557	64.0	1.0000000000000002e-07
144	2	431	0.7687065601348877	72.0	1.0000000000000002e-07
144	3	432	1.053479552268982	75.0	1.0000000000000002e-07
145	1	433	0.559963583946228	72.0	1.0000000000000002e-07
145	2	434	0.5150281190872192	74.0	1.0000000000000002e-07
145	3	435	0.8988199234008789	50.0	1.0000000000000002e-07
146	1	436	0.7463909983634949	62.0	1.0000000000000002e-07
146	2	437	0.750430166721344	66.0	1.0000000000000002e-07
146	3	438	0.8320096731185913	65.0	1.0000000000000002e-07
147	1	439	0.7302820682525635	66.0	1.0000000000000002e-07
147	2	440	0.57744300365448	66.0	1.0000000000000002e-07
147	3	441	0.5596474409103394	80.0	1.0000000000000002e-07
148	1	442	0.730253279209137	78.0	1.0000000000000002e-07
148	2	443	0.6897143721580505	76.0	1.0000000000000002e-07
148	3	444	0.7542775273323059	65.0	1.0000000000000002e-07
149	1	445	0.7708919644355774	62.0	1.0000000000000002e-07
149	2	446	0.45046359300613403	80.0	1.0000000000000002e-07
149	3	447	0.62248694896698	80.0	1.0000000000000002e-07
150	1	448	0.5618550181388855	74.0	1.0000000000000002e-07
150	2	449	0.5223265290260315	74.0	1.0000000000000002e-07
150	3	450	0.8448734283447266	65.0	1.0000000000000002e-07
151	1	451	0.422394722700119	82.0	1.0000000000000002e-07
151	2	452	0.4316776990890503	86.0	1.0000000000000002e-07
151	3	453	0.4975019097328186	70.0	1.0000000000000002e-07
152	1	454	0.5631647706031799	72.0	1.0000000000000002e-07
152	2	455	0.7345317602157593	62.0	1.0000000000000002e-07
152	3	456	0.8253730535507202	60.0	1.0000000000000002e-07
153	1	457	0.5219188928604126	76.0	1.0000000000000002e-07
153	2	458	0.5489739179611206	70.0	1.0000000000000002e-07
153	3	459	0.6613481044769287	60.0	1.0000000000000002e-07
154	1	460	0.5906296372413635	70.0	1.0000000000000002e-07
154	2	461	0.5325437784194946	76.0	1.0000000000000002e-07
154	3	462	0.5457172393798828	75.0	1.0000000000000002e-07
155	1	463	0.6723398566246033	68.0	1.0000000000000002e-07
155	2	464	0.4823389947414398	76.0	1.0000000000000002e-07
155	3	465	0.7641950845718384	60.0	1.0000000000000002e-07
156	1	466	0.6490808725357056	70.0	1.0000000000000002e-07
156	2	467	0.4514397382736206	76.0	1.0000000000000002e-07
156	3	468	0.793428897857666	65.0	1.0000000000000002e-07
157	1	469	0.6525088548660278	72.0	1.0000000000000002e-07
157	2	470	0.7657316327095032	70.0	1.0000000000000002e-07
157	3	471	0.6584163904190063	60.0	1.0000000000000002e-07
