epoch	batch	iter	loss	acc	lr
1	1	1	1.8345588445663452	8.0	0.0001
1	2	2	1.8620456457138062	14.0	0.0001
1	3	3	1.9120317697525024	5.0	0.0001
2	1	4	1.689035177230835	26.0	0.0001
2	2	5	1.672929286956787	20.0	0.0001
2	3	6	1.6838299036026	15.0	0.0001
3	1	7	1.5597641468048096	30.0	0.0001
3	2	8	1.4541751146316528	26.0	0.0001
3	3	9	1.3778477907180786	30.0	0.0001
4	1	10	1.3814637660980225	30.0	0.0001
4	2	11	1.445737361907959	28.0	0.0001
4	3	12	1.414987325668335	25.0	0.0001
5	1	13	1.2821135520935059	46.0	0.0001
5	2	14	1.3223166465759277	22.0	0.0001
5	3	15	1.492253065109253	30.0	0.0001
6	1	16	1.296313762664795	32.0	0.0001
6	2	17	1.2876832485198975	34.0	0.0001
6	3	18	1.3003441095352173	35.0	0.0001
7	1	19	1.1476104259490967	42.0	0.0001
7	2	20	1.1899758577346802	40.0	0.0001
7	3	21	1.2719383239746094	30.0	0.0001
8	1	22	1.1416139602661133	40.0	0.0001
8	2	23	1.1545517444610596	40.0	0.0001
8	3	24	1.1527440547943115	30.0	0.0001
9	1	25	1.176851749420166	42.0	0.0001
9	2	26	1.1582887172698975	44.0	0.0001
9	3	27	1.0742907524108887	45.0	0.0001
10	1	28	1.1279581785202026	44.0	0.0001
10	2	29	1.140855073928833	38.0	0.0001
10	3	30	1.149503231048584	45.0	0.0001
11	1	31	1.0392206907272339	56.0	0.0001
11	2	32	1.0492461919784546	42.0	0.0001
11	3	33	1.1898949146270752	35.0	0.0001
12	1	34	1.0857101678848267	44.0	0.0001
12	2	35	1.0242011547088623	56.0	0.0001
12	3	36	1.0150411128997803	55.0	0.0001
13	1	37	1.047339916229248	50.0	0.0001
13	2	38	0.9781110882759094	60.0	0.0001
13	3	39	1.0640467405319214	60.0	0.0001
14	1	40	1.0995352268218994	32.0	0.0001
14	2	41	0.9933567643165588	50.0	0.0001
14	3	42	1.0520020723342896	35.0	0.0001
15	1	43	0.9607549905776978	54.0	0.0001
15	2	44	1.127227783203125	38.0	0.0001
15	3	45	1.1322816610336304	35.0	0.0001
16	1	46	0.9490112066268921	54.0	0.0001
16	2	47	1.1374790668487549	42.0	0.0001
16	3	48	1.2023578882217407	35.0	0.0001
17	1	49	1.05108642578125	46.0	0.0001
17	2	50	1.0374195575714111	42.0	0.0001
17	3	51	0.9484416246414185	65.0	0.0001
18	1	52	1.0492069721221924	44.0	0.0001
18	2	53	0.9550359845161438	46.0	0.0001
18	3	54	1.0749138593673706	45.0	0.0001
19	1	55	0.8824313879013062	54.0	0.0001
19	2	56	0.9757278561592102	48.0	0.0001
19	3	57	0.9605485796928406	45.0	0.0001
20	1	58	1.0532622337341309	58.0	0.0001
20	2	59	0.9413275718688965	56.0	0.0001
20	3	60	1.0894445180892944	30.0	0.0001
21	1	61	0.9873198866844177	50.0	0.0001
21	2	62	0.9308012127876282	48.0	0.0001
21	3	63	0.9525468945503235	45.0	0.0001
22	1	64	0.8858353495597839	58.0	0.0001
22	2	65	0.9615746140480042	54.0	0.0001
22	3	66	0.9076471328735352	40.0	0.0001
23	1	67	0.9151023030281067	56.0	0.0001
23	2	68	0.9522194862365723	46.0	0.0001
23	3	69	1.1034009456634521	35.0	0.0001
24	1	70	0.9089264869689941	52.0	0.0001
24	2	71	0.7913199067115784	60.0	0.0001
24	3	72	1.1058610677719116	45.0	0.0001
25	1	73	0.9492707848548889	60.0	0.0001
25	2	74	0.8491694927215576	58.0	0.0001
25	3	75	0.8818701505661011	45.0	0.0001
26	1	76	0.8796164989471436	62.0	0.0001
26	2	77	0.9182270765304565	46.0	0.0001
26	3	78	0.9468324780464172	40.0	0.0001
27	1	79	0.8488738536834717	56.0	0.0001
27	2	80	0.814293384552002	62.0	0.0001
27	3	81	0.941586971282959	55.0	0.0001
28	1	82	0.8671397566795349	62.0	0.0001
28	2	83	0.7579024434089661	60.0	0.0001
28	3	84	0.9308735728263855	50.0	0.0001
29	1	85	0.8148856163024902	62.0	0.0001
29	2	86	0.9205183386802673	50.0	0.0001
29	3	87	0.7650984525680542	65.0	0.0001
30	1	88	0.7213709354400635	70.0	0.0001
30	2	89	0.7384307980537415	66.0	0.0001
30	3	90	0.8143230676651001	55.0	0.0001
31	1	91	0.7691903114318848	66.0	0.0001
31	2	92	0.8852106332778931	52.0	0.0001
31	3	93	1.0253132581710815	55.0	0.0001
32	1	94	0.8264855146408081	56.0	0.0001
32	2	95	0.7610042095184326	62.0	0.0001
32	3	96	0.8988773226737976	55.0	0.0001
33	1	97	0.701261579990387	68.0	0.0001
33	2	98	0.8117815256118774	62.0	0.0001
33	3	99	0.8063517808914185	65.0	0.0001
34	1	100	0.8339126706123352	58.0	0.0001
34	2	101	0.6634213328361511	62.0	0.0001
34	3	102	0.7008881568908691	85.0	0.0001
35	1	103	0.8358007669448853	46.0	0.0001
35	2	104	0.784993588924408	64.0	0.0001
35	3	105	0.7944857478141785	55.0	0.0001
36	1	106	0.6953144073486328	66.0	0.0001
36	2	107	0.8730623722076416	48.0	0.0001
36	3	108	0.9840251207351685	45.0	0.0001
37	1	109	0.6500468254089355	74.0	0.0001
37	2	110	0.8082150220870972	54.0	0.0001
37	3	111	1.1912912130355835	40.0	0.0001
38	1	112	0.9473956823348999	64.0	0.0001
38	2	113	0.7322922348976135	68.0	0.0001
38	3	114	0.8360909223556519	55.0	0.0001
39	1	115	0.9050906300544739	46.0	0.0001
39	2	116	0.6406886577606201	62.0	0.0001
39	3	117	0.6586708426475525	80.0	0.0001
40	1	118	0.7236722707748413	62.0	0.0001
40	2	119	0.706419825553894	72.0	0.0001
40	3	120	0.6829845905303955	65.0	0.0001
41	1	121	0.8290861248970032	58.0	0.0001
41	2	122	0.7397032380104065	66.0	0.0001
41	3	123	1.1573240756988525	50.0	0.0001
42	1	124	0.7720480561256409	62.0	0.0001
42	2	125	0.7654855847358704	64.0	0.0001
42	3	126	0.7602071166038513	65.0	0.0001
43	1	127	0.9435732960700989	46.0	0.0001
43	2	128	0.6065630912780762	66.0	0.0001
43	3	129	0.6754127740859985	55.0	0.0001
44	1	130	0.6876319646835327	62.0	0.0001
44	2	131	0.8218021392822266	60.0	0.0001
44	3	132	1.0145466327667236	50.0	0.0001
45	1	133	0.8035678267478943	56.0	0.0001
45	2	134	0.6728682518005371	84.0	0.0001
45	3	135	0.623153030872345	80.0	0.0001
46	1	136	0.642112135887146	70.0	0.0001
46	2	137	0.7486298084259033	60.0	0.0001
46	3	138	1.1199840307235718	40.0	0.0001
47	1	139	0.7651506066322327	62.0	0.0001
47	2	140	0.7386648654937744	70.0	0.0001
47	3	141	0.5527206659317017	80.0	0.0001
48	1	142	0.6483728289604187	74.0	0.0001
48	2	143	0.7256094217300415	66.0	0.0001
48	3	144	0.7143471837043762	65.0	0.0001
49	1	145	0.6905125379562378	68.0	0.0001
49	2	146	0.7191162109375	66.0	0.0001
49	3	147	0.6508185267448425	75.0	0.0001
50	1	148	0.8011448383331299	52.0	0.0001
50	2	149	0.6292587518692017	68.0	0.0001
50	3	150	0.6325836181640625	65.0	0.0001
51	1	151	0.6133242249488831	78.0	0.0001
51	2	152	0.7750993371009827	58.0	0.0001
51	3	153	0.5918774604797363	75.0	0.0001
52	1	154	0.6954600811004639	66.0	0.0001
52	2	155	0.7360672950744629	70.0	0.0001
52	3	156	0.9663555026054382	60.0	0.0001
53	1	157	0.6630024909973145	66.0	0.0001
53	2	158	0.6251496076583862	70.0	0.0001
53	3	159	0.6895008087158203	75.0	0.0001
54	1	160	0.6870391964912415	68.0	0.0001
54	2	161	0.6316379308700562	66.0	0.0001
54	3	162	0.7240499258041382	65.0	0.0001
55	1	163	0.6956498622894287	66.0	0.0001
55	2	164	0.6203926801681519	68.0	0.0001
55	3	165	0.6718727946281433	70.0	0.0001
56	1	166	0.7249975800514221	62.0	0.0001
56	2	167	0.6147826313972473	72.0	0.0001
56	3	168	0.5051416754722595	80.0	0.0001
57	1	169	0.629704475402832	72.0	0.0001
57	2	170	0.5861457586288452	80.0	0.0001
57	3	171	0.6285486221313477	65.0	0.0001
58	1	172	0.7678744792938232	54.0	1e-05
58	2	173	0.46868428587913513	80.0	1e-05
58	3	174	0.5489528179168701	70.0	1e-05
59	1	175	0.5671452879905701	74.0	1e-05
59	2	176	0.6494789123535156	60.0	1e-05
59	3	177	0.6221309304237366	75.0	1e-05
60	1	178	0.7146475315093994	66.0	1e-05
60	2	179	0.5546720027923584	78.0	1e-05
60	3	180	0.6727561950683594	60.0	1e-05
61	1	181	0.600443959236145	76.0	1e-05
61	2	182	0.5865451097488403	72.0	1e-05
61	3	183	0.6267534494400024	65.0	1e-05
62	1	184	0.5292336940765381	72.0	1e-05
62	2	185	0.6214637160301208	72.0	1e-05
62	3	186	0.7470887303352356	65.0	1e-05
63	1	187	0.5257295966148376	76.0	1e-05
63	2	188	0.6037256717681885	70.0	1e-05
63	3	189	0.4483945965766907	75.0	1e-05
64	1	190	0.6273145079612732	70.0	1e-05
64	2	191	0.6532041430473328	74.0	1e-05
64	3	192	0.6048800945281982	75.0	1e-05
65	1	193	0.5818817019462585	72.0	1e-05
65	2	194	0.49122676253318787	80.0	1e-05
65	3	195	0.4939088821411133	80.0	1e-05
66	1	196	0.560624361038208	72.0	1e-05
66	2	197	0.5672608017921448	72.0	1e-05
66	3	198	1.0903059244155884	35.0	1e-05
67	1	199	0.6090630888938904	78.0	1e-05
67	2	200	0.5625686049461365	74.0	1e-05
67	3	201	0.5336287617683411	65.0	1e-05
68	1	202	0.5646926760673523	76.0	1e-05
68	2	203	0.6393685340881348	72.0	1e-05
68	3	204	0.5722243189811707	80.0	1e-05
69	1	205	0.6437937021255493	72.0	1e-05
69	2	206	0.48026102781295776	78.0	1e-05
69	3	207	0.5037415623664856	75.0	1e-05
70	1	208	0.5019131898880005	74.0	1e-05
70	2	209	0.6327322125434875	68.0	1e-05
70	3	210	0.5933825373649597	65.0	1e-05
71	1	211	0.4554806649684906	80.0	1e-05
71	2	212	0.5950448513031006	74.0	1e-05
71	3	213	0.35221266746520996	95.0	1e-05
72	1	214	0.5762941241264343	74.0	1e-05
72	2	215	0.5489016175270081	76.0	1e-05
72	3	216	0.5958475470542908	60.0	1e-05
73	1	217	0.5954496264457703	76.0	1e-05
73	2	218	0.5854310393333435	64.0	1e-05
73	3	219	0.5305190086364746	70.0	1e-05
74	1	220	0.4962226152420044	80.0	1e-05
74	2	221	0.43159931898117065	82.0	1e-05
74	3	222	0.9159800410270691	60.0	1e-05
75	1	223	0.5785142779350281	70.0	1e-05
75	2	224	0.5559008121490479	74.0	1e-05
75	3	225	0.4468778669834137	75.0	1e-05
76	1	226	0.5982804894447327	70.0	1e-05
76	2	227	0.4808994233608246	86.0	1e-05
76	3	228	0.5952962040901184	70.0	1e-05
77	1	229	0.5640782117843628	72.0	1e-05
77	2	230	0.5142664313316345	64.0	1e-05
77	3	231	0.6669130325317383	65.0	1e-05
78	1	232	0.5038729906082153	80.0	1e-05
78	2	233	0.46486133337020874	78.0	1e-05
78	3	234	0.596930980682373	75.0	1e-05
79	1	235	0.552811861038208	76.0	1e-05
79	2	236	0.4981648325920105	72.0	1e-05
79	3	237	0.8275341987609863	55.0	1e-05
80	1	238	0.6128844618797302	76.0	1e-05
80	2	239	0.47622233629226685	74.0	1e-05
80	3	240	0.6441381573677063	65.0	1e-05
81	1	241	0.506145179271698	80.0	1e-05
81	2	242	0.6072760224342346	74.0	1e-05
81	3	243	0.47015923261642456	75.0	1e-05
82	1	244	0.4828849732875824	76.0	1e-05
82	2	245	0.49507683515548706	84.0	1e-05
82	3	246	0.5651358366012573	75.0	1e-05
83	1	247	0.5789747834205627	78.0	1e-05
83	2	248	0.5315374135971069	78.0	1e-05
83	3	249	0.38686567544937134	95.0	1e-05
84	1	250	0.6145436763763428	70.0	1.0000000000000002e-06
84	2	251	0.5046693682670593	76.0	1.0000000000000002e-06
84	3	252	0.35409605503082275	85.0	1.0000000000000002e-06
85	1	253	0.5554547905921936	68.0	1.0000000000000002e-06
85	2	254	0.4063187837600708	90.0	1.0000000000000002e-06
85	3	255	0.6413159370422363	75.0	1.0000000000000002e-06
86	1	256	0.5352304577827454	76.0	1.0000000000000002e-06
86	2	257	0.5822200179100037	72.0	1.0000000000000002e-06
86	3	258	0.5519300699234009	75.0	1.0000000000000002e-06
87	1	259	0.46454566717147827	80.0	1.0000000000000002e-06
87	2	260	0.6620516180992126	62.0	1.0000000000000002e-06
87	3	261	0.5805779099464417	75.0	1.0000000000000002e-06
88	1	262	0.5212813019752502	74.0	1.0000000000000002e-06
88	2	263	0.5377170443534851	80.0	1.0000000000000002e-06
88	3	264	0.3915858268737793	90.0	1.0000000000000002e-06
89	1	265	0.489562451839447	76.0	1.0000000000000002e-06
89	2	266	0.5457929968833923	76.0	1.0000000000000002e-06
89	3	267	0.7247992753982544	70.0	1.0000000000000002e-06
90	1	268	0.44949936866760254	82.0	1.0000000000000002e-06
90	2	269	0.5095093250274658	76.0	1.0000000000000002e-06
90	3	270	0.5080944299697876	80.0	1.0000000000000002e-06
91	1	271	0.5422371625900269	76.0	1.0000000000000002e-06
91	2	272	0.4401119649410248	84.0	1.0000000000000002e-06
91	3	273	0.722561240196228	70.0	1.0000000000000002e-06
92	1	274	0.419199138879776	80.0	1.0000000000000002e-06
92	2	275	0.48860636353492737	78.0	1.0000000000000002e-06
92	3	276	0.48581662774086	80.0	1.0000000000000002e-06
93	1	277	0.8185907602310181	64.0	1.0000000000000002e-06
93	2	278	0.4347441494464874	86.0	1.0000000000000002e-06
93	3	279	0.48542070388793945	75.0	1.0000000000000002e-06
94	1	280	0.5688748955726624	76.0	1.0000000000000002e-06
94	2	281	0.5258236527442932	76.0	1.0000000000000002e-06
94	3	282	0.38823437690734863	85.0	1.0000000000000002e-06
95	1	283	0.5283173322677612	70.0	1.0000000000000002e-06
95	2	284	0.46092289686203003	86.0	1.0000000000000002e-06
95	3	285	0.4295542240142822	80.0	1.0000000000000002e-06
96	1	286	0.4371263086795807	82.0	1.0000000000000002e-06
96	2	287	0.6449019908905029	68.0	1.0000000000000002e-06
96	3	288	0.3387333154678345	90.0	1.0000000000000002e-06
97	1	289	0.4788924753665924	72.0	1.0000000000000002e-06
97	2	290	0.49508988857269287	82.0	1.0000000000000002e-06
97	3	291	0.5042312741279602	75.0	1.0000000000000002e-06
98	1	292	0.42327237129211426	80.0	1.0000000000000002e-06
98	2	293	0.5549746155738831	78.0	1.0000000000000002e-06
98	3	294	0.7304611206054688	60.0	1.0000000000000002e-06
99	1	295	0.4711885154247284	76.0	1.0000000000000002e-06
99	2	296	0.4116394519805908	82.0	1.0000000000000002e-06
99	3	297	0.634888768196106	80.0	1.0000000000000002e-06
100	1	298	0.4393292963504791	84.0	1.0000000000000002e-06
100	2	299	0.4418352544307709	78.0	1.0000000000000002e-06
100	3	300	0.5877063870429993	70.0	1.0000000000000002e-06
101	1	301	0.5211927890777588	74.0	1.0000000000000002e-06
101	2	302	0.6293746829032898	78.0	1.0000000000000002e-06
101	3	303	0.47707003355026245	80.0	1.0000000000000002e-06
102	1	304	0.4189281165599823	86.0	1.0000000000000002e-06
102	2	305	0.47764092683792114	84.0	1.0000000000000002e-06
102	3	306	0.7327471971511841	65.0	1.0000000000000002e-06
103	1	307	0.4588724970817566	80.0	1.0000000000000002e-06
103	2	308	0.4772469997406006	76.0	1.0000000000000002e-06
103	3	309	0.9237605929374695	50.0	1.0000000000000002e-06
104	1	310	0.5030141472816467	78.0	1.0000000000000002e-06
104	2	311	0.44001221656799316	84.0	1.0000000000000002e-06
104	3	312	0.45842641592025757	85.0	1.0000000000000002e-06
105	1	313	0.6676393151283264	62.0	1.0000000000000002e-06
105	2	314	0.5180686712265015	74.0	1.0000000000000002e-06
105	3	315	0.4217666983604431	75.0	1.0000000000000002e-06
106	1	316	0.5469800233840942	74.0	1.0000000000000002e-06
106	2	317	0.6459047794342041	68.0	1.0000000000000002e-06
106	3	318	0.5178402662277222	75.0	1.0000000000000002e-06
107	1	319	0.44596919417381287	80.0	1.0000000000000002e-06
107	2	320	0.4774530827999115	84.0	1.0000000000000002e-06
107	3	321	0.5104929208755493	75.0	1.0000000000000002e-06
108	1	322	0.4918673634529114	76.0	1.0000000000000002e-06
108	2	323	0.4930379092693329	76.0	1.0000000000000002e-06
108	3	324	0.5683985948562622	75.0	1.0000000000000002e-06
109	1	325	0.5214717388153076	74.0	1.0000000000000002e-06
109	2	326	0.47830238938331604	82.0	1.0000000000000002e-06
109	3	327	0.6333351731300354	80.0	1.0000000000000002e-06
110	1	328	0.39570122957229614	80.0	1.0000000000000002e-07
110	2	329	0.5898991227149963	74.0	1.0000000000000002e-07
110	3	330	0.5348638892173767	70.0	1.0000000000000002e-07
111	1	331	0.46717727184295654	78.0	1.0000000000000002e-07
111	2	332	0.6119726896286011	70.0	1.0000000000000002e-07
111	3	333	0.5030947923660278	80.0	1.0000000000000002e-07
112	1	334	0.5044878721237183	74.0	1.0000000000000002e-07
112	2	335	0.441218763589859	80.0	1.0000000000000002e-07
112	3	336	0.5794222354888916	65.0	1.0000000000000002e-07
113	1	337	0.4275246560573578	78.0	1.0000000000000002e-07
113	2	338	0.49987778067588806	76.0	1.0000000000000002e-07
113	3	339	0.6412590742111206	65.0	1.0000000000000002e-07
114	1	340	0.5320731401443481	78.0	1.0000000000000002e-07
114	2	341	0.583547055721283	78.0	1.0000000000000002e-07
114	3	342	0.7717548608779907	60.0	1.0000000000000002e-07
115	1	343	0.5179625749588013	74.0	1.0000000000000002e-07
115	2	344	0.47167664766311646	78.0	1.0000000000000002e-07
115	3	345	0.4146701693534851	80.0	1.0000000000000002e-07
116	1	346	0.4440487325191498	80.0	1.0000000000000002e-07
116	2	347	0.5842108726501465	78.0	1.0000000000000002e-07
116	3	348	0.37240615487098694	80.0	1.0000000000000002e-07
117	1	349	0.4427539110183716	84.0	1.0000000000000002e-07
117	2	350	0.595209002494812	76.0	1.0000000000000002e-07
117	3	351	0.5881496667861938	70.0	1.0000000000000002e-07
118	1	352	0.6514710783958435	66.0	1.0000000000000002e-07
118	2	353	0.48294296860694885	80.0	1.0000000000000002e-07
118	3	354	0.5206562876701355	65.0	1.0000000000000002e-07
119	1	355	0.467122346162796	82.0	1.0000000000000002e-07
119	2	356	0.4065520465373993	78.0	1.0000000000000002e-07
119	3	357	0.4919014871120453	80.0	1.0000000000000002e-07
120	1	358	0.4231562316417694	80.0	1.0000000000000002e-07
120	2	359	0.44262492656707764	88.0	1.0000000000000002e-07
120	3	360	0.8543902635574341	60.0	1.0000000000000002e-07
121	1	361	0.510090172290802	76.0	1.0000000000000002e-07
121	2	362	0.46880799531936646	80.0	1.0000000000000002e-07
121	3	363	0.4913144111633301	85.0	1.0000000000000002e-07
122	1	364	0.49524906277656555	78.0	1.0000000000000002e-07
122	2	365	0.3891723155975342	84.0	1.0000000000000002e-07
122	3	366	0.9955876469612122	40.0	1.0000000000000002e-07
123	1	367	0.4609609842300415	82.0	1.0000000000000002e-07
123	2	368	0.4546947777271271	80.0	1.0000000000000002e-07
123	3	369	0.4902816414833069	80.0	1.0000000000000002e-07
124	1	370	0.5887489318847656	80.0	1.0000000000000002e-07
124	2	371	0.4350277781486511	80.0	1.0000000000000002e-07
124	3	372	0.5135019421577454	70.0	1.0000000000000002e-07
125	1	373	0.5141752362251282	78.0	1.0000000000000002e-07
125	2	374	0.6107906103134155	74.0	1.0000000000000002e-07
125	3	375	0.4529065191745758	80.0	1.0000000000000002e-07
126	1	376	0.4746517837047577	78.0	1.0000000000000002e-07
126	2	377	0.4464249312877655	86.0	1.0000000000000002e-07
126	3	378	0.4673115313053131	70.0	1.0000000000000002e-07
127	1	379	0.5153353214263916	80.0	1.0000000000000002e-07
127	2	380	0.41989433765411377	86.0	1.0000000000000002e-07
127	3	381	0.532984733581543	90.0	1.0000000000000002e-07
128	1	382	0.5162746906280518	72.0	1.0000000000000002e-07
128	2	383	0.549543023109436	86.0	1.0000000000000002e-07
128	3	384	0.3864293694496155	80.0	1.0000000000000002e-07
129	1	385	0.4400331974029541	76.0	1.0000000000000002e-07
129	2	386	0.5358002185821533	74.0	1.0000000000000002e-07
129	3	387	0.5528684854507446	70.0	1.0000000000000002e-07
130	1	388	0.44371306896209717	80.0	1.0000000000000002e-07
130	2	389	0.6317813992500305	70.0	1.0000000000000002e-07
130	3	390	0.5401158332824707	80.0	1.0000000000000002e-07
131	1	391	0.44936293363571167	76.0	1.0000000000000002e-07
131	2	392	0.5776610374450684	76.0	1.0000000000000002e-07
131	3	393	0.718357503414154	75.0	1.0000000000000002e-07
132	1	394	0.488104909658432	72.0	1.0000000000000002e-07
132	2	395	0.5349770188331604	80.0	1.0000000000000002e-07
132	3	396	0.35647305846214294	80.0	1.0000000000000002e-07
133	1	397	0.5242635607719421	74.0	1.0000000000000002e-07
133	2	398	0.5637186765670776	84.0	1.0000000000000002e-07
133	3	399	0.5598903894424438	75.0	1.0000000000000002e-07
134	1	400	0.43589523434638977	78.0	1.0000000000000002e-07
134	2	401	0.4657018184661865	80.0	1.0000000000000002e-07
134	3	402	0.8326435089111328	55.0	1.0000000000000002e-07
135	1	403	0.42101210355758667	84.0	1.0000000000000002e-07
135	2	404	0.6196509599685669	68.0	1.0000000000000002e-07
135	3	405	0.4313112199306488	85.0	1.0000000000000002e-07
136	1	406	0.47043105959892273	84.0	1.0000000000000004e-08
136	2	407	0.4724372625350952	72.0	1.0000000000000004e-08
136	3	408	0.45668983459472656	90.0	1.0000000000000004e-08
137	1	409	0.4341386556625366	82.0	1.0000000000000004e-08
137	2	410	0.47964781522750854	80.0	1.0000000000000004e-08
137	3	411	0.6186591982841492	70.0	1.0000000000000004e-08
138	1	412	0.46308425068855286	80.0	1.0000000000000004e-08
138	2	413	0.4110551178455353	88.0	1.0000000000000004e-08
138	3	414	0.7448343634605408	70.0	1.0000000000000004e-08
139	1	415	0.3527599275112152	86.0	1.0000000000000004e-08
139	2	416	0.7318870425224304	52.0	1.0000000000000004e-08
139	3	417	0.45705780386924744	80.0	1.0000000000000004e-08
140	1	418	0.4916635751724243	76.0	1.0000000000000004e-08
140	2	419	0.42362213134765625	90.0	1.0000000000000004e-08
140	3	420	0.4105478823184967	75.0	1.0000000000000004e-08
141	1	421	0.5303053855895996	76.0	1.0000000000000004e-08
141	2	422	0.4965985119342804	78.0	1.0000000000000004e-08
141	3	423	0.5082090497016907	70.0	1.0000000000000004e-08
142	1	424	0.5555418729782104	72.0	1.0000000000000004e-08
142	2	425	0.48938316106796265	80.0	1.0000000000000004e-08
142	3	426	0.44891849160194397	85.0	1.0000000000000004e-08
143	1	427	0.4604528844356537	84.0	1.0000000000000004e-08
143	2	428	0.44823309779167175	78.0	1.0000000000000004e-08
143	3	429	0.6236284971237183	55.0	1.0000000000000004e-08
144	1	430	0.5652113556861877	78.0	1.0000000000000004e-08
144	2	431	0.41134217381477356	80.0	1.0000000000000004e-08
144	3	432	0.5051339268684387	65.0	1.0000000000000004e-08
145	1	433	0.5434454083442688	78.0	1.0000000000000004e-08
145	2	434	0.46552959084510803	82.0	1.0000000000000004e-08
145	3	435	0.5815736055374146	70.0	1.0000000000000004e-08
146	1	436	0.5690925121307373	74.0	1.0000000000000004e-08
146	2	437	0.5592001676559448	70.0	1.0000000000000004e-08
146	3	438	0.5796490907669067	70.0	1.0000000000000004e-08
147	1	439	0.4700150191783905	84.0	1.0000000000000004e-08
147	2	440	0.5178684592247009	76.0	1.0000000000000004e-08
147	3	441	0.5281235575675964	80.0	1.0000000000000004e-08
148	1	442	0.5517095923423767	72.0	1.0000000000000004e-08
148	2	443	0.639723002910614	68.0	1.0000000000000004e-08
148	3	444	0.43948760628700256	75.0	1.0000000000000004e-08
149	1	445	0.4995388686656952	80.0	1.0000000000000004e-08
149	2	446	0.4919295907020569	76.0	1.0000000000000004e-08
149	3	447	0.4920419156551361	80.0	1.0000000000000004e-08
150	1	448	0.558722972869873	66.0	1.0000000000000004e-08
150	2	449	0.5339643955230713	84.0	1.0000000000000004e-08
150	3	450	0.5300678014755249	70.0	1.0000000000000004e-08
151	1	451	0.4179691970348358	84.0	1.0000000000000004e-08
151	2	452	0.5521267652511597	74.0	1.0000000000000004e-08
151	3	453	0.44786447286605835	80.0	1.0000000000000004e-08
152	1	454	0.5072314143180847	74.0	1.0000000000000004e-08
152	2	455	0.508933424949646	70.0	1.0000000000000004e-08
152	3	456	0.5599956512451172	65.0	1.0000000000000004e-08
153	1	457	0.5177911520004272	72.0	1.0000000000000004e-08
153	2	458	0.5617057681083679	80.0	1.0000000000000004e-08
153	3	459	0.4266834855079651	90.0	1.0000000000000004e-08
154	1	460	0.46628546714782715	76.0	1.0000000000000004e-08
154	2	461	0.41927266120910645	92.0	1.0000000000000004e-08
154	3	462	0.43209314346313477	75.0	1.0000000000000004e-08
155	1	463	0.43483230471611023	80.0	1.0000000000000004e-08
155	2	464	0.5988636612892151	70.0	1.0000000000000004e-08
155	3	465	0.5494509935379028	70.0	1.0000000000000004e-08
156	1	466	0.49595969915390015	72.0	1.0000000000000004e-08
156	2	467	0.48983120918273926	74.0	1.0000000000000004e-08
156	3	468	0.5790894031524658	65.0	1.0000000000000004e-08
157	1	469	0.45522236824035645	82.0	1.0000000000000004e-08
157	2	470	0.5334939956665039	70.0	1.0000000000000004e-08
157	3	471	0.5265968441963196	80.0	1.0000000000000004e-08
158	1	472	0.5660272240638733	76.0	1.0000000000000004e-08
158	2	473	0.521689236164093	82.0	1.0000000000000004e-08
158	3	474	0.32629427313804626	85.0	1.0000000000000004e-08
159	1	475	0.4337984025478363	80.0	1.0000000000000004e-08
159	2	476	0.4427371919155121	86.0	1.0000000000000004e-08
159	3	477	0.7622456550598145	70.0	1.0000000000000004e-08
160	1	478	0.5467058420181274	76.0	1.0000000000000004e-08
160	2	479	0.5755925178527832	72.0	1.0000000000000004e-08
160	3	480	0.19541332125663757	100.0	1.0000000000000004e-08
161	1	481	0.5109933614730835	72.0	1.0000000000000004e-08
161	2	482	0.48037368059158325	86.0	1.0000000000000004e-08
161	3	483	0.7199494242668152	70.0	1.0000000000000004e-08
162	1	484	0.4843302071094513	80.0	1.0000000000000004e-08
162	2	485	0.4958863854408264	78.0	1.0000000000000004e-08
162	3	486	0.6950704455375671	65.0	1.0000000000000004e-08
163	1	487	0.4856754243373871	80.0	1.0000000000000004e-08
163	2	488	0.55669105052948	72.0	1.0000000000000004e-08
163	3	489	0.6575306057929993	65.0	1.0000000000000004e-08
164	1	490	0.5391332507133484	76.0	1.0000000000000004e-08
164	2	491	0.4510861337184906	84.0	1.0000000000000004e-08
164	3	492	0.4569392204284668	80.0	1.0000000000000004e-08
165	1	493	0.47551238536834717	74.0	1.0000000000000004e-08
165	2	494	0.4588964879512787	78.0	1.0000000000000004e-08
165	3	495	0.7824010848999023	65.0	1.0000000000000004e-08
166	1	496	0.5040388107299805	82.0	1.0000000000000004e-08
166	2	497	0.5009806156158447	80.0	1.0000000000000004e-08
166	3	498	0.43651923537254333	85.0	1.0000000000000004e-08
167	1	499	0.4944689869880676	76.0	1.0000000000000004e-08
167	2	500	0.489949494600296	78.0	1.0000000000000004e-08
167	3	501	0.6001101732254028	65.0	1.0000000000000004e-08
168	1	502	0.4825405776500702	72.0	1.0000000000000004e-08
168	2	503	0.5277245044708252	78.0	1.0000000000000004e-08
168	3	504	0.2849530875682831	95.0	1.0000000000000004e-08
169	1	505	0.4625801146030426	80.0	1.0000000000000004e-08
169	2	506	0.5722209215164185	62.0	1.0000000000000004e-08
169	3	507	0.517971396446228	80.0	1.0000000000000004e-08
170	1	508	0.5608975887298584	76.0	1.0000000000000004e-08
170	2	509	0.4364078640937805	78.0	1.0000000000000004e-08
170	3	510	0.4283735752105713	75.0	1.0000000000000004e-08
171	1	511	0.40201205015182495	78.0	1.0000000000000004e-08
171	2	512	0.5075463652610779	82.0	1.0000000000000004e-08
171	3	513	0.7626869082450867	75.0	1.0000000000000004e-08
172	1	514	0.4737449288368225	74.0	1.0000000000000004e-08
172	2	515	0.48866355419158936	70.0	1.0000000000000004e-08
172	3	516	0.5824039578437805	70.0	1.0000000000000004e-08
173	1	517	0.588309109210968	66.0	1.0000000000000004e-08
173	2	518	0.5018141269683838	84.0	1.0000000000000004e-08
173	3	519	0.46863001585006714	75.0	1.0000000000000004e-08
174	1	520	0.4647168815135956	82.0	1.0000000000000004e-08
174	2	521	0.4637718200683594	78.0	1.0000000000000004e-08
174	3	522	0.7169615030288696	65.0	1.0000000000000004e-08
175	1	523	0.38250932097435	78.0	1.0000000000000004e-08
175	2	524	0.6388196349143982	72.0	1.0000000000000004e-08
175	3	525	0.7157387733459473	70.0	1.0000000000000004e-08
176	1	526	0.4789794981479645	80.0	1.0000000000000004e-08
176	2	527	0.4629463851451874	74.0	1.0000000000000004e-08
176	3	528	0.4602294862270355	80.0	1.0000000000000004e-08
177	1	529	0.442931205034256	78.0	1.0000000000000004e-08
177	2	530	0.6370622515678406	72.0	1.0000000000000004e-08
177	3	531	0.6135185360908508	70.0	1.0000000000000004e-08
178	1	532	0.5350254774093628	70.0	1.0000000000000004e-08
178	2	533	0.5620595812797546	72.0	1.0000000000000004e-08
178	3	534	0.4283267855644226	85.0	1.0000000000000004e-08
179	1	535	0.5964077711105347	74.0	1.0000000000000004e-08
179	2	536	0.4339538514614105	86.0	1.0000000000000004e-08
179	3	537	0.4834972321987152	70.0	1.0000000000000004e-08
180	1	538	0.4817207455635071	74.0	1.0000000000000004e-08
180	2	539	0.5136825442314148	78.0	1.0000000000000004e-08
180	3	540	0.46631932258605957	80.0	1.0000000000000004e-08
181	1	541	0.5904657244682312	64.0	1.0000000000000004e-08
181	2	542	0.4924478828907013	76.0	1.0000000000000004e-08
181	3	543	0.32874026894569397	95.0	1.0000000000000004e-08
182	1	544	0.5454660654067993	72.0	1.0000000000000004e-08
182	2	545	0.46723026037216187	76.0	1.0000000000000004e-08
182	3	546	0.47480764985084534	75.0	1.0000000000000004e-08
183	1	547	0.5520918965339661	70.0	1.0000000000000004e-08
183	2	548	0.5470452904701233	76.0	1.0000000000000004e-08
183	3	549	0.359131395816803	80.0	1.0000000000000004e-08
184	1	550	0.5039533376693726	82.0	1.0000000000000004e-08
184	2	551	0.4991469085216522	78.0	1.0000000000000004e-08
184	3	552	0.6506468057632446	60.0	1.0000000000000004e-08
185	1	553	0.5805637836456299	68.0	1.0000000000000004e-08
185	2	554	0.529281497001648	74.0	1.0000000000000004e-08
185	3	555	0.564806342124939	75.0	1.0000000000000004e-08
186	1	556	0.4374685287475586	86.0	1.0000000000000004e-08
186	2	557	0.515638530254364	68.0	1.0000000000000004e-08
186	3	558	0.5014671087265015	85.0	1.0000000000000004e-08
187	1	559	0.47873562574386597	82.0	1.0000000000000004e-08
187	2	560	0.4751644432544708	82.0	1.0000000000000004e-08
187	3	561	0.5341804623603821	75.0	1.0000000000000004e-08
188	1	562	0.5003471374511719	84.0	1.0000000000000004e-08
188	2	563	0.552107036113739	76.0	1.0000000000000004e-08
188	3	564	0.5346152782440186	75.0	1.0000000000000004e-08
189	1	565	0.5637280941009521	70.0	1.0000000000000004e-08
189	2	566	0.4477171301841736	76.0	1.0000000000000004e-08
189	3	567	0.6996042728424072	55.0	1.0000000000000004e-08
190	1	568	0.3496803641319275	86.0	1.0000000000000004e-08
190	2	569	0.563449501991272	74.0	1.0000000000000004e-08
190	3	570	0.692785918712616	55.0	1.0000000000000004e-08
191	1	571	0.5299822092056274	78.0	1.0000000000000004e-08
191	2	572	0.5648559927940369	72.0	1.0000000000000004e-08
191	3	573	0.630538821220398	70.0	1.0000000000000004e-08
192	1	574	0.5716944336891174	74.0	1.0000000000000004e-08
192	2	575	0.5501906871795654	76.0	1.0000000000000004e-08
192	3	576	0.582365870475769	75.0	1.0000000000000004e-08
193	1	577	0.4462107717990875	76.0	1.0000000000000004e-08
193	2	578	0.5099712610244751	78.0	1.0000000000000004e-08
193	3	579	0.49395841360092163	85.0	1.0000000000000004e-08
194	1	580	0.4688308835029602	80.0	1.0000000000000004e-08
194	2	581	0.5562325119972229	64.0	1.0000000000000004e-08
194	3	582	0.5488171577453613	70.0	1.0000000000000004e-08
195	1	583	0.52625572681427	76.0	1.0000000000000004e-08
195	2	584	0.5245404243469238	78.0	1.0000000000000004e-08
195	3	585	0.43195152282714844	85.0	1.0000000000000004e-08
196	1	586	0.40271541476249695	80.0	1.0000000000000004e-08
196	2	587	0.5302379727363586	82.0	1.0000000000000004e-08
196	3	588	0.543256402015686	70.0	1.0000000000000004e-08
197	1	589	0.5040282607078552	80.0	1.0000000000000004e-08
197	2	590	0.48198601603507996	78.0	1.0000000000000004e-08
197	3	591	0.5667840838432312	85.0	1.0000000000000004e-08
198	1	592	0.4785526692867279	78.0	1.0000000000000004e-08
198	2	593	0.6215670108795166	64.0	1.0000000000000004e-08
198	3	594	0.5069028735160828	85.0	1.0000000000000004e-08
199	1	595	0.4351201355457306	82.0	1.0000000000000004e-08
199	2	596	0.5007805228233337	80.0	1.0000000000000004e-08
199	3	597	0.4570389688014984	80.0	1.0000000000000004e-08
200	1	598	0.5209476351737976	82.0	1.0000000000000004e-08
200	2	599	0.5526666045188904	76.0	1.0000000000000004e-08
200	3	600	0.44244900345802307	80.0	1.0000000000000004e-08
201	1	601	0.5250691175460815	70.0	1.0000000000000004e-08
201	2	602	0.3881615698337555	86.0	1.0000000000000004e-08
201	3	603	0.5883156657218933	75.0	1.0000000000000004e-08
202	1	604	0.5150110721588135	72.0	1.0000000000000004e-08
202	2	605	0.589394211769104	76.0	1.0000000000000004e-08
202	3	606	0.606594443321228	65.0	1.0000000000000004e-08
203	1	607	0.5163598656654358	80.0	1.0000000000000004e-08
203	2	608	0.43525972962379456	82.0	1.0000000000000004e-08
203	3	609	0.6242944002151489	80.0	1.0000000000000004e-08
204	1	610	0.39308327436447144	84.0	1.0000000000000004e-08
204	2	611	0.5635262131690979	72.0	1.0000000000000004e-08
204	3	612	0.48584699630737305	75.0	1.0000000000000004e-08
205	1	613	0.5078151822090149	72.0	1.0000000000000004e-08
205	2	614	0.4739997386932373	78.0	1.0000000000000004e-08
205	3	615	0.8410515785217285	55.0	1.0000000000000004e-08
206	1	616	0.5574868321418762	74.0	1.0000000000000004e-08
206	2	617	0.4545596241950989	82.0	1.0000000000000004e-08
206	3	618	0.6534726619720459	65.0	1.0000000000000004e-08
207	1	619	0.48329657316207886	78.0	1.0000000000000004e-08
207	2	620	0.44510364532470703	76.0	1.0000000000000004e-08
207	3	621	0.6821225881576538	65.0	1.0000000000000004e-08
208	1	622	0.5586838722229004	78.0	1.0000000000000004e-08
208	2	623	0.5612451434135437	72.0	1.0000000000000004e-08
208	3	624	0.42327776551246643	80.0	1.0000000000000004e-08
209	1	625	0.478982537984848	82.0	1.0000000000000004e-08
209	2	626	0.4601268768310547	84.0	1.0000000000000004e-08
209	3	627	0.5005133748054504	70.0	1.0000000000000004e-08
210	1	628	0.5063347816467285	82.0	1.0000000000000004e-08
210	2	629	0.5397144556045532	74.0	1.0000000000000004e-08
210	3	630	0.5288698673248291	75.0	1.0000000000000004e-08
211	1	631	0.4192708730697632	80.0	1.0000000000000004e-08
211	2	632	0.4697038531303406	82.0	1.0000000000000004e-08
211	3	633	1.2590179443359375	50.0	1.0000000000000004e-08
212	1	634	0.4608721137046814	82.0	1.0000000000000004e-08
212	2	635	0.47673308849334717	74.0	1.0000000000000004e-08
212	3	636	0.744043231010437	60.0	1.0000000000000004e-08
213	1	637	0.4822334945201874	74.0	1.0000000000000004e-08
213	2	638	0.5013079047203064	78.0	1.0000000000000004e-08
213	3	639	0.4678207337856293	90.0	1.0000000000000004e-08
214	1	640	0.5234133005142212	72.0	1.0000000000000004e-08
214	2	641	0.4530109465122223	78.0	1.0000000000000004e-08
214	3	642	0.5675684809684753	80.0	1.0000000000000004e-08
215	1	643	0.4602833688259125	82.0	1.0000000000000004e-08
215	2	644	0.44957083463668823	80.0	1.0000000000000004e-08
215	3	645	0.8458089828491211	45.0	1.0000000000000004e-08
216	1	646	0.5158836245536804	82.0	1.0000000000000004e-08
216	2	647	0.46637284755706787	80.0	1.0000000000000004e-08
216	3	648	0.45044106245040894	80.0	1.0000000000000004e-08
217	1	649	0.4335929751396179	90.0	1.0000000000000004e-08
217	2	650	0.4527731239795685	78.0	1.0000000000000004e-08
217	3	651	0.5118263959884644	75.0	1.0000000000000004e-08
218	1	652	0.6014580130577087	68.0	1.0000000000000004e-08
218	2	653	0.4393790066242218	86.0	1.0000000000000004e-08
218	3	654	0.522674560546875	80.0	1.0000000000000004e-08
219	1	655	0.44914186000823975	84.0	1.0000000000000004e-08
219	2	656	0.5433545112609863	78.0	1.0000000000000004e-08
219	3	657	0.4541565775871277	85.0	1.0000000000000004e-08
220	1	658	0.46063652634620667	78.0	1.0000000000000004e-08
220	2	659	0.5374764204025269	74.0	1.0000000000000004e-08
220	3	660	0.6678453087806702	65.0	1.0000000000000004e-08
221	1	661	0.46803152561187744	76.0	1.0000000000000004e-08
221	2	662	0.4879007041454315	76.0	1.0000000000000004e-08
221	3	663	0.4975711703300476	75.0	1.0000000000000004e-08
222	1	664	0.5435235500335693	78.0	1.0000000000000004e-08
222	2	665	0.4312610924243927	86.0	1.0000000000000004e-08
222	3	666	0.5572619438171387	80.0	1.0000000000000004e-08
223	1	667	0.5051218867301941	82.0	1.0000000000000004e-08
223	2	668	0.5803893208503723	76.0	1.0000000000000004e-08
223	3	669	0.41226381063461304	80.0	1.0000000000000004e-08
224	1	670	0.4644750654697418	78.0	1.0000000000000004e-08
224	2	671	0.5102738738059998	76.0	1.0000000000000004e-08
224	3	672	0.5686866044998169	75.0	1.0000000000000004e-08
225	1	673	0.38438865542411804	84.0	1.0000000000000004e-08
225	2	674	0.42372748255729675	80.0	1.0000000000000004e-08
225	3	675	1.060982346534729	50.0	1.0000000000000004e-08
226	1	676	0.48781096935272217	80.0	1.0000000000000004e-08
226	2	677	0.49369820952415466	74.0	1.0000000000000004e-08
226	3	678	0.6403722763061523	75.0	1.0000000000000004e-08
227	1	679	0.5034141540527344	76.0	1.0000000000000004e-08
227	2	680	0.40948113799095154	82.0	1.0000000000000004e-08
227	3	681	0.603689968585968	65.0	1.0000000000000004e-08
228	1	682	0.5268173813819885	74.0	1.0000000000000004e-08
228	2	683	0.49645358324050903	74.0	1.0000000000000004e-08
228	3	684	0.68564373254776	65.0	1.0000000000000004e-08
229	1	685	0.4950641989707947	80.0	1.0000000000000004e-08
229	2	686	0.47432801127433777	78.0	1.0000000000000004e-08
229	3	687	0.5478165149688721	75.0	1.0000000000000004e-08
230	1	688	0.5612833499908447	74.0	1.0000000000000004e-08
230	2	689	0.40985432267189026	80.0	1.0000000000000004e-08
230	3	690	0.5093010663986206	75.0	1.0000000000000004e-08
231	1	691	0.6004888415336609	70.0	1.0000000000000004e-08
231	2	692	0.48783665895462036	74.0	1.0000000000000004e-08
231	3	693	0.33025506138801575	90.0	1.0000000000000004e-08
232	1	694	0.5305513143539429	76.0	1.0000000000000004e-08
232	2	695	0.5312840938568115	70.0	1.0000000000000004e-08
232	3	696	0.5814200639724731	80.0	1.0000000000000004e-08
233	1	697	0.4486321210861206	78.0	1.0000000000000004e-08
233	2	698	0.4938541054725647	74.0	1.0000000000000004e-08
233	3	699	0.6468325257301331	70.0	1.0000000000000004e-08
234	1	700	0.5499428510665894	72.0	1.0000000000000004e-08
234	2	701	0.49310198426246643	74.0	1.0000000000000004e-08
234	3	702	0.471635103225708	75.0	1.0000000000000004e-08
235	1	703	0.6813269853591919	70.0	1.0000000000000004e-08
235	2	704	0.4738195538520813	80.0	1.0000000000000004e-08
235	3	705	0.6422313451766968	80.0	1.0000000000000004e-08
236	1	706	0.5671080946922302	76.0	1.0000000000000004e-08
236	2	707	0.40064963698387146	78.0	1.0000000000000004e-08
236	3	708	0.8456414341926575	50.0	1.0000000000000004e-08
237	1	709	0.5268712639808655	68.0	1.0000000000000004e-08
237	2	710	0.6168033480644226	64.0	1.0000000000000004e-08
237	3	711	0.40091973543167114	80.0	1.0000000000000004e-08
238	1	712	0.5341293215751648	74.0	1.0000000000000004e-08
238	2	713	0.4815976619720459	74.0	1.0000000000000004e-08
238	3	714	0.5222442746162415	75.0	1.0000000000000004e-08
239	1	715	0.49110183119773865	76.0	1.0000000000000004e-08
239	2	716	0.48934945464134216	70.0	1.0000000000000004e-08
239	3	717	0.5331066846847534	85.0	1.0000000000000004e-08
240	1	718	0.5949597954750061	64.0	1.0000000000000004e-08
240	2	719	0.5030823945999146	74.0	1.0000000000000004e-08
240	3	720	0.5178906321525574	70.0	1.0000000000000004e-08
241	1	721	0.42214205861091614	86.0	1.0000000000000004e-08
241	2	722	0.4445410966873169	88.0	1.0000000000000004e-08
241	3	723	0.558987021446228	75.0	1.0000000000000004e-08
242	1	724	0.44215092062950134	86.0	1.0000000000000004e-08
242	2	725	0.44682446122169495	72.0	1.0000000000000004e-08
242	3	726	0.4735598564147949	80.0	1.0000000000000004e-08
243	1	727	0.4525226652622223	82.0	1.0000000000000004e-08
243	2	728	0.5309043526649475	82.0	1.0000000000000004e-08
243	3	729	0.49391013383865356	75.0	1.0000000000000004e-08
244	1	730	0.49716416001319885	76.0	1.0000000000000004e-08
244	2	731	0.50942063331604	74.0	1.0000000000000004e-08
244	3	732	0.3700483739376068	80.0	1.0000000000000004e-08
245	1	733	0.4291933476924896	76.0	1.0000000000000004e-08
245	2	734	0.5460002422332764	78.0	1.0000000000000004e-08
245	3	735	0.48698291182518005	80.0	1.0000000000000004e-08
246	1	736	0.46707627177238464	84.0	1.0000000000000004e-08
246	2	737	0.47626274824142456	76.0	1.0000000000000004e-08
246	3	738	0.6633251905441284	75.0	1.0000000000000004e-08
247	1	739	0.48655349016189575	78.0	1.0000000000000004e-08
247	2	740	0.5313844084739685	74.0	1.0000000000000004e-08
247	3	741	0.5427471399307251	75.0	1.0000000000000004e-08
248	1	742	0.6239039897918701	70.0	1.0000000000000004e-08
248	2	743	0.5031670928001404	78.0	1.0000000000000004e-08
248	3	744	0.4770311415195465	80.0	1.0000000000000004e-08
249	1	745	0.4358753263950348	88.0	1.0000000000000004e-08
249	2	746	0.4674074053764343	72.0	1.0000000000000004e-08
249	3	747	0.38621675968170166	90.0	1.0000000000000004e-08
250	1	748	0.43395835161209106	84.0	1.0000000000000004e-08
250	2	749	0.5608567595481873	68.0	1.0000000000000004e-08
250	3	750	0.5612390041351318	70.0	1.0000000000000004e-08
251	1	751	0.4776352643966675	76.0	1.0000000000000004e-08
251	2	752	0.5191116333007812	78.0	1.0000000000000004e-08
251	3	753	0.5024770498275757	75.0	1.0000000000000004e-08
252	1	754	0.4433864653110504	82.0	1.0000000000000004e-08
252	2	755	0.6003125905990601	70.0	1.0000000000000004e-08
252	3	756	0.5927584767341614	55.0	1.0000000000000004e-08
253	1	757	0.4980960786342621	74.0	1.0000000000000004e-08
253	2	758	0.4573932886123657	80.0	1.0000000000000004e-08
253	3	759	0.6315180659294128	70.0	1.0000000000000004e-08
254	1	760	0.577055811882019	70.0	1.0000000000000004e-08
254	2	761	0.5182392001152039	74.0	1.0000000000000004e-08
254	3	762	0.4612475037574768	80.0	1.0000000000000004e-08
255	1	763	0.533097505569458	70.0	1.0000000000000004e-08
255	2	764	0.4535726308822632	78.0	1.0000000000000004e-08
255	3	765	0.6074278950691223	70.0	1.0000000000000004e-08
256	1	766	0.3907131254673004	88.0	1.0000000000000004e-08
256	2	767	0.61854487657547	62.0	1.0000000000000004e-08
256	3	768	0.49571236968040466	70.0	1.0000000000000004e-08
257	1	769	0.4719263017177582	82.0	1.0000000000000004e-08
257	2	770	0.533507227897644	72.0	1.0000000000000004e-08
257	3	771	0.6114463210105896	75.0	1.0000000000000004e-08
258	1	772	0.4987001419067383	80.0	1.0000000000000004e-08
258	2	773	0.43136483430862427	76.0	1.0000000000000004e-08
258	3	774	0.5249349474906921	75.0	1.0000000000000004e-08
259	1	775	0.5169104337692261	78.0	1.0000000000000004e-08
259	2	776	0.5005886554718018	76.0	1.0000000000000004e-08
259	3	777	0.46852603554725647	75.0	1.0000000000000004e-08
260	1	778	0.49597886204719543	78.0	1.0000000000000004e-08
260	2	779	0.5299814343452454	76.0	1.0000000000000004e-08
260	3	780	0.499688059091568	70.0	1.0000000000000004e-08
261	1	781	0.5243793725967407	78.0	1.0000000000000004e-08
261	2	782	0.5341923236846924	82.0	1.0000000000000004e-08
261	3	783	0.5329084396362305	80.0	1.0000000000000004e-08
262	1	784	0.5058631300926208	80.0	1.0000000000000004e-08
262	2	785	0.555366575717926	72.0	1.0000000000000004e-08
262	3	786	0.6435753107070923	65.0	1.0000000000000004e-08
263	1	787	0.47662124037742615	72.0	1.0000000000000004e-08
263	2	788	0.5860204100608826	70.0	1.0000000000000004e-08
263	3	789	0.6885731816291809	70.0	1.0000000000000004e-08
264	1	790	0.45989006757736206	80.0	1.0000000000000004e-08
264	2	791	0.5115852952003479	78.0	1.0000000000000004e-08
264	3	792	0.6498098969459534	65.0	1.0000000000000004e-08
265	1	793	0.5697038173675537	72.0	1.0000000000000004e-08
265	2	794	0.4370245635509491	82.0	1.0000000000000004e-08
265	3	795	0.38241007924079895	85.0	1.0000000000000004e-08
266	1	796	0.4866432845592499	74.0	1.0000000000000004e-08
266	2	797	0.46350356936454773	84.0	1.0000000000000004e-08
266	3	798	0.5970773696899414	80.0	1.0000000000000004e-08
267	1	799	0.5773213505744934	72.0	1.0000000000000004e-08
267	2	800	0.4798876941204071	76.0	1.0000000000000004e-08
267	3	801	0.5806354284286499	60.0	1.0000000000000004e-08
268	1	802	0.5294750928878784	76.0	1.0000000000000004e-08
268	2	803	0.4537752866744995	82.0	1.0000000000000004e-08
268	3	804	0.5356231331825256	70.0	1.0000000000000004e-08
269	1	805	0.5117478370666504	64.0	1.0000000000000004e-08
269	2	806	0.46751868724823	82.0	1.0000000000000004e-08
269	3	807	0.7806748747825623	60.0	1.0000000000000004e-08
270	1	808	0.5559430718421936	78.0	1.0000000000000004e-08
270	2	809	0.49638235569000244	72.0	1.0000000000000004e-08
270	3	810	0.6497851610183716	60.0	1.0000000000000004e-08
271	1	811	0.5041168332099915	72.0	1.0000000000000004e-08
271	2	812	0.4858798086643219	84.0	1.0000000000000004e-08
271	3	813	0.42319440841674805	75.0	1.0000000000000004e-08
272	1	814	0.5263094902038574	76.0	1.0000000000000004e-08
272	2	815	0.47153857350349426	76.0	1.0000000000000004e-08
272	3	816	0.5471814870834351	80.0	1.0000000000000004e-08
273	1	817	0.5788568258285522	70.0	1.0000000000000004e-08
273	2	818	0.3809202313423157	88.0	1.0000000000000004e-08
273	3	819	0.4515565037727356	70.0	1.0000000000000004e-08
274	1	820	0.4176560938358307	82.0	1.0000000000000004e-08
274	2	821	0.5129299759864807	72.0	1.0000000000000004e-08
274	3	822	0.6898959279060364	70.0	1.0000000000000004e-08
275	1	823	0.4433204233646393	82.0	1.0000000000000004e-08
275	2	824	0.49416571855545044	76.0	1.0000000000000004e-08
275	3	825	0.3995462954044342	90.0	1.0000000000000004e-08
276	1	826	0.43544429540634155	80.0	1.0000000000000004e-08
276	2	827	0.48442092537879944	78.0	1.0000000000000004e-08
276	3	828	0.6574126482009888	75.0	1.0000000000000004e-08
277	1	829	0.5035688877105713	80.0	1.0000000000000004e-08
277	2	830	0.5130046606063843	74.0	1.0000000000000004e-08
277	3	831	0.7552874684333801	55.0	1.0000000000000004e-08
278	1	832	0.48728081583976746	88.0	1.0000000000000004e-08
278	2	833	0.46237561106681824	80.0	1.0000000000000004e-08
278	3	834	0.5657429695129395	65.0	1.0000000000000004e-08
279	1	835	0.41628575325012207	82.0	1.0000000000000004e-08
279	2	836	0.5518561601638794	76.0	1.0000000000000004e-08
279	3	837	0.667404055595398	65.0	1.0000000000000004e-08
280	1	838	0.43686971068382263	88.0	1.0000000000000004e-08
280	2	839	0.5342047214508057	66.0	1.0000000000000004e-08
280	3	840	0.6269546747207642	75.0	1.0000000000000004e-08
281	1	841	0.5236527919769287	76.0	1.0000000000000004e-08
281	2	842	0.49783480167388916	82.0	1.0000000000000004e-08
281	3	843	0.5773085355758667	70.0	1.0000000000000004e-08
282	1	844	0.549419641494751	70.0	1.0000000000000004e-08
282	2	845	0.5404719710350037	80.0	1.0000000000000004e-08
282	3	846	0.3728899359703064	85.0	1.0000000000000004e-08
283	1	847	0.5736062526702881	70.0	1.0000000000000004e-08
283	2	848	0.4506851136684418	78.0	1.0000000000000004e-08
283	3	849	0.6864737272262573	70.0	1.0000000000000004e-08
284	1	850	0.3865445852279663	90.0	1.0000000000000004e-08
284	2	851	0.5700677633285522	68.0	1.0000000000000004e-08
284	3	852	0.4516758918762207	80.0	1.0000000000000004e-08
285	1	853	0.4871644973754883	78.0	1.0000000000000004e-08
285	2	854	0.5272409915924072	74.0	1.0000000000000004e-08
285	3	855	0.5827615857124329	75.0	1.0000000000000004e-08
286	1	856	0.6495218873023987	62.0	1.0000000000000004e-08
286	2	857	0.43002480268478394	86.0	1.0000000000000004e-08
286	3	858	0.4709746837615967	65.0	1.0000000000000004e-08
287	1	859	0.45820027589797974	74.0	1.0000000000000004e-08
287	2	860	0.5388950705528259	82.0	1.0000000000000004e-08
287	3	861	0.4883672595024109	80.0	1.0000000000000004e-08
288	1	862	0.7701666951179504	58.0	1.0000000000000004e-08
288	2	863	0.5612618327140808	80.0	1.0000000000000004e-08
288	3	864	0.8414640426635742	55.0	1.0000000000000004e-08
289	1	865	0.4256194233894348	78.0	1.0000000000000004e-08
289	2	866	0.4509698450565338	78.0	1.0000000000000004e-08
289	3	867	0.5982798337936401	70.0	1.0000000000000004e-08
290	1	868	0.6303380727767944	74.0	1.0000000000000004e-08
290	2	869	0.4671008288860321	82.0	1.0000000000000004e-08
290	3	870	0.5722297430038452	75.0	1.0000000000000004e-08
291	1	871	0.4727591276168823	74.0	1.0000000000000004e-08
291	2	872	0.5042511820793152	84.0	1.0000000000000004e-08
291	3	873	0.33892783522605896	100.0	1.0000000000000004e-08
292	1	874	0.610267698764801	70.0	1.0000000000000004e-08
292	2	875	0.6440070271492004	66.0	1.0000000000000004e-08
292	3	876	0.4245808720588684	90.0	1.0000000000000004e-08
293	1	877	0.5096301436424255	80.0	1.0000000000000004e-08
293	2	878	0.48186179995536804	76.0	1.0000000000000004e-08
293	3	879	0.5449051856994629	80.0	1.0000000000000004e-08
294	1	880	0.7077825665473938	62.0	1.0000000000000004e-08
294	2	881	0.49777260422706604	78.0	1.0000000000000004e-08
294	3	882	0.5223073363304138	70.0	1.0000000000000004e-08
295	1	883	0.5167539119720459	84.0	1.0000000000000004e-08
295	2	884	0.520270049571991	76.0	1.0000000000000004e-08
295	3	885	0.43646153807640076	75.0	1.0000000000000004e-08
296	1	886	0.4975223243236542	78.0	1.0000000000000004e-08
296	2	887	0.4277205765247345	80.0	1.0000000000000004e-08
296	3	888	0.6934701204299927	55.0	1.0000000000000004e-08
297	1	889	0.5399425029754639	82.0	1.0000000000000004e-08
297	2	890	0.45933037996292114	82.0	1.0000000000000004e-08
297	3	891	0.6413262486457825	70.0	1.0000000000000004e-08
298	1	892	0.47935619950294495	80.0	1.0000000000000004e-08
298	2	893	0.4216160178184509	84.0	1.0000000000000004e-08
298	3	894	0.39134496450424194	85.0	1.0000000000000004e-08
299	1	895	0.5059894919395447	80.0	1.0000000000000004e-08
299	2	896	0.4981941282749176	74.0	1.0000000000000004e-08
299	3	897	0.6499038934707642	65.0	1.0000000000000004e-08
300	1	898	0.4922623336315155	82.0	1.0000000000000004e-08
300	2	899	0.5263507962226868	76.0	1.0000000000000004e-08
300	3	900	0.49075692892074585	75.0	1.0000000000000004e-08
301	1	901	0.4856385886669159	74.0	1.0000000000000004e-08
301	2	902	0.4682689309120178	80.0	1.0000000000000004e-08
301	3	903	0.5931721329689026	80.0	1.0000000000000004e-08
302	1	904	0.4976159334182739	78.0	1.0000000000000004e-08
302	2	905	0.45066848397254944	76.0	1.0000000000000004e-08
302	3	906	0.6886430978775024	70.0	1.0000000000000004e-08
303	1	907	0.6829760074615479	62.0	1.0000000000000004e-08
303	2	908	0.41326403617858887	82.0	1.0000000000000004e-08
303	3	909	0.46760740876197815	80.0	1.0000000000000004e-08
304	1	910	0.5224180817604065	80.0	1.0000000000000004e-08
304	2	911	0.5780850052833557	76.0	1.0000000000000004e-08
304	3	912	0.7386992573738098	55.0	1.0000000000000004e-08
305	1	913	0.5729607939720154	74.0	1.0000000000000004e-08
305	2	914	0.4575445055961609	82.0	1.0000000000000004e-08
305	3	915	0.7013683319091797	60.0	1.0000000000000004e-08
306	1	916	0.4362693130970001	80.0	1.0000000000000004e-08
306	2	917	0.5733475685119629	76.0	1.0000000000000004e-08
306	3	918	0.5259863138198853	70.0	1.0000000000000004e-08
307	1	919	0.5290793776512146	78.0	1.0000000000000004e-08
307	2	920	0.47494831681251526	82.0	1.0000000000000004e-08
307	3	921	0.5798361897468567	65.0	1.0000000000000004e-08
308	1	922	0.5015107989311218	82.0	1.0000000000000004e-08
308	2	923	0.5742563009262085	76.0	1.0000000000000004e-08
308	3	924	0.37704044580459595	85.0	1.0000000000000004e-08
309	1	925	0.467115581035614	82.0	1.0000000000000004e-08
309	2	926	0.5357061624526978	76.0	1.0000000000000004e-08
309	3	927	0.48476243019104004	80.0	1.0000000000000004e-08
310	1	928	0.49441468715667725	74.0	1.0000000000000004e-08
310	2	929	0.5194953680038452	78.0	1.0000000000000004e-08
310	3	930	0.5301603674888611	65.0	1.0000000000000004e-08
311	1	931	0.5110769271850586	78.0	1.0000000000000004e-08
311	2	932	0.5152651071548462	78.0	1.0000000000000004e-08
311	3	933	0.5408693552017212	70.0	1.0000000000000004e-08
312	1	934	0.4404112696647644	78.0	1.0000000000000004e-08
312	2	935	0.5533126592636108	72.0	1.0000000000000004e-08
312	3	936	0.444967120885849	85.0	1.0000000000000004e-08
313	1	937	0.4635471999645233	82.0	1.0000000000000004e-08
313	2	938	0.48348286747932434	80.0	1.0000000000000004e-08
313	3	939	0.44814079999923706	80.0	1.0000000000000004e-08
314	1	940	0.5290308594703674	70.0	1.0000000000000004e-08
314	2	941	0.5209289193153381	76.0	1.0000000000000004e-08
314	3	942	0.5824062824249268	65.0	1.0000000000000004e-08
315	1	943	0.6178101897239685	70.0	1.0000000000000004e-08
315	2	944	0.521598219871521	78.0	1.0000000000000004e-08
315	3	945	0.5227668285369873	85.0	1.0000000000000004e-08
316	1	946	0.46233662962913513	74.0	1.0000000000000004e-08
316	2	947	0.5621302127838135	76.0	1.0000000000000004e-08
316	3	948	0.38671520352363586	85.0	1.0000000000000004e-08
317	1	949	0.5035818815231323	78.0	1.0000000000000004e-08
317	2	950	0.47407233715057373	78.0	1.0000000000000004e-08
317	3	951	0.8905196189880371	70.0	1.0000000000000004e-08
318	1	952	0.5416355729103088	76.0	1.0000000000000004e-08
318	2	953	0.4284011125564575	86.0	1.0000000000000004e-08
318	3	954	0.3547520041465759	85.0	1.0000000000000004e-08
319	1	955	0.5285151600837708	78.0	1.0000000000000004e-08
319	2	956	0.6194058060646057	64.0	1.0000000000000004e-08
319	3	957	0.3858281373977661	85.0	1.0000000000000004e-08
320	1	958	0.43548843264579773	80.0	1.0000000000000004e-08
320	2	959	0.48529052734375	80.0	1.0000000000000004e-08
320	3	960	0.46211329102516174	85.0	1.0000000000000004e-08
321	1	961	0.5615298748016357	74.0	1.0000000000000004e-08
321	2	962	0.4948525130748749	76.0	1.0000000000000004e-08
321	3	963	0.8840316534042358	45.0	1.0000000000000004e-08
322	1	964	0.4122997522354126	90.0	1.0000000000000004e-08
322	2	965	0.441721647977829	82.0	1.0000000000000004e-08
322	3	966	0.7059201002120972	65.0	1.0000000000000004e-08
323	1	967	0.5694164037704468	74.0	1.0000000000000004e-08
323	2	968	0.506782054901123	74.0	1.0000000000000004e-08
323	3	969	0.4093281626701355	75.0	1.0000000000000004e-08
324	1	970	0.6438149213790894	70.0	1.0000000000000004e-08
324	2	971	0.4723040461540222	80.0	1.0000000000000004e-08
324	3	972	0.593205451965332	65.0	1.0000000000000004e-08
325	1	973	0.5223066806793213	76.0	1.0000000000000004e-08
325	2	974	0.4485132694244385	76.0	1.0000000000000004e-08
325	3	975	0.6661621928215027	75.0	1.0000000000000004e-08
326	1	976	0.49036702513694763	82.0	1.0000000000000004e-08
326	2	977	0.4365869462490082	84.0	1.0000000000000004e-08
326	3	978	0.5725829601287842	65.0	1.0000000000000004e-08
327	1	979	0.5541900992393494	76.0	1.0000000000000004e-08
327	2	980	0.5323281288146973	78.0	1.0000000000000004e-08
327	3	981	0.32704001665115356	90.0	1.0000000000000004e-08
328	1	982	0.5580025315284729	70.0	1.0000000000000004e-08
328	2	983	0.566508412361145	76.0	1.0000000000000004e-08
328	3	984	0.34096425771713257	95.0	1.0000000000000004e-08
329	1	985	0.5425810217857361	72.0	1.0000000000000004e-08
329	2	986	0.4348662197589874	86.0	1.0000000000000004e-08
329	3	987	0.4596652388572693	70.0	1.0000000000000004e-08
330	1	988	0.522317111492157	76.0	1.0000000000000004e-08
330	2	989	0.5140605568885803	74.0	1.0000000000000004e-08
330	3	990	0.358245313167572	80.0	1.0000000000000004e-08
331	1	991	0.5129704475402832	70.0	1.0000000000000004e-08
331	2	992	0.5747857689857483	76.0	1.0000000000000004e-08
331	3	993	0.6645190715789795	70.0	1.0000000000000004e-08
332	1	994	0.5753610730171204	74.0	1.0000000000000004e-08
332	2	995	0.46842628717422485	84.0	1.0000000000000004e-08
332	3	996	0.6285394430160522	70.0	1.0000000000000004e-08
333	1	997	0.42365002632141113	76.0	1.0000000000000004e-08
333	2	998	0.45920315384864807	82.0	1.0000000000000004e-08
333	3	999	0.7805669903755188	55.0	1.0000000000000004e-08
334	1	1000	0.4040457606315613	82.0	1.0000000000000004e-08
334	2	1001	0.4916715621948242	76.0	1.0000000000000004e-08
334	3	1002	0.8218520879745483	60.0	1.0000000000000004e-08
335	1	1003	0.5217691659927368	78.0	1.0000000000000004e-08
335	2	1004	0.4470566213130951	84.0	1.0000000000000004e-08
335	3	1005	0.6077779531478882	70.0	1.0000000000000004e-08
336	1	1006	0.5645381808280945	74.0	1.0000000000000004e-08
336	2	1007	0.5608940124511719	70.0	1.0000000000000004e-08
336	3	1008	0.3388309180736542	90.0	1.0000000000000004e-08
337	1	1009	0.597545325756073	72.0	1.0000000000000004e-08
337	2	1010	0.4305952787399292	86.0	1.0000000000000004e-08
337	3	1011	0.4281424880027771	80.0	1.0000000000000004e-08
338	1	1012	0.5090760588645935	76.0	1.0000000000000004e-08
338	2	1013	0.5212936997413635	76.0	1.0000000000000004e-08
338	3	1014	0.4819698929786682	90.0	1.0000000000000004e-08
339	1	1015	0.4887406826019287	78.0	1.0000000000000004e-08
339	2	1016	0.4673282504081726	80.0	1.0000000000000004e-08
339	3	1017	0.4863514006137848	80.0	1.0000000000000004e-08
340	1	1018	0.5475164651870728	76.0	1.0000000000000004e-08
340	2	1019	0.5586673617362976	68.0	1.0000000000000004e-08
340	3	1020	0.4637467861175537	70.0	1.0000000000000004e-08
341	1	1021	0.5645079612731934	74.0	1.0000000000000004e-08
341	2	1022	0.4181334972381592	82.0	1.0000000000000004e-08
341	3	1023	0.505306601524353	70.0	1.0000000000000004e-08
342	1	1024	0.5291283130645752	74.0	1.0000000000000004e-08
342	2	1025	0.46920767426490784	84.0	1.0000000000000004e-08
342	3	1026	0.3989710807800293	90.0	1.0000000000000004e-08
343	1	1027	0.4496016204357147	78.0	1.0000000000000004e-08
343	2	1028	0.5116192102432251	84.0	1.0000000000000004e-08
343	3	1029	0.5190408229827881	80.0	1.0000000000000004e-08
344	1	1030	0.5339469313621521	74.0	1.0000000000000004e-08
344	2	1031	0.46933308243751526	78.0	1.0000000000000004e-08
344	3	1032	0.38125959038734436	85.0	1.0000000000000004e-08
345	1	1033	0.505605936050415	72.0	1.0000000000000004e-08
345	2	1034	0.5878345370292664	78.0	1.0000000000000004e-08
345	3	1035	0.4962092339992523	75.0	1.0000000000000004e-08
346	1	1036	0.4551868438720703	74.0	1.0000000000000004e-08
346	2	1037	0.7453168630599976	62.0	1.0000000000000004e-08
346	3	1038	0.5156044363975525	80.0	1.0000000000000004e-08
347	1	1039	0.6036970019340515	70.0	1.0000000000000004e-08
347	2	1040	0.44909897446632385	78.0	1.0000000000000004e-08
347	3	1041	0.4956439435482025	75.0	1.0000000000000004e-08
348	1	1042	0.5641843676567078	76.0	1.0000000000000004e-08
348	2	1043	0.469595730304718	78.0	1.0000000000000004e-08
348	3	1044	0.4815012514591217	85.0	1.0000000000000004e-08
349	1	1045	0.479644775390625	80.0	1.0000000000000004e-08
349	2	1046	0.5189618468284607	76.0	1.0000000000000004e-08
349	3	1047	0.6670163869857788	60.0	1.0000000000000004e-08
350	1	1048	0.4758581519126892	82.0	1.0000000000000004e-08
350	2	1049	0.5006251335144043	80.0	1.0000000000000004e-08
350	3	1050	0.40572109818458557	85.0	1.0000000000000004e-08
351	1	1051	0.5175244808197021	72.0	1.0000000000000004e-08
351	2	1052	0.4607565402984619	78.0	1.0000000000000004e-08
351	3	1053	0.4381865859031677	85.0	1.0000000000000004e-08
352	1	1054	0.5495941042900085	70.0	1.0000000000000004e-08
352	2	1055	0.4849388599395752	80.0	1.0000000000000004e-08
352	3	1056	0.38190126419067383	80.0	1.0000000000000004e-08
353	1	1057	0.4800792634487152	80.0	1.0000000000000004e-08
353	2	1058	0.560741662979126	74.0	1.0000000000000004e-08
353	3	1059	0.4933711886405945	80.0	1.0000000000000004e-08
354	1	1060	0.5599641799926758	70.0	1.0000000000000004e-08
354	2	1061	0.4532215893268585	78.0	1.0000000000000004e-08
354	3	1062	0.8965032696723938	45.0	1.0000000000000004e-08
355	1	1063	0.5372493863105774	76.0	1.0000000000000004e-08
355	2	1064	0.46100348234176636	86.0	1.0000000000000004e-08
355	3	1065	0.5028305053710938	80.0	1.0000000000000004e-08
356	1	1066	0.4958542287349701	86.0	1.0000000000000004e-08
356	2	1067	0.41890814900398254	84.0	1.0000000000000004e-08
356	3	1068	1.033276081085205	60.0	1.0000000000000004e-08
357	1	1069	0.5414737462997437	70.0	1.0000000000000004e-08
357	2	1070	0.6281211972236633	70.0	1.0000000000000004e-08
357	3	1071	0.4659704267978668	75.0	1.0000000000000004e-08
358	1	1072	0.6378076076507568	60.0	1.0000000000000004e-08
358	2	1073	0.5307320952415466	78.0	1.0000000000000004e-08
358	3	1074	0.4488426148891449	75.0	1.0000000000000004e-08
359	1	1075	0.5268380045890808	74.0	1.0000000000000004e-08
359	2	1076	0.5505142211914062	78.0	1.0000000000000004e-08
359	3	1077	0.5724257230758667	70.0	1.0000000000000004e-08
360	1	1078	0.5571865439414978	76.0	1.0000000000000004e-08
360	2	1079	0.4085715413093567	82.0	1.0000000000000004e-08
360	3	1080	0.5658624172210693	75.0	1.0000000000000004e-08
361	1	1081	0.5231204032897949	80.0	1.0000000000000004e-08
361	2	1082	0.520589292049408	76.0	1.0000000000000004e-08
361	3	1083	0.6153378486633301	80.0	1.0000000000000004e-08
362	1	1084	0.5925093293190002	74.0	1.0000000000000004e-08
362	2	1085	0.5001794695854187	78.0	1.0000000000000004e-08
362	3	1086	0.5488294363021851	80.0	1.0000000000000004e-08
363	1	1087	0.5429956912994385	68.0	1.0000000000000004e-08
363	2	1088	0.7105813026428223	64.0	1.0000000000000004e-08
363	3	1089	0.6011719107627869	75.0	1.0000000000000004e-08
364	1	1090	0.5334048271179199	82.0	1.0000000000000004e-08
364	2	1091	0.42529600858688354	82.0	1.0000000000000004e-08
364	3	1092	0.49288493394851685	75.0	1.0000000000000004e-08
365	1	1093	0.4492415189743042	74.0	1.0000000000000004e-08
365	2	1094	0.5538825392723083	70.0	1.0000000000000004e-08
365	3	1095	0.6488943099975586	75.0	1.0000000000000004e-08
366	1	1096	0.4522119462490082	78.0	1.0000000000000004e-08
366	2	1097	0.5546250343322754	74.0	1.0000000000000004e-08
366	3	1098	0.6200860738754272	75.0	1.0000000000000004e-08
367	1	1099	0.5092258453369141	78.0	1.0000000000000004e-08
367	2	1100	0.3808295428752899	80.0	1.0000000000000004e-08
367	3	1101	0.721726655960083	70.0	1.0000000000000004e-08
368	1	1102	0.5243672728538513	78.0	1.0000000000000004e-08
368	2	1103	0.43327462673187256	86.0	1.0000000000000004e-08
368	3	1104	0.3655107617378235	75.0	1.0000000000000004e-08
369	1	1105	0.5246645212173462	78.0	1.0000000000000004e-08
369	2	1106	0.46795082092285156	84.0	1.0000000000000004e-08
369	3	1107	0.6241735219955444	70.0	1.0000000000000004e-08
370	1	1108	0.5267715454101562	80.0	1.0000000000000004e-08
370	2	1109	0.4650017023086548	84.0	1.0000000000000004e-08
370	3	1110	0.41937366127967834	90.0	1.0000000000000004e-08
371	1	1111	0.5142191052436829	76.0	1.0000000000000004e-08
371	2	1112	0.5441192984580994	76.0	1.0000000000000004e-08
371	3	1113	0.3933928906917572	90.0	1.0000000000000004e-08
372	1	1114	0.5294986367225647	76.0	1.0000000000000004e-08
372	2	1115	0.4266660213470459	80.0	1.0000000000000004e-08
372	3	1116	0.7502666115760803	70.0	1.0000000000000004e-08
373	1	1117	0.4976103901863098	82.0	1.0000000000000004e-08
373	2	1118	0.43708252906799316	80.0	1.0000000000000004e-08
373	3	1119	0.5360323190689087	80.0	1.0000000000000004e-08
374	1	1120	0.4891231656074524	90.0	1.0000000000000004e-08
374	2	1121	0.7192463874816895	62.0	1.0000000000000004e-08
374	3	1122	0.46743243932724	85.0	1.0000000000000004e-08
375	1	1123	0.4154658615589142	82.0	1.0000000000000004e-08
375	2	1124	0.5351895689964294	78.0	1.0000000000000004e-08
375	3	1125	0.45166015625	80.0	1.0000000000000004e-08
376	1	1126	0.5224955081939697	70.0	1.0000000000000004e-08
376	2	1127	0.45476844906806946	82.0	1.0000000000000004e-08
376	3	1128	0.4539950489997864	90.0	1.0000000000000004e-08
377	1	1129	0.3828728497028351	82.0	1.0000000000000004e-08
377	2	1130	0.5001493096351624	84.0	1.0000000000000004e-08
377	3	1131	0.728847861289978	60.0	1.0000000000000004e-08
378	1	1132	0.49681663513183594	78.0	1.0000000000000004e-08
378	2	1133	0.4613599479198456	80.0	1.0000000000000004e-08
378	3	1134	0.6431291103363037	75.0	1.0000000000000004e-08
379	1	1135	0.4720921218395233	78.0	1.0000000000000004e-08
379	2	1136	0.524851381778717	76.0	1.0000000000000004e-08
379	3	1137	0.5323874354362488	75.0	1.0000000000000004e-08
380	1	1138	0.6299217343330383	72.0	1.0000000000000004e-08
380	2	1139	0.3772108852863312	86.0	1.0000000000000004e-08
380	3	1140	0.47692400217056274	80.0	1.0000000000000004e-08
381	1	1141	0.4830893278121948	74.0	1.0000000000000004e-08
381	2	1142	0.4769371747970581	78.0	1.0000000000000004e-08
381	3	1143	0.5318605303764343	70.0	1.0000000000000004e-08
382	1	1144	0.4569554030895233	76.0	1.0000000000000004e-08
382	2	1145	0.5158879160881042	72.0	1.0000000000000004e-08
382	3	1146	0.513852596282959	85.0	1.0000000000000004e-08
383	1	1147	0.4281372129917145	82.0	1.0000000000000004e-08
383	2	1148	0.5268367528915405	72.0	1.0000000000000004e-08
383	3	1149	0.502326488494873	75.0	1.0000000000000004e-08
384	1	1150	0.5997003316879272	78.0	1.0000000000000004e-08
384	2	1151	0.4439438283443451	76.0	1.0000000000000004e-08
384	3	1152	0.4065360426902771	85.0	1.0000000000000004e-08
385	1	1153	0.5474750399589539	70.0	1.0000000000000004e-08
385	2	1154	0.5118960738182068	80.0	1.0000000000000004e-08
385	3	1155	0.489554226398468	80.0	1.0000000000000004e-08
386	1	1156	0.417695015668869	82.0	1.0000000000000004e-08
386	2	1157	0.6133589148521423	64.0	1.0000000000000004e-08
386	3	1158	0.5356172323226929	85.0	1.0000000000000004e-08
387	1	1159	0.5394931435585022	76.0	1.0000000000000004e-08
387	2	1160	0.4766867756843567	78.0	1.0000000000000004e-08
387	3	1161	0.4138529896736145	90.0	1.0000000000000004e-08
388	1	1162	0.5307600498199463	74.0	1.0000000000000004e-08
388	2	1163	0.42341628670692444	86.0	1.0000000000000004e-08
388	3	1164	0.426852285861969	90.0	1.0000000000000004e-08
389	1	1165	0.5410021543502808	72.0	1.0000000000000004e-08
389	2	1166	0.5455955862998962	82.0	1.0000000000000004e-08
389	3	1167	0.4178133010864258	85.0	1.0000000000000004e-08
390	1	1168	0.5695312023162842	76.0	1.0000000000000004e-08
390	2	1169	0.39681556820869446	80.0	1.0000000000000004e-08
390	3	1170	0.5813108682632446	75.0	1.0000000000000004e-08
391	1	1171	0.4961966276168823	74.0	1.0000000000000004e-08
391	2	1172	0.5024591684341431	78.0	1.0000000000000004e-08
391	3	1173	0.609163761138916	60.0	1.0000000000000004e-08
392	1	1174	0.4921538829803467	74.0	1.0000000000000004e-08
392	2	1175	0.6083648204803467	72.0	1.0000000000000004e-08
392	3	1176	0.4225734770298004	85.0	1.0000000000000004e-08
393	1	1177	0.555479109287262	74.0	1.0000000000000004e-08
393	2	1178	0.4899752736091614	78.0	1.0000000000000004e-08
393	3	1179	0.46982526779174805	70.0	1.0000000000000004e-08
394	1	1180	0.5043140649795532	78.0	1.0000000000000004e-08
394	2	1181	0.46436020731925964	84.0	1.0000000000000004e-08
394	3	1182	0.8104775547981262	55.0	1.0000000000000004e-08
395	1	1183	0.5558302402496338	78.0	1.0000000000000004e-08
395	2	1184	0.4329676032066345	86.0	1.0000000000000004e-08
395	3	1185	0.5926701426506042	65.0	1.0000000000000004e-08
396	1	1186	0.49454018473625183	84.0	1.0000000000000004e-08
396	2	1187	0.48611801862716675	80.0	1.0000000000000004e-08
396	3	1188	0.8245475888252258	55.0	1.0000000000000004e-08
397	1	1189	0.4583320617675781	82.0	1.0000000000000004e-08
397	2	1190	0.469523549079895	76.0	1.0000000000000004e-08
397	3	1191	0.5559103488922119	85.0	1.0000000000000004e-08
398	1	1192	0.4878173768520355	88.0	1.0000000000000004e-08
398	2	1193	0.4035593271255493	88.0	1.0000000000000004e-08
398	3	1194	0.7174853086471558	60.0	1.0000000000000004e-08
399	1	1195	0.48586058616638184	84.0	1.0000000000000004e-08
399	2	1196	0.41427165269851685	84.0	1.0000000000000004e-08
399	3	1197	0.36998647451400757	85.0	1.0000000000000004e-08
400	1	1198	0.4639931917190552	82.0	1.0000000000000004e-08
400	2	1199	0.4500000476837158	84.0	1.0000000000000004e-08
400	3	1200	0.6072897911071777	65.0	1.0000000000000004e-08
401	1	1201	0.5421636700630188	68.0	1.0000000000000004e-08
401	2	1202	0.5350740551948547	86.0	1.0000000000000004e-08
401	3	1203	0.556499183177948	70.0	1.0000000000000004e-08
402	1	1204	0.47052833437919617	74.0	1.0000000000000004e-08
402	2	1205	0.47213634848594666	78.0	1.0000000000000004e-08
402	3	1206	0.5065751671791077	75.0	1.0000000000000004e-08
403	1	1207	0.4771369695663452	80.0	1.0000000000000004e-08
403	2	1208	0.47578898072242737	78.0	1.0000000000000004e-08
403	3	1209	0.5440069437026978	65.0	1.0000000000000004e-08
404	1	1210	0.504202663898468	78.0	1.0000000000000004e-08
404	2	1211	0.5728774070739746	70.0	1.0000000000000004e-08
404	3	1212	0.43754512071609497	85.0	1.0000000000000004e-08
405	1	1213	0.4369599223136902	84.0	1.0000000000000004e-08
405	2	1214	0.5247791409492493	82.0	1.0000000000000004e-08
405	3	1215	0.7340862154960632	65.0	1.0000000000000004e-08
406	1	1216	0.5655969381332397	70.0	1.0000000000000004e-08
406	2	1217	0.47540146112442017	80.0	1.0000000000000004e-08
406	3	1218	0.5516967177391052	65.0	1.0000000000000004e-08
407	1	1219	0.3445638418197632	86.0	1.0000000000000004e-08
407	2	1220	0.5660616159439087	72.0	1.0000000000000004e-08
407	3	1221	0.6723343133926392	60.0	1.0000000000000004e-08
408	1	1222	0.4154769778251648	78.0	1.0000000000000004e-08
408	2	1223	0.6045850515365601	70.0	1.0000000000000004e-08
408	3	1224	0.625823974609375	75.0	1.0000000000000004e-08
409	1	1225	0.37067681550979614	84.0	1.0000000000000004e-08
409	2	1226	0.46741268038749695	74.0	1.0000000000000004e-08
409	3	1227	1.0651071071624756	55.0	1.0000000000000004e-08
410	1	1228	0.5370380878448486	72.0	1.0000000000000004e-08
410	2	1229	0.5679211616516113	70.0	1.0000000000000004e-08
410	3	1230	0.6992396116256714	65.0	1.0000000000000004e-08
411	1	1231	0.48360297083854675	78.0	1.0000000000000004e-08
411	2	1232	0.46361595392227173	80.0	1.0000000000000004e-08
411	3	1233	0.5581715703010559	70.0	1.0000000000000004e-08
412	1	1234	0.47585853934288025	80.0	1.0000000000000004e-08
412	2	1235	0.5884316563606262	74.0	1.0000000000000004e-08
412	3	1236	0.43844905495643616	70.0	1.0000000000000004e-08
413	1	1237	0.4513400197029114	80.0	1.0000000000000004e-08
413	2	1238	0.43612420558929443	82.0	1.0000000000000004e-08
413	3	1239	0.6396917104721069	70.0	1.0000000000000004e-08
414	1	1240	0.47469156980514526	78.0	1.0000000000000004e-08
414	2	1241	0.5062779188156128	76.0	1.0000000000000004e-08
414	3	1242	0.49871936440467834	85.0	1.0000000000000004e-08
415	1	1243	0.5950900316238403	66.0	1.0000000000000004e-08
415	2	1244	0.4642076790332794	84.0	1.0000000000000004e-08
415	3	1245	0.4397962689399719	80.0	1.0000000000000004e-08
416	1	1246	0.5856516361236572	74.0	1.0000000000000004e-08
416	2	1247	0.463431179523468	82.0	1.0000000000000004e-08
416	3	1248	0.5722483396530151	70.0	1.0000000000000004e-08
417	1	1249	0.5598288178443909	70.0	1.0000000000000004e-08
417	2	1250	0.5456357002258301	70.0	1.0000000000000004e-08
417	3	1251	0.5346212387084961	75.0	1.0000000000000004e-08
418	1	1252	0.4671390652656555	80.0	1.0000000000000004e-08
418	2	1253	0.5366256237030029	72.0	1.0000000000000004e-08
418	3	1254	0.3613433837890625	85.0	1.0000000000000004e-08
419	1	1255	0.5014514327049255	74.0	1.0000000000000004e-08
419	2	1256	0.4802477955818176	76.0	1.0000000000000004e-08
419	3	1257	0.7764369249343872	60.0	1.0000000000000004e-08
420	1	1258	0.4470410943031311	74.0	1.0000000000000004e-08
420	2	1259	0.4639746844768524	82.0	1.0000000000000004e-08
420	3	1260	0.41706323623657227	80.0	1.0000000000000004e-08
421	1	1261	0.531542181968689	82.0	1.0000000000000004e-08
421	2	1262	0.44746285676956177	74.0	1.0000000000000004e-08
421	3	1263	0.41583767533302307	90.0	1.0000000000000004e-08
422	1	1264	0.4688330888748169	84.0	1.0000000000000004e-08
422	2	1265	0.4247030019760132	82.0	1.0000000000000004e-08
422	3	1266	0.49243560433387756	75.0	1.0000000000000004e-08
423	1	1267	0.4528086185455322	76.0	1.0000000000000004e-08
423	2	1268	0.5003420114517212	78.0	1.0000000000000004e-08
423	3	1269	0.4325332045555115	85.0	1.0000000000000004e-08
424	1	1270	0.426683247089386	90.0	1.0000000000000004e-08
424	2	1271	0.5043454766273499	74.0	1.0000000000000004e-08
424	3	1272	0.4868438243865967	80.0	1.0000000000000004e-08
425	1	1273	0.4329010248184204	80.0	1.0000000000000004e-08
425	2	1274	0.5284351110458374	72.0	1.0000000000000004e-08
425	3	1275	0.39941856265068054	85.0	1.0000000000000004e-08
426	1	1276	0.5567713379859924	70.0	1.0000000000000004e-08
426	2	1277	0.48682788014411926	90.0	1.0000000000000004e-08
426	3	1278	0.4983300268650055	85.0	1.0000000000000004e-08
427	1	1279	0.47419747710227966	80.0	1.0000000000000004e-08
427	2	1280	0.47402235865592957	78.0	1.0000000000000004e-08
427	3	1281	0.6703152060508728	70.0	1.0000000000000004e-08
428	1	1282	0.5164861083030701	76.0	1.0000000000000004e-08
428	2	1283	0.4456183910369873	82.0	1.0000000000000004e-08
428	3	1284	0.48004165291786194	80.0	1.0000000000000004e-08
429	1	1285	0.4875180721282959	80.0	1.0000000000000004e-08
429	2	1286	0.4060702621936798	80.0	1.0000000000000004e-08
429	3	1287	0.5877108573913574	75.0	1.0000000000000004e-08
430	1	1288	0.522065281867981	78.0	1.0000000000000004e-08
430	2	1289	0.48591679334640503	76.0	1.0000000000000004e-08
430	3	1290	0.5350744128227234	85.0	1.0000000000000004e-08
431	1	1291	0.5828856825828552	72.0	1.0000000000000004e-08
431	2	1292	0.5876765251159668	76.0	1.0000000000000004e-08
431	3	1293	0.4116155207157135	85.0	1.0000000000000004e-08
432	1	1294	0.4276483654975891	80.0	1.0000000000000004e-08
432	2	1295	0.5359492301940918	74.0	1.0000000000000004e-08
432	3	1296	0.3954165577888489	80.0	1.0000000000000004e-08
433	1	1297	0.5971131324768066	70.0	1.0000000000000004e-08
433	2	1298	0.35969752073287964	82.0	1.0000000000000004e-08
433	3	1299	0.9671189188957214	50.0	1.0000000000000004e-08
434	1	1300	0.518145740032196	76.0	1.0000000000000004e-08
434	2	1301	0.5560308694839478	78.0	1.0000000000000004e-08
434	3	1302	0.5978149175643921	70.0	1.0000000000000004e-08
435	1	1303	0.4937809109687805	78.0	1.0000000000000004e-08
435	2	1304	0.4946783185005188	78.0	1.0000000000000004e-08
435	3	1305	0.5716560482978821	70.0	1.0000000000000004e-08
436	1	1306	0.4772668480873108	76.0	1.0000000000000004e-08
436	2	1307	0.6317912936210632	68.0	1.0000000000000004e-08
436	3	1308	0.4593172073364258	75.0	1.0000000000000004e-08
437	1	1309	0.43479669094085693	82.0	1.0000000000000004e-08
437	2	1310	0.5529073476791382	70.0	1.0000000000000004e-08
437	3	1311	0.93016517162323	55.0	1.0000000000000004e-08
438	1	1312	0.5936695337295532	70.0	1.0000000000000004e-08
438	2	1313	0.3799811601638794	86.0	1.0000000000000004e-08
438	3	1314	0.4718462824821472	80.0	1.0000000000000004e-08
439	1	1315	0.4135495722293854	82.0	1.0000000000000004e-08
439	2	1316	0.7240754961967468	62.0	1.0000000000000004e-08
439	3	1317	0.5468661189079285	75.0	1.0000000000000004e-08
440	1	1318	0.47448045015335083	82.0	1.0000000000000004e-08
440	2	1319	0.5396143794059753	74.0	1.0000000000000004e-08
440	3	1320	0.5650867223739624	70.0	1.0000000000000004e-08
441	1	1321	0.428181916475296	90.0	1.0000000000000004e-08
441	2	1322	0.5302962064743042	72.0	1.0000000000000004e-08
441	3	1323	0.49134525656700134	85.0	1.0000000000000004e-08
442	1	1324	0.5024133324623108	78.0	1.0000000000000004e-08
442	2	1325	0.5284125208854675	78.0	1.0000000000000004e-08
442	3	1326	0.5674721002578735	70.0	1.0000000000000004e-08
443	1	1327	0.5335148572921753	70.0	1.0000000000000004e-08
443	2	1328	0.4322058856487274	86.0	1.0000000000000004e-08
443	3	1329	0.4093674123287201	75.0	1.0000000000000004e-08
444	1	1330	0.5497123003005981	76.0	1.0000000000000004e-08
444	2	1331	0.4908042550086975	78.0	1.0000000000000004e-08
444	3	1332	0.6891597509384155	75.0	1.0000000000000004e-08
445	1	1333	0.5632649064064026	78.0	1.0000000000000004e-08
445	2	1334	0.44594642519950867	86.0	1.0000000000000004e-08
445	3	1335	0.38292187452316284	80.0	1.0000000000000004e-08
446	1	1336	0.6229281425476074	74.0	1.0000000000000004e-08
446	2	1337	0.4277571141719818	82.0	1.0000000000000004e-08
446	3	1338	0.47209349274635315	75.0	1.0000000000000004e-08
447	1	1339	0.4945051074028015	76.0	1.0000000000000004e-08
447	2	1340	0.38394126296043396	88.0	1.0000000000000004e-08
447	3	1341	0.483328640460968	75.0	1.0000000000000004e-08
448	1	1342	0.6477977633476257	70.0	1.0000000000000004e-08
448	2	1343	0.39319854974746704	88.0	1.0000000000000004e-08
448	3	1344	0.5694763660430908	65.0	1.0000000000000004e-08
449	1	1345	0.48947203159332275	72.0	1.0000000000000004e-08
449	2	1346	0.48249030113220215	82.0	1.0000000000000004e-08
449	3	1347	0.5071433782577515	80.0	1.0000000000000004e-08
450	1	1348	0.49201759696006775	86.0	1.0000000000000004e-08
450	2	1349	0.47577574849128723	78.0	1.0000000000000004e-08
450	3	1350	0.45566147565841675	80.0	1.0000000000000004e-08
451	1	1351	0.5667513012886047	78.0	1.0000000000000004e-08
451	2	1352	0.4483310282230377	82.0	1.0000000000000004e-08
451	3	1353	0.4702705442905426	75.0	1.0000000000000004e-08
452	1	1354	0.4971647560596466	84.0	1.0000000000000004e-08
452	2	1355	0.431987464427948	86.0	1.0000000000000004e-08
452	3	1356	0.49577540159225464	75.0	1.0000000000000004e-08
453	1	1357	0.46352654695510864	84.0	1.0000000000000004e-08
453	2	1358	0.48706161975860596	82.0	1.0000000000000004e-08
453	3	1359	0.5101452469825745	65.0	1.0000000000000004e-08
454	1	1360	0.6511951684951782	70.0	1.0000000000000004e-08
454	2	1361	0.4110059440135956	78.0	1.0000000000000004e-08
454	3	1362	0.39435431361198425	90.0	1.0000000000000004e-08
455	1	1363	0.39122024178504944	86.0	1.0000000000000004e-08
455	2	1364	0.5368209481239319	76.0	1.0000000000000004e-08
455	3	1365	0.6091808080673218	65.0	1.0000000000000004e-08
456	1	1366	0.5242788791656494	78.0	1.0000000000000004e-08
456	2	1367	0.42359307408332825	80.0	1.0000000000000004e-08
456	3	1368	0.6737065315246582	55.0	1.0000000000000004e-08
457	1	1369	0.46544739603996277	82.0	1.0000000000000004e-08
457	2	1370	0.4814181625843048	84.0	1.0000000000000004e-08
457	3	1371	0.5021665692329407	70.0	1.0000000000000004e-08
458	1	1372	0.5630882978439331	68.0	1.0000000000000004e-08
458	2	1373	0.5287497043609619	72.0	1.0000000000000004e-08
458	3	1374	0.6291714310646057	60.0	1.0000000000000004e-08
459	1	1375	0.5480732917785645	74.0	1.0000000000000004e-08
459	2	1376	0.5366883277893066	78.0	1.0000000000000004e-08
459	3	1377	0.5876170992851257	70.0	1.0000000000000004e-08
460	1	1378	0.46466773748397827	84.0	1.0000000000000004e-08
460	2	1379	0.5107812285423279	74.0	1.0000000000000004e-08
460	3	1380	0.42959079146385193	80.0	1.0000000000000004e-08
461	1	1381	0.5137560963630676	70.0	1.0000000000000004e-08
461	2	1382	0.6033946871757507	68.0	1.0000000000000004e-08
461	3	1383	0.4537319242954254	75.0	1.0000000000000004e-08
462	1	1384	0.5151889324188232	84.0	1.0000000000000004e-08
462	2	1385	0.4917216897010803	78.0	1.0000000000000004e-08
462	3	1386	0.3925975561141968	80.0	1.0000000000000004e-08
463	1	1387	0.4603186547756195	76.0	1.0000000000000004e-08
463	2	1388	0.45997297763824463	76.0	1.0000000000000004e-08
463	3	1389	0.5550287961959839	80.0	1.0000000000000004e-08
464	1	1390	0.46019265055656433	82.0	1.0000000000000004e-08
464	2	1391	0.48778122663497925	78.0	1.0000000000000004e-08
464	3	1392	0.5561403036117554	65.0	1.0000000000000004e-08
465	1	1393	0.45011618733406067	80.0	1.0000000000000004e-08
465	2	1394	0.49356865882873535	88.0	1.0000000000000004e-08
465	3	1395	0.5893265604972839	70.0	1.0000000000000004e-08
466	1	1396	0.41960135102272034	84.0	1.0000000000000004e-08
466	2	1397	0.5458743572235107	76.0	1.0000000000000004e-08
466	3	1398	0.4622870087623596	75.0	1.0000000000000004e-08
467	1	1399	0.45736759901046753	80.0	1.0000000000000004e-08
467	2	1400	0.566129207611084	74.0	1.0000000000000004e-08
467	3	1401	0.40016278624534607	85.0	1.0000000000000004e-08
468	1	1402	0.4776657521724701	84.0	1.0000000000000004e-08
468	2	1403	0.4385778307914734	88.0	1.0000000000000004e-08
468	3	1404	0.8496483564376831	60.0	1.0000000000000004e-08
469	1	1405	0.44340625405311584	80.0	1.0000000000000004e-08
469	2	1406	0.4688534438610077	78.0	1.0000000000000004e-08
469	3	1407	0.41500234603881836	85.0	1.0000000000000004e-08
470	1	1408	0.4553718566894531	82.0	1.0000000000000004e-08
470	2	1409	0.5074911117553711	74.0	1.0000000000000004e-08
470	3	1410	0.872916042804718	50.0	1.0000000000000004e-08
471	1	1411	0.5110830068588257	74.0	1.0000000000000004e-08
471	2	1412	0.4967705011367798	82.0	1.0000000000000004e-08
471	3	1413	0.6313970685005188	70.0	1.0000000000000004e-08
472	1	1414	0.5125959515571594	76.0	1.0000000000000004e-08
472	2	1415	0.5915691256523132	72.0	1.0000000000000004e-08
472	3	1416	0.47007232904434204	80.0	1.0000000000000004e-08
473	1	1417	0.46755531430244446	80.0	1.0000000000000004e-08
473	2	1418	0.4963536858558655	76.0	1.0000000000000004e-08
473	3	1419	0.593218207359314	75.0	1.0000000000000004e-08
474	1	1420	0.6517894268035889	62.0	1.0000000000000004e-08
474	2	1421	0.4482596516609192	78.0	1.0000000000000004e-08
474	3	1422	0.4653720259666443	85.0	1.0000000000000004e-08
475	1	1423	0.5151878595352173	78.0	1.0000000000000004e-08
475	2	1424	0.5198683738708496	78.0	1.0000000000000004e-08
475	3	1425	0.46647149324417114	75.0	1.0000000000000004e-08
476	1	1426	0.6305305361747742	70.0	1.0000000000000004e-08
476	2	1427	0.5281731486320496	74.0	1.0000000000000004e-08
476	3	1428	0.3873453140258789	85.0	1.0000000000000004e-08
477	1	1429	0.4555206000804901	82.0	1.0000000000000004e-08
477	2	1430	0.5221399664878845	82.0	1.0000000000000004e-08
477	3	1431	0.5005235075950623	80.0	1.0000000000000004e-08
478	1	1432	0.5167599320411682	76.0	1.0000000000000004e-08
478	2	1433	0.513425350189209	86.0	1.0000000000000004e-08
478	3	1434	0.4016927182674408	85.0	1.0000000000000004e-08
479	1	1435	0.455485075712204	88.0	1.0000000000000004e-08
479	2	1436	0.5207139849662781	78.0	1.0000000000000004e-08
479	3	1437	0.36765700578689575	85.0	1.0000000000000004e-08
480	1	1438	0.590131402015686	74.0	1.0000000000000004e-08
480	2	1439	0.49792003631591797	82.0	1.0000000000000004e-08
480	3	1440	0.3381149172782898	80.0	1.0000000000000004e-08
481	1	1441	0.5358602404594421	72.0	1.0000000000000004e-08
481	2	1442	0.46262821555137634	78.0	1.0000000000000004e-08
481	3	1443	0.4568856656551361	75.0	1.0000000000000004e-08
482	1	1444	0.45341557264328003	78.0	1.0000000000000004e-08
482	2	1445	0.5015506744384766	78.0	1.0000000000000004e-08
482	3	1446	0.5317838788032532	70.0	1.0000000000000004e-08
483	1	1447	0.5564553737640381	66.0	1.0000000000000004e-08
483	2	1448	0.4796098470687866	76.0	1.0000000000000004e-08
483	3	1449	0.5008723139762878	70.0	1.0000000000000004e-08
484	1	1450	0.516929566860199	78.0	1.0000000000000004e-08
484	2	1451	0.3957463502883911	82.0	1.0000000000000004e-08
484	3	1452	0.4863812327384949	85.0	1.0000000000000004e-08
485	1	1453	0.3913462460041046	80.0	1.0000000000000004e-08
485	2	1454	0.5958094596862793	72.0	1.0000000000000004e-08
485	3	1455	0.4760739803314209	80.0	1.0000000000000004e-08
486	1	1456	0.5442712903022766	74.0	1.0000000000000004e-08
486	2	1457	0.5349229574203491	78.0	1.0000000000000004e-08
486	3	1458	0.3544589579105377	100.0	1.0000000000000004e-08
487	1	1459	0.5212395191192627	76.0	1.0000000000000004e-08
487	2	1460	0.6013324856758118	70.0	1.0000000000000004e-08
487	3	1461	0.4960786700248718	85.0	1.0000000000000004e-08
488	1	1462	0.503159761428833	76.0	1.0000000000000004e-08
488	2	1463	0.4814468324184418	72.0	1.0000000000000004e-08
488	3	1464	0.5769854784011841	60.0	1.0000000000000004e-08
489	1	1465	0.5239053964614868	68.0	1.0000000000000004e-08
489	2	1466	0.5387189388275146	74.0	1.0000000000000004e-08
489	3	1467	0.7296962738037109	55.0	1.0000000000000004e-08
490	1	1468	0.5894491076469421	76.0	1.0000000000000004e-08
490	2	1469	0.46219950914382935	90.0	1.0000000000000004e-08
490	3	1470	0.42894381284713745	80.0	1.0000000000000004e-08
491	1	1471	0.5159040093421936	76.0	1.0000000000000004e-08
491	2	1472	0.48043784499168396	82.0	1.0000000000000004e-08
491	3	1473	0.6079254150390625	80.0	1.0000000000000004e-08
492	1	1474	0.5344734787940979	74.0	1.0000000000000004e-08
492	2	1475	0.4359487295150757	78.0	1.0000000000000004e-08
492	3	1476	0.5396794080734253	60.0	1.0000000000000004e-08
493	1	1477	0.683525562286377	60.0	1.0000000000000004e-08
493	2	1478	0.4205854833126068	78.0	1.0000000000000004e-08
493	3	1479	0.5412908792495728	70.0	1.0000000000000004e-08
494	1	1480	0.553805410861969	76.0	1.0000000000000004e-08
494	2	1481	0.4305461645126343	84.0	1.0000000000000004e-08
494	3	1482	0.6061535477638245	65.0	1.0000000000000004e-08
495	1	1483	0.5174206495285034	78.0	1.0000000000000004e-08
495	2	1484	0.5455386638641357	82.0	1.0000000000000004e-08
495	3	1485	0.4461098611354828	75.0	1.0000000000000004e-08
496	1	1486	0.6063504219055176	68.0	1.0000000000000004e-08
496	2	1487	0.49647822976112366	74.0	1.0000000000000004e-08
496	3	1488	0.43093615770339966	75.0	1.0000000000000004e-08
497	1	1489	0.5462238788604736	74.0	1.0000000000000004e-08
497	2	1490	0.40951815247535706	82.0	1.0000000000000004e-08
497	3	1491	0.8394914865493774	55.0	1.0000000000000004e-08
498	1	1492	0.4556570053100586	82.0	1.0000000000000004e-08
498	2	1493	0.6116218566894531	72.0	1.0000000000000004e-08
498	3	1494	0.6022965312004089	80.0	1.0000000000000004e-08
499	1	1495	0.5790175199508667	70.0	1.0000000000000004e-08
499	2	1496	0.504769504070282	78.0	1.0000000000000004e-08
499	3	1497	0.34628063440322876	85.0	1.0000000000000004e-08
500	1	1498	0.5470958352088928	74.0	1.0000000000000004e-08
500	2	1499	0.4678545892238617	78.0	1.0000000000000004e-08
500	3	1500	0.46143874526023865	80.0	1.0000000000000004e-08
