epoch	loss	acc	lr
1	1.8196431367185104	14.659685863874346	1e-06
2	1.8068602865279033	14.136125654450261	1e-06
3	1.8026649140562687	21.465968586387433	1e-06
4	1.7781526805218602	21.465968586387433	1e-06
5	1.7645183452136854	21.98952879581152	1e-06
6	1.7681297675477272	24.607329842931936	1e-06
7	1.7525396821386527	23.036649214659686	1e-06
8	1.733263558118131	28.272251308900522	1e-06
9	1.726435465962475	29.842931937172775	1e-06
10	1.711823379806199	30.36649214659686	1e-06
11	1.6993380859884293	30.36649214659686	1e-06
12	1.7168514066965792	30.36649214659686	1e-06
13	1.6898730612550106	27.74869109947644	1e-06
14	1.684150318824808	29.319371727748692	1e-06
15	1.6943882647609212	25.654450261780106	1e-06
16	1.6749710000622335	26.17801047120419	1e-06
17	1.6680959706531144	29.842931937172775	1e-06
18	1.6516089876284774	31.413612565445025	1e-06
19	1.6455233665036906	34.55497382198953	1e-06
20	1.6447997055752739	27.225130890052355	1e-06
21	1.636462727142254	31.93717277486911	1e-06
22	1.6465658773302407	25.654450261780106	1e-06
23	1.6140419275972855	31.413612565445025	1e-06
24	1.6205321612782504	29.842931937172775	1e-06
25	1.5899337399068303	29.842931937172775	1e-06
26	1.6211349196458986	32.460732984293195	1e-06
27	1.6124853332629379	29.842931937172775	1e-06
28	1.6004506181047848	32.460732984293195	1e-06
29	1.5656214677850613	35.07853403141361	1e-06
30	1.5782003284124804	32.460732984293195	1e-06
31	1.5895813241679007	34.031413612565444	1e-06
32	1.5892053605374241	31.413612565445025	1e-06
33	1.5383151482537154	32.460732984293195	1e-06
34	1.552007236405817	32.460732984293195	1e-06
35	1.5495707907601801	35.07853403141361	1e-06
36	1.540723261408781	35.07853403141361	1e-06
37	1.5438456441719495	30.36649214659686	1e-06
38	1.536821453983247	32.98429319371728	1e-06
39	1.54872069808201	33.50785340314136	1e-06
40	1.5137896556504733	36.12565445026178	1e-06
41	1.472008565333501	38.21989528795812	1e-06
42	1.5189144592634671	38.21989528795812	1e-06
43	1.5026568517635006	41.8848167539267	1e-06
44	1.5072363465244234	35.602094240837694	1e-06
45	1.518914694561384	30.89005235602094	1e-06
46	1.480602977787637	36.64921465968586	1e-06
47	1.4890380879347238	35.602094240837694	1e-06
48	1.488485079785292	35.602094240837694	1e-06
49	1.4834648782670186	36.12565445026178	1e-06
50	1.4658290828085694	35.07853403141361	1e-06
51	1.4691481559064377	37.17277486910995	1e-06
52	1.4909395559920067	38.21989528795812	1e-06
53	1.4662009458891385	38.21989528795812	1e-06
54	1.424706437200776	39.79057591623037	1e-06
55	1.4317837385607015	39.26701570680628	1e-06
56	1.4538200756642208	40.83769633507853	1e-06
57	1.444435048477812	35.602094240837694	1e-06
58	1.4368640602571179	40.31413612565445	1e-06
59	1.4304948857941553	42.931937172774866	1e-06
60	1.4117741759534905	42.40837696335078	1e-06
61	1.4137074285776827	41.361256544502616	1e-06
62	1.4064201665798406	40.83769633507853	1e-06
63	1.4293208559146102	42.931937172774866	1e-06
64	1.4136391509889932	39.79057591623037	1e-06
65	1.383704241033624	41.8848167539267	1e-06
66	1.4084540649234312	42.40837696335078	1e-06
67	1.3841731810444937	43.455497382198956	1e-06
68	1.4236528848478307	40.83769633507853	1e-06
69	1.3808316379317438	39.26701570680628	1e-06
70	1.419059808965753	39.26701570680628	1e-06
71	1.3959004978858989	41.361256544502616	1e-06
72	1.3547493506476518	40.83769633507853	1e-06
73	1.393960471552704	43.97905759162304	1e-06
74	1.3734210635979138	45.54973821989529	1e-06
75	1.3736766739041393	43.97905759162304	1e-06
76	1.3712246555308396	46.596858638743456	1e-06
77	1.3332383588970644	46.596858638743456	1e-06
78	1.3445763900017864	41.8848167539267	1e-06
79	1.339118616119105	46.07329842931937	1e-06
80	1.359097648665543	42.931937172774866	1e-06
81	1.326957441749373	45.026178010471206	1e-06
82	1.357934699008602	46.07329842931937	1e-06
83	1.347437631397347	41.361256544502616	1e-06
84	1.3094078533312412	44.50261780104712	1e-06
85	1.3446457829150853	40.83769633507853	1e-06
86	1.3002442577122393	50.78534031413613	1e-06
87	1.3204236735848232	48.69109947643979	1e-06
88	1.288220338796446	49.21465968586387	1e-06
89	1.297234410390804	41.8848167539267	1e-06
90	1.3103773356732273	45.54973821989529	1e-06
91	1.2844103693337965	50.261780104712045	1e-06
92	1.2791358076465067	47.12041884816754	1e-06
93	1.2841137791179238	51.832460732984295	1e-06
94	1.2594482168477243	47.12041884816754	1e-06
95	1.2904329755543413	47.64397905759162	1e-06
96	1.2810023030685505	46.596858638743456	1e-06
97	1.3050570381873565	48.167539267015705	1e-06
98	1.2898465888038355	48.167539267015705	1e-06
99	1.2446513862510002	46.07329842931937	1e-06
100	1.2711670692054389	51.832460732984295	1e-06
101	1.255599510607295	49.738219895287955	1e-06
102	1.29430479965909	50.261780104712045	1e-06
103	1.2475984015389887	43.97905759162304	1e-06
104	1.2731954832975778	47.64397905759162	1e-06
105	1.2430839101681534	48.167539267015705	1e-06
106	1.264867864978251	54.45026178010471	1e-06
107	1.2456925133760062	52.35602094240838	1e-06
108	1.2253657716731126	50.78534031413613	1e-06
109	1.2465839673087236	48.167539267015705	1e-06
110	1.2353480904514254	49.738219895287955	1e-06
111	1.2299744390068255	49.738219895287955	1e-06
112	1.214466471322544	52.87958115183246	1e-06
113	1.2475327022412686	50.78534031413613	1e-06
114	1.2221506603101162	53.403141361256544	1e-06
115	1.226413767375247	52.87958115183246	1e-06
116	1.2244290812477392	51.832460732984295	1e-06
117	1.1801705822270578	57.068062827225134	1e-06
118	1.2194605160758134	50.78534031413613	1e-06
119	1.2337019693164926	52.87958115183246	1e-06
120	1.1896638907687203	52.35602094240838	1e-06
121	1.2268735919323268	54.973821989528794	1e-06
122	1.1946708538145294	53.403141361256544	1e-06
123	1.228552571141907	53.403141361256544	1e-06
124	1.1993427844571818	51.30890052356021	1e-06
125	1.1870380583857991	51.30890052356021	1e-06
126	1.1893942955276728	52.87958115183246	1e-06
127	1.218053684808821	53.403141361256544	1e-06
128	1.194474718333539	53.403141361256544	1e-06
129	1.200076834693629	51.30890052356021	1e-06
130	1.1674967816986963	54.45026178010471	1e-06
131	1.1781161674030165	58.1151832460733	1e-06
132	1.1977131010974265	54.45026178010471	1e-06
133	1.205849847868475	55.49738219895288	1e-06
134	1.1895783253365162	52.35602094240838	1e-06
135	1.1616232994339228	58.638743455497384	1e-06
136	1.158321449269799	57.068062827225134	1e-06
137	1.1541556082470878	53.92670157068063	1e-06
138	1.1637067470250952	47.64397905759162	1e-06
139	1.215742912592064	53.92670157068063	1e-06
140	1.1318307522079707	59.68586387434555	1e-06
141	1.1766630267597618	52.87958115183246	1e-06
142	1.137492245404508	57.068062827225134	1e-06
143	1.1229215404750166	56.544502617801044	1e-06
144	1.1298337407137087	58.1151832460733	1e-06
145	1.13285236520917	61.78010471204188	1e-06
146	1.1438889272550015	54.973821989528794	1e-06
147	1.1445296746898073	56.02094240837696	1e-06
148	1.1172297150676787	59.68586387434555	1e-06
149	1.1127168189792733	60.20942408376963	1e-06
150	1.1215546992436753	54.45026178010471	1e-06
151	1.1518155161622932	53.92670157068063	1e-06
152	1.090785812332992	57.068062827225134	1e-06
153	1.1355150070490014	56.02094240837696	1e-06
154	1.12893356265822	58.638743455497384	1e-06
155	1.1042954603414885	57.068062827225134	1e-06
156	1.102995826935893	54.973821989528794	1e-06
157	1.1416399634945456	56.544502617801044	1e-06
158	1.12408417432096	57.59162303664922	1e-06
159	1.1181580602186512	59.16230366492147	1e-06
160	1.1115907280857027	56.544502617801044	1e-06
161	1.103894697433991	58.638743455497384	1e-06
162	1.097284915559579	59.16230366492147	1e-06
163	1.1169155218214264	57.59162303664922	1e-06
164	1.0738445654589468	61.78010471204188	1e-06
165	1.0735415008055602	59.16230366492147	1e-06
166	1.0908340858539363	60.20942408376963	1e-06
167	1.0934878419207028	59.68586387434555	1e-06
168	1.0923923135427904	59.68586387434555	1e-06
169	1.0917999962861624	63.35078534031414	1e-06
170	1.104595020179349	56.544502617801044	1e-06
171	1.062558318932019	62.303664921465966	1e-06
172	1.1008663558211003	59.16230366492147	1e-06
173	1.070549546736073	64.92146596858639	1e-06
174	1.0890332429196823	57.59162303664922	1e-06
175	1.0628845023859235	59.16230366492147	1e-06
176	1.0753513293740637	56.544502617801044	1e-06
177	1.0731507414922665	62.303664921465966	1e-06
178	1.066723254338609	66.49214659685863	1e-06
179	1.082820549061161	54.973821989528794	1e-06
180	1.091090975631594	53.92670157068063	1e-06
181	1.0788445828472757	57.068062827225134	1e-06
182	1.0487741281848928	54.45026178010471	1e-06
183	1.0816722415504656	61.78010471204188	1e-06
184	1.0539546967801	63.35078534031414	1e-06
185	1.061745725377068	55.49738219895288	1e-06
186	1.058288511181377	54.973821989528794	1e-06
187	1.06066384802314	61.2565445026178	1e-06
188	1.047131236623095	59.68586387434555	1e-06
189	1.0404371965618033	61.78010471204188	1e-06
190	1.0280778979131688	63.35078534031414	1e-06
191	1.0527800265407063	56.544502617801044	1e-06
192	1.049952174980603	63.35078534031414	1e-06
193	1.0019425106922368	63.35078534031414	1e-06
194	1.0572386680473207	59.16230366492147	1e-06
195	1.0211753751594983	60.20942408376963	1e-06
196	1.0464612832244153	58.638743455497384	1e-06
197	1.0322565058763113	57.068062827225134	1e-06
198	1.0262123377535355	64.92146596858639	1e-06
199	1.0068257959725344	63.35078534031414	1e-06
200	1.039640889117855	64.92146596858639	1e-06
201	1.0359025993896405	57.59162303664922	1e-06
202	1.0331239625421493	61.2565445026178	1e-06
203	1.017279998794276	64.3979057591623	1e-06
204	1.0318054088747315	59.68586387434555	1e-06
205	1.0246731679476992	62.303664921465966	1e-06
206	0.9913245370874855	68.06282722513089	1e-06
207	0.9937265168933969	61.2565445026178	1e-06
208	1.0738951042684586	61.78010471204188	1e-06
209	1.0185952423754787	65.96858638743456	1e-06
210	0.9841000718596093	62.303664921465966	1e-06
211	0.9858468552534493	58.1151832460733	1e-06
212	1.0378729242304856	62.303664921465966	1e-06
213	0.9979727155875161	58.1151832460733	1e-06
214	1.0092096550302356	62.82722513089005	1e-06
215	0.9806937475479086	61.2565445026178	1e-06
216	0.9943647671744461	65.44502617801047	1e-06
217	0.9753494512348275	66.49214659685863	1e-06
218	0.9831439203616836	64.3979057591623	1e-06
219	0.9845611440573687	63.35078534031414	1e-06
220	0.9954869391406393	62.303664921465966	1e-06
221	0.9960829213027554	59.68586387434555	1e-06
222	0.9893624351910896	64.3979057591623	1e-06
223	1.0141339891868113	58.638743455497384	1e-06
224	0.9660689443817938	67.01570680628272	1e-06
225	0.9680331424268752	60.20942408376963	1e-06
226	0.9835285847099664	61.78010471204188	1e-06
227	0.966956447868447	62.82722513089005	1e-06
228	0.9618821821287664	64.92146596858639	1e-06
229	0.9708236337332201	63.35078534031414	1e-06
230	0.955312718271585	65.44502617801047	1e-06
231	0.9543898901390155	64.92146596858639	1e-06
232	0.9456653663625267	68.06282722513089	1e-06
233	0.9405670134809004	63.87434554973822	1e-06
234	0.9665075590473196	60.73298429319372	1e-06
235	0.9345562885569029	65.96858638743456	1e-06
236	0.9601807940692801	61.2565445026178	1e-06
237	1.0016329428912458	63.35078534031414	1e-06
238	0.9753183014105752	66.49214659685863	1e-06
239	0.9539528823023691	64.3979057591623	1e-06
240	0.9303402204788168	62.303664921465966	1e-06
241	0.9218873612543675	67.53926701570681	1e-06
242	0.9242540373227983	64.3979057591623	1e-06
243	0.941880905815444	62.82722513089005	1e-06
244	0.9538776487580145	60.73298429319372	1e-06
245	0.9531710765748748	64.3979057591623	1e-06
246	0.8926988943084997	67.01570680628272	1e-06
247	0.9107377114096237	67.53926701570681	1e-06
248	0.915676729841382	66.49214659685863	1e-06
249	0.9411465578678391	66.49214659685863	1e-06
250	0.9056589996627488	65.96858638743456	1e-06
251	0.9372779155900965	66.49214659685863	1e-06
252	0.9285340290419094	63.87434554973822	1e-06
253	0.9014840762652652	65.44502617801047	1e-06
254	0.9193413260719538	67.01570680628272	1e-06
255	0.9066360951718235	70.15706806282722	1e-06
256	0.9120722441149007	69.10994764397905	1e-06
257	0.9068164557062518	62.303664921465966	1e-06
258	0.9128296007036538	68.58638743455498	1e-06
259	0.9250337409723491	66.49214659685863	1e-06
260	0.9162876871243821	64.3979057591623	1e-06
261	0.919033280529901	61.78010471204188	1e-06
262	0.9090800931316396	65.44502617801047	1e-06
263	0.8982089661178788	65.96858638743456	1e-06
264	0.890442324870544	67.01570680628272	1e-06
265	0.9231309740955292	63.35078534031414	1e-06
266	0.8990438458807182	68.58638743455498	1e-06
267	0.9055374529973375	66.49214659685863	1e-06
268	0.8642356398842097	68.06282722513089	1e-06
269	0.9082600268393911	64.3979057591623	1e-06
270	0.8609375569832887	68.06282722513089	1e-06
271	0.8928198689565608	68.06282722513089	1e-06
272	0.8679904841003617	70.15706806282722	1e-06
273	0.8940999741953705	64.92146596858639	1e-06
274	0.8944017365964919	64.92146596858639	1e-06
275	0.8537909145130537	69.63350785340315	1e-06
276	0.8694921844292686	65.44502617801047	1e-06
277	0.8880441847271944	68.58638743455498	1e-06
278	0.882306864124318	67.01570680628272	1e-06
279	0.8518816644608662	73.29842931937172	1e-06
280	0.8988564769635026	64.3979057591623	1e-06
281	0.8947543158581119	63.87434554973822	1e-06
282	0.8840895616571317	68.58638743455498	1e-06
283	0.8555907897300121	72.25130890052355	1e-06
284	0.8734500713997486	67.53926701570681	1e-06
285	0.8479715423434192	65.96858638743456	1e-06
286	0.824332138318666	69.63350785340315	1e-06
287	0.8625676117018255	65.96858638743456	1e-06
288	0.8408988136895664	69.10994764397905	1e-06
289	0.8693461539857674	63.87434554973822	1e-06
290	0.8445822428034239	69.63350785340315	1e-06
291	0.8662878899050008	69.63350785340315	1e-06
292	0.838527980275179	71.20418848167539	1e-06
293	0.8225206121100181	68.58638743455498	1e-06
294	0.8550160274455685	64.3979057591623	1e-06
295	0.8605241769271371	70.68062827225131	1e-06
296	0.8391637418282594	63.87434554973822	1e-06
297	0.8653920392715494	68.06282722513089	1e-06
298	0.8471095705531655	67.01570680628272	1e-06
299	0.8396591029242071	68.58638743455498	1e-06
300	0.8343548181793452	67.01570680628272	1e-06
301	0.8565514743016028	65.44502617801047	1e-06
302	0.8414813548482526	65.96858638743456	1e-06
303	0.8703230731774375	63.35078534031414	1e-06
304	0.8410266366304527	67.53926701570681	1e-06
305	0.8420238647785486	70.68062827225131	1e-06
306	0.827270862943839	67.53926701570681	1e-06
307	0.82353223743239	67.01570680628272	1e-06
308	0.832818899479212	65.44502617801047	1e-06
309	0.8346700356268758	69.10994764397905	1e-06
310	0.7978879169643861	70.15706806282722	1e-06
311	0.8204925231908629	69.63350785340315	1e-06
312	0.8671266836021583	68.06282722513089	1e-06
313	0.8124160264174975	74.3455497382199	1e-06
314	0.8341674932634643	70.15706806282722	1e-06
315	0.8483546735104466	64.92146596858639	1e-06
316	0.7992531235929559	68.06282722513089	1e-06
317	0.8194026194941935	70.68062827225131	1e-06
318	0.813972197590074	70.15706806282722	1e-06
319	0.8305174658435801	65.44502617801047	1e-06
320	0.8107591820636969	65.44502617801047	1e-06
321	0.8056920501574172	73.29842931937172	1e-06
322	0.8089412360291206	62.82722513089005	1e-06
323	0.814240724004376	69.10994764397905	1e-06
324	0.7903314554254423	72.77486910994764	1e-06
325	0.7765533537140692	72.77486910994764	1e-06
326	0.7776669510372022	73.29842931937172	1e-06
327	0.8095096237372353	68.06282722513089	1e-06
328	0.7860615331465037	74.3455497382199	1e-06
329	0.783073165965954	68.58638743455498	1e-06
330	0.757386974015161	70.68062827225131	1e-06
331	0.7820131095292057	70.68062827225131	1e-06
332	0.7891507273569157	68.06282722513089	1e-06
333	0.8124019821900972	70.68062827225131	1e-06
334	0.7886380406574429	71.20418848167539	1e-06
335	0.7850849631569148	72.77486910994764	1e-06
336	0.7916540303779522	69.63350785340315	1e-06
337	0.8016454536877378	69.63350785340315	1e-06
338	0.7912156528827408	67.53926701570681	1e-06
339	0.8161962013594143	71.72774869109948	1e-06
340	0.7933349712356847	70.68062827225131	1e-06
341	0.7864932842279604	69.63350785340315	1e-06
342	0.7854440758365611	69.63350785340315	1e-06
343	0.7961149075268451	71.72774869109948	1e-06
344	0.7969915158461526	72.25130890052355	1e-06
345	0.7815299115255865	71.72774869109948	1e-06
346	0.7931122286781591	68.06282722513089	1e-06
347	0.767550801731529	71.72774869109948	1e-06
348	0.8021906945093764	69.10994764397905	1e-06
349	0.7487407960192696	73.29842931937172	1e-06
350	0.7648024942862426	70.15706806282722	1e-06
351	0.7651800017082254	68.06282722513089	1e-06
352	0.8119221158052614	71.20418848167539	1e-06
353	0.7552770853666735	72.77486910994764	1e-06
354	0.7722779921212122	74.86910994764398	1e-06
355	0.7485405880743297	70.15706806282722	1e-06
356	0.7762625311057605	70.68062827225131	1e-06
357	0.7543326379116917	68.58638743455498	1e-06
358	0.7661967158941698	73.82198952879581	1e-06
359	0.758085604113434	71.72774869109948	1e-06
360	0.761839725896326	68.58638743455498	1e-06
361	0.7812484078382322	64.3979057591623	1e-06
362	0.7255714239250303	72.25130890052355	1e-06
363	0.7398145598266761	75.91623036649214	1e-06
364	0.7641533095175059	72.77486910994764	1e-06
365	0.7326296617847463	74.86910994764398	1e-06
366	0.7499326152327173	72.77486910994764	1e-06
367	0.7375921198210791	71.72774869109948	1e-06
368	0.7353234381575859	73.82198952879581	1e-06
369	0.757788918093237	73.29842931937172	1e-06
370	0.7502907667484583	69.63350785340315	1e-06
371	0.7335642828991276	75.39267015706807	1e-06
372	0.730975499015828	75.39267015706807	1e-06
373	0.7661031422190642	69.63350785340315	1e-06
374	0.7322762205962735	71.20418848167539	1e-06
375	0.7390671013537502	75.39267015706807	1e-06
376	0.7081496831010149	79.05759162303664	1e-06
377	0.7233612693417135	75.91623036649214	1e-06
378	0.7456173032366168	74.3455497382199	1e-06
379	0.7362656686942615	74.3455497382199	1e-06
380	0.7463021100503612	76.43979057591623	1e-06
381	0.728564806945661	73.82198952879581	1e-06
382	0.7365455405874403	76.96335078534031	1e-06
383	0.7334550403799686	70.68062827225131	1e-06
384	0.7505196117605838	69.10994764397905	1e-06
385	0.7459399603424272	70.68062827225131	1e-06
386	0.7364183661201238	72.77486910994764	1e-06
387	0.7023616411298982	78.53403141361257	1e-06
388	0.7247338753720228	72.25130890052355	1e-06
389	0.7195350574573297	75.91623036649214	1e-06
390	0.6990066704325651	79.58115183246073	1e-06
391	0.7286960014498046	71.72774869109948	1e-06
392	0.71636339413558	72.25130890052355	1e-06
393	0.6991786984873067	74.3455497382199	1e-06
394	0.7319604039816332	75.39267015706807	1e-06
395	0.7134319272340904	74.86910994764398	1e-06
396	0.7111731171607971	72.77486910994764	1e-06
397	0.7098341946202423	73.29842931937172	1e-06
398	0.6806834698971653	76.96335078534031	1e-06
399	0.6980704103464855	70.15706806282722	1e-06
400	0.7054462978977183	73.82198952879581	1e-06
401	0.7203677583739395	70.15706806282722	1e-06
402	0.7065207817791644	71.20418848167539	1e-06
403	0.7132798626784879	73.29842931937172	1e-06
404	0.7031151527509639	72.25130890052355	1e-06
405	0.6983602296619515	75.39267015706807	1e-06
406	0.7051217000521914	75.39267015706807	1e-06
407	0.7145925519978189	71.72774869109948	1e-06
408	0.7172539636726779	74.3455497382199	1e-06
409	0.6756740371594254	78.01047120418848	1e-06
410	0.7123937794051245	69.10994764397905	1e-06
411	0.7052596155261495	70.68062827225131	1e-06
412	0.7336890666272627	70.15706806282722	1e-06
413	0.7161792023643774	69.10994764397905	1e-06
414	0.7023481633026563	71.20418848167539	1e-06
415	0.6735090198317123	74.86910994764398	1e-06
416	0.692792462428827	75.39267015706807	1e-06
417	0.6777374366815178	72.25130890052355	1e-06
418	0.6747480874286272	75.91623036649214	1e-06
419	0.6991797030284143	71.20418848167539	1e-06
420	0.720487285346885	72.25130890052355	1e-06
421	0.6931026949308305	70.15706806282722	1e-06
422	0.6662698849957651	77.4869109947644	1e-06
423	0.711716558296643	73.29842931937172	1e-06
424	0.6856618894956499	70.68062827225131	1e-06
425	0.7164670918624438	76.43979057591623	1e-06
426	0.666209876537323	78.53403141361257	1e-06
427	0.6673120644080077	75.91623036649214	1e-06
428	0.7034995062813085	73.82198952879581	1e-06
429	0.6567825381668451	77.4869109947644	1e-06
430	0.660643678061001	75.91623036649214	1e-06
431	0.6554937905666092	77.4869109947644	1e-06
432	0.6738992913855308	74.3455497382199	1e-06
433	0.6733840045504546	77.4869109947644	1e-06
434	0.677073883760662	74.3455497382199	1e-06
435	0.6642969147697169	79.58115183246073	1e-06
436	0.6854019458381293	74.86910994764398	1e-06
437	0.668539897309548	76.43979057591623	1e-06
438	0.6731845352662171	76.43979057591623	1e-06
439	0.6564313891046334	78.53403141361257	1e-06
440	0.6888527985642717	72.77486910994764	1e-06
441	0.6941389815969617	74.3455497382199	1e-06
442	0.6476187322152223	78.53403141361257	1e-06
443	0.6534486762516162	78.01047120418848	1e-06
444	0.6639110683146572	73.29842931937172	1e-06
445	0.6729800195594109	74.3455497382199	1e-06
446	0.6654552065265116	74.86910994764398	1e-06
447	0.6573738078172294	75.39267015706807	1e-06
448	0.6519969002738673	76.43979057591623	1e-06
449	0.6578468121783272	76.96335078534031	1e-06
450	0.6557823868946255	74.3455497382199	1e-06
451	0.653290913991279	73.29842931937172	1e-06
452	0.6502955855499387	73.29842931937172	1e-06
453	0.6710901853301763	76.43979057591623	1e-06
454	0.6712079984355347	74.86910994764398	1e-06
455	0.64998291331436	79.58115183246073	1e-06
456	0.653760503099851	73.82198952879581	1e-06
457	0.6714994507934411	73.29842931937172	1e-06
458	0.6402539127160117	79.58115183246073	1e-06
459	0.6246728135653191	76.96335078534031	1e-06
460	0.6566302298875379	73.29842931937172	1e-06
461	0.6466779974118577	75.39267015706807	1e-06
462	0.6393688839143483	76.96335078534031	1e-06
463	0.6382943332507348	75.91623036649214	1e-06
464	0.6348835978832544	72.77486910994764	1e-06
465	0.6463806101789025	77.4869109947644	1e-06
466	0.6125470452907822	81.67539267015707	1e-06
467	0.6349319341295052	78.01047120418848	1e-06
468	0.6523869168695979	71.72774869109948	1e-06
469	0.6374861423257758	75.91623036649214	1e-06
470	0.6547145993297637	75.39267015706807	1e-06
471	0.624823939425783	78.01047120418848	1e-06
472	0.649105784780692	81.15183246073299	1e-06
473	0.668659512909295	71.72774869109948	1e-06
474	0.6289779671823791	76.96335078534031	1e-06
475	0.6233690231258332	76.96335078534031	1e-06
476	0.6448005032164889	73.82198952879581	1e-06
477	0.6138025334992334	79.58115183246073	1e-06
478	0.6166870859280931	81.15183246073299	1e-06
479	0.6208576435193965	77.4869109947644	1e-06
480	0.6680559500349754	76.43979057591623	1e-06
481	0.5990540887672864	82.19895287958116	1e-06
482	0.623494551755995	74.86910994764398	1e-06
483	0.6209056202653815	76.96335078534031	1e-06
484	0.6159777294902902	79.58115183246073	1e-06
485	0.6306696502950179	77.4869109947644	1e-06
486	0.6137076038964756	78.53403141361257	1e-06
487	0.6236864880741578	76.96335078534031	1e-06
488	0.6016654434628511	79.05759162303664	1e-06
489	0.6457917156643892	77.4869109947644	1e-06
490	0.6032383975558256	79.58115183246073	1e-06
491	0.6347385133124147	76.43979057591623	1e-06
492	0.6093654613844387	79.58115183246073	1e-06
493	0.6302591571633104	76.96335078534031	1e-06
494	0.641095775896342	73.82198952879581	1e-06
495	0.6133773935402875	78.01047120418848	1e-06
496	0.6019972334981589	78.01047120418848	1e-06
497	0.6067547442401267	78.01047120418848	1e-06
498	0.6146038215197818	80.10471204188482	1e-06
499	0.6185679716589563	79.05759162303664	1e-06
500	0.6128381990013322	76.43979057591623	1e-06
