epoch	batch	iter	loss	acc	lr
1	1	1	1.8149021863937378	10.0	1e-06
1	2	2	1.8468997478485107	14.0	1e-06
1	3	3	1.813530683517456	18.0	1e-06
1	4	4	1.7996392250061035	17.073170731707318	1e-06
2	1	5	1.7976188659667969	12.0	1e-06
2	2	6	1.8221248388290405	10.0	1e-06
2	3	7	1.7906979322433472	20.0	1e-06
2	4	8	1.8192251920700073	14.634146341463415	1e-06
3	1	9	1.8263542652130127	14.0	1e-06
3	2	10	1.7643835544586182	28.0	1e-06
3	3	11	1.785646915435791	28.0	1e-06
3	4	12	1.8412137031555176	14.634146341463415	1e-06
4	1	13	1.8064879179000854	12.0	1e-06
4	2	14	1.7928122282028198	30.0	1e-06
4	3	15	1.7646561861038208	22.0	1e-06
4	4	16	1.7421791553497314	21.951219512195124	1e-06
5	1	17	1.7712585926055908	24.0	1e-06
5	2	18	1.768651008605957	20.0	1e-06
5	3	19	1.7633488178253174	22.0	1e-06
5	4	20	1.7526849508285522	21.951219512195124	1e-06
6	1	21	1.7790662050247192	24.0	1e-06
6	2	22	1.7612649202346802	20.0	1e-06
6	3	23	1.7667241096496582	28.0	1e-06
6	4	24	1.7648786306381226	26.829268292682926	1e-06
7	1	25	1.7868139743804932	24.0	1e-06
7	2	26	1.7327454090118408	28.0	1e-06
7	3	27	1.7376163005828857	20.0	1e-06
7	4	28	1.7530803680419922	19.51219512195122	1e-06
8	1	29	1.7493400573730469	26.0	1e-06
8	2	30	1.715877890586853	30.0	1e-06
8	3	31	1.716126561164856	38.0	1e-06
8	4	32	1.7557588815689087	17.073170731707318	1e-06
9	1	33	1.7418032884597778	30.0	1e-06
9	2	34	1.7152056694030762	34.0	1e-06
9	3	35	1.7068371772766113	30.0	1e-06
9	4	36	1.7452894449234009	24.390243902439025	1e-06
10	1	37	1.733805537223816	22.0	1e-06
10	2	38	1.6573492288589478	40.0	1e-06
10	3	39	1.780368447303772	24.0	1e-06
10	4	40	1.667856216430664	36.58536585365854	1e-06
11	1	41	1.6508406400680542	42.0	1e-06
11	2	42	1.692041277885437	28.0	1e-06
11	3	43	1.7105544805526733	30.0	1e-06
11	4	44	1.7537013292312622	19.51219512195122	1e-06
12	1	45	1.7254302501678467	24.0	1e-06
12	2	46	1.714297890663147	34.0	1e-06
12	3	47	1.7394737005233765	28.0	1e-06
12	4	48	1.681915283203125	36.58536585365854	1e-06
13	1	49	1.705777645111084	24.0	1e-06
13	2	50	1.6876609325408936	32.0	1e-06
13	3	51	1.6661288738250732	36.0	1e-06
13	4	52	1.7021312713623047	17.073170731707318	1e-06
14	1	53	1.6995418071746826	24.0	1e-06
14	2	54	1.6615991592407227	34.0	1e-06
14	3	55	1.6629611253738403	32.0	1e-06
14	4	56	1.7187221050262451	26.829268292682926	1e-06
15	1	57	1.7144126892089844	22.0	1e-06
15	2	58	1.7765768766403198	16.0	1e-06
15	3	59	1.6481379270553589	36.0	1e-06
15	4	60	1.62614107131958	29.26829268292683	1e-06
16	1	61	1.6965337991714478	24.0	1e-06
16	2	62	1.671622633934021	30.0	1e-06
16	3	63	1.6859818696975708	22.0	1e-06
16	4	64	1.6393303871154785	29.26829268292683	1e-06
17	1	65	1.6871644258499146	28.0	1e-06
17	2	66	1.6385082006454468	34.0	1e-06
17	3	67	1.6617258787155151	28.0	1e-06
17	4	68	1.6886928081512451	29.26829268292683	1e-06
18	1	69	1.6563955545425415	34.0	1e-06
18	2	70	1.607322335243225	36.0	1e-06
18	3	71	1.6346360445022583	32.0	1e-06
18	4	72	1.7204785346984863	21.951219512195124	1e-06
19	1	73	1.6319977045059204	36.0	1e-06
19	2	74	1.6392349004745483	38.0	1e-06
19	3	75	1.66825532913208	30.0	1e-06
19	4	76	1.6419650316238403	34.146341463414636	1e-06
20	1	77	1.6526992321014404	26.0	1e-06
20	2	78	1.6461126804351807	32.0	1e-06
20	3	79	1.6469621658325195	20.0	1e-06
20	4	80	1.6309278011322021	31.70731707317073	1e-06
21	1	81	1.5965123176574707	48.0	1e-06
21	2	82	1.658750057220459	32.0	1e-06
21	3	83	1.6104375123977661	26.0	1e-06
21	4	84	1.6897411346435547	19.51219512195122	1e-06
22	1	85	1.7049833536148071	18.0	1e-06
22	2	86	1.6537461280822754	18.0	1e-06
22	3	87	1.590528130531311	36.0	1e-06
22	4	88	1.6349073648452759	31.70731707317073	1e-06
23	1	89	1.559973120689392	36.0	1e-06
23	2	90	1.6094145774841309	30.0	1e-06
23	3	91	1.6772390604019165	26.0	1e-06
23	4	92	1.6085529327392578	34.146341463414636	1e-06
24	1	93	1.6401541233062744	26.0	1e-06
24	2	94	1.5881657600402832	36.0	1e-06
24	3	95	1.6506558656692505	24.0	1e-06
24	4	96	1.5993379354476929	34.146341463414636	1e-06
25	1	97	1.5667364597320557	30.0	1e-06
25	2	98	1.6007977724075317	34.0	1e-06
25	3	99	1.597753882408142	30.0	1e-06
25	4	100	1.5954375267028809	24.390243902439025	1e-06
26	1	101	1.6198304891586304	38.0	1e-06
26	2	102	1.5702952146530151	30.0	1e-06
26	3	103	1.6262803077697754	34.0	1e-06
26	4	104	1.6784504652023315	26.829268292682926	1e-06
27	1	105	1.6154334545135498	28.0	1e-06
27	2	106	1.608913540840149	30.0	1e-06
27	3	107	1.6436837911605835	30.0	1e-06
27	4	108	1.575199007987976	31.70731707317073	1e-06
28	1	109	1.5905827283859253	28.0	1e-06
28	2	110	1.5561115741729736	26.0	1e-06
28	3	111	1.6153953075408936	40.0	1e-06
28	4	112	1.6483314037322998	36.58536585365854	1e-06
29	1	113	1.5657479763031006	36.0	1e-06
29	2	114	1.4934114217758179	44.0	1e-06
29	3	115	1.5419459342956543	36.0	1e-06
29	4	116	1.6824008226394653	21.951219512195124	1e-06
30	1	117	1.6370787620544434	24.0	1e-06
30	2	118	1.5326389074325562	36.0	1e-06
30	3	119	1.5937649011611938	26.0	1e-06
30	4	120	1.5429788827896118	46.34146341463415	1e-06
31	1	121	1.5761979818344116	42.0	1e-06
31	2	122	1.5701066255569458	38.0	1e-06
31	3	123	1.5632081031799316	30.0	1e-06
31	4	124	1.661814570426941	24.390243902439025	1e-06
32	1	125	1.5758780241012573	32.0	1e-06
32	2	126	1.5875670909881592	32.0	1e-06
32	3	127	1.594734787940979	36.0	1e-06
32	4	128	1.6007128953933716	24.390243902439025	1e-06
33	1	129	1.5794847011566162	26.0	1e-06
33	2	130	1.5299679040908813	38.0	1e-06
33	3	131	1.558689832687378	28.0	1e-06
33	4	132	1.4734407663345337	39.02439024390244	1e-06
34	1	133	1.5614045858383179	40.0	1e-06
34	2	134	1.572015643119812	28.0	1e-06
34	3	135	1.4835623502731323	42.0	1e-06
34	4	136	1.5996159315109253	17.073170731707318	1e-06
35	1	137	1.5849493741989136	32.0	1e-06
35	2	138	1.513643741607666	42.0	1e-06
35	3	139	1.5811107158660889	34.0	1e-06
35	4	140	1.511776328086853	31.70731707317073	1e-06
36	1	141	1.5587009191513062	36.0	1e-06
36	2	142	1.6134473085403442	28.0	1e-06
36	3	143	1.457563042640686	42.0	1e-06
36	4	144	1.5315263271331787	34.146341463414636	1e-06
37	1	145	1.5238254070281982	32.0	1e-06
37	2	146	1.589585781097412	22.0	1e-06
37	3	147	1.542917013168335	30.0	1e-06
37	4	148	1.5136123895645142	39.02439024390244	1e-06
38	1	149	1.534019947052002	32.0	1e-06
38	2	150	1.5803239345550537	40.0	1e-06
38	3	151	1.5655181407928467	30.0	1e-06
38	4	152	1.4521901607513428	29.26829268292683	1e-06
39	1	153	1.560965895652771	26.0	1e-06
39	2	154	1.536421775817871	38.0	1e-06
39	3	155	1.6075809001922607	36.0	1e-06
39	4	156	1.4770054817199707	34.146341463414636	1e-06
40	1	157	1.5637134313583374	36.0	1e-06
40	2	158	1.4864519834518433	38.0	1e-06
40	3	159	1.5296460390090942	30.0	1e-06
40	4	160	1.466908574104309	41.46341463414634	1e-06
41	1	161	1.449521780014038	44.0	1e-06
41	2	162	1.5235894918441772	36.0	1e-06
41	3	163	1.4758970737457275	30.0	1e-06
41	4	164	1.4317858219146729	43.90243902439025	1e-06
42	1	165	1.533461093902588	38.0	1e-06
42	2	166	1.4937084913253784	40.0	1e-06
42	3	167	1.5163121223449707	38.0	1e-06
42	4	168	1.53508722782135	36.58536585365854	1e-06
43	1	169	1.4714447259902954	46.0	1e-06
43	2	170	1.555200219154358	36.0	1e-06
43	3	171	1.4901423454284668	42.0	1e-06
43	4	172	1.4919047355651855	43.90243902439025	1e-06
44	1	173	1.5898158550262451	30.0	1e-06
44	2	174	1.4591487646102905	30.0	1e-06
44	3	175	1.4748034477233887	36.0	1e-06
44	4	176	1.5047253370285034	48.78048780487805	1e-06
45	1	177	1.5495761632919312	32.0	1e-06
45	2	178	1.4678950309753418	28.0	1e-06
45	3	179	1.5373313426971436	38.0	1e-06
45	4	180	1.521282434463501	24.390243902439025	1e-06
46	1	181	1.5050326585769653	32.0	1e-06
46	2	182	1.444115400314331	28.0	1e-06
46	3	183	1.4937491416931152	42.0	1e-06
46	4	184	1.4792758226394653	46.34146341463415	1e-06
47	1	185	1.495845079421997	50.0	1e-06
47	2	186	1.5026288032531738	32.0	1e-06
47	3	187	1.517607569694519	24.0	1e-06
47	4	188	1.4293220043182373	36.58536585365854	1e-06
48	1	189	1.4595818519592285	36.0	1e-06
48	2	190	1.4816234111785889	42.0	1e-06
48	3	191	1.4853124618530273	34.0	1e-06
48	4	192	1.535969853401184	29.26829268292683	1e-06
49	1	193	1.4974687099456787	38.0	1e-06
49	2	194	1.524328351020813	26.0	1e-06
49	3	195	1.4511317014694214	40.0	1e-06
49	4	196	1.4559842348098755	41.46341463414634	1e-06
50	1	197	1.4577223062515259	32.0	1e-06
50	2	198	1.4698915481567383	32.0	1e-06
50	3	199	1.418001651763916	40.0	1e-06
50	4	200	1.5290873050689697	36.58536585365854	1e-06
51	1	201	1.4518622159957886	36.0	1e-06
51	2	202	1.4866420030593872	36.0	1e-06
51	3	203	1.4152555465698242	46.0	1e-06
51	4	204	1.534617304801941	29.26829268292683	1e-06
52	1	205	1.554567575454712	34.0	1e-06
52	2	206	1.5032131671905518	30.0	1e-06
52	3	207	1.3915069103240967	48.0	1e-06
52	4	208	1.5196359157562256	41.46341463414634	1e-06
53	1	209	1.5028308629989624	38.0	1e-06
53	2	210	1.4958000183105469	44.0	1e-06
53	3	211	1.4102684259414673	36.0	1e-06
53	4	212	1.4536442756652832	34.146341463414636	1e-06
54	1	213	1.3850278854370117	44.0	1e-06
54	2	214	1.5000038146972656	34.0	1e-06
54	3	215	1.405982494354248	42.0	1e-06
54	4	216	1.4041029214859009	39.02439024390244	1e-06
55	1	217	1.4335767030715942	38.0	1e-06
55	2	218	1.4423788785934448	32.0	1e-06
55	3	219	1.4354562759399414	44.0	1e-06
55	4	220	1.4121975898742676	43.90243902439025	1e-06
56	1	221	1.4077367782592773	42.0	1e-06
56	2	222	1.4387820959091187	48.0	1e-06
56	3	223	1.4754441976547241	44.0	1e-06
56	4	224	1.501987338066101	26.829268292682926	1e-06
57	1	225	1.4271903038024902	26.0	1e-06
57	2	226	1.4553444385528564	42.0	1e-06
57	3	227	1.43402099609375	36.0	1e-06
57	4	228	1.4648611545562744	39.02439024390244	1e-06
58	1	229	1.3700207471847534	52.0	1e-06
58	2	230	1.4573321342468262	34.0	1e-06
58	3	231	1.4262562990188599	36.0	1e-06
58	4	232	1.5063555240631104	39.02439024390244	1e-06
59	1	233	1.4070525169372559	46.0	1e-06
59	2	234	1.4864104986190796	42.0	1e-06
59	3	235	1.4184497594833374	44.0	1e-06
59	4	236	1.4055825471878052	39.02439024390244	1e-06
60	1	237	1.4012953042984009	30.0	1e-06
60	2	238	1.4037911891937256	44.0	1e-06
60	3	239	1.4550055265426636	42.0	1e-06
60	4	240	1.3815674781799316	56.09756097560975	1e-06
61	1	241	1.4007141590118408	48.0	1e-06
61	2	242	1.42474365234375	38.0	1e-06
61	3	243	1.3456025123596191	44.0	1e-06
61	4	244	1.4991488456726074	34.146341463414636	1e-06
62	1	245	1.46189284324646	38.0	1e-06
62	2	246	1.3382062911987305	46.0	1e-06
62	3	247	1.3885633945465088	44.0	1e-06
62	4	248	1.4437347650527954	34.146341463414636	1e-06
63	1	249	1.4083229303359985	44.0	1e-06
63	2	250	1.4479708671569824	38.0	1e-06
63	3	251	1.4402592182159424	44.0	1e-06
63	4	252	1.4188446998596191	46.34146341463415	1e-06
64	1	253	1.4256478548049927	48.0	1e-06
64	2	254	1.3912615776062012	38.0	1e-06
64	3	255	1.4736852645874023	38.0	1e-06
64	4	256	1.3530571460723877	34.146341463414636	1e-06
65	1	257	1.3704806566238403	42.0	1e-06
65	2	258	1.390432596206665	40.0	1e-06
65	3	259	1.3086718320846558	42.0	1e-06
65	4	260	1.4831281900405884	43.90243902439025	1e-06
66	1	261	1.3839761018753052	54.0	1e-06
66	2	262	1.43100905418396	38.0	1e-06
66	3	263	1.333370566368103	44.0	1e-06
66	4	264	1.5023643970489502	31.70731707317073	1e-06
67	1	265	1.3965603113174438	52.0	1e-06
67	2	266	1.3098232746124268	46.0	1e-06
67	3	267	1.4115307331085205	40.0	1e-06
67	4	268	1.4263746738433838	34.146341463414636	1e-06
68	1	269	1.5431408882141113	28.0	1e-06
68	2	270	1.3654320240020752	50.0	1e-06
68	3	271	1.412116289138794	46.0	1e-06
68	4	272	1.3630058765411377	39.02439024390244	1e-06
69	1	273	1.4219530820846558	36.0	1e-06
69	2	274	1.314772367477417	48.0	1e-06
69	3	275	1.4160009622573853	40.0	1e-06
69	4	276	1.3683542013168335	31.70731707317073	1e-06
70	1	277	1.3596301078796387	46.0	1e-06
70	2	278	1.5073683261871338	36.0	1e-06
70	3	279	1.3465858697891235	34.0	1e-06
70	4	280	1.4722245931625366	41.46341463414634	1e-06
71	1	281	1.299155592918396	48.0	1e-06
71	2	282	1.4143272638320923	44.0	1e-06
71	3	283	1.4067039489746094	32.0	1e-06
71	4	284	1.4782354831695557	41.46341463414634	1e-06
72	1	285	1.3809075355529785	48.0	1e-06
72	2	286	1.346541166305542	40.0	1e-06
72	3	287	1.3367401361465454	34.0	1e-06
72	4	288	1.3548215627670288	41.46341463414634	1e-06
73	1	289	1.3440008163452148	50.0	1e-06
73	2	290	1.381847858428955	40.0	1e-06
73	3	291	1.464266061782837	42.0	1e-06
73	4	292	1.3839198350906372	43.90243902439025	1e-06
74	1	293	1.4150105714797974	38.0	1e-06
74	2	294	1.3241641521453857	62.0	1e-06
74	3	295	1.3834457397460938	42.0	1e-06
74	4	296	1.3705463409423828	39.02439024390244	1e-06
75	1	297	1.3677984476089478	44.0	1e-06
75	2	298	1.3109283447265625	44.0	1e-06
75	3	299	1.4170113801956177	54.0	1e-06
75	4	300	1.4045203924179077	31.70731707317073	1e-06
76	1	301	1.385477900505066	42.0	1e-06
76	2	302	1.3713867664337158	52.0	1e-06
76	3	303	1.3509547710418701	50.0	1e-06
76	4	304	1.3783643245697021	41.46341463414634	1e-06
77	1	305	1.254555344581604	54.0	1e-06
77	2	306	1.4586741924285889	38.0	1e-06
77	3	307	1.2745184898376465	46.0	1e-06
77	4	308	1.3478323221206665	48.78048780487805	1e-06
78	1	309	1.3546916246414185	38.0	1e-06
78	2	310	1.295443058013916	40.0	1e-06
78	3	311	1.3789024353027344	42.0	1e-06
78	4	312	1.3502984046936035	48.78048780487805	1e-06
79	1	313	1.3642181158065796	40.0	1e-06
79	2	314	1.312771201133728	50.0	1e-06
79	3	315	1.350514531135559	50.0	1e-06
79	4	316	1.3267430067062378	43.90243902439025	1e-06
80	1	317	1.3035900592803955	42.0	1e-06
80	2	318	1.4051281213760376	46.0	1e-06
80	3	319	1.3118976354599	46.0	1e-06
80	4	320	1.4282160997390747	36.58536585365854	1e-06
81	1	321	1.3491358757019043	50.0	1e-06
81	2	322	1.3592848777770996	44.0	1e-06
81	3	323	1.295486330986023	36.0	1e-06
81	4	324	1.2988662719726562	51.21951219512195	1e-06
82	1	325	1.3517985343933105	44.0	1e-06
82	2	326	1.283876895904541	56.0	1e-06
82	3	327	1.3893704414367676	46.0	1e-06
82	4	328	1.4173959493637085	36.58536585365854	1e-06
83	1	329	1.3314203023910522	40.0	1e-06
83	2	330	1.3520742654800415	46.0	1e-06
83	3	331	1.3747080564498901	32.0	1e-06
83	4	332	1.3280599117279053	48.78048780487805	1e-06
84	1	333	1.2660940885543823	50.0	1e-06
84	2	334	1.3341292142868042	46.0	1e-06
84	3	335	1.3518705368041992	44.0	1e-06
84	4	336	1.2802977561950684	36.58536585365854	1e-06
85	1	337	1.398073434829712	46.0	1e-06
85	2	338	1.2878881692886353	40.0	1e-06
85	3	339	1.3357244729995728	44.0	1e-06
85	4	340	1.3595863580703735	31.70731707317073	1e-06
86	1	341	1.2684215307235718	50.0	1e-06
86	2	342	1.2496423721313477	62.0	1e-06
86	3	343	1.3460264205932617	44.0	1e-06
86	4	344	1.3449301719665527	46.34146341463415	1e-06
87	1	345	1.292770266532898	46.0	1e-06
87	2	346	1.3857507705688477	50.0	1e-06
87	3	347	1.3335082530975342	48.0	1e-06
87	4	348	1.2585233449935913	51.21951219512195	1e-06
88	1	349	1.4068816900253296	36.0	1e-06
88	2	350	1.1988927125930786	62.0	1e-06
88	3	351	1.273478627204895	48.0	1e-06
88	4	352	1.2704252004623413	51.21951219512195	1e-06
89	1	353	1.2808825969696045	34.0	1e-06
89	2	354	1.2579444646835327	52.0	1e-06
89	3	355	1.3028956651687622	36.0	1e-06
89	4	356	1.3581862449645996	46.34146341463415	1e-06
90	1	357	1.2894588708877563	44.0	1e-06
90	2	358	1.2628542184829712	58.0	1e-06
90	3	359	1.3721295595169067	36.0	1e-06
90	4	360	1.3185350894927979	43.90243902439025	1e-06
91	1	361	1.2536325454711914	54.0	1e-06
91	2	362	1.2424266338348389	46.0	1e-06
91	3	363	1.2855582237243652	52.0	1e-06
91	4	364	1.371744155883789	48.78048780487805	1e-06
92	1	365	1.2347261905670166	48.0	1e-06
92	2	366	1.240769863128662	54.0	1e-06
92	3	367	1.337788701057434	38.0	1e-06
92	4	368	1.308553695678711	48.78048780487805	1e-06
93	1	369	1.3765507936477661	42.0	1e-06
93	2	370	1.3162559270858765	50.0	1e-06
93	3	371	1.2060543298721313	54.0	1e-06
93	4	372	1.2273824214935303	63.41463414634146	1e-06
94	1	373	1.2151480913162231	42.0	1e-06
94	2	374	1.2848117351531982	54.0	1e-06
94	3	375	1.2663307189941406	50.0	1e-06
94	4	376	1.2741483449935913	41.46341463414634	1e-06
95	1	377	1.258423924446106	56.0	1e-06
95	2	378	1.29945969581604	52.0	1e-06
95	3	379	1.3231608867645264	44.0	1e-06
95	4	380	1.2785481214523315	36.58536585365854	1e-06
96	1	381	1.2480255365371704	50.0	1e-06
96	2	382	1.3036432266235352	42.0	1e-06
96	3	383	1.2621933221817017	42.0	1e-06
96	4	384	1.316544771194458	53.65853658536585	1e-06
97	1	385	1.3593045473098755	48.0	1e-06
97	2	386	1.264580249786377	46.0	1e-06
97	3	387	1.3315000534057617	48.0	1e-06
97	4	388	1.2560158967971802	51.21951219512195	1e-06
98	1	389	1.4016470909118652	38.0	1e-06
98	2	390	1.2890042066574097	42.0	1e-06
98	3	391	1.269253134727478	48.0	1e-06
98	4	392	1.1796457767486572	68.29268292682927	1e-06
99	1	393	1.171082615852356	54.0	1e-06
99	2	394	1.2538284063339233	44.0	1e-06
99	3	395	1.2140227556228638	48.0	1e-06
99	4	396	1.360529899597168	36.58536585365854	1e-06
100	1	397	1.2674534320831299	58.0	1e-06
100	2	398	1.3360649347305298	44.0	1e-06
100	3	399	1.2092969417572021	62.0	1e-06
100	4	400	1.2720035314559937	41.46341463414634	1e-06
101	1	401	1.2926411628723145	48.0	1e-06
101	2	402	1.2159326076507568	58.0	1e-06
101	3	403	1.2711808681488037	50.0	1e-06
101	4	404	1.2397993803024292	41.46341463414634	1e-06
102	1	405	1.3911917209625244	46.0	1e-06
102	2	406	1.2928802967071533	46.0	1e-06
102	3	407	1.2769602537155151	62.0	1e-06
102	4	408	1.199039101600647	46.34146341463415	1e-06
103	1	409	1.196516752243042	54.0	1e-06
103	2	410	1.2730357646942139	40.0	1e-06
103	3	411	1.2757835388183594	40.0	1e-06
103	4	412	1.2444998025894165	41.46341463414634	1e-06
104	1	413	1.3173332214355469	44.0	1e-06
104	2	414	1.2652207612991333	50.0	1e-06
104	3	415	1.3246848583221436	42.0	1e-06
104	4	416	1.1663023233413696	56.09756097560975	1e-06
105	1	417	1.2566050291061401	48.0	1e-06
105	2	418	1.245910882949829	52.0	1e-06
105	3	419	1.280349612236023	44.0	1e-06
105	4	420	1.1777012348175049	48.78048780487805	1e-06
106	1	421	1.2086998224258423	64.0	1e-06
106	2	422	1.2548303604125977	56.0	1e-06
106	3	423	1.3180527687072754	40.0	1e-06
106	4	424	1.2807466983795166	58.53658536585366	1e-06
107	1	425	1.309937596321106	46.0	1e-06
107	2	426	1.1962357759475708	58.0	1e-06
107	3	427	1.2459887266159058	46.0	1e-06
107	4	428	1.2272967100143433	60.97560975609756	1e-06
108	1	429	1.2789242267608643	50.0	1e-06
108	2	430	1.1955970525741577	56.0	1e-06
108	3	431	1.2303744554519653	58.0	1e-06
108	4	432	1.1902457475662231	36.58536585365854	1e-06
109	1	433	1.2346668243408203	52.0	1e-06
109	2	434	1.3055764436721802	36.0	1e-06
109	3	435	1.237533450126648	48.0	1e-06
109	4	436	1.2002122402191162	58.53658536585366	1e-06
110	1	437	1.281853199005127	44.0	1e-06
110	2	438	1.192773461341858	50.0	1e-06
110	3	439	1.2375479936599731	58.0	1e-06
110	4	440	1.2278720140457153	46.34146341463415	1e-06
111	1	441	1.2124038934707642	46.0	1e-06
111	2	442	1.2282500267028809	56.0	1e-06
111	3	443	1.2763437032699585	38.0	1e-06
111	4	444	1.196956992149353	60.97560975609756	1e-06
112	1	445	1.212083339691162	48.0	1e-06
112	2	446	1.2497118711471558	56.0	1e-06
112	3	447	1.2025445699691772	62.0	1e-06
112	4	448	1.1889294385910034	43.90243902439025	1e-06
113	1	449	1.2476885318756104	48.0	1e-06
113	2	450	1.1721606254577637	54.0	1e-06
113	3	451	1.3428913354873657	48.0	1e-06
113	4	452	1.2229688167572021	53.65853658536585	1e-06
114	1	453	1.2563674449920654	40.0	1e-06
114	2	454	1.1818251609802246	64.0	1e-06
114	3	455	1.237160325050354	56.0	1e-06
114	4	456	1.2112958431243896	53.65853658536585	1e-06
115	1	457	1.2641364336013794	48.0	1e-06
115	2	458	1.2535088062286377	60.0	1e-06
115	3	459	1.1894147396087646	50.0	1e-06
115	4	460	1.1924885511398315	53.65853658536585	1e-06
116	1	461	1.1801724433898926	54.0	1e-06
116	2	462	1.2168755531311035	52.0	1e-06
116	3	463	1.2505079507827759	52.0	1e-06
116	4	464	1.255808711051941	48.78048780487805	1e-06
117	1	465	1.2035212516784668	54.0	1e-06
117	2	466	1.1838712692260742	58.0	1e-06
117	3	467	1.1412410736083984	54.0	1e-06
117	4	468	1.1946561336517334	63.41463414634146	1e-06
118	1	469	1.208062767982483	50.0	1e-06
118	2	470	1.2147852182388306	56.0	1e-06
118	3	471	1.1999367475509644	56.0	1e-06
118	4	472	1.262871265411377	39.02439024390244	1e-06
119	1	473	1.1942689418792725	56.0	1e-06
119	2	474	1.317650318145752	56.0	1e-06
119	3	475	1.216357707977295	54.0	1e-06
119	4	476	1.2005665302276611	43.90243902439025	1e-06
120	1	477	1.1669831275939941	50.0	1e-06
120	2	478	1.2300422191619873	50.0	1e-06
120	3	479	1.2166714668273926	48.0	1e-06
120	4	480	1.1351454257965088	63.41463414634146	1e-06
121	1	481	1.2034788131713867	50.0	1e-06
121	2	482	1.2327333688735962	48.0	1e-06
121	3	483	1.2487077713012695	64.0	1e-06
121	4	484	1.2216306924819946	58.53658536585366	1e-06
122	1	485	1.1249744892120361	54.0	1e-06
122	2	486	1.2042322158813477	58.0	1e-06
122	3	487	1.2192182540893555	60.0	1e-06
122	4	488	1.2380703687667847	39.02439024390244	1e-06
123	1	489	1.2367794513702393	44.0	1e-06
123	2	490	1.2488868236541748	62.0	1e-06
123	3	491	1.1901140213012695	52.0	1e-06
123	4	492	1.240598201751709	56.09756097560975	1e-06
124	1	493	1.234663724899292	50.0	1e-06
124	2	494	1.233283519744873	46.0	1e-06
124	3	495	1.12111234664917	62.0	1e-06
124	4	496	1.2102802991867065	46.34146341463415	1e-06
125	1	497	1.2472854852676392	50.0	1e-06
125	2	498	1.1425944566726685	56.0	1e-06
125	3	499	1.1881989240646362	52.0	1e-06
125	4	500	1.1663494110107422	46.34146341463415	1e-06
126	1	501	1.1676459312438965	50.0	1e-06
126	2	502	1.2176517248153687	56.0	1e-06
126	3	503	1.2062864303588867	52.0	1e-06
126	4	504	1.1608562469482422	53.65853658536585	1e-06
127	1	505	1.3030551671981812	52.0	1e-06
127	2	506	1.181502103805542	42.0	1e-06
127	3	507	1.1678043603897095	58.0	1e-06
127	4	508	1.2202481031417847	63.41463414634146	1e-06
128	1	509	1.2603638172149658	56.0	1e-06
128	2	510	1.2101303339004517	52.0	1e-06
128	3	511	1.1643401384353638	50.0	1e-06
128	4	512	1.131779432296753	56.09756097560975	1e-06
129	1	513	1.1984522342681885	58.0	1e-06
129	2	514	1.2363735437393188	48.0	1e-06
129	3	515	1.1402888298034668	60.0	1e-06
129	4	516	1.230705976486206	36.58536585365854	1e-06
130	1	517	1.1773834228515625	50.0	1e-06
130	2	518	1.131404161453247	64.0	1e-06
130	3	519	1.1538670063018799	46.0	1e-06
130	4	520	1.2160769701004028	58.53658536585366	1e-06
131	1	521	1.1776756048202515	70.0	1e-06
131	2	522	1.1536798477172852	62.0	1e-06
131	3	523	1.2134002447128296	50.0	1e-06
131	4	524	1.1654244661331177	48.78048780487805	1e-06
132	1	525	1.2315070629119873	50.0	1e-06
132	2	526	1.242623209953308	48.0	1e-06
132	3	527	1.1385668516159058	62.0	1e-06
132	4	528	1.173862099647522	58.53658536585366	1e-06
133	1	529	1.2050281763076782	52.0	1e-06
133	2	530	1.1817982196807861	58.0	1e-06
133	3	531	1.205124020576477	58.0	1e-06
133	4	532	1.2370682954788208	53.65853658536585	1e-06
134	1	533	1.2098726034164429	48.0	1e-06
134	2	534	1.1443861722946167	60.0	1e-06
134	3	535	1.2358018159866333	44.0	1e-06
134	4	536	1.1635714769363403	58.53658536585366	1e-06
135	1	537	1.194283366203308	52.0	1e-06
135	2	538	1.1556410789489746	56.0	1e-06
135	3	539	1.143918514251709	68.0	1e-06
135	4	540	1.1506805419921875	58.53658536585366	1e-06
136	1	541	1.2152290344238281	56.0	1e-06
136	2	542	1.1487858295440674	62.0	1e-06
136	3	543	1.1538028717041016	50.0	1e-06
136	4	544	1.1060612201690674	60.97560975609756	1e-06
137	1	545	1.1284128427505493	56.0	1e-06
137	2	546	1.1562633514404297	48.0	1e-06
137	3	547	1.1724451780319214	58.0	1e-06
137	4	548	1.1606744527816772	53.65853658536585	1e-06
138	1	549	1.15083909034729	48.0	1e-06
138	2	550	1.1576770544052124	50.0	1e-06
138	3	551	1.2009053230285645	36.0	1e-06
138	4	552	1.141388177871704	58.53658536585366	1e-06
139	1	553	1.2286030054092407	56.0	1e-06
139	2	554	1.1812418699264526	62.0	1e-06
139	3	555	1.2931054830551147	48.0	1e-06
139	4	556	1.147789716720581	48.78048780487805	1e-06
140	1	557	1.1009345054626465	62.0	1e-06
140	2	558	1.1217780113220215	66.0	1e-06
140	3	559	1.122481107711792	66.0	1e-06
140	4	560	1.1931705474853516	41.46341463414634	1e-06
141	1	561	1.056882381439209	66.0	1e-06
141	2	562	1.1461395025253296	50.0	1e-06
141	3	563	1.2748805284500122	46.0	1e-06
141	4	564	1.2401833534240723	48.78048780487805	1e-06
142	1	565	1.1459547281265259	50.0	1e-06
142	2	566	1.1042002439498901	60.0	1e-06
142	3	567	1.1462949514389038	62.0	1e-06
142	4	568	1.1570371389389038	56.09756097560975	1e-06
143	1	569	1.1708873510360718	54.0	1e-06
143	2	570	1.1418617963790894	52.0	1e-06
143	3	571	1.0852776765823364	66.0	1e-06
143	4	572	1.087235927581787	53.65853658536585	1e-06
144	1	573	1.1472572088241577	58.0	1e-06
144	2	574	1.1222383975982666	62.0	1e-06
144	3	575	1.1638816595077515	52.0	1e-06
144	4	576	1.0763263702392578	60.97560975609756	1e-06
145	1	577	1.1431965827941895	56.0	1e-06
145	2	578	1.1189182996749878	64.0	1e-06
145	3	579	1.0784932374954224	64.0	1e-06
145	4	580	1.2035218477249146	63.41463414634146	1e-06
146	1	581	1.1136298179626465	54.0	1e-06
146	2	582	1.1538909673690796	60.0	1e-06
146	3	583	1.1146061420440674	58.0	1e-06
146	4	584	1.2043033838272095	46.34146341463415	1e-06
147	1	585	1.1121494770050049	64.0	1e-06
147	2	586	1.1452997922897339	44.0	1e-06
147	3	587	1.1720489263534546	56.0	1e-06
147	4	588	1.1495184898376465	60.97560975609756	1e-06
148	1	589	1.1149498224258423	62.0	1e-06
148	2	590	1.1551158428192139	56.0	1e-06
148	3	591	1.1190218925476074	52.0	1e-06
148	4	592	1.0716218948364258	70.73170731707317	1e-06
149	1	593	1.156523585319519	58.0	1e-06
149	2	594	1.064611554145813	68.0	1e-06
149	3	595	1.1478227376937866	52.0	1e-06
149	4	596	1.0751467943191528	63.41463414634146	1e-06
150	1	597	1.156944990158081	50.0	1e-06
150	2	598	1.0818145275115967	60.0	1e-06
150	3	599	1.131792426109314	56.0	1e-06
150	4	600	1.1143743991851807	51.21951219512195	1e-06
151	1	601	1.119243860244751	68.0	1e-06
151	2	602	1.189795732498169	50.0	1e-06
151	3	603	1.1692278385162354	50.0	1e-06
151	4	604	1.1239851713180542	46.34146341463415	1e-06
152	1	605	1.0720808506011963	60.0	1e-06
152	2	606	1.1401957273483276	50.0	1e-06
152	3	607	1.121078610420227	52.0	1e-06
152	4	608	1.016398310661316	68.29268292682927	1e-06
153	1	609	1.2001899480819702	54.0	1e-06
153	2	610	1.102393627166748	54.0	1e-06
153	3	611	1.1158605813980103	62.0	1e-06
153	4	612	1.1210038661956787	53.65853658536585	1e-06
154	1	613	1.1388659477233887	64.0	1e-06
154	2	614	1.1617372035980225	60.0	1e-06
154	3	615	1.1367017030715942	48.0	1e-06
154	4	616	1.0673431158065796	63.41463414634146	1e-06
155	1	617	1.092043399810791	60.0	1e-06
155	2	618	1.1081069707870483	54.0	1e-06
155	3	619	1.1119354963302612	62.0	1e-06
155	4	620	1.1052716970443726	51.21951219512195	1e-06
156	1	621	1.087172508239746	64.0	1e-06
156	2	622	1.0976991653442383	54.0	1e-06
156	3	623	1.0967944860458374	52.0	1e-06
156	4	624	1.1363145112991333	48.78048780487805	1e-06
157	1	625	1.0863903760910034	66.0	1e-06
157	2	626	1.141807198524475	58.0	1e-06
157	3	627	1.1192272901535034	58.0	1e-06
157	4	628	1.236146092414856	41.46341463414634	1e-06
158	1	629	1.086371898651123	60.0	1e-06
158	2	630	1.1913363933563232	54.0	1e-06
158	3	631	1.0699553489685059	60.0	1e-06
158	4	632	1.1540706157684326	56.09756097560975	1e-06
159	1	633	1.0660966634750366	52.0	1e-06
159	2	634	1.106824278831482	66.0	1e-06
159	3	635	1.1750563383102417	58.0	1e-06
159	4	636	1.126081109046936	60.97560975609756	1e-06
160	1	637	1.1388161182403564	54.0	1e-06
160	2	638	1.0680683851242065	68.0	1e-06
160	3	639	1.1161099672317505	60.0	1e-06
160	4	640	1.1259537935256958	41.46341463414634	1e-06
161	1	641	1.026340365409851	74.0	1e-06
161	2	642	1.1203582286834717	52.0	1e-06
161	3	643	1.1527940034866333	54.0	1e-06
161	4	644	1.1187623739242554	53.65853658536585	1e-06
162	1	645	1.0995571613311768	58.0	1e-06
162	2	646	1.1381571292877197	54.0	1e-06
162	3	647	1.0998154878616333	62.0	1e-06
162	4	648	1.0415836572647095	63.41463414634146	1e-06
163	1	649	1.1127195358276367	50.0	1e-06
163	2	650	1.1206063032150269	66.0	1e-06
163	3	651	1.1596629619598389	48.0	1e-06
163	4	652	1.0654006004333496	68.29268292682927	1e-06
164	1	653	1.095464825630188	56.0	1e-06
164	2	654	1.0621538162231445	68.0	1e-06
164	3	655	1.129969596862793	58.0	1e-06
164	4	656	0.9932902455329895	65.85365853658537	1e-06
165	1	657	1.0737138986587524	60.0	1e-06
165	2	658	1.0564241409301758	62.0	1e-06
165	3	659	1.0354301929473877	64.0	1e-06
165	4	660	1.1406832933425903	48.78048780487805	1e-06
166	1	661	1.1148117780685425	64.0	1e-06
166	2	662	1.0751898288726807	58.0	1e-06
166	3	663	1.0685776472091675	62.0	1e-06
166	4	664	1.1078133583068848	56.09756097560975	1e-06
167	1	665	1.0728567838668823	70.0	1e-06
167	2	666	1.044398307800293	60.0	1e-06
167	3	667	1.146165132522583	56.0	1e-06
167	4	668	1.1142723560333252	51.21951219512195	1e-06
168	1	669	1.1278434991836548	50.0	1e-06
168	2	670	1.07706618309021	60.0	1e-06
168	3	671	1.070508599281311	66.0	1e-06
168	4	672	1.0945370197296143	63.41463414634146	1e-06
169	1	673	1.0811660289764404	68.0	1e-06
169	2	674	1.073440670967102	74.0	1e-06
169	3	675	1.1312835216522217	52.0	1e-06
169	4	676	1.0790070295333862	58.53658536585366	1e-06
170	1	677	1.0729304552078247	52.0	1e-06
170	2	678	1.0393915176391602	72.0	1e-06
170	3	679	1.1884417533874512	46.0	1e-06
170	4	680	1.1204746961593628	56.09756097560975	1e-06
171	1	681	1.0660374164581299	66.0	1e-06
171	2	682	1.0193145275115967	68.0	1e-06
171	3	683	1.115402102470398	48.0	1e-06
171	4	684	1.0466082096099854	68.29268292682927	1e-06
172	1	685	1.0540342330932617	62.0	1e-06
172	2	686	1.1163735389709473	56.0	1e-06
172	3	687	1.1257621049880981	58.0	1e-06
172	4	688	1.1087068319320679	60.97560975609756	1e-06
173	1	689	1.0770251750946045	64.0	1e-06
173	2	690	1.1156227588653564	60.0	1e-06
173	3	691	1.0582740306854248	64.0	1e-06
173	4	692	1.0226552486419678	73.17073170731707	1e-06
174	1	693	0.9992937445640564	60.0	1e-06
174	2	694	1.0982130765914917	58.0	1e-06
174	3	695	1.0924746990203857	64.0	1e-06
174	4	696	1.1830798387527466	46.34146341463415	1e-06
175	1	697	1.0277224779129028	64.0	1e-06
175	2	698	1.119429111480713	52.0	1e-06
175	3	699	1.050399899482727	58.0	1e-06
175	4	700	1.0520333051681519	63.41463414634146	1e-06
176	1	701	1.095410943031311	52.0	1e-06
176	2	702	1.0833622217178345	56.0	1e-06
176	3	703	1.0925686359405518	60.0	1e-06
176	4	704	1.0201222896575928	58.53658536585366	1e-06
177	1	705	1.0703275203704834	58.0	1e-06
177	2	706	1.059776782989502	64.0	1e-06
177	3	707	1.0144134759902954	68.0	1e-06
177	4	708	1.1645342111587524	58.53658536585366	1e-06
178	1	709	1.0492557287216187	74.0	1e-06
178	2	710	1.07744562625885	66.0	1e-06
178	3	711	1.0878503322601318	66.0	1e-06
178	4	712	1.0491843223571777	58.53658536585366	1e-06
179	1	713	1.083909511566162	64.0	1e-06
179	2	714	1.0283198356628418	58.0	1e-06
179	3	715	1.1338566541671753	48.0	1e-06
179	4	716	1.0857176780700684	48.78048780487805	1e-06
180	1	717	1.1322615146636963	54.0	1e-06
180	2	718	1.018347978591919	62.0	1e-06
180	3	719	1.1082673072814941	56.0	1e-06
180	4	720	1.1086472272872925	41.46341463414634	1e-06
181	1	721	1.028588056564331	64.0	1e-06
181	2	722	1.089623212814331	56.0	1e-06
181	3	723	1.1120295524597168	52.0	1e-06
181	4	724	1.0865188837051392	56.09756097560975	1e-06
182	1	725	1.0320305824279785	62.0	1e-06
182	2	726	1.0357530117034912	52.0	1e-06
182	3	727	1.0776846408843994	58.0	1e-06
182	4	728	1.0498157739639282	43.90243902439025	1e-06
183	1	729	1.1456496715545654	58.0	1e-06
183	2	730	1.0373069047927856	58.0	1e-06
183	3	731	1.038616418838501	70.0	1e-06
183	4	732	1.110262155532837	60.97560975609756	1e-06
184	1	733	1.0512280464172363	64.0	1e-06
184	2	734	1.0761709213256836	64.0	1e-06
184	3	735	1.07302987575531	60.0	1e-06
184	4	736	1.0069245100021362	65.85365853658537	1e-06
185	1	737	1.057775855064392	52.0	1e-06
185	2	738	0.9950904846191406	68.0	1e-06
185	3	739	1.078168511390686	52.0	1e-06
185	4	740	1.127846121788025	48.78048780487805	1e-06
186	1	741	1.0857043266296387	50.0	1e-06
186	2	742	1.0474833250045776	58.0	1e-06
186	3	743	1.0398069620132446	62.0	1e-06
186	4	744	1.0605701208114624	48.78048780487805	1e-06
187	1	745	1.1237225532531738	68.0	1e-06
187	2	746	1.0233852863311768	58.0	1e-06
187	3	747	1.039584994316101	60.0	1e-06
187	4	748	1.054930567741394	58.53658536585366	1e-06
188	1	749	1.051339864730835	62.0	1e-06
188	2	750	1.113553762435913	62.0	1e-06
188	3	751	1.03792142868042	52.0	1e-06
188	4	752	0.972227156162262	63.41463414634146	1e-06
189	1	753	1.0820788145065308	58.0	1e-06
189	2	754	0.9912208318710327	72.0	1e-06
189	3	755	1.0494478940963745	58.0	1e-06
189	4	756	1.0386860370635986	58.53658536585366	1e-06
190	1	757	1.06455397605896	68.0	1e-06
190	2	758	1.0202405452728271	62.0	1e-06
190	3	759	1.0498857498168945	60.0	1e-06
190	4	760	0.9665576815605164	63.41463414634146	1e-06
191	1	761	1.0370573997497559	62.0	1e-06
191	2	762	1.0982238054275513	48.0	1e-06
191	3	763	1.018337368965149	58.0	1e-06
191	4	764	1.0585379600524902	58.53658536585366	1e-06
192	1	765	1.1082147359848022	60.0	1e-06
192	2	766	1.0184104442596436	68.0	1e-06
192	3	767	1.0769164562225342	56.0	1e-06
192	4	768	0.9844825267791748	70.73170731707317	1e-06
193	1	769	1.0473127365112305	58.0	1e-06
193	2	770	0.9622709155082703	74.0	1e-06
193	3	771	0.9992455840110779	66.0	1e-06
193	4	772	0.9982818961143494	53.65853658536585	1e-06
194	1	773	1.0849817991256714	62.0	1e-06
194	2	774	1.0680444240570068	54.0	1e-06
194	3	775	1.0254178047180176	68.0	1e-06
194	4	776	1.049033761024475	51.21951219512195	1e-06
195	1	777	1.0627652406692505	58.0	1e-06
195	2	778	1.0128422975540161	64.0	1e-06
195	3	779	0.9782010912895203	60.0	1e-06
195	4	780	1.0330259799957275	58.53658536585366	1e-06
196	1	781	1.0245513916015625	64.0	1e-06
196	2	782	0.9950883388519287	68.0	1e-06
196	3	783	1.067717432975769	56.0	1e-06
196	4	784	1.1099084615707397	43.90243902439025	1e-06
197	1	785	1.049607515335083	46.0	1e-06
197	2	786	1.0411267280578613	52.0	1e-06
197	3	787	0.9904869198799133	70.0	1e-06
197	4	788	1.0512179136276245	60.97560975609756	1e-06
198	1	789	1.0581589937210083	62.0	1e-06
198	2	790	1.0095540285110474	66.0	1e-06
198	3	791	1.0168423652648926	70.0	1e-06
198	4	792	1.0189948081970215	60.97560975609756	1e-06
199	1	793	1.044007420539856	58.0	1e-06
199	2	794	0.9805476665496826	74.0	1e-06
199	3	795	0.9806245565414429	60.0	1e-06
199	4	796	1.0254815816879272	60.97560975609756	1e-06
200	1	797	1.1285191774368286	56.0	1e-06
200	2	798	1.0153770446777344	70.0	1e-06
200	3	799	1.006791114807129	72.0	1e-06
200	4	800	1.0009034872055054	60.97560975609756	1e-06
201	1	801	1.043224811553955	62.0	1e-06
201	2	802	0.9890030026435852	62.0	1e-06
201	3	803	1.0911961793899536	44.0	1e-06
201	4	804	1.0167365074157715	63.41463414634146	1e-06
202	1	805	1.0110900402069092	62.0	1e-06
202	2	806	1.0296874046325684	72.0	1e-06
202	3	807	1.082576036453247	52.0	1e-06
202	4	808	1.003878116607666	58.53658536585366	1e-06
203	1	809	0.9765793681144714	66.0	1e-06
203	2	810	1.0490703582763672	58.0	1e-06
203	3	811	0.9764971733093262	70.0	1e-06
203	4	812	1.0778813362121582	63.41463414634146	1e-06
204	1	813	1.0279958248138428	62.0	1e-06
204	2	814	1.083848237991333	52.0	1e-06
204	3	815	1.031509518623352	60.0	1e-06
204	4	816	0.9733452200889587	65.85365853658537	1e-06
205	1	817	0.9842212796211243	70.0	1e-06
205	2	818	1.0224874019622803	60.0	1e-06
205	3	819	1.0416367053985596	66.0	1e-06
205	4	820	1.055983066558838	51.21951219512195	1e-06
206	1	821	1.0173711776733398	70.0	1e-06
206	2	822	0.962890625	66.0	1e-06
206	3	823	0.9815559983253479	72.0	1e-06
206	4	824	1.0061486959457397	63.41463414634146	1e-06
207	1	825	1.009214162826538	58.0	1e-06
207	2	826	1.0100841522216797	66.0	1e-06
207	3	827	0.9937297105789185	56.0	1e-06
207	4	828	0.9548869132995605	65.85365853658537	1e-06
208	1	829	1.0253061056137085	60.0	1e-06
208	2	830	1.0393991470336914	74.0	1e-06
208	3	831	0.9930645823478699	66.0	1e-06
208	4	832	1.273792028427124	43.90243902439025	1e-06
209	1	833	0.9839919805526733	74.0	1e-06
209	2	834	1.0121204853057861	66.0	1e-06
209	3	835	1.0609862804412842	58.0	1e-06
209	4	836	1.0169939994812012	65.85365853658537	1e-06
210	1	837	0.9934717416763306	54.0	1e-06
210	2	838	0.9542211890220642	72.0	1e-06
210	3	839	1.0217485427856445	58.0	1e-06
210	4	840	0.9631960988044739	65.85365853658537	1e-06
211	1	841	0.9581562280654907	68.0	1e-06
211	2	842	1.0337121486663818	48.0	1e-06
211	3	843	0.951027512550354	54.0	1e-06
211	4	844	1.0037062168121338	63.41463414634146	1e-06
212	1	845	0.9776635766029358	72.0	1e-06
212	2	846	1.1258217096328735	50.0	1e-06
212	3	847	0.9988684058189392	60.0	1e-06
212	4	848	1.0516108274459839	68.29268292682927	1e-06
213	1	849	1.016236662864685	58.0	1e-06
213	2	850	0.9739643931388855	60.0	1e-06
213	3	851	1.0014857053756714	62.0	1e-06
213	4	852	1.000693917274475	51.21951219512195	1e-06
214	1	853	1.072757363319397	62.0	1e-06
214	2	854	1.0084346532821655	58.0	1e-06
214	3	855	0.9753845930099487	70.0	1e-06
214	4	856	0.9739076495170593	60.97560975609756	1e-06
215	1	857	0.9558438062667847	58.0	1e-06
215	2	858	1.0295605659484863	54.0	1e-06
215	3	859	0.9683142900466919	70.0	1e-06
215	4	860	0.966501772403717	63.41463414634146	1e-06
216	1	861	1.0346343517303467	60.0	1e-06
216	2	862	1.003374457359314	64.0	1e-06
216	3	863	0.9494251012802124	72.0	1e-06
216	4	864	0.9890725612640381	65.85365853658537	1e-06
217	1	865	0.9811854362487793	64.0	1e-06
217	2	866	0.9917416572570801	70.0	1e-06
217	3	867	0.9728460907936096	68.0	1e-06
217	4	868	0.9512947797775269	63.41463414634146	1e-06
218	1	869	1.0137275457382202	64.0	1e-06
218	2	870	1.006723403930664	58.0	1e-06
218	3	871	0.9536038041114807	76.0	1e-06
218	4	872	0.9531158804893494	58.53658536585366	1e-06
219	1	873	1.0154643058776855	60.0	1e-06
219	2	874	0.982642650604248	58.0	1e-06
219	3	875	0.9639143943786621	68.0	1e-06
219	4	876	0.9743929505348206	68.29268292682927	1e-06
220	1	877	0.9435875415802002	70.0	1e-06
220	2	878	1.0055164098739624	62.0	1e-06
220	3	879	0.9739186763763428	68.0	1e-06
220	4	880	1.0728505849838257	46.34146341463415	1e-06
221	1	881	1.0159997940063477	58.0	1e-06
221	2	882	0.9837223887443542	62.0	1e-06
221	3	883	0.9925670623779297	64.0	1e-06
221	4	884	0.9911555051803589	53.65853658536585	1e-06
222	1	885	0.9696288108825684	64.0	1e-06
222	2	886	0.9750107526779175	64.0	1e-06
222	3	887	1.0527251958847046	58.0	1e-06
222	4	888	0.9536582231521606	73.17073170731707	1e-06
223	1	889	1.0404832363128662	60.0	1e-06
223	2	890	1.0023047924041748	56.0	1e-06
223	3	891	1.0612205266952515	52.0	1e-06
223	4	892	0.9390040040016174	68.29268292682927	1e-06
224	1	893	0.9681242108345032	68.0	1e-06
224	2	894	0.9110652804374695	74.0	1e-06
224	3	895	0.9814178347587585	68.0	1e-06
224	4	896	1.011922001838684	56.09756097560975	1e-06
225	1	897	0.9712570309638977	58.0	1e-06
225	2	898	0.9798946976661682	60.0	1e-06
225	3	899	0.9588194489479065	62.0	1e-06
225	4	900	0.96087247133255	60.97560975609756	1e-06
226	1	901	1.0198407173156738	60.0	1e-06
226	2	902	0.9483640789985657	64.0	1e-06
226	3	903	0.962199330329895	72.0	1e-06
226	4	904	1.0081403255462646	48.78048780487805	1e-06
227	1	905	0.9455248117446899	62.0	1e-06
227	2	906	0.9670489430427551	60.0	1e-06
227	3	907	0.9793221950531006	66.0	1e-06
227	4	908	0.9778996109962463	63.41463414634146	1e-06
228	1	909	1.0155856609344482	66.0	1e-06
228	2	910	0.906614363193512	66.0	1e-06
228	3	911	0.9501554369926453	54.0	1e-06
228	4	912	0.9780908226966858	75.60975609756098	1e-06
229	1	913	0.9820958971977234	64.0	1e-06
229	2	914	0.9388313889503479	58.0	1e-06
229	3	915	0.9632673859596252	68.0	1e-06
229	4	916	1.0053068399429321	63.41463414634146	1e-06
230	1	917	0.9937142133712769	58.0	1e-06
230	2	918	0.9079363942146301	70.0	1e-06
230	3	919	0.9995843768119812	64.0	1e-06
230	4	920	0.912267804145813	70.73170731707317	1e-06
231	1	921	0.9407811760902405	68.0	1e-06
231	2	922	0.9617404341697693	58.0	1e-06
231	3	923	0.9466498494148254	66.0	1e-06
231	4	924	0.9714608788490295	68.29268292682927	1e-06
232	1	925	0.9650115966796875	62.0	1e-06
232	2	926	0.8955645561218262	70.0	1e-06
232	3	927	0.9166354537010193	74.0	1e-06
232	4	928	1.01857328414917	65.85365853658537	1e-06
233	1	929	0.9880645871162415	56.0	1e-06
233	2	930	0.9567000865936279	74.0	1e-06
233	3	931	0.9257002472877502	58.0	1e-06
233	4	932	0.8810988664627075	68.29268292682927	1e-06
234	1	933	0.905485987663269	68.0	1e-06
234	2	934	0.9456228613853455	60.0	1e-06
234	3	935	0.9414918422698975	66.0	1e-06
234	4	936	1.096900224685669	46.34146341463415	1e-06
235	1	937	0.8637449741363525	68.0	1e-06
235	2	938	0.9354584217071533	74.0	1e-06
235	3	939	0.987226665019989	58.0	1e-06
235	4	940	0.9555792212486267	63.41463414634146	1e-06
236	1	941	0.9863160848617554	56.0	1e-06
236	2	942	1.0034799575805664	54.0	1e-06
236	3	943	0.9872432947158813	66.0	1e-06
236	4	944	0.8425015807151794	70.73170731707317	1e-06
237	1	945	0.9297918677330017	68.0	1e-06
237	2	946	1.0544154644012451	58.0	1e-06
237	3	947	1.0563857555389404	62.0	1e-06
237	4	948	0.958103358745575	65.85365853658537	1e-06
238	1	949	0.9971451759338379	62.0	1e-06
238	2	950	0.880027174949646	82.0	1e-06
238	3	951	1.0177266597747803	56.0	1e-06
238	4	952	1.0131913423538208	65.85365853658537	1e-06
239	1	953	1.0162098407745361	68.0	1e-06
239	2	954	0.941333532333374	62.0	1e-06
239	3	955	0.9239278435707092	62.0	1e-06
239	4	956	0.9300351142883301	65.85365853658537	1e-06
240	1	957	0.8798953890800476	70.0	1e-06
240	2	958	0.9772101044654846	54.0	1e-06
240	3	959	0.9421386122703552	64.0	1e-06
240	4	960	0.9203116297721863	60.97560975609756	1e-06
241	1	961	0.9176866412162781	74.0	1e-06
241	2	962	0.8867332339286804	70.0	1e-06
241	3	963	0.9508163332939148	64.0	1e-06
241	4	964	0.9346018433570862	60.97560975609756	1e-06
242	1	965	0.947063684463501	60.0	1e-06
242	2	966	0.9145153164863586	60.0	1e-06
242	3	967	0.9465223550796509	72.0	1e-06
242	4	968	0.881157398223877	65.85365853658537	1e-06
243	1	969	0.9464832544326782	64.0	1e-06
243	2	970	1.0069392919540405	60.0	1e-06
243	3	971	0.9162232279777527	66.0	1e-06
243	4	972	0.8882186412811279	60.97560975609756	1e-06
244	1	973	0.8442386388778687	74.0	1e-06
244	2	974	0.980630099773407	56.0	1e-06
244	3	975	0.9913910031318665	54.0	1e-06
244	4	976	1.0092108249664307	58.53658536585366	1e-06
245	1	977	0.9392929077148438	66.0	1e-06
245	2	978	1.0104453563690186	54.0	1e-06
245	3	979	0.9423591494560242	74.0	1e-06
245	4	980	0.9134342670440674	63.41463414634146	1e-06
246	1	981	0.8392373919487	78.0	1e-06
246	2	982	0.875105082988739	60.0	1e-06
246	3	983	0.9416470527648926	70.0	1e-06
246	4	984	0.9196588397026062	58.53658536585366	1e-06
247	1	985	0.9341183304786682	68.0	1e-06
247	2	986	0.9030267596244812	58.0	1e-06
247	3	987	0.860887348651886	78.0	1e-06
247	4	988	0.9524214863777161	65.85365853658537	1e-06
248	1	989	0.8787917494773865	70.0	1e-06
248	2	990	0.8763132691383362	72.0	1e-06
248	3	991	0.9538829922676086	60.0	1e-06
248	4	992	0.9620696306228638	63.41463414634146	1e-06
249	1	993	0.9964133501052856	60.0	1e-06
249	2	994	0.9428460001945496	68.0	1e-06
249	3	995	0.9728319048881531	60.0	1e-06
249	4	996	0.833034873008728	80.48780487804878	1e-06
250	1	997	0.9293324947357178	60.0	1e-06
250	2	998	0.9054157137870789	64.0	1e-06
250	3	999	0.8810931444168091	70.0	1e-06
250	4	1000	0.9070439338684082	70.73170731707317	1e-06
251	1	1001	0.9459765553474426	68.0	1e-06
251	2	1002	0.8762561678886414	70.0	1e-06
251	3	1003	0.9317302107810974	72.0	1e-06
251	4	1004	1.0078520774841309	53.65853658536585	1e-06
252	1	1005	0.886145830154419	68.0	1e-06
252	2	1006	0.8767040967941284	70.0	1e-06
252	3	1007	0.9618341326713562	64.0	1e-06
252	4	1008	1.002824306488037	51.21951219512195	1e-06
253	1	1009	0.8865106105804443	70.0	1e-06
253	2	1010	0.8903164863586426	70.0	1e-06
253	3	1011	0.9018728137016296	60.0	1e-06
253	4	1012	0.9328893423080444	60.97560975609756	1e-06
254	1	1013	0.9440022110939026	72.0	1e-06
254	2	1014	0.8672438263893127	66.0	1e-06
254	3	1015	0.9593262672424316	56.0	1e-06
254	4	1016	0.9040384888648987	75.60975609756098	1e-06
255	1	1017	0.8529014587402344	78.0	1e-06
255	2	1018	0.8973124027252197	66.0	1e-06
255	3	1019	0.9215705990791321	68.0	1e-06
255	4	1020	0.9653236865997314	68.29268292682927	1e-06
256	1	1021	0.8838345408439636	70.0	1e-06
256	2	1022	0.9282957315444946	68.0	1e-06
256	3	1023	0.8981456756591797	68.0	1e-06
256	4	1024	0.9437073469161987	70.73170731707317	1e-06
257	1	1025	0.921247124671936	58.0	1e-06
257	2	1026	0.8758929967880249	70.0	1e-06
257	3	1027	0.8807039856910706	64.0	1e-06
257	4	1028	0.9587740898132324	56.09756097560975	1e-06
258	1	1029	0.9167044758796692	72.0	1e-06
258	2	1030	0.8701885938644409	70.0	1e-06
258	3	1031	0.9820476770401001	58.0	1e-06
258	4	1032	0.8756930828094482	75.60975609756098	1e-06
259	1	1033	0.9865695834159851	60.0	1e-06
259	2	1034	0.8837432265281677	74.0	1e-06
259	3	1035	0.9017631411552429	64.0	1e-06
259	4	1036	0.9287230968475342	68.29268292682927	1e-06
260	1	1037	0.8635003566741943	64.0	1e-06
260	2	1038	0.9001856446266174	70.0	1e-06
260	3	1039	1.0070228576660156	54.0	1e-06
260	4	1040	0.8896464705467224	70.73170731707317	1e-06
261	1	1041	0.9483523368835449	56.0	1e-06
261	2	1042	0.9045796990394592	72.0	1e-06
261	3	1043	0.9280532598495483	58.0	1e-06
261	4	1044	0.8899046778678894	60.97560975609756	1e-06
262	1	1045	0.8963360786437988	66.0	1e-06
262	2	1046	0.870114266872406	76.0	1e-06
262	3	1047	0.9059011340141296	60.0	1e-06
262	4	1048	0.9760176539421082	58.53658536585366	1e-06
263	1	1049	0.8913887143135071	64.0	1e-06
263	2	1050	0.892090916633606	60.0	1e-06
263	3	1051	0.9803256392478943	70.0	1e-06
263	4	1052	0.8138450980186462	70.73170731707317	1e-06
264	1	1053	0.8951249718666077	72.0	1e-06
264	2	1054	0.8657122850418091	70.0	1e-06
264	3	1055	0.9162051677703857	56.0	1e-06
264	4	1056	0.8834722638130188	70.73170731707317	1e-06
265	1	1057	0.9201407432556152	72.0	1e-06
265	2	1058	1.0062330961227417	64.0	1e-06
265	3	1059	0.8574265837669373	60.0	1e-06
265	4	1060	0.9055608510971069	56.09756097560975	1e-06
266	1	1061	0.948540210723877	54.0	1e-06
266	2	1062	0.899790346622467	74.0	1e-06
266	3	1063	0.9151439666748047	72.0	1e-06
266	4	1064	0.8181377649307251	75.60975609756098	1e-06
267	1	1065	0.9230121374130249	58.0	1e-06
267	2	1066	0.9186445474624634	66.0	1e-06
267	3	1067	0.8486661314964294	74.0	1e-06
267	4	1068	0.9375978708267212	68.29268292682927	1e-06
268	1	1069	0.8611518740653992	72.0	1e-06
268	2	1070	0.8222798109054565	74.0	1e-06
268	3	1071	0.883372962474823	62.0	1e-06
268	4	1072	0.8958237767219543	63.41463414634146	1e-06
269	1	1073	0.9108478426933289	66.0	1e-06
269	2	1074	0.8466238379478455	66.0	1e-06
269	3	1075	0.928062379360199	60.0	1e-06
269	4	1076	0.956121027469635	65.85365853658537	1e-06
270	1	1077	0.8693447709083557	72.0	1e-06
270	2	1078	0.7799854278564453	74.0	1e-06
270	3	1079	0.8425100445747375	72.0	1e-06
270	4	1080	0.9718795418739319	51.21951219512195	1e-06
271	1	1081	0.8763152956962585	68.0	1e-06
271	2	1082	1.040474772453308	56.0	1e-06
271	3	1083	0.8102809190750122	70.0	1e-06
271	4	1084	0.8335376977920532	80.48780487804878	1e-06
272	1	1085	0.9329314231872559	56.0	1e-06
272	2	1086	0.8722550272941589	76.0	1e-06
272	3	1087	0.824080228805542	74.0	1e-06
272	4	1088	0.8371426463127136	75.60975609756098	1e-06
273	1	1089	0.9596303701400757	54.0	1e-06
273	2	1090	0.9189437031745911	68.0	1e-06
273	3	1091	0.7971875071525574	74.0	1e-06
273	4	1092	0.9020735621452332	63.41463414634146	1e-06
274	1	1093	0.8483575582504272	74.0	1e-06
274	2	1094	0.8618781566619873	68.0	1e-06
274	3	1095	0.9631936550140381	58.0	1e-06
274	4	1096	0.9063234925270081	58.53658536585366	1e-06
275	1	1097	0.8623006939888	74.0	1e-06
275	2	1098	0.8281186819076538	66.0	1e-06
275	3	1099	0.833962082862854	70.0	1e-06
275	4	1100	0.8989022374153137	68.29268292682927	1e-06
276	1	1101	0.8101856112480164	72.0	1e-06
276	2	1102	0.8713256120681763	68.0	1e-06
276	3	1103	0.882041335105896	60.0	1e-06
276	4	1104	0.9242775440216064	60.97560975609756	1e-06
277	1	1105	0.8916923403739929	64.0	1e-06
277	2	1106	0.8585474491119385	68.0	1e-06
277	3	1107	0.842376708984375	76.0	1e-06
277	4	1108	0.9752588868141174	65.85365853658537	1e-06
278	1	1109	1.022117257118225	52.0	1e-06
278	2	1110	0.8339345455169678	70.0	1e-06
278	3	1111	0.8401473760604858	70.0	1e-06
278	4	1112	0.8222110271453857	78.04878048780488	1e-06
279	1	1113	0.855297863483429	72.0	1e-06
279	2	1114	0.8473382592201233	72.0	1e-06
279	3	1115	0.8532434105873108	74.0	1e-06
279	4	1116	0.8515956401824951	75.60975609756098	1e-06
280	1	1117	0.9165971279144287	60.0	1e-06
280	2	1118	0.9966642260551453	58.0	1e-06
280	3	1119	0.845944344997406	72.0	1e-06
280	4	1120	0.8224707841873169	68.29268292682927	1e-06
281	1	1121	0.8332955241203308	72.0	1e-06
281	2	1122	0.9245208501815796	60.0	1e-06
281	3	1123	0.9202886819839478	60.0	1e-06
281	4	1124	0.9022639393806458	63.41463414634146	1e-06
282	1	1125	0.9282621741294861	66.0	1e-06
282	2	1126	0.830737829208374	72.0	1e-06
282	3	1127	0.8977710008621216	68.0	1e-06
282	4	1128	0.8785989284515381	68.29268292682927	1e-06
283	1	1129	0.829576849937439	80.0	1e-06
283	2	1130	0.8637550473213196	74.0	1e-06
283	3	1131	0.9167482256889343	64.0	1e-06
283	4	1132	0.8027764558792114	70.73170731707317	1e-06
284	1	1133	0.8769412040710449	68.0	1e-06
284	2	1134	0.8603556156158447	74.0	1e-06
284	3	1135	0.8539904952049255	68.0	1e-06
284	4	1136	0.9088926315307617	58.53658536585366	1e-06
285	1	1137	0.8040053844451904	72.0	1e-06
285	2	1138	0.8417806029319763	70.0	1e-06
285	3	1139	0.8900774121284485	56.0	1e-06
285	4	1140	0.8577901124954224	65.85365853658537	1e-06
286	1	1141	0.8170883655548096	72.0	1e-06
286	2	1142	0.8333415985107422	62.0	1e-06
286	3	1143	0.8108624219894409	74.0	1e-06
286	4	1144	0.8386053442955017	70.73170731707317	1e-06
287	1	1145	0.8706977367401123	66.0	1e-06
287	2	1146	0.8003476858139038	66.0	1e-06
287	3	1147	0.8973081707954407	68.0	1e-06
287	4	1148	0.8861642479896545	63.41463414634146	1e-06
288	1	1149	0.8559181094169617	70.0	1e-06
288	2	1150	0.8720049262046814	52.0	1e-06
288	3	1151	0.8706474304199219	72.0	1e-06
288	4	1152	0.7483695149421692	85.36585365853658	1e-06
289	1	1153	0.8442108035087585	62.0	1e-06
289	2	1154	0.859204888343811	64.0	1e-06
289	3	1155	0.9210045337677002	64.0	1e-06
289	4	1156	0.8493683934211731	65.85365853658537	1e-06
290	1	1157	0.8545785546302795	64.0	1e-06
290	2	1158	0.8792248368263245	68.0	1e-06
290	3	1159	0.8192416429519653	78.0	1e-06
290	4	1160	0.8210477232933044	68.29268292682927	1e-06
291	1	1161	0.9207192063331604	62.0	1e-06
291	2	1162	0.9300199747085571	64.0	1e-06
291	3	1163	0.8083639740943909	82.0	1e-06
291	4	1164	0.7928251028060913	70.73170731707317	1e-06
292	1	1165	0.8525725603103638	70.0	1e-06
292	2	1166	0.8054262399673462	76.0	1e-06
292	3	1167	0.8761677742004395	68.0	1e-06
292	4	1168	0.815866231918335	70.73170731707317	1e-06
293	1	1169	0.8762436509132385	68.0	1e-06
293	2	1170	0.7225893139839172	74.0	1e-06
293	3	1171	0.8375561237335205	64.0	1e-06
293	4	1172	0.8605361580848694	68.29268292682927	1e-06
294	1	1173	0.860317051410675	60.0	1e-06
294	2	1174	0.8487231731414795	68.0	1e-06
294	3	1175	0.8022757768630981	66.0	1e-06
294	4	1176	0.9205429553985596	63.41463414634146	1e-06
295	1	1177	0.8871748447418213	60.0	1e-06
295	2	1178	0.8154797554016113	78.0	1e-06
295	3	1179	0.779674232006073	78.0	1e-06
295	4	1180	0.9815530776977539	65.85365853658537	1e-06
296	1	1181	0.8409711718559265	62.0	1e-06
296	2	1182	0.8692114353179932	62.0	1e-06
296	3	1183	0.7198699116706848	74.0	1e-06
296	4	1184	0.9457963109016418	56.09756097560975	1e-06
297	1	1185	0.9173866510391235	64.0	1e-06
297	2	1186	0.8730670809745789	66.0	1e-06
297	3	1187	0.8660863637924194	74.0	1e-06
297	4	1188	0.7917774319648743	68.29268292682927	1e-06
298	1	1189	0.8857744336128235	66.0	1e-06
298	2	1190	0.8746762275695801	60.0	1e-06
298	3	1191	0.8238005042076111	74.0	1e-06
298	4	1192	0.7947651147842407	68.29268292682927	1e-06
299	1	1193	0.8011540770530701	66.0	1e-06
299	2	1194	0.7831488847732544	74.0	1e-06
299	3	1195	0.9439272284507751	58.0	1e-06
299	4	1196	0.8283751010894775	78.04878048780488	1e-06
300	1	1197	0.8180075287818909	66.0	1e-06
300	2	1198	0.8433300852775574	68.0	1e-06
300	3	1199	0.8539501428604126	64.0	1e-06
300	4	1200	0.8194483518600464	70.73170731707317	1e-06
301	1	1201	0.8009144067764282	78.0	1e-06
301	2	1202	0.8978990316390991	56.0	1e-06
301	3	1203	0.8654177784919739	60.0	1e-06
301	4	1204	0.8631651401519775	68.29268292682927	1e-06
302	1	1205	0.8220805525779724	68.0	1e-06
302	2	1206	0.8743129968643188	60.0	1e-06
302	3	1207	0.8466821908950806	64.0	1e-06
302	4	1208	0.8187597990036011	73.17073170731707	1e-06
303	1	1209	0.8678669929504395	58.0	1e-06
303	2	1210	0.9091068506240845	62.0	1e-06
303	3	1211	0.8554471731185913	62.0	1e-06
303	4	1212	0.8441623449325562	73.17073170731707	1e-06
304	1	1213	0.8194730877876282	64.0	1e-06
304	2	1214	0.825600802898407	76.0	1e-06
304	3	1215	0.8597952127456665	66.0	1e-06
304	4	1216	0.8632349371910095	63.41463414634146	1e-06
305	1	1217	0.9416069984436035	66.0	1e-06
305	2	1218	0.8464388251304626	74.0	1e-06
305	3	1219	0.8104724884033203	76.0	1e-06
305	4	1220	0.7536742091178894	65.85365853658537	1e-06
306	1	1221	0.7772001624107361	70.0	1e-06
306	2	1222	0.7919843792915344	68.0	1e-06
306	3	1223	0.903514564037323	62.0	1e-06
306	4	1224	0.8383848667144775	70.73170731707317	1e-06
307	1	1225	0.791218101978302	72.0	1e-06
307	2	1226	0.823641836643219	66.0	1e-06
307	3	1227	0.883335292339325	70.0	1e-06
307	4	1228	0.7898755073547363	58.53658536585366	1e-06
308	1	1229	0.8256803750991821	64.0	1e-06
308	2	1230	0.7941667437553406	70.0	1e-06
308	3	1231	0.8679479360580444	66.0	1e-06
308	4	1232	0.8458209037780762	60.97560975609756	1e-06
309	1	1233	0.8612568378448486	64.0	1e-06
309	2	1234	0.8831414580345154	74.0	1e-06
309	3	1235	0.7467476725578308	74.0	1e-06
309	4	1236	0.8503580093383789	63.41463414634146	1e-06
310	1	1237	0.7838572859764099	74.0	1e-06
310	2	1238	0.8601117730140686	70.0	1e-06
310	3	1239	0.8060120344161987	68.0	1e-06
310	4	1240	0.72920823097229	68.29268292682927	1e-06
311	1	1241	0.8103088140487671	72.0	1e-06
311	2	1242	0.8200356364250183	66.0	1e-06
311	3	1243	0.7293954491615295	82.0	1e-06
311	4	1244	0.9445628523826599	56.09756097560975	1e-06
312	1	1245	0.8482218980789185	74.0	1e-06
312	2	1246	0.9536168575286865	60.0	1e-06
312	3	1247	0.8249563574790955	66.0	1e-06
312	4	1248	0.8361327052116394	73.17073170731707	1e-06
313	1	1249	0.7855158448219299	76.0	1e-06
313	2	1250	0.8184936046600342	74.0	1e-06
313	3	1251	0.8358055949211121	76.0	1e-06
313	4	1252	0.809285581111908	70.73170731707317	1e-06
314	1	1253	0.8105189800262451	62.0	1e-06
314	2	1254	0.9294594526290894	70.0	1e-06
314	3	1255	0.7756887078285217	80.0	1e-06
314	4	1256	0.8181130290031433	68.29268292682927	1e-06
315	1	1257	0.8717667460441589	62.0	1e-06
315	2	1258	0.81861412525177	68.0	1e-06
315	3	1259	0.8155744671821594	66.0	1e-06
315	4	1260	0.8960481882095337	63.41463414634146	1e-06
316	1	1261	0.7958300113677979	66.0	1e-06
316	2	1262	0.8049935698509216	70.0	1e-06
316	3	1263	0.8631030917167664	60.0	1e-06
316	4	1264	0.7185612916946411	78.04878048780488	1e-06
317	1	1265	0.7722121477127075	70.0	1e-06
317	2	1266	0.8095515966415405	68.0	1e-06
317	3	1267	0.8496992588043213	74.0	1e-06
317	4	1268	0.8520182967185974	70.73170731707317	1e-06
318	1	1269	0.907461404800415	62.0	1e-06
318	2	1270	0.801155686378479	72.0	1e-06
318	3	1271	0.7736102342605591	70.0	1e-06
318	4	1272	0.7648127675056458	78.04878048780488	1e-06
319	1	1273	0.8680419325828552	54.0	1e-06
319	2	1274	0.7766866087913513	82.0	1e-06
319	3	1275	0.8609355688095093	60.0	1e-06
319	4	1276	0.81330806016922	65.85365853658537	1e-06
320	1	1277	0.8053494095802307	64.0	1e-06
320	2	1278	0.7787898182868958	70.0	1e-06
320	3	1279	0.8606610298156738	60.0	1e-06
320	4	1280	0.7954875826835632	68.29268292682927	1e-06
321	1	1281	0.8166002035140991	70.0	1e-06
321	2	1282	0.7812025547027588	82.0	1e-06
321	3	1283	0.8896220326423645	66.0	1e-06
321	4	1284	0.7199010252952576	75.60975609756098	1e-06
322	1	1285	0.7964777946472168	72.0	1e-06
322	2	1286	0.8364421725273132	62.0	1e-06
322	3	1287	0.8264828324317932	56.0	1e-06
322	4	1288	0.7692106366157532	60.97560975609756	1e-06
323	1	1289	0.7817527055740356	64.0	1e-06
323	2	1290	0.8500587344169617	70.0	1e-06
323	3	1291	0.7854657173156738	66.0	1e-06
323	4	1292	0.8452712297439575	78.04878048780488	1e-06
324	1	1293	0.7310985326766968	80.0	1e-06
324	2	1294	0.7691961526870728	76.0	1e-06
324	3	1295	0.8352924585342407	70.0	1e-06
324	4	1296	0.8335109949111938	63.41463414634146	1e-06
325	1	1297	0.7527689337730408	80.0	1e-06
325	2	1298	0.7580662369728088	72.0	1e-06
325	3	1299	0.7712498307228088	74.0	1e-06
325	4	1300	0.8345717191696167	63.41463414634146	1e-06
326	1	1301	0.7943564057350159	64.0	1e-06
326	2	1302	0.8212925791740417	74.0	1e-06
326	3	1303	0.7228079438209534	84.0	1e-06
326	4	1304	0.7710132002830505	70.73170731707317	1e-06
327	1	1305	0.7911123633384705	72.0	1e-06
327	2	1306	0.8362016081809998	64.0	1e-06
327	3	1307	0.7801394462585449	74.0	1e-06
327	4	1308	0.8352113962173462	60.97560975609756	1e-06
328	1	1309	0.7882189154624939	70.0	1e-06
328	2	1310	0.7932689785957336	72.0	1e-06
328	3	1311	0.7702658772468567	82.0	1e-06
328	4	1312	0.7939040064811707	73.17073170731707	1e-06
329	1	1313	0.7199854254722595	70.0	1e-06
329	2	1314	0.794409990310669	68.0	1e-06
329	3	1315	0.8380345702171326	70.0	1e-06
329	4	1316	0.7791579365730286	65.85365853658537	1e-06
330	1	1317	0.7467500567436218	72.0	1e-06
330	2	1318	0.7601301670074463	72.0	1e-06
330	3	1319	0.7615439891815186	64.0	1e-06
330	4	1320	0.7619439363479614	75.60975609756098	1e-06
331	1	1321	0.7999574542045593	72.0	1e-06
331	2	1322	0.8535496592521667	58.0	1e-06
331	3	1323	0.690025269985199	80.0	1e-06
331	4	1324	0.7850703597068787	73.17073170731707	1e-06
332	1	1325	0.8257923126220703	60.0	1e-06
332	2	1326	0.8203755021095276	70.0	1e-06
332	3	1327	0.7224456667900085	72.0	1e-06
332	4	1328	0.7877345085144043	70.73170731707317	1e-06
333	1	1329	0.8155323266983032	74.0	1e-06
333	2	1330	0.7660500407218933	72.0	1e-06
333	3	1331	0.9025066494941711	58.0	1e-06
333	4	1332	0.7552275061607361	80.48780487804878	1e-06
334	1	1333	0.7337585687637329	68.0	1e-06
334	2	1334	0.8369333744049072	68.0	1e-06
334	3	1335	0.8342625498771667	64.0	1e-06
334	4	1336	0.74102783203125	87.8048780487805	1e-06
335	1	1337	0.7954069375991821	66.0	1e-06
335	2	1338	0.7232478260993958	80.0	1e-06
335	3	1339	0.7937526106834412	78.0	1e-06
335	4	1340	0.8373380303382874	65.85365853658537	1e-06
336	1	1341	0.7270871996879578	66.0	1e-06
336	2	1342	0.7183496356010437	82.0	1e-06
336	3	1343	0.8503001928329468	62.0	1e-06
336	4	1344	0.8882699608802795	68.29268292682927	1e-06
337	1	1345	0.7430087327957153	74.0	1e-06
337	2	1346	0.7911741733551025	70.0	1e-06
337	3	1347	0.8933239579200745	68.0	1e-06
337	4	1348	0.7741204500198364	65.85365853658537	1e-06
338	1	1349	0.7552273273468018	66.0	1e-06
338	2	1350	0.8533239960670471	60.0	1e-06
338	3	1351	0.7877880334854126	70.0	1e-06
338	4	1352	0.7635419964790344	75.60975609756098	1e-06
339	1	1353	0.8038356304168701	74.0	1e-06
339	2	1354	0.9461851716041565	52.0	1e-06
339	3	1355	0.732422411441803	80.0	1e-06
339	4	1356	0.7749100923538208	82.92682926829268	1e-06
340	1	1357	0.8035803437232971	70.0	1e-06
340	2	1358	0.692575991153717	78.0	1e-06
340	3	1359	0.8387453556060791	68.0	1e-06
340	4	1360	0.8483389019966125	65.85365853658537	1e-06
341	1	1361	0.8003526329994202	72.0	1e-06
341	2	1362	0.8062247633934021	70.0	1e-06
341	3	1363	0.7305468916893005	70.0	1e-06
341	4	1364	0.8137561678886414	65.85365853658537	1e-06
342	1	1365	0.8309863805770874	58.0	1e-06
342	2	1366	0.7346384525299072	78.0	1e-06
342	3	1367	0.8112951517105103	58.0	1e-06
342	4	1368	0.7603370547294617	87.8048780487805	1e-06
343	1	1369	0.7514896988868713	72.0	1e-06
343	2	1370	0.7320449948310852	78.0	1e-06
343	3	1371	0.8992354869842529	70.0	1e-06
343	4	1372	0.8029131293296814	65.85365853658537	1e-06
344	1	1373	0.8801481127738953	64.0	1e-06
344	2	1374	0.7711614370346069	78.0	1e-06
344	3	1375	0.7557302713394165	72.0	1e-06
344	4	1376	0.7773997187614441	75.60975609756098	1e-06
345	1	1377	0.8154130578041077	72.0	1e-06
345	2	1378	0.7391277551651001	72.0	1e-06
345	3	1379	0.7144607305526733	76.0	1e-06
345	4	1380	0.8737106323242188	65.85365853658537	1e-06
346	1	1381	0.7740392088890076	72.0	1e-06
346	2	1382	0.8135448694229126	66.0	1e-06
346	3	1383	0.7955251932144165	66.0	1e-06
346	4	1384	0.7885115146636963	68.29268292682927	1e-06
347	1	1385	0.8423115611076355	66.0	1e-06
347	2	1386	0.6887310743331909	74.0	1e-06
347	3	1387	0.6820940971374512	78.0	1e-06
347	4	1388	0.8767162561416626	68.29268292682927	1e-06
348	1	1389	0.8976936340332031	56.0	1e-06
348	2	1390	0.8114634156227112	66.0	1e-06
348	3	1391	0.7553150057792664	76.0	1e-06
348	4	1392	0.7315809726715088	80.48780487804878	1e-06
349	1	1393	0.7751968502998352	72.0	1e-06
349	2	1394	0.7506162524223328	74.0	1e-06
349	3	1395	0.636250913143158	80.0	1e-06
349	4	1396	0.8513729572296143	65.85365853658537	1e-06
350	1	1397	0.838921070098877	64.0	1e-06
350	2	1398	0.7646089196205139	66.0	1e-06
350	3	1399	0.7324804663658142	78.0	1e-06
350	4	1400	0.7140671610832214	73.17073170731707	1e-06
351	1	1401	0.898374617099762	58.0	1e-06
351	2	1402	0.6671367883682251	78.0	1e-06
351	3	1403	0.7132421135902405	72.0	1e-06
351	4	1404	0.7856513261795044	63.41463414634146	1e-06
352	1	1405	0.88432776927948	68.0	1e-06
352	2	1406	0.7958675622940063	76.0	1e-06
352	3	1407	0.6808767914772034	74.0	1e-06
352	4	1408	0.9030126333236694	65.85365853658537	1e-06
353	1	1409	0.7089255452156067	80.0	1e-06
353	2	1410	0.8210700750350952	62.0	1e-06
353	3	1411	0.767334520816803	72.0	1e-06
353	4	1412	0.7168638110160828	78.04878048780488	1e-06
354	1	1413	0.75229811668396	72.0	1e-06
354	2	1414	0.7344515323638916	74.0	1e-06
354	3	1415	0.7768785953521729	72.0	1e-06
354	4	1416	0.8371630311012268	82.92682926829268	1e-06
355	1	1417	0.6827096343040466	78.0	1e-06
355	2	1418	0.7890583872795105	56.0	1e-06
355	3	1419	0.6967045068740845	78.0	1e-06
355	4	1420	0.8426250219345093	68.29268292682927	1e-06
356	1	1421	0.7706385254859924	74.0	1e-06
356	2	1422	0.7512051463127136	66.0	1e-06
356	3	1423	0.7578784823417664	68.0	1e-06
356	4	1424	0.8360984325408936	75.60975609756098	1e-06
357	1	1425	0.8189847469329834	64.0	1e-06
357	2	1426	0.7223538756370544	70.0	1e-06
357	3	1427	0.7591096758842468	70.0	1e-06
357	4	1428	0.7086614370346069	70.73170731707317	1e-06
358	1	1429	0.6780710816383362	76.0	1e-06
358	2	1430	0.7850155830383301	64.0	1e-06
358	3	1431	0.8223201036453247	76.0	1e-06
358	4	1432	0.7822740077972412	80.48780487804878	1e-06
359	1	1433	0.7073466777801514	72.0	1e-06
359	2	1434	0.8615350127220154	62.0	1e-06
359	3	1435	0.7276235818862915	76.0	1e-06
359	4	1436	0.7309533357620239	78.04878048780488	1e-06
360	1	1437	0.7783370018005371	64.0	1e-06
360	2	1438	0.6610638499259949	78.0	1e-06
360	3	1439	0.8849579095840454	64.0	1e-06
360	4	1440	0.7144743800163269	68.29268292682927	1e-06
361	1	1441	0.7607666254043579	68.0	1e-06
361	2	1442	0.7714939713478088	60.0	1e-06
361	3	1443	0.8328357934951782	64.0	1e-06
361	4	1444	0.7552103996276855	65.85365853658537	1e-06
362	1	1445	0.7555534839630127	66.0	1e-06
362	2	1446	0.6676426529884338	76.0	1e-06
362	3	1447	0.7415408492088318	74.0	1e-06
362	4	1448	0.7401778697967529	73.17073170731707	1e-06
363	1	1449	0.8482682704925537	76.0	1e-06
363	2	1450	0.7318758368492126	72.0	1e-06
363	3	1451	0.6604306697845459	76.0	1e-06
363	4	1452	0.7140449285507202	80.48780487804878	1e-06
364	1	1453	0.749269962310791	68.0	1e-06
364	2	1454	0.7505297064781189	72.0	1e-06
364	3	1455	0.8759849667549133	66.0	1e-06
364	4	1456	0.6625378131866455	87.8048780487805	1e-06
365	1	1457	0.7498928904533386	74.0	1e-06
365	2	1458	0.6948872208595276	78.0	1e-06
365	3	1459	0.7538211941719055	74.0	1e-06
365	4	1460	0.7317609786987305	73.17073170731707	1e-06
366	1	1461	0.8022826910018921	72.0	1e-06
366	2	1462	0.7869998216629028	68.0	1e-06
366	3	1463	0.7252151966094971	70.0	1e-06
366	4	1464	0.6710303425788879	82.92682926829268	1e-06
367	1	1465	0.7103764414787292	70.0	1e-06
367	2	1466	0.7054818868637085	66.0	1e-06
367	3	1467	0.8347865343093872	78.0	1e-06
367	4	1468	0.691411018371582	73.17073170731707	1e-06
368	1	1469	0.7856189608573914	72.0	1e-06
368	2	1470	0.7615838646888733	70.0	1e-06
368	3	1471	0.7011956572532654	74.0	1e-06
368	4	1472	0.6835817694664001	80.48780487804878	1e-06
369	1	1473	0.6989212036132812	80.0	1e-06
369	2	1474	0.76363205909729	74.0	1e-06
369	3	1475	0.738335132598877	70.0	1e-06
369	4	1476	0.8461771607398987	68.29268292682927	1e-06
370	1	1477	0.8916784524917603	64.0	1e-06
370	2	1478	0.7592982649803162	68.0	1e-06
370	3	1479	0.6976257562637329	72.0	1e-06
370	4	1480	0.6311076283454895	75.60975609756098	1e-06
371	1	1481	0.7701072096824646	64.0	1e-06
371	2	1482	0.7334259748458862	82.0	1e-06
371	3	1483	0.7564904689788818	72.0	1e-06
371	4	1484	0.6612096428871155	85.36585365853658	1e-06
372	1	1485	0.7350181341171265	74.0	1e-06
372	2	1486	0.7415022253990173	74.0	1e-06
372	3	1487	0.7147194743156433	74.0	1e-06
372	4	1488	0.7330324053764343	80.48780487804878	1e-06
373	1	1489	0.7893685102462769	68.0	1e-06
373	2	1490	0.8352009057998657	62.0	1e-06
373	3	1491	0.7211382985115051	80.0	1e-06
373	4	1492	0.7083003520965576	68.29268292682927	1e-06
374	1	1493	0.7344499826431274	78.0	1e-06
374	2	1494	0.7375705242156982	68.0	1e-06
374	3	1495	0.7277464866638184	68.0	1e-06
374	4	1496	0.728692889213562	70.73170731707317	1e-06
375	1	1497	0.7063539028167725	78.0	1e-06
375	2	1498	0.6727864742279053	82.0	1e-06
375	3	1499	0.8150680065155029	72.0	1e-06
375	4	1500	0.7671072483062744	68.29268292682927	1e-06
376	1	1501	0.642295241355896	88.0	1e-06
376	2	1502	0.716210126876831	72.0	1e-06
376	3	1503	0.7853543758392334	74.0	1e-06
376	4	1504	0.6844781041145325	82.92682926829268	1e-06
377	1	1505	0.6724966168403625	84.0	1e-06
377	2	1506	0.7292488217353821	70.0	1e-06
377	3	1507	0.7814199924468994	74.0	1e-06
377	4	1508	0.70740807056427	75.60975609756098	1e-06
378	1	1509	0.7021300792694092	76.0	1e-06
378	2	1510	0.6944929361343384	74.0	1e-06
378	3	1511	0.6922987103462219	78.0	1e-06
378	4	1512	0.9260199666023254	68.29268292682927	1e-06
379	1	1513	0.702191948890686	78.0	1e-06
379	2	1514	0.7011741399765015	80.0	1e-06
379	3	1515	0.7360429167747498	76.0	1e-06
379	4	1516	0.820885181427002	60.97560975609756	1e-06
380	1	1517	0.838930070400238	72.0	1e-06
380	2	1518	0.7140938639640808	82.0	1e-06
380	3	1519	0.7062307000160217	74.0	1e-06
380	4	1520	0.7214871048927307	78.04878048780488	1e-06
381	1	1521	0.734266996383667	68.0	1e-06
381	2	1522	0.8149629235267639	70.0	1e-06
381	3	1523	0.6717437505722046	82.0	1e-06
381	4	1524	0.6855413317680359	75.60975609756098	1e-06
382	1	1525	0.7447036504745483	80.0	1e-06
382	2	1526	0.8457711935043335	72.0	1e-06
382	3	1527	0.6765117049217224	84.0	1e-06
382	4	1528	0.666606605052948	70.73170731707317	1e-06
383	1	1529	0.7053083777427673	72.0	1e-06
383	2	1530	0.6551303267478943	78.0	1e-06
383	3	1531	0.7831453680992126	66.0	1e-06
383	4	1532	0.8027002215385437	65.85365853658537	1e-06
384	1	1533	0.686185896396637	68.0	1e-06
384	2	1534	0.9203548431396484	60.0	1e-06
384	3	1535	0.6776577830314636	76.0	1e-06
384	4	1536	0.710715115070343	73.17073170731707	1e-06
385	1	1537	0.6765602231025696	74.0	1e-06
385	2	1538	0.7599413990974426	68.0	1e-06
385	3	1539	0.7449249029159546	70.0	1e-06
385	4	1540	0.8147123456001282	70.73170731707317	1e-06
386	1	1541	0.7918342351913452	76.0	1e-06
386	2	1542	0.6051381826400757	82.0	1e-06
386	3	1543	0.7824225425720215	60.0	1e-06
386	4	1544	0.7728331685066223	73.17073170731707	1e-06
387	1	1545	0.7041429877281189	76.0	1e-06
387	2	1546	0.7301644682884216	76.0	1e-06
387	3	1547	0.6766766309738159	86.0	1e-06
387	4	1548	0.6976065635681152	75.60975609756098	1e-06
388	1	1549	0.6794381141662598	80.0	1e-06
388	2	1550	0.7355954051017761	76.0	1e-06
388	3	1551	0.7194728255271912	66.0	1e-06
388	4	1552	0.7731427550315857	65.85365853658537	1e-06
389	1	1553	0.692686140537262	84.0	1e-06
389	2	1554	0.6224509477615356	88.0	1e-06
389	3	1555	0.7402807474136353	68.0	1e-06
389	4	1556	0.845373272895813	60.97560975609756	1e-06
390	1	1557	0.732334315776825	80.0	1e-06
390	2	1558	0.7462278604507446	74.0	1e-06
390	3	1559	0.6865525841712952	80.0	1e-06
390	4	1560	0.6159642934799194	85.36585365853658	1e-06
391	1	1561	0.7717732191085815	68.0	1e-06
391	2	1562	0.6426870226860046	80.0	1e-06
391	3	1563	0.7447509169578552	70.0	1e-06
391	4	1564	0.7614726424217224	68.29268292682927	1e-06
392	1	1565	0.7979657053947449	72.0	1e-06
392	2	1566	0.6844635009765625	74.0	1e-06
392	3	1567	0.6666372418403625	68.0	1e-06
392	4	1568	0.7163923382759094	75.60975609756098	1e-06
393	1	1569	0.7425568103790283	74.0	1e-06
393	2	1570	0.733043372631073	74.0	1e-06
393	3	1571	0.6888884902000427	76.0	1e-06
393	4	1572	0.6175292134284973	73.17073170731707	1e-06
394	1	1573	0.7320123314857483	78.0	1e-06
394	2	1574	0.6474911570549011	78.0	1e-06
394	3	1575	0.7630795240402222	74.0	1e-06
394	4	1576	0.7969582080841064	70.73170731707317	1e-06
395	1	1577	0.7420292496681213	70.0	1e-06
395	2	1578	0.6578988432884216	80.0	1e-06
395	3	1579	0.6515117883682251	78.0	1e-06
395	4	1580	0.8217927813529968	70.73170731707317	1e-06
396	1	1581	0.7407023906707764	78.0	1e-06
396	2	1582	0.7786254286766052	68.0	1e-06
396	3	1583	0.6877545118331909	68.0	1e-06
396	4	1584	0.6214621663093567	78.04878048780488	1e-06
397	1	1585	0.6571333408355713	76.0	1e-06
397	2	1586	0.7602746486663818	70.0	1e-06
397	3	1587	0.7020078301429749	78.0	1e-06
397	4	1588	0.7221351265907288	68.29268292682927	1e-06
398	1	1589	0.6658239960670471	76.0	1e-06
398	2	1590	0.6779175400733948	78.0	1e-06
398	3	1591	0.6959694623947144	82.0	1e-06
398	4	1592	0.6835364103317261	70.73170731707317	1e-06
399	1	1593	0.7106977701187134	70.0	1e-06
399	2	1594	0.6294974088668823	78.0	1e-06
399	3	1595	0.6879569292068481	68.0	1e-06
399	4	1596	0.7786303162574768	63.41463414634146	1e-06
400	1	1597	0.6510180830955505	80.0	1e-06
400	2	1598	0.8055915832519531	58.0	1e-06
400	3	1599	0.7219982743263245	78.0	1e-06
400	4	1600	0.6295084357261658	80.48780487804878	1e-06
401	1	1601	0.6215051412582397	76.0	1e-06
401	2	1602	0.8047330379486084	68.0	1e-06
401	3	1603	0.7003606557846069	70.0	1e-06
401	4	1604	0.7624463438987732	65.85365853658537	1e-06
402	1	1605	0.6701767444610596	72.0	1e-06
402	2	1606	0.7579779028892517	64.0	1e-06
402	3	1607	0.6336240172386169	78.0	1e-06
402	4	1608	0.776988685131073	70.73170731707317	1e-06
403	1	1609	0.775149941444397	70.0	1e-06
403	2	1610	0.6725512742996216	78.0	1e-06
403	3	1611	0.784597635269165	68.0	1e-06
403	4	1612	0.6005246639251709	78.04878048780488	1e-06
404	1	1613	0.6509652733802795	72.0	1e-06
404	2	1614	0.6774572134017944	68.0	1e-06
404	3	1615	0.733974814414978	76.0	1e-06
404	4	1616	0.7603690028190613	73.17073170731707	1e-06
405	1	1617	0.7415075898170471	74.0	1e-06
405	2	1618	0.6471859812736511	82.0	1e-06
405	3	1619	0.7387170195579529	74.0	1e-06
405	4	1620	0.6589335203170776	70.73170731707317	1e-06
406	1	1621	0.7264248728752136	72.0	1e-06
406	2	1622	0.6652398705482483	80.0	1e-06
406	3	1623	0.7585882544517517	70.0	1e-06
406	4	1624	0.6625754833221436	80.48780487804878	1e-06
407	1	1625	0.777411699295044	70.0	1e-06
407	2	1626	0.6779953241348267	70.0	1e-06
407	3	1627	0.7037981152534485	78.0	1e-06
407	4	1628	0.6957785487174988	68.29268292682927	1e-06
408	1	1629	0.7787187695503235	80.0	1e-06
408	2	1630	0.5759166479110718	80.0	1e-06
408	3	1631	0.7012068033218384	76.0	1e-06
408	4	1632	0.8342291712760925	58.53658536585366	1e-06
409	1	1633	0.6267932057380676	84.0	1e-06
409	2	1634	0.7667096853256226	68.0	1e-06
409	3	1635	0.6525045037269592	88.0	1e-06
409	4	1636	0.6525212526321411	70.73170731707317	1e-06
410	1	1637	0.7443960309028625	66.0	1e-06
410	2	1638	0.7152488231658936	62.0	1e-06
410	3	1639	0.6759182214736938	74.0	1e-06
410	4	1640	0.7143672704696655	75.60975609756098	1e-06
411	1	1641	0.8262012600898743	62.0	1e-06
411	2	1642	0.7415052056312561	72.0	1e-06
411	3	1643	0.5996875762939453	78.0	1e-06
411	4	1644	0.6423142552375793	70.73170731707317	1e-06
412	1	1645	0.7627375721931458	60.0	1e-06
412	2	1646	0.7283015251159668	72.0	1e-06
412	3	1647	0.6862236261367798	74.0	1e-06
412	4	1648	0.762718915939331	75.60975609756098	1e-06
413	1	1649	0.6979717016220093	74.0	1e-06
413	2	1650	0.7595852613449097	68.0	1e-06
413	3	1651	0.7338929772377014	62.0	1e-06
413	4	1652	0.6638470888137817	73.17073170731707	1e-06
414	1	1653	0.6981233954429626	64.0	1e-06
414	2	1654	0.6948648691177368	74.0	1e-06
414	3	1655	0.7014868259429932	78.0	1e-06
414	4	1656	0.7176766991615295	68.29268292682927	1e-06
415	1	1657	0.6349868774414062	82.0	1e-06
415	2	1658	0.680341362953186	68.0	1e-06
415	3	1659	0.6760376691818237	78.0	1e-06
415	4	1660	0.7090713977813721	70.73170731707317	1e-06
416	1	1661	0.5962417125701904	80.0	1e-06
416	2	1662	0.6893098950386047	74.0	1e-06
416	3	1663	0.8071122169494629	72.0	1e-06
416	4	1664	0.6753699779510498	75.60975609756098	1e-06
417	1	1665	0.6895149946212769	74.0	1e-06
417	2	1666	0.6770598888397217	70.0	1e-06
417	3	1667	0.6842806339263916	70.0	1e-06
417	4	1668	0.656221330165863	75.60975609756098	1e-06
418	1	1669	0.809008002281189	66.0	1e-06
418	2	1670	0.6141757369041443	78.0	1e-06
418	3	1671	0.6370791792869568	80.0	1e-06
418	4	1672	0.6308228969573975	80.48780487804878	1e-06
419	1	1673	0.7080398797988892	68.0	1e-06
419	2	1674	0.5940859317779541	80.0	1e-06
419	3	1675	0.7791747450828552	66.0	1e-06
419	4	1676	0.7189828157424927	70.73170731707317	1e-06
420	1	1677	0.6837677955627441	74.0	1e-06
420	2	1678	0.7661502361297607	76.0	1e-06
420	3	1679	0.7514360547065735	64.0	1e-06
420	4	1680	0.6718382239341736	75.60975609756098	1e-06
421	1	1681	0.7356879711151123	70.0	1e-06
421	2	1682	0.6934678554534912	74.0	1e-06
421	3	1683	0.6994113326072693	62.0	1e-06
421	4	1684	0.6330306529998779	75.60975609756098	1e-06
422	1	1685	0.6968626379966736	76.0	1e-06
422	2	1686	0.6646571159362793	78.0	1e-06
422	3	1687	0.620235800743103	76.0	1e-06
422	4	1688	0.6870675683021545	80.48780487804878	1e-06
423	1	1689	0.6268095970153809	78.0	1e-06
423	2	1690	0.7871647477149963	68.0	1e-06
423	3	1691	0.5841616988182068	86.0	1e-06
423	4	1692	0.8788063526153564	58.53658536585366	1e-06
424	1	1693	0.6824634075164795	70.0	1e-06
424	2	1694	0.7950332164764404	58.0	1e-06
424	3	1695	0.5801069140434265	78.0	1e-06
424	4	1696	0.684908390045166	78.04878048780488	1e-06
425	1	1697	0.6827558875083923	84.0	1e-06
425	2	1698	0.6623184680938721	78.0	1e-06
425	3	1699	0.6779057383537292	76.0	1e-06
425	4	1700	0.8706392645835876	65.85365853658537	1e-06
426	1	1701	0.7180687189102173	78.0	1e-06
426	2	1702	0.6648501753807068	78.0	1e-06
426	3	1703	0.6107693910598755	84.0	1e-06
426	4	1704	0.672235906124115	73.17073170731707	1e-06
427	1	1705	0.7042158246040344	76.0	1e-06
427	2	1706	0.6932103037834167	74.0	1e-06
427	3	1707	0.7092263698577881	70.0	1e-06
427	4	1708	0.5396092534065247	85.36585365853658	1e-06
428	1	1709	0.6115997433662415	76.0	1e-06
428	2	1710	0.7381469011306763	74.0	1e-06
428	3	1711	0.8036226630210876	70.0	1e-06
428	4	1712	0.651218056678772	75.60975609756098	1e-06
429	1	1713	0.551353394985199	82.0	1e-06
429	2	1714	0.696641206741333	74.0	1e-06
429	3	1715	0.7129973769187927	76.0	1e-06
429	4	1716	0.6681918501853943	78.04878048780488	1e-06
430	1	1717	0.6290640830993652	80.0	1e-06
430	2	1718	0.7191540002822876	68.0	1e-06
430	3	1719	0.5993195176124573	78.0	1e-06
430	4	1720	0.7025868892669678	78.04878048780488	1e-06
431	1	1721	0.6323064565658569	78.0	1e-06
431	2	1722	0.7425290942192078	72.0	1e-06
431	3	1723	0.6528792381286621	82.0	1e-06
431	4	1724	0.5808188915252686	78.04878048780488	1e-06
432	1	1725	0.6520634293556213	70.0	1e-06
432	2	1726	0.6888539791107178	74.0	1e-06
432	3	1727	0.6898056268692017	76.0	1e-06
432	4	1728	0.6628929972648621	78.04878048780488	1e-06
433	1	1729	0.6298398971557617	84.0	1e-06
433	2	1730	0.6332284808158875	80.0	1e-06
433	3	1731	0.6837782263755798	80.0	1e-06
433	4	1732	0.7627808451652527	63.41463414634146	1e-06
434	1	1733	0.6247805953025818	84.0	1e-06
434	2	1734	0.6471325159072876	70.0	1e-06
434	3	1735	0.7011135220527649	76.0	1e-06
434	4	1736	0.748043417930603	65.85365853658537	1e-06
435	1	1737	0.557242214679718	84.0	1e-06
435	2	1738	0.6645393371582031	82.0	1e-06
435	3	1739	0.7142574787139893	74.0	1e-06
435	4	1740	0.7336282730102539	78.04878048780488	1e-06
436	1	1741	0.5394662618637085	86.0	1e-06
436	2	1742	0.6675794720649719	78.0	1e-06
436	3	1743	0.8221961259841919	62.0	1e-06
436	4	1744	0.7182848453521729	73.17073170731707	1e-06
437	1	1745	0.850075364112854	70.0	1e-06
437	2	1746	0.6303514242172241	76.0	1e-06
437	3	1747	0.579322874546051	80.0	1e-06
437	4	1748	0.6025277376174927	80.48780487804878	1e-06
438	1	1749	0.8062350749969482	74.0	1e-06
438	2	1750	0.6446555852890015	78.0	1e-06
438	3	1751	0.5947651863098145	82.0	1e-06
438	4	1752	0.6413525342941284	70.73170731707317	1e-06
439	1	1753	0.7938529849052429	70.0	1e-06
439	2	1754	0.6711234450340271	76.0	1e-06
439	3	1755	0.5927888751029968	78.0	1e-06
439	4	1756	0.5485397577285767	92.6829268292683	1e-06
440	1	1757	0.6382724642753601	84.0	1e-06
440	2	1758	0.6201692223548889	74.0	1e-06
440	3	1759	0.7046071887016296	70.0	1e-06
440	4	1760	0.815083920955658	60.97560975609756	1e-06
441	1	1761	0.7055789232254028	78.0	1e-06
441	2	1762	0.8784060478210449	64.0	1e-06
441	3	1763	0.5605277419090271	80.0	1e-06
441	4	1764	0.618412435054779	75.60975609756098	1e-06
442	1	1765	0.7164625525474548	72.0	1e-06
442	2	1766	0.6751418113708496	80.0	1e-06
442	3	1767	0.6057435870170593	82.0	1e-06
442	4	1768	0.5811653733253479	80.48780487804878	1e-06
443	1	1769	0.7032411098480225	78.0	1e-06
443	2	1770	0.5912219285964966	80.0	1e-06
443	3	1771	0.6952313780784607	72.0	1e-06
443	4	1772	0.6176579594612122	82.92682926829268	1e-06
444	1	1773	0.7168164849281311	70.0	1e-06
444	2	1774	0.6724144816398621	66.0	1e-06
444	3	1775	0.7022657990455627	72.0	1e-06
444	4	1776	0.5422481894493103	87.8048780487805	1e-06
445	1	1777	0.6729774475097656	74.0	1e-06
445	2	1778	0.6930935382843018	68.0	1e-06
445	3	1779	0.7094687819480896	76.0	1e-06
445	4	1780	0.6039559841156006	80.48780487804878	1e-06
446	1	1781	0.6268423199653625	72.0	1e-06
446	2	1782	0.66465163230896	72.0	1e-06
446	3	1783	0.6941189765930176	78.0	1e-06
446	4	1784	0.6785682439804077	78.04878048780488	1e-06
447	1	1785	0.6720468997955322	72.0	1e-06
447	2	1786	0.6356673836708069	82.0	1e-06
447	3	1787	0.6711681485176086	68.0	1e-06
447	4	1788	0.6491286754608154	80.48780487804878	1e-06
448	1	1789	0.6102316379547119	78.0	1e-06
448	2	1790	0.5739214420318604	80.0	1e-06
448	3	1791	0.6473344564437866	74.0	1e-06
448	4	1792	0.8038300275802612	73.17073170731707	1e-06
449	1	1793	0.6645205020904541	76.0	1e-06
449	2	1794	0.6237384676933289	80.0	1e-06
449	3	1795	0.6672422885894775	76.0	1e-06
449	4	1796	0.6798458099365234	75.60975609756098	1e-06
450	1	1797	0.6474928855895996	76.0	1e-06
450	2	1798	0.700368344783783	76.0	1e-06
450	3	1799	0.6223533153533936	72.0	1e-06
450	4	1800	0.6522855758666992	73.17073170731707	1e-06
451	1	1801	0.5568318367004395	74.0	1e-06
451	2	1802	0.6710550785064697	74.0	1e-06
451	3	1803	0.724303662776947	74.0	1e-06
451	4	1804	0.6626594066619873	70.73170731707317	1e-06
452	1	1805	0.6376574039459229	74.0	1e-06
452	2	1806	0.6357471942901611	66.0	1e-06
452	3	1807	0.7106074690818787	78.0	1e-06
452	4	1808	0.6098988652229309	75.60975609756098	1e-06
453	1	1809	0.7473704814910889	74.0	1e-06
453	2	1810	0.7550292015075684	76.0	1e-06
453	3	1811	0.6219636797904968	74.0	1e-06
453	4	1812	0.5356111526489258	82.92682926829268	1e-06
454	1	1813	0.6712801456451416	76.0	1e-06
454	2	1814	0.762311577796936	68.0	1e-06
454	3	1815	0.6394457817077637	72.0	1e-06
454	4	1816	0.598752498626709	85.36585365853658	1e-06
455	1	1817	0.603549599647522	88.0	1e-06
455	2	1818	0.6195289492607117	78.0	1e-06
455	3	1819	0.7268975973129272	74.0	1e-06
455	4	1820	0.6499494910240173	78.04878048780488	1e-06
456	1	1821	0.6307364702224731	74.0	1e-06
456	2	1822	0.6467881798744202	78.0	1e-06
456	3	1823	0.6769160628318787	70.0	1e-06
456	4	1824	0.6621029376983643	73.17073170731707	1e-06
457	1	1825	0.6606632471084595	80.0	1e-06
457	2	1826	0.5273999571800232	80.0	1e-06
457	3	1827	0.797149121761322	62.0	1e-06
457	4	1828	0.7072141170501709	70.73170731707317	1e-06
458	1	1829	0.7263458371162415	78.0	1e-06
458	2	1830	0.6504002213478088	78.0	1e-06
458	3	1831	0.6789888739585876	70.0	1e-06
458	4	1832	0.47565245628356934	95.1219512195122	1e-06
459	1	1833	0.6445167660713196	78.0	1e-06
459	2	1834	0.6145626902580261	74.0	1e-06
459	3	1835	0.6172084212303162	78.0	1e-06
459	4	1836	0.6219052076339722	78.04878048780488	1e-06
460	1	1837	0.6839563846588135	70.0	1e-06
460	2	1838	0.6583653092384338	70.0	1e-06
460	3	1839	0.6642543077468872	74.0	1e-06
460	4	1840	0.61189204454422	80.48780487804878	1e-06
461	1	1841	0.755312442779541	74.0	1e-06
461	2	1842	0.6270328760147095	72.0	1e-06
461	3	1843	0.5448741912841797	80.0	1e-06
461	4	1844	0.6623054146766663	75.60975609756098	1e-06
462	1	1845	0.6203885078430176	78.0	1e-06
462	2	1846	0.7114350199699402	70.0	1e-06
462	3	1847	0.5687599182128906	82.0	1e-06
462	4	1848	0.6607386469841003	78.04878048780488	1e-06
463	1	1849	0.5907077193260193	82.0	1e-06
463	2	1850	0.664884090423584	72.0	1e-06
463	3	1851	0.6118649840354919	78.0	1e-06
463	4	1852	0.69613116979599	70.73170731707317	1e-06
464	1	1853	0.6602056622505188	70.0	1e-06
464	2	1854	0.5483482480049133	78.0	1e-06
464	3	1855	0.6554840803146362	68.0	1e-06
464	4	1856	0.6844114065170288	75.60975609756098	1e-06
465	1	1857	0.68308424949646	72.0	1e-06
465	2	1858	0.7174833416938782	78.0	1e-06
465	3	1859	0.5177657604217529	82.0	1e-06
465	4	1860	0.6717568039894104	78.04878048780488	1e-06
466	1	1861	0.5530779957771301	92.0	1e-06
466	2	1862	0.631702721118927	72.0	1e-06
466	3	1863	0.6135453581809998	82.0	1e-06
466	4	1864	0.6604922413825989	80.48780487804878	1e-06
467	1	1865	0.6325284838676453	78.0	1e-06
467	2	1866	0.7164595127105713	76.0	1e-06
467	3	1867	0.5623533129692078	82.0	1e-06
467	4	1868	0.6269496083259583	75.60975609756098	1e-06
468	1	1869	0.6557701826095581	76.0	1e-06
468	2	1870	0.5407853126525879	74.0	1e-06
468	3	1871	0.6328726410865784	78.0	1e-06
468	4	1872	0.8081583976745605	56.09756097560975	1e-06
469	1	1873	0.658740222454071	72.0	1e-06
469	2	1874	0.6858845353126526	74.0	1e-06
469	3	1875	0.5815587639808655	76.0	1e-06
469	4	1876	0.6207482218742371	82.92682926829268	1e-06
470	1	1877	0.5957003235816956	78.0	1e-06
470	2	1878	0.7227489948272705	66.0	1e-06
470	3	1879	0.5685573220252991	88.0	1e-06
470	4	1880	0.7487843036651611	68.29268292682927	1e-06
471	1	1881	0.592856764793396	80.0	1e-06
471	2	1882	0.6311365365982056	80.0	1e-06
471	3	1883	0.6139264106750488	82.0	1e-06
471	4	1884	0.6693996787071228	68.29268292682927	1e-06
472	1	1885	0.7572512030601501	74.0	1e-06
472	2	1886	0.5985320806503296	84.0	1e-06
472	3	1887	0.7196834087371826	74.0	1e-06
472	4	1888	0.49282610416412354	95.1219512195122	1e-06
473	1	1889	0.6997855305671692	70.0	1e-06
473	2	1890	0.6725170016288757	74.0	1e-06
473	3	1891	0.6434040069580078	74.0	1e-06
473	4	1892	0.6567960977554321	68.29268292682927	1e-06
474	1	1893	0.5736573338508606	92.0	1e-06
474	2	1894	0.5701902508735657	74.0	1e-06
474	3	1895	0.6717300415039062	74.0	1e-06
474	4	1896	0.7159978151321411	65.85365853658537	1e-06
475	1	1897	0.6566344499588013	82.0	1e-06
475	2	1898	0.5992282629013062	78.0	1e-06
475	3	1899	0.5618215203285217	76.0	1e-06
475	4	1900	0.6872993111610413	70.73170731707317	1e-06
476	1	1901	0.6909973621368408	68.0	1e-06
476	2	1902	0.5939004421234131	82.0	1e-06
476	3	1903	0.6510105133056641	74.0	1e-06
476	4	1904	0.6429629325866699	70.73170731707317	1e-06
477	1	1905	0.5076192617416382	92.0	1e-06
477	2	1906	0.596784234046936	82.0	1e-06
477	3	1907	0.6289132833480835	74.0	1e-06
477	4	1908	0.745620608329773	68.29268292682927	1e-06
478	1	1909	0.6546832323074341	86.0	1e-06
478	2	1910	0.496835321187973	84.0	1e-06
478	3	1911	0.6192534565925598	76.0	1e-06
478	4	1912	0.713381290435791	78.04878048780488	1e-06
479	1	1913	0.5622713565826416	80.0	1e-06
479	2	1914	0.6293142437934875	82.0	1e-06
479	3	1915	0.7017663717269897	76.0	1e-06
479	4	1916	0.5833222270011902	70.73170731707317	1e-06
480	1	1917	0.680952250957489	80.0	1e-06
480	2	1918	0.6053677201271057	74.0	1e-06
480	3	1919	0.5756586194038391	76.0	1e-06
480	4	1920	0.8414574861526489	75.60975609756098	1e-06
481	1	1921	0.5630505084991455	82.0	1e-06
481	2	1922	0.5971035957336426	84.0	1e-06
481	3	1923	0.6400423645973206	84.0	1e-06
481	4	1924	0.5953538417816162	78.04878048780488	1e-06
482	1	1925	0.5871816277503967	78.0	1e-06
482	2	1926	0.6294937133789062	66.0	1e-06
482	3	1927	0.6437244415283203	78.0	1e-06
482	4	1928	0.6357919573783875	78.04878048780488	1e-06
483	1	1929	0.6647288799285889	76.0	1e-06
483	2	1930	0.5657252669334412	76.0	1e-06
483	3	1931	0.6685391068458557	72.0	1e-06
483	4	1932	0.5766661167144775	85.36585365853658	1e-06
484	1	1933	0.6294975876808167	78.0	1e-06
484	2	1934	0.6543576717376709	78.0	1e-06
484	3	1935	0.5479010343551636	80.0	1e-06
484	4	1936	0.6357056498527527	82.92682926829268	1e-06
485	1	1937	0.6376993656158447	84.0	1e-06
485	2	1938	0.6123937368392944	78.0	1e-06
485	3	1939	0.6196705102920532	76.0	1e-06
485	4	1940	0.6577981114387512	70.73170731707317	1e-06
486	1	1941	0.5501514673233032	86.0	1e-06
486	2	1942	0.5949043035507202	80.0	1e-06
486	3	1943	0.6762226819992065	76.0	1e-06
486	4	1944	0.6379080414772034	70.73170731707317	1e-06
487	1	1945	0.6293345093727112	76.0	1e-06
487	2	1946	0.5338178277015686	82.0	1e-06
487	3	1947	0.6342465877532959	76.0	1e-06
487	4	1948	0.7135164141654968	73.17073170731707	1e-06
488	1	1949	0.5897857546806335	80.0	1e-06
488	2	1950	0.6440591216087341	76.0	1e-06
488	3	1951	0.6172086000442505	80.0	1e-06
488	4	1952	0.5454981923103333	80.48780487804878	1e-06
489	1	1953	0.5865097641944885	76.0	1e-06
489	2	1954	0.7694399356842041	74.0	1e-06
489	3	1955	0.588692307472229	82.0	1e-06
489	4	1956	0.6369296908378601	78.04878048780488	1e-06
490	1	1957	0.5872949361801147	80.0	1e-06
490	2	1958	0.6233334541320801	78.0	1e-06
490	3	1959	0.6167954802513123	82.0	1e-06
490	4	1960	0.5816424489021301	78.04878048780488	1e-06
491	1	1961	0.6253172755241394	78.0	1e-06
491	2	1962	0.6264903545379639	78.0	1e-06
491	3	1963	0.7161592245101929	64.0	1e-06
491	4	1964	0.5569930076599121	87.8048780487805	1e-06
492	1	1965	0.5698198080062866	84.0	1e-06
492	2	1966	0.620292067527771	76.0	1e-06
492	3	1967	0.6204681992530823	80.0	1e-06
492	4	1968	0.6307268142700195	78.04878048780488	1e-06
493	1	1969	0.5341967940330505	90.0	1e-06
493	2	1970	0.593259871006012	76.0	1e-06
493	3	1971	0.7831676602363586	64.0	1e-06
493	4	1972	0.6060556769371033	78.04878048780488	1e-06
494	1	1973	0.5961235761642456	72.0	1e-06
494	2	1974	0.728639543056488	68.0	1e-06
494	3	1975	0.682263195514679	74.0	1e-06
494	4	1976	0.5389750599861145	82.92682926829268	1e-06
495	1	1977	0.606087327003479	74.0	1e-06
495	2	1978	0.6795694828033447	76.0	1e-06
495	3	1979	0.5738475918769836	78.0	1e-06
495	4	1980	0.589752733707428	85.36585365853658	1e-06
496	1	1981	0.5756514668464661	76.0	1e-06
496	2	1982	0.6328561902046204	78.0	1e-06
496	3	1983	0.5816386342048645	78.0	1e-06
496	4	1984	0.621320903301239	80.48780487804878	1e-06
497	1	1985	0.5480320453643799	88.0	1e-06
497	2	1986	0.6171060800552368	78.0	1e-06
497	3	1987	0.641416609287262	74.0	1e-06
497	4	1988	0.6234736442565918	70.73170731707317	1e-06
498	1	1989	0.6159448027610779	72.0	1e-06
498	2	1990	0.6189622282981873	78.0	1e-06
498	3	1991	0.6722551584243774	84.0	1e-06
498	4	1992	0.5373468399047852	87.8048780487805	1e-06
499	1	1993	0.6552884578704834	80.0	1e-06
499	2	1994	0.6081526279449463	82.0	1e-06
499	3	1995	0.6377105116844177	70.0	1e-06
499	4	1996	0.5631439685821533	85.36585365853658	1e-06
500	1	1997	0.6134820580482483	72.0	1e-06
500	2	1998	0.6475396156311035	84.0	1e-06
500	3	1999	0.6319425702095032	74.0	1e-06
500	4	2000	0.5464361906051636	75.60975609756098	1e-06
