epoch	epistemic	aleatoric	random_param_mean	random_param_log_alpha	total_param_mean	total_param_log_alpha
1	1.7940274779568166e-06	0.1628304544450334	0	0	0	0
2	8.645536278814592e-06	0.18998012087999241	0	0	0	0
3	2.14857916653044e-05	0.20792707100707272	0	0	0	0
4	4.0413894178192855e-05	0.21711362093891143	0	0	0	0
5	0.00019598278865703977	0.2226102298406354	0	0	0	0
6	0.0014682770084386149	0.22157198231506067	0	0	0	0
7	0.0057683984925710335	0.21098845261289015	0	0	0	0
8	0.002897538598362087	0.22674192630698706	0	0	0	0
9	0.001277132183958779	0.23317841998937613	0	0	0	0
10	0.0019985700397923967	0.22934834631025436	0	0	0	0
11	0.00043406261642015	0.22691176874463834	0	0	0	0
12	0.002208568190700033	0.22715835460258357	0	0	0	0
13	0.0008701128661147972	0.23278668376819164	0	0	0	0
14	0.002060577217026599	0.2321027990743889	0	0	0	0
15	0.0007815852277527624	0.23648924544337943	0	0	0	0
16	0.0021991306233340446	0.23653502107841917	0	0	0	0
17	0.003612829048724203	0.23955767210193	0	0	0	0
18	0.0013974029212429073	0.2373214456343984	0	0	0	0
19	0.001094150337124733	0.24059644086139742	0	0	0	0
20	0.0004024035847303986	0.23750187046765237	0	0	0	0
21	0.006310379060272625	0.23847452313303572	0	0	0	0
22	0.0014170023130169185	0.23645585012676787	0	0	0	0
23	0.002280518454837732	0.23499640920915454	0	0	0	0
24	0.00224611913979772	0.23556975456430096	0	0	0	0
25	0.002461902796345561	0.24126523854452234	0	0	0	0
26	0.0009857625065394782	0.24069047763446508	0	0	0	0
27	0.0010467678978416384	0.23890221038171053	0	0	0	0
28	0.0011939061539815998	0.2402825583912572	0	0	0	0
29	0.0013067365031758649	0.24237604310438252	0	0	0	0
30	0.007020789282345646	0.2403246162683145	0	0	0	0
31	0.011025716449308665	0.23751224952940472	0	0	0	0
32	0.003267504771643448	0.24106143788203016	0	0	0	0
33	0.01095984608213521	0.23624375428825886	0	0	0	0
34	0.002321586022765526	0.24326209953291408	0	0	0	0
35	0.0043568619415868814	0.24266744671818907	0	0	0	0
36	0.008669750925251657	0.2400157752809521	0	0	0	0
37	0.008370926835364084	0.240437766277637	0	0	0	0
38	0.020313523613047196	0.22913037051050425	0	0	0	0
39	0.015236699460118824	0.23407864296102257	0	0	0	0
40	0.030824945443885754	0.2191678479421594	0	0	0	0
41	0.00736371772940847	0.24219486868206	0	0	0	0
42	0.01067437552151293	0.23879660165629799	0	0	0	0
43	0.01917580360856347	0.2307871119482081	0	0	0	0
44	0.02404502835733996	0.22594239626183446	0	0	0	0
45	0.0179207631422722	0.23190092827716344	0	0	0	0
46	0.0054569295390001216	0.24454280835623954	0	0	0	0
47	0.009712066254469881	0.2402877559960014	0	0	0	0
48	0.03626658062311844	0.2122030821985245	0	0	0	0
49	0.02230657239884301	0.22767603886224444	0	0	0	0
50	0.023249538054320118	0.22672475869873546	0	0	0	0
51	0.05359320040284665	0.1770893244305498	0	0	0	0
52	0.010259823556422715	0.23931763015116533	0	0	0	0
53	0.01224506541623624	0.23754695627486586	0	0	0	0
54	0.0665594827327391	0.17072278091254475	0	0	0	0
55	0.03226915673030889	0.21423031889973654	0	0	0	0
56	0.02536314606377682	0.22221016658539713	0	0	0	0
57	0.020410048475272113	0.22823672748154808	0	0	0	0
58	0.029127020086054944	0.21699435978906179	0	0	0	0
59	0.024365037820772317	0.2228563100023558	0	0	0	0
60	0.016504713838739915	0.22924773481889674	0	0	0	0
61	0.02769432123091503	0.2169334999446039	0	0	0	0
62	0.025520076096306743	0.21897859819781726	0	0	0	0
63	0.0262556692049824	0.219993741019992	0	0	0	0
64	0.019612853559135945	0.2275023683382452	0	0	0	0
65	0.03509918029209996	0.21106645685364933	0	0	0	0
66	0.028220647620073758	0.21805045536558007	0	0	0	0
67	0.037004264762250605	0.19820739773611207	0	0	0	0
68	0.02499913185397662	0.22019900034982332	0	0	0	0
69	0.04814801621196263	0.18478431176708296	0	0	0	0
70	0.0629485264692301	0.16015575063634127	0	0	0	0
71	0.03756630967634178	0.20363656398102323	0	0	0	0
72	0.05386246996755839	0.15152505956104015	0	0	0	0
73	0.01025258476694435	0.23922101757387373	0	0	0	0
74	0.06610941143218302	0.14558264001965573	0	0	0	0
75	0.032847475468109066	0.19664097514229453	0	0	0	0
76	0.033816684891490756	0.20728010797377094	0	0	0	0
77	0.03757633802403498	0.20861832360010787	0	0	0	0
78	0.03952253077614509	0.19445456605249686	0	0	0	0
79	0.04301266783053037	0.1801853806874046	0	0	0	0
80	0.03600168029637796	0.20094927257927786	0	0	0	0
81	0.02662251599479093	0.2076212139609531	0	0	0	0
82	0.035280384339251125	0.20735992322327212	0	0	0	0
83	0.03330709975600238	0.1896005268180437	0	0	0	0
84	0.03559312425171535	0.1819315756290362	0	0	0	0
85	0.030861684390101507	0.20583415854548867	0	0	0	0
86	0.04478119189014412	0.17692781001532687	0	0	0	0
87	0.061676342886836544	0.1492712915628119	0	0	0	0
88	0.03593917114987244	0.1917925432060331	0	0	0	0
89	0.029952440844912553	0.20070289712650644	0	0	0	0
90	0.0376764044482335	0.16656818312181967	0	0	0	0
91	0.02664903299035626	0.21093939770713063	0	0	0	0
92	0.03085841430818359	0.20593345226665596	0	0	0	0
93	0.03219693080938457	0.1944899886534132	0	0	0	0
94	0.03464796257286212	0.20308287267044176	0	0	0	0
95	0.03480809565805959	0.20098560265669083	0	0	0	0
96	0.02396515017322437	0.20621069609464748	0	0	0	0
97	0.029063471806807295	0.19856863486055895	0	0	0	0
98	0.04883748498573526	0.13152447376202817	0	0	0	0
99	0.030455440883676355	0.1755299780305911	0	0	0	0
100	0.02731089566934103	0.18952556631910977	0	0	0	0
101	0.027531680484046694	0.19392665348087576	0	0	0	0
102	0.03774582808771826	0.18471507924669797	0	0	0	0
103	0.030897643636013328	0.18075642729530372	0	0	0	0
104	0.033108713715897076	0.1605414804707562	0	0	0	0
105	0.0268479653810762	0.18910474288320542	0	0	0	0
106	0.03567782091626759	0.16037456830800742	0	0	0	0
107	0.031204024565070987	0.15205624474957288	0	0	0	0
108	0.03176136389202611	0.17549332499389902	0	0	0	0
109	0.03110227026344803	0.1668021118109503	0	0	0	0
110	0.03283889002519613	0.19521473991972726	0	0	0	0
111	0.036285496450731536	0.1507445958933309	0	0	0	0
112	0.024227268501960886	0.18468624533740385	0	0	0	0
113	0.03097742815741722	0.17651401131821473	0	0	0	0
114	0.0324664214671353	0.15324601608569646	0	0	0	0
115	0.018192337082614696	0.1699136673920846	0	0	0	0
116	0.018997135456193415	0.18070817269020623	0	0	0	0
117	0.037347515387185504	0.12378138984699327	0	0	0	0
118	0.022595110271387497	0.1323438154050299	0	0	0	0
119	0.026190332264700356	0.12238935281763379	0	0	0	0
120	0.01960018916351225	0.14772390057800533	0	0	0	0
121	0.026719827264918172	0.12798806594030254	0	0	0	0
122	0.02017495533121194	0.15545475273367573	0	0	0	0
123	0.0297299339981284	0.1479139835668747	0	0	0	0
124	0.04220768693590449	0.11031403060627902	0	0	0	0
125	0.02693201632835851	0.10995214847119013	0	0	0	0
126	0.031087861833025254	0.163663724279709	0	0	0	0
127	0.017900596758860354	0.11917415305385674	0	0	0	0
128	0.042190735826451276	0.159450817498199	0	0	0	0
129	0.02545795156903019	0.17677036780297536	0	0	0	0
130	0.03950063117979752	0.13440102978487686	0	0	0	0
131	0.035845222345351035	0.13161979326191506	0	0	0	0
132	0.028713015173646883	0.14503342082203527	0	0	0	0
133	0.04221854898845384	0.16962027921560976	0	0	0	0
134	0.04111748332937226	0.13175466075290676	0	0	0	0
135	0.04189785392110301	0.10330494256444094	0	0	0	0
136	0.0418184380633696	0.15376631822912334	0	0	0	0
137	0.033232509012422695	0.14319922926640735	0	0	0	0
138	0.03192429045575329	0.15681953335414614	0	0	0	0
139	0.0465647014501227	0.1024217520824966	0	0	0	0
140	0.028869432834371267	0.14348763695867048	0	0	0	0
141	0.028154000360041898	0.15189968449175714	0	0	0	0
142	0.03265889136847133	0.13893279786283075	0	0	0	0
143	0.031245049261261704	0.13988841240170627	0	0	0	0
144	0.031749739871178906	0.12188452513504704	0	0	0	0
145	0.03492963132036697	0.11380020924862018	0	0	0	0
146	0.03051449009749907	0.110586070024509	0	0	0	0
147	0.035481834908515864	0.15876883301567424	0	0	0	0
148	0.039640771263478536	0.12876003579371167	0	0	0	0
149	0.03769241735354634	0.12847092062119203	0	0	0	0
150	0.041149747308013795	0.1394040826870031	0	0	0	0
151	0.030825361419392072	0.11811168663784977	0	0	0	0
152	0.03639814927595597	0.12654261880796835	0	0	0	0
153	0.040317245266072055	0.09991357091764841	0	0	0	0
154	0.0361122666575483	0.14318118906784746	0	0	0	0
155	0.030087277605807428	0.14866205264419197	0	0	0	0
156	0.039365723188126145	0.1216286665677145	0	0	0	0
157	0.040466536734925396	0.1379221574672714	0	0	0	0
158	0.03025462609971641	0.10353652514247735	0	0	0	0
159	0.04333610615669159	0.12032081796842704	0	0	0	0
160	0.02599616788429182	0.12937879841589486	0	0	0	0
161	0.05152168241953703	0.14506661445583804	0	0	0	0
162	0.04028135863342219	0.09841469683093569	0	0	0	0
163	0.052940373492381676	0.14139455889019562	0	0	0	0
164	0.04516316738012294	0.09121359691505997	0	0	0	0
165	0.045687499736493775	0.12115082546707634	0	0	0	0
166	0.04803137447015782	0.1445697609368867	0	0	0	0
167	0.04800807213858849	0.12747748011841634	0	0	0	0
168	0.008530952176359241	0.06008953227123056	0	0	0	0
169	0.04398195275954375	0.1389714733804329	0	0	0	0
170	0.04474105627800551	0.10292527831764604	0	0	0	0
171	0.03710966495782575	0.0940944685230587	0	0	0	0
172	0.053631685617500535	0.14256081911152121	0	0	0	0
173	0.043614679751785235	0.1420183951480299	0	0	0	0
174	0.043958937427103106	0.12409656567633161	0	0	0	0
175	0.05283832253691745	0.14440156737816	0	0	0	0
176	0.03369947327818734	0.10193117554199975	0	0	0	0
177	0.044400667060338406	0.13418673180324725	0	0	0	0
178	0.05775645041548061	0.13572878361684837	0	0	0	0
179	0.03747097723495685	0.10468006919933519	0	0	0	0
180	0.04414921728150634	0.12267103164414654	0	0	0	0
181	0.041067878132800884	0.1331202492707506	0	0	0	0
182	0.05083421913408981	0.13688385010809703	0	0	0	0
183	0.049934695336569024	0.13086043248204327	0	0	0	0
184	0.04521620193531384	0.12343179006615508	0	0	0	0
185	0.03858261762701776	0.13685497374480068	0	0	0	0
186	0.05897189732596664	0.1349415542255407	0	0	0	0
187	0.04775896686216985	0.1055065009680655	0	0	0	0
188	0.03429714139548656	0.10315175926302327	0	0	0	0
189	0.03364109006934457	0.11703200022882528	0	0	0	0
190	0.027933832220074062	0.09590484572707177	0	0	0	0
191	0.04903611083085069	0.11246819293174252	0	0	0	0
192	0.047078877357787485	0.10945805853788364	0	0	0	0
193	0.03316316811481179	0.13696922599294195	0	0	0	0
194	0.04036818326239522	0.13384398510673012	0	0	0	0
195	0.0681984627052612	0.12447631780594308	0	0	0	0
196	0.050936576362984765	0.1311942122275691	0	0	0	0
197	0.0355340228157206	0.12092336093950877	0	0	0	0
198	0.03575885973943238	0.09920874700058728	0	0	0	0
199	0.01963104970536622	0.078219850714075	0	0	0	0
200	0.04184510209158654	0.12765146752590137	0	0	0	0
201	0.05737313468837435	0.14151919717528041	0	0	0	0
202	0.0557935720476429	0.14059347260099142	0	0	0	0
203	0.05543362150136322	0.0978854347945195	0	0	0	0
204	0.028371366831433042	0.09075388257808263	0	0	0	0
205	0.048656701425392246	0.1106169708576954	0	0	0	0
206	0.03727552029444481	0.12897303745221866	0	0	0	0
207	0.03741870859505991	0.1441103931984732	0	0	0	0
208	0.04242573096260127	0.14097751560360958	0	0	0	0
209	0.030112888008251404	0.13030704118069222	0	0	0	0
210	0.047012833758293016	0.12906159394169822	0	0	0	0
211	0.039875228625597225	0.14195616832136113	0	0	0	0
212	0.05793605948962821	0.1549207572690879	0	0	0	0
213	0.043854096765722494	0.14886888564383907	0	0	0	0
214	0.0408305482728436	0.11733728466662119	0	0	0	0
215	0.049040489523225594	0.12950937351629963	0	0	0	0
216	0.05351454789378318	0.13939986092672987	0	0	0	0
217	0.05070569736736963	0.11135247336209941	0	0	0	0
218	0.04941887196997685	0.12440191703627475	0	0	0	0
219	0.03321389319546009	0.10607443090607778	0	0	0	0
220	0.01992497178931829	0.12552334398657253	0	0	0	0
221	0.04303851866381092	0.12301427247985885	0	0	0	0
222	0.0535173163152699	0.1329932418049978	0	0	0	0
223	0.041827980538887144	0.1093341587767555	0	0	0	0
224	0.036133360543459725	0.08351845889296243	0	0	0	0
225	0.041815077381994636	0.10203491705302843	0	0	0	0
226	0.02943857586664933	0.09738288481190693	0	0	0	0
227	0.03991071937500568	0.11525863256637958	0	0	0	0
228	0.05341412267645407	0.1378878715393214	0	0	0	0
229	0.04557575457964258	0.13835202106194192	0	0	0	0
230	0.03523942345221065	0.11819679051073735	0	0	0	0
231	0.05060894280631467	0.13673120597419186	0	0	0	0
232	0.042810123512594944	0.08078052977515426	0	0	0	0
233	0.04004413820344277	0.11027819123418088	0	0	0	0
234	0.060194669817058455	0.1150650536058339	0	0	0	0
235	0.03717717935298592	0.11793870304759195	0	0	0	0
236	0.020314070403639972	0.1328295405448836	0	0	0	0
237	0.03781272950863157	0.10228783387624785	0	0	0	0
238	0.042216266190253315	0.10250661233308438	0	0	0	0
239	0.048237009538632636	0.1244256547761881	0	0	0	0
240	0.051753529501327056	0.09871371198681733	0	0	0	0
241	0.03798205583795944	0.07968790156472079	0	0	0	0
242	0.034843581838092774	0.13298269283542297	0	0	0	0
243	0.030683121566386418	0.13834203824593802	0	0	0	0
244	0.0467671320844234	0.13023242307532734	0	0	0	0
245	0.042080194409703564	0.1213399532094821	0	0	0	0
246	0.0342928663063361	0.13626532271152936	0	0	0	0
247	0.05401411326820732	0.15406822139545007	0	0	0	0
248	0.042847039257935315	0.09006230453783814	0	0	0	0
249	0.05302127212231578	0.1279669308619984	0	0	0	0
250	0.04279178376200732	0.11120392561343229	0	0	0	0
251	0.035622640374829984	0.14005805546433217	0	0	0	0
252	0.040061578675221865	0.12445257177002755	0	0	0	0
253	0.05861654638380742	0.128162669621484	0	0	0	0
254	0.037808384694451025	0.1454436732326224	0	0	0	0
255	0.043970357552775896	0.07747665318624956	0	0	0	0
256	0.04907162061010317	0.15250134036628338	0	0	0	0
257	0.040299347223237025	0.0825410593116341	0	0	0	0
258	0.036182260875617156	0.13891571400092695	0	0	0	0
259	0.05375590223455862	0.13108117179925238	0	0	0	0
260	0.038624060579448116	0.10538037991444497	0	0	0	0
261	0.04011731406867425	0.09676562621135809	0	0	0	0
262	0.044105284480353	0.11866420779585092	0	0	0	0
263	0.03339817309311233	0.11771423968734052	0	0	0	0
264	0.04210511155394858	0.094519188123157	0	0	0	0
265	0.04492678516484738	0.113217929348296	0	0	0	0
266	0.04092201701720932	0.10733814701987221	0	0	0	0
267	0.0489112647268205	0.12491982102968328	0	0	0	0
268	0.03312765395660733	0.10706870771409112	0	0	0	0
269	0.040006930749095226	0.09815566142934617	0	0	0	0
270	0.027271950782497	0.11166041875151755	0	0	0	0
271	0.0450519508205558	0.11466535695766522	0	0	0	0
272	0.040079607306509724	0.11930889448946373	0	0	0	0
273	0.05418909938263761	0.1300893498802754	0	0	0	0
274	0.04230765759802424	0.10704076886412277	0	0	0	0
275	0.021009703115009715	0.12723883797927668	0	0	0	0
276	0.039337390648072734	0.10389910782494353	0	0	0	0
277	0.0455537862028107	0.11313138128836149	0	0	0	0
278	0.0282563945186437	0.07517592469364469	0	0	0	0
279	0.036562016551742405	0.13937010213512382	0	0	0	0
280	0.044876753982178275	0.13617571615395185	0	0	0	0
281	0.02897803375587038	0.09154115629476227	0	0	0	0
282	0.0294098190636799	0.06608566800408178	0	0	0	0
283	0.031284122761052635	0.13290202013749153	0	0	0	0
284	0.03582806949827011	0.09125578879565532	0	0	0	0
285	0.03566371503988175	0.09916310480858474	0	0	0	0
286	0.03138377599789344	0.0665572844916209	0	0	0	0
287	0.05427470818732649	0.11776973946480755	0	0	0	0
288	0.056574962443534216	0.11329997378703267	0	0	0	0
289	0.02986689183259239	0.09683298189971616	0	0	0	0
290	0.03701575437305282	0.11537505589454107	0	0	0	0
291	0.05007429192321455	0.09622530126846773	0	0	0	0
292	0.044028396538137726	0.12286989763757868	0	0	0	0
293	0.04897978643596457	0.11709230385799652	0	0	0	0
294	0.06012570011676133	0.09741862069002309	0	0	0	0
295	0.03257487302939399	0.09910400436781153	0	0	0	0
296	0.025028396990361745	0.10994317874396191	0	0	0	0
297	0.028538386993975484	0.10536416795135424	0	0	0	0
298	0.04499922612406548	0.11096499147438406	0	0	0	0
299	0.02276369932966882	0.0998755690379755	0	0	0	0
300	0.04277930704828925	0.11900328793260913	0	0	0	0
301	0.026612382440349136	0.0798282067803416	0	0	0	0
302	0.024859052087400912	0.10852338347479613	0	0	0	0
303	0.03071906160970439	0.1093353895923143	0	0	0	0
304	0.04486919363381969	0.1246269052739628	0	0	0	0
305	0.021890574475385116	0.10642105146287051	0	0	0	0
306	0.038326930506388135	0.10177871926635411	0	0	0	0
307	0.05144244763058514	0.11429427122730258	0	0	0	0
