epoch	batch	iter	loss	acc	lr
1	1	1	2.3884661197662354	6.0	1e-06
1	2	2	2.444962501525879	10.0	1e-06
1	3	3	2.507519483566284	0.0	1e-06
1	4	4	2.414032459259033	6.0	1e-06
1	5	5	2.4086532592773438	6.0	1e-06
1	6	6	2.465552806854248	14.0	1e-06
1	7	7	2.4684386253356934	10.0	1e-06
1	8	8	2.354994773864746	10.0	1e-06
1	9	9	2.424168109893799	10.0	1e-06
1	10	10	2.505786657333374	0.0	1e-06
1	11	11	2.4433555603027344	8.0	1e-06
1	12	12	2.409358024597168	14.0	1e-06
1	13	13	2.392188549041748	12.0	1e-06
1	14	14	2.4211974143981934	2.0	1e-06
1	15	15	2.4599246978759766	12.0	1e-06
1	16	16	2.3763427734375	12.0	1e-06
1	17	17	2.3786141872406006	14.0	1e-06
1	18	18	2.3750243186950684	16.0	1e-06
1	19	19	2.374544382095337	6.0	1e-06
1	20	20	2.323641300201416	20.0	1e-06
1	21	21	2.3471169471740723	16.0	1e-06
1	22	22	2.4240882396698	10.0	1e-06
1	23	23	2.431739568710327	16.0	1e-06
1	24	24	2.5987133979797363	10.0	1e-06
1	25	25	2.373751163482666	12.0	1e-06
1	26	26	2.34403133392334	6.0	1e-06
1	27	27	2.3932647705078125	12.0	1e-06
1	28	28	2.464374542236328	10.0	1e-06
1	29	29	2.4227802753448486	20.0	1e-06
1	30	30	2.363004684448242	14.0	1e-06
1	31	31	2.4626128673553467	14.0	1e-06
1	32	32	2.4142191410064697	10.0	1e-06
1	33	33	2.4444260597229004	16.0	1e-06
1	34	34	2.403261661529541	8.0	1e-06
1	35	35	2.3790416717529297	16.0	1e-06
1	36	36	2.3495938777923584	12.0	1e-06
1	37	37	2.504791259765625	12.0	1e-06
1	38	38	2.4433982372283936	12.0	1e-06
1	39	39	2.3973820209503174	12.0	1e-06
1	40	40	2.4359428882598877	16.0	1e-06
1	41	41	2.4421236515045166	12.0	1e-06
1	42	42	2.368805170059204	10.0	1e-06
1	43	43	2.418306350708008	16.0	1e-06
1	44	44	2.396005153656006	8.0	1e-06
1	45	45	2.355358362197876	12.0	1e-06
1	46	46	2.470222234725952	10.0	1e-06
1	47	47	2.3450114727020264	14.0	1e-06
1	48	48	2.337207555770874	14.0	1e-06
1	49	49	2.453640937805176	12.0	1e-06
1	50	50	2.41330623626709	10.0	1e-06
1	51	51	2.482170820236206	6.0	1e-06
1	52	52	2.363787889480591	6.0	1e-06
1	53	53	2.443943738937378	2.0	1e-06
1	54	54	2.3473174571990967	14.0	1e-06
1	55	55	2.3949527740478516	12.0	1e-06
1	56	56	2.3515846729278564	12.0	1e-06
1	57	57	2.361210823059082	10.0	1e-06
1	58	58	2.5413875579833984	0.0	1e-06
2	1	59	2.3457610607147217	16.0	1e-06
2	2	60	2.3939027786254883	14.0	1e-06
2	3	61	2.4047904014587402	8.0	1e-06
2	4	62	2.445136785507202	12.0	1e-06
2	5	63	2.2754175662994385	14.0	1e-06
2	6	64	2.45924973487854	12.0	1e-06
2	7	65	2.380845308303833	8.0	1e-06
2	8	66	2.3279895782470703	18.0	1e-06
2	9	67	2.4405157566070557	4.0	1e-06
2	10	68	2.328655958175659	14.0	1e-06
2	11	69	2.4514472484588623	10.0	1e-06
2	12	70	2.391835927963257	6.0	1e-06
2	13	71	2.374727249145508	18.0	1e-06
2	14	72	2.3696205615997314	16.0	1e-06
2	15	73	2.392181634902954	26.0	1e-06
2	16	74	2.4099152088165283	6.0	1e-06
2	17	75	2.2686665058135986	14.0	1e-06
2	18	76	2.31900691986084	8.0	1e-06
2	19	77	2.3749186992645264	10.0	1e-06
2	20	78	2.2885982990264893	24.0	1e-06
2	21	79	2.3552663326263428	20.0	1e-06
2	22	80	2.3927667140960693	18.0	1e-06
2	23	81	2.3330962657928467	14.0	1e-06
2	24	82	2.3753201961517334	12.0	1e-06
2	25	83	2.3722317218780518	12.0	1e-06
2	26	84	2.459998607635498	10.0	1e-06
2	27	85	2.410691738128662	10.0	1e-06
2	28	86	2.4018375873565674	6.0	1e-06
2	29	87	2.354194402694702	18.0	1e-06
2	30	88	2.397998809814453	6.0	1e-06
2	31	89	2.3803839683532715	12.0	1e-06
2	32	90	2.3766770362854004	16.0	1e-06
2	33	91	2.3697807788848877	4.0	1e-06
2	34	92	2.4647719860076904	6.0	1e-06
2	35	93	2.3165969848632812	14.0	1e-06
2	36	94	2.351846694946289	6.0	1e-06
2	37	95	2.3231465816497803	16.0	1e-06
2	38	96	2.385810136795044	10.0	1e-06
2	39	97	2.3905129432678223	8.0	1e-06
2	40	98	2.3613927364349365	14.0	1e-06
2	41	99	2.4245851039886475	12.0	1e-06
2	42	100	2.3505983352661133	8.0	1e-06
2	43	101	2.364908218383789	18.0	1e-06
2	44	102	2.3807125091552734	16.0	1e-06
2	45	103	2.315758466720581	10.0	1e-06
2	46	104	2.352004289627075	16.0	1e-06
2	47	105	2.3678574562072754	14.0	1e-06
2	48	106	2.3470938205718994	16.0	1e-06
2	49	107	2.410386562347412	10.0	1e-06
2	50	108	2.2611522674560547	20.0	1e-06
2	51	109	2.3664207458496094	10.0	1e-06
2	52	110	2.313601016998291	16.0	1e-06
2	53	111	2.3069419860839844	26.0	1e-06
2	54	112	2.341111660003662	18.0	1e-06
2	55	113	2.373048782348633	14.0	1e-06
2	56	114	2.245161771774292	14.0	1e-06
2	57	115	2.405881643295288	18.0	1e-06
2	58	116	2.3770837783813477	25.0	1e-06
3	1	117	2.3555939197540283	6.0	1e-06
3	2	118	2.327138900756836	12.0	1e-06
3	3	119	2.27309513092041	22.0	1e-06
3	4	120	2.290334701538086	16.0	1e-06
3	5	121	2.218557357788086	26.0	1e-06
3	6	122	2.3143863677978516	20.0	1e-06
3	7	123	2.266214609146118	14.0	1e-06
3	8	124	2.352571964263916	10.0	1e-06
3	9	125	2.3196523189544678	18.0	1e-06
3	10	126	2.312260389328003	6.0	1e-06
3	11	127	2.2742834091186523	16.0	1e-06
3	12	128	2.3109090328216553	14.0	1e-06
3	13	129	2.3182594776153564	16.0	1e-06
3	14	130	2.284304618835449	18.0	1e-06
3	15	131	2.2097232341766357	20.0	1e-06
3	16	132	2.3218369483947754	14.0	1e-06
3	17	133	2.381143569946289	14.0	1e-06
3	18	134	2.3089754581451416	14.0	1e-06
3	19	135	2.375624418258667	12.0	1e-06
3	20	136	2.3327834606170654	16.0	1e-06
3	21	137	2.3926525115966797	8.0	1e-06
3	22	138	2.266433000564575	6.0	1e-06
3	23	139	2.3695993423461914	20.0	1e-06
3	24	140	2.3304879665374756	16.0	1e-06
3	25	141	2.440856695175171	20.0	1e-06
3	26	142	2.2866461277008057	18.0	1e-06
3	27	143	2.4279086589813232	12.0	1e-06
3	28	144	2.3509469032287598	18.0	1e-06
3	29	145	2.4761626720428467	10.0	1e-06
3	30	146	2.270366668701172	18.0	1e-06
3	31	147	2.338749408721924	8.0	1e-06
3	32	148	2.380258798599243	6.0	1e-06
3	33	149	2.352480888366699	16.0	1e-06
3	34	150	2.3110053539276123	14.0	1e-06
3	35	151	2.2740273475646973	16.0	1e-06
3	36	152	2.3100838661193848	22.0	1e-06
3	37	153	2.4095652103424072	16.0	1e-06
3	38	154	2.3665575981140137	12.0	1e-06
3	39	155	2.4108617305755615	12.0	1e-06
3	40	156	2.3065268993377686	14.0	1e-06
3	41	157	2.321974754333496	14.0	1e-06
3	42	158	2.3220221996307373	14.0	1e-06
3	43	159	2.3528549671173096	16.0	1e-06
3	44	160	2.217031955718994	34.0	1e-06
3	45	161	2.3226139545440674	12.0	1e-06
3	46	162	2.3203632831573486	14.0	1e-06
3	47	163	2.315351963043213	16.0	1e-06
3	48	164	2.2961766719818115	24.0	1e-06
3	49	165	2.3909800052642822	10.0	1e-06
3	50	166	2.372576951980591	22.0	1e-06
3	51	167	2.361726760864258	16.0	1e-06
3	52	168	2.363302230834961	22.0	1e-06
3	53	169	2.286367654800415	22.0	1e-06
3	54	170	2.2364439964294434	18.0	1e-06
3	55	171	2.350550651550293	16.0	1e-06
3	56	172	2.351679563522339	12.0	1e-06
3	57	173	2.2275917530059814	22.0	1e-06
3	58	174	2.4797873497009277	0.0	1e-06
4	1	175	2.3180549144744873	14.0	1e-06
4	2	176	2.2541894912719727	20.0	1e-06
4	3	177	2.265305280685425	18.0	1e-06
4	4	178	2.33687686920166	12.0	1e-06
4	5	179	2.282472610473633	10.0	1e-06
4	6	180	2.3272767066955566	16.0	1e-06
4	7	181	2.2450051307678223	14.0	1e-06
4	8	182	2.333162784576416	12.0	1e-06
4	9	183	2.1837565898895264	34.0	1e-06
4	10	184	2.3496968746185303	14.0	1e-06
4	11	185	2.297548770904541	12.0	1e-06
4	12	186	2.29046630859375	22.0	1e-06
4	13	187	2.3399503231048584	16.0	1e-06
4	14	188	2.284433126449585	12.0	1e-06
4	15	189	2.347787857055664	10.0	1e-06
4	16	190	2.3556690216064453	14.0	1e-06
4	17	191	2.3498823642730713	10.0	1e-06
4	18	192	2.272804021835327	26.0	1e-06
4	19	193	2.3436455726623535	14.0	1e-06
4	20	194	2.249638557434082	18.0	1e-06
4	21	195	2.363239049911499	10.0	1e-06
4	22	196	2.295090675354004	12.0	1e-06
4	23	197	2.2983150482177734	16.0	1e-06
4	24	198	2.340820074081421	18.0	1e-06
4	25	199	2.36716628074646	8.0	1e-06
4	26	200	2.2660956382751465	24.0	1e-06
4	27	201	2.307513952255249	28.0	1e-06
4	28	202	2.2557685375213623	20.0	1e-06
4	29	203	2.264350414276123	18.0	1e-06
4	30	204	2.236372947692871	18.0	1e-06
4	31	205	2.266878604888916	22.0	1e-06
4	32	206	2.3995277881622314	14.0	1e-06
4	33	207	2.302389144897461	12.0	1e-06
4	34	208	2.2998340129852295	20.0	1e-06
4	35	209	2.335627794265747	22.0	1e-06
4	36	210	2.281592607498169	24.0	1e-06
4	37	211	2.285231113433838	14.0	1e-06
4	38	212	2.277194023132324	26.0	1e-06
4	39	213	2.3253579139709473	8.0	1e-06
4	40	214	2.2368323802948	30.0	1e-06
4	41	215	2.2431015968322754	26.0	1e-06
4	42	216	2.344069719314575	12.0	1e-06
4	43	217	2.3297760486602783	24.0	1e-06
4	44	218	2.335012197494507	20.0	1e-06
4	45	219	2.262946367263794	10.0	1e-06
4	46	220	2.2635862827301025	10.0	1e-06
4	47	221	2.285541296005249	26.0	1e-06
4	48	222	2.2385201454162598	14.0	1e-06
4	49	223	2.293759822845459	18.0	1e-06
4	50	224	2.2348952293395996	16.0	1e-06
4	51	225	2.2695913314819336	20.0	1e-06
4	52	226	2.28096079826355	18.0	1e-06
4	53	227	2.206259250640869	20.0	1e-06
4	54	228	2.283717393875122	12.0	1e-06
4	55	229	2.221478223800659	20.0	1e-06
4	56	230	2.3103740215301514	22.0	1e-06
4	57	231	2.3104817867279053	20.0	1e-06
4	58	232	2.566424608230591	25.0	1e-06
5	1	233	2.22961688041687	22.0	1e-06
5	2	234	2.3850748538970947	14.0	1e-06
5	3	235	2.2479496002197266	22.0	1e-06
5	4	236	2.3212900161743164	18.0	1e-06
5	5	237	2.2180628776550293	28.0	1e-06
5	6	238	2.2854480743408203	10.0	1e-06
5	7	239	2.2220184803009033	36.0	1e-06
5	8	240	2.3000125885009766	10.0	1e-06
5	9	241	2.211883068084717	20.0	1e-06
5	10	242	2.2605690956115723	28.0	1e-06
5	11	243	2.234571933746338	18.0	1e-06
5	12	244	2.278596878051758	26.0	1e-06
5	13	245	2.37982177734375	12.0	1e-06
5	14	246	2.3343513011932373	22.0	1e-06
5	15	247	2.240422010421753	10.0	1e-06
5	16	248	2.357647180557251	16.0	1e-06
5	17	249	2.252950668334961	16.0	1e-06
5	18	250	2.3990237712860107	12.0	1e-06
5	19	251	2.2005720138549805	16.0	1e-06
5	20	252	2.407208204269409	12.0	1e-06
5	21	253	2.2805190086364746	22.0	1e-06
5	22	254	2.247992753982544	22.0	1e-06
5	23	255	2.2667391300201416	18.0	1e-06
5	24	256	2.2809743881225586	18.0	1e-06
5	25	257	2.3540823459625244	14.0	1e-06
5	26	258	2.287856101989746	18.0	1e-06
5	27	259	2.2599527835845947	26.0	1e-06
5	28	260	2.282437324523926	18.0	1e-06
5	29	261	2.253636121749878	18.0	1e-06
5	30	262	2.2425413131713867	16.0	1e-06
5	31	263	2.2028493881225586	18.0	1e-06
5	32	264	2.316321611404419	12.0	1e-06
5	33	265	2.2884840965270996	18.0	1e-06
5	34	266	2.212094306945801	34.0	1e-06
5	35	267	2.3236026763916016	18.0	1e-06
5	36	268	2.249556541442871	12.0	1e-06
5	37	269	2.20212984085083	24.0	1e-06
5	38	270	2.20202374458313	18.0	1e-06
5	39	271	2.33621883392334	14.0	1e-06
5	40	272	2.2635743618011475	28.0	1e-06
5	41	273	2.2978901863098145	28.0	1e-06
5	42	274	2.2472176551818848	18.0	1e-06
5	43	275	2.216480255126953	30.0	1e-06
5	44	276	2.2603275775909424	16.0	1e-06
5	45	277	2.273036241531372	20.0	1e-06
5	46	278	2.2334144115448	22.0	1e-06
5	47	279	2.2469780445098877	18.0	1e-06
5	48	280	2.2636537551879883	22.0	1e-06
5	49	281	2.2730846405029297	20.0	1e-06
5	50	282	2.207069158554077	24.0	1e-06
5	51	283	2.2012441158294678	30.0	1e-06
5	52	284	2.161358118057251	34.0	1e-06
5	53	285	2.215879440307617	28.0	1e-06
5	54	286	2.282823324203491	22.0	1e-06
5	55	287	2.216163396835327	18.0	1e-06
5	56	288	2.2280848026275635	26.0	1e-06
5	57	289	2.2675905227661133	16.0	1e-06
5	58	290	2.3056111335754395	25.0	1e-06
6	1	291	2.238835573196411	24.0	1e-06
6	2	292	2.23476505279541	24.0	1e-06
6	3	293	2.209074020385742	16.0	1e-06
6	4	294	2.253909111022949	18.0	1e-06
6	5	295	2.259143590927124	32.0	1e-06
6	6	296	2.2541565895080566	26.0	1e-06
6	7	297	2.216787576675415	30.0	1e-06
6	8	298	2.235856056213379	26.0	1e-06
6	9	299	2.220602512359619	24.0	1e-06
6	10	300	2.2095131874084473	24.0	1e-06
6	11	301	2.2735440731048584	22.0	1e-06
6	12	302	2.269239902496338	24.0	1e-06
6	13	303	2.281128168106079	18.0	1e-06
6	14	304	2.312028169631958	6.0	1e-06
6	15	305	2.2090649604797363	22.0	1e-06
6	16	306	2.254101514816284	22.0	1e-06
6	17	307	2.216055154800415	16.0	1e-06
6	18	308	2.1835250854492188	30.0	1e-06
6	19	309	2.218812942504883	30.0	1e-06
6	20	310	2.170034408569336	30.0	1e-06
6	21	311	2.2762250900268555	24.0	1e-06
6	22	312	2.157090663909912	26.0	1e-06
6	23	313	2.2223148345947266	22.0	1e-06
6	24	314	2.177880048751831	24.0	1e-06
6	25	315	2.1901917457580566	26.0	1e-06
6	26	316	2.2460520267486572	20.0	1e-06
6	27	317	2.212063789367676	30.0	1e-06
6	28	318	2.2624895572662354	32.0	1e-06
6	29	319	2.1941094398498535	24.0	1e-06
6	30	320	2.25079083442688	20.0	1e-06
6	31	321	2.2713379859924316	22.0	1e-06
6	32	322	2.271141290664673	20.0	1e-06
6	33	323	2.1546995639801025	22.0	1e-06
6	34	324	2.2008883953094482	32.0	1e-06
6	35	325	2.295866012573242	26.0	1e-06
6	36	326	2.261348009109497	12.0	1e-06
6	37	327	2.223954677581787	20.0	1e-06
6	38	328	2.2993462085723877	24.0	1e-06
6	39	329	2.221613645553589	18.0	1e-06
6	40	330	2.2270090579986572	20.0	1e-06
6	41	331	2.3052923679351807	24.0	1e-06
6	42	332	2.279064416885376	24.0	1e-06
6	43	333	2.3286550045013428	10.0	1e-06
6	44	334	2.252153158187866	20.0	1e-06
6	45	335	2.2867591381073	22.0	1e-06
6	46	336	2.2814600467681885	26.0	1e-06
6	47	337	2.242015838623047	28.0	1e-06
6	48	338	2.270968437194824	22.0	1e-06
6	49	339	2.264861822128296	20.0	1e-06
6	50	340	2.2320189476013184	26.0	1e-06
6	51	341	2.2197461128234863	14.0	1e-06
6	52	342	2.2983031272888184	14.0	1e-06
6	53	343	2.2383463382720947	28.0	1e-06
6	54	344	2.189362049102783	30.0	1e-06
6	55	345	2.2709591388702393	20.0	1e-06
6	56	346	2.22501277923584	18.0	1e-06
6	57	347	2.1487627029418945	34.0	1e-06
6	58	348	2.286404609680176	25.0	1e-06
7	1	349	2.337890386581421	14.0	1e-06
7	2	350	2.152547836303711	24.0	1e-06
7	3	351	2.2764275074005127	26.0	1e-06
7	4	352	2.186589479446411	26.0	1e-06
7	5	353	2.195905923843384	38.0	1e-06
7	6	354	2.219665288925171	24.0	1e-06
7	7	355	2.2391674518585205	26.0	1e-06
7	8	356	2.19551157951355	32.0	1e-06
7	9	357	2.222489356994629	22.0	1e-06
7	10	358	2.175774335861206	22.0	1e-06
7	11	359	2.1896088123321533	34.0	1e-06
7	12	360	2.2329626083374023	26.0	1e-06
7	13	361	2.267514944076538	18.0	1e-06
7	14	362	2.1773483753204346	26.0	1e-06
7	15	363	2.322314739227295	18.0	1e-06
7	16	364	2.195924758911133	30.0	1e-06
7	17	365	2.201308488845825	28.0	1e-06
7	18	366	2.248145341873169	28.0	1e-06
7	19	367	2.168330192565918	42.0	1e-06
7	20	368	2.173297643661499	36.0	1e-06
7	21	369	2.1404945850372314	34.0	1e-06
7	22	370	2.188214063644409	34.0	1e-06
7	23	371	2.185321092605591	22.0	1e-06
7	24	372	2.1799726486206055	32.0	1e-06
7	25	373	2.1433396339416504	28.0	1e-06
7	26	374	2.275726318359375	12.0	1e-06
7	27	375	2.347294807434082	22.0	1e-06
7	28	376	2.2527501583099365	26.0	1e-06
7	29	377	2.251927137374878	22.0	1e-06
7	30	378	2.2288553714752197	34.0	1e-06
7	31	379	2.2639429569244385	20.0	1e-06
7	32	380	2.1754965782165527	32.0	1e-06
7	33	381	2.1352925300598145	44.0	1e-06
7	34	382	2.244843006134033	20.0	1e-06
7	35	383	2.231168270111084	26.0	1e-06
7	36	384	2.206968307495117	34.0	1e-06
7	37	385	2.1730034351348877	26.0	1e-06
7	38	386	2.121577739715576	38.0	1e-06
7	39	387	2.202329635620117	22.0	1e-06
7	40	388	2.1901662349700928	28.0	1e-06
7	41	389	2.1414623260498047	26.0	1e-06
7	42	390	2.2564425468444824	24.0	1e-06
7	43	391	2.193737268447876	26.0	1e-06
7	44	392	2.198254346847534	26.0	1e-06
7	45	393	2.2373178005218506	18.0	1e-06
7	46	394	2.1618130207061768	38.0	1e-06
7	47	395	2.2276201248168945	22.0	1e-06
7	48	396	2.1471669673919678	32.0	1e-06
7	49	397	2.12690806388855	30.0	1e-06
7	50	398	2.1755685806274414	30.0	1e-06
7	51	399	2.2204620838165283	34.0	1e-06
7	52	400	2.1117265224456787	32.0	1e-06
7	53	401	2.150125026702881	26.0	1e-06
7	54	402	2.126140594482422	38.0	1e-06
7	55	403	2.2027673721313477	32.0	1e-06
7	56	404	2.1956212520599365	22.0	1e-06
7	57	405	2.168458938598633	26.0	1e-06
7	58	406	2.0462026596069336	0.0	1e-06
8	1	407	2.1461496353149414	36.0	1e-06
8	2	408	2.179771661758423	26.0	1e-06
8	3	409	2.12199330329895	36.0	1e-06
8	4	410	2.2056498527526855	28.0	1e-06
8	5	411	2.1563992500305176	32.0	1e-06
8	6	412	2.1221530437469482	30.0	1e-06
8	7	413	2.1644670963287354	22.0	1e-06
8	8	414	2.196429967880249	24.0	1e-06
8	9	415	2.2456703186035156	16.0	1e-06
8	10	416	2.2791268825531006	24.0	1e-06
8	11	417	2.203108787536621	32.0	1e-06
8	12	418	2.0499160289764404	36.0	1e-06
8	13	419	2.20929217338562	30.0	1e-06
8	14	420	2.2192418575286865	16.0	1e-06
8	15	421	2.195887565612793	26.0	1e-06
8	16	422	2.19020938873291	28.0	1e-06
8	17	423	2.184507131576538	30.0	1e-06
8	18	424	2.1186585426330566	24.0	1e-06
8	19	425	2.1766793727874756	26.0	1e-06
8	20	426	2.162574052810669	30.0	1e-06
8	21	427	2.1445131301879883	34.0	1e-06
8	22	428	2.1955246925354004	32.0	1e-06
8	23	429	2.1686296463012695	30.0	1e-06
8	24	430	2.1189773082733154	32.0	1e-06
8	25	431	2.065596580505371	34.0	1e-06
8	26	432	2.226242780685425	28.0	1e-06
8	27	433	2.2923057079315186	26.0	1e-06
8	28	434	2.091059446334839	34.0	1e-06
8	29	435	2.2484488487243652	28.0	1e-06
8	30	436	2.210994005203247	34.0	1e-06
8	31	437	2.1051273345947266	36.0	1e-06
8	32	438	2.164868116378784	36.0	1e-06
8	33	439	2.179372549057007	18.0	1e-06
8	34	440	2.152097702026367	26.0	1e-06
8	35	441	2.163504123687744	26.0	1e-06
8	36	442	2.2565104961395264	28.0	1e-06
8	37	443	2.210716724395752	24.0	1e-06
8	38	444	2.2600154876708984	26.0	1e-06
8	39	445	2.1577751636505127	26.0	1e-06
8	40	446	2.16900897026062	36.0	1e-06
8	41	447	2.0940184593200684	36.0	1e-06
8	42	448	2.1593964099884033	28.0	1e-06
8	43	449	2.213315486907959	26.0	1e-06
8	44	450	2.2238171100616455	26.0	1e-06
8	45	451	2.1283957958221436	24.0	1e-06
8	46	452	2.1828887462615967	32.0	1e-06
8	47	453	2.1606760025024414	20.0	1e-06
8	48	454	2.2016119956970215	26.0	1e-06
8	49	455	2.1428382396698	32.0	1e-06
8	50	456	2.2099809646606445	36.0	1e-06
8	51	457	2.292556047439575	24.0	1e-06
8	52	458	2.141904592514038	22.0	1e-06
8	53	459	2.0700714588165283	38.0	1e-06
8	54	460	2.062520742416382	38.0	1e-06
8	55	461	2.0625481605529785	42.0	1e-06
8	56	462	2.1990914344787598	24.0	1e-06
8	57	463	2.1431126594543457	22.0	1e-06
8	58	464	2.251297950744629	25.0	1e-06
9	1	465	2.0507900714874268	34.0	1e-06
9	2	466	2.1492838859558105	30.0	1e-06
9	3	467	2.1389000415802	30.0	1e-06
9	4	468	2.1668007373809814	26.0	1e-06
9	5	469	2.255190372467041	30.0	1e-06
9	6	470	2.0767626762390137	42.0	1e-06
9	7	471	2.1083145141601562	32.0	1e-06
9	8	472	2.2577364444732666	28.0	1e-06
9	9	473	2.1659927368164062	38.0	1e-06
9	10	474	2.2130024433135986	34.0	1e-06
9	11	475	2.2425622940063477	34.0	1e-06
9	12	476	2.127854585647583	36.0	1e-06
9	13	477	2.0909712314605713	40.0	1e-06
9	14	478	2.100802421569824	30.0	1e-06
9	15	479	2.116152048110962	38.0	1e-06
9	16	480	2.1166930198669434	30.0	1e-06
9	17	481	2.1282529830932617	36.0	1e-06
9	18	482	2.085402727127075	30.0	1e-06
9	19	483	2.1555964946746826	32.0	1e-06
9	20	484	2.218853712081909	26.0	1e-06
9	21	485	2.1939687728881836	22.0	1e-06
9	22	486	2.1437156200408936	26.0	1e-06
9	23	487	2.1242637634277344	32.0	1e-06
9	24	488	2.1034348011016846	36.0	1e-06
9	25	489	2.1626815795898438	40.0	1e-06
9	26	490	2.16750168800354	28.0	1e-06
9	27	491	2.2022042274475098	28.0	1e-06
9	28	492	2.132744073867798	40.0	1e-06
9	29	493	2.08072566986084	30.0	1e-06
9	30	494	2.116774320602417	32.0	1e-06
9	31	495	2.1211154460906982	26.0	1e-06
9	32	496	2.179816484451294	24.0	1e-06
9	33	497	2.1230785846710205	34.0	1e-06
9	34	498	2.206853151321411	24.0	1e-06
9	35	499	2.094212293624878	36.0	1e-06
9	36	500	2.2411327362060547	36.0	1e-06
9	37	501	2.160651445388794	30.0	1e-06
9	38	502	2.1511876583099365	36.0	1e-06
9	39	503	2.1106748580932617	30.0	1e-06
9	40	504	2.186359167098999	30.0	1e-06
9	41	505	2.1203582286834717	26.0	1e-06
9	42	506	2.2021737098693848	26.0	1e-06
9	43	507	2.0930817127227783	38.0	1e-06
9	44	508	2.141759157180786	30.0	1e-06
9	45	509	2.137749433517456	30.0	1e-06
9	46	510	2.035961866378784	44.0	1e-06
9	47	511	2.2031450271606445	20.0	1e-06
9	48	512	1.994703769683838	46.0	1e-06
9	49	513	2.0811574459075928	30.0	1e-06
9	50	514	2.0158514976501465	38.0	1e-06
9	51	515	2.1356959342956543	38.0	1e-06
9	52	516	2.0446393489837646	34.0	1e-06
9	53	517	2.0930161476135254	32.0	1e-06
9	54	518	2.151487112045288	36.0	1e-06
9	55	519	2.104780435562134	30.0	1e-06
9	56	520	2.1443350315093994	38.0	1e-06
9	57	521	1.966087818145752	42.0	1e-06
9	58	522	2.0369324684143066	50.0	1e-06
10	1	523	2.0444114208221436	44.0	1e-06
10	2	524	2.0510404109954834	42.0	1e-06
10	3	525	2.156607151031494	26.0	1e-06
10	4	526	2.1674985885620117	26.0	1e-06
10	5	527	2.2729086875915527	16.0	1e-06
10	6	528	2.0400850772857666	38.0	1e-06
10	7	529	2.164475917816162	18.0	1e-06
10	8	530	2.0444447994232178	40.0	1e-06
10	9	531	2.135302782058716	26.0	1e-06
10	10	532	2.0724027156829834	32.0	1e-06
10	11	533	2.159379005432129	28.0	1e-06
10	12	534	2.145764112472534	38.0	1e-06
10	13	535	2.0214552879333496	38.0	1e-06
10	14	536	1.9985308647155762	48.0	1e-06
10	15	537	2.089369773864746	42.0	1e-06
10	16	538	2.0691206455230713	24.0	1e-06
10	17	539	2.1044931411743164	34.0	1e-06
10	18	540	2.245388984680176	20.0	1e-06
10	19	541	2.0833442211151123	38.0	1e-06
10	20	542	2.155428886413574	32.0	1e-06
10	21	543	1.9871249198913574	46.0	1e-06
10	22	544	2.091442823410034	32.0	1e-06
10	23	545	2.0665600299835205	26.0	1e-06
10	24	546	2.0782527923583984	36.0	1e-06
10	25	547	2.1701548099517822	26.0	1e-06
10	26	548	2.0901241302490234	38.0	1e-06
10	27	549	2.185798406600952	26.0	1e-06
10	28	550	2.1322171688079834	34.0	1e-06
10	29	551	2.240849256515503	36.0	1e-06
10	30	552	2.1660726070404053	22.0	1e-06
10	31	553	2.055743455886841	36.0	1e-06
10	32	554	2.1909008026123047	36.0	1e-06
10	33	555	2.280388355255127	32.0	1e-06
10	34	556	2.1354453563690186	44.0	1e-06
10	35	557	2.098536968231201	38.0	1e-06
10	36	558	2.075878381729126	36.0	1e-06
10	37	559	2.17380952835083	28.0	1e-06
10	38	560	2.073513984680176	42.0	1e-06
10	39	561	2.0556554794311523	36.0	1e-06
10	40	562	2.1504621505737305	32.0	1e-06
10	41	563	2.010507583618164	40.0	1e-06
10	42	564	2.0722577571868896	40.0	1e-06
10	43	565	2.107409954071045	36.0	1e-06
10	44	566	2.041703224182129	38.0	1e-06
10	45	567	2.0209054946899414	34.0	1e-06
10	46	568	2.0183603763580322	36.0	1e-06
10	47	569	2.0489399433135986	42.0	1e-06
10	48	570	2.1354074478149414	24.0	1e-06
10	49	571	2.14093017578125	34.0	1e-06
10	50	572	2.166597843170166	32.0	1e-06
10	51	573	2.0204334259033203	34.0	1e-06
10	52	574	2.073664903640747	32.0	1e-06
10	53	575	2.027412176132202	36.0	1e-06
10	54	576	2.0109925270080566	32.0	1e-06
10	55	577	2.1329009532928467	30.0	1e-06
10	56	578	2.1950438022613525	26.0	1e-06
10	57	579	2.0379042625427246	34.0	1e-06
10	58	580	2.0912652015686035	50.0	1e-06
11	1	581	2.1118056774139404	38.0	1e-06
11	2	582	2.0128531455993652	42.0	1e-06
11	3	583	2.1476593017578125	32.0	1e-06
11	4	584	2.0807955265045166	38.0	1e-06
11	5	585	1.9791630506515503	46.0	1e-06
11	6	586	2.124070167541504	34.0	1e-06
11	7	587	1.9977967739105225	42.0	1e-06
11	8	588	2.0680484771728516	40.0	1e-06
11	9	589	2.080005168914795	26.0	1e-06
11	10	590	2.1587319374084473	26.0	1e-06
11	11	591	2.0870778560638428	40.0	1e-06
11	12	592	2.0965452194213867	30.0	1e-06
11	13	593	2.033803701400757	34.0	1e-06
11	14	594	2.1107208728790283	34.0	1e-06
11	15	595	2.035026788711548	42.0	1e-06
11	16	596	2.049592971801758	36.0	1e-06
11	17	597	2.1138877868652344	26.0	1e-06
11	18	598	1.9291810989379883	42.0	1e-06
11	19	599	2.1153130531311035	34.0	1e-06
11	20	600	2.0346155166625977	38.0	1e-06
11	21	601	1.9473446607589722	46.0	1e-06
11	22	602	2.125422239303589	36.0	1e-06
11	23	603	2.045686721801758	34.0	1e-06
11	24	604	2.097487688064575	28.0	1e-06
11	25	605	2.003119945526123	34.0	1e-06
11	26	606	2.1266098022460938	36.0	1e-06
11	27	607	2.079174280166626	36.0	1e-06
11	28	608	2.101231813430786	32.0	1e-06
11	29	609	2.0552611351013184	38.0	1e-06
11	30	610	1.947264552116394	46.0	1e-06
11	31	611	2.1430108547210693	28.0	1e-06
11	32	612	2.0443010330200195	38.0	1e-06
11	33	613	2.1105599403381348	26.0	1e-06
11	34	614	2.0361673831939697	28.0	1e-06
11	35	615	1.9629253149032593	48.0	1e-06
11	36	616	2.074000835418701	30.0	1e-06
11	37	617	1.9941712617874146	44.0	1e-06
11	38	618	2.021480083465576	38.0	1e-06
11	39	619	2.0827829837799072	36.0	1e-06
11	40	620	2.1368401050567627	30.0	1e-06
11	41	621	2.026128053665161	32.0	1e-06
11	42	622	2.070493698120117	32.0	1e-06
11	43	623	2.081934928894043	28.0	1e-06
11	44	624	2.0590572357177734	30.0	1e-06
11	45	625	2.1229867935180664	20.0	1e-06
11	46	626	1.9937573671340942	40.0	1e-06
11	47	627	2.0134575366973877	42.0	1e-06
11	48	628	2.0306568145751953	42.0	1e-06
11	49	629	2.1430602073669434	28.0	1e-06
11	50	630	2.1377112865448	26.0	1e-06
11	51	631	2.019383192062378	38.0	1e-06
11	52	632	2.1340982913970947	36.0	1e-06
11	53	633	2.0930428504943848	40.0	1e-06
11	54	634	2.0238828659057617	40.0	1e-06
11	55	635	2.0516304969787598	32.0	1e-06
11	56	636	2.002183437347412	30.0	1e-06
11	57	637	2.1399054527282715	36.0	1e-06
11	58	638	2.811793088912964	25.0	1e-06
12	1	639	2.1431446075439453	28.0	1e-06
12	2	640	1.9675250053405762	36.0	1e-06
12	3	641	2.0379912853240967	36.0	1e-06
12	4	642	2.064795732498169	24.0	1e-06
12	5	643	2.142944812774658	28.0	1e-06
12	6	644	1.895955204963684	46.0	1e-06
12	7	645	2.1383185386657715	40.0	1e-06
12	8	646	1.9404112100601196	40.0	1e-06
12	9	647	2.134007453918457	30.0	1e-06
12	10	648	2.044466495513916	40.0	1e-06
12	11	649	2.1110918521881104	34.0	1e-06
12	12	650	2.0520997047424316	42.0	1e-06
12	13	651	2.0076310634613037	38.0	1e-06
12	14	652	2.00374436378479	36.0	1e-06
12	15	653	2.0991272926330566	30.0	1e-06
12	16	654	1.986060619354248	28.0	1e-06
12	17	655	1.9094806909561157	44.0	1e-06
12	18	656	1.9982043504714966	34.0	1e-06
12	19	657	2.058264970779419	42.0	1e-06
12	20	658	2.0229594707489014	28.0	1e-06
12	21	659	2.061013698577881	26.0	1e-06
12	22	660	2.020592212677002	40.0	1e-06
12	23	661	1.9800539016723633	36.0	1e-06
12	24	662	1.8655500411987305	46.0	1e-06
12	25	663	2.000234365463257	42.0	1e-06
12	26	664	1.9525482654571533	44.0	1e-06
12	27	665	2.0968074798583984	42.0	1e-06
12	28	666	1.9981873035430908	34.0	1e-06
12	29	667	2.051818370819092	30.0	1e-06
12	30	668	2.0497629642486572	38.0	1e-06
12	31	669	2.0156455039978027	38.0	1e-06
12	32	670	2.1146199703216553	28.0	1e-06
12	33	671	1.8858528137207031	48.0	1e-06
12	34	672	2.058178663253784	32.0	1e-06
12	35	673	1.9304279088974	38.0	1e-06
12	36	674	1.9042359590530396	38.0	1e-06
12	37	675	2.0113847255706787	38.0	1e-06
12	38	676	2.04487943649292	36.0	1e-06
12	39	677	2.0749335289001465	28.0	1e-06
12	40	678	2.0398447513580322	32.0	1e-06
12	41	679	2.0813286304473877	34.0	1e-06
12	42	680	2.1213667392730713	22.0	1e-06
12	43	681	2.029294490814209	34.0	1e-06
12	44	682	1.999976634979248	36.0	1e-06
12	45	683	2.125433921813965	32.0	1e-06
12	46	684	1.960666298866272	40.0	1e-06
12	47	685	2.0205140113830566	32.0	1e-06
12	48	686	2.2903566360473633	28.0	1e-06
12	49	687	1.9375648498535156	44.0	1e-06
12	50	688	2.0250182151794434	34.0	1e-06
12	51	689	1.845078945159912	46.0	1e-06
12	52	690	1.9639300107955933	38.0	1e-06
12	53	691	2.064021587371826	30.0	1e-06
12	54	692	2.0513577461242676	36.0	1e-06
12	55	693	1.9225491285324097	36.0	1e-06
12	56	694	1.961727499961853	36.0	1e-06
12	57	695	2.0458405017852783	36.0	1e-06
12	58	696	2.174785614013672	0.0	1e-06
13	1	697	2.164857864379883	20.0	1e-06
13	2	698	2.060363292694092	34.0	1e-06
13	3	699	1.852595329284668	40.0	1e-06
13	4	700	1.990639328956604	38.0	1e-06
13	5	701	2.0134572982788086	42.0	1e-06
13	6	702	1.9875651597976685	32.0	1e-06
13	7	703	1.9424526691436768	42.0	1e-06
13	8	704	1.9762599468231201	44.0	1e-06
13	9	705	2.022322177886963	42.0	1e-06
13	10	706	1.8457283973693848	40.0	1e-06
13	11	707	2.028015613555908	42.0	1e-06
13	12	708	2.004781723022461	36.0	1e-06
13	13	709	2.008085250854492	38.0	1e-06
13	14	710	1.9466204643249512	44.0	1e-06
13	15	711	1.9552626609802246	40.0	1e-06
13	16	712	2.1900410652160645	26.0	1e-06
13	17	713	1.9177452325820923	38.0	1e-06
13	18	714	1.98453688621521	34.0	1e-06
13	19	715	1.8158491849899292	42.0	1e-06
13	20	716	2.006258010864258	34.0	1e-06
13	21	717	1.9396480321884155	38.0	1e-06
13	22	718	2.1080594062805176	28.0	1e-06
13	23	719	1.895035743713379	54.0	1e-06
13	24	720	2.020318031311035	42.0	1e-06
13	25	721	1.9407470226287842	40.0	1e-06
13	26	722	1.9377566576004028	34.0	1e-06
13	27	723	1.9490870237350464	36.0	1e-06
13	28	724	1.9472607374191284	38.0	1e-06
13	29	725	2.157322645187378	28.0	1e-06
13	30	726	2.0150089263916016	36.0	1e-06
13	31	727	2.0114333629608154	32.0	1e-06
13	32	728	2.0252463817596436	32.0	1e-06
13	33	729	2.060248374938965	38.0	1e-06
13	34	730	1.9788694381713867	32.0	1e-06
13	35	731	1.9127187728881836	30.0	1e-06
13	36	732	1.8553375005722046	42.0	1e-06
13	37	733	1.8943568468093872	42.0	1e-06
13	38	734	2.082540988922119	34.0	1e-06
13	39	735	2.04250431060791	24.0	1e-06
13	40	736	1.9519686698913574	36.0	1e-06
13	41	737	1.9940272569656372	34.0	1e-06
13	42	738	1.952905297279358	32.0	1e-06
13	43	739	2.019869565963745	32.0	1e-06
13	44	740	2.0213754177093506	32.0	1e-06
13	45	741	1.9744453430175781	38.0	1e-06
13	46	742	1.9797848463058472	38.0	1e-06
13	47	743	1.9007575511932373	32.0	1e-06
13	48	744	1.9694470167160034	38.0	1e-06
13	49	745	2.0177810192108154	28.0	1e-06
13	50	746	2.085446834564209	30.0	1e-06
13	51	747	1.8637192249298096	52.0	1e-06
13	52	748	2.0346498489379883	20.0	1e-06
13	53	749	1.9089268445968628	38.0	1e-06
13	54	750	1.9453834295272827	40.0	1e-06
13	55	751	1.9315567016601562	50.0	1e-06
13	56	752	1.923040747642517	42.0	1e-06
13	57	753	2.033993721008301	32.0	1e-06
13	58	754	1.7294784784317017	75.0	1e-06
14	1	755	1.9708282947540283	28.0	1e-06
14	2	756	1.9713560342788696	40.0	1e-06
14	3	757	1.8685184717178345	50.0	1e-06
14	4	758	2.1309726238250732	30.0	1e-06
14	5	759	1.9642747640609741	38.0	1e-06
14	6	760	1.85874342918396	50.0	1e-06
14	7	761	1.9035738706588745	44.0	1e-06
14	8	762	2.003763198852539	42.0	1e-06
14	9	763	1.7986685037612915	46.0	1e-06
14	10	764	1.975222110748291	42.0	1e-06
14	11	765	2.0044825077056885	40.0	1e-06
14	12	766	2.105381965637207	18.0	1e-06
14	13	767	2.03658390045166	38.0	1e-06
14	14	768	1.960016131401062	42.0	1e-06
14	15	769	1.8897517919540405	40.0	1e-06
14	16	770	1.995954155921936	28.0	1e-06
14	17	771	1.760341763496399	54.0	1e-06
14	18	772	2.0427145957946777	24.0	1e-06
14	19	773	1.9195398092269897	40.0	1e-06
14	20	774	2.0113565921783447	32.0	1e-06
14	21	775	1.8818081617355347	34.0	1e-06
14	22	776	1.9478830099105835	38.0	1e-06
14	23	777	1.9049054384231567	34.0	1e-06
14	24	778	2.0379319190979004	42.0	1e-06
14	25	779	2.150637149810791	30.0	1e-06
14	26	780	1.9018363952636719	38.0	1e-06
14	27	781	2.136117935180664	34.0	1e-06
14	28	782	1.968074917793274	40.0	1e-06
14	29	783	1.9866337776184082	30.0	1e-06
14	30	784	2.0214734077453613	40.0	1e-06
14	31	785	1.8930425643920898	44.0	1e-06
14	32	786	1.9706307649612427	26.0	1e-06
14	33	787	1.952459692955017	34.0	1e-06
14	34	788	2.0761733055114746	30.0	1e-06
14	35	789	2.0489587783813477	38.0	1e-06
14	36	790	1.8907973766326904	40.0	1e-06
14	37	791	1.988938331604004	38.0	1e-06
14	38	792	2.0442099571228027	36.0	1e-06
14	39	793	1.8727694749832153	36.0	1e-06
14	40	794	1.9336949586868286	34.0	1e-06
14	41	795	1.8631303310394287	42.0	1e-06
14	42	796	1.833625078201294	46.0	1e-06
14	43	797	2.0742294788360596	26.0	1e-06
14	44	798	2.015209436416626	34.0	1e-06
14	45	799	2.0184006690979004	34.0	1e-06
14	46	800	1.9645614624023438	36.0	1e-06
14	47	801	1.9281258583068848	44.0	1e-06
14	48	802	2.0088818073272705	30.0	1e-06
14	49	803	1.8868049383163452	36.0	1e-06
14	50	804	1.8021694421768188	40.0	1e-06
14	51	805	1.9330865144729614	34.0	1e-06
14	52	806	1.7966454029083252	40.0	1e-06
14	53	807	1.924259066581726	42.0	1e-06
14	54	808	2.0688180923461914	30.0	1e-06
14	55	809	1.983728051185608	30.0	1e-06
14	56	810	1.7505725622177124	54.0	1e-06
14	57	811	1.876664161682129	46.0	1e-06
14	58	812	2.166741371154785	25.0	1e-06
15	1	813	1.9964126348495483	40.0	1e-06
15	2	814	1.9691216945648193	26.0	1e-06
15	3	815	1.892581820487976	42.0	1e-06
15	4	816	1.951022744178772	30.0	1e-06
15	5	817	1.7309527397155762	56.0	1e-06
15	6	818	1.9690698385238647	34.0	1e-06
15	7	819	1.812993049621582	50.0	1e-06
15	8	820	1.8982956409454346	44.0	1e-06
15	9	821	1.8262009620666504	44.0	1e-06
15	10	822	1.8903281688690186	38.0	1e-06
15	11	823	2.0776207447052	24.0	1e-06
15	12	824	2.039163589477539	32.0	1e-06
15	13	825	1.824648141860962	42.0	1e-06
15	14	826	1.8894821405410767	42.0	1e-06
15	15	827	1.988003134727478	26.0	1e-06
15	16	828	1.9094765186309814	38.0	1e-06
15	17	829	1.9280979633331299	46.0	1e-06
15	18	830	1.8369563817977905	50.0	1e-06
15	19	831	2.105156183242798	30.0	1e-06
15	20	832	1.844353437423706	32.0	1e-06
15	21	833	1.9047904014587402	28.0	1e-06
15	22	834	1.8526098728179932	40.0	1e-06
15	23	835	1.9170399904251099	40.0	1e-06
15	24	836	1.9259986877441406	34.0	1e-06
15	25	837	1.993454933166504	22.0	1e-06
15	26	838	1.8847590684890747	40.0	1e-06
15	27	839	1.8785096406936646	36.0	1e-06
15	28	840	1.912172555923462	46.0	1e-06
15	29	841	1.9543739557266235	36.0	1e-06
15	30	842	1.9807809591293335	34.0	1e-06
15	31	843	1.7374600172042847	52.0	1e-06
15	32	844	1.9179540872573853	34.0	1e-06
15	33	845	1.8303924798965454	44.0	1e-06
15	34	846	1.8057560920715332	34.0	1e-06
15	35	847	1.7801966667175293	44.0	1e-06
15	36	848	2.0041162967681885	28.0	1e-06
15	37	849	2.0198450088500977	30.0	1e-06
15	38	850	1.852541446685791	34.0	1e-06
15	39	851	2.032445192337036	30.0	1e-06
15	40	852	1.9162092208862305	48.0	1e-06
15	41	853	1.9479504823684692	34.0	1e-06
15	42	854	1.7908134460449219	46.0	1e-06
15	43	855	1.9218368530273438	50.0	1e-06
15	44	856	1.9727444648742676	40.0	1e-06
15	45	857	1.9348078966140747	36.0	1e-06
15	46	858	1.9798574447631836	30.0	1e-06
15	47	859	1.7934566736221313	48.0	1e-06
15	48	860	1.9055912494659424	38.0	1e-06
15	49	861	1.9981578588485718	34.0	1e-06
15	50	862	1.7509959936141968	48.0	1e-06
15	51	863	1.9942353963851929	24.0	1e-06
15	52	864	1.9665803909301758	32.0	1e-06
15	53	865	1.9867898225784302	32.0	1e-06
15	54	866	2.0261974334716797	32.0	1e-06
15	55	867	2.0057435035705566	32.0	1e-06
15	56	868	1.7590833902359009	52.0	1e-06
15	57	869	2.002377986907959	34.0	1e-06
15	58	870	1.8741475343704224	75.0	1e-06
16	1	871	1.9543015956878662	32.0	1e-06
16	2	872	1.8779147863388062	38.0	1e-06
16	3	873	1.7756456136703491	56.0	1e-06
16	4	874	1.7902846336364746	52.0	1e-06
16	5	875	1.959380030632019	24.0	1e-06
16	6	876	2.0370640754699707	32.0	1e-06
16	7	877	1.875368595123291	36.0	1e-06
16	8	878	1.9636691808700562	38.0	1e-06
16	9	879	1.8220769166946411	44.0	1e-06
16	10	880	2.0992848873138428	30.0	1e-06
16	11	881	1.884123682975769	28.0	1e-06
16	12	882	1.7285981178283691	52.0	1e-06
16	13	883	1.7625848054885864	54.0	1e-06
16	14	884	1.8464535474777222	44.0	1e-06
16	15	885	1.860701084136963	46.0	1e-06
16	16	886	1.8058322668075562	32.0	1e-06
16	17	887	1.7100536823272705	48.0	1e-06
16	18	888	1.7838331460952759	48.0	1e-06
16	19	889	1.9908664226531982	32.0	1e-06
16	20	890	1.767805576324463	44.0	1e-06
16	21	891	2.073079824447632	24.0	1e-06
16	22	892	2.0053930282592773	24.0	1e-06
16	23	893	1.9910715818405151	36.0	1e-06
16	24	894	1.8827661275863647	40.0	1e-06
16	25	895	1.8979101181030273	26.0	1e-06
16	26	896	1.8348084688186646	44.0	1e-06
16	27	897	1.8331800699234009	40.0	1e-06
16	28	898	1.7540507316589355	46.0	1e-06
16	29	899	1.8483331203460693	40.0	1e-06
16	30	900	1.7784407138824463	48.0	1e-06
16	31	901	1.8876559734344482	44.0	1e-06
16	32	902	1.9784857034683228	38.0	1e-06
16	33	903	1.9360464811325073	30.0	1e-06
16	34	904	1.8877421617507935	40.0	1e-06
16	35	905	1.9387640953063965	40.0	1e-06
16	36	906	1.804269552230835	46.0	1e-06
16	37	907	2.0248334407806396	38.0	1e-06
16	38	908	2.0388567447662354	26.0	1e-06
16	39	909	1.7433661222457886	52.0	1e-06
16	40	910	1.8975580930709839	48.0	1e-06
16	41	911	1.9714490175247192	32.0	1e-06
16	42	912	1.824662208557129	42.0	1e-06
16	43	913	1.8902931213378906	36.0	1e-06
16	44	914	1.9338805675506592	28.0	1e-06
16	45	915	1.8364826440811157	40.0	1e-06
16	46	916	1.8827840089797974	38.0	1e-06
16	47	917	1.912596583366394	34.0	1e-06
16	48	918	2.025373697280884	26.0	1e-06
16	49	919	1.9035873413085938	36.0	1e-06
16	50	920	1.9970818758010864	20.0	1e-06
16	51	921	1.8031947612762451	36.0	1e-06
16	52	922	1.9843685626983643	28.0	1e-06
16	53	923	1.9732409715652466	30.0	1e-06
16	54	924	1.9225149154663086	36.0	1e-06
16	55	925	1.7021681070327759	52.0	1e-06
16	56	926	1.8436237573623657	34.0	1e-06
16	57	927	1.9352154731750488	46.0	1e-06
16	58	928	2.0850954055786133	25.0	1e-06
17	1	929	1.7236528396606445	40.0	1e-06
17	2	930	1.9145805835723877	32.0	1e-06
17	3	931	1.8494911193847656	28.0	1e-06
17	4	932	1.831411600112915	42.0	1e-06
17	5	933	1.892994999885559	36.0	1e-06
17	6	934	1.8074673414230347	44.0	1e-06
17	7	935	1.8375320434570312	40.0	1e-06
17	8	936	1.9838871955871582	32.0	1e-06
17	9	937	1.7654179334640503	52.0	1e-06
17	10	938	1.7668687105178833	42.0	1e-06
17	11	939	1.8051230907440186	44.0	1e-06
17	12	940	1.9206018447875977	36.0	1e-06
17	13	941	1.812062382698059	48.0	1e-06
17	14	942	1.9581718444824219	38.0	1e-06
17	15	943	1.9282326698303223	40.0	1e-06
17	16	944	1.7668356895446777	32.0	1e-06
17	17	945	1.981974482536316	30.0	1e-06
17	18	946	1.7254241704940796	50.0	1e-06
17	19	947	1.8260830640792847	42.0	1e-06
17	20	948	1.9831194877624512	38.0	1e-06
17	21	949	1.7797465324401855	48.0	1e-06
17	22	950	1.945654273033142	28.0	1e-06
17	23	951	1.8637797832489014	42.0	1e-06
17	24	952	1.81732177734375	40.0	1e-06
17	25	953	1.8206193447113037	46.0	1e-06
17	26	954	1.9463717937469482	36.0	1e-06
17	27	955	1.7900454998016357	42.0	1e-06
17	28	956	1.7131462097167969	52.0	1e-06
17	29	957	1.9118239879608154	38.0	1e-06
17	30	958	1.873839259147644	46.0	1e-06
17	31	959	1.7385705709457397	38.0	1e-06
17	32	960	1.9063918590545654	36.0	1e-06
17	33	961	1.7990527153015137	48.0	1e-06
17	34	962	1.8342044353485107	44.0	1e-06
17	35	963	1.8745847940444946	36.0	1e-06
17	36	964	1.9933902025222778	42.0	1e-06
17	37	965	1.937501072883606	26.0	1e-06
17	38	966	1.8229745626449585	42.0	1e-06
17	39	967	1.7805026769638062	40.0	1e-06
17	40	968	1.8214153051376343	34.0	1e-06
17	41	969	1.9402917623519897	36.0	1e-06
17	42	970	1.7615292072296143	38.0	1e-06
17	43	971	1.9941761493682861	40.0	1e-06
17	44	972	1.8896774053573608	40.0	1e-06
17	45	973	1.82175874710083	48.0	1e-06
17	46	974	1.8887889385223389	40.0	1e-06
17	47	975	1.821412205696106	38.0	1e-06
17	48	976	1.8595167398452759	34.0	1e-06
17	49	977	2.0489110946655273	28.0	1e-06
17	50	978	1.9020591974258423	38.0	1e-06
17	51	979	1.92437744140625	24.0	1e-06
17	52	980	1.750984787940979	42.0	1e-06
17	53	981	1.7175379991531372	44.0	1e-06
17	54	982	1.845635175704956	40.0	1e-06
17	55	983	1.8030129671096802	44.0	1e-06
17	56	984	1.8370795249938965	42.0	1e-06
17	57	985	1.9642976522445679	36.0	1e-06
17	58	986	2.218221664428711	50.0	1e-06
18	1	987	1.791476845741272	48.0	1e-06
18	2	988	1.807762622833252	38.0	1e-06
18	3	989	1.691479206085205	46.0	1e-06
18	4	990	1.9990075826644897	38.0	1e-06
18	5	991	1.6792778968811035	52.0	1e-06
18	6	992	1.9098864793777466	34.0	1e-06
18	7	993	1.8726527690887451	44.0	1e-06
18	8	994	1.936683177947998	32.0	1e-06
18	9	995	2.0339810848236084	32.0	1e-06
18	10	996	1.981791377067566	36.0	1e-06
18	11	997	1.7615954875946045	36.0	1e-06
18	12	998	1.7945524454116821	42.0	1e-06
18	13	999	1.7147879600524902	50.0	1e-06
18	14	1000	1.7445892095565796	44.0	1e-06
18	15	1001	1.7862643003463745	48.0	1e-06
18	16	1002	1.7991408109664917	36.0	1e-06
18	17	1003	1.9011166095733643	38.0	1e-06
18	18	1004	1.972341775894165	32.0	1e-06
18	19	1005	1.8151496648788452	40.0	1e-06
18	20	1006	1.8178292512893677	42.0	1e-06
18	21	1007	1.7894798517227173	42.0	1e-06
18	22	1008	1.9153907299041748	34.0	1e-06
18	23	1009	1.8536943197250366	44.0	1e-06
18	24	1010	1.7672436237335205	48.0	1e-06
18	25	1011	1.6727845668792725	60.0	1e-06
18	26	1012	1.869535207748413	34.0	1e-06
18	27	1013	1.7372887134552002	46.0	1e-06
18	28	1014	1.9906901121139526	38.0	1e-06
18	29	1015	1.7207930088043213	50.0	1e-06
18	30	1016	1.6530342102050781	46.0	1e-06
18	31	1017	1.9122041463851929	30.0	1e-06
18	32	1018	1.821143388748169	42.0	1e-06
18	33	1019	1.755036473274231	46.0	1e-06
18	34	1020	1.8140089511871338	38.0	1e-06
18	35	1021	1.9607640504837036	38.0	1e-06
18	36	1022	1.7474063634872437	48.0	1e-06
18	37	1023	1.7516107559204102	38.0	1e-06
18	38	1024	1.7794888019561768	42.0	1e-06
18	39	1025	1.919041395187378	24.0	1e-06
18	40	1026	1.7805038690567017	48.0	1e-06
18	41	1027	1.8707982301712036	32.0	1e-06
18	42	1028	1.7709568738937378	44.0	1e-06
18	43	1029	1.7704107761383057	42.0	1e-06
18	44	1030	2.047485589981079	32.0	1e-06
18	45	1031	2.0607118606567383	30.0	1e-06
18	46	1032	1.9030826091766357	36.0	1e-06
18	47	1033	1.893298625946045	40.0	1e-06
18	48	1034	1.8592301607131958	32.0	1e-06
18	49	1035	1.896348237991333	28.0	1e-06
18	50	1036	1.9069253206253052	28.0	1e-06
18	51	1037	1.6915593147277832	50.0	1e-06
18	52	1038	1.8341343402862549	44.0	1e-06
18	53	1039	1.6907989978790283	40.0	1e-06
18	54	1040	2.0185956954956055	26.0	1e-06
18	55	1041	1.8197319507598877	32.0	1e-06
18	56	1042	1.8388986587524414	32.0	1e-06
18	57	1043	1.7547035217285156	40.0	1e-06
18	58	1044	1.5820382833480835	50.0	1e-06
19	1	1045	1.8576443195343018	46.0	1e-06
19	2	1046	1.8602184057235718	44.0	1e-06
19	3	1047	1.737241506576538	50.0	1e-06
19	4	1048	1.7822167873382568	38.0	1e-06
19	5	1049	1.7686505317687988	34.0	1e-06
19	6	1050	1.734473705291748	42.0	1e-06
19	7	1051	1.820021390914917	36.0	1e-06
19	8	1052	1.669317603111267	50.0	1e-06
19	9	1053	1.7585467100143433	48.0	1e-06
19	10	1054	1.9070510864257812	38.0	1e-06
19	11	1055	1.767764925956726	44.0	1e-06
19	12	1056	1.9405196905136108	34.0	1e-06
19	13	1057	1.692970633506775	48.0	1e-06
19	14	1058	1.7546420097351074	52.0	1e-06
19	15	1059	1.5704073905944824	50.0	1e-06
19	16	1060	1.9908710718154907	26.0	1e-06
19	17	1061	1.9029335975646973	32.0	1e-06
19	18	1062	2.0664491653442383	24.0	1e-06
19	19	1063	1.7611756324768066	44.0	1e-06
19	20	1064	1.8996648788452148	32.0	1e-06
19	21	1065	1.6572362184524536	44.0	1e-06
19	22	1066	1.6576390266418457	50.0	1e-06
19	23	1067	1.667311429977417	50.0	1e-06
19	24	1068	1.8904606103897095	42.0	1e-06
19	25	1069	1.7713643312454224	46.0	1e-06
19	26	1070	1.8864017724990845	28.0	1e-06
19	27	1071	1.715018630027771	46.0	1e-06
19	28	1072	1.9077999591827393	34.0	1e-06
19	29	1073	1.8164645433425903	38.0	1e-06
19	30	1074	1.7981797456741333	50.0	1e-06
19	31	1075	1.8376133441925049	44.0	1e-06
19	32	1076	1.7901794910430908	34.0	1e-06
19	33	1077	1.969610571861267	34.0	1e-06
19	34	1078	1.7541781663894653	44.0	1e-06
19	35	1079	1.6742061376571655	44.0	1e-06
19	36	1080	1.7684231996536255	32.0	1e-06
19	37	1081	1.8502274751663208	40.0	1e-06
19	38	1082	1.7872451543807983	42.0	1e-06
19	39	1083	1.7642226219177246	38.0	1e-06
19	40	1084	1.8403956890106201	42.0	1e-06
19	41	1085	1.8097501993179321	40.0	1e-06
19	42	1086	1.9048075675964355	32.0	1e-06
19	43	1087	1.7218815088272095	40.0	1e-06
19	44	1088	1.856947422027588	44.0	1e-06
19	45	1089	1.9506866931915283	46.0	1e-06
19	46	1090	1.813207983970642	28.0	1e-06
19	47	1091	1.6940099000930786	42.0	1e-06
19	48	1092	1.729233741760254	40.0	1e-06
19	49	1093	1.7722125053405762	42.0	1e-06
19	50	1094	1.8214542865753174	52.0	1e-06
19	51	1095	1.7426636219024658	42.0	1e-06
19	52	1096	1.9377505779266357	34.0	1e-06
19	53	1097	1.9201546907424927	24.0	1e-06
19	54	1098	1.6177119016647339	50.0	1e-06
19	55	1099	1.7706916332244873	42.0	1e-06
19	56	1100	1.6820025444030762	48.0	1e-06
19	57	1101	1.955697774887085	30.0	1e-06
19	58	1102	1.5566526651382446	50.0	1e-06
20	1	1103	1.8183534145355225	34.0	1e-06
20	2	1104	1.850268840789795	38.0	1e-06
20	3	1105	1.805972933769226	40.0	1e-06
20	4	1106	1.8652454614639282	34.0	1e-06
20	5	1107	1.7891998291015625	44.0	1e-06
20	6	1108	1.7959306240081787	46.0	1e-06
20	7	1109	1.7705439329147339	44.0	1e-06
20	8	1110	1.7566208839416504	36.0	1e-06
20	9	1111	1.8451805114746094	42.0	1e-06
20	10	1112	1.8307511806488037	38.0	1e-06
20	11	1113	1.928391456604004	36.0	1e-06
20	12	1114	1.836814522743225	44.0	1e-06
20	13	1115	1.6656429767608643	54.0	1e-06
20	14	1116	1.7628521919250488	44.0	1e-06
20	15	1117	1.8359100818634033	36.0	1e-06
20	16	1118	1.7932385206222534	36.0	1e-06
20	17	1119	1.7850489616394043	48.0	1e-06
20	18	1120	1.8117960691452026	42.0	1e-06
20	19	1121	1.6496964693069458	52.0	1e-06
20	20	1122	1.739597201347351	36.0	1e-06
20	21	1123	1.7794244289398193	42.0	1e-06
20	22	1124	1.6607738733291626	44.0	1e-06
20	23	1125	1.7249822616577148	44.0	1e-06
20	24	1126	1.8432283401489258	34.0	1e-06
20	25	1127	1.6128664016723633	48.0	1e-06
20	26	1128	1.7878018617630005	46.0	1e-06
20	27	1129	1.7951383590698242	44.0	1e-06
20	28	1130	1.7268353700637817	40.0	1e-06
20	29	1131	1.8309071063995361	38.0	1e-06
20	30	1132	1.6205254793167114	46.0	1e-06
20	31	1133	1.7827616930007935	46.0	1e-06
20	32	1134	1.8114395141601562	36.0	1e-06
20	33	1135	1.7947912216186523	34.0	1e-06
20	34	1136	1.7097296714782715	52.0	1e-06
20	35	1137	1.7537178993225098	40.0	1e-06
20	36	1138	1.963942289352417	34.0	1e-06
20	37	1139	1.4939537048339844	58.0	1e-06
20	38	1140	1.947083592414856	26.0	1e-06
20	39	1141	1.7369086742401123	38.0	1e-06
20	40	1142	1.688869833946228	46.0	1e-06
20	41	1143	1.588876485824585	50.0	1e-06
20	42	1144	1.679667353630066	44.0	1e-06
20	43	1145	1.6630990505218506	52.0	1e-06
20	44	1146	1.8282159566879272	36.0	1e-06
20	45	1147	1.848421573638916	42.0	1e-06
20	46	1148	1.8995245695114136	38.0	1e-06
20	47	1149	1.7048298120498657	44.0	1e-06
20	48	1150	1.8865197896957397	42.0	1e-06
20	49	1151	1.7171425819396973	44.0	1e-06
20	50	1152	1.638944149017334	50.0	1e-06
20	51	1153	1.6662967205047607	46.0	1e-06
20	52	1154	1.8819756507873535	38.0	1e-06
20	53	1155	1.5971792936325073	50.0	1e-06
20	54	1156	1.5846830606460571	40.0	1e-06
20	55	1157	1.6027581691741943	46.0	1e-06
20	56	1158	1.8945661783218384	36.0	1e-06
20	57	1159	1.706775188446045	44.0	1e-06
20	58	1160	1.916812539100647	50.0	1e-06
21	1	1161	1.7386738061904907	40.0	1e-06
21	2	1162	1.776056170463562	42.0	1e-06
21	3	1163	1.77186918258667	44.0	1e-06
21	4	1164	1.7957451343536377	42.0	1e-06
21	5	1165	1.7298812866210938	42.0	1e-06
21	6	1166	1.9569932222366333	24.0	1e-06
21	7	1167	1.764073371887207	42.0	1e-06
21	8	1168	1.7173908948898315	48.0	1e-06
21	9	1169	1.6572508811950684	48.0	1e-06
21	10	1170	1.879948616027832	38.0	1e-06
21	11	1171	1.9566808938980103	26.0	1e-06
21	12	1172	1.8826581239700317	36.0	1e-06
21	13	1173	1.8098068237304688	38.0	1e-06
21	14	1174	1.5331088304519653	54.0	1e-06
21	15	1175	1.5839858055114746	58.0	1e-06
21	16	1176	1.495140552520752	50.0	1e-06
21	17	1177	1.9483561515808105	28.0	1e-06
21	18	1178	1.611109972000122	42.0	1e-06
21	19	1179	1.5561914443969727	52.0	1e-06
21	20	1180	1.7243493795394897	48.0	1e-06
21	21	1181	1.6310003995895386	48.0	1e-06
21	22	1182	1.6416594982147217	46.0	1e-06
21	23	1183	1.792446494102478	38.0	1e-06
21	24	1184	1.635135531425476	44.0	1e-06
21	25	1185	1.6830341815948486	44.0	1e-06
21	26	1186	1.8587955236434937	32.0	1e-06
21	27	1187	1.8184033632278442	38.0	1e-06
21	28	1188	1.6319851875305176	52.0	1e-06
21	29	1189	1.7574858665466309	42.0	1e-06
21	30	1190	1.6679989099502563	40.0	1e-06
21	31	1191	1.5079944133758545	50.0	1e-06
21	32	1192	1.6753727197647095	40.0	1e-06
21	33	1193	1.7173866033554077	42.0	1e-06
21	34	1194	1.9074221849441528	44.0	1e-06
21	35	1195	1.8522342443466187	34.0	1e-06
21	36	1196	1.7581866979599	46.0	1e-06
21	37	1197	1.7655264139175415	46.0	1e-06
21	38	1198	1.8131071329116821	42.0	1e-06
21	39	1199	1.5251277685165405	60.0	1e-06
21	40	1200	1.984544038772583	28.0	1e-06
21	41	1201	1.8184627294540405	42.0	1e-06
21	42	1202	1.8575990200042725	38.0	1e-06
21	43	1203	1.6681939363479614	56.0	1e-06
21	44	1204	1.7825628519058228	40.0	1e-06
21	45	1205	1.737718105316162	40.0	1e-06
21	46	1206	1.9256805181503296	34.0	1e-06
21	47	1207	1.6712275743484497	38.0	1e-06
21	48	1208	1.744512915611267	40.0	1e-06
21	49	1209	1.6559034585952759	52.0	1e-06
21	50	1210	1.8927557468414307	40.0	1e-06
21	51	1211	1.73270845413208	42.0	1e-06
21	52	1212	1.5364603996276855	46.0	1e-06
21	53	1213	1.7317768335342407	48.0	1e-06
21	54	1214	1.775436520576477	34.0	1e-06
21	55	1215	1.6119885444641113	40.0	1e-06
21	56	1216	1.7218700647354126	50.0	1e-06
21	57	1217	1.6630383729934692	46.0	1e-06
21	58	1218	2.2387728691101074	0.0	1e-06
22	1	1219	1.649827480316162	46.0	1e-06
22	2	1220	1.6770334243774414	44.0	1e-06
22	3	1221	1.6605713367462158	46.0	1e-06
22	4	1222	1.7950363159179688	40.0	1e-06
22	5	1223	1.8043211698532104	48.0	1e-06
22	6	1224	1.754459023475647	44.0	1e-06
22	7	1225	1.802345633506775	44.0	1e-06
22	8	1226	1.7581361532211304	38.0	1e-06
22	9	1227	1.8246183395385742	40.0	1e-06
22	10	1228	1.5627535581588745	58.0	1e-06
22	11	1229	1.879347801208496	40.0	1e-06
22	12	1230	1.7205250263214111	40.0	1e-06
22	13	1231	1.732491135597229	44.0	1e-06
22	14	1232	1.7608188390731812	30.0	1e-06
22	15	1233	1.9035923480987549	38.0	1e-06
22	16	1234	1.7004863023757935	42.0	1e-06
22	17	1235	1.7061909437179565	44.0	1e-06
22	18	1236	1.6874110698699951	38.0	1e-06
22	19	1237	1.7806669473648071	40.0	1e-06
22	20	1238	1.7083741426467896	48.0	1e-06
22	21	1239	1.7458240985870361	46.0	1e-06
22	22	1240	1.5633801221847534	48.0	1e-06
22	23	1241	1.8191053867340088	44.0	1e-06
22	24	1242	1.749405860900879	44.0	1e-06
22	25	1243	1.689754843711853	44.0	1e-06
22	26	1244	1.5703927278518677	46.0	1e-06
22	27	1245	1.674750804901123	42.0	1e-06
22	28	1246	1.8440184593200684	40.0	1e-06
22	29	1247	2.0393660068511963	38.0	1e-06
22	30	1248	1.6414821147918701	48.0	1e-06
22	31	1249	1.9981602430343628	36.0	1e-06
22	32	1250	1.681395411491394	46.0	1e-06
22	33	1251	1.7640248537063599	46.0	1e-06
22	34	1252	1.6711386442184448	44.0	1e-06
22	35	1253	1.764646053314209	42.0	1e-06
22	36	1254	1.5944000482559204	52.0	1e-06
22	37	1255	1.6086416244506836	52.0	1e-06
22	38	1256	1.782238483428955	38.0	1e-06
22	39	1257	1.7667794227600098	42.0	1e-06
22	40	1258	1.827498435974121	40.0	1e-06
22	41	1259	1.705025315284729	40.0	1e-06
22	42	1260	1.7225946187973022	52.0	1e-06
22	43	1261	1.7383722066879272	40.0	1e-06
22	44	1262	1.87372624874115	34.0	1e-06
22	45	1263	1.6244522333145142	44.0	1e-06
22	46	1264	1.6401787996292114	52.0	1e-06
22	47	1265	1.7871198654174805	36.0	1e-06
22	48	1266	1.7468750476837158	46.0	1e-06
22	49	1267	1.5375683307647705	52.0	1e-06
22	50	1268	1.7289751768112183	36.0	1e-06
22	51	1269	1.7608959674835205	40.0	1e-06
22	52	1270	1.7254997491836548	42.0	1e-06
22	53	1271	1.631251573562622	46.0	1e-06
22	54	1272	1.6632808446884155	48.0	1e-06
22	55	1273	1.615902066230774	50.0	1e-06
22	56	1274	1.7782871723175049	36.0	1e-06
22	57	1275	1.6678961515426636	46.0	1e-06
22	58	1276	2.135190010070801	25.0	1e-06
23	1	1277	1.7248080968856812	44.0	1e-06
23	2	1278	1.7079405784606934	38.0	1e-06
23	3	1279	1.8354880809783936	38.0	1e-06
23	4	1280	1.6010087728500366	54.0	1e-06
23	5	1281	1.70441472530365	44.0	1e-06
23	6	1282	1.5149812698364258	50.0	1e-06
23	7	1283	1.5362299680709839	54.0	1e-06
23	8	1284	1.850508451461792	38.0	1e-06
23	9	1285	1.6171191930770874	46.0	1e-06
23	10	1286	1.5871011018753052	56.0	1e-06
23	11	1287	1.534569501876831	52.0	1e-06
23	12	1288	1.8319363594055176	40.0	1e-06
23	13	1289	1.816482424736023	42.0	1e-06
23	14	1290	1.8649773597717285	36.0	1e-06
23	15	1291	1.5345313549041748	56.0	1e-06
23	16	1292	1.8405044078826904	38.0	1e-06
23	17	1293	1.5825788974761963	48.0	1e-06
23	18	1294	1.7673894166946411	36.0	1e-06
23	19	1295	1.9377708435058594	26.0	1e-06
23	20	1296	1.6139402389526367	52.0	1e-06
23	21	1297	1.7441362142562866	42.0	1e-06
23	22	1298	1.7625373601913452	48.0	1e-06
23	23	1299	1.781928539276123	42.0	1e-06
23	24	1300	1.8236438035964966	36.0	1e-06
23	25	1301	1.7137943506240845	38.0	1e-06
23	26	1302	1.7790685892105103	32.0	1e-06
23	27	1303	1.7267309427261353	42.0	1e-06
23	28	1304	1.5820192098617554	50.0	1e-06
23	29	1305	1.6263636350631714	50.0	1e-06
23	30	1306	1.5795048475265503	50.0	1e-06
23	31	1307	1.8673118352890015	44.0	1e-06
23	32	1308	1.7475802898406982	34.0	1e-06
23	33	1309	1.6365420818328857	48.0	1e-06
23	34	1310	1.7365220785140991	40.0	1e-06
23	35	1311	1.590602159500122	42.0	1e-06
23	36	1312	1.7877984046936035	46.0	1e-06
23	37	1313	1.6561787128448486	50.0	1e-06
23	38	1314	1.7398459911346436	48.0	1e-06
23	39	1315	1.7153785228729248	44.0	1e-06
23	40	1316	1.8369896411895752	38.0	1e-06
23	41	1317	1.7443535327911377	38.0	1e-06
23	42	1318	1.5455683469772339	50.0	1e-06
23	43	1319	1.8821786642074585	38.0	1e-06
23	44	1320	1.4551697969436646	64.0	1e-06
23	45	1321	1.7570632696151733	42.0	1e-06
23	46	1322	1.5791139602661133	52.0	1e-06
23	47	1323	1.7499210834503174	46.0	1e-06
23	48	1324	1.7758938074111938	36.0	1e-06
23	49	1325	1.6551628112792969	48.0	1e-06
23	50	1326	1.927045464515686	38.0	1e-06
23	51	1327	1.6145421266555786	48.0	1e-06
23	52	1328	1.4988409280776978	54.0	1e-06
23	53	1329	1.7920918464660645	42.0	1e-06
23	54	1330	1.5062158107757568	58.0	1e-06
23	55	1331	1.6564009189605713	44.0	1e-06
23	56	1332	1.5782819986343384	58.0	1e-06
23	57	1333	1.6154712438583374	46.0	1e-06
23	58	1334	1.4228534698486328	50.0	1e-06
24	1	1335	1.687976360321045	48.0	1e-06
24	2	1336	1.8205851316452026	46.0	1e-06
24	3	1337	1.7737774848937988	50.0	1e-06
24	4	1338	1.7883321046829224	44.0	1e-06
24	5	1339	1.536084771156311	50.0	1e-06
24	6	1340	1.5924001932144165	48.0	1e-06
24	7	1341	1.5648796558380127	52.0	1e-06
24	8	1342	1.5556334257125854	60.0	1e-06
24	9	1343	1.5488778352737427	50.0	1e-06
24	10	1344	1.8222723007202148	38.0	1e-06
24	11	1345	1.5568166971206665	40.0	1e-06
24	12	1346	1.6834542751312256	44.0	1e-06
24	13	1347	1.743218183517456	40.0	1e-06
24	14	1348	1.807186484336853	28.0	1e-06
24	15	1349	1.6927125453948975	50.0	1e-06
24	16	1350	1.6084392070770264	54.0	1e-06
24	17	1351	1.6921006441116333	44.0	1e-06
24	18	1352	1.6902858018875122	44.0	1e-06
24	19	1353	1.675295352935791	36.0	1e-06
24	20	1354	1.6072092056274414	46.0	1e-06
24	21	1355	1.728905200958252	46.0	1e-06
24	22	1356	1.7323472499847412	46.0	1e-06
24	23	1357	1.627352237701416	46.0	1e-06
24	24	1358	1.671391248703003	42.0	1e-06
24	25	1359	1.6515707969665527	46.0	1e-06
24	26	1360	1.820092797279358	36.0	1e-06
24	27	1361	1.635737657546997	48.0	1e-06
24	28	1362	1.6956024169921875	38.0	1e-06
24	29	1363	1.583502173423767	44.0	1e-06
24	30	1364	1.5897490978240967	46.0	1e-06
24	31	1365	1.5643078088760376	52.0	1e-06
24	32	1366	1.498927354812622	46.0	1e-06
24	33	1367	1.601462721824646	48.0	1e-06
24	34	1368	1.7741338014602661	38.0	1e-06
24	35	1369	1.5467307567596436	50.0	1e-06
24	36	1370	1.824976921081543	40.0	1e-06
24	37	1371	1.6672508716583252	48.0	1e-06
24	38	1372	1.8244317770004272	38.0	1e-06
24	39	1373	1.581455111503601	44.0	1e-06
24	40	1374	1.589509129524231	44.0	1e-06
24	41	1375	1.6998302936553955	44.0	1e-06
24	42	1376	1.778872013092041	42.0	1e-06
24	43	1377	1.6130452156066895	46.0	1e-06
24	44	1378	1.6656936407089233	46.0	1e-06
24	45	1379	1.7133063077926636	42.0	1e-06
24	46	1380	1.7667007446289062	46.0	1e-06
24	47	1381	1.6041269302368164	50.0	1e-06
24	48	1382	1.5494252443313599	50.0	1e-06
24	49	1383	1.7486895322799683	46.0	1e-06
24	50	1384	1.4936186075210571	56.0	1e-06
24	51	1385	1.6560460329055786	40.0	1e-06
24	52	1386	1.663854956626892	50.0	1e-06
24	53	1387	1.5806891918182373	44.0	1e-06
24	54	1388	1.721766710281372	36.0	1e-06
24	55	1389	1.6015379428863525	44.0	1e-06
24	56	1390	1.690514326095581	40.0	1e-06
24	57	1391	1.8703922033309937	36.0	1e-06
24	58	1392	2.053192377090454	50.0	1e-06
25	1	1393	1.4822615385055542	54.0	1e-06
25	2	1394	1.7957756519317627	36.0	1e-06
25	3	1395	1.5572243928909302	46.0	1e-06
25	4	1396	1.8407127857208252	32.0	1e-06
25	5	1397	1.6676892042160034	46.0	1e-06
25	6	1398	1.6358386278152466	48.0	1e-06
25	7	1399	1.633607029914856	44.0	1e-06
25	8	1400	1.5416494607925415	48.0	1e-06
25	9	1401	1.4454247951507568	60.0	1e-06
25	10	1402	1.9356836080551147	26.0	1e-06
25	11	1403	1.810065746307373	40.0	1e-06
25	12	1404	1.6448367834091187	34.0	1e-06
25	13	1405	1.5295466184616089	48.0	1e-06
25	14	1406	1.845088243484497	36.0	1e-06
25	15	1407	1.735629916191101	44.0	1e-06
25	16	1408	1.6104971170425415	52.0	1e-06
25	17	1409	1.3699431419372559	66.0	1e-06
25	18	1410	1.671485424041748	46.0	1e-06
25	19	1411	1.7772784233093262	38.0	1e-06
25	20	1412	1.4568049907684326	54.0	1e-06
25	21	1413	1.6586554050445557	42.0	1e-06
25	22	1414	1.6564286947250366	42.0	1e-06
25	23	1415	1.6916401386260986	46.0	1e-06
25	24	1416	1.7335412502288818	42.0	1e-06
25	25	1417	1.5820955038070679	50.0	1e-06
25	26	1418	1.706648826599121	40.0	1e-06
25	27	1419	1.740554690361023	36.0	1e-06
25	28	1420	1.5040184259414673	52.0	1e-06
25	29	1421	1.8258136510849	48.0	1e-06
25	30	1422	1.6923342943191528	50.0	1e-06
25	31	1423	1.535912275314331	54.0	1e-06
25	32	1424	1.4616466760635376	58.0	1e-06
25	33	1425	1.745635986328125	38.0	1e-06
25	34	1426	1.853047490119934	46.0	1e-06
25	35	1427	1.6586154699325562	46.0	1e-06
25	36	1428	1.571831226348877	46.0	1e-06
25	37	1429	1.7825284004211426	48.0	1e-06
25	38	1430	1.6275355815887451	40.0	1e-06
25	39	1431	1.561489462852478	56.0	1e-06
25	40	1432	1.9551788568496704	34.0	1e-06
25	41	1433	1.8038166761398315	46.0	1e-06
25	42	1434	1.5362458229064941	50.0	1e-06
25	43	1435	1.8100537061691284	38.0	1e-06
25	44	1436	1.6242181062698364	52.0	1e-06
25	45	1437	1.4730195999145508	52.0	1e-06
25	46	1438	1.5721012353897095	52.0	1e-06
25	47	1439	1.4433374404907227	50.0	1e-06
25	48	1440	1.6833094358444214	46.0	1e-06
25	49	1441	1.5305465459823608	38.0	1e-06
25	50	1442	1.7868428230285645	46.0	1e-06
25	51	1443	1.6810156106948853	44.0	1e-06
25	52	1444	1.409717082977295	60.0	1e-06
25	53	1445	1.4424614906311035	52.0	1e-06
25	54	1446	1.5756738185882568	42.0	1e-06
25	55	1447	1.9045063257217407	30.0	1e-06
25	56	1448	1.542368769645691	54.0	1e-06
25	57	1449	1.7295212745666504	38.0	1e-06
25	58	1450	1.7826522588729858	50.0	1e-06
26	1	1451	1.679225206375122	52.0	1e-06
26	2	1452	1.5112977027893066	50.0	1e-06
26	3	1453	1.5882065296173096	52.0	1e-06
26	4	1454	1.55220365524292	52.0	1e-06
26	5	1455	1.6000018119812012	50.0	1e-06
26	6	1456	1.8629465103149414	34.0	1e-06
26	7	1457	1.3602116107940674	58.0	1e-06
26	8	1458	1.5918081998825073	52.0	1e-06
26	9	1459	1.551851749420166	48.0	1e-06
26	10	1460	1.8183056116104126	40.0	1e-06
26	11	1461	1.5173648595809937	50.0	1e-06
26	12	1462	1.589115023612976	46.0	1e-06
26	13	1463	1.644473671913147	48.0	1e-06
26	14	1464	1.7468031644821167	46.0	1e-06
26	15	1465	1.7647061347961426	36.0	1e-06
26	16	1466	1.645300030708313	48.0	1e-06
26	17	1467	1.7176330089569092	46.0	1e-06
26	18	1468	1.674881100654602	42.0	1e-06
26	19	1469	1.6503684520721436	48.0	1e-06
26	20	1470	1.494114875793457	58.0	1e-06
26	21	1471	1.66948664188385	44.0	1e-06
26	22	1472	1.3934513330459595	68.0	1e-06
26	23	1473	1.4948365688323975	58.0	1e-06
26	24	1474	1.5682580471038818	56.0	1e-06
26	25	1475	1.5515538454055786	44.0	1e-06
26	26	1476	1.5491230487823486	50.0	1e-06
26	27	1477	1.7177051305770874	36.0	1e-06
26	28	1478	1.6019293069839478	44.0	1e-06
26	29	1479	1.8784300088882446	26.0	1e-06
26	30	1480	1.753893256187439	48.0	1e-06
26	31	1481	1.5833441019058228	42.0	1e-06
26	32	1482	1.887831687927246	32.0	1e-06
26	33	1483	1.6309279203414917	56.0	1e-06
26	34	1484	1.7558693885803223	42.0	1e-06
26	35	1485	1.6172726154327393	48.0	1e-06
26	36	1486	1.592801809310913	62.0	1e-06
26	37	1487	1.6252415180206299	46.0	1e-06
26	38	1488	1.7294939756393433	42.0	1e-06
26	39	1489	1.601422905921936	42.0	1e-06
26	40	1490	1.6461820602416992	38.0	1e-06
26	41	1491	1.658199429512024	48.0	1e-06
26	42	1492	1.5125622749328613	50.0	1e-06
26	43	1493	1.5663937330245972	52.0	1e-06
26	44	1494	1.5362443923950195	58.0	1e-06
26	45	1495	1.5196490287780762	54.0	1e-06
26	46	1496	1.6992199420928955	44.0	1e-06
26	47	1497	1.415878176689148	54.0	1e-06
26	48	1498	1.639799952507019	42.0	1e-06
26	49	1499	1.60746431350708	40.0	1e-06
26	50	1500	1.6952881813049316	50.0	1e-06
26	51	1501	1.628150224685669	50.0	1e-06
26	52	1502	1.5248627662658691	60.0	1e-06
26	53	1503	1.7642416954040527	38.0	1e-06
26	54	1504	1.3624141216278076	64.0	1e-06
26	55	1505	1.7246493101119995	32.0	1e-06
26	56	1506	1.7016831636428833	38.0	1e-06
26	57	1507	1.6684948205947876	48.0	1e-06
26	58	1508	2.398937702178955	0.0	1e-06
27	1	1509	1.4955382347106934	56.0	1e-06
27	2	1510	1.626064419746399	44.0	1e-06
27	3	1511	1.4498318433761597	54.0	1e-06
27	4	1512	1.4647879600524902	50.0	1e-06
27	5	1513	1.5447261333465576	50.0	1e-06
27	6	1514	1.608452320098877	52.0	1e-06
27	7	1515	1.6305248737335205	48.0	1e-06
27	8	1516	1.6708523035049438	42.0	1e-06
27	9	1517	1.5123662948608398	52.0	1e-06
27	10	1518	1.735967993736267	40.0	1e-06
27	11	1519	1.4416569471359253	52.0	1e-06
27	12	1520	1.6102213859558105	48.0	1e-06
27	13	1521	1.4748634099960327	52.0	1e-06
27	14	1522	1.6660841703414917	42.0	1e-06
27	15	1523	1.4803062677383423	50.0	1e-06
27	16	1524	1.5816164016723633	36.0	1e-06
27	17	1525	1.4099421501159668	68.0	1e-06
27	18	1526	1.6335837841033936	40.0	1e-06
27	19	1527	1.761399269104004	40.0	1e-06
27	20	1528	1.535703182220459	48.0	1e-06
27	21	1529	1.4844108819961548	58.0	1e-06
27	22	1530	1.4899919033050537	52.0	1e-06
27	23	1531	1.591457486152649	48.0	1e-06
27	24	1532	1.5391725301742554	42.0	1e-06
27	25	1533	1.636549711227417	42.0	1e-06
27	26	1534	1.5096876621246338	44.0	1e-06
27	27	1535	1.6728732585906982	48.0	1e-06
27	28	1536	1.5180965662002563	52.0	1e-06
27	29	1537	1.5895476341247559	48.0	1e-06
27	30	1538	1.908388376235962	32.0	1e-06
27	31	1539	1.5182629823684692	50.0	1e-06
27	32	1540	1.555128574371338	46.0	1e-06
27	33	1541	1.6273857355117798	50.0	1e-06
27	34	1542	1.7099989652633667	48.0	1e-06
27	35	1543	1.517557978630066	42.0	1e-06
27	36	1544	1.6062716245651245	50.0	1e-06
27	37	1545	1.5959182977676392	48.0	1e-06
27	38	1546	1.4633538722991943	48.0	1e-06
27	39	1547	1.5977129936218262	46.0	1e-06
27	40	1548	1.6109910011291504	50.0	1e-06
27	41	1549	1.6099451780319214	46.0	1e-06
27	42	1550	1.54912531375885	42.0	1e-06
27	43	1551	1.4342824220657349	58.0	1e-06
27	44	1552	1.4971842765808105	44.0	1e-06
27	45	1553	1.6669713258743286	44.0	1e-06
27	46	1554	1.5575534105300903	44.0	1e-06
27	47	1555	1.6621800661087036	44.0	1e-06
27	48	1556	1.8246607780456543	42.0	1e-06
27	49	1557	1.6902531385421753	44.0	1e-06
27	50	1558	1.682808518409729	42.0	1e-06
27	51	1559	1.7028595209121704	38.0	1e-06
27	52	1560	1.844802975654602	42.0	1e-06
27	53	1561	1.6299434900283813	44.0	1e-06
27	54	1562	1.5011770725250244	54.0	1e-06
27	55	1563	1.6512950658798218	44.0	1e-06
27	56	1564	1.6686081886291504	44.0	1e-06
27	57	1565	1.6594330072402954	40.0	1e-06
27	58	1566	1.5081031322479248	50.0	1e-06
28	1	1567	1.754737138748169	38.0	1e-06
28	2	1568	1.5685114860534668	46.0	1e-06
28	3	1569	1.6773539781570435	36.0	1e-06
28	4	1570	1.7249122858047485	38.0	1e-06
28	5	1571	1.4876283407211304	50.0	1e-06
28	6	1572	1.387575387954712	64.0	1e-06
28	7	1573	1.7662185430526733	38.0	1e-06
28	8	1574	1.52168869972229	50.0	1e-06
28	9	1575	1.522110939025879	52.0	1e-06
28	10	1576	1.704704999923706	42.0	1e-06
28	11	1577	1.5408118963241577	48.0	1e-06
28	12	1578	1.820959210395813	38.0	1e-06
28	13	1579	1.5886790752410889	46.0	1e-06
28	14	1580	1.5165247917175293	56.0	1e-06
28	15	1581	1.678931713104248	44.0	1e-06
28	16	1582	1.635164737701416	42.0	1e-06
28	17	1583	1.4006222486495972	48.0	1e-06
28	18	1584	1.6444212198257446	50.0	1e-06
28	19	1585	1.4667717218399048	52.0	1e-06
28	20	1586	1.6023041009902954	54.0	1e-06
28	21	1587	1.4235807657241821	52.0	1e-06
28	22	1588	1.628232479095459	46.0	1e-06
28	23	1589	1.5033758878707886	58.0	1e-06
28	24	1590	1.5555214881896973	54.0	1e-06
28	25	1591	1.394249439239502	52.0	1e-06
28	26	1592	1.8006172180175781	36.0	1e-06
28	27	1593	1.4655760526657104	54.0	1e-06
28	28	1594	1.7484750747680664	44.0	1e-06
28	29	1595	1.7304233312606812	42.0	1e-06
28	30	1596	1.6887009143829346	56.0	1e-06
28	31	1597	1.366946816444397	62.0	1e-06
28	32	1598	1.3929955959320068	60.0	1e-06
28	33	1599	1.3631596565246582	60.0	1e-06
28	34	1600	1.6423083543777466	46.0	1e-06
28	35	1601	1.4922168254852295	50.0	1e-06
28	36	1602	1.529760718345642	56.0	1e-06
28	37	1603	1.552171230316162	60.0	1e-06
28	38	1604	1.5220496654510498	48.0	1e-06
28	39	1605	1.3745055198669434	52.0	1e-06
28	40	1606	1.5568383932113647	44.0	1e-06
28	41	1607	1.7353595495224	36.0	1e-06
28	42	1608	1.5614449977874756	50.0	1e-06
28	43	1609	1.4897568225860596	50.0	1e-06
28	44	1610	1.5580799579620361	46.0	1e-06
28	45	1611	1.5820449590682983	48.0	1e-06
28	46	1612	1.6162158250808716	46.0	1e-06
28	47	1613	1.5366941690444946	50.0	1e-06
28	48	1614	1.5445811748504639	54.0	1e-06
28	49	1615	1.6848313808441162	42.0	1e-06
28	50	1616	1.6572980880737305	46.0	1e-06
28	51	1617	1.6049652099609375	42.0	1e-06
28	52	1618	1.3814430236816406	58.0	1e-06
28	53	1619	1.6258409023284912	44.0	1e-06
28	54	1620	1.4078580141067505	56.0	1e-06
28	55	1621	1.557169795036316	40.0	1e-06
28	56	1622	1.3895297050476074	60.0	1e-06
28	57	1623	1.69843327999115	44.0	1e-06
28	58	1624	1.6703085899353027	50.0	1e-06
29	1	1625	1.5388842821121216	54.0	1e-06
29	2	1626	1.3996031284332275	62.0	1e-06
29	3	1627	1.629426121711731	52.0	1e-06
29	4	1628	1.5764158964157104	44.0	1e-06
29	5	1629	1.5107712745666504	48.0	1e-06
29	6	1630	1.5542073249816895	48.0	1e-06
29	7	1631	1.6504507064819336	40.0	1e-06
29	8	1632	1.2631981372833252	64.0	1e-06
29	9	1633	1.622236728668213	50.0	1e-06
29	10	1634	1.560889720916748	44.0	1e-06
29	11	1635	1.6123626232147217	38.0	1e-06
29	12	1636	1.3742434978485107	62.0	1e-06
29	13	1637	1.6313618421554565	38.0	1e-06
29	14	1638	1.6944117546081543	46.0	1e-06
29	15	1639	1.4313018321990967	58.0	1e-06
29	16	1640	1.459828495979309	50.0	1e-06
29	17	1641	1.6231908798217773	52.0	1e-06
29	18	1642	1.5563054084777832	42.0	1e-06
29	19	1643	1.29132878780365	70.0	1e-06
29	20	1644	1.6054054498672485	52.0	1e-06
29	21	1645	1.4853529930114746	50.0	1e-06
29	22	1646	1.6432377099990845	50.0	1e-06
29	23	1647	1.476863980293274	50.0	1e-06
29	24	1648	1.5633565187454224	54.0	1e-06
29	25	1649	1.5915477275848389	50.0	1e-06
29	26	1650	1.5744448900222778	52.0	1e-06
29	27	1651	1.4557158946990967	56.0	1e-06
29	28	1652	1.5719183683395386	48.0	1e-06
29	29	1653	1.8542983531951904	40.0	1e-06
29	30	1654	1.3513447046279907	60.0	1e-06
29	31	1655	1.5382572412490845	38.0	1e-06
29	32	1656	1.6118115186691284	42.0	1e-06
29	33	1657	1.4690525531768799	50.0	1e-06
29	34	1658	1.6075797080993652	46.0	1e-06
29	35	1659	1.379847764968872	60.0	1e-06
29	36	1660	1.6299548149108887	44.0	1e-06
29	37	1661	1.6850945949554443	36.0	1e-06
29	38	1662	1.5712858438491821	52.0	1e-06
29	39	1663	1.480048418045044	64.0	1e-06
29	40	1664	1.6582434177398682	36.0	1e-06
29	41	1665	1.6597987413406372	44.0	1e-06
29	42	1666	1.7252274751663208	40.0	1e-06
29	43	1667	1.3086048364639282	58.0	1e-06
29	44	1668	1.5703091621398926	46.0	1e-06
29	45	1669	1.8318884372711182	36.0	1e-06
29	46	1670	1.514042854309082	52.0	1e-06
29	47	1671	1.5376040935516357	42.0	1e-06
29	48	1672	1.51582670211792	58.0	1e-06
