epoch	loss	acc	lr
1	2.417628132640976	9.753320683111955	1e-06
2	2.393136141648555	10.702087286527513	1e-06
3	2.375954096412297	12.296015180265655	1e-06
4	2.365666960855589	12.789373814041745	1e-06
5	2.3484628711751108	13.434535104364326	1e-06
6	2.333317459873728	14.724857685009487	1e-06
7	2.3263129853206976	14.990512333965844	1e-06
8	2.3215551697551864	14.9146110056926	1e-06
9	2.3132619378236483	15.370018975332068	1e-06
10	2.3014816129456435	15.825426944971538	1e-06
11	2.298957475901102	15.559772296015181	1e-06
12	2.2858324779278867	16.35673624288425	1e-06
13	2.2795228786215156	16.888045540796963	1e-06
14	2.2722758459637693	16.925996204933586	1e-06
15	2.2627787377395485	18.444022770398483	1e-06
16	2.260748133939855	18.330170777988616	1e-06
17	2.2530445803727326	18.70967741935484	1e-06
18	2.244374461146867	19.20303605313093	1e-06
19	2.236413215097938	20.075901328273243	1e-06
20	2.230445593991361	19.620493358633777	1e-06
21	2.23147296679314	19.772296015180267	1e-06
22	2.2226817576211135	20.607210626185957	1e-06
23	2.212272504249153	21.44212523719165	1e-06
24	2.202052132680701	22.39089184060721	1e-06
25	2.1918510947327006	21.555977229601517	1e-06
26	2.1818842512380465	22.960151802656547	1e-06
27	2.1757827967801178	23.757115749525617	1e-06
28	2.164970697442766	25.351043643263758	1e-06
29	2.1581161542454526	23.263757115749527	1e-06
30	2.141416151564307	24.819734345351044	1e-06
31	2.140851298138584	24.13662239089184	1e-06
32	2.1213185601713986	25.844402277039848	1e-06
33	2.109384492407261	26.299810246679318	1e-06
34	2.097993332701797	25.351043643263758	1e-06
35	2.096718849221941	26.37571157495256	1e-06
36	2.0876956096862704	26.110056925996204	1e-06
37	2.0667693538050496	26.83111954459203	1e-06
38	2.0815121837992367	26.793168880455408	1e-06
39	2.063704645611077	27.6280834914611	1e-06
40	2.0554871636052288	27.855787476280835	1e-06
41	2.0449431643766514	27.096774193548388	1e-06
42	2.0401817119098933	28.72865275142315	1e-06
43	2.0286001281448742	28.083491461100568	1e-06
44	2.0284344408046135	27.9696394686907	1e-06
45	2.017652121847902	28.57685009487666	1e-06
46	2.01199679763765	29.07020872865275	1e-06
47	2.0024723095052384	29.22201138519924	1e-06
48	2.0166712338829402	29.37381404174573	1e-06
49	1.9926402053072965	29.184060721062618	1e-06
50	1.990567964213623	30.36053130929791	1e-06
51	1.9893668629865267	30.5123339658444	1e-06
52	1.976939441130781	30.322580645161292	1e-06
53	1.975338087136198	30.66413662239089	1e-06
54	1.9682296695473978	32.599620493358636	1e-06
55	1.9653408389390081	30.853889943074005	1e-06
56	1.9605458642318987	31.650853889943075	1e-06
57	1.9498035518675194	31.57495256166983	1e-06
58	1.9332329512094863	32.56166982922201	1e-06
59	1.9350493911095317	32.675521821631875	1e-06
60	1.9283419146257288	32.106261859582546	1e-06
61	1.9236232372569857	32.14421252371916	1e-06
62	1.9312302414787337	32.56166982922201	1e-06
63	1.901836037183396	35.02846299810247	1e-06
64	1.9097458108326515	32.75142314990512	1e-06
65	1.9097941541581271	32.75142314990512	1e-06
66	1.9079001662400914	32.82732447817837	1e-06
67	1.9009767162279567	34.30740037950664	1e-06
68	1.8857265192824477	34.11764705882353	1e-06
69	1.8841148759653719	33.81404174573055	1e-06
70	1.8685466259208983	34.573055028462996	1e-06
71	1.8668437673651967	34.497153700189756	1e-06
72	1.8587703487678542	35.977229601518026	1e-06
73	1.8518080435396371	35.483870967741936	1e-06
74	1.8678305594699434	34.079696394686906	1e-06
75	1.8506626232299226	34.497153700189756	1e-06
76	1.8507437430025278	34.876660341555976	1e-06
77	1.8425826175841706	35.21821631878558	1e-06
78	1.813771122094576	36.43263757115749	1e-06
79	1.8274013530144881	36.12903225806452	1e-06
80	1.820486759551336	36.166982922201136	1e-06
81	1.8233925791800136	35.74952561669829	1e-06
82	1.8081880120217686	36.85009487666034	1e-06
83	1.8080783125571553	36.66034155597723	1e-06
84	1.799769286412668	38.63377609108159	1e-06
85	1.7875817260886957	38.48197343453511	1e-06
86	1.798006806246922	36.35673624288425	1e-07
87	1.792744822927399	38.178368121442126	1e-07
88	1.790289884726508	37.60910815939279	1e-07
89	1.794289022288241	37.077798861480076	1e-07
90	1.8031427977885874	36.85009487666034	1e-07
91	1.780108389411072	37.98861480075902	1e-07
92	1.7899057731682706	38.25426944971537	1e-07
93	1.775020016212391	38.9753320683112	1e-07
94	1.7894463306133843	37.98861480075902	1e-07
95	1.7897682343759844	38.93738140417457	1e-07
96	1.8079558823547508	37.49525616698292	1e-07
97	1.7907503585435407	37.72296015180266	1e-07
98	1.797548118759604	37.1157495256167	1e-07
99	1.7733258135630916	38.33017077798861	1e-07
100	1.7952975378543194	37.267552182163186	1e-07
101	1.7769515907968019	38.33017077798861	1e-07
102	1.7844555886918272	38.368121442125236	1e-07
103	1.7799420411039348	37.874762808349146	1e-07
104	1.7934480222398008	38.064516129032256	1e-07
105	1.7950181766524487	37.41935483870968	1e-07
106	1.7947573643707913	37.381404174573056	1e-07
107	1.7832679431850136	38.557874762808346	1e-07
108	1.7757998290957717	37.72296015180266	1e-07
109	1.7844277688176626	38.02656546489563	1e-07
110	1.781543614968403	38.21631878557875	1e-07
111	1.7748293132438153	37.267552182163186	1e-07
112	1.770223680212104	39.43074003795066	1e-08
113	1.7805023607311936	38.368121442125236	1e-08
114	1.781352831471351	37.34345351043643	1e-08
115	1.7879902108570656	37.53320683111954	1e-08
116	1.7754613050247279	38.21631878557875	1e-08
117	1.7725403521499778	38.67172675521822	1e-08
118	1.7759717553571235	38.67172675521822	1e-08
119	1.7791818629179779	38.25426944971537	1e-08
120	1.7840499846261186	38.064516129032256	1e-08
121	1.7729181302340253	38.8235294117647	1e-08
122	1.7725101677697344	38.70967741935484	1e-08
123	1.771875317454112	38.178368121442126	1e-08
124	1.7767157518433891	37.95066413662239	1e-08
125	1.7666708534085094	37.98861480075902	1e-08
126	1.7831828010602513	38.178368121442126	1e-08
127	1.7632722899854976	39.05123339658444	1e-08
128	1.7831652460785925	38.02656546489563	1e-08
129	1.7734378811530416	38.10246679316888	1e-08
130	1.784473179639856	36.470588235294116	1e-08
131	1.7810804389233381	37.83681214421252	1e-08
132	1.7622722778646045	37.077798861480076	1e-08
133	1.7685903073261993	38.67172675521822	1e-08
134	1.7656646274751233	38.40607210626186	1e-08
135	1.7691898006641888	38.33017077798861	1e-08
136	1.777607025186296	37.760910815939276	1e-08
137	1.772839036566935	38.44402277039848	1e-08
138	1.7571580873721013	38.44402277039848	1e-08
139	1.767614684023486	38.59582542694497	1e-08
140	1.7701874129912432	37.83681214421252	1e-08
141	1.780706797650462	38.21631878557875	1e-08
142	1.767850686522091	39.12713472485768	1e-08
143	1.774482379602074	37.685009487666036	1e-08
144	1.787806452564768	38.40607210626186	1e-08
145	1.7716562236735218	38.25426944971537	1e-08
146	1.7771776140980295	39.01328273244782	1e-08
147	1.7795153161832458	38.8235294117647	1e-08
148	1.7904030324385787	37.685009487666036	1e-08
149	1.7771120157368496	38.67172675521822	1e-08
150	1.7638135494724396	37.191650853889946	1e-08
151	1.7843536844289734	37.685009487666036	1e-08
152	1.7886314387565772	36.888045540796966	1e-08
153	1.7687327160554773	37.98861480075902	1e-08
154	1.7832578748634238	37.64705882352941	1e-08
155	1.7591118224431712	38.29222011385199	1e-08
156	1.7696800906020278	38.8235294117647	1e-08
157	1.772569352580655	38.33017077798861	1e-08
158	1.7636426180544569	38.93738140417457	1e-08
159	1.7722837581127826	38.064516129032256	1e-08
160	1.7702841760990062	39.16508538899431	1e-08
161	1.7784518747673541	37.72296015180266	1e-08
162	1.77575996071383	37.760910815939276	1e-08
163	1.7674455635914088	38.861480075901326	1e-08
164	1.769623789434415	38.40607210626186	1e-08
165	1.7741907703808635	38.63377609108159	1e-08
166	1.7790565492984691	38.63377609108159	1e-08
167	1.7727370884205855	39.27893738140418	1e-08
168	1.7720607019239856	38.33017077798861	1e-08
169	1.7724601912543714	38.89943074003795	1e-08
170	1.7854368148311492	37.874762808349146	1e-08
171	1.7715620906348473	38.1404174573055	1e-08
172	1.783009691980351	38.21631878557875	1e-08
173	1.7796063509114102	37.30550284629981	1e-08
174	1.7749959033625855	37.49525616698292	1e-08
175	1.7731152094292686	38.178368121442126	1e-08
176	1.7733567919179203	37.72296015180266	1e-08
177	1.77715109353726	37.64705882352941	1e-08
178	1.7711040163854495	37.95066413662239	1e-08
179	1.7684277214632993	39.3168880455408	1e-08
180	1.7688668774020286	37.22960151802656	1e-08
181	1.7667795677565081	38.74762808349146	1e-08
182	1.7694388822541065	38.59582542694497	1e-08
183	1.7831799631100678	37.571157495256166	1e-08
184	1.7637194756991044	38.70967741935484	1e-08
185	1.77811192991159	38.67172675521822	1e-08
186	1.7682374010049866	38.78557874762809	1e-08
187	1.775602250669215	38.25426944971537	1e-08
188	1.7788836356584667	39.12713472485768	1e-08
189	1.7627801605601012	38.93738140417457	1e-08
190	1.767923112386092	39.16508538899431	1e-08
191	1.7589468064751526	38.67172675521822	1e-08
192	1.7683801546947326	38.33017077798861	1e-08
193	1.778013117625546	38.02656546489563	1e-08
194	1.7842934627008167	37.571157495256166	1e-08
195	1.7834564877189767	38.10246679316888	1e-08
196	1.7760369431587957	38.78557874762809	1e-08
197	1.7762380827083986	38.10246679316888	1e-08
198	1.7685814867435867	39.39278937381404	1e-08
199	1.7823545507507035	38.93738140417457	1e-08
200	1.8000943310120527	37.41935483870968	1e-08
201	1.7702244483994805	38.59582542694497	1e-08
202	1.7782660503315066	37.83681214421252	1e-08
203	1.7690305415774206	38.63377609108159	1e-08
204	1.772699533196509	37.95066413662239	1e-08
205	1.77428692364376	39.08918406072106	1e-08
206	1.7987150666383458	37.760910815939276	1e-08
207	1.7667386674338093	38.63377609108159	1e-08
208	1.7697701648697681	38.40607210626186	1e-08
209	1.7775637852399127	38.8235294117647	1e-08
210	1.7681778180757555	37.60910815939279	1e-08
211	1.7709725751370136	38.8235294117647	1e-08
212	1.7685681389224144	38.44402277039848	1e-08
213	1.7801380566899192	37.7988614800759	1e-08
214	1.771393064077258	38.93738140417457	1e-08
215	1.7783168199166401	38.29222011385199	1e-08
216	1.7746956950120727	38.10246679316888	1e-08
217	1.7806546421159604	37.267552182163186	1e-08
218	1.77274980106209	37.571157495256166	1e-08
219	1.7676090275766274	38.89943074003795	1e-08
220	1.7718055153254992	38.33017077798861	1e-08
221	1.7727581619990167	38.70967741935484	1e-08
222	1.7739608749266593	37.571157495256166	1e-08
223	1.7789960644955427	38.25426944971537	1e-08
224	1.7636451707619192	39.01328273244782	1e-08
225	1.7655781159138544	38.59582542694497	1e-08
226	1.7659573532372317	38.59582542694497	1e-08
227	1.769332654562123	39.01328273244782	1e-08
228	1.765205443470935	39.96204933586338	1e-08
229	1.7729437631719254	37.760910815939276	1e-08
230	1.7807590330348295	39.05123339658444	1e-08
231	1.7588036915382805	39.3168880455408	1e-08
232	1.7789419133930098	37.34345351043643	1e-08
233	1.7804755960967555	37.60910815939279	1e-08
234	1.763645834895646	37.7988614800759	1e-08
235	1.7739000711766773	38.10246679316888	1e-08
236	1.7687113739733904	38.40607210626186	1e-08
237	1.7588144916284696	38.63377609108159	1e-08
238	1.7737816036086833	38.557874762808346	1e-08
239	1.7743937996352195	38.21631878557875	1e-08
240	1.7690901147798976	38.48197343453511	1e-08
241	1.7888819207728928	37.34345351043643	1e-08
242	1.7770312997376443	38.93738140417457	1e-08
243	1.770022062241918	38.29222011385199	1e-08
244	1.7784115320364935	37.571157495256166	1e-08
245	1.7828025023896508	38.33017077798861	1e-08
246	1.7583027537452653	38.861480075901326	1e-08
247	1.775820518354311	38.59582542694497	1e-08
248	1.770651039407647	38.064516129032256	1e-08
249	1.7638212826944166	39.05123339658444	1e-08
250	1.7749187299377325	37.685009487666036	1e-08
251	1.774758659006296	38.557874762808346	1e-08
252	1.773348672566423	38.67172675521822	1e-08
253	1.7561410713014838	38.89943074003795	1e-08
254	1.7812432742887927	38.29222011385199	1e-08
255	1.7500432636977599	39.01328273244782	1e-08
256	1.7632712302216995	37.95066413662239	1e-08
257	1.7656411498049858	38.064516129032256	1e-08
258	1.758836630625788	39.39278937381404	1e-08
259	1.7757770257385226	38.02656546489563	1e-08
260	1.7818222172572444	38.25426944971537	1e-08
261	1.7929878148905918	37.22960151802656	1e-08
262	1.761237695049742	39.05123339658444	1e-08
263	1.7697264195845748	39.50664136622391	1e-08
264	1.7774264547811287	38.74762808349146	1e-08
265	1.7768531646402783	38.1404174573055	1e-08
266	1.7562191970434315	39.24098671726755	1e-08
267	1.767142654596289	38.21631878557875	1e-08
268	1.760809357976099	38.9753320683112	1e-08
269	1.7693172229535212	38.51992409867173	1e-08
270	1.7643168877379038	39.12713472485768	1e-08
271	1.7691861513217442	37.64705882352941	1e-08
272	1.7879509679280376	37.191650853889946	1e-08
273	1.7632326113883638	38.064516129032256	1e-08
274	1.7688030940984187	38.178368121442126	1e-08
275	1.7820019432444274	38.33017077798861	1e-08
276	1.7687174246930986	39.20303605313093	1e-08
277	1.7661154376487804	38.70967741935484	1e-08
278	1.773006582848261	39.27893738140418	1e-08
279	1.7669347524642944	38.02656546489563	1e-08
280	1.7680443952839107	38.78557874762809	1e-08
281	1.777659399007258	38.1404174573055	1e-08
282	1.7790765341590433	38.40607210626186	1e-08
283	1.7604696001907	39.16508538899431	1e-08
284	1.7738150579879588	37.34345351043643	1e-08
285	1.7713088629594111	38.63377609108159	1e-08
286	1.7762473068382074	38.67172675521822	1e-08
287	1.756066586532448	39.62049335863377	1e-08
288	1.7783796479625087	38.557874762808346	1e-08
289	1.75665611831694	38.1404174573055	1e-08
290	1.7758709180965822	38.21631878557875	1e-08
291	1.7832844501654608	37.760910815939276	1e-08
292	1.7592975536831417	40.03795066413662	1e-08
293	1.7739315774906745	37.60910815939279	1e-08
294	1.7810673301993556	37.381404174573056	1e-08
295	1.7750401781903724	37.72296015180266	1e-08
296	1.7580893652715086	38.59582542694497	1e-08
297	1.7633179776808794	38.29222011385199	1e-08
298	1.7818313687757026	37.22960151802656	1e-08
299	1.7777534693875394	37.874762808349146	1e-08
300	1.7876953549357926	37.7988614800759	1e-08
301	1.7675210280481732	38.557874762808346	1e-08
302	1.7671473976330694	38.02656546489563	1e-08
303	1.7826964633514577	37.41935483870968	1e-08
304	1.7705740865312898	39.01328273244782	1e-08
305	1.7709831558097247	38.67172675521822	1e-08
306	1.766227881415293	37.874762808349146	1e-08
307	1.7659789007121742	38.67172675521822	1e-08
308	1.7531479230641867	38.63377609108159	1e-08
309	1.7634204779901812	38.33017077798861	1e-08
310	1.7643687116579494	38.368121442125236	1e-08
311	1.7628233835412157	37.98861480075902	1e-08
312	1.7738908416179824	38.44402277039848	1e-08
313	1.762767143900978	38.861480075901326	1e-08
314	1.7628478705317516	37.760910815939276	1e-08
315	1.7715311235901978	38.51992409867173	1e-08
316	1.7692534817237782	38.557874762808346	1e-08
317	1.762928137290636	38.1404174573055	1e-08
318	1.778145695546999	39.24098671726755	1e-08
319	1.7676058041755343	40.26565464895636	1e-08
320	1.7595363190323396	38.89943074003795	1e-08
321	1.7769111856337516	38.29222011385199	1e-08
322	1.7783444642568222	38.59582542694497	1e-08
323	1.7670544741049663	38.40607210626186	1e-08
324	1.7631471005517572	38.8235294117647	1e-08
325	1.7554468167574628	39.20303605313093	1e-08
326	1.771351550969046	39.01328273244782	1e-08
327	1.7682643169696235	38.67172675521822	1e-08
328	1.765447581289389	38.8235294117647	1e-08
329	1.7729263993322963	37.91271347248577	1e-08
330	1.7804542499430038	37.00189753320683	1e-08
331	1.7581410923764194	39.58254269449716	1e-08
332	1.7719327358412336	37.60910815939279	1e-08
333	1.7722948506842076	38.74762808349146	1e-08
334	1.763566123466564	37.49525616698292	1e-08
335	1.7653613540660271	38.368121442125236	1e-08
336	1.7684310846582083	38.1404174573055	1e-08
337	1.7574101718146162	39.50664136622391	1e-08
338	1.7616706469027321	38.02656546489563	1e-08
339	1.770680549022595	38.8235294117647	1e-08
340	1.7726672691005005	37.91271347248577	1e-08
341	1.76666144944685	38.74762808349146	1e-08
342	1.7695339230477696	39.16508538899431	1e-08
343	1.770477103327438	38.93738140417457	1e-08
344	1.7614420774539463	38.93738140417457	1e-08
345	1.7640580465942903	39.08918406072106	1e-08
346	1.7550727889026592	38.51992409867173	1e-08
347	1.7725234278239155	38.44402277039848	1e-08
348	1.7638241794575324	39.50664136622391	1e-08
349	1.7635759081288578	38.70967741935484	1e-08
350	1.7774021376694855	38.33017077798861	1e-08
351	1.765494949225004	38.59582542694497	1e-08
352	1.7711511085788936	39.77229601518027	1e-08
353	1.7547479544464053	40.37950664136623	1e-08
354	1.7663620190104679	38.33017077798861	1e-08
355	1.7656992273493555	38.78557874762809	1e-08
356	1.7667900794371256	39.01328273244782	1e-08
357	1.7580611280517289	39.3168880455408	1e-08
358	1.7701626893917568	38.178368121442126	1e-08
359	1.776627744624013	37.98861480075902	1e-08
360	1.765082562218581	39.81024667931689	1e-08
361	1.7674773316229544	39.01328273244782	1e-08
362	1.7746212502810714	39.24098671726755	1e-08
363	1.773038358344525	38.557874762808346	1e-08
364	1.7741791414807373	36.92599620493359	1e-08
365	1.758764492040341	39.05123339658444	1e-08
366	1.7616715096432072	39.27893738140418	1e-08
367	1.7642052268620008	38.89943074003795	1e-08
368	1.7717939407142336	37.98861480075902	1e-08
369	1.763958282895966	39.08918406072106	1e-08
370	1.7863767346123365	38.51992409867173	1e-08
371	1.7595435745123442	38.557874762808346	1e-08
372	1.7720832711605239	38.33017077798861	1e-08
373	1.7812233093341343	38.33017077798861	1e-08
374	1.7582127005144585	39.46869070208729	1e-08
375	1.7578305123653086	39.96204933586338	1e-08
376	1.773445087546868	38.368121442125236	1e-08
377	1.7631320123201981	39.24098671726755	1e-08
378	1.7567197195266637	37.49525616698292	1e-08
379	1.753085886957071	39.81024667931689	1e-08
380	1.774061306604172	37.53320683111954	1e-08
381	1.7659092110067436	38.861480075901326	1e-08
382	1.7766172286455273	37.760910815939276	1e-08
383	1.7535788336560214	39.50664136622391	1e-08
384	1.7644821733405966	38.67172675521822	1e-08
385	1.76332373456213	38.74762808349146	1e-08
386	1.7618287186468802	39.3168880455408	1e-08
387	1.7731807727288929	38.557874762808346	1e-08
388	1.771844046844251	37.98861480075902	1e-08
389	1.7679582402194927	38.9753320683112	1e-08
390	1.7799060236118325	38.1404174573055	1e-08
391	1.766903406754843	38.59582542694497	1e-08
392	1.7728480035032674	38.29222011385199	1e-08
393	1.7802996133265052	37.00189753320683	1e-08
394	1.765018525114548	39.54459203036053	1e-08
395	1.7582676041963206	38.93738140417457	1e-08
396	1.7653115564777004	38.9753320683112	1e-08
397	1.7466948677059368	39.92409867172675	1e-08
398	1.7740121195393224	38.44402277039848	1e-08
399	1.7675411133431393	38.89943074003795	1e-08
400	1.7604976125641159	38.89943074003795	1e-08
401	1.7642425529418453	39.24098671726755	1e-08
402	1.7762482211531	37.874762808349146	1e-08
403	1.7579170630597978	38.67172675521822	1e-08
404	1.7553227486148957	38.74762808349146	1e-08
405	1.767550967902341	38.93738140417457	1e-08
406	1.7701413708348428	37.98861480075902	1e-08
407	1.7730224944608715	39.27893738140418	1e-08
408	1.7607500962559592	39.46869070208729	1e-08
409	1.7446952056160914	39.46869070208729	1e-08
410	1.7527024693914337	38.48197343453511	1e-08
411	1.7661621290094711	39.84819734345351	1e-08
412	1.7549437809261923	39.77229601518027	1e-08
413	1.7772128486995227	39.01328273244782	1e-08
414	1.7819782900403076	37.30550284629981	1e-08
415	1.7506432261819858	39.46869070208729	1e-08
416	1.7634657530902234	38.48197343453511	1e-08
417	1.761272613644826	38.67172675521822	1e-08
418	1.7629006775325797	38.25426944971537	1e-08
419	1.754771282595973	39.354838709677416	1e-08
420	1.768884790011556	38.178368121442126	1e-08
421	1.7814604283736373	38.557874762808346	1e-08
422	1.7807773844793129	37.60910815939279	1e-08
423	1.7651001963714947	38.74762808349146	1e-08
424	1.7701102515551803	36.963946869070206	1e-08
425	1.7704220632448142	38.02656546489563	1e-08
426	1.7629162188499206	39.39278937381404	1e-08
427	1.7400801353707938	40.07590132827325	1e-08
428	1.7618335971796082	38.93738140417457	1e-08
429	1.7585062313351278	38.63377609108159	1e-08
430	1.76312125769693	39.24098671726755	1e-08
431	1.7675322049935358	38.21631878557875	1e-08
432	1.7783395576748495	38.40607210626186	1e-08
433	1.7601515099943477	38.861480075901326	1e-08
434	1.7690703504678194	38.557874762808346	1e-08
435	1.76561634612943	38.63377609108159	1e-08
436	1.7571843475725437	38.557874762808346	1e-08
437	1.7547422048036694	39.24098671726755	1e-08
438	1.769918984208659	38.70967741935484	1e-08
439	1.7695412927605847	38.064516129032256	1e-08
440	1.7736135750613131	38.74762808349146	1e-08
441	1.7675335961455865	38.8235294117647	1e-08
442	1.7538696606652333	39.354838709677416	1e-08
443	1.7723520856202215	38.02656546489563	1e-08
444	1.7492712785894549	38.70967741935484	1e-08
445	1.7594527435936105	39.46869070208729	1e-08
446	1.7621636264012028	39.58254269449716	1e-08
447	1.7623979312418987	38.93738140417457	1e-08
448	1.7626436263379381	38.59582542694497	1e-08
449	1.764063726566322	39.354838709677416	1e-08
450	1.7546231866561484	38.861480075901326	1e-08
451	1.7524080808067684	39.73434535104364	1e-08
452	1.7631809686573905	38.48197343453511	1e-08
453	1.750358366875766	39.6584440227704	1e-08
454	1.7659372403454283	39.08918406072106	1e-08
455	1.7693068675795813	38.8235294117647	1e-08
456	1.7636574674150296	39.08918406072106	1e-08
457	1.7540739851613198	39.20303605313093	1e-08
458	1.760084542196661	39.46869070208729	1e-08
459	1.7662968490788786	38.63377609108159	1e-08
460	1.758183386565612	38.89943074003795	1e-08
461	1.7603714472881078	39.01328273244782	1e-08
462	1.7598789201968084	39.12713472485768	1e-08
463	1.7749552265290292	37.571157495256166	1e-08
464	1.7692694686621824	38.557874762808346	1e-08
465	1.751361739477125	39.81024667931689	1e-08
466	1.7661240670893632	38.10246679316888	1e-08
467	1.7569981044338596	38.861480075901326	1e-08
468	1.7703333975468007	38.21631878557875	1e-08
469	1.7724857002327066	38.9753320683112	1e-08
470	1.766544082133096	38.89943074003795	1e-08
471	1.7605696362381416	38.70967741935484	1e-08
472	1.7701987874123357	38.63377609108159	1e-08
473	1.7771304875216403	38.70967741935484	1e-08
474	1.7621502806158627	38.8235294117647	1e-08
475	1.7666788924577341	38.40607210626186	1e-08
476	1.7626383838436408	39.54459203036053	1e-08
477	1.7682919518092552	39.354838709677416	1e-08
478	1.766333408102365	38.67172675521822	1e-08
479	1.7682886512727394	38.44402277039848	1e-08
480	1.7553831354716698	40.37950664136623	1e-08
481	1.7498843954907874	38.51992409867173	1e-08
482	1.7478511209053604	39.96204933586338	1e-08
483	1.7651431560516357	38.064516129032256	1e-08
484	1.770097813977236	38.1404174573055	1e-08
485	1.7446509513728305	39.12713472485768	1e-08
486	1.7476360802406152	38.02656546489563	1e-08
487	1.7618200068681924	38.33017077798861	1e-08
488	1.763294675092317	37.4573055028463	1e-08
489	1.7602487945013752	39.16508538899431	1e-08
490	1.7643557572048123	39.81024667931689	1e-08
491	1.7492348772298678	40.22770398481973	1e-08
492	1.7634730974682369	37.685009487666036	1e-08
493	1.7817461026913752	36.54648956356736	1e-08
494	1.7642582179925475	38.74762808349146	1e-08
495	1.7540628000726284	39.46869070208729	1e-08
496	1.7609940670020667	39.16508538899431	1e-08
497	1.7667215144159218	38.064516129032256	1e-08
498	1.7500446252171409	39.39278937381404	1e-08
499	1.7620458853991254	39.39278937381404	1e-08
500	1.7669438338596408	38.25426944971537	1e-08
