epoch	loss	acc	lr
1	2.412098229140273	10.89698668535389	1e-06
2	2.3674649044443195	13.104414856341975	1e-06
3	2.327046587990144	15.592151366503153	1e-06
4	2.294187222482779	17.379117028731606	1e-06
5	2.266948536884225	20.112123335669235	1e-06
6	2.2398956608922647	22.950245269796778	1e-06
7	2.2025700527717786	27.64540995094604	1e-06
8	2.172004605308645	28.80168185003504	1e-06
9	2.133811318465021	32.550805886475125	1e-06
10	2.1049239129224855	33.56692361597757	1e-06
11	2.0649938802244616	35.143658023826205	1e-06
12	2.024085586690869	35.59915907498248	1e-06
13	1.9820318040767582	36.405045550105115	1e-06
14	1.9566095567033603	37.281009110021024	1e-06
15	1.9160563453729118	37.63139453398739	1e-06
16	1.889309391160068	38.12193412754029	1e-06
17	1.8570493076260306	39.34828311142257	1e-06
18	1.8356121745908185	39.52347582340575	1e-06
19	1.8022487023199198	40.5395935529082	1e-06
20	1.7614849023912533	42.15136650315347	1e-06
21	1.738281632689387	42.46671338472319	1e-06
22	1.730625914625129	43.30763840224247	1e-06
23	1.697370394928604	44.814295725297825	1e-06
24	1.6685238275481173	44.849334267694466	1e-06
25	1.6507281666463627	45.6552207428171	1e-06
26	1.6262611181650783	47.337070777855644	1e-06
27	1.5947964152173721	46.74141555711282	1e-06
28	1.5681063329413294	48.703573931324456	1e-06
29	1.5544682056150323	48.703573931324456	1e-06
30	1.540260969798884	49.088997897687456	1e-06
31	1.5171457399583481	50.735809390329365	1e-06
32	1.5099596149368393	49.929922915206724	1e-06
33	1.47745714951163	51.64681149264191	1e-06
34	1.4602208003015391	52.943237561317446	1e-06
35	1.4682761414868062	51.541695865452	1e-06
36	1.4263336550713255	53.39873861247372	1e-06
37	1.4394209928753163	53.25858444288718	1e-06
38	1.4184344582567703	53.924316748423266	1e-06
39	1.3850284447265657	54.44989488437281	1e-06
40	1.3664836960400246	55.8864751226349	1e-06
41	1.3700743380675553	55.1156271899089	1e-06
42	1.357105384110235	55.150665732305534	1e-06
43	1.337758466089699	56.2718990889979	1e-06
44	1.324675030197058	56.93763139453399	1e-06
45	1.318917519075518	56.622284512964264	1e-06
46	1.2937298932523267	58.02382620882971	1e-06
47	1.28936307281569	57.498248072880166	1e-06
48	1.2721219779982296	58.549404344779255	1e-06
49	1.2642270442732748	59.705676243868254	1e-06
50	1.2442829440169678	60.33637000700771	1e-06
51	1.262199531590596	58.549404344779255	1e-06
52	1.2420973424821278	59.320252277505254	1e-06
53	1.2139774485743788	59.8458304134548	1e-06
54	1.225208276957169	60.581639803784164	1e-06
55	1.2060314512536838	62.19341275402943	1e-06
56	1.2095749190242957	60.2312543798178	1e-06
57	1.166420543828709	61.80798878766643	1e-06
58	1.1738231101066146	61.10721793973371	1e-06
59	1.1709064576453734	61.49264190609671	1e-06
60	1.1545323451332221	61.56271899088998	1e-06
61	1.1641182063255764	61.63279607568325	1e-06
62	1.1307708596381258	61.843027330063066	1e-06
63	1.117032836556184	63.384723195515065	1e-06
64	1.1286441450697104	63.594954449894885	1e-06
65	1.1204725348957787	63.314646110721796	1e-06
66	1.0944940537611088	64.0854940434478	1e-06
67	1.0953910751366165	64.36580238262088	1e-06
68	1.0810296643256472	65.13665031534688	1e-06
69	1.0714731534711948	65.7323055360897	1e-06
70	1.0843779382040724	65.06657323055362	1e-06
71	1.0626248875613302	64.33076384022425	1e-06
72	1.0692232890236018	64.99649614576033	1e-06
73	1.044615936011974	65.41695865451997	1e-06
74	1.0387950014132423	66.1177295024527	1e-06
75	1.013682324065975	66.92361597757534	1e-06
76	1.0063844688638741	67.30903994393833	1e-06
77	1.0163547791378766	66.53819201121233	1e-06
78	1.002436131259822	67.55430974071479	1e-06
79	1.002569903964836	67.62438682550805	1e-06
80	0.9903386444083109	68.07988787666433	1e-06
81	0.9891911390450925	68.67554309740714	1e-06
82	0.9755155568199719	68.25508058864752	1e-06
83	0.9616641405168411	69.62158374211633	1e-06
84	0.9701960791886562	68.39523475823405	1e-06
85	0.9527701558395124	68.78065872459706	1e-06
86	0.9410598840259052	69.90189208128942	1e-06
87	0.9218389020570944	69.76173791170287	1e-06
88	0.9398084313784267	70.18220042046251	1e-06
89	0.9269427921526401	70.63770147161878	1e-06
90	0.913473310133086	70.74281709880869	1e-06
91	0.9137370342880843	70.91800981079187	1e-06
92	0.8955374913944092	70.91800981079187	1e-06
93	0.8898427171062236	71.09320252277506	1e-06
94	0.8954250419482369	70.91800981079187	1e-06
95	0.8701554986673715	72.70497547302033	1e-06
96	0.8838195380165431	71.75893482831114	1e-06
97	0.8986325678327489	70.77785564120532	1e-06
98	0.8814769416901308	71.68885774351787	1e-06
99	0.8711547900014769	71.93412754029433	1e-06
100	0.8646755507966398	72.42466713384724	1e-06
101	0.8614768822375259	72.21443587946742	1e-06
102	0.8509993178909612	72.0042046250876	1e-06
103	0.8365533096688397	73.47582340574633	1e-06
104	0.8482836728423478	72.3896285914506	1e-06
105	0.8364520706993429	72.21443587946742	1e-06
106	0.8393675440996781	73.23055360896987	1e-06
107	0.7971031550101325	75.36790469516468	1e-06
108	0.8305569431041618	73.6510161177295	1e-06
109	0.8162932998664578	73.79117028731605	1e-06
110	0.8037007924720133	75.15767344078486	1e-06
111	0.7735033534002538	75.71829011913104	1e-06
112	0.7958300702832509	74.59705676243868	1e-06
113	0.7828084257572951	75.78836720392432	1e-06
114	0.7835115670071838	76.03363700070076	1e-06
115	0.7841448014068203	74.35178696566223	1e-06
116	0.7803715467453003	76.20882971268395	1e-06
117	0.7597638240792823	75.71829011913104	1e-06
118	0.7642259156695596	74.98248072880168	1e-06
119	0.755843999340723	76.24386825508059	1e-06
120	0.7608199886868029	75.9635599159075	1e-06
121	0.7493473445943125	75.92852137351086	1e-06
122	0.731546234336865	77.92571829011914	1e-06
123	0.7421199510209445	77.33006306937631	1e-06
124	0.7806077062791265	75.33286615276805	1e-06
125	0.7475146795371737	76.80448493342676	1e-06
126	0.7299133763918112	76.24386825508059	1e-06
127	0.7076451829996824	77.08479327259985	1e-06
128	0.7144259160101288	77.8906797477225	1e-06
129	0.700471479991306	78.03083391730904	1e-06
130	0.7238407899386079	76.38402242466714	1e-06
131	0.7156992269589839	76.76944639103013	1e-06
132	0.7049800073173218	78.13594954449894	1e-06
133	0.7011531191684186	77.8906797477225	1e-06
134	0.6932319942352734	78.59145059565522	1e-06
135	0.6931813757112165	79.0469516468115	1e-06
136	0.7003203509525561	78.24106517168886	1e-06
137	0.6870111456766108	78.83672039243167	1e-06
138	0.6559740349848787	79.6426068675543	1e-06
139	0.675946664375781	78.80168185003504	1e-06
140	0.6851021474528831	78.62648913805185	1e-06
141	0.6606910859861822	79.67764540995094	1e-06
142	0.6631226734673968	80.34337771548704	1e-06
143	0.6827477786870126	78.55641205325858	1e-06
144	0.6752128027791984	78.8717589348283	1e-06
145	0.646420485002642	79.32725998598458	1e-06
146	0.6842954821242431	78.17098808689559	1e-06
147	0.6527848678739571	79.88787666433076	1e-06
148	0.6460884436703931	80.51857042747022	1e-06
149	0.6479313388393739	79.57252978276104	1e-06
150	0.6707470062611065	79.50245269796777	1e-06
151	0.6436539863111593	80.02803083391731	1e-06
152	0.6326396552807982	80.34337771548704	1e-06
153	0.6222913657858727	81.00911002102312	1e-06
154	0.6331162070091905	80.55360896986686	1e-06
155	0.6343826944584101	80.83391730903995	1e-06
156	0.6143383296244447	81.49964961457603	1e-06
157	0.6270822191789757	80.6937631394534	1e-06
158	0.6275761482301256	80.58864751226349	1e-06
159	0.6083465893116545	80.62368605466013	1e-06
160	0.6241135507216383	81.25437981779957	1e-06
161	0.6051592354015947	81.11422564821304	1e-06
162	0.6039016803787902	81.14926419060967	1e-06
163	0.6069102267660957	81.25437981779957	1e-06
164	0.6144998360949959	80.62368605466013	1e-06
165	0.5991744035469876	81.04414856341977	1e-06
166	0.5806965738973504	81.99018920812894	1e-06
167	0.5854157718980572	81.92011212333567	1e-06
168	0.5875399633145616	81.99018920812894	1e-06
169	0.578891741849362	82.02522775052557	1e-06
170	0.5742301972662559	82.55080588647512	1e-06
171	0.5917444277578245	82.16538192011213	1e-06
172	0.5703814251488042	82.83111422564821	1e-06
173	0.5682370450501686	82.06026629292221	1e-06
174	0.5653494405178399	82.69096005606167	1e-06
175	0.5833006423507108	81.42957252978276	1e-06
176	0.5628771393050158	82.79607568325157	1e-06
177	0.5476443140174262	83.18149964961458	1e-06
178	0.5584364727024608	81.92011212333567	1e-06
179	0.5512003307377615	82.65592151366504	1e-06
180	0.5516700409431097	83.18149964961458	1e-06
181	0.5538828675782004	82.55080588647512	1e-06
182	0.5469346975394705	83.46180798878767	1e-06
183	0.527184640454845	83.21653819201121	1e-06
184	0.5397838086056893	83.18149964961458	1e-06
185	0.5601064014367984	83.0063069376314	1e-06
186	0.5379111529566144	83.74211632796076	1e-06
187	0.5613135477422247	82.30553608969866	1e-06
188	0.5460726695830954	83.1114225648213	1e-06
189	0.541491498062472	82.76103714085494	1e-06
190	0.5396504687026571	82.51576734407848	1e-06
191	0.535262933459078	83.0063069376314	1e-06
192	0.5227591581459887	83.42676944639103	1e-06
193	0.5170229941335022	85.21373510861949	1e-06
194	0.5345224230207591	83.63700070077084	1e-06
195	0.5078290005664183	84.58304134548003	1e-06
196	0.5197919193856266	83.67203924316749	1e-06
197	0.5186889974822009	83.81219341275403	1e-06
198	0.4965557680734823	84.68815697266994	1e-06
199	0.5266211896236743	83.21653819201121	1e-06
200	0.5187558838138233	84.02242466713385	1e-06
201	0.5063173527807812	84.51296426068676	1e-06
202	0.48749163548430113	84.86334968465312	1e-06
203	0.4985715726412671	84.54800280308339	1e-06
204	0.4794890010010219	85.49404344779258	1e-06
205	0.502564654892445	85.38892782060266	1e-06
206	0.5067854807689295	85.21373510861949	1e-06
207	0.4752786826360618	85.35388927820603	1e-06
208	0.4936985377673929	84.23265592151367	1e-06
209	0.47844600520855746	85.63419761737912	1e-06
210	0.5049852651361828	84.58304134548003	1e-06
211	0.4749810388018054	86.05466012613876	1e-06
212	0.49439243444965364	84.12754029432375	1e-06
213	0.48411092134982286	85.0385423966363	1e-06
214	0.48573366870559337	85.24877365101612	1e-06
215	0.4873192729695994	84.82831114225648	1e-06
216	0.481606705212142	85.21373510861949	1e-06
217	0.4676366203217216	85.87946741415557	1e-06
218	0.4819906076394183	85.49404344779258	1e-06
219	0.4605972829216748	85.77435178696567	1e-06
220	0.4797943887505067	85.38892782060266	1e-06
221	0.4779265360892362	85.84442887175894	1e-06
222	0.48216646732194657	85.0385423966363	1e-06
223	0.4821702537414655	85.73931324456903	1e-06
224	0.44305377275524394	86.75543097407147	1e-06
225	0.46071901508119445	86.05466012613876	1e-06
226	0.4666712249315278	85.8093903293623	1e-06
227	0.4745450145666133	85.52908199018921	1e-06
228	0.46907632897680424	85.38892782060266	1e-06
229	0.4568588648568356	86.6853538892782	1e-06
230	0.47148927329884766	86.75543097407147	1e-06
231	0.4505154613690019	86.01962158374212	1e-06
232	0.45074249080368584	85.84442887175894	1e-06
233	0.44772329462852695	85.9145059565522	1e-06
234	0.43449376578838905	87.59635599159076	1e-06
235	0.4526037629054156	86.82550805886476	1e-06
236	0.4380670942120729	87.21093202522775	1e-06
237	0.4422722973018237	86.61527680448494	1e-06
238	0.4541119968527752	86.33496846531185	1e-06
239	0.4377987930093015	86.47512263489838	1e-06
240	0.4432104190455171	86.47512263489838	1e-06
241	0.4316145150224563	87.10581639803785	1e-06
242	0.4243848235271323	87.42116327960757	1e-06
243	0.43889717475759793	86.40504555010511	1e-06
244	0.4282520319313625	87.24597056762438	1e-06
245	0.42693823880888654	87.07077785564121	1e-06
246	0.41387887254158934	88.2270497547302	1e-06
247	0.4038222193112303	87.59635599159076	1e-06
248	0.4193091424157257	87.49124036440084	1e-06
249	0.4085415955097757	88.3321653819201	1e-06
250	0.4172780143166223	87.21093202522775	1e-06
251	0.40176917372379756	87.80658724597056	1e-06
252	0.4235147897522184	86.93062368605466	1e-06
253	0.42459185637622426	87.5613174491941	1e-06
254	0.42001680134891545	87.17589348283111	1e-06
255	0.4087480488425798	87.03573931324456	1e-06
256	0.41990524682868335	86.86054660126139	1e-06
257	0.42709550950689257	86.5802382620883	1e-06
258	0.4004485245217121	88.2270497547302	1e-06
259	0.42053672721441093	87.28100911002102	1e-06
260	0.3882630942017362	88.54239663629993	1e-06
261	0.3908778821661828	87.77154870357393	1e-06
262	0.4034851320301977	87.66643307638402	1e-06
263	0.39779146161836265	87.3510861948143	1e-06
264	0.3884694718800814	88.57743517869656	1e-06
265	0.3926348142905426	87.80658724597056	1e-06
266	0.3904586429769707	88.36720392431675	1e-06
267	0.38972584853117165	88.05185704274702	1e-06
268	0.3979964893475728	87.87666433076384	1e-06
269	0.40291447148050724	87.66643307638402	1e-06
270	0.37376410934418836	89.03293622985284	1e-06
271	0.3725532571084865	88.64751226348984	1e-06
272	0.406167236392366	87.49124036440084	1e-06
273	0.40473010888572497	87.24597056762438	1e-06
274	0.3664525428391372	88.9978976874562	1e-06
275	0.39099616979750706	88.50735809390329	1e-06
276	0.35852513251892737	89.1030133146461	1e-06
277	0.3697229672142402	88.40224246671339	1e-06
278	0.3875964664042873	87.94674141555711	1e-06
279	0.3989904210148947	87.94674141555711	1e-06
280	0.3773231067875506	88.57743517869656	1e-06
281	0.3743928356256699	88.68255080588648	1e-06
282	0.37300871124656865	89.03293622985284	1e-06
283	0.3869224968558855	87.77154870357393	1e-06
284	0.37183436818196375	88.82270497547302	1e-06
285	0.36016113804450967	89.6636299929923	1e-06
286	0.3810939272551079	88.05185704274702	1e-06
287	0.3797354655158879	88.68255080588648	1e-06
288	0.34330059883472547	90.11913104414856	1e-06
289	0.37905332802180736	87.94674141555711	1e-06
290	0.3792023913753392	88.3321653819201	1e-06
291	0.35972678502623484	89.52347582340575	1e-06
292	0.3616190092310508	89.45339873861248	1e-06
293	0.3750512098297007	88.75262789067975	1e-06
294	0.3767279239597234	88.85774351786965	1e-06
295	0.356308163893582	89.3833216538192	1e-06
296	0.3770601354492404	88.15697266993693	1e-06
297	0.36777188991781873	89.03293622985284	1e-06
298	0.3541686666872256	89.31324456902593	1e-06
299	0.36966735249895605	89.27820602662929	1e-06
300	0.362578650235545	89.1030133146461	1e-06
301	0.3577793488447367	88.85774351786965	1e-06
302	0.35332509757299563	88.64751226348984	1e-06
303	0.36246172444713476	89.20812894183602	1e-06
304	0.3434261946450102	89.45339873861248	1e-06
305	0.3496543540349772	89.62859145059565	1e-06
306	0.32335567298934603	90.57463209530484	1e-06
307	0.3493940547035554	89.6636299929923	1e-06
308	0.3533264601990821	89.52347582340575	1e-06
309	0.34332158252043415	89.94393833216539	1e-06
310	0.3368175269405409	90.18920812894184	1e-06
311	0.3502769759362113	89.62859145059565	1e-06
312	0.36218828277188575	89.17309039943939	1e-06
313	0.3549354937718561	89.31324456902593	1e-06
314	0.35519634837776776	90.11913104414856	1e-06
315	0.3355465661825713	89.55851436580238	1e-06
316	0.33787830114448164	89.7687456201822	1e-06
317	0.33663104788857734	89.97897687456202	1e-06
318	0.3369054274493861	90.04905395935529	1e-06
319	0.3214023992910031	91.27540294323757	1e-07
320	0.33370568745814594	90.57463209530484	1e-07
321	0.3394035263314645	89.52347582340575	1e-07
322	0.3269756737190606	89.97897687456202	1e-07
323	0.3238691693118342	90.71478626489139	1e-07
324	0.3238995624908469	90.18920812894184	1e-07
325	0.32705194957831063	90.85494043447792	1e-07
326	0.3330664371976338	89.69866853538893	1e-07
327	0.3098401279823715	91.34548002803083	1e-07
328	0.32960532744530624	89.59355290819902	1e-07
329	0.30191137329965684	91.24036440084093	1e-07
330	0.32655960456132055	89.94393833216539	1e-07
331	0.3195784822440515	90.96005606166783	1e-07
332	0.33885689257280593	89.94393833216539	1e-07
333	0.33883328951984	89.69866853538893	1e-07
334	0.31883564125681224	91.59074982480729	1e-07
335	0.3172590793348645	90.88997897687456	1e-07
336	0.3204670282995776	90.01401541695866	1e-07
337	0.3211248006825691	90.32936229852838	1e-07
338	0.32290122925859277	90.11913104414856	1e-07
339	0.3093227463831163	91.48563419761737	1e-07
340	0.3280763629857861	90.18920812894184	1e-07
341	0.35384589969360003	89.41836019621584	1e-07
342	0.3491512380054804	89.73370707778557	1e-07
343	0.312882813378991	90.85494043447792	1e-07
344	0.3222561420346777	90.29432375613175	1e-07
345	0.343980229743603	89.59355290819902	1e-07
346	0.3433826594980931	89.52347582340575	1e-07
347	0.321897861209046	90.50455501051157	1e-07
348	0.3083887887882368	90.67974772249474	1e-07
349	0.32966605640201196	90.81990189208129	1e-07
350	0.3276279273050685	90.39943938332165	1e-07
351	0.3385481293291668	90.6447091800981	1e-07
352	0.3394561594152417	89.83882270497547	1e-07
353	0.3240022918479628	90.6447091800981	1e-07
354	0.3242927665424748	90.78486334968466	1e-07
355	0.3068707614990908	91.38051857042747	1e-07
356	0.31168365645592416	91.13524877365101	1e-07
357	0.31333430302502313	90.04905395935529	1e-07
358	0.319840422076367	90.60967063770147	1e-07
359	0.33652590110783154	90.01401541695866	1e-07
360	0.32380933018522656	91.17028731604765	1e-07
361	0.31704622314957026	90.96005606166783	1e-07
362	0.31337176644476294	91.20532585844428	1e-07
363	0.3174318403694792	90.32936229852838	1e-07
364	0.31905184260138114	90.71478626489139	1e-07
