epoch	loss	acc	lr
1	2.3455708918128115	14.30740037950664	1e-05
2	2.242237247144927	19.127134724857687	1e-05
3	2.1332374532942073	25.161290322580644	1e-05
4	2.0459606905363543	28.12144212523719	1e-05
5	1.9509357689001527	30.967741935483872	1e-05
6	1.8928685645224699	33.472485768500945	1e-05
7	1.8334552065471093	35.977229601518026	1e-05
8	1.7728592951338478	38.63377609108159	1e-05
9	1.7101753352941553	40.72106261859582	1e-05
10	1.6476418625923894	44.25047438330171	1e-05
11	1.600161006826151	44.516129032258064	1e-05
12	1.5283692457644265	47.817836812144215	1e-05
13	1.5081449620411564	48.46299810246679	1e-05
14	1.4561699189995	49.22201138519924	1e-05
15	1.4150462019375651	50.702087286527515	1e-05
16	1.4039445873455938	52.82732447817837	1e-05
17	1.3520315853875322	54.11764705882353	1e-05
18	1.3085497868807539	56.584440227703986	1e-05
19	1.2820333464095897	56.54648956356736	1e-05
20	1.246750124944003	59.16508538899431	1e-05
21	1.2377076870576253	58.02656546489563	1e-05
22	1.1957823890888715	60.83491461100569	1e-05
23	1.1444233744148964	61.51802656546489	1e-05
24	1.135464708538164	62.39089184060721	1e-05
25	1.126720867075549	62.35294117647059	1e-05
26	1.0798123527523236	64.55407969639468	1e-05
27	1.060412583586387	65.35104364326375	1e-05
28	1.0483522734108188	64.09867172675521	1e-05
29	1.0334281466717512	64.89563567362428	1e-05
30	0.9791986078193563	67.77988614800759	1e-05
31	1.0031311044883005	66.6034155597723	1e-05
32	0.9286991393995918	69.98102466793169	1e-05
33	0.9148956197941326	69.94307400379506	1e-05
34	0.9123555130026598	69.52561669829223	1e-05
35	0.8825197293364798	71.61290322580645	1e-05
36	0.8555190217110419	72.3719165085389	1e-05
37	0.8464905603787026	73.05502846299811	1e-05
38	0.8525586749163705	72.94117647058823	1e-05
39	0.8309917430723867	72.90322580645162	1e-05
40	0.8127071691192758	73.54838709677419	1e-05
41	0.7876894566773011	74.53510436432637	1e-05
42	0.7634047710918158	75.67362428842505	1e-05
43	0.8069001476950166	74.0796963946869	1e-05
44	0.7828890775141273	73.66223908918406	1e-05
45	0.732370359169238	75.5977229601518	1e-05
46	0.7118458839476222	77.30550284629982	1e-05
47	0.7208184939181782	76.69829222011386	1e-05
48	0.7124455387949717	76.88804554079697	1e-05
49	0.7037271905895428	76.35673624288425	1e-05
50	0.6531106200797282	78.82352941176471	1e-05
51	0.6763752684195082	77.9506641366224	1e-05
52	0.6530276697546074	79.58254269449715	1e-05
53	0.6617476910748563	78.10246679316889	1e-05
54	0.6033731220569285	80.53130929791271	1.0000000000000002e-06
55	0.6036278322706639	80.83491461100569	1.0000000000000002e-06
56	0.5715713341503035	81.29032258064517	1.0000000000000002e-06
57	0.574474973628824	82.16318785578747	1.0000000000000002e-06
58	0.5670417540439845	82.77039848197343	1.0000000000000002e-06
59	0.5751624028189585	81.29032258064517	1.0000000000000002e-06
60	0.5904405228440178	81.59392789373814	1.0000000000000002e-06
61	0.551161589839653	82.27703984819735	1.0000000000000002e-06
62	0.5667312363519614	81.97343453510436	1.0000000000000002e-06
63	0.5877886977774821	82.01138519924099	1.0000000000000002e-06
64	0.5694335969394706	81.74573055028463	1.0000000000000002e-06
65	0.5498013934102863	81.97343453510436	1.0000000000000002e-06
66	0.5658052528605741	81.48007590132828	1.0000000000000002e-06
67	0.5406748902978662	83.2258064516129	1.0000000000000002e-06
68	0.5624773794152479	81.74573055028463	1.0000000000000002e-06
69	0.561423647844814	82.16318785578747	1.0000000000000002e-06
70	0.5565870930166805	82.96015180265654	1.0000000000000002e-06
71	0.5410985402635651	82.80834914611006	1.0000000000000002e-06
72	0.5424285459789877	82.27703984819735	1.0000000000000002e-06
73	0.5475745405825084	83.37760910815939	1.0000000000000002e-06
74	0.553947786904829	82.08728652751424	1.0000000000000002e-06
75	0.5678058013291694	82.27703984819735	1.0000000000000002e-06
76	0.5220853898398564	83.719165085389	1.0000000000000002e-06
77	0.5298988823080877	83.41555977229602	1.0000000000000002e-06
78	0.5165620891826203	83.94686907020873	1.0000000000000002e-06
79	0.5280308968315088	83.45351043643264	1.0000000000000002e-06
80	0.5184790930892756	84.32637571157495	1.0000000000000002e-06
81	0.5361268166912122	83.68121442125238	1.0000000000000002e-06
82	0.537117354331478	82.73244781783681	1.0000000000000002e-06
83	0.5437496489998964	83.14990512333966	1.0000000000000002e-06
84	0.5369261856097198	83.14990512333966	1.0000000000000002e-06
85	0.5418364672552249	83.68121442125238	1.0000000000000002e-06
86	0.5146458539722992	83.2258064516129	1.0000000000000002e-06
87	0.523385605956843	83.18785578747628	1.0000000000000002e-06
88	0.548231954705783	82.50474383301707	1.0000000000000002e-06
89	0.5310690362267974	83.41555977229602	1.0000000000000002e-06
90	0.5192006499536576	83.98481973434535	1.0000000000000002e-06
91	0.5304516101471614	82.92220113851992	1.0000000000000002e-06
92	0.5092061739945095	84.25047438330171	1.0000000000000002e-06
93	0.5132612116083475	84.36432637571157	1.0000000000000002e-06
94	0.5176842003438685	83.5673624288425	1.0000000000000002e-06
95	0.5164017738382097	83.14990512333966	1.0000000000000002e-06
96	0.5220454797233531	84.09867172675521	1.0000000000000002e-06
97	0.5198818414668205	83.5673624288425	1.0000000000000002e-06
98	0.5110373422362094	84.62998102466793	1.0000000000000002e-06
99	0.5294170726861176	83.41555977229602	1.0000000000000002e-06
100	0.520231602314075	83.60531309297913	1.0000000000000002e-06
101	0.5155903551678052	84.36432637571157	1.0000000000000002e-06
102	0.5347977607480942	83.2258064516129	1.0000000000000002e-06
103	0.49676933912896115	84.55407969639468	1.0000000000000002e-06
104	0.5252209913685381	84.02277039848197	1.0000000000000002e-06
105	0.5118450507719557	84.62998102466793	1.0000000000000002e-07
106	0.5130098619316289	83.83301707779886	1.0000000000000002e-07
107	0.4878432981429561	84.55407969639468	1.0000000000000002e-07
108	0.4937050675079085	84.17457305502846	1.0000000000000002e-07
109	0.5082671640606939	84.55407969639468	1.0000000000000002e-07
110	0.5177013628623065	83.52941176470588	1.0000000000000002e-07
111	0.5275848643603316	83.49146110056925	1.0000000000000002e-07
112	0.505010830496475	84.47817836812145	1.0000000000000002e-07
113	0.4921408133330336	84.59203036053131	1.0000000000000002e-07
114	0.4956250320236416	84.25047438330171	1.0000000000000002e-07
115	0.5105240371014633	83.68121442125238	1.0000000000000002e-07
116	0.5125448979734244	83.75711574952561	1.0000000000000002e-07
117	0.4941495803999494	84.21252371916509	1.0000000000000002e-07
118	0.5020280006488315	84.32637571157495	1.0000000000000002e-07
119	0.5004215078177443	84.66793168880456	1.0000000000000002e-07
120	0.4993874150163987	84.47817836812145	1.0000000000000002e-07
121	0.4955604060551247	84.44022770398482	1.0000000000000002e-07
122	0.5053197630385973	84.44022770398482	1.0000000000000002e-07
123	0.5073856432026206	84.28842504743832	1.0000000000000002e-07
124	0.4956101171771308	84.09867172675521	1.0000000000000002e-07
125	0.5009753032246396	83.41555977229602	1.0000000000000002e-07
126	0.5220937730578363	83.719165085389	1.0000000000000002e-07
127	0.4884132869555783	84.66793168880456	1.0000000000000002e-07
128	0.49649247447951245	84.55407969639468	1.0000000000000002e-07
129	0.4942923575017665	85.16129032258064	1.0000000000000002e-07
130	0.5143576172203448	83.60531309297913	1.0000000000000002e-07
131	0.49915086001553616	84.66793168880456	1.0000000000000004e-08
132	0.4980823342216535	84.78178368121442	1.0000000000000004e-08
133	0.5061376482757264	84.47817836812145	1.0000000000000004e-08
134	0.4972660963404111	85.0853889943074	1.0000000000000004e-08
135	0.5024598273086367	83.75711574952561	1.0000000000000004e-08
136	0.5028126064468833	84.25047438330171	1.0000000000000004e-08
137	0.4936887878620647	84.44022770398482	1.0000000000000004e-08
138	0.4826796674637912	84.59203036053131	1.0000000000000004e-08
139	0.493666064467783	84.97153700189753	1.0000000000000004e-08
140	0.49394194812883235	84.81973434535104	1.0000000000000004e-08
141	0.49362719862013205	85.0853889943074	1.0000000000000004e-08
142	0.49792014579845334	84.0607210626186	1.0000000000000004e-08
143	0.4849950556397664	84.70588235294117	1.0000000000000004e-08
144	0.5156830090046833	83.9089184060721	1.0000000000000004e-08
145	0.5102577496751209	84.44022770398482	1.0000000000000004e-08
146	0.5077908035699964	84.09867172675521	1.0000000000000004e-08
147	0.5020808802610104	84.13662239089184	1.0000000000000004e-08
148	0.49636101439962804	84.62998102466793	1.0000000000000004e-08
149	0.4871634377247921	85.12333965844402	1.0000000000000004e-08
150	0.5122996702139925	84.47817836812145	1.0000000000000004e-08
151	0.49943146053030096	84.62998102466793	1.0000000000000004e-08
152	0.5251785843603073	83.11195445920303	1.0000000000000004e-08
153	0.4936804708086336	84.17457305502846	1.0000000000000004e-08
154	0.4974118621571014	83.79506641366224	1.0000000000000004e-08
155	0.4945243112389458	84.85768500948767	1.0000000000000004e-08
156	0.48818703909074107	84.85768500948767	1.0000000000000004e-08
157	0.48700797325972134	84.85768500948767	1.0000000000000004e-08
158	0.5076496055388586	84.13662239089184	1.0000000000000004e-08
159	0.5009591656911984	84.44022770398482	1.0000000000000004e-08
160	0.4956632669329417	84.93358633776091	1.0000000000000004e-08
161	0.4956797749878559	84.51612903225806	1.0000000000000004e-08
162	0.5013403107590648	84.4022770398482	1.0000000000000004e-08
163	0.5001751866467311	84.55407969639468	1.0000000000000004e-08
164	0.5017137437549896	84.55407969639468	1.0000000000000004e-08
165	0.5096310349976542	83.79506641366224	1.0000000000000004e-08
166	0.4975547196742932	84.66793168880456	1.0000000000000004e-08
167	0.4648804042551956	86.07210626185959	1.0000000000000004e-08
168	0.49848643640865636	85.04743833017078	1.0000000000000004e-08
169	0.49651552072286154	84.13662239089184	1.0000000000000004e-08
170	0.5056320021116304	83.719165085389	1.0000000000000004e-08
171	0.503963368045311	84.13662239089184	1.0000000000000004e-08
172	0.5097649704799254	83.9089184060721	1.0000000000000004e-08
173	0.5025022339775621	84.66793168880456	1.0000000000000004e-08
174	0.4908794578044645	84.44022770398482	1.0000000000000004e-08
175	0.5046182413933625	84.02277039848197	1.0000000000000004e-08
176	0.5156390944061062	83.60531309297913	1.0000000000000004e-08
177	0.5118808670559689	83.79506641366224	1.0000000000000004e-08
178	0.5127479768229164	84.09867172675521	1.0000000000000004e-08
179	0.4727711958609225	85.80645161290323	1.0000000000000004e-08
180	0.49357196569895156	84.32637571157495	1.0000000000000004e-08
181	0.5038254904566046	84.25047438330171	1.0000000000000004e-08
182	0.49438479899002885	84.62998102466793	1.0000000000000004e-08
183	0.4869059207204171	83.52941176470588	1.0000000000000004e-08
184	0.49633911461260105	84.47817836812145	1.0000000000000004e-08
185	0.49738626767381094	84.59203036053131	1.0000000000000004e-08
186	0.4956718433853345	84.25047438330171	1.0000000000000004e-08
187	0.509729989226448	84.4022770398482	1.0000000000000004e-08
188	0.5099372022857702	83.41555977229602	1.0000000000000004e-08
189	0.4893949700261429	84.47817836812145	1.0000000000000004e-08
190	0.4977320373284523	84.4022770398482	1.0000000000000004e-08
191	0.5157364199690846	83.719165085389	1.0000000000000004e-08
192	0.4913954469578542	84.44022770398482	1.0000000000000004e-08
193	0.49732962527808927	84.66793168880456	1.0000000000000004e-08
194	0.5112040153151445	84.17457305502846	1.0000000000000004e-08
195	0.5213888242303534	83.94686907020873	1.0000000000000004e-08
196	0.5216229692582162	83.45351043643264	1.0000000000000004e-08
197	0.5053655475208384	83.79506641366224	1.0000000000000004e-08
198	0.5096380267242779	83.9089184060721	1.0000000000000004e-08
199	0.4954043212267208	85.23719165085389	1.0000000000000004e-08
200	0.5098925937511437	83.64326375711575	1.0000000000000004e-08
201	0.5077074093203391	83.45351043643264	1.0000000000000004e-08
202	0.4980571200431411	84.97153700189753	1.0000000000000004e-08
203	0.5054573861199946	84.13662239089184	1.0000000000000004e-08
204	0.5233442476849854	83.60531309297913	1.0000000000000004e-08
205	0.501501246240605	84.36432637571157	1.0000000000000004e-08
206	0.5159996813569621	83.79506641366224	1.0000000000000004e-08
207	0.509399285805067	83.30170777988614	1.0000000000000004e-08
208	0.4885359477159873	84.93358633776091	1.0000000000000004e-08
209	0.4872914331009085	85.0853889943074	1.0000000000000004e-08
210	0.4885385957117099	84.89563567362428	1.0000000000000004e-08
211	0.48526885607889525	84.85768500948767	1.0000000000000004e-08
212	0.47825781138617357	84.81973434535104	1.0000000000000004e-08
213	0.49959238928228444	84.4022770398482	1.0000000000000004e-08
214	0.4896180646695493	84.7438330170778	1.0000000000000004e-08
215	0.49596503682335596	84.17457305502846	1.0000000000000004e-08
216	0.48750637095612415	85.19924098671727	1.0000000000000004e-08
217	0.5015317145628992	83.9089184060721	1.0000000000000004e-08
218	0.49547567590364244	84.7438330170778	1.0000000000000004e-08
219	0.47783844667774905	85.35104364326375	1.0000000000000004e-08
220	0.5103945762654183	84.51612903225806	1.0000000000000004e-08
221	0.4967147469294365	84.13662239089184	1.0000000000000004e-08
222	0.5160957219704732	83.60531309297913	1.0000000000000004e-08
223	0.49857064125886225	84.59203036053131	1.0000000000000004e-08
224	0.48697568693921056	85.9203036053131	1.0000000000000004e-08
225	0.5114003475295977	84.13662239089184	1.0000000000000004e-08
226	0.5107287213178016	83.68121442125238	1.0000000000000004e-08
227	0.49325109489502444	84.17457305502846	1.0000000000000004e-08
228	0.49216984639357797	84.81973434535104	1.0000000000000004e-08
229	0.48414341853737153	84.93358633776091	1.0000000000000004e-08
230	0.5015671715790678	84.55407969639468	1.0000000000000004e-08
231	0.49619087978377513	84.21252371916509	1.0000000000000004e-08
232	0.5212816688774659	84.21252371916509	1.0000000000000004e-08
233	0.5057619281918998	83.41555977229602	1.0000000000000004e-08
234	0.513130495398954	84.28842504743832	1.0000000000000004e-08
235	0.47800885375582064	84.97153700189753	1.0000000000000004e-08
236	0.5123896523037716	83.18785578747628	1.0000000000000004e-08
237	0.508087409741512	84.36432637571157	1.0000000000000004e-08
238	0.5018699268688513	83.83301707779886	1.0000000000000004e-08
239	0.5157265541562546	83.83301707779886	1.0000000000000004e-08
240	0.4921484435758283	84.32637571157495	1.0000000000000004e-08
241	0.5229223566218164	83.07400379506642	1.0000000000000004e-08
242	0.5020846516402894	84.47817836812145	1.0000000000000004e-08
243	0.4843396544456482	85.0853889943074	1.0000000000000004e-08
244	0.5072684831479016	84.36432637571157	1.0000000000000004e-08
245	0.5178991380859824	84.47817836812145	1.0000000000000004e-08
246	0.49010571028747413	84.51612903225806	1.0000000000000004e-08
247	0.4940655621677015	84.0607210626186	1.0000000000000004e-08
248	0.5245985418162264	84.32637571157495	1.0000000000000004e-08
249	0.49825831851877794	84.55407969639468	1.0000000000000004e-08
250	0.49921372826909205	84.21252371916509	1.0000000000000004e-08
251	0.4978225405912924	84.59203036053131	1.0000000000000004e-08
252	0.5240620309080526	83.33965844402277	1.0000000000000004e-08
253	0.4891971368943491	84.97153700189753	1.0000000000000004e-08
254	0.49705219528932953	84.44022770398482	1.0000000000000004e-08
255	0.48675945542568955	84.51612903225806	1.0000000000000004e-08
256	0.49473955803170827	84.36432637571157	1.0000000000000004e-08
257	0.47447322187432756	85.426944971537	1.0000000000000004e-08
258	0.492625340451778	84.47817836812145	1.0000000000000004e-08
259	0.521969284346253	84.44022770398482	1.0000000000000004e-08
260	0.5183315868621985	83.41555977229602	1.0000000000000004e-08
261	0.5147970776291002	84.0607210626186	1.0000000000000004e-08
262	0.4735413561283524	85.27514231499052	1.0000000000000004e-08
263	0.5166949987750804	83.87096774193549	1.0000000000000004e-08
264	0.5133575156924847	83.2258064516129	1.0000000000000004e-08
265	0.4920606050477761	85.12333965844402	1.0000000000000004e-08
266	0.49048396447351805	84.44022770398482	1.0000000000000004e-08
267	0.5031119846302373	84.32637571157495	1.0000000000000004e-08
268	0.4969559039856949	84.55407969639468	1.0000000000000004e-08
269	0.4730594368541942	86.07210626185959	1.0000000000000004e-08
270	0.48421733677952744	84.09867172675521	1.0000000000000004e-08
271	0.5043435921818301	84.4022770398482	1.0000000000000004e-08
272	0.49151937276181507	84.44022770398482	1.0000000000000004e-08
273	0.4890559354136067	85.04743833017078	1.0000000000000004e-08
274	0.5157844864213715	83.83301707779886	1.0000000000000004e-08
275	0.519240716603042	84.21252371916509	1.0000000000000004e-08
276	0.4962270003116108	84.47817836812145	1.0000000000000004e-08
277	0.4917058041867088	84.44022770398482	1.0000000000000004e-08
278	0.49653959217741095	84.44022770398482	1.0000000000000004e-08
279	0.48683642543696815	84.78178368121442	1.0000000000000004e-08
280	0.4760223438775969	85.99620493358634	1.0000000000000004e-08
281	0.49721778185589266	85.0853889943074	1.0000000000000004e-08
282	0.48740671832376004	85.16129032258064	1.0000000000000004e-08
283	0.5097035074030426	84.25047438330171	1.0000000000000004e-08
284	0.4947955185367215	84.47817836812145	1.0000000000000004e-08
285	0.5033349134664156	83.18785578747628	1.0000000000000004e-08
286	0.4802184533009719	85.38899430740038	1.0000000000000004e-08
287	0.5036855661778568	83.87096774193549	1.0000000000000004e-08
288	0.5186794177404617	83.37760910815939	1.0000000000000004e-08
289	0.4777055558601864	85.27514231499052	1.0000000000000004e-08
290	0.500952188498155	84.28842504743832	1.0000000000000004e-08
291	0.5010833516292825	84.32637571157495	1.0000000000000004e-08
292	0.4797616936337111	84.55407969639468	1.0000000000000004e-08
293	0.5076658011500704	84.47817836812145	1.0000000000000004e-08
294	0.48567483117503507	85.38899430740038	1.0000000000000004e-08
295	0.5221578537626104	83.37760910815939	1.0000000000000004e-08
296	0.5173170004442927	83.64326375711575	1.0000000000000004e-08
297	0.5162681832033045	83.94686907020873	1.0000000000000004e-08
298	0.4948647358725148	84.81973434535104	1.0000000000000004e-08
299	0.4796456826932064	85.73055028462998	1.0000000000000004e-08
300	0.5057985244824267	83.83301707779886	1.0000000000000004e-08
301	0.5124913958489782	84.02277039848197	1.0000000000000004e-08
302	0.5022543540376413	84.62998102466793	1.0000000000000004e-08
303	0.5062367022037506	84.47817836812145	1.0000000000000004e-08
304	0.49005649262858975	84.85768500948767	1.0000000000000004e-08
305	0.49058898570867826	84.44022770398482	1.0000000000000004e-08
306	0.48357271984134725	84.70588235294117	1.0000000000000004e-08
307	0.49180474690739523	84.62998102466793	1.0000000000000004e-08
308	0.4944866832338655	85.27514231499052	1.0000000000000004e-08
309	0.5176124275296191	83.41555977229602	1.0000000000000004e-08
310	0.5077540953652456	84.13662239089184	1.0000000000000004e-08
311	0.4942813483994645	84.47817836812145	1.0000000000000004e-08
312	0.5221496277561224	83.49146110056925	1.0000000000000004e-08
313	0.4832861170709925	85.0853889943074	1.0000000000000004e-08
314	0.4890176538498171	84.59203036053131	1.0000000000000004e-08
315	0.5205018639112107	83.83301707779886	1.0000000000000004e-08
316	0.49326167217468175	85.0853889943074	1.0000000000000004e-08
317	0.48918403925434234	85.23719165085389	1.0000000000000004e-08
318	0.4758286666146266	85.50284629981024	1.0000000000000004e-08
319	0.5144316608358379	83.98481973434535	1.0000000000000004e-08
320	0.49259090695028285	84.97153700189753	1.0000000000000004e-08
321	0.503512672387219	84.7438330170778	1.0000000000000004e-08
322	0.4975970801411363	83.9089184060721	1.0000000000000004e-08
323	0.513642350625268	83.87096774193549	1.0000000000000004e-08
324	0.5132052261643889	84.70588235294117	1.0000000000000004e-08
325	0.49520398175919983	84.55407969639468	1.0000000000000004e-08
326	0.5122594454483018	84.0607210626186	1.0000000000000004e-08
327	0.494797221962822	84.81973434535104	1.0000000000000004e-08
328	0.510290893137568	83.75711574952561	1.0000000000000004e-08
329	0.5053389798531722	83.94686907020873	1.0000000000000004e-08
330	0.5025369172078156	84.62998102466793	1.0000000000000004e-08
331	0.5099740117731764	83.26375711574953	1.0000000000000004e-08
332	0.5147496089763388	83.83301707779886	1.0000000000000004e-08
333	0.5019828804982455	83.83301707779886	1.0000000000000004e-08
334	0.4934332695360202	84.02277039848197	1.0000000000000004e-08
335	0.4967311351530014	84.32637571157495	1.0000000000000004e-08
336	0.4906886145331149	84.36432637571157	1.0000000000000004e-08
337	0.4819471998956669	85.19924098671727	1.0000000000000004e-08
338	0.5031458195970452	85.0853889943074	1.0000000000000004e-08
339	0.5127992002289933	83.87096774193549	1.0000000000000004e-08
340	0.4720024178105016	85.50284629981024	1.0000000000000004e-08
341	0.5028871014516313	84.97153700189753	1.0000000000000004e-08
342	0.4951415992778438	84.55407969639468	1.0000000000000004e-08
343	0.4905456923216977	84.7438330170778	1.0000000000000004e-08
344	0.4972396521799026	84.78178368121442	1.0000000000000004e-08
345	0.49744086224847317	85.0853889943074	1.0000000000000004e-08
346	0.5083302053599927	84.85768500948767	1.0000000000000004e-08
347	0.5098120833144468	83.79506641366224	1.0000000000000004e-08
348	0.4843099006439296	85.12333965844402	1.0000000000000004e-08
349	0.49580488553309576	84.21252371916509	1.0000000000000004e-08
350	0.4869992875509968	85.00948766603416	1.0000000000000004e-08
351	0.5015504252186762	84.55407969639468	1.0000000000000004e-08
352	0.49782034053521995	85.00948766603416	1.0000000000000004e-08
353	0.49034869122324226	84.66793168880456	1.0000000000000004e-08
354	0.4678885301104985	85.426944971537	1.0000000000000004e-08
355	0.49160748211211003	84.66793168880456	1.0000000000000004e-08
356	0.48613623791220517	85.04743833017078	1.0000000000000004e-08
357	0.4808907422327226	85.27514231499052	1.0000000000000004e-08
358	0.514157270005351	84.47817836812145	1.0000000000000004e-08
359	0.5055904044598284	84.02277039848197	1.0000000000000004e-08
360	0.49712207828572397	84.55407969639468	1.0000000000000004e-08
361	0.4993707377046516	84.36432637571157	1.0000000000000004e-08
362	0.5049102313152074	84.02277039848197	1.0000000000000004e-08
363	0.49267651573304205	84.02277039848197	1.0000000000000004e-08
364	0.49917645150162915	83.75711574952561	1.0000000000000004e-08
365	0.4770861631100273	85.38899430740038	1.0000000000000004e-08
366	0.49958085233391575	84.44022770398482	1.0000000000000004e-08
367	0.5165316184286375	84.17457305502846	1.0000000000000004e-08
368	0.514416574753213	83.41555977229602	1.0000000000000004e-08
369	0.5144095190109745	83.94686907020873	1.0000000000000004e-08
370	0.4878356376454319	85.0853889943074	1.0000000000000004e-08
371	0.48954048826300894	84.66793168880456	1.0000000000000004e-08
372	0.496091901124994	84.44022770398482	1.0000000000000004e-08
373	0.49900006722001466	84.81973434535104	1.0000000000000004e-08
374	0.48321648578263776	85.12333965844402	1.0000000000000004e-08
375	0.5080266669533963	84.55407969639468	1.0000000000000004e-08
376	0.5081035649188329	84.36432637571157	1.0000000000000004e-08
377	0.5041480936406912	84.70588235294117	1.0000000000000004e-08
378	0.47883605787378564	84.7438330170778	1.0000000000000004e-08
379	0.5047742569469184	84.55407969639468	1.0000000000000004e-08
380	0.506026067815198	84.44022770398482	1.0000000000000004e-08
381	0.5165485142530482	83.5673624288425	1.0000000000000004e-08
382	0.5171289978941206	83.68121442125238	1.0000000000000004e-08
383	0.479505955155027	85.19924098671727	1.0000000000000004e-08
384	0.48303786016279654	84.97153700189753	1.0000000000000004e-08
385	0.5119448389002675	84.21252371916509	1.0000000000000004e-08
386	0.48704570328261865	84.51612903225806	1.0000000000000004e-08
387	0.48464074114468336	84.89563567362428	1.0000000000000004e-08
388	0.5210112197575578	83.14990512333966	1.0000000000000004e-08
389	0.5118322818057587	84.32637571157495	1.0000000000000004e-08
390	0.5015279893857025	84.62998102466793	1.0000000000000004e-08
391	0.5092743297568761	84.62998102466793	1.0000000000000004e-08
392	0.4990388503337042	84.17457305502846	1.0000000000000004e-08
393	0.5108835561451921	83.45351043643264	1.0000000000000004e-08
394	0.5049018387097788	83.94686907020873	1.0000000000000004e-08
395	0.5303567756511681	82.99810246679317	1.0000000000000004e-08
396	0.4983026461651022	84.17457305502846	1.0000000000000004e-08
397	0.5180411024383168	83.79506641366224	1.0000000000000004e-08
398	0.5220031025739956	83.33965844402277	1.0000000000000004e-08
399	0.4627754321247622	86.14800759013282	1.0000000000000004e-08
400	0.49066104416150524	83.75711574952561	1.0000000000000004e-08
401	0.4965306178329113	84.59203036053131	1.0000000000000004e-08
402	0.5243078831024821	83.26375711574953	1.0000000000000004e-08
403	0.5282326505803971	83.75711574952561	1.0000000000000004e-08
404	0.4856453306082304	84.78178368121442	1.0000000000000004e-08
405	0.4995595508553724	84.17457305502846	1.0000000000000004e-08
406	0.5134723532584405	84.4022770398482	1.0000000000000004e-08
407	0.49533157641566455	84.7438330170778	1.0000000000000004e-08
408	0.48893158734410264	84.51612903225806	1.0000000000000004e-08
409	0.4890911351231968	84.70588235294117	1.0000000000000004e-08
410	0.47715830429681566	85.61669829222011	1.0000000000000004e-08
411	0.508257228350956	84.97153700189753	1.0000000000000004e-08
412	0.5000830454437285	83.98481973434535	1.0000000000000004e-08
413	0.5002556060930357	84.32637571157495	1.0000000000000004e-08
414	0.5097928668674527	83.719165085389	1.0000000000000004e-08
415	0.49100750271916616	84.17457305502846	1.0000000000000004e-08
416	0.5124261529101819	84.02277039848197	1.0000000000000004e-08
417	0.4824556780721024	85.12333965844402	1.0000000000000004e-08
418	0.4875439048039619	84.97153700189753	1.0000000000000004e-08
419	0.48754562938009766	85.00948766603416	1.0000000000000004e-08
420	0.49134629297527915	85.00948766603416	1.0000000000000004e-08
421	0.509874260007091	84.0607210626186	1.0000000000000004e-08
422	0.4977220949457085	84.21252371916509	1.0000000000000004e-08
423	0.5266368520327718	82.96015180265654	1.0000000000000004e-08
424	0.49536928777676603	84.44022770398482	1.0000000000000004e-08
425	0.5024659419874087	84.0607210626186	1.0000000000000004e-08
426	0.501740957912503	84.17457305502846	1.0000000000000004e-08
427	0.4768964668605088	85.16129032258064	1.0000000000000004e-08
428	0.4994208138626938	84.62998102466793	1.0000000000000004e-08
429	0.4883431972091067	84.62998102466793	1.0000000000000004e-08
430	0.49698031276634114	84.32637571157495	1.0000000000000004e-08
431	0.4961578513458513	84.51612903225806	1.0000000000000004e-08
432	0.5031742047539698	83.45351043643264	1.0000000000000004e-08
433	0.4820793902172762	84.81973434535104	1.0000000000000004e-08
434	0.4971333693507953	84.21252371916509	1.0000000000000004e-08
435	0.48946187510888534	84.66793168880456	1.0000000000000004e-08
436	0.4977710477767452	84.32637571157495	1.0000000000000004e-08
437	0.49879233095179926	84.28842504743832	1.0000000000000004e-08
438	0.49157185691357563	84.81973434535104	1.0000000000000004e-08
439	0.5022064907727251	84.85768500948767	1.0000000000000004e-08
440	0.5127195656525795	84.13662239089184	1.0000000000000004e-08
441	0.5037959667039325	84.32637571157495	1.0000000000000004e-08
442	0.46400585029790253	85.16129032258064	1.0000000000000004e-08
443	0.48278924805842044	84.44022770398482	1.0000000000000004e-08
444	0.5011583661671155	84.7438330170778	1.0000000000000004e-08
445	0.48645238258806983	85.426944971537	1.0000000000000004e-08
446	0.4987840702230609	84.51612903225806	1.0000000000000004e-08
447	0.48370411782834744	84.55407969639468	1.0000000000000004e-08
448	0.5042757082030714	83.94686907020873	1.0000000000000004e-08
449	0.5089214146137238	83.87096774193549	1.0000000000000004e-08
450	0.4838734061600361	85.12333965844402	1.0000000000000004e-08
451	0.4932979455030394	85.38899430740038	1.0000000000000004e-08
452	0.5062320150392557	84.28842504743832	1.0000000000000004e-08
453	0.4870282494705135	85.23719165085389	1.0000000000000004e-08
454	0.5076445718870217	84.0607210626186	1.0000000000000004e-08
455	0.5107804833711664	83.9089184060721	1.0000000000000004e-08
456	0.4917053157848923	84.36432637571157	1.0000000000000004e-08
457	0.5138080074845953	83.64326375711575	1.0000000000000004e-08
458	0.5021034146621964	84.21252371916509	1.0000000000000004e-08
459	0.5144661230651885	83.64326375711575	1.0000000000000004e-08
460	0.48738798142836715	84.59203036053131	1.0000000000000004e-08
461	0.47455331954603175	85.46489563567363	1.0000000000000004e-08
462	0.48591394465155124	85.23719165085389	1.0000000000000004e-08
463	0.4907918839346073	84.85768500948767	1.0000000000000004e-08
464	0.5038610745426373	84.51612903225806	1.0000000000000004e-08
465	0.49998154127846633	84.70588235294117	1.0000000000000004e-08
466	0.5120127118516014	83.52941176470588	1.0000000000000004e-08
467	0.4834521741975643	85.35104364326375	1.0000000000000004e-08
468	0.5035074016740245	84.17457305502846	1.0000000000000004e-08
469	0.4761214632915591	84.93358633776091	1.0000000000000004e-08
470	0.49006392155019335	84.4022770398482	1.0000000000000004e-08
471	0.514815658557121	83.83301707779886	1.0000000000000004e-08
472	0.4837083604462459	84.55407969639468	1.0000000000000004e-08
473	0.4974086620549776	84.47817836812145	1.0000000000000004e-08
474	0.49768281056487357	84.97153700189753	1.0000000000000004e-08
475	0.4889605180475246	84.13662239089184	1.0000000000000004e-08
476	0.5222789206360051	83.30170777988614	1.0000000000000004e-08
477	0.5018694408704479	85.23719165085389	1.0000000000000004e-08
478	0.48168351324504877	84.62998102466793	1.0000000000000004e-08
479	0.4997866973139529	84.47817836812145	1.0000000000000004e-08
480	0.49075969640851247	84.32637571157495	1.0000000000000004e-08
481	0.49894591741815236	83.75711574952561	1.0000000000000004e-08
482	0.49199220317590847	85.16129032258064	1.0000000000000004e-08
483	0.49204889194336515	84.85768500948767	1.0000000000000004e-08
484	0.488742392701035	84.97153700189753	1.0000000000000004e-08
485	0.4900737956760052	85.0853889943074	1.0000000000000004e-08
486	0.49119793763649305	85.73055028462998	1.0000000000000004e-08
487	0.5084159511090229	83.2258064516129	1.0000000000000004e-08
488	0.5053397583328116	83.30170777988614	1.0000000000000004e-08
489	0.48278822228171114	85.00948766603416	1.0000000000000004e-08
490	0.5190226018315701	83.52941176470588	1.0000000000000004e-08
491	0.5000093958183303	83.9089184060721	1.0000000000000004e-08
492	0.5053480459232258	84.66793168880456	1.0000000000000004e-08
493	0.5083681059969444	83.94686907020873	1.0000000000000004e-08
494	0.49442907019855853	85.16129032258064	1.0000000000000004e-08
495	0.48353621923493706	84.55407969639468	1.0000000000000004e-08
496	0.5095934813570027	83.98481973434535	1.0000000000000004e-08
497	0.5027050306946322	83.79506641366224	1.0000000000000004e-08
498	0.5110229935772731	83.75711574952561	1.0000000000000004e-08
499	0.5086866851323469	84.44022770398482	1.0000000000000004e-08
500	0.5212255988899173	83.75711574952561	1.0000000000000004e-08
