epoch	epistemic	aleatoric	random_param_mean	random_param_log_alpha	total_param_mean	total_param_log_alpha
1	0.0004434028627646053	0.14286179863299092	0	0	0	0
2	0.0010138956005411488	0.1386704322838824	0	0	0	0
3	0.009463142210046266	0.17914167811208115	0	0	0	0
4	0.009466964516794268	0.18796906955486983	0	0	0	0
5	0.008537227092762986	0.20232141394597986	0	0	0	0
6	0.033766367363479904	0.21504932744073985	0	0	0	0
7	0.025341854860381957	0.21934346418299316	0	0	0	0
8	0.011558907589433565	0.22201968072021505	0	0	0	0
9	0.04077512747892703	0.20799612953141966	0	0	0	0
10	0.02419455353340147	0.2257720139951321	0	0	0	0
11	0.04954223385149931	0.1950576674233678	0	0	0	0
12	0.046744175434006	0.19076161254719767	0	0	0	0
13	0.023951324038991112	0.22552567506118	0	0	0	0
14	0.06415745193959027	0.17601161831916032	0	0	0	0
15	0.032097163806514784	0.21384048091453786	0	0	0	0
16	0.0337886709514395	0.2160850558001625	0	0	0	0
17	0.04707047126452252	0.19459773409369566	0	0	0	0
18	0.05478716166981773	0.16073720010888998	0	0	0	0
19	0.03579603945614207	0.21378008138835378	0	0	0	0
20	0.03463433291447643	0.20737475172950903	0	0	0	0
21	0.044442072987037784	0.17510713703170647	0	0	0	0
22	0.032025082417334705	0.16904999527430525	0	0	0	0
23	0.028457123513358995	0.20739719140508286	0	0	0	0
24	0.037303216872281886	0.17884900793750572	0	0	0	0
25	0.0327276387955604	0.17953759745369502	0	0	0	0
26	0.04786429347339477	0.17256503522757655	0	0	0	0
27	0.03160902587193004	0.1632610430102428	0	0	0	0
28	0.05608178613286385	0.1705019956375992	0	0	0	0
29	0.04851041409829243	0.1640161929263208	0	0	0	0
30	0.052757937508164376	0.15405614500811282	0	0	0	0
31	0.0398745338434886	0.17566015005770277	0	0	0	0
32	0.04841147956593195	0.17390719132639174	0	0	0	0
33	0.02672665420047604	0.16037812980518976	0	0	0	0
34	0.04344630148776585	0.1528328505018711	0	0	0	0
35	0.041404807451981496	0.18810709444156393	0	0	0	0
36	0.033000669781204695	0.17483583373411352	0	0	0	0
37	0.03242947989686007	0.15502902540518945	0	0	0	0
38	0.0613847871935681	0.12840173959192538	0	0	0	0
39	0.0351296512675946	0.142276557773677	0	0	0	0
40	0.042414968811514187	0.14633311116291106	0	0	0	0
41	0.04576817187435567	0.15192472129193937	0	0	0	0
42	0.03547250711612149	0.138807956170295	0	0	0	0
43	0.032936709299399625	0.1352130571734395	0	0	0	0
44	0.04297051526731133	0.11777668927953125	0	0	0	0
45	0.04069329177382486	0.15314702673427974	0	0	0	0
46	0.047938248699551544	0.15816866546758482	0	0	0	0
47	0.04247656401394506	0.1623815278108129	0	0	0	0
48	0.052798372707080654	0.14003900142591008	0	0	0	0
49	0.03726639351970229	0.13983175397405084	0	0	0	0
50	0.03660974929396266	0.1547960400262151	0	0	0	0
51	0.02769690471121844	0.13518893778964386	0	0	0	0
52	0.029601007667009793	0.15486968301914902	0	0	0	0
53	0.03045758755284722	0.13230979338986737	0	0	0	0
54	0.043150127077949074	0.13821076755081996	0	0	0	0
55	0.031917422086991665	0.1300602280780923	0	0	0	0
56	0.02820042853045146	0.13357506605477804	0	0	0	0
57	0.03994891889147523	0.13154879008377546	0	0	0	0
58	0.03101769790220288	0.1361935505891873	0	0	0	0
59	0.04117910588254192	0.13091769208805565	0	0	0	0
60	0.032717580199777	0.13460336747679408	0	0	0	0
61	0.03763864500080172	0.128583135372982	0	0	0	0
62	0.04195439305585913	0.13069417261551713	0	0	0	0
63	0.04109615548607659	0.13050963743002017	0	0	0	0
64	0.0402227621305018	0.12966414258736955	0	0	0	0
65	0.03949075393614587	0.1311184023233039	0	0	0	0
66	0.04053488064633437	0.13111804570859104	0	0	0	0
67	0.03927388040227475	0.12409311759520891	0	0	0	0
68	0.03253492721961415	0.13216036900488012	0	0	0	0
69	0.03161120931329542	0.1308064109483424	0	0	0	0
70	0.03247856640955782	0.12635132222867357	0	0	0	0
71	0.03169442994578775	0.12599543240930489	0	0	0	0
72	0.03773856679119769	0.12435036971971285	0	0	0	0
73	0.03677632294039557	0.13151266292507163	0	0	0	0
74	0.038711356380843	0.1350925373736414	0	0	0	0
75	0.030926926740332816	0.12604820251527465	0	0	0	0
76	0.03181071015930592	0.12456423278782695	0	0	0	0
77	0.03522237272335815	0.1192402675325023	0	0	0	0
78	0.03113336196987393	0.12924355249637837	0	0	0	0
79	0.03202020967862318	0.13574137400169634	0	0	0	0
80	0.04722568888872536	0.1316927470587971	0	0	0	0
81	0.042610511679730734	0.1254047792413718	0	0	0	0
82	0.02219021748672656	0.12119969444615286	0	0	0	0
83	0.030778479331940334	0.12071247778656065	0	0	0	0
84	0.035558000481772156	0.12948133335836226	0	0	0	0
85	0.029560945367202884	0.11760880341183078	0	0	0	0
86	0.04149692619257461	0.1287584610036519	0	0	0	0
87	0.029256025085085957	0.12305637408129684	0	0	0	0
88	0.040270521547231763	0.13050656906181665	0	0	0	0
89	0.0387026162572256	0.11814016261701754	0	0	0	0
90	0.03991298352966066	0.12880956932742804	0	0	0	0
91	0.027800045249922634	0.12109738949881695	0	0	0	0
92	0.03572503289004492	0.12737305268939117	0	0	0	0
93	0.03501924985879923	0.12232133118883115	0	0	0	0
94	0.038054557173865966	0.12732927472234018	0	0	0	0
95	0.035744745049828386	0.11637433307226393	0	0	0	0
96	0.03066113688596772	0.1260170069382233	0	0	0	0
97	0.03079937501730101	0.11123301020751372	0	0	0	0
98	0.040094432438601446	0.11986017618082978	0	0	0	0
99	0.02204051963912801	0.11978775954100004	0	0	0	0
100	0.03587348932601142	0.10941851451687205	0	0	0	0
101	0.045598886906171976	0.12199939076046902	0	0	0	0
102	0.04028186439550707	0.11967996282933072	0	0	0	0
103	0.03186326288659025	0.13006105446623356	0	0	0	0
104	0.03283870593718907	0.1291451971227589	0	0	0	0
105	0.029515495706245898	0.1205676542165767	0	0	0	0
106	0.03887803688659475	0.11679027406162001	0	0	0	0
107	0.039149543630903505	0.11154050231624653	0	0	0	0
108	0.038395926332480124	0.1164167278178728	0	0	0	0
109	0.039419374544512054	0.12274682663146522	0	0	0	0
110	0.03501080559837333	0.1190773968878804	0	0	0	0
111	0.03837059740607207	0.11613141484793879	0	0	0	0
112	0.03768313654389499	0.11461361233371767	0	0	0	0
113	0.03500863379656627	0.11763791113986706	0	0	0	0
114	0.036650738729370635	0.11889212723402358	0	0	0	0
115	0.043160122830880665	0.11500607514529362	0	0	0	0
116	0.036662899278473104	0.12512915055217766	0	0	0	0
117	0.040301564257825495	0.12422605599876131	0	0	0	0
118	0.03823651584225263	0.11581859358083077	0	0	0	0
119	0.040271528819982305	0.11767905175477908	0	0	0	0
120	0.03991322178585954	0.11942773126200615	0	0	0	0
121	0.03654403369556636	0.1139985625056271	0	0	0	0
122	0.0394626168902924	0.114427480240249	0	0	0	0
123	0.04101306020679363	0.12038659397936598	0	0	0	0
124	0.03832688883550972	0.11622609803342235	0	0	0	0
125	0.036255008948654854	0.1155999586869052	0	0	0	0
126	0.042083873816542106	0.11911136571167788	0	0	0	0
127	0.04323946754556973	0.11822899817354574	0	0	0	0
128	0.04034692191178968	0.11369897449156978	0	0	0	0
129	0.04145229619469126	0.12027673662403386	0	0	0	0
130	0.038983369250228384	0.12447102005619497	0	0	0	0
131	0.03869434193995691	0.11908274108049315	0	0	0	0
132	0.0408319078966809	0.12436870028399753	0	0	0	0
133	0.03665908830664866	0.11764658667022121	0	0	0	0
134	0.043884127945442386	0.11619764743443191	0	0	0	0
135	0.0387635952168528	0.1197764866972653	0	0	0	0
136	0.042723845188562204	0.11845279272677947	0	0	0	0
137	0.037995253109281535	0.11445058692182335	0	0	0	0
138	0.04117040317402987	0.11928655993109856	0	0	0	0
139	0.03858767938952301	0.11594641505061079	0	0	0	0
140	0.04087812216205211	0.11462537988525381	0	0	0	0
141	0.040618130914442996	0.11992294634253269	0	0	0	0
142	0.03551730804963471	0.11584526562445947	0	0	0	0
143	0.03726588538163078	0.12134191067992876	0	0	0	0
144	0.03841998606480368	0.11852482474672281	0	0	0	0
145	0.04111883048585718	0.11834426462560184	0	0	0	0
146	0.04361331528772017	0.11531837700146981	0	0	0	0
147	0.03989489687410852	0.1155098221933288	0	0	0	0
148	0.03546249040018845	0.11938445430399329	0	0	0	0
149	0.03952113329465867	0.1187834031239503	0	0	0	0
150	0.0355787365704745	0.11980100504455052	0	0	0	0
151	0.039755331602016164	0.11523784926056058	0	0	0	0
152	0.037696519437804055	0.11959475691512007	0	0	0	0
153	0.04285232479904799	0.1109680166846044	0	0	0	0
154	0.04173458559283916	0.11337389720611131	0	0	0	0
155	0.03468602191000769	0.11796849098466526	0	0	0	0
156	0.041396802888469475	0.11298192766916224	0	0	0	0
157	0.04014331174950059	0.11902273958046261	0	0	0	0
158	0.044695392482640206	0.11454531914773067	0	0	0	0
159	0.03817203637004485	0.11872795133050595	0	0	0	0
160	0.04354469786071968	0.11075808226570065	0	0	0	0
161	0.041181616718448	0.11843591859492789	0	0	0	0
162	0.03840535569668613	0.118065506171216	0	0	0	0
163	0.04056820574826814	0.12345376382557438	0	0	0	0
164	0.04665929552438752	0.11632012909864997	0	0	0	0
165	0.04099039532592064	0.11428798181844199	0	0	0	0
166	0.035354131686726964	0.11716299825661247	0	0	0	0
167	0.03812652484114809	0.11705328212776514	0	0	0	0
168	0.039317547870229896	0.1182774918028835	0	0	0	0
169	0.039244856419527796	0.11655373639570951	0	0	0	0
170	0.04033142545915014	0.11642483607629206	0	0	0	0
171	0.03942396875357257	0.12178232299715601	0	0	0	0
172	0.039619157355905266	0.1224251491472205	0	0	0	0
173	0.03322954334520101	0.11860564951337241	0	0	0	0
174	0.03558415186325126	0.11953388662187345	0	0	0	0
175	0.04128648824907022	0.12188883690829462	0	0	0	0
176	0.03827450654872333	0.11979918016475351	0	0	0	0
177	0.043293697596831104	0.11643520528530096	0	0	0	0
178	0.04006199825153822	0.11667442156080794	0	0	0	0
179	0.03867618974746545	0.12207265837889088	0	0	0	0
180	0.037168634139968515	0.12055164049907256	0	0	0	0
181	0.037047875477959846	0.11793740340389691	0	0	0	0
182	0.03833656607928959	0.116668904365125	0	0	0	0
183	0.03889053484036242	0.11736241027008236	0	0	0	0
184	0.045158457118036566	0.1159037919087762	0	0	0	0
185	0.0366582386571338	0.12509332362560807	0	0	0	0
186	0.03448210323402223	0.12008058509772783	0	0	0	0
187	0.04132647447871196	0.11628811426971208	0	0	0	0
188	0.04182085275781933	0.1222260882883229	0	0	0	0
189	0.03500355139903644	0.11484373086342589	0	0	0	0
190	0.04317123970764203	0.11731540350973169	0	0	0	0
191	0.036731640402575594	0.12090507580201182	0	0	0	0
192	0.03934296935721804	0.11349401799515135	0	0	0	0
193	0.0420412105020449	0.11828497011602179	0	0	0	0
194	0.036341805314770936	0.11660392070445776	0	0	0	0
195	0.03854071263886483	0.11768823422911043	0	0	0	0
196	0.04424590621494995	0.11987939554988744	0	0	0	0
197	0.04179683348669183	0.11981295055038461	0	0	0	0
198	0.041820469213694755	0.11885545834227718	0	0	0	0
199	0.04693700912663945	0.11582322783173113	0	0	0	0
200	0.03727027961399465	0.11750141305587718	0	0	0	0
201	0.0382791445946169	0.12040543211719582	0	0	0	0
202	0.03887569025053317	0.12018138814244175	0	0	0	0
203	0.03563450026431114	0.11961706548821285	0	0	0	0
204	0.03955567825442319	0.12582814063804934	0	0	0	0
205	0.035141420689448144	0.1261103444509149	0	0	0	0
206	0.03864371287505186	0.11837570068199765	0	0	0	0
207	0.04184221247600817	0.11775819829773662	0	0	0	0
208	0.045017954529664506	0.11960275518841139	0	0	0	0
209	0.03995361812370424	0.11934175792653826	0	0	0	0
210	0.04122833295906536	0.11860487266200073	0	0	0	0
211	0.04243582273953561	0.11947263641907972	0	0	0	0
212	0.04159500739215005	0.11934765374218204	0	0	0	0
213	0.03873818061284906	0.11786535121995985	0	0	0	0
214	0.042059642129990915	0.11724199610749113	0	0	0	0
215	0.04143948803534048	0.11755840852311236	0	0	0	0
216	0.04011145857308851	0.11695058246504195	0	0	0	0
217	0.037635371756104985	0.11825762647637403	0	0	0	0
218	0.03717654752474808	0.11801836601267293	0	0	0	0
219	0.04016079043654497	0.11697769442956259	0	0	0	0
220	0.04333959392010056	0.11127057539211686	0	0	0	0
221	0.04214337051969852	0.11823265710197992	0	0	0	0
222	0.039150529074048146	0.11326539812262756	0	0	0	0
223	0.04112132003522151	0.12140847765033835	0	0	0	0
224	0.03879259009954583	0.11835304738957127	0	0	0	0
225	0.038461314188297235	0.12126837128503501	0	0	0	0
226	0.04216413901723215	0.11693960590699634	0	0	0	0
227	0.04354714021604478	0.11334167594138718	0	0	0	0
228	0.04200985889902875	0.12065141136906829	0	0	0	0
229	0.04272368092353296	0.11649685796805112	0	0	0	0
230	0.03705599443515606	0.11425207465920492	0	0	0	0
231	0.03965801498201049	0.11271556393323272	0	0	0	0
232	0.043230390255746154	0.11833812087208906	0	0	0	0
233	0.045124401575079465	0.12292060981002488	0	0	0	0
234	0.037592832850574354	0.11573561306595392	0	0	0	0
235	0.042147885448825306	0.11728319617163718	0	0	0	0
236	0.044324268104875664	0.12031629506274596	0	0	0	0
237	0.04174384911046336	0.11726203518440945	0	0	0	0
238	0.03869746145583364	0.12194574569232652	0	0	0	0
239	0.03721289290521468	0.11453423651718712	0	0	0	0
240	0.0374324427387942	0.11461524580079252	0	0	0	0
241	0.03543110621175771	0.11503085896096418	0	0	0	0
242	0.03778715103952912	0.11668903812999498	0	0	0	0
243	0.041285421326937244	0.11810293543750858	0	0	0	0
244	0.0388839003327528	0.11733127476747973	0	0	0	0
245	0.038128947331695584	0.11518639487410823	0	0	0	0
246	0.03956141460275653	0.1215850084157191	0	0	0	0
247	0.03875309271941796	0.11360534927288982	0	0	0	0
248	0.042955350005629445	0.11397769735229071	0	0	0	0
249	0.04034140834893829	0.1198954882952814	0	0	0	0
250	0.039686073216572026	0.12512223858499444	0	0	0	0
251	0.04349956891904927	0.11799698224314273	0	0	0	0
252	0.043503145540087496	0.11402880572878446	0	0	0	0
253	0.03529304601260197	0.11562053851456908	0	0	0	0
254	0.0369491478051196	0.11356741318058101	0	0	0	0
255	0.044517426150698536	0.11672320524833416	0	0	0	0
256	0.04013167875302648	0.12249932009509368	0	0	0	0
257	0.04465697032283955	0.11922703160216455	0	0	0	0
258	0.04392494272625125	0.12375770806422506	0	0	0	0
259	0.041225177843396965	0.11323511895812377	0	0	0	0
260	0.04348229829241257	0.1193819966148609	0	0	0	0
261	0.04407072504848064	0.11915384626154749	0	0	0	0
262	0.04001666871709986	0.12044590281168369	0	0	0	0
263	0.04077867823882875	0.11768549824572125	0	0	0	0
264	0.041906467543244785	0.11612332218685037	0	0	0	0
265	0.04048298874801293	0.11839764779395248	0	0	0	0
266	0.04051281006372842	0.11554708483007223	0	0	0	0
267	0.03669973555645467	0.11296293505512281	0	0	0	0
268	0.04017429702943409	0.11234597517177636	0	0	0	0
269	0.043361576838368276	0.11765394478305691	0	0	0	0
270	0.0427840085663892	0.11994664587413988	0	0	0	0
271	0.043368476265148725	0.11470605349317471	0	0	0	0
272	0.04411914887441837	0.11378949502337403	0	0	0	0
273	0.042226905697910655	0.11695832483333794	0	0	0	0
274	0.042886552335506534	0.12113327188880318	0	0	0	0
275	0.03918216198490698	0.11292414100006506	0	0	0	0
276	0.04334951066750792	0.11957228517827509	0	0	0	0
277	0.038378503847760204	0.11599005878043034	0	0	0	0
278	0.03860950107141503	0.11409731292087733	0	0	0	0
279	0.03773024905148015	0.11675259217335117	0	0	0	0
280	0.03987078125652577	0.11582166729781998	0	0	0	0
281	0.043239962648430774	0.12112780654857938	0	0	0	0
282	0.04526070399833715	0.12019646172543305	0	0	0	0
283	0.04263113235010518	0.12062381188252558	0	0	0	0
284	0.0411421843348031	0.1212304738999376	0	0	0	0
285	0.03965235779281129	0.11466901683636536	0	0	0	0
286	0.04022528890354926	0.12243193690541858	0	0	0	0
287	0.03911959360120465	0.11544240421850449	0	0	0	0
288	0.035971084625306626	0.12441621737276658	0	0	0	0
289	0.037638932231164324	0.11822174112113308	0	0	0	0
290	0.03867800319950998	0.1192017836232064	0	0	0	0
291	0.041498724725341996	0.11551596961324662	0	0	0	0
292	0.04250201489254113	0.11238617013717453	0	0	0	0
293	0.040618579472026184	0.11832436796428522	0	0	0	0
294	0.04287433244055683	0.11835204160040642	0	0	0	0
295	0.03431553707363022	0.1187040124899914	0	0	0	0
296	0.04186530034620439	0.12204527580562377	0	0	0	0
297	0.0403012779877685	0.1169755334574909	0	0	0	0
298	0.03678967852305404	0.11952691758825766	0	0	0	0
299	0.03824739898968221	0.11552950223481329	0	0	0	0
300	0.0429565338700576	0.116377712355373	0	0	0	0
301	0.04236252399611351	0.11712611274013236	0	0	0	0
302	0.04141957979456379	0.11513630923473883	0	0	0	0
303	0.0375593278274815	0.11579266380270328	0	0	0	0
304	0.041057544841796245	0.11975727613956115	0	0	0	0
305	0.0419799046032433	0.11720728199573176	0	0	0	0
306	0.03927176240597907	0.11817947188939755	0	0	0	0
307	0.04168305297043062	0.11561086396842976	0	0	0	0
308	0.041809438123550646	0.11662140795172511	0	0	0	0
309	0.03430497959568868	0.11808465686397937	0	0	0	0
310	0.046237368572471405	0.11262782546792445	0	0	0	0
311	0.040380197342740676	0.11903148976397789	0	0	0	0
312	0.036437973217535724	0.10805748804979091	0	0	0	0
313	0.041786234473397355	0.1171422632597809	0	0	0	0
314	0.03546716500343594	0.11800785013788136	0	0	0	0
315	0.043314689163221454	0.11348885563679553	0	0	0	0
316	0.039589667661334205	0.12054689702204527	0	0	0	0
317	0.04077846637608362	0.1184563239479107	0	0	0	0
318	0.04240775037831657	0.1201426738338486	0	0	0	0
319	0.03982150309225929	0.12970046026038945	0	0	0	0
320	0.04108606831020045	0.11750397350616795	0	0	0	0
321	0.03839750907999673	0.11662337756159605	0	0	0	0
322	0.03798431539970992	0.11417117488724915	0	0	0	0
323	0.0380496907482093	0.12098004409072542	0	0	0	0
324	0.03541502921100159	0.1206148634814578	0	0	0	0
325	0.040649067802723704	0.11755508129117472	0	0	0	0
326	0.04121820743580806	0.11567823199702043	0	0	0	0
327	0.0428455095630812	0.11794533374101816	0	0	0	0
328	0.040448480336533366	0.11526560541548866	0	0	0	0
329	0.037133997482809544	0.11869211208007431	0	0	0	0
330	0.03797815308882557	0.11612919354431503	0	0	0	0
331	0.04122263919514779	0.11837703412608742	0	0	0	0
332	0.042348049537799026	0.1197066720298249	0	0	0	0
333	0.040327693968778666	0.1158058391503182	0	0	0	0
334	0.03716482989451819	0.1213158454311725	0	0	0	0
335	0.0423186607159427	0.11605341539109712	0	0	0	0
336	0.04265730653686983	0.12007243932654044	0	0	0	0
337	0.04070340541522466	0.11597215279823994	0	0	0	0
338	0.03717943692803238	0.12354456179508047	0	0	0	0
339	0.046329468612071656	0.11642610646592333	0	0	0	0
340	0.036429701492204036	0.12185535717659812	0	0	0	0
341	0.03923976387606343	0.12018287421510081	0	0	0	0
342	0.038136087578141464	0.11850628970105577	0	0	0	0
343	0.04125799839518152	0.11612208535302485	0	0	0	0
344	0.042057789237250676	0.11634760903314878	0	0	0	0
345	0.03799526421438759	0.12104023682342499	0	0	0	0
346	0.0426840347784091	0.11747711523938013	0	0	0	0
347	0.036639504019206015	0.1190235153172416	0	0	0	0
348	0.04351534293536896	0.11582222173548576	0	0	0	0
349	0.035363520168308016	0.12403427207555828	0	0	0	0
350	0.036561531637796185	0.1189709683371352	0	0	0	0
351	0.03777653120178004	0.11837566875992937	0	0	0	0
352	0.045174584961211406	0.1168449382091576	0	0	0	0
353	0.04180459407619941	0.11595755240380994	0	0	0	0
354	0.041923194077720716	0.12272602116266666	0	0	0	0
355	0.04059381489808389	0.11814738869131243	0	0	0	0
356	0.039062691130670735	0.114590932251427	0	0	0	0
357	0.03815905880639514	0.11712123990924353	0	0	0	0
358	0.03723748904377755	0.11766536900612716	0	0	0	0
359	0.033551874459916475	0.1162772399937598	0	0	0	0
360	0.039746035878024055	0.11931696961533897	0	0	0	0
361	0.03687551983320325	0.12025181325713233	0	0	0	0
362	0.04145175655635036	0.11985164971034656	0	0	0	0
363	0.0391482758256938	0.11517266184878854	0	0	0	0
364	0.0396464251456039	0.1179260625806902	0	0	0	0
365	0.03862397620932956	0.11779699914932226	0	0	0	0
366	0.03758212301898911	0.11586707780604147	0	0	0	0
367	0.03733786408330919	0.11766655278956994	0	0	0	0
368	0.039669903532466466	0.1134486948175911	0	0	0	0
369	0.04108968652202327	0.1205706263385284	0	0	0	0
370	0.04196730018131023	0.11300297579140887	0	0	0	0
371	0.03691521196463743	0.1200259641563782	0	0	0	0
372	0.038908683937213584	0.11631318479643796	0	0	0	0
373	0.03583237992952737	0.11581240489927094	0	0	0	0
374	0.03780273989222882	0.11598271242983112	0	0	0	0
375	0.04009034526069066	0.11170847768602168	0	0	0	0
376	0.04109509781832099	0.12037984013955128	0	0	0	0
377	0.04208978373516892	0.1123417177360165	0	0	0	0
378	0.042633300701456656	0.11258468423184405	0	0	0	0
379	0.037355340496062706	0.12100923343233046	0	0	0	0
380	0.04069935373417011	0.11638704290393731	0	0	0	0
381	0.03979284607768896	0.11633236237330555	0	0	0	0
382	0.04241540579263148	0.11912281356162699	0	0	0	0
383	0.03899444994286261	0.1187455316067592	0	0	0	0
384	0.03928398408456468	0.11691026858832379	0	0	0	0
385	0.03973091738975154	0.11977018353456481	0	0	0	0
386	0.0362301283431995	0.11769123630252087	0	0	0	0
387	0.03233524197049986	0.1236565909219141	0	0	0	0
388	0.04001328165992657	0.11455791081328295	0	0	0	0
389	0.04104171603641482	0.11382348802492723	0	0	0	0
390	0.037757965553613104	0.11397532095166282	0	0	0	0
391	0.03946601502007474	0.11814404175199264	0	0	0	0
392	0.04141346863459783	0.11884310984667504	0	0	0	0
393	0.03979102733880635	0.12119474103574084	0	0	0	0
394	0.0383079990667331	0.11819571972008758	0	0	0	0
395	0.04173046872252928	0.11807139843587162	0	0	0	0
396	0.04027740444653427	0.11660665007457113	0	0	0	0
397	0.03982609527563952	0.11946963800422691	0	0	0	0
398	0.04163487850047065	0.12163856778515032	0	0	0	0
399	0.03590500340911995	0.1162027066440674	0	0	0	0
400	0.03913067839990414	0.11822095180703944	0	0	0	0
401	0.03499042340243974	0.11963162213230252	0	0	0	0
402	0.0352377674746035	0.11536300204799854	0	0	0	0
403	0.035837802696558896	0.11677491500366961	0	0	0	0
404	0.037506351983376374	0.11581887855138628	0	0	0	0
405	0.037853549350917226	0.1189460341024808	0	0	0	0
406	0.04200753573889282	0.11871337036808316	0	0	0	0
407	0.040454769576363514	0.11493697717408576	0	0	0	0
408	0.03745268980236682	0.12211643260005718	0	0	0	0
409	0.03809895607274805	0.1182884156285513	0	0	0	0
410	0.04083551053651979	0.12309932583846775	0	0	0	0
411	0.03437700529221699	0.11840683970359382	0	0	0	0
412	0.04037537918097389	0.11358366416691892	0	0	0	0
413	0.039338371234170166	0.11715286181970011	0	0	0	0
414	0.03831982677307888	0.11889415540690788	0	0	0	0
415	0.04393784694347935	0.11341387216207441	0	0	0	0
416	0.039611702327458365	0.1174043324521981	0	0	0	0
417	0.03783495957793459	0.1165240474871057	0	0	0	0
418	0.03954024541560375	0.1158676753453376	0	0	0	0
419	0.04102763136977006	0.1167675498260143	0	0	0	0
420	0.042394915761516216	0.11584635780236999	0	0	0	0
421	0.04261608095270053	0.11409633521668043	0	0	0	0
422	0.041246307898531676	0.11843928751096144	0	0	0	0
423	0.04202385806915676	0.11603037248075707	0	0	0	0
424	0.039405163727046943	0.11662301417430099	0	0	0	0
425	0.0438231222558878	0.11555309002386957	0	0	0	0
426	0.03926478096083019	0.12167492119797277	0	0	0	0
427	0.04194211297220285	0.12120764718134298	0	0	0	0
428	0.03937354128162518	0.1137389272555314	0	0	0	0
429	0.04142035934904842	0.1162401552464591	0	0	0	0
430	0.03686914149664966	0.11331288970159589	0	0	0	0
431	0.041599372447201355	0.1149496865692139	0	0	0	0
432	0.03461675658480212	0.1138934990309897	0	0	0	0
433	0.037767241253984785	0.11897943186533402	0	0	0	0
434	0.04520763028559016	0.11591987149665899	0	0	0	0
435	0.0348621419662839	0.1138864200720315	0	0	0	0
436	0.03894798008778022	0.11464423480202499	0	0	0	0
437	0.04127637478530799	0.1165675236484626	0	0	0	0
438	0.03850369751167615	0.11321765479058903	0	0	0	0
439	0.04316784504364746	0.12003169094394658	0	0	0	0
440	0.04220382386853905	0.1143162095922535	0	0	0	0
441	0.041910920339593205	0.11810529020167806	0	0	0	0
442	0.03979511126324342	0.11826882187219559	0	0	0	0
443	0.03899380077866843	0.11325995994514346	0	0	0	0
444	0.036241473579724404	0.11677357281702835	0	0	0	0
445	0.0425623355802115	0.11945073617360151	0	0	0	0
446	0.03668957604691958	0.12047005257847339	0	0	0	0
447	0.04219400906175019	0.11824324692036976	0	0	0	0
448	0.038455945525723734	0.12113983707889057	0	0	0	0
449	0.04053376862724478	0.11992079641963356	0	0	0	0
450	0.04264911675834471	0.11716168997057545	0	0	0	0
451	0.044060794198245934	0.12094072446682165	0	0	0	0
452	0.043332224819767395	0.1173584664683586	0	0	0	0
453	0.03394944791301968	0.11887962168670092	0	0	0	0
454	0.04303220475054581	0.11566811611831973	0	0	0	0
455	0.03984818558986658	0.11705575222975866	0	0	0	0
456	0.04641625190927434	0.11711294866393698	0	0	0	0
457	0.04250483899199031	0.11590065398369828	0	0	0	0
458	0.03929319209136872	0.12197484889588686	0	0	0	0
459	0.0440665065688689	0.11385883175738817	0	0	0	0
460	0.04259067421200258	0.11593373626698988	0	0	0	0
461	0.03948296184915123	0.11952759625518268	0	0	0	0
462	0.037668689683614365	0.11691929084286609	0	0	0	0
463	0.03820148133243073	0.11810383074930053	0	0	0	0
464	0.0382215469900673	0.117473912599075	0	0	0	0
465	0.0379785145077155	0.11371314208406633	0	0	0	0
466	0.03883900335680612	0.12077068848796424	0	0	0	0
467	0.03871775093405794	0.11298395609576466	0	0	0	0
468	0.03836433678119633	0.1160601128254862	0	0	0	0
469	0.043283134571622695	0.12284222114293057	0	0	0	0
470	0.039734280780914344	0.11961896267831218	0	0	0	0
471	0.040354284499448445	0.11426252115628635	0	0	0	0
472	0.038304486920705205	0.11911888238190907	0	0	0	0
473	0.034013106200126764	0.11616419918211766	0	0	0	0
474	0.03372450685494144	0.12077971019733207	0	0	0	0
475	0.04114014564795121	0.11676092014399204	0	0	0	0
476	0.04529281131480434	0.11689078450030013	0	0	0	0
477	0.0407176350029711	0.11287636487926322	0	0	0	0
478	0.04195003979002254	0.11891131746995756	0	0	0	0
479	0.04326852464873343	0.11873144641268482	0	0	0	0
480	0.039637695765860514	0.11771812623627839	0	0	0	0
481	0.037212307040397685	0.11853552313517227	0	0	0	0
482	0.03984951628299582	0.11728497349259062	0	0	0	0
483	0.03819818654549534	0.11716228439148516	0	0	0	0
484	0.03863697906833086	0.11394319756424251	0	0	0	0
485	0.0427643309933311	0.11655792237732912	0	0	0	0
486	0.03857307641952912	0.12155375807811337	0	0	0	0
487	0.04062990922426446	0.11506403844703109	0	0	0	0
488	0.04248702641009072	0.11697870059225028	0	0	0	0
489	0.04129898523387254	0.11226716818029155	0	0	0	0
490	0.03914753677293248	0.114269870606542	0	0	0	0
491	0.040268772433268984	0.11573181135028596	0	0	0	0
492	0.03479644360786405	0.11394064164763895	0	0	0	0
493	0.04061669365376985	0.11929278944259006	0	0	0	0
494	0.03960200516699164	0.1189721532252567	0	0	0	0
495	0.03625465510139536	0.11780189162365687	0	0	0	0
496	0.04058981306797438	0.12700672108751312	0	0	0	0
497	0.04185944990830692	0.1104268290358454	0	0	0	0
498	0.038109051249785364	0.1187734954550633	0	0	0	0
499	0.04693906920881297	0.11792973313451963	0	0	0	0
500	0.040070730581052705	0.11986072414418195	0	0	0	0
