epoch	batch	iter	loss	acc	lr
1	1	1	2.7694005966186523	12.0	1e-06
1	2	2	3.0824553966522217	6.0	1e-06
1	3	3	2.8858225345611572	8.0	1e-06
1	4	4	2.941183090209961	18.0	1e-06
1	5	5	2.805026054382324	12.0	1e-06
1	6	6	2.5615041255950928	12.0	1e-06
1	7	7	2.6631360054016113	4.0	1e-06
1	8	8	2.8437862396240234	6.0	1e-06
1	9	9	2.644803762435913	14.0	1e-06
1	10	10	2.673124074935913	6.0	1e-06
1	11	11	2.585536241531372	8.0	1e-06
1	12	12	3.048095464706421	10.0	1e-06
1	13	13	2.7391717433929443	12.0	1e-06
1	14	14	2.807555913925171	8.0	1e-06
1	15	15	3.144054651260376	6.0	1e-06
1	16	16	2.627070426940918	14.0	1e-06
1	17	17	3.2679431438446045	8.0	1e-06
1	18	18	2.933406352996826	10.0	1e-06
1	19	19	2.8184614181518555	12.0	1e-06
1	20	20	2.7728111743927	8.0	1e-06
1	21	21	2.574385166168213	18.0	1e-06
1	22	22	2.9643824100494385	6.0	1e-06
1	23	23	3.0126421451568604	8.0	1e-06
1	24	24	2.5134341716766357	10.0	1e-06
1	25	25	2.9540774822235107	10.0	1e-06
1	26	26	2.7484607696533203	6.0	1e-06
1	27	27	3.0589513778686523	4.0	1e-06
1	28	28	2.3454437255859375	12.0	1e-06
1	29	29	3.067551374435425	4.0	1e-06
1	30	30	2.5094454288482666	16.0	1e-06
1	31	31	2.7619574069976807	14.0	1e-06
1	32	32	2.8435420989990234	14.0	1e-06
1	33	33	2.5915069580078125	10.0	1e-06
1	34	34	2.647671699523926	12.0	1e-06
1	35	35	3.111025333404541	10.0	1e-06
1	36	36	2.47367262840271	6.0	1e-06
1	37	37	3.097243070602417	6.0	1e-06
1	38	38	2.5058352947235107	6.0	1e-06
1	39	39	3.0245537757873535	2.0	1e-06
1	40	40	2.6754848957061768	4.0	1e-06
1	41	41	2.539245367050171	10.0	1e-06
1	42	42	2.702131748199463	14.0	1e-06
1	43	43	3.038947343826294	20.0	1e-06
1	44	44	2.7769663333892822	10.0	1e-06
1	45	45	2.7506330013275146	12.0	1e-06
1	46	46	2.518456220626831	12.0	1e-06
1	47	47	2.4853925704956055	10.0	1e-06
1	48	48	2.7393546104431152	6.0	1e-06
1	49	49	3.108760356903076	12.0	1e-06
1	50	50	2.4074699878692627	10.0	1e-06
1	51	51	2.85823917388916	10.0	1e-06
1	52	52	2.4564075469970703	16.0	1e-06
1	53	53	2.540583610534668	8.571428571428571	1e-06
2	1	54	2.8562378883361816	10.0	1e-06
2	2	55	2.613983392715454	4.0	1e-06
2	3	56	2.7159698009490967	8.0	1e-06
2	4	57	2.9624648094177246	10.0	1e-06
2	5	58	2.4909424781799316	6.0	1e-06
2	6	59	2.6358394622802734	12.0	1e-06
2	7	60	2.58652400970459	12.0	1e-06
2	8	61	2.8545150756835938	6.0	1e-06
2	9	62	2.9473001956939697	6.0	1e-06
2	10	63	2.902341604232788	14.0	1e-06
2	11	64	2.944108486175537	4.0	1e-06
2	12	65	2.772533655166626	8.0	1e-06
2	13	66	2.6493210792541504	12.0	1e-06
2	14	67	2.996185064315796	8.0	1e-06
2	15	68	2.9646120071411133	4.0	1e-06
2	16	69	2.8140673637390137	12.0	1e-06
2	17	70	2.6242973804473877	12.0	1e-06
2	18	71	2.8842761516571045	14.0	1e-06
2	19	72	2.637819290161133	10.0	1e-06
2	20	73	3.027575969696045	2.0	1e-06
2	21	74	2.8100030422210693	6.0	1e-06
2	22	75	2.54025936126709	10.0	1e-06
2	23	76	2.6493184566497803	14.0	1e-06
2	24	77	2.5741772651672363	18.0	1e-06
2	25	78	2.6863455772399902	6.0	1e-06
2	26	79	2.6131317615509033	8.0	1e-06
2	27	80	2.5958940982818604	10.0	1e-06
2	28	81	3.1594436168670654	12.0	1e-06
2	29	82	2.7652900218963623	6.0	1e-06
2	30	83	3.2025973796844482	2.0	1e-06
2	31	84	2.632603645324707	16.0	1e-06
2	32	85	2.530917167663574	6.0	1e-06
2	33	86	2.6855456829071045	12.0	1e-06
2	34	87	2.5042004585266113	18.0	1e-06
2	35	88	2.7918145656585693	14.0	1e-06
2	36	89	2.6850364208221436	6.0	1e-06
2	37	90	2.689802646636963	4.0	1e-06
2	38	91	2.576075553894043	8.0	1e-06
2	39	92	2.7357795238494873	12.0	1e-06
2	40	93	2.92861270904541	6.0	1e-06
2	41	94	2.9041006565093994	10.0	1e-06
2	42	95	2.8566219806671143	14.0	1e-06
2	43	96	2.930399179458618	8.0	1e-06
2	44	97	2.975511074066162	8.0	1e-06
2	45	98	2.5862374305725098	20.0	1e-06
2	46	99	3.1525559425354004	6.0	1e-06
2	47	100	2.563096046447754	10.0	1e-06
2	48	101	2.666940689086914	4.0	1e-06
2	49	102	2.5254666805267334	10.0	1e-06
2	50	103	2.9289510250091553	12.0	1e-06
2	51	104	2.7218093872070312	12.0	1e-06
2	52	105	2.7034788131713867	14.0	1e-06
2	53	106	2.5915582180023193	11.428571428571429	1e-06
3	1	107	3.179201364517212	8.0	1e-06
3	2	108	2.9633841514587402	10.0	1e-06
3	3	109	2.7785894870758057	12.0	1e-06
3	4	110	2.815138339996338	6.0	1e-06
3	5	111	3.2682416439056396	4.0	1e-06
3	6	112	3.1986007690429688	4.0	1e-06
3	7	113	2.7899439334869385	12.0	1e-06
3	8	114	2.6233010292053223	16.0	1e-06
3	9	115	2.469548463821411	4.0	1e-06
3	10	116	2.612689256668091	12.0	1e-06
3	11	117	2.736220121383667	10.0	1e-06
3	12	118	2.439662218093872	12.0	1e-06
3	13	119	2.751420497894287	6.0	1e-06
3	14	120	2.7244460582733154	14.0	1e-06
3	15	121	2.6096746921539307	10.0	1e-06
3	16	122	2.8997552394866943	6.0	1e-06
3	17	123	2.519824266433716	12.0	1e-06
3	18	124	2.327366828918457	8.0	1e-06
3	19	125	2.5818657875061035	14.0	1e-06
3	20	126	2.642014980316162	10.0	1e-06
3	21	127	2.7854108810424805	6.0	1e-06
3	22	128	2.652291774749756	10.0	1e-06
3	23	129	2.705399751663208	8.0	1e-06
3	24	130	2.3903777599334717	22.0	1e-06
3	25	131	2.744133710861206	22.0	1e-06
3	26	132	2.5212535858154297	14.0	1e-06
3	27	133	2.54538631439209	4.0	1e-06
3	28	134	2.5190792083740234	14.0	1e-06
3	29	135	2.7052087783813477	8.0	1e-06
3	30	136	2.872422218322754	6.0	1e-06
3	31	137	2.766662359237671	10.0	1e-06
3	32	138	2.3634629249572754	12.0	1e-06
3	33	139	2.711191177368164	6.0	1e-06
3	34	140	2.820796489715576	8.0	1e-06
3	35	141	2.8172342777252197	8.0	1e-06
3	36	142	2.9090662002563477	2.0	1e-06
3	37	143	2.7573840618133545	6.0	1e-06
3	38	144	2.600821018218994	16.0	1e-06
3	39	145	2.599595546722412	10.0	1e-06
3	40	146	2.7499818801879883	10.0	1e-06
3	41	147	2.615523338317871	4.0	1e-06
3	42	148	2.5888261795043945	16.0	1e-06
3	43	149	2.9261281490325928	12.0	1e-06
3	44	150	2.7565932273864746	6.0	1e-06
3	45	151	2.6899666786193848	10.0	1e-06
3	46	152	2.6671078205108643	22.0	1e-06
3	47	153	2.410651922225952	18.0	1e-06
3	48	154	2.830796480178833	4.0	1e-06
3	49	155	3.064152240753174	10.0	1e-06
3	50	156	2.6847031116485596	10.0	1e-06
3	51	157	2.6665053367614746	8.0	1e-06
3	52	158	2.4723260402679443	18.0	1e-06
3	53	159	2.7988176345825195	8.571428571428571	1e-06
4	1	160	2.7978556156158447	10.0	1e-06
4	2	161	2.793966293334961	8.0	1e-06
4	3	162	2.666099786758423	10.0	1e-06
4	4	163	2.7524502277374268	10.0	1e-06
4	5	164	2.9856085777282715	10.0	1e-06
4	6	165	2.654818058013916	14.0	1e-06
4	7	166	2.5740537643432617	14.0	1e-06
4	8	167	2.620196580886841	12.0	1e-06
4	9	168	2.958589792251587	2.0	1e-06
4	10	169	2.814263343811035	24.0	1e-06
4	11	170	2.3346197605133057	20.0	1e-06
4	12	171	2.616481304168701	14.0	1e-06
4	13	172	2.545288324356079	10.0	1e-06
4	14	173	2.4815821647644043	12.0	1e-06
4	15	174	2.686972141265869	14.0	1e-06
4	16	175	2.291908025741577	16.0	1e-06
4	17	176	2.3267695903778076	18.0	1e-06
4	18	177	2.724119186401367	6.0	1e-06
4	19	178	2.5770721435546875	12.0	1e-06
4	20	179	2.6596791744232178	8.0	1e-06
4	21	180	2.7257213592529297	4.0	1e-06
4	22	181	2.5694799423217773	10.0	1e-06
4	23	182	2.874568223953247	12.0	1e-06
4	24	183	2.4909989833831787	10.0	1e-06
4	25	184	2.581779718399048	12.0	1e-06
4	26	185	2.6157212257385254	14.0	1e-06
4	27	186	2.557497501373291	20.0	1e-06
4	28	187	2.7075486183166504	14.0	1e-06
4	29	188	2.5412492752075195	10.0	1e-06
4	30	189	2.7597038745880127	10.0	1e-06
4	31	190	2.3176989555358887	12.0	1e-06
4	32	191	2.7326531410217285	18.0	1e-06
4	33	192	2.835793972015381	14.0	1e-06
4	34	193	2.948035478591919	8.0	1e-06
4	35	194	2.5644943714141846	12.0	1e-06
4	36	195	2.4728434085845947	18.0	1e-06
4	37	196	2.510040521621704	14.0	1e-06
4	38	197	2.8683416843414307	6.0	1e-06
4	39	198	2.9598500728607178	10.0	1e-06
4	40	199	2.560563564300537	16.0	1e-06
4	41	200	2.712069511413574	12.0	1e-06
4	42	201	2.7307333946228027	16.0	1e-06
4	43	202	2.7822394371032715	14.0	1e-06
4	44	203	2.652172803878784	12.0	1e-06
4	45	204	2.362621307373047	10.0	1e-06
4	46	205	2.815406560897827	6.0	1e-06
4	47	206	2.7967019081115723	22.0	1e-06
4	48	207	2.753552198410034	0.0	1e-06
4	49	208	2.3926329612731934	18.0	1e-06
4	50	209	3.0117483139038086	10.0	1e-06
4	51	210	3.1050140857696533	10.0	1e-06
4	52	211	2.6428635120391846	4.0	1e-06
4	53	212	2.6357533931732178	11.428571428571429	1e-06
5	1	213	2.7086548805236816	6.0	1e-06
5	2	214	2.7160565853118896	0.0	1e-06
5	3	215	2.605719566345215	8.0	1e-06
5	4	216	2.62837290763855	4.0	1e-06
5	5	217	2.7077343463897705	16.0	1e-06
5	6	218	2.5315322875976562	12.0	1e-06
5	7	219	2.7306618690490723	22.0	1e-06
5	8	220	3.274588108062744	8.0	1e-06
5	9	221	2.776404619216919	10.0	1e-06
5	10	222	2.5784523487091064	12.0	1e-06
5	11	223	2.470773220062256	8.0	1e-06
5	12	224	2.6183202266693115	8.0	1e-06
5	13	225	2.6326074600219727	8.0	1e-06
5	14	226	2.35215425491333	10.0	1e-06
5	15	227	2.3480029106140137	22.0	1e-06
5	16	228	2.8011467456817627	4.0	1e-06
5	17	229	2.9378867149353027	6.0	1e-06
5	18	230	2.4657297134399414	12.0	1e-06
5	19	231	2.6532938480377197	14.0	1e-06
5	20	232	2.8594179153442383	18.0	1e-06
5	21	233	2.6286861896514893	8.0	1e-06
5	22	234	2.6589736938476562	8.0	1e-06
5	23	235	2.4252192974090576	12.0	1e-06
5	24	236	2.618259906768799	26.0	1e-06
5	25	237	2.727585792541504	12.0	1e-06
5	26	238	2.979487657546997	12.0	1e-06
5	27	239	2.3629250526428223	20.0	1e-06
5	28	240	2.4005424976348877	14.0	1e-06
5	29	241	2.456510066986084	6.0	1e-06
5	30	242	2.3793673515319824	8.0	1e-06
5	31	243	2.3714261054992676	8.0	1e-06
5	32	244	2.706721305847168	10.0	1e-06
5	33	245	2.5255215167999268	18.0	1e-06
5	34	246	2.671146869659424	16.0	1e-06
5	35	247	2.542546510696411	8.0	1e-06
5	36	248	2.5349931716918945	8.0	1e-06
5	37	249	2.651785373687744	8.0	1e-06
5	38	250	2.6711745262145996	12.0	1e-06
5	39	251	2.888948917388916	16.0	1e-06
5	40	252	2.3981661796569824	12.0	1e-06
5	41	253	2.5430402755737305	22.0	1e-06
5	42	254	2.9814975261688232	8.0	1e-06
5	43	255	3.0452120304107666	4.0	1e-06
5	44	256	2.524445056915283	8.0	1e-06
5	45	257	2.491049289703369	14.0	1e-06
5	46	258	2.408965826034546	14.0	1e-06
5	47	259	2.8806235790252686	12.0	1e-06
5	48	260	2.5928549766540527	16.0	1e-06
5	49	261	2.8370652198791504	12.0	1e-06
5	50	262	2.601121187210083	12.0	1e-06
5	51	263	2.582634925842285	14.0	1e-06
5	52	264	2.250363349914551	16.0	1e-06
5	53	265	2.5629398822784424	5.714285714285714	1e-06
6	1	266	2.6227080821990967	10.0	1e-06
6	2	267	2.497135639190674	18.0	1e-06
6	3	268	2.407287836074829	14.0	1e-06
6	4	269	2.442725896835327	4.0	1e-06
6	5	270	2.5046868324279785	16.0	1e-06
6	6	271	2.8559181690216064	4.0	1e-06
6	7	272	2.317732334136963	14.0	1e-06
6	8	273	2.4833853244781494	16.0	1e-06
6	9	274	2.7016184329986572	20.0	1e-06
6	10	275	2.529646873474121	16.0	1e-06
6	11	276	2.6654052734375	8.0	1e-06
6	12	277	2.4083526134490967	10.0	1e-06
6	13	278	2.7290432453155518	6.0	1e-06
6	14	279	2.8091847896575928	10.0	1e-06
6	15	280	2.764768362045288	16.0	1e-06
6	16	281	2.405834674835205	20.0	1e-06
6	17	282	2.490473985671997	10.0	1e-06
6	18	283	3.001537561416626	2.0	1e-06
6	19	284	3.0436336994171143	8.0	1e-06
6	20	285	2.6571855545043945	8.0	1e-06
6	21	286	2.7521417140960693	16.0	1e-06
6	22	287	2.5219886302948	10.0	1e-06
6	23	288	2.6354317665100098	8.0	1e-06
6	24	289	2.6466012001037598	18.0	1e-06
6	25	290	2.521606683731079	14.0	1e-06
6	26	291	2.2856719493865967	20.0	1e-06
6	27	292	2.543247938156128	8.0	1e-06
6	28	293	2.4421496391296387	14.0	1e-06
6	29	294	2.4198949337005615	12.0	1e-06
6	30	295	2.5140509605407715	12.0	1e-06
6	31	296	2.9053683280944824	6.0	1e-06
6	32	297	2.6290879249572754	10.0	1e-06
6	33	298	2.2745168209075928	20.0	1e-06
6	34	299	3.0532102584838867	8.0	1e-06
6	35	300	2.5456035137176514	14.0	1e-06
6	36	301	2.868175745010376	12.0	1e-06
6	37	302	2.8947930335998535	8.0	1e-06
6	38	303	2.4280452728271484	8.0	1e-06
6	39	304	2.925854206085205	8.0	1e-06
6	40	305	2.448500633239746	14.0	1e-06
6	41	306	2.74766206741333	12.0	1e-06
6	42	307	2.4807939529418945	16.0	1e-06
6	43	308	2.717623233795166	6.0	1e-06
6	44	309	2.661886692047119	18.0	1e-06
6	45	310	2.306373357772827	26.0	1e-06
6	46	311	2.6317620277404785	16.0	1e-06
6	47	312	2.6274359226226807	10.0	1e-06
6	48	313	2.744342088699341	8.0	1e-06
6	49	314	2.5295753479003906	16.0	1e-06
6	50	315	2.6287055015563965	18.0	1e-06
6	51	316	2.549762487411499	12.0	1e-06
6	52	317	2.4962244033813477	12.0	1e-06
6	53	318	2.316148281097412	20.0	1e-06
7	1	319	2.739539384841919	10.0	1e-06
7	2	320	2.6937296390533447	14.0	1e-06
7	3	321	2.8963122367858887	10.0	1e-06
7	4	322	2.604356288909912	12.0	1e-06
7	5	323	2.406888008117676	20.0	1e-06
7	6	324	2.6820309162139893	16.0	1e-06
7	7	325	2.4917073249816895	18.0	1e-06
7	8	326	2.876802444458008	6.0	1e-06
7	9	327	2.5253500938415527	12.0	1e-06
7	10	328	2.405822992324829	16.0	1e-06
7	11	329	2.6890273094177246	8.0	1e-06
7	12	330	2.8580029010772705	4.0	1e-06
7	13	331	2.6283633708953857	14.0	1e-06
7	14	332	2.3574531078338623	24.0	1e-06
7	15	333	2.6224515438079834	10.0	1e-06
7	16	334	2.6204073429107666	14.0	1e-06
7	17	335	2.3714346885681152	16.0	1e-06
7	18	336	2.2470853328704834	20.0	1e-06
7	19	337	2.6818742752075195	4.0	1e-06
7	20	338	2.751721143722534	10.0	1e-06
7	21	339	3.1361942291259766	14.0	1e-06
7	22	340	2.4792444705963135	16.0	1e-06
7	23	341	2.801846504211426	14.0	1e-06
7	24	342	2.520007848739624	22.0	1e-06
7	25	343	2.500884771347046	18.0	1e-06
7	26	344	2.462994337081909	8.0	1e-06
7	27	345	2.7046661376953125	18.0	1e-06
7	28	346	2.6724376678466797	14.0	1e-06
7	29	347	2.6701724529266357	22.0	1e-06
7	30	348	2.502110481262207	10.0	1e-06
7	31	349	2.523444890975952	14.0	1e-06
7	32	350	2.581210136413574	12.0	1e-06
7	33	351	2.3752388954162598	22.0	1e-06
7	34	352	2.6929616928100586	12.0	1e-06
7	35	353	2.570068597793579	22.0	1e-06
7	36	354	2.546987771987915	10.0	1e-06
7	37	355	2.7919833660125732	12.0	1e-06
7	38	356	2.616326093673706	8.0	1e-06
7	39	357	2.761603355407715	6.0	1e-06
7	40	358	2.8646368980407715	4.0	1e-06
7	41	359	2.4253318309783936	12.0	1e-06
7	42	360	2.757166862487793	10.0	1e-06
7	43	361	2.417532444000244	8.0	1e-06
7	44	362	2.740159273147583	10.0	1e-06
7	45	363	2.7155978679656982	12.0	1e-06
7	46	364	2.8723723888397217	10.0	1e-06
7	47	365	2.4897348880767822	12.0	1e-06
7	48	366	2.573482036590576	14.0	1e-06
7	49	367	2.4971399307250977	12.0	1e-06
7	50	368	2.634572744369507	14.0	1e-06
7	51	369	2.678609848022461	14.0	1e-06
7	52	370	2.484786033630371	14.0	1e-06
7	53	371	2.58233904838562	11.428571428571429	1e-06
8	1	372	2.742624282836914	6.0	1e-06
8	2	373	2.4595298767089844	22.0	1e-06
8	3	374	2.3911828994750977	12.0	1e-06
8	4	375	2.4014222621917725	18.0	1e-06
8	5	376	2.778977155685425	10.0	1e-06
8	6	377	2.7979555130004883	4.0	1e-06
8	7	378	2.4411725997924805	16.0	1e-06
8	8	379	2.5095717906951904	12.0	1e-06
8	9	380	2.4248874187469482	18.0	1e-06
8	10	381	2.4612390995025635	16.0	1e-06
8	11	382	2.3108859062194824	22.0	1e-06
8	12	383	2.8641302585601807	12.0	1e-06
8	13	384	2.4908859729766846	18.0	1e-06
8	14	385	2.4790027141571045	4.0	1e-06
8	15	386	2.500675916671753	18.0	1e-06
8	16	387	2.6636016368865967	18.0	1e-06
8	17	388	2.4240787029266357	10.0	1e-06
8	18	389	2.987103223800659	10.0	1e-06
8	19	390	2.6157941818237305	16.0	1e-06
8	20	391	2.337581157684326	16.0	1e-06
8	21	392	2.342773675918579	16.0	1e-06
8	22	393	2.6226086616516113	6.0	1e-06
8	23	394	2.883978843688965	10.0	1e-06
8	24	395	2.6645591259002686	12.0	1e-06
8	25	396	2.4634549617767334	14.0	1e-06
8	26	397	2.582887887954712	10.0	1e-06
8	27	398	2.9428319931030273	2.0	1e-06
8	28	399	2.718017339706421	8.0	1e-06
8	29	400	2.830474615097046	18.0	1e-06
8	30	401	2.9860308170318604	14.0	1e-06
8	31	402	2.763899803161621	6.0	1e-06
8	32	403	2.381420850753784	26.0	1e-06
8	33	404	2.4469258785247803	12.0	1e-06
8	34	405	2.4070894718170166	12.0	1e-06
8	35	406	2.5877845287323	10.0	1e-06
8	36	407	2.8884592056274414	6.0	1e-06
8	37	408	2.4626529216766357	4.0	1e-06
8	38	409	2.290102958679199	18.0	1e-06
8	39	410	2.6501235961914062	18.0	1e-06
8	40	411	2.7262232303619385	10.0	1e-06
8	41	412	2.2400283813476562	28.0	1e-06
8	42	413	2.6656980514526367	12.0	1e-06
8	43	414	2.766233444213867	12.0	1e-06
8	44	415	2.43380069732666	14.0	1e-06
8	45	416	2.416930675506592	20.0	1e-06
8	46	417	2.613572120666504	10.0	1e-06
8	47	418	2.9125571250915527	14.0	1e-06
8	48	419	2.340362787246704	18.0	1e-06
8	49	420	2.557302474975586	18.0	1e-06
8	50	421	3.1836442947387695	14.0	1e-06
8	51	422	2.4078404903411865	12.0	1e-06
8	52	423	2.6001083850860596	12.0	1e-06
8	53	424	2.6091296672821045	5.714285714285714	1e-06
9	1	425	2.633570909500122	12.0	1e-06
9	2	426	2.7969534397125244	4.0	1e-06
9	3	427	2.6305010318756104	10.0	1e-06
9	4	428	2.7452754974365234	10.0	1e-06
9	5	429	2.3624825477600098	28.0	1e-06
9	6	430	2.668968439102173	18.0	1e-06
9	7	431	2.519827365875244	10.0	1e-06
9	8	432	2.520277976989746	12.0	1e-06
9	9	433	2.3685808181762695	10.0	1e-06
9	10	434	2.60252046585083	8.0	1e-06
9	11	435	2.349503993988037	18.0	1e-06
9	12	436	2.5418896675109863	8.0	1e-06
9	13	437	2.2577054500579834	18.0	1e-06
9	14	438	2.887618064880371	4.0	1e-06
9	15	439	2.3287243843078613	12.0	1e-06
9	16	440	2.5042412281036377	16.0	1e-06
9	17	441	2.6049280166625977	12.0	1e-06
9	18	442	2.6794092655181885	4.0	1e-06
9	19	443	2.329500436782837	12.0	1e-06
9	20	444	2.4860057830810547	20.0	1e-06
9	21	445	2.3685061931610107	14.0	1e-06
9	22	446	2.2790017127990723	16.0	1e-06
9	23	447	2.3405890464782715	14.0	1e-06
9	24	448	2.6284759044647217	16.0	1e-06
9	25	449	2.337232828140259	14.0	1e-06
9	26	450	2.4999799728393555	12.0	1e-06
9	27	451	2.432058811187744	10.0	1e-06
9	28	452	3.2779953479766846	4.0	1e-06
9	29	453	2.901376247406006	14.0	1e-06
9	30	454	2.534604549407959	18.0	1e-06
9	31	455	2.8162384033203125	4.0	1e-06
9	32	456	2.729282855987549	12.0	1e-06
9	33	457	2.574237585067749	8.0	1e-06
9	34	458	2.4245336055755615	18.0	1e-06
9	35	459	2.6600453853607178	4.0	1e-06
9	36	460	2.8294620513916016	16.0	1e-06
9	37	461	2.75663685798645	14.0	1e-06
9	38	462	2.478832244873047	16.0	1e-06
9	39	463	2.3985488414764404	22.0	1e-06
9	40	464	2.435163974761963	18.0	1e-06
9	41	465	2.4502203464508057	18.0	1e-06
9	42	466	2.308856964111328	24.0	1e-06
9	43	467	2.5393476486206055	14.0	1e-06
9	44	468	2.444356679916382	8.0	1e-06
9	45	469	2.6520328521728516	12.0	1e-06
9	46	470	2.7222206592559814	18.0	1e-06
9	47	471	2.290207862854004	20.0	1e-06
9	48	472	2.5839855670928955	12.0	1e-06
9	49	473	2.6527318954467773	8.0	1e-06
9	50	474	2.541163206100464	16.0	1e-06
9	51	475	2.7776503562927246	10.0	1e-06
9	52	476	2.8576877117156982	12.0	1e-06
9	53	477	2.547175645828247	5.714285714285714	1e-06
10	1	478	2.1932337284088135	24.0	1e-06
10	2	479	2.555420160293579	10.0	1e-06
10	3	480	2.5615060329437256	18.0	1e-06
10	4	481	2.5437278747558594	20.0	1e-06
10	5	482	2.586820363998413	16.0	1e-06
10	6	483	2.26853084564209	28.0	1e-06
10	7	484	2.350027561187744	10.0	1e-06
10	8	485	2.8607547283172607	16.0	1e-06
10	9	486	2.4262137413024902	14.0	1e-06
10	10	487	2.4246292114257812	14.0	1e-06
10	11	488	2.4640684127807617	14.0	1e-06
10	12	489	2.489189863204956	6.0	1e-06
10	13	490	2.526998996734619	10.0	1e-06
10	14	491	2.3761980533599854	16.0	1e-06
10	15	492	2.7231554985046387	14.0	1e-06
10	16	493	2.7641608715057373	14.0	1e-06
10	17	494	2.5980701446533203	12.0	1e-06
10	18	495	3.001558542251587	2.0	1e-06
10	19	496	2.7786874771118164	10.0	1e-06
10	20	497	2.8848211765289307	12.0	1e-06
10	21	498	2.53469181060791	16.0	1e-06
10	22	499	2.251721143722534	16.0	1e-06
10	23	500	2.4284169673919678	14.0	1e-06
10	24	501	2.787209987640381	14.0	1e-06
10	25	502	2.4677574634552	14.0	1e-06
10	26	503	2.400926351547241	16.0	1e-06
10	27	504	2.7128102779388428	10.0	1e-06
10	28	505	2.3324673175811768	22.0	1e-06
10	29	506	2.4538357257843018	16.0	1e-06
10	30	507	2.5556464195251465	18.0	1e-06
10	31	508	2.5054028034210205	6.0	1e-06
10	32	509	2.312129020690918	20.0	1e-06
10	33	510	2.4430274963378906	6.0	1e-06
10	34	511	2.8396058082580566	6.0	1e-06
10	35	512	2.574284315109253	22.0	1e-06
10	36	513	2.8111236095428467	18.0	1e-06
10	37	514	2.2753608226776123	14.0	1e-06
10	38	515	2.3064122200012207	24.0	1e-06
10	39	516	2.557206153869629	8.0	1e-06
10	40	517	2.7703335285186768	18.0	1e-06
10	41	518	2.4061191082000732	22.0	1e-06
10	42	519	2.537993907928467	12.0	1e-06
10	43	520	2.8914072513580322	16.0	1e-06
10	44	521	2.4053947925567627	12.0	1e-06
10	45	522	2.324993371963501	14.0	1e-06
10	46	523	2.606724500656128	10.0	1e-06
10	47	524	2.89003849029541	10.0	1e-06
10	48	525	2.364157199859619	18.0	1e-06
10	49	526	2.5924887657165527	14.0	1e-06
10	50	527	2.142620325088501	34.0	1e-06
10	51	528	2.156740427017212	16.0	1e-06
10	52	529	2.7384610176086426	16.0	1e-06
10	53	530	2.7612483501434326	11.428571428571429	1e-06
11	1	531	2.76777982711792	20.0	1e-06
11	2	532	2.5530781745910645	20.0	1e-06
11	3	533	2.6345818042755127	6.0	1e-06
11	4	534	2.8927924633026123	14.0	1e-06
11	5	535	2.123206853866577	34.0	1e-06
11	6	536	2.2165610790252686	24.0	1e-06
11	7	537	2.604679584503174	18.0	1e-06
11	8	538	2.5029115676879883	14.0	1e-06
11	9	539	2.8803012371063232	6.0	1e-06
11	10	540	2.8801496028900146	18.0	1e-06
11	11	541	2.369607925415039	30.0	1e-06
11	12	542	2.497972011566162	12.0	1e-06
11	13	543	2.4756510257720947	14.0	1e-06
11	14	544	2.651815414428711	14.0	1e-06
11	15	545	2.6311159133911133	8.0	1e-06
11	16	546	2.4669013023376465	20.0	1e-06
11	17	547	2.5305962562561035	22.0	1e-06
11	18	548	2.5116117000579834	16.0	1e-06
11	19	549	2.5105419158935547	22.0	1e-06
11	20	550	2.427841901779175	18.0	1e-06
11	21	551	2.5525825023651123	20.0	1e-06
11	22	552	2.445253372192383	14.0	1e-06
11	23	553	2.641674280166626	6.0	1e-06
11	24	554	2.6126296520233154	20.0	1e-06
11	25	555	2.2953004837036133	26.0	1e-06
11	26	556	2.42661714553833	26.0	1e-06
11	27	557	2.290438652038574	22.0	1e-06
11	28	558	2.688924789428711	16.0	1e-06
11	29	559	2.2716078758239746	18.0	1e-06
11	30	560	2.458425283432007	12.0	1e-06
11	31	561	2.933065414428711	14.0	1e-06
11	32	562	2.3443892002105713	22.0	1e-06
11	33	563	2.6942129135131836	14.0	1e-06
11	34	564	3.0518264770507812	12.0	1e-06
11	35	565	3.011096477508545	8.0	1e-06
11	36	566	2.4592478275299072	12.0	1e-06
11	37	567	2.5358705520629883	20.0	1e-06
11	38	568	2.579033851623535	10.0	1e-06
11	39	569	2.3421356678009033	20.0	1e-06
11	40	570	2.476824998855591	16.0	1e-06
11	41	571	2.522101402282715	6.0	1e-06
11	42	572	2.234910726547241	14.0	1e-06
11	43	573	2.510974407196045	12.0	1e-06
11	44	574	2.4290990829467773	18.0	1e-06
11	45	575	2.4418954849243164	14.0	1e-06
11	46	576	2.6763105392456055	14.0	1e-06
11	47	577	2.413618564605713	14.0	1e-06
11	48	578	2.782332420349121	10.0	1e-06
11	49	579	2.568006992340088	10.0	1e-06
11	50	580	2.2275614738464355	26.0	1e-06
11	51	581	2.296156167984009	24.0	1e-06
11	52	582	2.234203577041626	26.0	1e-06
11	53	583	2.446650505065918	25.714285714285715	1e-06
12	1	584	2.421260356903076	12.0	1e-06
12	2	585	2.3822391033172607	16.0	1e-06
12	3	586	2.8993303775787354	12.0	1e-06
12	4	587	2.597993850708008	12.0	1e-06
12	5	588	3.388310432434082	10.0	1e-06
12	6	589	2.286256790161133	20.0	1e-06
12	7	590	2.359067440032959	8.0	1e-06
12	8	591	2.385770797729492	12.0	1e-06
12	9	592	2.1804072856903076	18.0	1e-06
12	10	593	2.1883459091186523	24.0	1e-06
12	11	594	2.652886390686035	4.0	1e-06
12	12	595	2.154106855392456	24.0	1e-06
12	13	596	2.0901076793670654	26.0	1e-06
12	14	597	2.5205559730529785	8.0	1e-06
12	15	598	2.466163396835327	12.0	1e-06
12	16	599	2.333523750305176	20.0	1e-06
12	17	600	2.43154239654541	14.0	1e-06
12	18	601	2.529850482940674	18.0	1e-06
12	19	602	2.496776580810547	20.0	1e-06
12	20	603	2.3824357986450195	18.0	1e-06
12	21	604	2.578897714614868	10.0	1e-06
12	22	605	2.359308958053589	14.0	1e-06
12	23	606	2.349228858947754	14.0	1e-06
12	24	607	2.2789173126220703	16.0	1e-06
12	25	608	2.4957892894744873	26.0	1e-06
12	26	609	2.5191376209259033	8.0	1e-06
12	27	610	2.1584889888763428	20.0	1e-06
12	28	611	2.460156202316284	14.0	1e-06
12	29	612	2.4093923568725586	14.0	1e-06
12	30	613	2.397712230682373	16.0	1e-06
12	31	614	2.8241918087005615	4.0	1e-06
12	32	615	2.4539437294006348	16.0	1e-06
12	33	616	2.550241708755493	22.0	1e-06
12	34	617	2.353588819503784	16.0	1e-06
12	35	618	2.397846221923828	16.0	1e-06
12	36	619	2.1211869716644287	26.0	1e-06
12	37	620	2.5068116188049316	8.0	1e-06
12	38	621	2.4339120388031006	14.0	1e-06
12	39	622	2.4052789211273193	16.0	1e-06
12	40	623	2.6702892780303955	14.0	1e-06
12	41	624	2.26057505607605	30.0	1e-06
12	42	625	2.3875362873077393	24.0	1e-06
12	43	626	2.567403554916382	16.0	1e-06
12	44	627	2.3040175437927246	16.0	1e-06
12	45	628	2.5203919410705566	12.0	1e-06
12	46	629	2.3417322635650635	24.0	1e-06
12	47	630	2.3424389362335205	22.0	1e-06
12	48	631	2.4620728492736816	12.0	1e-06
12	49	632	2.5029447078704834	22.0	1e-06
12	50	633	2.1253838539123535	26.0	1e-06
12	51	634	2.7109484672546387	12.0	1e-06
12	52	635	2.332515239715576	30.0	1e-06
12	53	636	2.455871105194092	20.0	1e-06
13	1	637	2.343499183654785	10.0	1e-06
13	2	638	2.556732416152954	18.0	1e-06
13	3	639	3.246736526489258	8.0	1e-06
13	4	640	2.1483845710754395	26.0	1e-06
13	5	641	2.72420597076416	12.0	1e-06
13	6	642	2.3577182292938232	16.0	1e-06
13	7	643	2.4302866458892822	20.0	1e-06
13	8	644	2.3720004558563232	14.0	1e-06
13	9	645	2.563436985015869	22.0	1e-06
13	10	646	2.600491523742676	12.0	1e-06
13	11	647	2.615034580230713	12.0	1e-06
13	12	648	2.3399219512939453	14.0	1e-06
13	13	649	2.5743393898010254	12.0	1e-06
13	14	650	2.1515471935272217	16.0	1e-06
13	15	651	2.465435743331909	16.0	1e-06
13	16	652	2.6745848655700684	10.0	1e-06
13	17	653	2.105137825012207	20.0	1e-06
13	18	654	2.6323928833007812	14.0	1e-06
13	19	655	2.393127679824829	18.0	1e-06
13	20	656	2.4404516220092773	20.0	1e-06
13	21	657	2.4468321800231934	18.0	1e-06
13	22	658	2.8513901233673096	6.0	1e-06
13	23	659	2.2672650814056396	20.0	1e-06
13	24	660	2.374690532684326	18.0	1e-06
13	25	661	2.800461769104004	22.0	1e-06
13	26	662	2.4685184955596924	20.0	1e-06
13	27	663	2.3165862560272217	12.0	1e-06
13	28	664	2.4838314056396484	16.0	1e-06
13	29	665	2.2800230979919434	24.0	1e-06
13	30	666	2.602433443069458	6.0	1e-06
13	31	667	2.3674533367156982	14.0	1e-06
13	32	668	2.618381977081299	14.0	1e-06
13	33	669	2.5086493492126465	12.0	1e-06
13	34	670	2.330800771713257	16.0	1e-06
13	35	671	2.5063393115997314	18.0	1e-06
13	36	672	2.4134819507598877	16.0	1e-06
13	37	673	2.6061458587646484	6.0	1e-06
13	38	674	3.243805170059204	8.0	1e-06
13	39	675	2.5142605304718018	14.0	1e-06
13	40	676	2.5899603366851807	24.0	1e-06
13	41	677	2.2886712551116943	28.0	1e-06
13	42	678	2.5287106037139893	16.0	1e-06
13	43	679	2.186131477355957	16.0	1e-06
13	44	680	2.7156195640563965	6.0	1e-06
13	45	681	2.4815876483917236	24.0	1e-06
13	46	682	2.3081443309783936	28.0	1e-06
13	47	683	2.4660227298736572	14.0	1e-06
13	48	684	2.858689785003662	8.0	1e-06
13	49	685	2.195993423461914	32.0	1e-06
13	50	686	2.316094398498535	16.0	1e-06
13	51	687	2.537684202194214	12.0	1e-06
13	52	688	2.438683032989502	16.0	1e-06
13	53	689	2.163180351257324	17.142857142857142	1e-06
14	1	690	2.2031970024108887	24.0	1e-06
14	2	691	2.316507339477539	18.0	1e-06
14	3	692	2.736381769180298	22.0	1e-06
14	4	693	2.322878360748291	10.0	1e-06
14	5	694	2.4917776584625244	20.0	1e-06
14	6	695	2.2151272296905518	22.0	1e-06
14	7	696	2.506220579147339	18.0	1e-06
14	8	697	2.483597755432129	10.0	1e-06
14	9	698	2.7087934017181396	14.0	1e-06
14	10	699	2.246040105819702	16.0	1e-06
14	11	700	2.999849557876587	14.0	1e-06
14	12	701	2.5520336627960205	20.0	1e-06
14	13	702	2.611783742904663	18.0	1e-06
14	14	703	2.5137252807617188	22.0	1e-06
14	15	704	2.3089776039123535	18.0	1e-06
14	16	705	2.5078258514404297	10.0	1e-06
14	17	706	2.5191597938537598	6.0	1e-06
14	18	707	2.3832027912139893	18.0	1e-06
14	19	708	2.628601312637329	12.0	1e-06
14	20	709	2.5018608570098877	12.0	1e-06
14	21	710	2.1907050609588623	20.0	1e-06
14	22	711	2.7469570636749268	8.0	1e-06
14	23	712	2.6568377017974854	14.0	1e-06
14	24	713	2.3767919540405273	18.0	1e-06
14	25	714	2.286867141723633	22.0	1e-06
14	26	715	2.7727413177490234	8.0	1e-06
14	27	716	2.118112325668335	28.0	1e-06
14	28	717	2.3614137172698975	28.0	1e-06
14	29	718	2.4930968284606934	20.0	1e-06
14	30	719	2.520470380783081	12.0	1e-06
14	31	720	2.722907304763794	8.0	1e-06
14	32	721	2.285931348800659	20.0	1e-06
14	33	722	2.505783796310425	12.0	1e-06
14	34	723	2.301790714263916	18.0	1e-06
14	35	724	2.636025905609131	4.0	1e-06
14	36	725	2.6219828128814697	18.0	1e-06
14	37	726	2.31070613861084	16.0	1e-06
14	38	727	2.2274107933044434	26.0	1e-06
14	39	728	2.0622010231018066	28.0	1e-06
14	40	729	2.4428911209106445	18.0	1e-06
14	41	730	2.180689573287964	22.0	1e-06
14	42	731	2.321107864379883	18.0	1e-06
14	43	732	2.455453872680664	20.0	1e-06
14	44	733	2.509932041168213	18.0	1e-06
14	45	734	2.3679113388061523	16.0	1e-06
14	46	735	1.9595119953155518	26.0	1e-06
14	47	736	2.2357351779937744	32.0	1e-06
14	48	737	2.342930555343628	24.0	1e-06
14	49	738	2.1861696243286133	24.0	1e-06
14	50	739	2.4057531356811523	14.0	1e-06
14	51	740	2.4197866916656494	22.0	1e-06
14	52	741	2.3258800506591797	20.0	1e-06
14	53	742	2.32258677482605	17.142857142857142	1e-06
15	1	743	2.513749599456787	14.0	1e-06
15	2	744	2.152726650238037	24.0	1e-06
15	3	745	2.546804904937744	20.0	1e-06
15	4	746	2.5409631729125977	12.0	1e-06
15	5	747	2.4464991092681885	16.0	1e-06
15	6	748	2.026963710784912	32.0	1e-06
15	7	749	2.3407669067382812	16.0	1e-06
15	8	750	2.4952573776245117	8.0	1e-06
15	9	751	2.3365347385406494	22.0	1e-06
15	10	752	2.2798728942871094	14.0	1e-06
15	11	753	2.2495269775390625	18.0	1e-06
15	12	754	2.166276454925537	32.0	1e-06
15	13	755	2.049692392349243	26.0	1e-06
15	14	756	2.152327060699463	28.0	1e-06
15	15	757	2.2483136653900146	22.0	1e-06
15	16	758	2.251199722290039	18.0	1e-06
15	17	759	2.3002309799194336	24.0	1e-06
15	18	760	2.679180383682251	10.0	1e-06
15	19	761	2.1022989749908447	26.0	1e-06
15	20	762	2.3571794033050537	24.0	1e-06
15	21	763	2.3326284885406494	18.0	1e-06
15	22	764	2.0722649097442627	32.0	1e-06
15	23	765	2.5980606079101562	16.0	1e-06
15	24	766	2.135235071182251	22.0	1e-06
15	25	767	2.123985767364502	28.0	1e-06
15	26	768	2.170896291732788	20.0	1e-06
15	27	769	2.3835935592651367	22.0	1e-06
15	28	770	2.4966278076171875	24.0	1e-06
15	29	771	2.5997824668884277	8.0	1e-06
15	30	772	2.7147650718688965	10.0	1e-06
15	31	773	2.2421560287475586	26.0	1e-06
15	32	774	2.0850632190704346	26.0	1e-06
15	33	775	2.255845069885254	18.0	1e-06
15	34	776	2.1979763507843018	18.0	1e-06
15	35	777	2.2196173667907715	20.0	1e-06
15	36	778	2.246182441711426	30.0	1e-06
15	37	779	2.3274483680725098	20.0	1e-06
15	38	780	2.323490619659424	14.0	1e-06
15	39	781	2.2880361080169678	28.0	1e-06
15	40	782	2.363776206970215	16.0	1e-06
15	41	783	2.4219117164611816	16.0	1e-06
15	42	784	2.401604413986206	16.0	1e-06
15	43	785	2.6976568698883057	22.0	1e-06
15	44	786	2.292273998260498	16.0	1e-06
15	45	787	2.083131790161133	30.0	1e-06
15	46	788	2.437403678894043	18.0	1e-06
15	47	789	2.0755045413970947	20.0	1e-06
15	48	790	2.493878126144409	20.0	1e-06
15	49	791	2.4252328872680664	10.0	1e-06
15	50	792	2.155266046524048	32.0	1e-06
15	51	793	2.6725409030914307	14.0	1e-06
15	52	794	2.4496121406555176	16.0	1e-06
15	53	795	2.2816219329833984	17.142857142857142	1e-06
16	1	796	2.4381699562072754	8.0	1e-06
16	2	797	3.1079323291778564	10.0	1e-06
16	3	798	2.204800844192505	28.0	1e-06
16	4	799	2.4437897205352783	20.0	1e-06
16	5	800	2.198202133178711	18.0	1e-06
16	6	801	2.1923210620880127	18.0	1e-06
16	7	802	2.425718069076538	20.0	1e-06
16	8	803	2.294050931930542	18.0	1e-06
16	9	804	2.2846839427948	10.0	1e-06
16	10	805	2.37357759475708	24.0	1e-06
16	11	806	2.2375588417053223	20.0	1e-06
16	12	807	2.1508569717407227	38.0	1e-06
16	13	808	2.611248731613159	22.0	1e-06
16	14	809	2.381978988647461	22.0	1e-06
16	15	810	2.417792320251465	24.0	1e-06
16	16	811	2.356825113296509	20.0	1e-06
16	17	812	2.573211669921875	10.0	1e-06
16	18	813	2.3945446014404297	30.0	1e-06
16	19	814	2.491467237472534	16.0	1e-06
16	20	815	2.218543767929077	28.0	1e-06
16	21	816	2.2123806476593018	28.0	1e-06
16	22	817	2.2399606704711914	24.0	1e-06
16	23	818	2.447199821472168	18.0	1e-06
16	24	819	1.9232515096664429	38.0	1e-06
16	25	820	2.627636432647705	10.0	1e-06
16	26	821	2.350318193435669	22.0	1e-06
16	27	822	2.2954514026641846	24.0	1e-06
16	28	823	2.0684995651245117	36.0	1e-06
16	29	824	2.6998226642608643	14.0	1e-06
16	30	825	2.1201367378234863	30.0	1e-06
16	31	826	2.390425205230713	20.0	1e-06
16	32	827	2.194471597671509	26.0	1e-06
16	33	828	2.312954902648926	20.0	1e-06
16	34	829	2.574209690093994	18.0	1e-06
16	35	830	2.242648124694824	22.0	1e-06
16	36	831	2.301978826522827	22.0	1e-06
16	37	832	2.582818031311035	6.0	1e-06
16	38	833	2.2006163597106934	32.0	1e-06
16	39	834	2.3168487548828125	20.0	1e-06
16	40	835	2.627526044845581	24.0	1e-06
16	41	836	2.425229787826538	14.0	1e-06
16	42	837	2.547724962234497	16.0	1e-06
16	43	838	2.0266242027282715	28.0	1e-06
16	44	839	2.229391574859619	22.0	1e-06
16	45	840	2.3125624656677246	20.0	1e-06
16	46	841	2.376797676086426	16.0	1e-06
16	47	842	2.2289609909057617	20.0	1e-06
16	48	843	1.9440094232559204	38.0	1e-06
16	49	844	2.2751710414886475	24.0	1e-06
16	50	845	2.1125330924987793	26.0	1e-06
16	51	846	2.563368558883667	12.0	1e-06
16	52	847	2.3795247077941895	20.0	1e-06
16	53	848	2.475898504257202	11.428571428571429	1e-06
17	1	849	2.190516471862793	28.0	1e-06
17	2	850	2.4768331050872803	14.0	1e-06
17	3	851	2.2717597484588623	20.0	1e-06
17	4	852	2.0933008193969727	30.0	1e-06
17	5	853	1.9824402332305908	22.0	1e-06
17	6	854	2.2239725589752197	28.0	1e-06
17	7	855	2.1152870655059814	24.0	1e-06
17	8	856	2.500711679458618	14.0	1e-06
17	9	857	2.0665605068206787	24.0	1e-06
17	10	858	2.3917183876037598	26.0	1e-06
17	11	859	2.400890588760376	18.0	1e-06
17	12	860	2.126904249191284	30.0	1e-06
17	13	861	1.9864071607589722	34.0	1e-06
17	14	862	2.615354299545288	20.0	1e-06
17	15	863	2.5238423347473145	16.0	1e-06
17	16	864	2.0322258472442627	30.0	1e-06
17	17	865	2.361349582672119	16.0	1e-06
17	18	866	2.305813789367676	18.0	1e-06
17	19	867	2.1734719276428223	30.0	1e-06
17	20	868	2.2446329593658447	26.0	1e-06
17	21	869	2.268338203430176	22.0	1e-06
17	22	870	2.078200578689575	26.0	1e-06
17	23	871	2.602724552154541	10.0	1e-06
17	24	872	2.168250799179077	28.0	1e-06
17	25	873	2.4639408588409424	16.0	1e-06
17	26	874	2.195075035095215	20.0	1e-06
17	27	875	2.0907814502716064	24.0	1e-06
17	28	876	2.1918411254882812	26.0	1e-06
17	29	877	2.30373477935791	24.0	1e-06
17	30	878	2.7824790477752686	10.0	1e-06
17	31	879	1.9240331649780273	40.0	1e-06
17	32	880	2.04396915435791	38.0	1e-06
17	33	881	2.225736618041992	16.0	1e-06
17	34	882	1.8853120803833008	34.0	1e-06
17	35	883	2.090090751647949	32.0	1e-06
17	36	884	2.4431564807891846	28.0	1e-06
17	37	885	2.180223226547241	24.0	1e-06
17	38	886	2.2718629837036133	28.0	1e-06
17	39	887	2.402480125427246	22.0	1e-06
17	40	888	2.4643874168395996	20.0	1e-06
17	41	889	2.202826499938965	28.0	1e-06
17	42	890	2.1725308895111084	26.0	1e-06
17	43	891	2.277752637863159	22.0	1e-06
17	44	892	2.2085304260253906	16.0	1e-06
17	45	893	2.1820414066314697	16.0	1e-06
17	46	894	2.486860990524292	22.0	1e-06
17	47	895	2.264968156814575	20.0	1e-06
17	48	896	2.143681764602661	32.0	1e-06
17	49	897	2.6772701740264893	24.0	1e-06
17	50	898	2.2375948429107666	20.0	1e-06
17	51	899	2.3882229328155518	28.0	1e-06
17	52	900	2.268489122390747	22.0	1e-06
17	53	901	2.1523871421813965	14.285714285714286	1e-06
18	1	902	2.5740785598754883	20.0	1e-06
18	2	903	2.3656442165374756	16.0	1e-06
18	3	904	2.3184547424316406	26.0	1e-06
18	4	905	2.0759217739105225	28.0	1e-06
18	5	906	2.2856340408325195	26.0	1e-06
18	6	907	2.4352898597717285	18.0	1e-06
18	7	908	2.1394195556640625	34.0	1e-06
18	8	909	2.320005416870117	26.0	1e-06
18	9	910	2.2736048698425293	32.0	1e-06
18	10	911	2.3736331462860107	22.0	1e-06
18	11	912	2.1260077953338623	26.0	1e-06
18	12	913	2.028477191925049	32.0	1e-06
18	13	914	2.0865519046783447	26.0	1e-06
18	14	915	2.0658881664276123	26.0	1e-06
18	15	916	2.1490225791931152	28.0	1e-06
18	16	917	2.3894951343536377	16.0	1e-06
18	17	918	2.395434856414795	18.0	1e-06
18	18	919	2.417120933532715	24.0	1e-06
18	19	920	2.1644203662872314	24.0	1e-06
18	20	921	2.2673840522766113	30.0	1e-06
18	21	922	2.1729001998901367	24.0	1e-06
18	22	923	2.504354238510132	16.0	1e-06
18	23	924	2.285322427749634	20.0	1e-06
18	24	925	2.5441219806671143	24.0	1e-06
18	25	926	2.141627311706543	22.0	1e-06
18	26	927	2.2796285152435303	26.0	1e-06
18	27	928	2.378394842147827	12.0	1e-06
18	28	929	2.1377294063568115	30.0	1e-06
18	29	930	2.221250295639038	28.0	1e-06
18	30	931	2.136308431625366	32.0	1e-06
18	31	932	2.1718590259552	18.0	1e-06
18	32	933	2.322662830352783	18.0	1e-06
18	33	934	2.2316486835479736	22.0	1e-06
18	34	935	2.026949167251587	34.0	1e-06
18	35	936	2.0930004119873047	34.0	1e-06
18	36	937	2.2384250164031982	14.0	1e-06
18	37	938	2.170957088470459	36.0	1e-06
18	38	939	2.261807441711426	28.0	1e-06
18	39	940	2.1732773780822754	22.0	1e-06
18	40	941	2.609375	10.0	1e-06
18	41	942	2.0359315872192383	30.0	1e-06
18	42	943	2.0326361656188965	28.0	1e-06
18	43	944	2.100447177886963	20.0	1e-06
18	44	945	2.2950479984283447	22.0	1e-06
18	45	946	2.155707359313965	22.0	1e-06
18	46	947	2.3672735691070557	14.0	1e-06
18	47	948	2.2505223751068115	22.0	1e-06
18	48	949	2.362854242324829	18.0	1e-06
18	49	950	2.2068822383880615	22.0	1e-06
18	50	951	2.0255136489868164	32.0	1e-06
18	51	952	2.1757493019104004	30.0	1e-06
18	52	953	2.2934727668762207	22.0	1e-06
18	53	954	2.3801536560058594	40.0	1e-06
19	1	955	2.169191837310791	26.0	1e-06
19	2	956	2.1224565505981445	26.0	1e-06
19	3	957	2.155846357345581	32.0	1e-06
19	4	958	2.630495309829712	12.0	1e-06
19	5	959	2.7125229835510254	20.0	1e-06
19	6	960	2.202491044998169	34.0	1e-06
19	7	961	2.3096396923065186	16.0	1e-06
19	8	962	2.428393840789795	22.0	1e-06
19	9	963	2.5174953937530518	20.0	1e-06
19	10	964	2.5336756706237793	16.0	1e-06
19	11	965	2.020784378051758	30.0	1e-06
19	12	966	2.2945451736450195	18.0	1e-06
19	13	967	2.1905922889709473	20.0	1e-06
19	14	968	2.2996511459350586	26.0	1e-06
19	15	969	1.90788996219635	22.0	1e-06
19	16	970	1.9785212278366089	36.0	1e-06
19	17	971	2.140345335006714	28.0	1e-06
19	18	972	2.1004586219787598	34.0	1e-06
19	19	973	1.9655598402023315	32.0	1e-06
19	20	974	2.4997787475585938	16.0	1e-06
19	21	975	2.091797351837158	24.0	1e-06
19	22	976	1.9772865772247314	26.0	1e-06
19	23	977	2.17454195022583	30.0	1e-06
19	24	978	2.458162307739258	24.0	1e-06
19	25	979	2.3706865310668945	18.0	1e-06
19	26	980	2.1973965167999268	20.0	1e-06
19	27	981	2.458190679550171	16.0	1e-06
19	28	982	2.0358147621154785	22.0	1e-06
19	29	983	2.13718843460083	34.0	1e-06
19	30	984	2.2425291538238525	16.0	1e-06
19	31	985	2.215611696243286	20.0	1e-06
19	32	986	2.018714189529419	34.0	1e-06
19	33	987	2.092954635620117	28.0	1e-06
19	34	988	1.9220542907714844	30.0	1e-06
19	35	989	2.0862412452697754	32.0	1e-06
19	36	990	2.208678722381592	28.0	1e-06
19	37	991	2.3310205936431885	22.0	1e-06
19	38	992	2.014382839202881	32.0	1e-06
19	39	993	2.296238660812378	14.0	1e-06
19	40	994	2.2294487953186035	30.0	1e-06
19	41	995	1.9497206211090088	36.0	1e-06
19	42	996	2.343888998031616	24.0	1e-06
19	43	997	2.0381555557250977	30.0	1e-06
19	44	998	2.323723077774048	20.0	1e-06
19	45	999	2.2517213821411133	18.0	1e-06
19	46	1000	2.1727583408355713	28.0	1e-06
19	47	1001	2.0736443996429443	38.0	1e-06
19	48	1002	2.382836103439331	26.0	1e-06
19	49	1003	2.417621612548828	14.0	1e-06
19	50	1004	2.3542680740356445	26.0	1e-06
19	51	1005	2.1275136470794678	32.0	1e-06
19	52	1006	2.1056642532348633	28.0	1e-06
19	53	1007	2.28723406791687	22.857142857142858	1e-06
20	1	1008	2.3936824798583984	28.0	1e-06
20	2	1009	2.1662240028381348	36.0	1e-06
20	3	1010	2.249082326889038	22.0	1e-06
20	4	1011	2.253347635269165	20.0	1e-06
20	5	1012	2.690639019012451	8.0	1e-06
20	6	1013	1.853002667427063	38.0	1e-06
20	7	1014	2.115046262741089	26.0	1e-06
20	8	1015	2.2023184299468994	30.0	1e-06
20	9	1016	2.3213820457458496	24.0	1e-06
20	10	1017	2.4226715564727783	16.0	1e-06
20	11	1018	2.0417208671569824	28.0	1e-06
20	12	1019	2.481396436691284	28.0	1e-06
20	13	1020	2.178889036178589	28.0	1e-06
20	14	1021	2.0747334957122803	30.0	1e-06
20	15	1022	2.158468723297119	18.0	1e-06
20	16	1023	2.498520851135254	16.0	1e-06
20	17	1024	2.1892354488372803	30.0	1e-06
20	18	1025	2.3973145484924316	14.0	1e-06
20	19	1026	2.0151517391204834	24.0	1e-06
20	20	1027	2.0528769493103027	18.0	1e-06
20	21	1028	2.0142195224761963	30.0	1e-06
20	22	1029	2.292123794555664	24.0	1e-06
20	23	1030	2.1299664974212646	32.0	1e-06
20	24	1031	1.9796391725540161	42.0	1e-06
20	25	1032	2.2571494579315186	28.0	1e-06
20	26	1033	2.3598978519439697	22.0	1e-06
20	27	1034	2.0850489139556885	30.0	1e-06
20	28	1035	2.132786750793457	26.0	1e-06
20	29	1036	2.0013926029205322	26.0	1e-06
20	30	1037	1.7962554693222046	38.0	1e-06
20	31	1038	1.9225813150405884	40.0	1e-06
20	32	1039	2.4616715908050537	12.0	1e-06
20	33	1040	1.8611171245574951	36.0	1e-06
20	34	1041	2.035977840423584	32.0	1e-06
20	35	1042	2.278144121170044	26.0	1e-06
20	36	1043	2.1623003482818604	20.0	1e-06
20	37	1044	1.7373437881469727	50.0	1e-06
20	38	1045	2.373770236968994	20.0	1e-06
20	39	1046	2.014857769012451	24.0	1e-06
20	40	1047	2.123391628265381	28.0	1e-06
20	41	1048	2.3608639240264893	24.0	1e-06
20	42	1049	2.2166640758514404	20.0	1e-06
20	43	1050	2.066584587097168	34.0	1e-06
20	44	1051	1.9803359508514404	28.0	1e-06
20	45	1052	2.3696582317352295	22.0	1e-06
20	46	1053	2.168205976486206	32.0	1e-06
20	47	1054	2.191758155822754	22.0	1e-06
20	48	1055	2.100330352783203	26.0	1e-06
20	49	1056	2.43587064743042	18.0	1e-06
20	50	1057	2.385554552078247	20.0	1e-06
20	51	1058	2.636728525161743	14.0	1e-06
20	52	1059	1.8892314434051514	38.0	1e-06
20	53	1060	2.5094711780548096	22.857142857142858	1e-06
21	1	1061	2.129162073135376	30.0	1e-06
21	2	1062	1.9527502059936523	36.0	1e-06
21	3	1063	2.063499689102173	20.0	1e-06
21	4	1064	2.3817758560180664	16.0	1e-06
21	5	1065	2.3251278400421143	22.0	1e-06
21	6	1066	2.2898497581481934	26.0	1e-06
21	7	1067	2.0442590713500977	22.0	1e-06
21	8	1068	2.0918822288513184	28.0	1e-06
21	9	1069	2.1500983238220215	28.0	1e-06
21	10	1070	2.4610419273376465	18.0	1e-06
21	11	1071	2.606740951538086	26.0	1e-06
21	12	1072	1.9955177307128906	32.0	1e-06
21	13	1073	2.007136583328247	30.0	1e-06
21	14	1074	1.9371792078018188	34.0	1e-06
21	15	1075	2.129943609237671	24.0	1e-06
21	16	1076	1.9502383470535278	32.0	1e-06
21	17	1077	2.1311254501342773	26.0	1e-06
21	18	1078	1.9969629049301147	30.0	1e-06
21	19	1079	2.3748815059661865	30.0	1e-06
21	20	1080	2.1423139572143555	28.0	1e-06
21	21	1081	2.2543680667877197	28.0	1e-06
21	22	1082	2.0518171787261963	22.0	1e-06
21	23	1083	2.119051456451416	24.0	1e-06
21	24	1084	1.9496853351593018	32.0	1e-06
21	25	1085	1.9838184118270874	20.0	1e-06
21	26	1086	2.055189609527588	32.0	1e-06
21	27	1087	2.253455400466919	18.0	1e-06
21	28	1088	2.1765434741973877	18.0	1e-06
21	29	1089	1.9615718126296997	28.0	1e-06
21	30	1090	1.945346713066101	32.0	1e-06
21	31	1091	2.0376806259155273	30.0	1e-06
21	32	1092	2.5759494304656982	20.0	1e-06
21	33	1093	2.0229668617248535	22.0	1e-06
21	34	1094	2.100667715072632	38.0	1e-06
21	35	1095	2.1012744903564453	26.0	1e-06
21	36	1096	2.2463207244873047	28.0	1e-06
21	37	1097	2.0297646522521973	32.0	1e-06
21	38	1098	1.8739607334136963	34.0	1e-06
21	39	1099	2.2993481159210205	28.0	1e-06
21	40	1100	1.7851078510284424	42.0	1e-06
21	41	1101	2.0385079383850098	36.0	1e-06
21	42	1102	2.099074363708496	28.0	1e-06
21	43	1103	2.5236976146698	28.0	1e-06
21	44	1104	2.0232295989990234	30.0	1e-06
21	45	1105	2.072512626647949	28.0	1e-06
21	46	1106	1.819290041923523	38.0	1e-06
21	47	1107	2.1914031505584717	42.0	1e-06
21	48	1108	2.2910163402557373	26.0	1e-06
21	49	1109	1.80014967918396	48.0	1e-06
21	50	1110	2.0548179149627686	18.0	1e-06
21	51	1111	1.800341010093689	34.0	1e-06
21	52	1112	2.2031047344207764	28.0	1e-06
21	53	1113	2.073993444442749	37.142857142857146	1e-06
22	1	1114	2.2499938011169434	24.0	1e-06
22	2	1115	1.9050920009613037	30.0	1e-06
22	3	1116	2.163719892501831	28.0	1e-06
22	4	1117	1.919711947441101	34.0	1e-06
22	5	1118	2.9416260719299316	24.0	1e-06
22	6	1119	2.4973437786102295	22.0	1e-06
22	7	1120	2.1028871536254883	24.0	1e-06
22	8	1121	2.3982701301574707	18.0	1e-06
22	9	1122	2.3157317638397217	18.0	1e-06
22	10	1123	1.9576956033706665	30.0	1e-06
22	11	1124	2.5110771656036377	10.0	1e-06
22	12	1125	1.9714932441711426	18.0	1e-06
22	13	1126	2.0398359298706055	34.0	1e-06
22	14	1127	1.6086796522140503	50.0	1e-06
22	15	1128	2.110386371612549	26.0	1e-06
22	16	1129	2.4946842193603516	14.0	1e-06
22	17	1130	2.1596453189849854	22.0	1e-06
22	18	1131	2.086456060409546	32.0	1e-06
22	19	1132	2.4037961959838867	18.0	1e-06
22	20	1133	2.148052215576172	22.0	1e-06
22	21	1134	1.9396138191223145	36.0	1e-06
22	22	1135	2.159292697906494	26.0	1e-06
22	23	1136	1.945091962814331	32.0	1e-06
22	24	1137	1.8933477401733398	26.0	1e-06
22	25	1138	2.2387161254882812	24.0	1e-06
22	26	1139	1.848228931427002	36.0	1e-06
22	27	1140	2.4025611877441406	18.0	1e-06
22	28	1141	2.0568180084228516	28.0	1e-06
22	29	1142	1.9661877155303955	30.0	1e-06
22	30	1143	2.0637924671173096	32.0	1e-06
22	31	1144	2.206927537918091	26.0	1e-06
22	32	1145	1.8337544202804565	36.0	1e-06
22	33	1146	2.1533796787261963	26.0	1e-06
22	34	1147	1.9395610094070435	40.0	1e-06
22	35	1148	2.3120012283325195	32.0	1e-06
22	36	1149	2.2672922611236572	28.0	1e-06
22	37	1150	2.029602289199829	30.0	1e-06
22	38	1151	2.111861228942871	34.0	1e-06
22	39	1152	2.150514841079712	28.0	1e-06
22	40	1153	1.959834337234497	32.0	1e-06
22	41	1154	2.2761471271514893	20.0	1e-06
22	42	1155	1.7208149433135986	40.0	1e-06
22	43	1156	2.173353672027588	22.0	1e-06
22	44	1157	2.059447765350342	30.0	1e-06
22	45	1158	1.9749752283096313	32.0	1e-06
22	46	1159	2.0768649578094482	26.0	1e-06
22	47	1160	2.212479829788208	24.0	1e-06
22	48	1161	1.8734256029129028	32.0	1e-06
22	49	1162	2.0604586601257324	32.0	1e-06
22	50	1163	2.1435303688049316	30.0	1e-06
22	51	1164	2.1706230640411377	30.0	1e-06
22	52	1165	1.9440960884094238	26.0	1e-06
22	53	1166	2.114631175994873	17.142857142857142	1e-06
