epoch	loss	acc	lr
1	3.159772489381873	0.10434782608695652	0.001
2	2.431106899095618	0.1826086956521739	0.001
3	2.648117728855299	0.21739130434782608	0.001
4	2.039824216262154	0.3391304347826087	0.001
5	1.801208444263624	0.43478260869565216	0.001
6	1.8115658034449038	0.40869565217391307	0.001
7	1.7118892876998237	0.41739130434782606	0.001
8	1.6520625145538994	0.3826086956521739	0.001
9	1.6319302164989968	0.28695652173913044	0.001
10	1.6259084525315657	0.4260869565217391	0.001
11	1.6510093574938567	0.391304347826087	0.001
12	1.6530193349589473	0.34782608695652173	0.001
13	1.4842125903005186	0.3652173913043478	0.001
14	1.5332232402718586	0.40869565217391307	0.001
15	1.765123470969822	0.33043478260869563	0.001
16	1.4760108201400093	0.43478260869565216	0.001
17	1.48724539383598	0.4782608695652174	0.001
18	1.543097760366357	0.43478260869565216	0.001
19	1.3261289078256357	0.4956521739130435	0.001
20	1.4347207909045012	0.41739130434782606	0.001
21	1.2533874045247617	0.4608695652173913	0.001
22	1.2541609639706819	0.5043478260869565	0.001
23	1.3886210140974626	0.4434782608695652	0.001
24	1.2843806432641072	0.4782608695652174	0.001
25	1.3402585413144983	0.5304347826086957	0.001
26	1.389604495919269	0.48695652173913045	0.001
27	1.184755107630854	0.5826086956521739	0.0001
28	1.183654370515243	0.5739130434782609	0.0001
29	1.2035813694414885	0.5130434782608696	0.0001
30	1.0842073041459788	0.6086956521739131	0.0001
31	1.156877937524215	0.6086956521739131	0.0001
32	1.131926873455877	0.6	0.0001
33	1.0368874021198438	0.5652173913043478	0.0001
34	1.0775089315746142	0.6086956521739131	0.0001
35	0.9736486310544221	0.6347826086956522	0.0001
36	1.0071827665619228	0.6260869565217392	0.0001
37	1.202289519102677	0.5217391304347826	0.0001
38	0.9642418286074763	0.6	0.0001
39	1.0609114688375723	0.5826086956521739	0.0001
40	0.9719558954238892	0.6608695652173913	0.0001
41	0.9072048767753269	0.6695652173913044	0.0001
42	0.8978281746739927	0.6521739130434783	0.0001
43	0.9459156419919885	0.6347826086956522	0.0001
44	1.0011071174041084	0.6086956521739131	0.0001
45	0.963013566058615	0.6347826086956522	0.0001
46	0.8566973598107047	0.7130434782608696	0.0001
47	0.8592855386112047	0.7043478260869566	0.0001
48	0.9490108593650486	0.6	0.0001
49	0.7696442759555319	0.7391304347826086	0.0001
50	0.9240487891694774	0.6260869565217392	0.0001
51	0.8733982236489005	0.6434782608695652	0.0001
52	0.8494148928186168	0.6869565217391305	0.0001
53	1.0133058091868525	0.6521739130434783	0.0001
54	0.893930707288825	0.6434782608695652	0.0001
55	0.805374783018361	0.7130434782608696	0.0001
56	0.7927692454794179	0.7565217391304347	0.0001
57	0.8997329318005106	0.5826086956521739	0.0001
58	0.8787025783372961	0.6521739130434783	1e-05
59	0.8106125178544418	0.6869565217391305	1e-05
60	0.7955676965091539	0.6782608695652174	1e-05
61	0.7655086258183355	0.6521739130434783	1e-05
62	0.8683223750280298	0.6869565217391305	1e-05
63	0.8092167947603308	0.6956521739130435	1e-05
64	0.8316333967706432	0.7043478260869566	1e-05
65	0.9304111366686614	0.6260869565217392	1e-05
66	0.753149258053821	0.7478260869565218	1e-05
67	0.7042492835418038	0.7565217391304347	1e-05
68	0.7857548516729603	0.7304347826086957	1e-05
69	0.7132972582526829	0.7043478260869566	1.0000000000000002e-06
70	0.8306576661441637	0.6608695652173913	1.0000000000000002e-06
71	0.800715016282123	0.6956521739130435	1.0000000000000002e-06
72	0.8330609228300012	0.6782608695652174	1.0000000000000002e-06
73	0.7036482847255209	0.7478260869565218	1.0000000000000002e-06
74	0.8514119075692218	0.6956521739130435	1.0000000000000002e-06
75	0.7742692983668783	0.6695652173913044	1.0000000000000002e-06
76	0.8070207989734152	0.7043478260869566	1.0000000000000002e-06
77	0.7577137532441512	0.7217391304347827	1.0000000000000002e-06
78	0.740333510481793	0.7304347826086957	1.0000000000000002e-06
79	0.7988162740417148	0.7043478260869566	1.0000000000000002e-06
80	0.6587549240692802	0.7565217391304347	1.0000000000000002e-07
81	0.8000154598899509	0.7478260869565218	1.0000000000000002e-07
82	0.8704999581627224	0.6608695652173913	1.0000000000000002e-07
83	0.7048697082892709	0.7217391304347827	1.0000000000000002e-07
84	0.7081771337467692	0.6956521739130435	1.0000000000000002e-07
85	0.7090919484262881	0.7739130434782608	1.0000000000000002e-07
86	0.7847939885180929	0.6869565217391305	1.0000000000000002e-07
87	0.8092956076497617	0.7391304347826086	1.0000000000000002e-07
88	0.8458770850430364	0.7043478260869566	1.0000000000000002e-07
89	0.8473703628001006	0.6434782608695652	1.0000000000000002e-07
90	0.7618837330652319	0.6782608695652174	1.0000000000000002e-07
91	0.8530862227730129	0.6782608695652174	1.0000000000000004e-08
92	0.8389092320981233	0.7130434782608696	1.0000000000000004e-08
93	0.8842917369759601	0.6956521739130435	1.0000000000000004e-08
94	0.7663065039593241	0.7304347826086957	1.0000000000000004e-08
95	0.8620892970458321	0.7217391304347827	1.0000000000000004e-08
96	0.8260086619335673	0.6869565217391305	1.0000000000000004e-08
97	0.7803362219229989	0.7043478260869566	1.0000000000000004e-08
98	0.7037840537402941	0.7130434782608696	1.0000000000000004e-08
99	0.8209094482919445	0.6782608695652174	1.0000000000000004e-08
100	0.841075404830601	0.6869565217391305	1.0000000000000004e-08
101	0.6898003972094991	0.7652173913043478	1.0000000000000004e-08
102	0.8130398055781489	0.6695652173913044	1.0000000000000004e-08
103	0.8411500609439352	0.6695652173913044	1.0000000000000004e-08
104	0.7379647571107616	0.7130434782608696	1.0000000000000004e-08
105	0.7869302526764248	0.6521739130434783	1.0000000000000004e-08
106	0.8058658941932346	0.7217391304347827	1.0000000000000004e-08
107	0.9265445729960566	0.6434782608695652	1.0000000000000004e-08
108	0.704269870467808	0.7478260869565218	1.0000000000000004e-08
109	0.6191340684890747	0.7478260869565218	1.0000000000000004e-08
110	0.7668401002883911	0.6869565217391305	1.0000000000000004e-08
111	0.7410197957702305	0.7130434782608696	1.0000000000000004e-08
112	0.7444150396015333	0.6782608695652174	1.0000000000000004e-08
113	0.6698971960855566	0.7739130434782608	1.0000000000000004e-08
114	0.6232070404550304	0.7652173913043478	1.0000000000000004e-08
115	0.8652113727901293	0.7130434782608696	1.0000000000000004e-08
116	0.6558083295822144	0.7391304347826086	1.0000000000000004e-08
117	0.6445546720338904	0.7304347826086957	1.0000000000000004e-08
118	0.9549678382666215	0.6521739130434783	1.0000000000000004e-08
119	0.7875927945841914	0.7217391304347827	1.0000000000000004e-08
120	0.7802503808684971	0.6782608695652174	1.0000000000000004e-08
121	0.8029067645902219	0.6869565217391305	1.0000000000000004e-08
122	0.8403768772664277	0.6260869565217392	1.0000000000000004e-08
123	0.7234481624934984	0.7652173913043478	1.0000000000000004e-08
124	0.893549963184025	0.7043478260869566	1.0000000000000004e-08
125	0.7238960551178973	0.6869565217391305	1.0000000000000004e-08
126	0.6628889389660048	0.7478260869565218	1.0000000000000004e-08
127	0.8775700149328812	0.6695652173913044	1.0000000000000004e-08
128	0.7093308853066486	0.7565217391304347	1.0000000000000004e-08
129	0.6707933078641477	0.7739130434782608	1.0000000000000004e-08
130	0.8994966123415076	0.6869565217391305	1.0000000000000004e-08
131	0.6681378691092782	0.7304347826086957	1.0000000000000004e-08
132	0.8199872789175614	0.7130434782608696	1.0000000000000004e-08
133	0.9557606085487034	0.6260869565217392	1.0000000000000004e-08
134	0.8378993220951246	0.6869565217391305	1.0000000000000004e-08
135	0.7605330969976343	0.6608695652173913	1.0000000000000004e-08
136	0.7544724215631899	0.7130434782608696	1.0000000000000004e-08
137	0.6673309880754222	0.7565217391304347	1.0000000000000004e-08
138	0.9041091436925142	0.6695652173913044	1.0000000000000004e-08
139	0.7504714727401733	0.6782608695652174	1.0000000000000004e-08
140	0.644517940023671	0.7565217391304347	1.0000000000000004e-08
141	0.7167453636293826	0.7043478260869566	1.0000000000000004e-08
142	0.7552898681682089	0.6956521739130435	1.0000000000000004e-08
143	0.7849072969478109	0.6869565217391305	1.0000000000000004e-08
144	0.7865375669106193	0.6608695652173913	1.0000000000000004e-08
145	0.8174487430116405	0.6869565217391305	1.0000000000000004e-08
146	0.7700826629348423	0.7217391304347827	1.0000000000000004e-08
147	0.8682320169780565	0.6347826086956522	1.0000000000000004e-08
148	0.7150470044301904	0.7043478260869566	1.0000000000000004e-08
149	0.8542853749316671	0.6956521739130435	1.0000000000000004e-08
150	0.7077704564384792	0.7391304347826086	1.0000000000000004e-08
151	0.7517356509747712	0.6782608695652174	1.0000000000000004e-08
152	0.7381959583448328	0.7130434782608696	1.0000000000000004e-08
153	0.748975712320079	0.7043478260869566	1.0000000000000004e-08
154	0.7420197777126146	0.7043478260869566	1.0000000000000004e-08
155	0.7118465783803359	0.7739130434782608	1.0000000000000004e-08
156	0.8099573332330455	0.7043478260869566	1.0000000000000004e-08
157	0.6098675779674364	0.7478260869565218	1.0000000000000004e-08
158	0.7531451997549637	0.7217391304347827	1.0000000000000004e-08
159	0.6845126955405526	0.7304347826086957	1.0000000000000004e-08
160	0.7532416919003362	0.6782608695652174	1.0000000000000004e-08
161	0.8463354836339536	0.7217391304347827	1.0000000000000004e-08
162	0.7122482190961423	0.7478260869565218	1.0000000000000004e-08
163	0.7530608876891758	0.6956521739130435	1.0000000000000004e-08
164	0.6906461897103683	0.7130434782608696	1.0000000000000004e-08
165	0.7534590156181998	0.6782608695652174	1.0000000000000004e-08
166	0.80208871157273	0.7130434782608696	1.0000000000000004e-08
167	0.8093850794045822	0.6521739130434783	1.0000000000000004e-08
168	0.735488658365996	0.7130434782608696	1.0000000000000004e-08
169	0.7926462759142336	0.6869565217391305	1.0000000000000004e-08
170	0.8328950793846793	0.6608695652173913	1.0000000000000004e-08
171	0.8099053942638895	0.7130434782608696	1.0000000000000004e-08
172	0.7350943425427312	0.7043478260869566	1.0000000000000004e-08
173	0.7677249623381573	0.6869565217391305	1.0000000000000004e-08
174	0.6447414185689844	0.808695652173913	1.0000000000000004e-08
175	0.7899621077205824	0.6869565217391305	1.0000000000000004e-08
176	0.7065357514049696	0.7130434782608696	1.0000000000000004e-08
177	0.8303152944730676	0.6695652173913044	1.0000000000000004e-08
178	0.7066892152247222	0.7304347826086957	1.0000000000000004e-08
179	0.723895928134089	0.7565217391304347	1.0000000000000004e-08
180	0.7779531634372213	0.7130434782608696	1.0000000000000004e-08
181	0.7556421989979951	0.7217391304347827	1.0000000000000004e-08
182	0.7413814197415891	0.7304347826086957	1.0000000000000004e-08
183	0.7276784466660541	0.7652173913043478	1.0000000000000004e-08
184	0.8236260232718094	0.6869565217391305	1.0000000000000004e-08
185	0.6780726961467577	0.7391304347826086	1.0000000000000004e-08
186	0.9313632275747217	0.6521739130434783	1.0000000000000004e-08
187	0.7220572155454884	0.6869565217391305	1.0000000000000004e-08
188	0.7090440988540649	0.6956521739130435	1.0000000000000004e-08
189	0.8191932076993196	0.7304347826086957	1.0000000000000004e-08
190	0.6965997763302015	0.7043478260869566	1.0000000000000004e-08
191	0.8037459617075713	0.7217391304347827	1.0000000000000004e-08
192	0.859006404876709	0.6956521739130435	1.0000000000000004e-08
193	0.8991335319436115	0.7217391304347827	1.0000000000000004e-08
194	0.9242376089096069	0.6434782608695652	1.0000000000000004e-08
195	0.7413146754969722	0.7565217391304347	1.0000000000000004e-08
196	0.9544328192005986	0.6695652173913044	1.0000000000000004e-08
197	0.8301881499912428	0.6869565217391305	1.0000000000000004e-08
198	0.8423458363698877	0.7043478260869566	1.0000000000000004e-08
199	0.7445761690969053	0.7130434782608696	1.0000000000000004e-08
200	0.7285989393358645	0.7217391304347827	1.0000000000000004e-08
201	0.7093324350274127	0.7043478260869566	1.0000000000000004e-08
202	0.764386464720187	0.7391304347826086	1.0000000000000004e-08
203	0.7245506618333899	0.7304347826086957	1.0000000000000004e-08
204	0.7485150513441666	0.7565217391304347	1.0000000000000004e-08
205	0.8277639409770137	0.6782608695652174	1.0000000000000004e-08
206	0.9616820553074712	0.6347826086956522	1.0000000000000004e-08
207	0.8064125905866208	0.6869565217391305	1.0000000000000004e-08
208	0.712320177451424	0.7043478260869566	1.0000000000000004e-08
209	0.7340875578963239	0.7043478260869566	1.0000000000000004e-08
210	0.7181220391522283	0.7391304347826086	1.0000000000000004e-08
211	0.7514554728632388	0.6782608695652174	1.0000000000000004e-08
212	0.7279935245928557	0.7043478260869566	1.0000000000000004e-08
213	0.8092029120611108	0.6434782608695652	1.0000000000000004e-08
214	0.8909335965695588	0.6521739130434783	1.0000000000000004e-08
215	0.8688066757243612	0.6434782608695652	1.0000000000000004e-08
216	0.7390686506810396	0.7217391304347827	1.0000000000000004e-08
217	0.790535006834113	0.6956521739130435	1.0000000000000004e-08
218	0.7783798653146495	0.6869565217391305	1.0000000000000004e-08
219	0.9383964331253715	0.6782608695652174	1.0000000000000004e-08
220	0.763884847578795	0.7304347826086957	1.0000000000000004e-08
221	0.7358789936355923	0.6956521739130435	1.0000000000000004e-08
222	0.7568288082661836	0.6695652173913044	1.0000000000000004e-08
223	0.789259874302408	0.6869565217391305	1.0000000000000004e-08
224	0.9212562934212063	0.6347826086956522	1.0000000000000004e-08
225	0.7943159860113392	0.6782608695652174	1.0000000000000004e-08
226	0.759123859198197	0.7217391304347827	1.0000000000000004e-08
227	0.807264374650043	0.6347826086956522	1.0000000000000004e-08
228	0.7423958363740341	0.7478260869565218	1.0000000000000004e-08
229	0.7062234748964724	0.7043478260869566	1.0000000000000004e-08
230	0.8591185289880504	0.6695652173913044	1.0000000000000004e-08
231	0.7243905404339666	0.7130434782608696	1.0000000000000004e-08
232	0.829389530679454	0.6521739130434783	1.0000000000000004e-08
233	0.7220296211864637	0.7391304347826086	1.0000000000000004e-08
234	0.7773550696994947	0.7130434782608696	1.0000000000000004e-08
235	0.7467128556707631	0.7304347826086957	1.0000000000000004e-08
236	0.7795797534610914	0.7478260869565218	1.0000000000000004e-08
237	0.7519834922707599	0.7304347826086957	1.0000000000000004e-08
238	0.6842217782269353	0.7217391304347827	1.0000000000000004e-08
239	0.8701336228329203	0.6434782608695652	1.0000000000000004e-08
240	0.9792826693990956	0.7043478260869566	1.0000000000000004e-08
241	0.8889987727870112	0.6782608695652174	1.0000000000000004e-08
242	0.7053135322487872	0.7217391304347827	1.0000000000000004e-08
243	0.67955096649087	0.7478260869565218	1.0000000000000004e-08
244	0.7876339477041493	0.7043478260869566	1.0000000000000004e-08
245	0.8418855563454006	0.6608695652173913	1.0000000000000004e-08
246	0.8578518033027649	0.6782608695652174	1.0000000000000004e-08
247	0.7907770561135333	0.6695652173913044	1.0000000000000004e-08
248	0.7184639858162921	0.7304347826086957	1.0000000000000004e-08
249	0.7841507274171581	0.7043478260869566	1.0000000000000004e-08
250	0.801132839658986	0.6956521739130435	1.0000000000000004e-08
251	0.7265047379162001	0.7130434782608696	1.0000000000000004e-08
252	0.7453932295674863	0.7130434782608696	1.0000000000000004e-08
253	0.6923987373061802	0.7478260869565218	1.0000000000000004e-08
254	0.827635733977608	0.7391304347826086	1.0000000000000004e-08
255	0.891983291377192	0.6869565217391305	1.0000000000000004e-08
256	0.784698714380679	0.7043478260869566	1.0000000000000004e-08
257	0.899465869302335	0.6956521739130435	1.0000000000000004e-08
258	0.799655248289523	0.6695652173913044	1.0000000000000004e-08
259	0.8035530629365341	0.6608695652173913	1.0000000000000004e-08
260	0.7329953701599784	0.7478260869565218	1.0000000000000004e-08
261	0.7435022929440374	0.7217391304347827	1.0000000000000004e-08
262	0.7241566880889561	0.7478260869565218	1.0000000000000004e-08
263	0.6493254018866498	0.782608695652174	1.0000000000000004e-08
264	0.7288536610810653	0.7217391304347827	1.0000000000000004e-08
265	0.9176437284635461	0.6086956521739131	1.0000000000000004e-08
266	0.7446096280346746	0.7391304347826086	1.0000000000000004e-08
267	0.915722484173982	0.6695652173913044	1.0000000000000004e-08
268	0.8177560619685961	0.6434782608695652	1.0000000000000004e-08
269	0.6473524881445843	0.8	1.0000000000000004e-08
270	0.6469504807306372	0.7913043478260869	1.0000000000000004e-08
271	0.8557306683581808	0.7043478260869566	1.0000000000000004e-08
272	0.742124977319137	0.6869565217391305	1.0000000000000004e-08
273	0.8329660659251006	0.7130434782608696	1.0000000000000004e-08
274	0.7242211258929708	0.7565217391304347	1.0000000000000004e-08
275	0.7070718433545984	0.6782608695652174	1.0000000000000004e-08
276	0.7191010428511578	0.7217391304347827	1.0000000000000004e-08
277	0.6823294447815936	0.7304347826086957	1.0000000000000004e-08
278	0.674959193105283	0.7130434782608696	1.0000000000000004e-08
279	0.7895885757778002	0.7130434782608696	1.0000000000000004e-08
280	0.8224078572314718	0.6434782608695652	1.0000000000000004e-08
281	0.810543443845666	0.6869565217391305	1.0000000000000004e-08
282	0.7519551049108091	0.7391304347826086	1.0000000000000004e-08
283	0.7609138877495475	0.7217391304347827	1.0000000000000004e-08
284	0.9422958156336909	0.6	1.0000000000000004e-08
285	0.6935655941133914	0.7217391304347827	1.0000000000000004e-08
286	0.8400561239408411	0.6869565217391305	1.0000000000000004e-08
287	0.8231505829354991	0.6434782608695652	1.0000000000000004e-08
288	0.7857286722763724	0.6782608695652174	1.0000000000000004e-08
289	0.7946767470111018	0.6782608695652174	1.0000000000000004e-08
290	0.7121423275574393	0.7130434782608696	1.0000000000000004e-08
291	1.0163131796795388	0.6521739130434783	1.0000000000000004e-08
292	0.8363656479379405	0.6434782608695652	1.0000000000000004e-08
293	0.7142196815946827	0.7391304347826086	1.0000000000000004e-08
294	0.7676162020019863	0.6956521739130435	1.0000000000000004e-08
295	0.8550865727922191	0.6173913043478261	1.0000000000000004e-08
296	0.7234889061554618	0.7565217391304347	1.0000000000000004e-08
297	0.9024680127268252	0.6608695652173913	1.0000000000000004e-08
298	0.7523520018743433	0.7304347826086957	1.0000000000000004e-08
299	0.7835428870242575	0.6782608695652174	1.0000000000000004e-08
300	0.9065239792284758	0.6608695652173913	1.0000000000000004e-08
301	0.9082256918368132	0.6695652173913044	1.0000000000000004e-08
302	0.8298374880915103	0.6782608695652174	1.0000000000000004e-08
303	0.7642983560976775	0.7217391304347827	1.0000000000000004e-08
304	0.7606599901033484	0.6782608695652174	1.0000000000000004e-08
305	0.6646738881650178	0.7652173913043478	1.0000000000000004e-08
306	0.8291900702144789	0.7043478260869566	1.0000000000000004e-08
307	0.7859002610911494	0.6869565217391305	1.0000000000000004e-08
308	0.8289541135663572	0.6434782608695652	1.0000000000000004e-08
309	0.8229604933572852	0.6869565217391305	1.0000000000000004e-08
310	0.7454717340676681	0.7043478260869566	1.0000000000000004e-08
311	0.8193289974461431	0.6347826086956522	1.0000000000000004e-08
312	0.6882010905638986	0.7652173913043478	1.0000000000000004e-08
313	0.7114478427430858	0.7043478260869566	1.0000000000000004e-08
314	0.9112436253091564	0.6695652173913044	1.0000000000000004e-08
315	0.9288479763528575	0.591304347826087	1.0000000000000004e-08
316	0.9438553037850753	0.6347826086956522	1.0000000000000004e-08
317	0.819271269051925	0.7130434782608696	1.0000000000000004e-08
318	0.6635281158530194	0.7565217391304347	1.0000000000000004e-08
319	0.7673880846604056	0.7217391304347827	1.0000000000000004e-08
320	0.7497051798779032	0.6695652173913044	1.0000000000000004e-08
321	0.7321358012116473	0.7304347826086957	1.0000000000000004e-08
322	0.8653457942216293	0.6782608695652174	1.0000000000000004e-08
323	0.795531918173251	0.6782608695652174	1.0000000000000004e-08
324	0.8023463902266129	0.6869565217391305	1.0000000000000004e-08
325	0.8077125886212224	0.6869565217391305	1.0000000000000004e-08
326	0.8092491315758746	0.7130434782608696	1.0000000000000004e-08
327	0.8451307675112849	0.6347826086956522	1.0000000000000004e-08
328	0.6608792336090751	0.7391304347826086	1.0000000000000004e-08
329	0.7228678594464841	0.7130434782608696	1.0000000000000004e-08
330	0.789252379666204	0.7217391304347827	1.0000000000000004e-08
331	0.6975181206412937	0.7565217391304347	1.0000000000000004e-08
332	0.8262472722841345	0.6260869565217392	1.0000000000000004e-08
333	0.8006635023199994	0.7043478260869566	1.0000000000000004e-08
334	0.8445284288862477	0.6608695652173913	1.0000000000000004e-08
335	0.7506134263847185	0.7652173913043478	1.0000000000000004e-08
336	0.754340226235597	0.7043478260869566	1.0000000000000004e-08
337	0.7285738613294519	0.7391304347826086	1.0000000000000004e-08
338	0.7061665939248126	0.7391304347826086	1.0000000000000004e-08
339	0.7894722028918888	0.7217391304347827	1.0000000000000004e-08
340	0.8302164336909419	0.6956521739130435	1.0000000000000004e-08
341	0.6818326141523279	0.7391304347826086	1.0000000000000004e-08
342	0.7446647338245226	0.7043478260869566	1.0000000000000004e-08
343	0.7565140335456185	0.6869565217391305	1.0000000000000004e-08
344	0.7833851990492448	0.6695652173913044	1.0000000000000004e-08
345	0.7715571833693463	0.6782608695652174	1.0000000000000004e-08
346	0.6833528021107549	0.7130434782608696	1.0000000000000004e-08
347	0.7725151207136072	0.7130434782608696	1.0000000000000004e-08
348	0.7553890217905459	0.6869565217391305	1.0000000000000004e-08
349	0.804803148559902	0.6869565217391305	1.0000000000000004e-08
350	0.856135482373445	0.6869565217391305	1.0000000000000004e-08
351	0.7230974435806274	0.6956521739130435	1.0000000000000004e-08
352	0.7765395822732345	0.7304347826086957	1.0000000000000004e-08
353	0.8512816118157428	0.6869565217391305	1.0000000000000004e-08
354	0.9565776379212089	0.6434782608695652	1.0000000000000004e-08
355	0.679350399452707	0.7217391304347827	1.0000000000000004e-08
356	0.6887327536292698	0.7565217391304347	1.0000000000000004e-08
357	0.8072175202162369	0.7043478260869566	1.0000000000000004e-08
358	0.776583775230076	0.7391304347826086	1.0000000000000004e-08
359	0.8089098075161809	0.7217391304347827	1.0000000000000004e-08
360	0.6881680592246677	0.7391304347826086	1.0000000000000004e-08
361	0.7143779733906621	0.7304347826086957	1.0000000000000004e-08
362	0.8167394969774329	0.6521739130434783	1.0000000000000004e-08
363	0.8556200913760973	0.6869565217391305	1.0000000000000004e-08
364	0.8159975098526996	0.7217391304347827	1.0000000000000004e-08
365	0.7815457867539447	0.7217391304347827	1.0000000000000004e-08
366	0.7981043354324673	0.7043478260869566	1.0000000000000004e-08
367	0.8156542933505514	0.7043478260869566	1.0000000000000004e-08
368	0.9034451090771219	0.6	1.0000000000000004e-08
369	0.6990885190341783	0.7391304347826086	1.0000000000000004e-08
370	0.8469330616619276	0.6869565217391305	1.0000000000000004e-08
371	0.837462666242019	0.6782608695652174	1.0000000000000004e-08
372	0.8046183404715165	0.7043478260869566	1.0000000000000004e-08
373	0.683891482975172	0.782608695652174	1.0000000000000004e-08
374	0.8119634338047194	0.6869565217391305	1.0000000000000004e-08
375	0.6161531909652378	0.808695652173913	1.0000000000000004e-08
376	0.6666482764741649	0.7565217391304347	1.0000000000000004e-08
377	0.8551534673442012	0.6956521739130435	1.0000000000000004e-08
378	0.7948501395142596	0.6869565217391305	1.0000000000000004e-08
379	0.836030908252882	0.7130434782608696	1.0000000000000004e-08
380	0.9499690247618634	0.6608695652173913	1.0000000000000004e-08
381	0.7340451297552689	0.6869565217391305	1.0000000000000004e-08
382	0.8771219927331676	0.6521739130434783	1.0000000000000004e-08
383	0.8023972303971	0.6956521739130435	1.0000000000000004e-08
384	0.6993340875791467	0.782608695652174	1.0000000000000004e-08
385	0.7751617587131002	0.7130434782608696	1.0000000000000004e-08
386	0.8195293312487395	0.6869565217391305	1.0000000000000004e-08
387	0.908574394557787	0.6608695652173913	1.0000000000000004e-08
388	0.919979541198067	0.6	1.0000000000000004e-08
389	0.7193991878758306	0.7391304347826086	1.0000000000000004e-08
390	0.8391863781472911	0.7391304347826086	1.0000000000000004e-08
391	0.7041738033294678	0.7478260869565218	1.0000000000000004e-08
392	1.0430337760759436	0.6086956521739131	1.0000000000000004e-08
393	0.7856285053750743	0.7217391304347827	1.0000000000000004e-08
394	0.7533480602761974	0.6782608695652174	1.0000000000000004e-08
395	0.8061526832373246	0.6956521739130435	1.0000000000000004e-08
396	0.7939513092455657	0.7304347826086957	1.0000000000000004e-08
397	0.775817088458849	0.7217391304347827	1.0000000000000004e-08
398	0.7359150674032129	0.7565217391304347	1.0000000000000004e-08
399	0.7317100348679916	0.8	1.0000000000000004e-08
400	0.8057383713514908	0.6695652173913044	1.0000000000000004e-08
401	0.723539658214735	0.7130434782608696	1.0000000000000004e-08
402	0.8229741842850394	0.6956521739130435	1.0000000000000004e-08
403	0.9848392683526744	0.6434782608695652	1.0000000000000004e-08
404	0.7762045989865842	0.6869565217391305	1.0000000000000004e-08
405	0.9176773843557938	0.6434782608695652	1.0000000000000004e-08
406	0.725503929283308	0.7217391304347827	1.0000000000000004e-08
407	0.746402831181236	0.7304347826086957	1.0000000000000004e-08
408	0.7290369816448378	0.6869565217391305	1.0000000000000004e-08
409	0.647942058418108	0.7652173913043478	1.0000000000000004e-08
410	0.8264151863429857	0.6869565217391305	1.0000000000000004e-08
411	0.7316132835719896	0.7391304347826086	1.0000000000000004e-08
412	0.7366289833317632	0.6869565217391305	1.0000000000000004e-08
413	0.821966492611429	0.6869565217391305	1.0000000000000004e-08
414	0.7629385409147843	0.6869565217391305	1.0000000000000004e-08
415	0.7679399718408999	0.7391304347826086	1.0000000000000004e-08
416	0.794919887314672	0.6608695652173913	1.0000000000000004e-08
417	0.6410609354143557	0.7652173913043478	1.0000000000000004e-08
418	0.7632821435513704	0.7217391304347827	1.0000000000000004e-08
419	0.7308142444361811	0.7130434782608696	1.0000000000000004e-08
420	0.7761823457220326	0.7130434782608696	1.0000000000000004e-08
421	0.9081374406814575	0.6521739130434783	1.0000000000000004e-08
422	0.7277945850206458	0.7043478260869566	1.0000000000000004e-08
423	0.8227192370787911	0.6782608695652174	1.0000000000000004e-08
424	0.8510931160139001	0.6434782608695652	1.0000000000000004e-08
425	0.7262352160785509	0.7043478260869566	1.0000000000000004e-08
426	0.8722591011420541	0.6695652173913044	1.0000000000000004e-08
427	0.6883396584054698	0.7739130434782608	1.0000000000000004e-08
428	0.7102479183155558	0.782608695652174	1.0000000000000004e-08
429	0.6761320155599843	0.7391304347826086	1.0000000000000004e-08
430	0.7982295207355333	0.6782608695652174	1.0000000000000004e-08
431	0.7720507875732754	0.6956521739130435	1.0000000000000004e-08
432	0.7215535226075546	0.7217391304347827	1.0000000000000004e-08
433	0.7967723685762157	0.6782608695652174	1.0000000000000004e-08
434	0.950671576935312	0.6260869565217392	1.0000000000000004e-08
435	0.8093824257021365	0.6782608695652174	1.0000000000000004e-08
436	0.7945222128992495	0.7130434782608696	1.0000000000000004e-08
437	0.8022831626560377	0.6608695652173913	1.0000000000000004e-08
438	0.7149522226789723	0.7043478260869566	1.0000000000000004e-08
439	0.9019420406092769	0.6695652173913044	1.0000000000000004e-08
440	0.8544393104055653	0.6347826086956522	1.0000000000000004e-08
441	0.8671169902967371	0.6869565217391305	1.0000000000000004e-08
442	0.8133310494215592	0.7304347826086957	1.0000000000000004e-08
443	0.8399885970613231	0.6173913043478261	1.0000000000000004e-08
444	0.7783524005309396	0.7391304347826086	1.0000000000000004e-08
445	0.6448102126950803	0.7652173913043478	1.0000000000000004e-08
446	0.5972112183985503	0.7739130434782608	1.0000000000000004e-08
447	0.7600788448167883	0.7391304347826086	1.0000000000000004e-08
448	0.8271242354227148	0.6608695652173913	1.0000000000000004e-08
449	0.6659595473952915	0.7478260869565218	1.0000000000000004e-08
450	0.8179466206094493	0.7304347826086957	1.0000000000000004e-08
451	0.7271920805392058	0.7565217391304347	1.0000000000000004e-08
452	0.7818756751392199	0.6956521739130435	1.0000000000000004e-08
453	0.6690488846405692	0.7652173913043478	1.0000000000000004e-08
454	0.770926640085552	0.7130434782608696	1.0000000000000004e-08
455	0.796354257542154	0.7565217391304347	1.0000000000000004e-08
456	0.8228009757788285	0.6869565217391305	1.0000000000000004e-08
457	0.7472817249920057	0.7043478260869566	1.0000000000000004e-08
458	0.7949435529501542	0.6956521739130435	1.0000000000000004e-08
459	0.6625883112783018	0.7304347826086957	1.0000000000000004e-08
460	1.021151988402657	0.6173913043478261	1.0000000000000004e-08
461	0.7752703117287677	0.7043478260869566	1.0000000000000004e-08
462	0.7815551239511241	0.7304347826086957	1.0000000000000004e-08
463	0.8583094399908314	0.7043478260869566	1.0000000000000004e-08
464	0.6910352758739305	0.7565217391304347	1.0000000000000004e-08
465	0.7758448901383773	0.7217391304347827	1.0000000000000004e-08
466	0.8877139557962832	0.6521739130434783	1.0000000000000004e-08
467	0.789074182510376	0.7130434782608696	1.0000000000000004e-08
468	0.8825706735901211	0.6086956521739131	1.0000000000000004e-08
469	0.647693219392196	0.7739130434782608	1.0000000000000004e-08
470	0.7967057875964952	0.7391304347826086	1.0000000000000004e-08
471	0.8144355675448542	0.6869565217391305	1.0000000000000004e-08
472	0.8097241805947345	0.7217391304347827	1.0000000000000004e-08
473	0.7543026545773381	0.6695652173913044	1.0000000000000004e-08
474	0.8543350852054098	0.7130434782608696	1.0000000000000004e-08
475	0.7606409114340077	0.7391304347826086	1.0000000000000004e-08
476	0.9408284477565599	0.6695652173913044	1.0000000000000004e-08
477	0.6854482241298842	0.7304347826086957	1.0000000000000004e-08
478	0.7717714957568956	0.7304347826086957	1.0000000000000004e-08
479	0.9585704414740853	0.7130434782608696	1.0000000000000004e-08
480	0.7963921064915864	0.7391304347826086	1.0000000000000004e-08
481	0.7278495379116224	0.7652173913043478	1.0000000000000004e-08
482	0.7167226568512295	0.6695652173913044	1.0000000000000004e-08
483	0.7137566623480424	0.6869565217391305	1.0000000000000004e-08
484	0.8338536257329194	0.7217391304347827	1.0000000000000004e-08
485	0.7518520121989043	0.7565217391304347	1.0000000000000004e-08
486	0.7096927762031555	0.782608695652174	1.0000000000000004e-08
487	0.7775281693624414	0.6782608695652174	1.0000000000000004e-08
488	0.7865572830905085	0.7217391304347827	1.0000000000000004e-08
489	0.8294146009113478	0.6608695652173913	1.0000000000000004e-08
490	0.8243381303289662	0.6434782608695652	1.0000000000000004e-08
491	0.7916659660961317	0.7130434782608696	1.0000000000000004e-08
492	0.928373080232869	0.6173913043478261	1.0000000000000004e-08
493	0.7627885030663532	0.7217391304347827	1.0000000000000004e-08
494	0.8163054611371912	0.6782608695652174	1.0000000000000004e-08
495	0.8408847736275714	0.6869565217391305	1.0000000000000004e-08
496	0.6896199791327767	0.7391304347826086	1.0000000000000004e-08
497	0.8174604151559912	0.6956521739130435	1.0000000000000004e-08
498	0.8048041385153065	0.6956521739130435	1.0000000000000004e-08
499	0.7023260671159496	0.6956521739130435	1.0000000000000004e-08
500	0.7574677778326947	0.6521739130434783	1.0000000000000004e-08
