epoch	loss	acc	lr
1	2.2529789873170945	18.304431599229286	5e-06
2	2.0770488945275605	48.36223506743738	5e-06
3	1.928796217391027	52.98651252408478	5e-06
4	1.7855739322471251	56.84007707129094	5e-06
5	1.6975720677531982	59.34489402697495	5e-06
6	1.5982252657987708	59.34489402697495	5e-06
7	1.5177563895150186	61.27167630057804	5e-06
8	1.486365779286864	60.69364161849711	5e-06
9	1.4145301428833448	63.005780346820806	5e-06
10	1.3882938168641459	63.39113680154143	5e-06
11	1.3825329755772056	63.39113680154143	5e-06
12	1.3475734390505016	62.8131021194605	5e-06
13	1.3221415388101787	63.58381502890173	5e-06
14	1.322486188140678	64.16184971098266	5e-06
15	1.2878721878937445	64.16184971098266	5e-06
16	1.2427082702603642	64.35452793834297	5e-06
17	1.2338721531664016	65.89595375722543	5e-06
18	1.2253473464234486	65.1252408477842	5e-06
19	1.1761235868080961	66.08863198458575	5e-06
20	1.134955327290331	67.6300578034682	5e-06
21	1.1399383386435535	66.47398843930635	5e-06
22	1.1392961572819822	66.28131021194605	5e-06
23	1.0613565655112955	68.40077071290943	5e-06
24	1.0554181501585165	68.78612716763006	5e-06
25	1.0095999958657575	70.52023121387283	5e-06
26	1.0189563369015968	69.94219653179191	5e-06
27	0.9854270723973165	70.32755298651253	5e-06
28	0.976431749459636	70.71290944123314	5e-06
29	0.9207699568744799	72.25433526011561	5e-06
30	0.8931588437515876	72.44701348747591	5e-06
31	0.8688063797234111	74.75915221579962	5e-06
32	0.8338746195353984	74.95183044315992	5e-06
33	0.8412088175270139	75.72254335260115	5e-06
34	0.8033096866111535	74.56647398843931	5e-06
35	0.8095246994426485	75.33718689788054	5e-06
36	0.7819974679708022	74.95183044315992	5e-06
37	0.7382382185472919	76.878612716763	5e-06
38	0.7579763969244985	76.30057803468208	5e-06
39	0.7416511808516663	78.22736030828517	5e-06
40	0.733184465208954	76.30057803468208	5e-06
41	0.713635107800221	77.64932562620425	5e-06
42	0.6588975179631815	78.22736030828517	5e-06
43	0.6696172023554529	80.15414258188825	5e-06
44	0.6536481885781408	79.76878612716763	5e-06
45	0.6591692825273282	78.61271676300578	5e-06
46	0.6326021260379137	79.96146435452793	5e-06
47	0.5938827915687781	81.88824662813101	5e-06
48	0.5954104186482512	81.5028901734104	5e-06
49	0.599053650347943	81.11753371868978	5e-06
50	0.6293172379219922	79.96146435452793	5e-06
51	0.6086671133032194	80.34682080924856	5e-06
52	0.5906157284573094	80.34682080924856	5e-06
53	0.566421714936148	83.42967244701349	5e-06
54	0.5817284806845046	81.11753371868978	5e-06
55	0.5504967566859515	81.88824662813101	5e-06
56	0.5436308404613781	83.04431599229287	5e-06
57	0.5018790567541398	84.97109826589596	5e-06
58	0.5274150164830202	82.85163776493256	5e-06
59	0.5200217899674395	84.00770712909441	5e-06
60	0.48006202645154816	85.54913294797687	5e-06
61	0.5188557300034745	84.58574181117534	5e-06
62	0.47023915498013213	86.31984585741812	5e-06
63	0.49972150424541995	84.00770712909441	5e-06
64	0.5003947863114822	84.77842003853564	5e-06
65	0.4939603122213213	84.77842003853564	5e-06
66	0.47135411452695813	86.1271676300578	5e-06
67	0.4569039335025758	87.28323699421965	5e-06
68	0.45632366442726296	84.97109826589596	5e-06
69	0.4730523771862993	84.97109826589596	5e-06
70	0.4364789210992052	86.89788053949904	5e-06
71	0.4309891058071041	86.31984585741812	5e-06
72	0.44300957176267297	85.16377649325626	5e-06
73	0.3942481864509325	87.47591522157997	5e-06
74	0.44166704903218557	86.1271676300578	5e-06
75	0.43055203338808634	88.0539499036609	5e-06
76	0.4557631585983872	84.97109826589596	5e-06
77	0.38640984157836045	87.09055876685935	5e-06
78	0.39700209032134054	87.66859344894027	5e-06
79	0.4184078841769856	87.09055876685935	5e-06
80	0.4104703908538543	89.01734104046243	5e-06
81	0.3853595562867806	87.66859344894027	5e-06
82	0.38814425876145187	89.01734104046243	5e-06
83	0.3838857305532246	87.66859344894027	5e-06
84	0.3918524292048232	89.40269749518305	5e-06
85	0.35768308638377916	89.59537572254335	5e-06
86	0.41359708775444987	86.70520231213872	5e-06
87	0.38390490211733047	89.21001926782273	5e-06
88	0.36727116200965265	89.01734104046243	5e-06
89	0.34441941574589136	89.78805394990366	5e-06
90	0.3275850675354114	89.78805394990366	5e-06
91	0.3622745895087145	89.59537572254335	1e-06
92	0.3290936602907603	88.82466281310212	1e-06
93	0.35319012162313296	89.21001926782273	1e-06
94	0.3281386939661581	89.21001926782273	1e-06
95	0.33431229925569084	89.40269749518305	1e-06
96	0.3062448238017242	90.7514450867052	1e-06
97	0.3120545248764788	90.36608863198458	1e-06
98	0.3353299683458773	90.17341040462428	1e-06
99	0.2792006718113243	92.29287090558766	1e-06
100	0.3333984564609381	89.98073217726397	1e-06
101	0.3039552616475864	91.13680154142583	1e-06
102	0.28902977650450373	91.71483622350674	1e-06
103	0.3387190400979882	89.59537572254335	1e-06
104	0.3489810997236211	90.17341040462428	1e-06
105	0.3219320872845218	90.17341040462428	1e-06
106	0.3159435950722079	90.7514450867052	1e-06
107	0.32375286775057943	89.98073217726397	1e-06
108	0.2964624258364786	91.71483622350674	1e-06
109	0.3184703876459989	90.7514450867052	1e-06
110	0.2562001187332793	93.25626204238921	1e-06
111	0.3089568430058988	91.32947976878613	1e-06
112	0.36602725257992974	87.86127167630057	1e-06
113	0.29328274818743816	90.5587668593449	1e-06
114	0.32950757498456335	90.17341040462428	1e-06
115	0.3172152032339963	91.13680154142583	1e-06
116	0.2999778472045024	92.10019267822736	1e-06
117	0.3026795952880543	92.87090558766859	1e-06
118	0.35951304768780984	89.21001926782273	1e-06
119	0.29214936793424723	91.52215799614643	1e-06
120	0.29173963515515045	91.52215799614643	1e-06
121	0.2923917015565843	91.13680154142583	1e-06
122	0.28168681177789767	91.71483622350674	1e-06
123	0.32251873084116073	89.98073217726397	1e-06
124	0.2836230880148379	93.44894026974951	1e-06
125	0.3044781547922619	90.5587668593449	1e-06
126	0.2962300440938946	90.94412331406551	1e-06
127	0.2502430508878649	92.48554913294798	1e-06
128	0.30169805160836677	90.5587668593449	1e-06
129	0.28191346016233365	91.52215799614643	1e-06
130	0.29112193447776386	91.71483622350674	1e-06
131	0.2974674299732568	91.13680154142583	1e-06
132	0.2784110589351268	90.94412331406551	1e-06
133	0.2618715179391449	92.48554913294798	1e-06
134	0.2829019743123725	92.67822736030828	1e-06
135	0.29742872938944426	90.7514450867052	1e-06
136	0.2629654559096849	93.25626204238921	1e-06
137	0.24873858472056012	93.64161849710983	1e-06
138	0.27333044098521475	92.48554913294798	1e-06
139	0.2922708679830408	91.13680154142583	1e-06
140	0.29729201895882856	91.90751445086705	1e-06
141	0.27017112555761097	92.87090558766859	1e-06
142	0.28095286676879105	90.7514450867052	1e-06
143	0.2670102204144116	92.29287090558766	1e-06
144	0.26432744753843096	92.67822736030828	1e-06
145	0.2447129032917335	94.02697495183044	1e-06
146	0.2438292825210531	93.0635838150289	1e-06
147	0.2350436500731231	93.64161849710983	1e-06
148	0.26112652439372847	92.67822736030828	1e-06
149	0.26556298096515313	92.87090558766859	1e-06
150	0.24320691772279024	94.60500963391137	1e-06
151	0.28221006278013216	91.71483622350674	1e-06
152	0.2436171346891363	93.64161849710983	1e-06
153	0.2511867789232203	93.25626204238921	1e-06
154	0.26242603585554686	92.48554913294798	1e-06
155	0.2633177795966007	92.10019267822736	1e-06
156	0.270284502033094	92.87090558766859	1e-06
157	0.2575856381183874	93.83429672447014	1e-06
158	0.26872636719475823	94.21965317919076	1e-06
159	0.2802860979744465	92.48554913294798	1e-06
160	0.24526392641209913	93.83429672447014	1e-07
161	0.2446624332884603	93.83429672447014	1e-07
162	0.2616028201143636	91.71483622350674	1e-07
163	0.21968329900261985	94.41233140655106	1e-07
164	0.2630626123707189	92.67822736030828	1e-07
165	0.2610983777941996	92.48554913294798	1e-07
166	0.2978722201032216	91.32947976878613	1e-07
167	0.24721701176180316	92.87090558766859	1e-07
168	0.2553067168289067	93.0635838150289	1e-07
169	0.27004548493837344	92.67822736030828	1e-07
170	0.257169664451612	92.10019267822736	1e-07
171	0.2415829191777518	92.67822736030828	1e-07
172	0.25497516547554033	93.0635838150289	1e-07
173	0.2457391403199161	94.02697495183044	1e-07
174	0.25490934081619643	94.21965317919076	1e-07
175	0.2337927324464096	93.25626204238921	1e-07
176	0.2635891128597002	92.87090558766859	1e-07
177	0.25689428981558665	94.60500963391137	1e-07
178	0.2579616020525122	93.64161849710983	1e-07
179	0.23058938770510098	94.21965317919076	1e-07
180	0.22974031876507062	92.67822736030828	1e-07
181	0.2531569837834794	93.44894026974951	1e-07
182	0.2485764182831281	93.44894026974951	1e-07
183	0.3113799663637415	90.5587668593449	1e-07
184	0.2672349389118496	92.10019267822736	1e-07
185	0.3161487010000758	90.5587668593449	1e-07
186	0.25242655194563673	92.10019267822736	1e-07
187	0.2889221698792224	91.32947976878613	1e-07
188	0.28983980979992935	90.94412331406551	1e-07
189	0.2713998028997741	91.32947976878613	1e-07
190	0.293828181506122	91.13680154142583	1e-07
191	0.28312748931850773	90.5587668593449	1e-08
192	0.30736112962109047	90.36608863198458	1e-08
193	0.2800716765813515	90.36608863198458	1e-08
194	0.27866923585103426	92.10019267822736	1e-08
195	0.2718592538195079	91.90751445086705	1e-08
196	0.2940565116258485	90.5587668593449	1e-08
197	0.313170374530818	89.78805394990366	1e-08
198	0.28239242161170136	90.17341040462428	1e-08
199	0.3072161099125195	90.36608863198458	1e-08
200	0.2913932370197796	90.94412331406551	1e-08
201	0.28490277447222745	91.90751445086705	1e-08
202	0.27434884169657564	92.29287090558766	1e-08
203	0.25933311210661725	92.29287090558766	1e-08
204	0.28462095710813196	90.94412331406551	1e-08
205	0.2720820578192011	92.48554913294798	1e-08
206	0.26822350956571356	92.10019267822736	1e-08
207	0.29973221919095583	91.71483622350674	1e-08
208	0.3751777423140171	88.4393063583815	1e-08
209	0.24125206369999977	93.64161849710983	1e-08
210	0.2734770320054424	92.48554913294798	1e-08
211	0.28161412362648114	90.94412331406551	1e-08
212	0.28935186826195103	91.52215799614643	1e-08
213	0.30210581921428614	90.7514450867052	1e-08
214	0.30219190049493017	91.13680154142583	1e-08
215	0.24693396578404714	93.25626204238921	1e-08
216	0.2944832595786607	91.52215799614643	1e-08
217	0.28313188539075024	91.52215799614643	1e-08
218	0.3346248475228201	89.98073217726397	1e-08
219	0.27847415174362977	92.48554913294798	1e-08
220	0.2765576494337277	92.67822736030828	1e-08
221	0.26981259282384074	93.25626204238921	1e-08
222	0.24128260261061563	91.90751445086705	1e-08
223	0.251605127703018	92.67822736030828	1e-08
224	0.27917724933927457	92.67822736030828	1e-08
225	0.27877168641614086	92.48554913294798	1e-08
226	0.3023772374628137	90.7514450867052	1e-08
227	0.2691502384482551	91.52215799614643	1e-08
228	0.31234511213380706	89.01734104046243	1e-08
229	0.2657230901522903	92.29287090558766	1e-08
230	0.2645478088674288	91.71483622350674	1e-08
231	0.29458245962341395	91.71483622350674	1e-08
232	0.26500260973482004	91.90751445086705	1e-08
233	0.2461382947675525	94.02697495183044	1e-08
234	0.24697535908520796	93.25626204238921	1e-08
235	0.2871643071689128	90.94412331406551	1e-08
236	0.25181509729525026	92.87090558766859	1e-08
237	0.2519355520519907	92.48554913294798	1e-08
238	0.2463518692349193	93.44894026974951	1e-08
239	0.2805742433937069	91.32947976878613	1e-08
240	0.2997050151544729	90.7514450867052	1e-08
241	0.2955426489342155	91.32947976878613	1e-08
242	0.2907027560564365	92.10019267822736	1e-08
243	0.25341898593369705	93.64161849710983	1e-08
244	0.29084625237249917	90.94412331406551	1e-08
245	0.282057147954011	92.48554913294798	1e-08
246	0.2898416421546642	91.90751445086705	1e-08
247	0.2988110387371225	90.7514450867052	1e-08
248	0.2700973560240457	92.29287090558766	1e-08
249	0.31475228134377614	91.32947976878613	1e-08
250	0.271829611361601	93.25626204238921	1e-08
251	0.2824950620733015	91.71483622350674	1e-08
252	0.23283868290211193	93.0635838150289	1e-08
253	0.2736458908730619	93.44894026974951	1e-08
254	0.25599679856171725	93.44894026974951	1e-08
255	0.2754941597035395	92.67822736030828	1e-08
256	0.2785105145965238	92.10019267822736	1e-08
257	0.25381753675510427	93.44894026974951	1e-08
258	0.25695221355769904	92.67822736030828	1e-08
259	0.3453067463601945	90.36608863198458	1e-08
260	0.23821109975463853	92.48554913294798	1e-08
261	0.28085218034038656	91.90751445086705	1e-08
262	0.2798869268455487	91.52215799614643	1e-08
263	0.2577832485899071	92.48554913294798	1e-08
264	0.28100599293993617	91.90751445086705	1e-08
265	0.29362021159804164	93.0635838150289	1e-08
266	0.2755065297919661	92.48554913294798	1e-08
267	0.25957483397742914	92.29287090558766	1e-08
268	0.2758165906849165	91.71483622350674	1e-08
269	0.3080147841877101	89.98073217726397	1e-08
270	0.3106153253645336	90.7514450867052	1e-08
271	0.3015877332014385	91.52215799614643	1e-08
272	0.27109017830363585	92.48554913294798	1e-08
273	0.23408416683044508	94.02697495183044	1e-08
274	0.2851019488766014	92.48554913294798	1e-08
275	0.2977980341697704	91.13680154142583	1e-08
276	0.29065629977711366	90.7514450867052	1e-08
277	0.2763493434886712	91.71483622350674	1e-08
278	0.26226814111303504	93.25626204238921	1e-08
279	0.23568535534402998	94.02697495183044	1e-08
280	0.2743593318843658	91.90751445086705	1e-08
281	0.27261176607742016	91.71483622350674	1e-08
282	0.3524374535777436	89.21001926782273	1e-08
283	0.30436603882868624	90.17341040462428	1e-08
284	0.2880572031228758	90.5587668593449	1e-08
285	0.26347405289753784	91.90751445086705	1e-08
286	0.2646245530345307	93.0635838150289	1e-08
287	0.26349602105645087	93.0635838150289	1e-08
288	0.26162528569643206	92.10019267822736	1e-08
289	0.26709491852850353	92.67822736030828	1e-08
290	0.2741311844258869	91.90751445086705	1e-08
291	0.2753281711613282	91.71483622350674	1e-08
292	0.2940086784964582	90.7514450867052	1e-08
293	0.2515359466360713	92.48554913294798	1e-08
294	0.28170164093116806	91.90751445086705	1e-08
295	0.2880195039028377	90.94412331406551	1e-08
296	0.28659381061390415	90.94412331406551	1e-08
297	0.27291140801529895	92.29287090558766	1e-08
298	0.2585448997673042	93.25626204238921	1e-08
299	0.245901672826337	93.64161849710983	1e-08
300	0.31679725985765916	89.78805394990366	1e-08
301	0.30899773012695975	91.71483622350674	1e-08
302	0.27546213079164944	91.32947976878613	1e-08
303	0.25705007333057234	92.87090558766859	1e-08
304	0.29343183737729095	92.87090558766859	1e-08
305	0.2689628708741568	92.29287090558766	1e-08
306	0.28133768164812945	91.52215799614643	1e-08
307	0.32354352584464013	90.7514450867052	1e-08
308	0.27936065363516466	90.17341040462428	1e-08
309	0.30156671087865883	91.13680154142583	1e-08
310	0.28848343036767377	91.90751445086705	1e-08
311	0.2559638994966628	92.67822736030828	1e-08
312	0.2587537453698285	93.25626204238921	1e-08
313	0.2756404520401835	91.13680154142583	1e-08
314	0.2460496077647788	92.67822736030828	1e-08
315	0.25598413705366424	93.0635838150289	1e-08
316	0.2549256256894569	92.67822736030828	1e-08
317	0.2788535432893646	89.98073217726397	1e-08
318	0.3110974171487812	90.7514450867052	1e-08
319	0.2817307456265525	91.52215799614643	1e-08
320	0.2718853485090425	90.94412331406551	1e-08
321	0.2703621128505824	92.10019267822736	1e-08
322	0.27428671884169237	92.29287090558766	1e-08
323	0.29298711380058173	91.52215799614643	1e-08
324	0.2696145518551902	92.29287090558766	1e-08
325	0.2755505688387994	92.87090558766859	1e-08
326	0.27453011641842323	92.29287090558766	1e-08
327	0.25720033170170864	93.64161849710983	1e-08
328	0.2736429549710599	92.67822736030828	1e-08
329	0.2427187284063512	92.87090558766859	1e-08
330	0.26333083146339664	91.71483622350674	1e-08
331	0.29602373381340896	92.10019267822736	1e-08
332	0.2619789449465757	92.10019267822736	1e-08
333	0.2924619186705477	91.90751445086705	1e-08
334	0.29798121104350667	91.13680154142583	1e-08
335	0.2553560486303818	93.0635838150289	1e-08
336	0.2771362610635041	91.90751445086705	1e-08
337	0.24173517628556732	93.64161849710983	1e-08
338	0.2601109023613277	92.10019267822736	1e-08
339	0.29363557173796934	90.36608863198458	1e-08
340	0.2750686434652075	93.25626204238921	1e-08
341	0.2909340229682151	91.71483622350674	1e-08
342	0.2981026037981974	90.7514450867052	1e-08
343	0.2994649165627584	89.98073217726397	1e-08
344	0.25619405783669796	93.0635838150289	1e-08
345	0.25916620043890554	93.64161849710983	1e-08
346	0.30552510500872987	91.32947976878613	1e-08
347	0.2662610825086605	91.32947976878613	1e-08
348	0.25576774600843016	93.64161849710983	1e-08
349	0.2565834558136431	92.29287090558766	1e-08
350	0.28313244095427453	92.10019267822736	1e-08
351	0.2774561205753242	92.87090558766859	1e-08
352	0.28876576588447844	91.32947976878613	1e-08
353	0.29894322751229896	91.32947976878613	1e-08
354	0.2699769147329018	91.71483622350674	1e-08
355	0.22392340802618074	95.18304431599229	1e-08
356	0.2866054350126226	91.13680154142583	1e-08
357	0.2936283573938932	91.52215799614643	1e-08
358	0.2800922713355522	91.13680154142583	1e-08
359	0.2619172210064008	93.25626204238921	1e-08
360	0.2512682649613805	94.60500963391137	1e-08
361	0.26137171573721607	93.0635838150289	1e-08
362	0.31129694656829615	90.94412331406551	1e-08
363	0.28113882226406495	91.13680154142583	1e-08
364	0.2912699049607867	92.10019267822736	1e-08
365	0.26854096384636467	92.48554913294798	1e-08
366	0.26859012223162865	92.48554913294798	1e-08
367	0.25530702800190286	92.67822736030828	1e-08
368	0.2838137150959243	91.90751445086705	1e-08
369	0.2580150894691489	92.67822736030828	1e-08
370	0.28105147449956464	91.13680154142583	1e-08
371	0.279740070389415	90.94412331406551	1e-08
372	0.25826986596304097	92.67822736030828	1e-08
373	0.3180186728693846	89.98073217726397	1e-08
374	0.29738297050743434	91.71483622350674	1e-08
375	0.28578557725816334	91.52215799614643	1e-08
376	0.28037795211997796	91.52215799614643	1e-08
377	0.27872302140574007	91.32947976878613	1e-08
378	0.27937329289196544	92.29287090558766	1e-08
379	0.2798777824996294	91.13680154142583	1e-08
380	0.2698170398012062	93.25626204238921	1e-08
381	0.26054954408221165	93.64161849710983	1e-08
382	0.2888241808768182	91.52215799614643	1e-08
383	0.2816288081896787	91.32947976878613	1e-08
384	0.26717027275318816	91.71483622350674	1e-08
385	0.284200174385872	90.36608863198458	1e-08
386	0.290874636988649	91.32947976878613	1e-08
387	0.2844409251259012	92.10019267822736	1e-08
388	0.2727678442851197	92.29287090558766	1e-08
389	0.28706745737320194	91.52215799614643	1e-08
390	0.3036241702491378	91.32947976878613	1e-08
391	0.2553001563558229	93.44894026974951	1e-08
392	0.2977302499933739	90.7514450867052	1e-08
393	0.3065882036623927	90.36608863198458	1e-08
394	0.27616357923932155	92.29287090558766	1e-08
395	0.2786291304810658	91.90751445086705	1e-08
396	0.2679289776350951	93.0635838150289	1e-08
397	0.2680353551586239	92.67822736030828	1e-08
398	0.2676293591256316	92.67822736030828	1e-08
399	0.2929975660320422	91.13680154142583	1e-08
400	0.2923965702167136	91.90751445086705	1e-08
401	0.28577845381404166	92.10019267822736	1e-08
402	0.2589506947925325	92.67822736030828	1e-08
403	0.27480874441722	91.71483622350674	1e-08
404	0.25524222069852387	91.71483622350674	1e-08
405	0.2597367356967375	91.90751445086705	1e-08
406	0.2539649083205501	92.48554913294798	1e-08
407	0.2534556319660764	93.44894026974951	1e-08
408	0.2479578268091573	94.02697495183044	1e-08
409	0.303209437053787	92.10019267822736	1e-08
410	0.26272419204142283	93.25626204238921	1e-08
411	0.27090176558104095	92.10019267822736	1e-08
412	0.26871464942691414	92.10019267822736	1e-08
413	0.2701160911764942	92.29287090558766	1e-08
414	0.27740276991057716	93.44894026974951	1e-08
415	0.31247216095584435	91.13680154142583	1e-08
416	0.2734821996936908	92.48554913294798	1e-08
417	0.2573934262887591	92.87090558766859	1e-08
418	0.25598461966179237	94.02697495183044	1e-08
419	0.3395785807644471	90.17341040462428	1e-08
420	0.28149288037149434	92.29287090558766	1e-08
421	0.2848728078925311	91.71483622350674	1e-08
422	0.31988430706522136	90.94412331406551	1e-08
423	0.2616672267516454	92.10019267822736	1e-08
424	0.2649719046145276	92.67822736030828	1e-08
425	0.2822586087247999	92.29287090558766	1e-08
426	0.3140144681195533	91.13680154142583	1e-08
427	0.2743185509950899	90.94412331406551	1e-08
428	0.28594040882151023	91.32947976878613	1e-08
429	0.2713728038906362	92.29287090558766	1e-08
430	0.23200081039026293	93.83429672447014	1e-08
431	0.27045568642933243	92.67822736030828	1e-08
432	0.26529689876789764	92.29287090558766	1e-08
433	0.280557982953757	92.29287090558766	1e-08
434	0.3009751395453378	90.5587668593449	1e-08
435	0.25154551079852044	94.02697495183044	1e-08
436	0.31557439425547457	90.5587668593449	1e-08
437	0.2970901143688687	91.32947976878613	1e-08
438	0.28530830262598506	92.48554913294798	1e-08
439	0.26731185095388305	92.48554913294798	1e-08
440	0.2976388667704742	92.10019267822736	1e-08
441	0.31351038974374246	89.01734104046243	1e-08
442	0.2801230469420696	92.29287090558766	1e-08
443	0.25085341284385304	93.0635838150289	1e-08
444	0.27546982745674076	91.32947976878613	1e-08
445	0.2943732235760128	91.90751445086705	1e-08
446	0.26995931620313024	93.44894026974951	1e-08
447	0.249001959672553	91.90751445086705	1e-08
448	0.2625565023263755	91.71483622350674	1e-08
449	0.25077818158963744	92.29287090558766	1e-08
450	0.26941942611641045	93.0635838150289	1e-08
451	0.2463755312452886	93.0635838150289	1e-08
452	0.28326421249693756	91.52215799614643	1e-08
453	0.2899255222553003	91.52215799614643	1e-08
454	0.2803571757094249	92.29287090558766	1e-08
455	0.2807593528820141	91.52215799614643	1e-08
456	0.25169832036904055	93.0635838150289	1e-08
457	0.2539152995125177	93.0635838150289	1e-08
458	0.26796326115870983	93.83429672447014	1e-08
459	0.28267404299250914	92.48554913294798	1e-08
460	0.28012537396367576	91.13680154142583	1e-08
461	0.2312242612673368	94.21965317919076	1e-08
462	0.2694637357671826	90.36608863198458	1e-08
463	0.2667692522724699	92.87090558766859	1e-08
464	0.26468584708051185	92.48554913294798	1e-08
465	0.3122700285130613	90.36608863198458	1e-08
466	0.24673124989907405	92.87090558766859	1e-08
467	0.24875528274933037	92.87090558766859	1e-08
468	0.2570688554546966	92.29287090558766	1e-08
469	0.27355999854143875	91.90751445086705	1e-08
470	0.26634349609386027	92.67822736030828	1e-08
471	0.27988989447352974	91.90751445086705	1e-08
472	0.26817883932980957	92.87090558766859	1e-08
473	0.2704414780429333	91.71483622350674	1e-08
474	0.28947405264441906	91.71483622350674	1e-08
475	0.28161882868966154	91.32947976878613	1e-08
476	0.265803296269709	92.48554913294798	1e-08
477	0.2695220347658977	92.87090558766859	1e-08
478	0.27402454643350577	91.71483622350674	1e-08
479	0.29597427820883737	92.10019267822736	1e-08
480	0.24940567858416682	93.0635838150289	1e-08
481	0.29532242073948445	92.10019267822736	1e-08
482	0.2536568023221341	92.48554913294798	1e-08
483	0.2613813004282398	91.52215799614643	1e-08
484	0.2622328563117797	94.02697495183044	1e-08
485	0.34207996674355745	89.01734104046243	1e-08
486	0.2883099581694557	92.87090558766859	1e-08
487	0.26229702174548697	92.10019267822736	1e-08
488	0.25077877752124	92.48554913294798	1e-08
489	0.26644323131711956	94.60500963391137	1e-08
490	0.3135619437418921	91.71483622350674	1e-08
491	0.2912011090845501	92.29287090558766	1e-08
492	0.2598039691043957	92.67822736030828	1e-08
493	0.28157381469344356	92.29287090558766	1e-08
494	0.31640334148857174	90.7514450867052	1e-08
495	0.30241234563219294	90.7514450867052	1e-08
496	0.2788943624795057	92.48554913294798	1e-08
497	0.2537246601142865	93.0635838150289	1e-08
498	0.27645497951434067	93.25626204238921	1e-08
499	0.28546754059764	93.83429672447014	1e-08
500	0.2879224567744084	89.98073217726397	1e-08
