epoch	epistemic	aleatoric	random_param_mean	random_param_log_alpha	total_param_mean	total_param_log_alpha
1	5.610484293882417e-06	0.10685566072062404	0	0	0	0
2	2.699349115717342e-05	0.15880088326747718	0	0	0	0
3	0.0002635630354419355	0.20025410208671357	0	0	0	0
4	0.0027032508257959498	0.21655689923642849	0	0	0	0
5	0.009803761376542819	0.21557530101787034	0	0	0	0
6	0.01307378205386947	0.2159774868172036	0	0	0	0
7	0.01708578785202816	0.21776898034502454	0	0	0	0
8	0.020626268090083555	0.2184402011606644	0	0	0	0
9	0.025615464343282046	0.2192803124612531	0	0	0	0
10	0.028134187998441085	0.2184272834834562	0	0	0	0
11	0.031175371644659666	0.21774068394846013	0	0	0	0
12	0.03818007770284204	0.21178812933422342	0	0	0	0
13	0.03384419263279537	0.2160635727779533	0	0	0	0
14	0.0322929095936666	0.21755377176043267	0	0	0	0
15	0.031918051613809284	0.21466709882989443	0	0	0	0
16	0.022701524015006358	0.22635222083502737	0	0	0	0
17	0.022529097598105396	0.22415874746543873	0	0	0	0
18	0.017901474049931365	0.22480505731455602	0	0	0	0
19	0.01973331659614308	0.2200507308915809	0	0	0	0
20	0.021625479999937913	0.2193115597326195	0	0	0	0
21	0.022561895627048356	0.20293774856755586	0	0	0	0
22	0.020210319851124703	0.21581978303224014	0	0	0	0
23	0.02573880853512106	0.19840494840814538	0	0	0	0
24	0.03233545064027349	0.2043383647969519	0	0	0	0
25	0.05731179576545897	0.19267125714575184	0	0	0	0
26	0.03809968941053227	0.19255573491617928	0	0	0	0
27	0.04040728569645058	0.18936250095715135	0	0	0	0
28	0.03377032900147725	0.20159640337671547	0	0	0	0
29	0.050855785692556	0.19632181434222062	0	0	0	0
30	0.03230562741455545	0.19795455864915723	0	0	0	0
31	0.04175481593895258	0.19289647193944004	0	0	0	0
32	0.0639886992692455	0.1810108163594598	0	0	0	0
33	0.06432906778074371	0.17694406060283918	0	0	0	0
34	0.05227661288291097	0.1812810499179397	0	0	0	0
35	0.06451109137665534	0.17887456279586963	0	0	0	0
36	0.027871951663485772	0.1646317163061477	0	0	0	0
37	0.07008227562074826	0.17477420291212262	0	0	0	0
38	0.05042365120424552	0.17070894124401104	0	0	0	0
39	0.0743071353548368	0.16519981860087063	0	0	0	0
40	0.06981931714107431	0.16506126627300755	0	0	0	0
41	0.06193769466802368	0.16685128521932777	0	0	0	0
42	0.05950153165347871	0.1730657258068716	0	0	0	0
43	0.05333484573222491	0.1705246794986357	0	0	0	0
44	0.06868106538643237	0.16766436614972557	0	0	0	0
45	0.04890979802786649	0.17915588525596934	0	0	0	0
46	0.06655715647815053	0.17362383109882928	0	0	0	0
47	0.03506778235085739	0.16845392282124239	0	0	0	0
48	0.06830440783070635	0.17036258207864863	0	0	0	0
49	0.026521936149164205	0.14774522902170384	0	0	0	0
50	0.06760011869572535	0.16041423581315029	0	0	0	0
51	0.059192087537776494	0.1570421907150491	0	0	0	0
52	0.06052862653218327	0.1626867433951732	0	0	0	0
53	0.0582551379672962	0.157509120146881	0	0	0	0
54	0.0675268120810355	0.1498921885862513	0	0	0	0
55	0.059283692322549486	0.15573518844349965	0	0	0	0
56	0.042305346349398976	0.1637079091625202	0	0	0	0
57	0.057626534715389865	0.15105076973203535	0	0	0	0
58	0.011818051113541728	0.13405002885247974	0	0	0	0
59	0.04030469958873828	0.15817978836676783	0	0	0	0
60	0.03161868519177924	0.15198208148554204	0	0	0	0
61	0.04482599155749778	0.15299406557228368	0	0	0	0
62	0.05727851574293841	0.14813565704215959	0	0	0	0
63	0.028205878756417002	0.16840958167999465	0	0	0	0
64	0.012571809049910065	0.10234938933199134	0	0	0	0
65	0.053164969776529736	0.14771654735936912	0	0	0	0
66	0.04421230138508814	0.14126914345245556	0	0	0	0
67	0.054126958951690396	0.1509230539383516	0	0	0	0
68	0.056372027933680846	0.1524708818581547	0	0	0	0
69	0.05809360816178755	0.1478130142586752	0	0	0	0
70	0.04977278529264545	0.16265921731455757	0	0	0	0
71	0.037626242189628734	0.14344182058333654	0	0	0	0
72	0.04541110653030578	0.1522343739291383	0	0	0	0
73	0.05090806144439619	0.15876800198041863	0	0	0	0
74	0.04589363154948889	0.1503814660005086	0	0	0	0
75	0.024126589562604384	0.1163387150391072	0	0	0	0
76	0.05391111251772718	0.13670692238528503	0	0	0	0
77	0.05968309694352414	0.13953018543748452	0	0	0	0
78	0.008136253690391726	0.09907509201189635	0	0	0	0
79	0.03856647628278642	0.1595312328329429	0	0	0	0
80	0.008644461794816038	0.1207504247411002	0	0	0	0
81	0.04722105713482505	0.13913261074040228	0	0	0	0
82	0.02946883655864796	0.16491993507960268	0	0	0	0
83	0.04157709464399251	0.15660479156399754	0	0	0	0
84	0.029896535488775466	0.11757509531440469	0	0	0	0
85	0.04768469534678532	0.14059634849869473	0	0	0	0
86	0.05185148313031851	0.1391992306390829	0	0	0	0
87	0.030540890821982303	0.150348219595838	0	0	0	0
88	0.034601985719417194	0.13963160092265825	0	0	0	0
89	0.05360803173109163	0.12141213089390257	0	0	0	0
90	0.05934231873896634	0.13159783557385163	0	0	0	0
91	0.04811039924580773	0.13502878789515715	0	0	0	0
92	0.048445041266516276	0.14803778246046673	0	0	0	0
93	0.050247752441208715	0.14308672465913108	0	0	0	0
94	0.0463775419204171	0.14117481351634664	0	0	0	0
95	0.0432805377600296	0.1392071684249343	0	0	0	0
96	0.047929990608656325	0.14691247347105596	0	0	0	0
97	0.042297778386450435	0.14053779617180373	0	0	0	0
98	0.04255116166134032	0.12996763583967919	0	0	0	0
99	0.04645817085862447	0.13466015363999062	0	0	0	0
100	0.04367918522404324	0.13190622751728043	0	0	0	0
101	0.04753496181098593	0.13387191577409074	0	0	0	0
102	0.049790197525261704	0.13853484343959344	0	0	0	0
103	0.04536672056520863	0.14097402218588972	0	0	0	0
104	0.04095798495478564	0.13801835929546413	0	0	0	0
105	0.043956565281491944	0.1330027603999112	0	0	0	0
106	0.039755347107403916	0.13020742341070857	0	0	0	0
107	0.05219981223372805	0.14142585137060315	0	0	0	0
108	0.042413234875290695	0.14136865145692423	0	0	0	0
109	0.04117294959542084	0.1248486676776247	0	0	0	0
110	0.049010762678285635	0.1263903903772946	0	0	0	0
111	0.052850392493395626	0.1394851546719893	0	0	0	0
112	0.04908105255855366	0.13435244012747227	0	0	0	0
113	0.052293324505162	0.12608934896849255	0	0	0	0
114	0.03750229404510175	0.1370471117411265	0	0	0	0
115	0.03725301053111352	0.14130992180262303	0	0	0	0
116	0.045620105990689996	0.1232741499701473	0	0	0	0
117	0.052772312212943095	0.11844776960255465	0	0	0	0
118	0.055918526418506254	0.12558237881223056	0	0	0	0
119	0.05079940906847891	0.1314422186364992	0	0	0	0
120	0.04269241153917358	0.13604371664308212	0	0	0	0
121	0.04744710184031953	0.12484417941975268	0	0	0	0
122	0.0384893204588268	0.12946864915975764	0	0	0	0
123	0.03347144892552811	0.13873724976588342	0	0	0	0
124	0.03855621168472201	0.12655179381214632	0	0	0	0
125	0.04260041813979254	0.1272221285705103	0	0	0	0
126	0.04004739356823328	0.12853064860277996	0	0	0	0
127	0.047656021377197044	0.13383773110105124	0	0	0	0
128	0.03496696738198146	0.11393362905416715	0	0	0	0
129	0.04798769343876863	0.11836186266393844	0	0	0	0
130	0.0452789093287046	0.13362721472200512	0	0	0	0
131	0.04356041528656085	0.12147431579830881	0	0	0	0
132	0.05152504790676493	0.12165906235442348	0	0	0	0
133	0.05169182670022909	0.12222475715142556	0	0	0	0
134	0.044484389978680094	0.12187642933249332	0	0	0	0
135	0.037623295902427856	0.12478434183106657	0	0	0	0
136	0.03630943707478096	0.12214907911445694	0	0	0	0
137	0.038325929606684905	0.13025806947482677	0	0	0	0
138	0.04407143871770458	0.11973893403888558	0	0	0	0
139	0.03872741542930802	0.12519944883256207	0	0	0	0
140	0.05876160469045466	0.13161834815597506	0	0	0	0
141	0.03714842527141471	0.11607418334708797	0	0	0	0
142	0.04250646756272458	0.12097313286307532	0	0	0	0
143	0.03705449756645807	0.1144134773240778	0	0	0	0
144	0.033646051240084796	0.11876072282838412	0	0	0	0
145	0.03995642472241456	0.11450617822632025	0	0	0	0
146	0.05197409761369909	0.10728283758602009	0	0	0	0
147	0.04161115529411452	0.11774154710663831	0	0	0	0
148	0.048332831843447166	0.11061944249355926	0	0	0	0
149	0.04046717578995018	0.12256310088635614	0	0	0	0
150	0.04837137368509836	0.11100679170735228	0	0	0	0
151	0.050399831816532625	0.11014228389286962	0	0	0	0
152	0.03754399656118723	0.11894894204138262	0	0	0	0
153	0.048437165698180684	0.1145702605541089	0	0	0	0
154	0.04289286369423784	0.11334120785669943	0	0	0	0
155	0.05127600476970107	0.10667268015688192	0	0	0	0
156	0.04014316154841113	0.1112616998096615	0	0	0	0
157	0.03386846782936459	0.12197520791065797	0	0	0	0
158	0.03423869024715098	0.11733858260934316	0	0	0	0
159	0.049767711574655094	0.12440484460305856	0	0	0	0
160	0.04234039971290915	0.11881370520734469	0	0	0	0
161	0.046359477585430575	0.11407577072944841	0	0	0	0
162	0.043956189055601835	0.10963393129246624	0	0	0	0
163	0.04459802753254316	0.11253662617149895	0	0	0	0
164	0.04655353617214497	0.11156290105324629	0	0	0	0
165	0.04331646117590782	0.11368216620221827	0	0	0	0
166	0.04342762125093991	0.11245976848161587	0	0	0	0
167	0.047735681960435095	0.11364791383359873	0	0	0	0
168	0.04465993871931895	0.11403301184130121	0	0	0	0
169	0.05110787814243012	0.11278379879285327	0	0	0	0
170	0.0451082497432258	0.11643187358009421	0	0	0	0
171	0.04189154870950884	0.11747940342896102	0	0	0	0
172	0.045491337283056765	0.1142195744679978	0	0	0	0
173	0.04033380371367534	0.11637648882380192	0	0	0	0
174	0.0436200871666379	0.11539652001199752	0	0	0	0
175	0.04603892261744602	0.12062212476157641	0	0	0	0
176	0.04523789074646467	0.11627186457566452	0	0	0	0
177	0.04516011209681503	0.11578598021359565	0	0	0	0
178	0.040963211546104494	0.11705947867573685	0	0	0	0
179	0.04198643995018769	0.11731279916901127	0	0	0	0
180	0.04452084082958563	0.11655549032339985	0	0	0	0
181	0.043995903656181445	0.11523714749988834	0	0	0	0
182	0.04381241043943618	0.11316139444187434	0	0	0	0
183	0.039035763148599356	0.11353590666937752	0	0	0	0
184	0.043083842113680104	0.1142633381190511	0	0	0	0
185	0.04070228586849156	0.11400240884471513	0	0	0	0
186	0.036027397687428575	0.11307119482925065	0	0	0	0
187	0.03910312189817122	0.11677024471050479	0	0	0	0
188	0.03782986819927958	0.11630631379538536	0	0	0	0
189	0.0381927222694296	0.11493074695439498	0	0	0	0
190	0.04304905754037347	0.11402692914773849	0	0	0	0
191	0.045187354575007	0.11380591909502291	0	0	0	0
192	0.041432485657421636	0.11531791559057847	0	0	0	0
193	0.04120723227960088	0.11718901362105694	0	0	0	0
194	0.040081483105673055	0.11520497046875977	0	0	0	0
195	0.039338937302114574	0.11455640253866572	0	0	0	0
196	0.04277014916501931	0.11809533796553306	0	0	0	0
197	0.04395842124052529	0.11787032200225034	0	0	0	0
198	0.04472138771974565	0.11491854807792778	0	0	0	0
199	0.03783418838884822	0.11307966068723863	0	0	0	0
200	0.041958187293011706	0.11752036862082016	0	0	0	0
201	0.04003132250716179	0.11853885016987276	0	0	0	0
202	0.03682236019240204	0.11639753193846825	0	0	0	0
203	0.04182336646776963	0.11184374467686653	0	0	0	0
204	0.04650067373941136	0.11609980615277893	0	0	0	0
205	0.037913679769887354	0.11705720209306258	0	0	0	0
206	0.03719139119269421	0.12017731674284882	0	0	0	0
207	0.036658669265232424	0.11463008502294869	0	0	0	0
208	0.04513367363945697	0.11578660763283621	0	0	0	0
209	0.04705616277003144	0.11063480063517872	0	0	0	0
210	0.04124656137811211	0.11638988718242682	0	0	0	0
211	0.043183502630904314	0.1143700980333352	0	0	0	0
212	0.04266716756585698	0.11952869045661085	0	0	0	0
213	0.04292728759787301	0.1119000743590729	0	0	0	0
214	0.04395930308037754	0.11492950175937544	0	0	0	0
215	0.04516101356825475	0.11574341856736126	0	0	0	0
216	0.038598576191301914	0.11570503920537933	0	0	0	0
217	0.040486520343821275	0.11806896535374534	0	0	0	0
218	0.03826969830757121	0.11344063425330286	0	0	0	0
219	0.041708276962259205	0.11763401445913402	0	0	0	0
220	0.03961013528618529	0.11822707762922924	0	0	0	0
221	0.04217364397082146	0.11690034928949211	0	0	0	0
222	0.04288368171381829	0.12356832936254936	0	0	0	0
223	0.04143991040190542	0.11984750553510137	0	0	0	0
224	0.04486056921896786	0.11999484979158515	0	0	0	0
225	0.04002760069205169	0.11868806228715645	0	0	0	0
226	0.043210698182428287	0.11254321354563768	0	0	0	0
227	0.04345603039096124	0.11637480105070663	0	0	0	0
228	0.039040467143155455	0.12009447857198219	0	0	0	0
229	0.043491014182160725	0.1137721199001529	0	0	0	0
230	0.0451571081441291	0.11335216411416771	0	0	0	0
231	0.044587410956703044	0.11770684046487645	0	0	0	0
232	0.03916508933983309	0.11671809927955834	0	0	0	0
233	0.04043549705747751	0.11566301600241269	0	0	0	0
234	0.04382307139722352	0.11630169254255474	0	0	0	0
235	0.04017495181673558	0.11586763048313597	0	0	0	0
236	0.0420657999843943	0.12054469284824343	0	0	0	0
237	0.04292336068559166	0.11739422902185392	0	0	0	0
238	0.04462110289310317	0.11046389211632768	0	0	0	0
239	0.04138385545715795	0.11014926081382137	0	0	0	0
240	0.038058231011846466	0.11385535737584407	0	0	0	0
241	0.04232884336516429	0.11320809453519454	0	0	0	0
242	0.03992835248804294	0.11339186676299629	0	0	0	0
243	0.03931920078956519	0.11748124290370077	0	0	0	0
244	0.04094102080079054	0.11681301112722009	0	0	0	0
245	0.03957258787551121	0.11546941639260966	0	0	0	0
246	0.03838267557981134	0.11739330494548283	0	0	0	0
247	0.04284615394883262	0.11394454073337668	0	0	0	0
248	0.04008401899042613	0.11605343984357253	0	0	0	0
249	0.04032828074806294	0.11839951057247311	0	0	0	0
250	0.041710120540313866	0.1159714642610793	0	0	0	0
251	0.04476668549839258	0.11507518431468511	0	0	0	0
252	0.04154054893668424	0.11780688187287303	0	0	0	0
253	0.04447600485581105	0.11481112823962414	0	0	0	0
254	0.04262225450413748	0.11603970139567765	0	0	0	0
255	0.04477435625078208	0.11544641671467004	0	0	0	0
256	0.04115955679808103	0.11410610308887381	0	0	0	0
257	0.039631510868527564	0.11948347452241392	0	0	0	0
258	0.04207705470192269	0.11751531830443906	0	0	0	0
259	0.0424347319226015	0.11426374047314614	0	0	0	0
260	0.0440162724771036	0.11839465078635536	0	0	0	0
261	0.04064145824333898	0.11874944627455952	0	0	0	0
262	0.04311203419214249	0.11481506618524573	0	0	0	0
263	0.041850733555312214	0.11405747978851566	0	0	0	0
264	0.03872804562593091	0.11667226266020103	0	0	0	0
265	0.040337255266755134	0.1170601017461802	0	0	0	0
266	0.04227195925824345	0.11577180273293086	0	0	0	0
267	0.04164409018570869	0.1174774493150722	0	0	0	0
268	0.04056552863370877	0.11375834970819154	0	0	0	0
269	0.04163143542170089	0.11015186240293162	0	0	0	0
270	0.041364508229371655	0.10972701302144017	0	0	0	0
271	0.04240505080038792	0.11448252676129678	0	0	0	0
272	0.04094322405544215	0.11362696123491123	0	0	0	0
273	0.041395944968868004	0.11495133032386284	0	0	0	0
274	0.04102647623355482	0.1130209826293952	0	0	0	0
275	0.03508811550557245	0.11472926520685822	0	0	0	0
276	0.035943260455462145	0.11418110324717468	0	0	0	0
277	0.04158272019146403	0.11600447481113352	0	0	0	0
278	0.044150501511659	0.11575075226776155	0	0	0	0
279	0.04211123940692296	0.1207452270690953	0	0	0	0
280	0.0406153528047809	0.11930866608883173	0	0	0	0
281	0.04366734423209695	0.11726279450537846	0	0	0	0
282	0.04801530288760836	0.11774862640132422	0	0	0	0
283	0.04171128369805399	0.11500626349589083	0	0	0	0
284	0.04022233715026813	0.1109224633304593	0	0	0	0
285	0.042180120762011164	0.11432070745267064	0	0	0	0
286	0.04765379856057861	0.1169058373183719	0	0	0	0
287	0.04042555133265502	0.1153114245179312	0	0	0	0
288	0.04096898224908496	0.1154645514474989	0	0	0	0
289	0.041099725228601725	0.11975446603625828	0	0	0	0
290	0.042553558152953475	0.1168481043971864	0	0	0	0
291	0.044597248435759296	0.11918317038088744	0	0	0	0
292	0.0464851433446154	0.11528859232600408	0	0	0	0
293	0.04186455274051415	0.11622665369232088	0	0	0	0
294	0.039442271753832525	0.11529911806003446	0	0	0	0
295	0.03797262265314949	0.11688068769922821	0	0	0	0
296	0.04151315297744507	0.11536462329104047	0	0	0	0
297	0.044008441411013566	0.11639795367864669	0	0	0	0
298	0.04253783241291109	0.1199529653876501	0	0	0	0
299	0.04227790155637301	0.11906566057710355	0	0	0	0
300	0.04146192091626688	0.11329525003308294	0	0	0	0
301	0.03908371785582898	0.11343343023217123	0	0	0	0
302	0.04052073118264721	0.11797224675378026	0	0	0	0
303	0.041786258486528505	0.11779616762405953	0	0	0	0
304	0.042492852679080206	0.11633657072943393	0	0	0	0
305	0.039283194443872294	0.11589650331876133	0	0	0	0
306	0.04224051888851288	0.1152911360377804	0	0	0	0
307	0.04508696811626434	0.11258450183744839	0	0	0	0
308	0.04433570584268087	0.11633919962526018	0	0	0	0
309	0.040950110610228685	0.12077414121143215	0	0	0	0
310	0.04200964566051624	0.11746593108933812	0	0	0	0
311	0.04540784680639065	0.11617299465512898	0	0	0	0
312	0.043026169853112584	0.11677861560286018	0	0	0	0
313	0.03896109472798437	0.11619132473201244	0	0	0	0
314	0.041790050356259156	0.11241730519921322	0	0	0	0
315	0.041903537553913184	0.11552327339117763	0	0	0	0
316	0.04206404903090133	0.11391403718645188	0	0	0	0
317	0.04257286751557143	0.1154263462833488	0	0	0	0
318	0.046857817080920405	0.10994367972978258	0	0	0	0
319	0.04318931924159508	0.11353539585843087	0	0	0	0
320	0.03916843102217982	0.11770898828852339	0	0	0	0
321	0.04706553830202642	0.11490707941228873	0	0	0	0
322	0.04188365791847226	0.11400555577199956	0	0	0	0
323	0.03881017399865516	0.11778602997872223	0	0	0	0
324	0.04361772943699038	0.11352225072789313	0	0	0	0
325	0.041647160320141596	0.1143366600830017	0	0	0	0
326	0.043589652940951074	0.11467738322173593	0	0	0	0
327	0.04242561697696723	0.11491262533817825	0	0	0	0
328	0.041070232611829516	0.1171835613976765	0	0	0	0
329	0.04028081855896737	0.1194127307651991	0	0	0	0
330	0.04189137633228657	0.11988672782319099	0	0	0	0
331	0.03955173300063408	0.11523789289599529	0	0	0	0
332	0.04157525489336078	0.12144096777610991	0	0	0	0
333	0.04417263421068074	0.12098983272286401	0	0	0	0
334	0.04798793464252615	0.11384558942156697	0	0	0	0
335	0.04204929972982652	0.11471063195630227	0	0	0	0
336	0.03896769344796036	0.11820421957383098	0	0	0	0
337	0.03909632032698074	0.11656824229714458	0	0	0	0
338	0.038813670452448434	0.1144047776596645	0	0	0	0
339	0.03933939959116506	0.11387192793706002	0	0	0	0
340	0.03769564042089346	0.11549330609297881	0	0	0	0
341	0.0426310677003654	0.11432645669650654	0	0	0	0
342	0.04396073391175226	0.1135969239480159	0	0	0	0
343	0.040939378382370495	0.11787850163986924	0	0	0	0
344	0.04240305144764389	0.11797776900818024	0	0	0	0
345	0.04212402179619312	0.11736402048927053	0	0	0	0
346	0.04191911757276923	0.11697167306158673	0	0	0	0
347	0.03795333506534049	0.11450047554857079	0	0	0	0
348	0.040065222111928755	0.11418803315777193	0	0	0	0
349	0.04318743114707235	0.11785962357498958	0	0	0	0
350	0.041872710488290776	0.11639338918678832	0	0	0	0
351	0.04489091040978077	0.11789573036980561	0	0	0	0
352	0.0402931464359062	0.11376694088015105	0	0	0	0
353	0.04286722218002603	0.11507593347283274	0	0	0	0
354	0.038863391955169746	0.11660013503426425	0	0	0	0
355	0.04272803884353804	0.11742410277849646	0	0	0	0
356	0.04248789787597129	0.11628865078776585	0	0	0	0
357	0.04385929608495198	0.1178727188699118	0	0	0	0
358	0.042192082151397026	0.11549643195163983	0	0	0	0
359	0.04016600103777046	0.11820737772508072	0	0	0	0
360	0.03769503335986801	0.1172452782654343	0	0	0	0
361	0.04192133529857567	0.11625524569653467	0	0	0	0
362	0.046298694132569485	0.11593756747744555	0	0	0	0
363	0.043398460842180464	0.11763634060996586	0	0	0	0
364	0.039577007619902904	0.11507704149531806	0	0	0	0
365	0.044608419729169846	0.11569581781908234	0	0	0	0
366	0.04283461095031316	0.11657160400400535	0	0	0	0
367	0.039258968056661514	0.11236897600290596	0	0	0	0
368	0.044450994913733055	0.11466495631358764	0	0	0	0
369	0.04182259218273976	0.11882260782848242	0	0	0	0
370	0.04179303108085852	0.11828282770317411	0	0	0	0
371	0.04245626900266375	0.11536950074995422	0	0	0	0
372	0.041804930811141006	0.11591275549307456	0	0	0	0
373	0.038848953351307	0.11482158022879085	0	0	0	0
374	0.04104940933603407	0.11844763692124605	0	0	0	0
375	0.04238786982752352	0.11483426741706315	0	0	0	0
376	0.03779537118289589	0.11662618030291927	0	0	0	0
377	0.04303590690823411	0.11252942620924722	0	0	0	0
378	0.04376664137408792	0.11422340159253996	0	0	0	0
379	0.04134507540441823	0.11707966698327543	0	0	0	0
380	0.04207539082186895	0.11848589729096815	0	0	0	0
381	0.04299223858089407	0.11643793179595119	0	0	0	0
382	0.045408331036691396	0.11637837035288345	0	0	0	0
383	0.04269870976000123	0.115111127954726	0	0	0	0
384	0.042459820164784556	0.11808188551262	0	0	0	0
385	0.04462905776056347	0.1125901405793015	0	0	0	0
386	0.041410999817634075	0.11810806023941411	0	0	0	0
387	0.04346978844956362	0.11213127476434637	0	0	0	0
388	0.04229803536232868	0.11594691647292688	0	0	0	0
389	0.04228418996719674	0.1143560788186394	0	0	0	0
390	0.04442410090430127	0.1166420253732422	0	0	0	0
391	0.043161898403483945	0.11499087808429953	0	0	0	0
392	0.0426684254944566	0.11878097726909853	0	0	0	0
393	0.040992342248427294	0.11916144082995372	0	0	0	0
394	0.044955790315977295	0.11760629544905299	0	0	0	0
395	0.04782024667518325	0.12241399289739563	0	0	0	0
396	0.041140881743544244	0.11860385451916133	0	0	0	0
397	0.039550316287971676	0.11389360189031839	0	0	0	0
398	0.04224365008361475	0.11994180035147406	0	0	0	0
399	0.04361764820566005	0.11272207758587172	0	0	0	0
400	0.04039750042542534	0.11632702125852823	0	0	0	0
401	0.039214217243793925	0.11370873633168621	0	0	0	0
402	0.03825621141585622	0.11706156367269593	0	0	0	0
403	0.041504535714292246	0.11418800253114636	0	0	0	0
404	0.040848200635573484	0.11854497350576176	0	0	0	0
405	0.038787050775298204	0.11780544157530215	0	0	0	0
406	0.04236079227320788	0.11700748398007688	0	0	0	0
407	0.040616582384178646	0.1153249974147127	0	0	0	0
408	0.0468048907989671	0.11641693088467941	0	0	0	0
409	0.041469209946567887	0.11195954800658148	0	0	0	0
410	0.04305505600099746	0.1143573799610409	0	0	0	0
411	0.04298048235601237	0.11241987405328835	0	0	0	0
412	0.04218140996551811	0.11542535532449916	0	0	0	0
413	0.043417787720579915	0.11950110244040091	0	0	0	0
414	0.045171921606509624	0.11647312542879662	0	0	0	0
415	0.044575063174491	0.11424361777672132	0	0	0	0
416	0.043829614279717544	0.11633938784651254	0	0	0	0
417	0.0418705658014642	0.12036450169282853	0	0	0	0
418	0.04432177438235674	0.11707344296626132	0	0	0	0
419	0.04094912566857223	0.1220332998940109	0	0	0	0
420	0.04264155926550095	0.12210002130972519	0	0	0	0
421	0.038503181011593446	0.11790388670585406	0	0	0	0
422	0.038562860238088525	0.1233989365346353	0	0	0	0
423	0.03962746097271941	0.11853584424781127	0	0	0	0
424	0.0423688603947171	0.11847013215241808	0	0	0	0
425	0.0400247291291449	0.11636888764129205	0	0	0	0
426	0.04235347483979812	0.11320892759240653	0	0	0	0
427	0.04282895949032728	0.11466545852399257	0	0	0	0
428	0.045760829377258894	0.11286024632700165	0	0	0	0
429	0.04024718269822336	0.1133790348903645	0	0	0	0
430	0.045833854421362785	0.11995729964239499	0	0	0	0
431	0.03878908718427354	0.12025948802124775	0	0	0	0
432	0.041253425126092536	0.12014113797586123	0	0	0	0
433	0.04041056609147131	0.11758766465587356	0	0	0	0
434	0.04233273227869261	0.11525146165755362	0	0	0	0
435	0.045350907434144494	0.11314172792282129	0	0	0	0
436	0.04221963201976631	0.1180464089390929	0	0	0	0
437	0.039261538478180924	0.11428686442758096	0	0	0	0
438	0.041248531148160295	0.11840883941254077	0	0	0	0
439	0.03898266032476394	0.11579741083596973	0	0	0	0
440	0.04069047221444766	0.11386175965615486	0	0	0	0
441	0.041884333179120437	0.1155415120632356	0	0	0	0
442	0.043891089683501416	0.113655128060977	0	0	0	0
443	0.04323662949680229	0.11391708841757286	0	0	0	0
444	0.039708306364503176	0.11585377323162094	0	0	0	0
445	0.04345589621164858	0.11381266728101236	0	0	0	0
446	0.04232754972958208	0.11253162322905075	0	0	0	0
447	0.04011911894697329	0.11753876708092192	0	0	0	0
448	0.03919571451647941	0.11670685375591794	0	0	0	0
449	0.041995005172218214	0.1174427662351829	0	0	0	0
450	0.04669623873133144	0.11939272265043899	0	0	0	0
451	0.04079945380546168	0.11574906951311248	0	0	0	0
452	0.04251170563950235	0.11800446923860353	0	0	0	0
453	0.0438248462548696	0.11784747654840011	0	0	0	0
454	0.04626475030794497	0.1132285191324427	0	0	0	0
455	0.04344034687242371	0.11559958408196402	0	0	0	0
456	0.043906008268557506	0.11277568843589092	0	0	0	0
457	0.045542371653414904	0.11688531126400548	0	0	0	0
458	0.041119851542383734	0.11631272177770302	0	0	0	0
459	0.04020095234385135	0.11610664077214128	0	0	0	0
460	0.04148120998120741	0.11537388105631319	0	0	0	0
461	0.039401127044648376	0.11903811442516898	0	0	0	0
462	0.04330058499865075	0.1190195975132936	0	0	0	0
463	0.04014067847507652	0.11359127054653928	0	0	0	0
464	0.044972335703364674	0.11896135926043827	0	0	0	0
465	0.041803541418739876	0.11572810897631758	0	0	0	0
466	0.03849036076909751	0.11602838806671822	0	0	0	0
467	0.04124384024143435	0.11740597393633745	0	0	0	0
468	0.03784722189733025	0.11792195231836533	0	0	0	0
469	0.03858121241101897	0.11800079362620686	0	0	0	0
470	0.04165586392819742	0.12004960842121304	0	0	0	0
471	0.042316281067147576	0.11698264391150559	0	0	0	0
472	0.045774876891559124	0.10903072843633654	0	0	0	0
473	0.04193879768277542	0.11364214972555897	0	0	0	0
474	0.0433281304547809	0.11361092327598132	0	0	0	0
475	0.03762952369792594	0.11597630862839325	0	0	0	0
476	0.04136539559145547	0.12232606044655281	0	0	0	0
477	0.04372443691424599	0.11900000794127208	0	0	0	0
478	0.04396653181975685	0.11423080081051173	0	0	0	0
479	0.041204957550253773	0.1143640503075527	0	0	0	0
480	0.036340403270379795	0.11658469061628773	0	0	0	0
481	0.03926369798364426	0.12278947338347002	0	0	0	0
482	0.04345626431072058	0.12307878269041417	0	0	0	0
483	0.04160438475515482	0.12171728047104535	0	0	0	0
484	0.04076707496842391	0.11482566014529039	0	0	0	0
485	0.042285399049172945	0.11675741711294785	0	0	0	0
486	0.04015165195059289	0.11650026993569718	0	0	0	0
487	0.04158646664878329	0.1155363597680541	0	0	0	0
488	0.04144485043907664	0.11576184512105792	0	0	0	0
489	0.038534621325837626	0.11878646288042238	0	0	0	0
490	0.039744925274474374	0.11841131494623747	0	0	0	0
491	0.04647282561407318	0.11178232469942762	0	0	0	0
492	0.04845392415507932	0.11308802289965347	0	0	0	0
493	0.042863107878729156	0.1139300366146041	0	0	0	0
494	0.04467952170851508	0.11234080559825432	0	0	0	0
495	0.041908758225857046	0.12176559325106373	0	0	0	0
496	0.03997684875327556	0.1177488201703153	0	0	0	0
497	0.038758448983586824	0.12056473501934839	0	0	0	0
498	0.04061816751968572	0.11714990285570415	0	0	0	0
499	0.04455995171242877	0.12011311954053239	0	0	0	0
500	0.04340845354681955	0.11700402521238862	0	0	0	0
