epoch	batch	iter	loss	acc	lr
1	1	1	2.428189754486084	4.0	5e-06
1	2	2	2.5129079818725586	8.0	5e-06
1	3	3	2.2081286907196045	6.0	5e-06
1	4	4	2.2621212005615234	4.0	5e-06
1	5	5	2.297651767730713	8.0	5e-06
1	6	6	2.29801344871521	16.0	5e-06
1	7	7	2.2091104984283447	12.0	5e-06
1	8	8	2.1942245960235596	28.0	5e-06
1	9	9	2.1578121185302734	38.0	5e-06
1	10	10	2.189361810684204	28.0	5e-06
1	11	11	2.2556045055389404	31.57894736842105	5e-06
2	1	12	2.1685643196105957	38.0	5e-06
2	2	13	2.2120532989501953	36.0	5e-06
2	3	14	2.155806064605713	36.0	5e-06
2	4	15	2.046574831008911	44.0	5e-06
2	5	16	2.0842390060424805	36.0	5e-06
2	6	17	2.10459566116333	46.0	5e-06
2	7	18	2.0929338932037354	44.0	5e-06
2	8	19	2.0588176250457764	54.0	5e-06
2	9	20	2.0448529720306396	46.0	5e-06
2	10	21	2.1129562854766846	40.0	5e-06
2	11	22	2.1121528148651123	47.36842105263158	5e-06
3	1	23	2.0380945205688477	42.0	5e-06
3	2	24	1.9486398696899414	50.0	5e-06
3	3	25	1.9505767822265625	58.0	5e-06
3	4	26	2.007148027420044	52.0	5e-06
3	5	27	1.983729600906372	54.0	5e-06
3	6	28	1.9924061298370361	48.0	5e-06
3	7	29	2.003417730331421	42.0	5e-06
3	8	30	1.962632179260254	60.0	5e-06
3	9	31	1.88850736618042	54.0	5e-06
3	10	32	1.8257015943527222	66.0	5e-06
3	11	33	2.1005146503448486	42.10526315789474	5e-06
4	1	34	1.8354030847549438	50.0	5e-06
4	2	35	1.8826751708984375	56.0	5e-06
4	3	36	1.7823185920715332	66.0	5e-06
4	4	37	1.8463479280471802	50.0	5e-06
4	5	38	1.7665603160858154	64.0	5e-06
4	6	39	1.8371899127960205	52.0	5e-06
4	7	40	1.8604710102081299	54.0	5e-06
4	8	41	1.8766189813613892	56.0	5e-06
4	9	42	1.9093409776687622	50.0	5e-06
4	10	43	1.7566255331039429	62.0	5e-06
4	11	44	2.059635877609253	26.31578947368421	5e-06
5	1	45	1.761887788772583	60.0	5e-06
5	2	46	1.5820248126983643	68.0	5e-06
5	3	47	1.7846342325210571	48.0	5e-06
5	4	48	1.719010829925537	64.0	5e-06
5	5	49	1.6980732679367065	60.0	5e-06
5	6	50	1.707000732421875	56.0	5e-06
5	7	51	1.7862261533737183	50.0	5e-06
5	8	52	1.8197818994522095	46.0	5e-06
5	9	53	1.6747394800186157	64.0	5e-06
5	10	54	1.7483347654342651	56.0	5e-06
5	11	55	1.8892101049423218	47.36842105263158	5e-06
6	1	56	1.7060847282409668	54.0	5e-06
6	2	57	1.7053871154785156	60.0	5e-06
6	3	58	1.7269070148468018	60.0	5e-06
6	4	59	1.611262559890747	56.0	5e-06
6	5	60	1.803955078125	52.0	5e-06
6	6	61	1.6275707483291626	68.0	5e-06
6	7	62	1.5915559530258179	66.0	5e-06
6	8	63	1.7961337566375732	52.0	5e-06
6	9	64	1.6375727653503418	52.0	5e-06
6	10	65	1.5710251331329346	60.0	5e-06
6	11	66	1.4930930137634277	63.1578947368421	5e-06
7	1	67	1.5519964694976807	64.0	5e-06
7	2	68	1.4974992275238037	66.0	5e-06
7	3	69	1.787500262260437	50.0	5e-06
7	4	70	1.5186059474945068	66.0	5e-06
7	5	71	1.6802771091461182	56.0	5e-06
7	6	72	1.6451029777526855	56.0	5e-06
7	7	73	1.392731785774231	74.0	5e-06
7	8	74	1.6194268465042114	60.0	5e-06
7	9	75	1.564133644104004	60.0	5e-06
7	10	76	1.5296653509140015	62.0	5e-06
7	11	77	1.6580010652542114	57.89473684210526	5e-06
8	1	78	1.7163223028182983	56.0	5e-06
8	2	79	1.6990371942520142	56.0	5e-06
8	3	80	1.4747718572616577	58.0	5e-06
8	4	81	1.5912926197052002	54.0	5e-06
8	5	82	1.691641092300415	56.0	5e-06
8	6	83	1.472211480140686	64.0	5e-06
8	7	84	1.3852524757385254	68.0	5e-06
8	8	85	1.5239803791046143	58.0	5e-06
8	9	86	1.4538209438323975	58.0	5e-06
8	10	87	1.391916036605835	64.0	5e-06
8	11	88	1.6259711980819702	47.36842105263158	5e-06
9	1	89	1.4199247360229492	70.0	5e-06
9	2	90	1.67559015750885	52.0	5e-06
9	3	91	1.3573594093322754	66.0	5e-06
9	4	92	1.7119641304016113	48.0	5e-06
9	5	93	1.4545187950134277	60.0	5e-06
9	6	94	1.453721523284912	60.0	5e-06
9	7	95	1.5118751525878906	56.0	5e-06
9	8	96	1.5741535425186157	52.0	5e-06
9	9	97	1.4628394842147827	62.0	5e-06
9	10	98	1.3295115232467651	64.0	5e-06
9	11	99	1.164180874824524	73.6842105263158	5e-06
10	1	100	1.6416569948196411	48.0	5e-06
10	2	101	1.2827831506729126	70.0	5e-06
10	3	102	1.448108196258545	58.0	5e-06
10	4	103	1.3336197137832642	66.0	5e-06
10	5	104	1.3614190816879272	68.0	5e-06
10	6	105	1.3026467561721802	68.0	5e-06
10	7	106	1.352542757987976	64.0	5e-06
10	8	107	1.6253350973129272	52.0	5e-06
10	9	108	1.4417674541473389	66.0	5e-06
10	10	109	1.5678129196166992	52.0	5e-06
10	11	110	1.5537617206573486	47.36842105263158	5e-06
11	1	111	1.5724412202835083	54.0	5e-06
11	2	112	1.4865617752075195	58.0	5e-06
11	3	113	1.3634092807769775	66.0	5e-06
11	4	114	1.4025996923446655	64.0	5e-06
11	5	115	1.2323193550109863	70.0	5e-06
11	6	116	1.4156492948532104	60.0	5e-06
11	7	117	1.3153440952301025	60.0	5e-06
11	8	118	1.509730339050293	62.0	5e-06
11	9	119	1.248692274093628	66.0	5e-06
11	10	120	1.490180492401123	60.0	5e-06
11	11	121	1.6549158096313477	47.36842105263158	5e-06
12	1	122	1.2854336500167847	64.0	5e-06
12	2	123	1.3978583812713623	56.0	5e-06
12	3	124	1.4392950534820557	58.0	5e-06
12	4	125	1.2889806032180786	72.0	5e-06
12	5	126	1.2542922496795654	68.0	5e-06
12	6	127	1.2103325128555298	72.0	5e-06
12	7	128	1.559659719467163	60.0	5e-06
12	8	129	1.6740882396697998	52.0	5e-06
12	9	130	1.5170025825500488	56.0	5e-06
12	10	131	1.452027440071106	62.0	5e-06
12	11	132	1.2643890380859375	57.89473684210526	5e-06
13	1	133	1.5517572164535522	54.0	5e-06
13	2	134	1.348146915435791	68.0	5e-06
13	3	135	1.1905434131622314	70.0	5e-06
13	4	136	1.419377326965332	58.0	5e-06
13	5	137	1.3540470600128174	64.0	5e-06
13	6	138	1.3872584104537964	58.0	5e-06
13	7	139	1.4651095867156982	58.0	5e-06
13	8	140	1.4873067140579224	62.0	5e-06
13	9	141	1.359992504119873	64.0	5e-06
13	10	142	1.1703628301620483	74.0	5e-06
13	11	143	1.2209078073501587	73.6842105263158	5e-06
14	1	144	1.5839152336120605	62.0	5e-06
14	2	145	1.2576816082000732	64.0	5e-06
14	3	146	1.1458079814910889	74.0	5e-06
14	4	147	1.3472561836242676	64.0	5e-06
14	5	148	1.2856022119522095	62.0	5e-06
14	6	149	1.3676366806030273	60.0	5e-06
14	7	150	1.1534041166305542	72.0	5e-06
14	8	151	1.4425746202468872	60.0	5e-06
14	9	152	1.3126440048217773	68.0	5e-06
14	10	153	1.3460536003112793	64.0	5e-06
14	11	154	1.6655731201171875	52.63157894736842	5e-06
15	1	155	1.4033715724945068	60.0	5e-06
15	2	156	1.081965446472168	74.0	5e-06
15	3	157	1.3050655126571655	64.0	5e-06
15	4	158	1.55179762840271	52.0	5e-06
15	5	159	1.1838178634643555	68.0	5e-06
15	6	160	1.3233712911605835	62.0	5e-06
15	7	161	1.3961938619613647	54.0	5e-06
15	8	162	1.6952351331710815	52.0	5e-06
15	9	163	1.0732349157333374	70.0	5e-06
15	10	164	1.1776669025421143	70.0	5e-06
15	11	165	1.2596856355667114	63.1578947368421	5e-06
16	1	166	1.0586938858032227	74.0	5e-06
16	2	167	1.3527010679244995	64.0	5e-06
16	3	168	1.4988110065460205	56.0	5e-06
16	4	169	1.3390605449676514	68.0	5e-06
16	5	170	1.4100199937820435	62.0	5e-06
16	6	171	1.3876423835754395	60.0	5e-06
16	7	172	1.1417936086654663	70.0	5e-06
16	8	173	1.1813817024230957	70.0	5e-06
16	9	174	1.1648139953613281	66.0	5e-06
16	10	175	1.5573148727416992	50.0	5e-06
16	11	176	1.5087162256240845	57.89473684210526	5e-06
17	1	177	1.1796560287475586	68.0	5e-06
17	2	178	1.2221968173980713	64.0	5e-06
17	3	179	1.0909438133239746	72.0	5e-06
17	4	180	1.3738056421279907	62.0	5e-06
17	5	181	1.3970539569854736	56.0	5e-06
17	6	182	1.1498289108276367	72.0	5e-06
17	7	183	1.347723126411438	62.0	5e-06
17	8	184	1.3919743299484253	64.0	5e-06
17	9	185	1.334734320640564	58.0	5e-06
17	10	186	1.1468178033828735	72.0	5e-06
17	11	187	1.1597232818603516	63.1578947368421	5e-06
18	1	188	1.1726607084274292	64.0	5e-06
18	2	189	1.243405818939209	64.0	5e-06
18	3	190	1.3590474128723145	66.0	5e-06
18	4	191	1.1758289337158203	72.0	5e-06
18	5	192	1.3379182815551758	62.0	5e-06
18	6	193	1.3320939540863037	60.0	5e-06
18	7	194	1.0464566946029663	72.0	5e-06
18	8	195	1.351811170578003	60.0	5e-06
18	9	196	1.3146934509277344	62.0	5e-06
18	10	197	1.2771527767181396	66.0	5e-06
18	11	198	1.007781982421875	78.94736842105263	5e-06
19	1	199	1.3953564167022705	60.0	5e-06
19	2	200	1.1957595348358154	66.0	5e-06
19	3	201	1.5787769556045532	50.0	5e-06
19	4	202	1.1236519813537598	70.0	5e-06
19	5	203	1.3596675395965576	60.0	5e-06
19	6	204	1.1002546548843384	68.0	5e-06
19	7	205	1.0683386325836182	70.0	5e-06
19	8	206	1.5576252937316895	54.0	5e-06
19	9	207	1.2298587560653687	68.0	5e-06
19	10	208	0.8352261185646057	84.0	5e-06
19	11	209	1.1697944402694702	63.1578947368421	5e-06
20	1	210	1.2519334554672241	62.0	5e-06
20	2	211	1.3388159275054932	56.0	5e-06
20	3	212	1.0951212644577026	72.0	5e-06
20	4	213	1.1438709497451782	66.0	5e-06
20	5	214	1.0656745433807373	70.0	5e-06
20	6	215	1.250177264213562	66.0	5e-06
20	7	216	1.2262792587280273	66.0	5e-06
20	8	217	1.2669000625610352	64.0	5e-06
20	9	218	1.2657426595687866	66.0	5e-06
20	10	219	1.0706021785736084	72.0	5e-06
20	11	220	1.1932271718978882	68.42105263157895	5e-06
21	1	221	1.278565764427185	64.0	5e-06
21	2	222	1.115911841392517	66.0	5e-06
21	3	223	1.0419895648956299	70.0	5e-06
21	4	224	1.2703344821929932	70.0	5e-06
21	5	225	1.3466869592666626	60.0	5e-06
21	6	226	1.34544038772583	62.0	5e-06
21	7	227	1.0924770832061768	68.0	5e-06
21	8	228	0.9147809743881226	76.0	5e-06
21	9	229	1.2367734909057617	56.0	5e-06
21	10	230	1.2059829235076904	62.0	5e-06
21	11	231	1.0102571249008179	73.6842105263158	5e-06
22	1	232	1.3195850849151611	62.0	5e-06
22	2	233	1.0137757062911987	70.0	5e-06
22	3	234	1.2995567321777344	60.0	5e-06
22	4	235	1.4605876207351685	56.0	5e-06
22	5	236	0.9644277095794678	76.0	5e-06
22	6	237	0.870402455329895	84.0	5e-06
22	7	238	1.101507306098938	66.0	5e-06
22	8	239	1.0404196977615356	70.0	5e-06
22	9	240	1.410030484199524	54.0	5e-06
22	10	241	1.260911226272583	62.0	5e-06
22	11	242	1.1268843412399292	63.1578947368421	5e-06
23	1	243	1.1277661323547363	66.0	5e-06
23	2	244	1.0758056640625	68.0	5e-06
23	3	245	1.0822460651397705	68.0	5e-06
23	4	246	1.1114380359649658	66.0	5e-06
23	5	247	1.3661824464797974	56.0	5e-06
23	6	248	1.239974021911621	62.0	5e-06
23	7	249	1.051735281944275	72.0	5e-06
23	8	250	1.041314721107483	70.0	5e-06
23	9	251	0.998606264591217	68.0	5e-06
23	10	252	1.1796631813049316	68.0	5e-06
23	11	253	0.8619864583015442	73.6842105263158	5e-06
24	1	254	1.0654592514038086	72.0	5e-06
24	2	255	0.9429285526275635	74.0	5e-06
24	3	256	1.0152395963668823	74.0	5e-06
24	4	257	0.8291947841644287	80.0	5e-06
24	5	258	1.5979697704315186	48.0	5e-06
24	6	259	1.204988956451416	70.0	5e-06
24	7	260	1.27685546875	60.0	5e-06
24	8	261	1.3588734865188599	54.0	5e-06
24	9	262	1.0279618501663208	74.0	5e-06
24	10	263	1.0723063945770264	74.0	5e-06
24	11	264	1.0151175260543823	63.1578947368421	5e-06
25	1	265	1.1345092058181763	68.0	5e-06
25	2	266	1.0821846723556519	62.0	5e-06
25	3	267	0.8015846014022827	82.0	5e-06
25	4	268	1.3996319770812988	54.0	5e-06
25	5	269	1.05815589427948	72.0	5e-06
25	6	270	1.0866843461990356	66.0	5e-06
25	7	271	1.093147873878479	64.0	5e-06
25	8	272	0.9258649945259094	76.0	5e-06
25	9	273	1.1947100162506104	62.0	5e-06
25	10	274	1.2346253395080566	60.0	5e-06
25	11	275	0.6168851256370544	78.94736842105263	5e-06
26	1	276	1.1151294708251953	66.0	5e-06
26	2	277	0.8531585931777954	84.0	5e-06
26	3	278	1.239464282989502	62.0	5e-06
26	4	279	1.2413733005523682	56.0	5e-06
26	5	280	0.8515670895576477	76.0	5e-06
26	6	281	1.1076266765594482	66.0	5e-06
26	7	282	1.0617338418960571	68.0	5e-06
26	8	283	1.1546599864959717	64.0	5e-06
26	9	284	1.0598284006118774	68.0	5e-06
26	10	285	0.8534024953842163	74.0	5e-06
26	11	286	1.135443925857544	68.42105263157895	5e-06
27	1	287	1.0368549823760986	70.0	5e-06
27	2	288	1.1684279441833496	64.0	5e-06
27	3	289	1.1999945640563965	60.0	5e-06
27	4	290	0.931220293045044	70.0	5e-06
27	5	291	1.0779359340667725	72.0	5e-06
27	6	292	1.1611942052841187	66.0	5e-06
27	7	293	0.9805500507354736	68.0	5e-06
27	8	294	0.9015243053436279	78.0	5e-06
27	9	295	0.7803298234939575	76.0	5e-06
27	10	296	1.1814663410186768	66.0	5e-06
27	11	297	1.3023600578308105	63.1578947368421	5e-06
28	1	298	1.1013693809509277	66.0	5e-06
28	2	299	0.9197428822517395	74.0	5e-06
28	3	300	0.8871522545814514	80.0	5e-06
28	4	301	0.8103299140930176	78.0	5e-06
28	5	302	1.1964856386184692	66.0	5e-06
28	6	303	0.9240881204605103	74.0	5e-06
28	7	304	0.93045973777771	74.0	5e-06
28	8	305	1.3451560735702515	54.0	5e-06
28	9	306	0.9467266798019409	74.0	5e-06
28	10	307	1.1774085760116577	60.0	5e-06
28	11	308	1.0189242362976074	63.1578947368421	5e-06
29	1	309	1.004683017730713	72.0	5e-06
29	2	310	1.4610768556594849	48.0	5e-06
29	3	311	1.024837613105774	72.0	5e-06
29	4	312	0.9342988729476929	74.0	5e-06
29	5	313	1.084853172302246	66.0	5e-06
29	6	314	1.030984878540039	72.0	5e-06
29	7	315	0.9716270565986633	68.0	5e-06
29	8	316	0.893808126449585	72.0	5e-06
29	9	317	0.8123321533203125	76.0	5e-06
29	10	318	0.8752114772796631	76.0	5e-06
29	11	319	0.9358695149421692	73.6842105263158	5e-06
30	1	320	0.9111396670341492	72.0	5e-06
30	2	321	0.9653762578964233	70.0	5e-06
30	3	322	0.8945053219795227	70.0	5e-06
30	4	323	0.9975488781929016	70.0	5e-06
30	5	324	0.7291250824928284	80.0	5e-06
30	6	325	0.7563825845718384	78.0	5e-06
30	7	326	1.2103341817855835	66.0	5e-06
30	8	327	1.1750130653381348	58.0	5e-06
30	9	328	1.01564621925354	64.0	5e-06
30	10	329	0.9218278527259827	74.0	5e-06
30	11	330	0.915956974029541	73.6842105263158	5e-06
31	1	331	0.9932844042778015	72.0	5e-06
31	2	332	1.1040523052215576	66.0	5e-06
31	3	333	0.8926910161972046	72.0	5e-06
31	4	334	1.018232822418213	68.0	5e-06
31	5	335	0.8974149823188782	70.0	5e-06
31	6	336	0.7150132060050964	82.0	5e-06
31	7	337	0.891646146774292	70.0	5e-06
31	8	338	0.684638261795044	86.0	5e-06
31	9	339	1.0052655935287476	66.0	5e-06
31	10	340	1.046860694885254	70.0	5e-06
31	11	341	1.3057318925857544	57.89473684210526	5e-06
32	1	342	0.6510750651359558	84.0	5e-06
32	2	343	1.0203752517700195	64.0	5e-06
32	3	344	0.9829431176185608	72.0	5e-06
32	4	345	0.9723518490791321	70.0	5e-06
32	5	346	1.08417546749115	64.0	5e-06
32	6	347	0.6362338662147522	86.0	5e-06
32	7	348	0.878898561000824	74.0	5e-06
32	8	349	0.9319351315498352	66.0	5e-06
32	9	350	0.635834276676178	84.0	5e-06
32	10	351	0.9190159440040588	72.0	5e-06
32	11	352	1.6572080850601196	47.36842105263158	5e-06
33	1	353	0.6979116797447205	82.0	5e-06
33	2	354	0.6153290271759033	86.0	5e-06
33	3	355	1.2347321510314941	54.0	5e-06
33	4	356	0.942606508731842	74.0	5e-06
33	5	357	0.9448249936103821	70.0	5e-06
33	6	358	0.9288389086723328	80.0	5e-06
33	7	359	0.8659065365791321	74.0	5e-06
33	8	360	0.9626854658126831	78.0	5e-06
33	9	361	0.9343445301055908	76.0	5e-06
33	10	362	0.9273642897605896	74.0	5e-06
33	11	363	0.8186653852462769	73.6842105263158	5e-06
34	1	364	0.6571752429008484	82.0	5e-06
34	2	365	0.9125159978866577	74.0	5e-06
34	3	366	0.8665392994880676	70.0	5e-06
34	4	367	0.8212018013000488	78.0	5e-06
34	5	368	0.7297681570053101	80.0	5e-06
34	6	369	0.7866230607032776	80.0	5e-06
34	7	370	1.0304521322250366	68.0	5e-06
34	8	371	1.105828046798706	68.0	5e-06
34	9	372	0.7540786266326904	74.0	5e-06
34	10	373	0.9990161061286926	72.0	5e-06
34	11	374	1.0385384559631348	63.1578947368421	5e-06
35	1	375	1.0230215787887573	70.0	5e-06
35	2	376	0.9399616122245789	72.0	5e-06
35	3	377	0.7990603446960449	78.0	5e-06
35	4	378	0.7608849406242371	76.0	5e-06
35	5	379	0.8671737909317017	72.0	5e-06
35	6	380	0.9560809135437012	68.0	5e-06
35	7	381	1.0136853456497192	66.0	5e-06
35	8	382	0.5646230578422546	88.0	5e-06
35	9	383	0.7799088954925537	70.0	5e-06
35	10	384	0.8815334439277649	74.0	5e-06
35	11	385	0.4492017924785614	94.73684210526316	5e-06
36	1	386	0.8729912042617798	72.0	5e-06
36	2	387	0.6601396203041077	82.0	5e-06
36	3	388	0.9783111810684204	68.0	5e-06
36	4	389	0.654134213924408	82.0	5e-06
36	5	390	0.5802814960479736	82.0	5e-06
36	6	391	0.8507369756698608	78.0	5e-06
36	7	392	0.7432810068130493	78.0	5e-06
36	8	393	0.6593565940856934	76.0	5e-06
36	9	394	0.8915896415710449	74.0	5e-06
36	10	395	0.9570589661598206	70.0	5e-06
36	11	396	0.9801338315010071	68.42105263157895	5e-06
37	1	397	0.8805992007255554	74.0	5e-06
37	2	398	0.7225450873374939	72.0	5e-06
37	3	399	0.938201367855072	64.0	5e-06
37	4	400	0.9870511889457703	68.0	5e-06
37	5	401	0.8668149709701538	76.0	5e-06
37	6	402	0.8014989495277405	68.0	5e-06
37	7	403	0.8333896398544312	82.0	5e-06
37	8	404	1.1326490640640259	72.0	5e-06
37	9	405	0.6183974146842957	78.0	5e-06
37	10	406	0.6603379249572754	76.0	5e-06
37	11	407	0.9617711901664734	68.42105263157895	5e-06
38	1	408	0.6027971506118774	82.0	5e-06
38	2	409	0.6606441736221313	84.0	5e-06
38	3	410	0.766465425491333	76.0	5e-06
38	4	411	1.0614099502563477	68.0	5e-06
38	5	412	0.8304163217544556	72.0	5e-06
38	6	413	0.9171286821365356	72.0	5e-06
38	7	414	0.8168095946311951	72.0	5e-06
38	8	415	1.0572105646133423	64.0	5e-06
38	9	416	0.711688756942749	82.0	5e-06
38	10	417	0.8865535855293274	72.0	5e-06
38	11	418	0.8665034770965576	68.42105263157895	5e-06
39	1	419	0.8934729099273682	78.0	5e-06
39	2	420	0.6688602566719055	82.0	5e-06
39	3	421	0.8912546038627625	64.0	5e-06
39	4	422	0.762345552444458	78.0	5e-06
39	5	423	0.9770622253417969	72.0	5e-06
39	6	424	0.8490253686904907	68.0	5e-06
39	7	425	0.8330039978027344	66.0	5e-06
39	8	426	0.7757276296615601	76.0	5e-06
39	9	427	0.6833741664886475	76.0	5e-06
39	10	428	0.6146063804626465	84.0	5e-06
39	11	429	1.097597360610962	68.42105263157895	5e-06
40	1	430	1.0007356405258179	64.0	5e-06
40	2	431	0.7067582011222839	78.0	5e-06
40	3	432	0.8406391143798828	76.0	5e-06
40	4	433	1.1162422895431519	64.0	5e-06
40	5	434	0.5526125431060791	88.0	5e-06
40	6	435	0.7937519550323486	78.0	5e-06
40	7	436	0.8996184468269348	72.0	5e-06
40	8	437	0.8835787773132324	76.0	5e-06
40	9	438	0.5216988921165466	82.0	5e-06
40	10	439	0.7518109083175659	70.0	5e-06
40	11	440	0.8416946530342102	78.94736842105263	5e-06
41	1	441	0.6930692195892334	80.0	5e-06
41	2	442	0.9088488817214966	68.0	5e-06
41	3	443	0.752871572971344	74.0	5e-06
41	4	444	0.7893086075782776	74.0	5e-06
41	5	445	0.7842581868171692	74.0	5e-06
41	6	446	0.8203722238540649	74.0	5e-06
41	7	447	0.7167062163352966	72.0	5e-06
41	8	448	0.5783053636550903	80.0	5e-06
41	9	449	0.9562975168228149	68.0	5e-06
41	10	450	0.5691195726394653	86.0	5e-06
41	11	451	0.5871865749359131	84.21052631578948	5e-06
42	1	452	0.6067431569099426	82.0	5e-06
42	2	453	0.9422814846038818	70.0	5e-06
42	3	454	0.739672839641571	76.0	5e-06
42	4	455	0.6285874247550964	80.0	5e-06
42	5	456	0.7360701560974121	80.0	5e-06
42	6	457	0.9478036761283875	72.0	5e-06
42	7	458	0.6552140712738037	80.0	5e-06
42	8	459	0.7981148362159729	72.0	5e-06
42	9	460	0.6573202610015869	74.0	5e-06
42	10	461	0.9030680656433105	72.0	5e-06
42	11	462	0.9190676808357239	68.42105263157895	5e-06
43	1	463	0.8462466597557068	76.0	5e-06
43	2	464	0.6606845259666443	78.0	5e-06
43	3	465	0.7983433604240417	78.0	5e-06
43	4	466	0.8235936164855957	74.0	5e-06
43	5	467	0.5313549637794495	84.0	5e-06
43	6	468	0.5320077538490295	86.0	5e-06
43	7	469	0.729126513004303	74.0	5e-06
43	8	470	0.5631508231163025	84.0	5e-06
43	9	471	0.9657847881317139	66.0	5e-06
43	10	472	0.679603636264801	80.0	5e-06
43	11	473	0.822425127029419	68.42105263157895	5e-06
44	1	474	0.8270484209060669	68.0	5e-06
44	2	475	0.7499079704284668	80.0	5e-06
44	3	476	0.7066695690155029	76.0	5e-06
44	4	477	0.5833277106285095	80.0	5e-06
44	5	478	0.6902596354484558	78.0	5e-06
44	6	479	0.619408130645752	82.0	5e-06
44	7	480	0.6884335279464722	82.0	5e-06
44	8	481	0.6943871974945068	78.0	5e-06
44	9	482	0.716509222984314	76.0	5e-06
44	10	483	0.6285256743431091	80.0	5e-06
44	11	484	1.056477665901184	68.42105263157895	5e-06
45	1	485	0.7397483587265015	76.0	5e-06
45	2	486	0.6191275119781494	82.0	5e-06
45	3	487	0.725584864616394	74.0	5e-06
45	4	488	0.6062361001968384	78.0	5e-06
45	5	489	1.0726202726364136	62.0	5e-06
45	6	490	0.7084199786186218	80.0	5e-06
45	7	491	0.7445452213287354	74.0	5e-06
45	8	492	0.6712678670883179	76.0	5e-06
45	9	493	0.501055896282196	90.0	5e-06
45	10	494	0.7431826591491699	76.0	5e-06
45	11	495	0.4629203975200653	84.21052631578948	5e-06
46	1	496	0.5260488986968994	86.0	5e-06
46	2	497	0.8864748477935791	70.0	5e-06
46	3	498	0.6959654092788696	78.0	5e-06
46	4	499	0.8707205057144165	66.0	5e-06
46	5	500	0.8641843199729919	74.0	5e-06
46	6	501	0.6528804302215576	80.0	5e-06
46	7	502	0.4148140847682953	94.0	5e-06
46	8	503	0.8637180328369141	72.0	5e-06
46	9	504	0.5344587564468384	84.0	5e-06
46	10	505	0.5671379566192627	82.0	5e-06
46	11	506	0.6754531860351562	84.21052631578948	5e-06
47	1	507	0.7342580556869507	70.0	5e-06
47	2	508	0.5069916248321533	90.0	5e-06
47	3	509	0.5056473612785339	86.0	5e-06
47	4	510	0.5343577265739441	88.0	5e-06
47	5	511	0.5781843662261963	88.0	5e-06
47	6	512	0.6666501760482788	80.0	5e-06
47	7	513	0.6832528114318848	78.0	5e-06
47	8	514	0.9542800784111023	74.0	5e-06
47	9	515	0.6581404209136963	76.0	5e-06
47	10	516	0.6253799200057983	80.0	5e-06
47	11	517	0.8099268078804016	68.42105263157895	5e-06
48	1	518	0.5410239696502686	86.0	5e-06
48	2	519	0.6605868339538574	78.0	5e-06
48	3	520	0.7448017001152039	80.0	5e-06
48	4	521	0.6253474354743958	84.0	5e-06
48	5	522	0.5320730805397034	82.0	5e-06
48	6	523	0.6335362195968628	82.0	5e-06
48	7	524	0.5371199250221252	82.0	5e-06
48	8	525	0.7793588042259216	76.0	5e-06
48	9	526	0.602505087852478	84.0	5e-06
48	10	527	0.667620837688446	76.0	5e-06
48	11	528	0.8041722178459167	73.6842105263158	5e-06
49	1	529	0.7074463367462158	76.0	5e-06
49	2	530	0.5099053382873535	82.0	5e-06
49	3	531	0.7882046699523926	70.0	5e-06
49	4	532	0.48509570956230164	82.0	5e-06
49	5	533	0.5915849804878235	82.0	5e-06
49	6	534	0.5779364705085754	82.0	5e-06
49	7	535	0.8712217807769775	72.0	5e-06
49	8	536	0.7642896771430969	70.0	5e-06
49	9	537	0.5380784869194031	84.0	5e-06
49	10	538	0.6685584187507629	84.0	5e-06
49	11	539	0.47633591294288635	84.21052631578948	5e-06
50	1	540	0.8511173129081726	76.0	5e-06
50	2	541	0.8206784129142761	70.0	5e-06
50	3	542	0.6719284653663635	80.0	5e-06
50	4	543	0.5830577611923218	82.0	5e-06
50	5	544	0.5957939028739929	78.0	5e-06
50	6	545	0.6694085001945496	70.0	5e-06
50	7	546	0.4942891001701355	88.0	5e-06
50	8	547	0.8376630544662476	70.0	5e-06
50	9	548	0.47960951924324036	84.0	5e-06
50	10	549	0.560333788394928	84.0	5e-06
50	11	550	0.7613566517829895	73.6842105263158	5e-06
51	1	551	0.863292396068573	74.0	5e-06
51	2	552	0.771155834197998	78.0	5e-06
51	3	553	0.606768012046814	82.0	5e-06
51	4	554	0.6473516821861267	76.0	5e-06
51	5	555	0.6821896433830261	78.0	5e-06
51	6	556	0.5585658550262451	86.0	5e-06
51	7	557	0.5966858863830566	78.0	5e-06
51	8	558	0.5518686771392822	84.0	5e-06
51	9	559	0.6316874027252197	78.0	5e-06
51	10	560	0.6269628405570984	80.0	5e-06
51	11	561	0.48792368173599243	84.21052631578948	5e-06
52	1	562	0.6927366852760315	76.0	5e-06
52	2	563	0.6485199928283691	76.0	5e-06
52	3	564	0.6773395538330078	78.0	5e-06
52	4	565	0.6656757593154907	80.0	5e-06
52	5	566	0.6068591475486755	80.0	5e-06
52	6	567	0.6069088578224182	76.0	5e-06
52	7	568	0.5771034359931946	82.0	5e-06
52	8	569	0.483788400888443	92.0	5e-06
52	9	570	0.7012377381324768	74.0	5e-06
52	10	571	0.6812028288841248	80.0	5e-06
52	11	572	0.5015991926193237	89.47368421052632	5e-06
53	1	573	0.5533703565597534	82.0	5e-06
53	2	574	0.6604973673820496	80.0	5e-06
53	3	575	0.7292646169662476	78.0	5e-06
53	4	576	0.4350873529911041	92.0	5e-06
53	5	577	0.5478229522705078	80.0	5e-06
53	6	578	0.7293170690536499	68.0	5e-06
53	7	579	0.5325542688369751	84.0	5e-06
53	8	580	0.7976701259613037	72.0	5e-06
53	9	581	0.5251326560974121	86.0	5e-06
53	10	582	0.5027642250061035	88.0	5e-06
53	11	583	0.6414849162101746	84.21052631578948	5e-06
54	1	584	0.47347626090049744	92.0	5e-06
54	2	585	0.7517057061195374	70.0	5e-06
54	3	586	0.9061619639396667	68.0	5e-06
54	4	587	0.3857387900352478	92.0	5e-06
54	5	588	0.524280309677124	82.0	5e-06
54	6	589	0.7113635540008545	80.0	5e-06
54	7	590	0.5829545259475708	86.0	5e-06
54	8	591	0.6274144649505615	76.0	5e-06
54	9	592	0.4975288510322571	86.0	5e-06
54	10	593	0.574551522731781	76.0	5e-06
54	11	594	0.6868794560432434	73.6842105263158	5e-06
55	1	595	0.6052501797676086	80.0	5e-06
55	2	596	0.6209850907325745	84.0	5e-06
55	3	597	0.4667116403579712	84.0	5e-06
55	4	598	0.7468515038490295	68.0	5e-06
55	5	599	0.5998091697692871	76.0	5e-06
55	6	600	0.7060319781303406	78.0	5e-06
55	7	601	0.6139584183692932	84.0	5e-06
55	8	602	0.5724852085113525	80.0	5e-06
55	9	603	0.6283125877380371	78.0	5e-06
55	10	604	0.44489237666130066	86.0	5e-06
55	11	605	0.6056433320045471	89.47368421052632	5e-06
56	1	606	0.6015967726707458	84.0	5e-06
56	2	607	0.6677968502044678	78.0	5e-06
56	3	608	0.6862624883651733	74.0	5e-06
56	4	609	0.6973198652267456	76.0	5e-06
56	5	610	0.37834417819976807	90.0	5e-06
56	6	611	0.48211342096328735	92.0	5e-06
56	7	612	0.565945029258728	78.0	5e-06
56	8	613	0.5598229765892029	78.0	5e-06
56	9	614	0.515205979347229	86.0	5e-06
56	10	615	0.601436972618103	84.0	5e-06
56	11	616	0.7480327486991882	78.94736842105263	5e-06
57	1	617	0.6341516971588135	84.0	5e-06
57	2	618	0.5641491413116455	80.0	5e-06
57	3	619	0.3548698425292969	92.0	5e-06
57	4	620	0.5193456411361694	88.0	5e-06
57	5	621	0.36827579140663147	92.0	5e-06
57	6	622	0.5604215860366821	78.0	5e-06
57	7	623	0.42349517345428467	88.0	5e-06
57	8	624	0.7108720541000366	72.0	5e-06
57	9	625	0.7687757015228271	76.0	5e-06
57	10	626	0.5297761559486389	78.0	5e-06
57	11	627	0.7335435748100281	78.94736842105263	5e-06
58	1	628	0.73551344871521	78.0	5e-06
58	2	629	0.4846377670764923	88.0	5e-06
58	3	630	0.4590809941291809	86.0	5e-06
58	4	631	0.642920732498169	76.0	5e-06
58	5	632	0.3654670715332031	90.0	5e-06
58	6	633	0.46356716752052307	88.0	5e-06
58	7	634	0.6603120565414429	78.0	5e-06
58	8	635	0.44962555170059204	88.0	5e-06
58	9	636	0.4979315996170044	90.0	5e-06
58	10	637	0.7415292263031006	70.0	5e-06
58	11	638	0.7546693682670593	84.21052631578948	5e-06
59	1	639	0.7233336567878723	76.0	5e-06
59	2	640	0.34161654114723206	92.0	5e-06
59	3	641	0.691692054271698	78.0	5e-06
59	4	642	0.6388746500015259	80.0	5e-06
59	5	643	0.6095747947692871	80.0	5e-06
59	6	644	0.551845371723175	82.0	5e-06
59	7	645	0.45604407787323	88.0	5e-06
59	8	646	0.46647465229034424	86.0	5e-06
59	9	647	0.4951644241809845	80.0	5e-06
59	10	648	0.3664548993110657	88.0	5e-06
59	11	649	0.3279951214790344	94.73684210526316	5e-06
60	1	650	0.563181459903717	76.0	5e-06
60	2	651	0.5915842652320862	82.0	5e-06
60	3	652	0.49191269278526306	84.0	5e-06
60	4	653	0.511955201625824	82.0	5e-06
60	5	654	0.7080917358398438	84.0	5e-06
60	6	655	0.45697087049484253	84.0	5e-06
60	7	656	0.6688055992126465	80.0	5e-06
60	8	657	0.46891647577285767	82.0	5e-06
60	9	658	0.4514921307563782	88.0	5e-06
60	10	659	0.4338732063770294	90.0	5e-06
60	11	660	0.4039309024810791	84.21052631578948	5e-06
61	1	661	0.6642749309539795	82.0	5e-06
61	2	662	0.5915594696998596	78.0	5e-06
61	3	663	0.48291969299316406	86.0	5e-06
61	4	664	0.4867340326309204	86.0	5e-06
61	5	665	0.5465056300163269	84.0	5e-06
61	6	666	0.45027652382850647	78.0	5e-06
61	7	667	0.6296003460884094	82.0	5e-06
61	8	668	0.5446448922157288	80.0	5e-06
61	9	669	0.4188120365142822	88.0	5e-06
61	10	670	0.42463600635528564	90.0	5e-06
61	11	671	0.4615201950073242	89.47368421052632	5e-06
62	1	672	0.5214095115661621	86.0	5e-06
62	2	673	0.3954916298389435	88.0	5e-06
62	3	674	0.5175840258598328	84.0	5e-06
62	4	675	0.38725653290748596	88.0	5e-06
62	5	676	0.677263617515564	82.0	5e-06
62	6	677	0.3084135055541992	94.0	5e-06
62	7	678	0.7478225231170654	68.0	5e-06
62	8	679	0.4907373785972595	86.0	5e-06
62	9	680	0.37728267908096313	92.0	5e-06
62	10	681	0.7226780652999878	72.0	5e-06
62	11	682	0.6769025921821594	78.94736842105263	5e-06
63	1	683	0.4898287057876587	84.0	5e-06
63	2	684	0.6349432468414307	74.0	5e-06
63	3	685	0.4987574815750122	80.0	5e-06
63	4	686	0.6348228454589844	82.0	5e-06
63	5	687	0.5184793472290039	90.0	5e-06
63	6	688	0.3842202126979828	90.0	5e-06
63	7	689	0.4348488748073578	86.0	5e-06
63	8	690	0.476654976606369	86.0	5e-06
63	9	691	0.654982328414917	74.0	5e-06
63	10	692	0.6367014050483704	84.0	5e-06
63	11	693	0.7148687243461609	68.42105263157895	5e-06
64	1	694	0.5380805730819702	76.0	5e-06
64	2	695	0.46409720182418823	86.0	5e-06
64	3	696	0.5080329179763794	86.0	5e-06
64	4	697	0.6566365957260132	78.0	5e-06
64	5	698	0.31619521975517273	96.0	5e-06
64	6	699	0.4892454445362091	90.0	5e-06
64	7	700	0.5583495497703552	80.0	5e-06
64	8	701	0.5523298382759094	80.0	5e-06
64	9	702	0.4347098171710968	88.0	5e-06
64	10	703	0.5657274723052979	80.0	5e-06
64	11	704	0.46688535809516907	94.73684210526316	5e-06
65	1	705	0.40198421478271484	84.0	5e-06
65	2	706	0.5814349055290222	84.0	5e-06
65	3	707	0.4457659423351288	88.0	5e-06
65	4	708	0.4200991094112396	88.0	5e-06
65	5	709	0.39648136496543884	88.0	5e-06
65	6	710	0.42544978857040405	84.0	5e-06
65	7	711	0.5314908027648926	86.0	5e-06
65	8	712	0.5821117758750916	80.0	5e-06
65	9	713	0.6003935933113098	80.0	5e-06
65	10	714	0.48146766424179077	86.0	5e-06
65	11	715	0.3061428666114807	94.73684210526316	5e-06
66	1	716	0.5664214491844177	84.0	5e-06
66	2	717	0.4073094129562378	92.0	5e-06
66	3	718	0.5786964297294617	80.0	5e-06
66	4	719	0.5173689723014832	80.0	5e-06
66	5	720	0.5137022137641907	80.0	5e-06
66	6	721	0.5161224603652954	78.0	5e-06
66	7	722	0.4352332651615143	88.0	5e-06
66	8	723	0.4720354974269867	82.0	5e-06
66	9	724	0.4126083254814148	90.0	5e-06
66	10	725	0.45711058378219604	86.0	5e-06
66	11	726	0.5866608023643494	78.94736842105263	5e-06
67	1	727	0.493413507938385	84.0	5e-06
67	2	728	0.47729960083961487	86.0	5e-06
67	3	729	0.51808762550354	84.0	5e-06
67	4	730	0.519743025302887	86.0	5e-06
67	5	731	0.3801659345626831	88.0	5e-06
67	6	732	0.49511614441871643	86.0	5e-06
67	7	733	0.36123088002204895	88.0	5e-06
67	8	734	0.5364060401916504	84.0	5e-06
67	9	735	0.5722114443778992	78.0	5e-06
67	10	736	0.5696181654930115	78.0	5e-06
67	11	737	0.4367334842681885	84.21052631578948	5e-06
68	1	738	0.4674433767795563	88.0	5e-06
68	2	739	0.3897167444229126	84.0	5e-06
68	3	740	0.40656065940856934	88.0	5e-06
68	4	741	0.5799909234046936	78.0	5e-06
68	5	742	0.6561662554740906	84.0	5e-06
68	6	743	0.5134485363960266	84.0	5e-06
68	7	744	0.38707858324050903	90.0	5e-06
68	8	745	0.35896727442741394	96.0	5e-06
68	9	746	0.390206903219223	82.0	5e-06
68	10	747	0.41448238492012024	88.0	5e-06
68	11	748	0.5097528100013733	89.47368421052632	5e-06
69	1	749	0.3790355324745178	90.0	5e-06
69	2	750	0.7313981652259827	74.0	5e-06
69	3	751	0.377219557762146	88.0	5e-06
69	4	752	0.5610719323158264	78.0	5e-06
69	5	753	0.552194356918335	82.0	5e-06
69	6	754	0.4542769491672516	90.0	5e-06
69	7	755	0.6822810173034668	74.0	5e-06
69	8	756	0.2963831424713135	92.0	5e-06
69	9	757	0.3681255280971527	88.0	5e-06
69	10	758	0.44737961888313293	86.0	5e-06
69	11	759	0.8373034596443176	73.6842105263158	5e-06
70	1	760	0.4737156331539154	88.0	5e-06
70	2	761	0.5634805560112	86.0	5e-06
70	3	762	0.4328009784221649	88.0	5e-06
70	4	763	0.471197247505188	82.0	5e-06
70	5	764	0.30142396688461304	94.0	5e-06
70	6	765	0.32576605677604675	92.0	5e-06
70	7	766	0.5076444149017334	82.0	5e-06
70	8	767	0.5015477538108826	86.0	5e-06
70	9	768	0.5670149326324463	80.0	5e-06
70	10	769	0.3824499547481537	90.0	5e-06
70	11	770	0.7829527854919434	78.94736842105263	5e-06
71	1	771	0.45854878425598145	88.0	5e-06
71	2	772	0.43641984462738037	80.0	5e-06
71	3	773	0.5717785358428955	82.0	5e-06
71	4	774	0.4030713140964508	90.0	5e-06
71	5	775	0.3494010269641876	90.0	5e-06
71	6	776	0.40607917308807373	90.0	5e-06
71	7	777	0.6352807879447937	72.0	5e-06
71	8	778	0.4618978798389435	84.0	5e-06
71	9	779	0.5029993653297424	84.0	5e-06
71	10	780	0.32439494132995605	90.0	5e-06
71	11	781	1.074001669883728	68.42105263157895	5e-06
72	1	782	0.4455310106277466	80.0	5e-06
72	2	783	0.4161547124385834	88.0	5e-06
72	3	784	0.5379403233528137	84.0	5e-06
72	4	785	0.4645909368991852	88.0	5e-06
72	5	786	0.45052024722099304	88.0	5e-06
72	6	787	0.33283305168151855	90.0	5e-06
72	7	788	0.4262087345123291	86.0	5e-06
72	8	789	0.3743115961551666	90.0	5e-06
72	9	790	0.3750501275062561	88.0	5e-06
72	10	791	0.4562031030654907	86.0	5e-06
72	11	792	0.7263757586479187	78.94736842105263	5e-06
73	1	793	0.3363296091556549	92.0	5e-06
73	2	794	0.43260928988456726	86.0	5e-06
73	3	795	0.5554640889167786	80.0	5e-06
73	4	796	0.5108503103256226	80.0	5e-06
73	5	797	0.4084971249103546	86.0	5e-06
73	6	798	0.4645892381668091	86.0	5e-06
73	7	799	0.4806477427482605	90.0	5e-06
73	8	800	0.4732486307621002	88.0	5e-06
73	9	801	0.4147562086582184	92.0	5e-06
73	10	802	0.3801926374435425	86.0	5e-06
73	11	803	0.3239985406398773	100.0	5e-06
