epoch	loss	acc	lr
1	2.328180473893594	9.633911368015415	1e-06
2	2.258912730997927	17.533718689788053	1e-06
3	2.197295872462278	34.296724470134876	1e-06
4	2.1327183774900345	42.38921001926782	1e-06
5	2.079579828332155	46.820809248554916	1e-06
6	2.035772354386905	51.63776493256262	1e-06
7	1.9768835154571973	55.298651252408476	1e-06
8	1.9341702929810982	55.298651252408476	1e-06
9	1.8872462387029836	56.64739884393064	1e-06
10	1.8422907726383393	57.225433526011564	1e-06
11	1.8073960535788123	57.80346820809248	1e-06
12	1.7782454070328289	58.959537572254334	1e-06
13	1.7438467637651918	59.53757225433526	1e-06
14	1.6910598762692284	60.308285163776496	1e-06
15	1.6624830648848548	62.42774566473989	1e-06
16	1.6361261052662697	63.77649325626204	1e-06
17	1.5904090064568785	62.8131021194605	1e-06
18	1.5392076220356201	64.16184971098266	1e-06
19	1.5231373147008966	63.969171483622354	1e-06
20	1.47019454739227	65.70327552986512	1e-06
21	1.452364737587857	66.28131021194605	1e-06
22	1.4457365942828229	65.1252408477842	1e-06
23	1.4000974700630056	66.47398843930635	1e-06
24	1.3879360773659855	66.85934489402698	1e-06
25	1.3667020333754993	66.28131021194605	1e-06
26	1.3522790477455007	66.47398843930635	1e-06
27	1.3074975594849485	67.82273603082852	1e-06
28	1.2819909073254507	68.59344894026975	1e-06
29	1.2781551362002745	68.20809248554913	1e-06
30	1.2690580502181155	68.97880539499036	1e-06
31	1.2628585281629323	67.4373795761079	1e-06
32	1.2336010806592672	69.17148362235068	1e-06
33	1.209525631916546	68.78612716763006	1e-06
34	1.174790953395454	70.32755298651253	1e-06
35	1.1688603972423972	69.17148362235068	1e-06
36	1.1454943857211368	70.52023121387283	1e-06
37	1.1562938024083544	70.90558766859345	1e-06
38	1.126005837108818	71.86897880539499	1e-06
39	1.091765878058123	71.48362235067438	1e-06
40	1.1309028622731998	71.29094412331406	1e-06
41	1.0946660668863726	71.29094412331406	1e-06
42	1.0544918924857196	74.56647398843931	1e-06
43	1.0398249830584076	73.79576107899807	1e-06
44	1.0391067202150936	73.41040462427746	1e-06
45	1.0179676435356655	74.18111753371869	1e-06
46	1.0248486314665146	73.21772639691714	1e-06
47	0.9968296820028669	73.41040462427746	1e-06
48	0.9537833644245861	74.95183044315992	1e-06
49	0.9668769563094269	73.79576107899807	1e-06
50	0.9598341230482494	72.83236994219654	1e-06
51	0.9375926547886549	74.18111753371869	1e-06
52	0.9683319051141683	73.60308285163777	1e-06
53	0.9309176494850129	75.52986512524085	1e-06
54	0.9183141820003532	74.95183044315992	1e-06
55	0.9097369308646245	75.14450867052022	1e-06
56	0.9085544577453407	75.14450867052022	1e-06
57	0.8887769680951142	75.91522157996147	1e-06
58	0.906425736543071	74.95183044315992	1e-06
59	0.8518158603954866	77.45664739884393	1e-06
60	0.8731544230255318	75.33718689788054	1e-06
61	0.8568030076679237	74.75915221579962	1e-06
62	0.8350766412554909	76.4932562620424	1e-06
63	0.857277991225035	75.33718689788054	1e-06
64	0.8436081793037223	75.72254335260115	1e-06
65	0.8071420881789544	76.30057803468208	1e-06
66	0.8265458673870403	76.10789980732177	1e-06
67	0.8168329737779033	76.30057803468208	1e-06
68	0.7788685296082543	78.22736030828517	1e-06
69	0.827022922062001	76.6859344894027	1e-06
70	0.7778865457270187	78.03468208092485	1e-06
71	0.7701288663812685	77.07129094412332	1e-06
72	0.7631794609316053	77.07129094412332	1e-06
73	0.7870107471138985	78.42003853564547	1e-06
74	0.7588343856881349	78.42003853564547	1e-06
75	0.7274296953269282	78.03468208092485	1e-06
76	0.7781954553545325	76.10789980732177	1e-06
77	0.7391803944501344	78.22736030828517	1e-06
78	0.7211027279754595	79.1907514450867	1e-06
79	0.7324148197164885	78.9980732177264	1e-06
80	0.7152591772621537	78.9980732177264	1e-06
81	0.6953111553927148	78.61271676300578	1e-06
82	0.7187231296748784	78.22736030828517	1e-06
83	0.7005828991101656	79.96146435452793	1e-06
84	0.6650020232090371	80.92485549132948	1e-06
85	0.6706530312811938	80.73217726396918	1e-06
86	0.707854652910104	78.22736030828517	1e-06
87	0.6598001458971027	81.69556840077071	1e-06
88	0.6671123067078563	80.15414258188825	1e-06
89	0.6780829781052694	79.96146435452793	1e-06
90	0.6276478921287552	82.85163776493256	1e-06
91	0.6172724654449433	83.42967244701349	1e-06
92	0.6227357601154746	83.04431599229287	1e-06
93	0.6024784503185221	83.81502890173411	1e-06
94	0.5746530350692469	85.35645472061657	1e-06
95	0.6017844928482364	84.20038535645472	1e-06
96	0.5980253242573527	83.81502890173411	1e-06
97	0.5571491124542692	86.70520231213872	1e-06
98	0.5837072963200093	84.97109826589596	1e-06
99	0.5679801127125073	84.97109826589596	1e-06
100	0.5423866531063366	86.51252408477842	1e-06
101	0.5280436514544808	85.54913294797687	1e-06
102	0.5339119915557964	85.35645472061657	1e-06
103	0.5292035699579757	86.70520231213872	1e-06
104	0.515345335121559	87.47591522157997	1e-06
105	0.5143098026112095	88.0539499036609	1e-06
106	0.5389439370590827	86.31984585741812	1e-06
107	0.5502652749849882	86.31984585741812	1e-06
108	0.5257767913199114	85.9344894026975	1e-06
109	0.5415550790770205	85.16377649325626	1e-06
110	0.5124609897591476	87.86127167630057	1e-06
111	0.4774336832681373	86.70520231213872	1e-06
112	0.4834945387922959	88.2466281310212	1e-06
113	0.5018040675648375	85.9344894026975	1e-06
114	0.487166678859549	88.6319845857418	1e-06
115	0.46779386765235653	89.01734104046243	1e-06
116	0.46298256315477554	87.47591522157997	1e-06
117	0.4524070213984892	88.2466281310212	1e-06
118	0.4608650053626999	88.4393063583815	1e-06
119	0.42524701666969783	89.40269749518305	1e-06
120	0.4480312733636426	88.0539499036609	1e-06
121	0.452849199489362	88.0539499036609	1e-06
122	0.4715211242724476	89.21001926782273	1e-06
123	0.44907579359980676	89.40269749518305	1e-06
124	0.4829611227002447	87.47591522157997	1e-06
125	0.4276087350698335	88.2466281310212	1e-06
126	0.43931259453181815	88.82466281310212	1e-06
127	0.4122128664643319	90.5587668593449	1e-06
128	0.44206248686033406	88.4393063583815	1e-06
129	0.45780547000539557	86.51252408477842	1e-06
130	0.3991920301450241	89.59537572254335	1e-06
131	0.4289831452516692	87.86127167630057	1e-06
132	0.4167112434760224	91.32947976878613	1e-06
133	0.39541201055164743	90.5587668593449	1e-06
134	0.39503030401433825	89.78805394990366	1e-06
135	0.3883004055317197	90.36608863198458	1e-06
136	0.37500336881088153	91.13680154142583	1e-06
137	0.39751625038066124	89.98073217726397	1e-06
138	0.38801598261776227	90.36608863198458	1e-06
139	0.38050360745088213	89.98073217726397	1e-06
140	0.3665362624648908	91.13680154142583	1e-06
141	0.3698373821659125	91.32947976878613	1e-06
142	0.3901489595801844	89.21001926782273	1e-06
143	0.3520372300938145	89.78805394990366	1e-06
144	0.3688719124463252	90.94412331406551	1e-06
145	0.35513795920879165	91.71483622350674	1e-06
146	0.3714957918275528	90.17341040462428	1e-06
147	0.3907743655647616	88.2466281310212	1e-06
148	0.3285867674042953	93.0635838150289	1e-06
149	0.34124084167282936	89.78805394990366	1e-06
150	0.3395815642123507	91.90751445086705	1e-06
151	0.363700446595576	91.13680154142583	1e-06
152	0.3452206998202153	90.17341040462428	1e-06
153	0.3361234334162894	90.7514450867052	1e-06
154	0.33465490141355925	92.87090558766859	1e-06
155	0.349106632675509	90.94412331406551	1e-06
156	0.3269371366799452	91.52215799614643	1e-06
157	0.34366077873748163	90.94412331406551	1e-06
158	0.33408714230809367	91.71483622350674	1e-06
159	0.3444453807465144	91.52215799614643	1e-06
160	0.3416656213229332	90.94412331406551	1e-06
161	0.3539935129341133	90.5587668593449	1e-06
162	0.3145061050306625	93.0635838150289	1e-06
163	0.34382633037994365	91.71483622350674	1e-06
164	0.3200255737770959	91.13680154142583	1e-06
165	0.32190343387324455	93.25626204238921	1e-06
166	0.30243114079124434	93.0635838150289	1e-06
167	0.30564862205458515	91.90751445086705	1e-06
168	0.30861145780495364	93.0635838150289	1e-06
169	0.3240965207992032	92.67822736030828	1e-06
170	0.3106508659259892	92.10019267822736	1e-06
171	0.3128353594183233	92.10019267822736	1e-06
172	0.31249245395435304	91.52215799614643	1e-06
173	0.3195663087916971	92.87090558766859	1e-06
174	0.3068893387023654	91.71483622350674	1e-06
175	0.3263056025569379	90.7514450867052	1e-06
176	0.29633096710335544	92.67822736030828	1e-06
177	0.2964930195569533	93.25626204238921	1e-06
178	0.29401802459663506	92.87090558766859	1e-06
179	0.3277002361123961	91.71483622350674	1e-06
180	0.3340611538790554	89.59537572254335	1e-06
181	0.2862832069626663	93.44894026974951	1e-06
182	0.31265429184845644	91.90751445086705	1e-06
183	0.26970021733888544	93.0635838150289	1e-06
184	0.2977896654594381	92.48554913294798	1e-06
185	0.3009794760990694	93.44894026974951	1e-07
186	0.3041087748457701	91.13680154142583	1e-07
187	0.27822602771380506	93.25626204238921	1e-07
188	0.28535242743345124	93.0635838150289	1e-07
189	0.27299042571486765	94.79768786127168	1e-07
190	0.27428835578736543	93.64161849710983	1e-07
191	0.28763977916254474	92.87090558766859	1e-07
192	0.33095539626817944	91.32947976878613	1e-07
193	0.3020535167701442	91.52215799614643	1e-07
194	0.272623456799226	92.87090558766859	1e-07
195	0.2659980245006337	93.25626204238921	1e-07
196	0.26719532352881165	94.21965317919076	1e-07
197	0.2689162706076984	93.83429672447014	1e-07
198	0.2777584262895676	94.60500963391137	1e-07
199	0.28835715764060416	93.83429672447014	1e-07
200	0.2651547722389243	94.21965317919076	1e-07
201	0.28625560978244496	92.10019267822736	1e-07
202	0.254299006537895	94.21965317919076	1e-07
203	0.299407461015705	92.87090558766859	1e-07
204	0.2403803176618036	94.99036608863199	1e-07
205	0.27729841549961554	93.44894026974951	1e-07
206	0.2913124385022474	93.44894026974951	1e-07
207	0.31346762909595216	90.94412331406551	1e-07
208	0.2532200063354477	93.44894026974951	1e-07
209	0.24284070236375108	95.56840077071291	1e-07
210	0.2797614032248311	92.48554913294798	1e-07
211	0.2596697169347076	93.83429672447014	1e-08
212	0.24711046785632998	94.21965317919076	1e-08
213	0.2594294691304021	93.0635838150289	1e-08
214	0.2780968200609174	92.48554913294798	1e-08
215	0.32885312063615907	90.94412331406551	1e-08
216	0.24889841101532498	94.21965317919076	1e-08
217	0.2886095750423755	92.67822736030828	1e-08
218	0.2679487703106077	93.44894026974951	1e-08
219	0.2982973646451513	92.48554913294798	1e-08
220	0.25419583830530246	93.83429672447014	1e-08
221	0.26555667757298906	93.44894026974951	1e-08
222	0.286605851067973	92.29287090558766	1e-08
223	0.2556980387496121	94.60500963391137	1e-08
224	0.28978448399918616	92.29287090558766	1e-08
225	0.28422047459091526	93.64161849710983	1e-08
226	0.2785824353237832	93.0635838150289	1e-08
227	0.28059529190118604	91.90751445086705	1e-08
228	0.32241345353438905	92.10019267822736	1e-08
229	0.2838429879533533	92.29287090558766	1e-08
230	0.2869411538102034	92.48554913294798	1e-08
231	0.32194665642832054	92.10019267822736	1e-08
232	0.2729272373264695	93.64161849710983	1e-08
233	0.2713177881431488	93.64161849710983	1e-08
234	0.2787706731371797	92.48554913294798	1e-08
235	0.2871285849798162	93.0635838150289	1e-08
236	0.27339346577666396	93.64161849710983	1e-08
237	0.30228644730038723	91.52215799614643	1e-08
238	0.2538800373357615	95.56840077071291	1e-08
239	0.2685404753524214	92.87090558766859	1e-08
240	0.2843253739422227	92.87090558766859	1e-08
241	0.27297413125203523	94.41233140655106	1e-08
242	0.28736976403491804	92.29287090558766	1e-08
243	0.32391451279092615	91.52215799614643	1e-08
244	0.2974573044763135	92.87090558766859	1e-08
245	0.29407760610010814	93.25626204238921	1e-08
246	0.25010948626751617	94.21965317919076	1e-08
247	0.29475509138465616	92.29287090558766	1e-08
248	0.3052188074772528	91.52215799614643	1e-08
249	0.2822687612103589	93.0635838150289	1e-08
250	0.2567276872249467	94.21965317919076	1e-08
251	0.2880390042973851	91.71483622350674	1e-08
252	0.27034559225760446	92.67822736030828	1e-08
253	0.27435475771597123	92.48554913294798	1e-08
254	0.25826714444826565	93.64161849710983	1e-08
255	0.2905577385012125	92.87090558766859	1e-08
256	0.29310798489978546	92.10019267822736	1e-08
257	0.2731822705567457	94.41233140655106	1e-08
258	0.28490662965241653	92.29287090558766	1e-08
259	0.27588889060222577	94.41233140655106	1e-08
260	0.27068337757922784	93.44894026974951	1e-08
261	0.2904147497146805	93.25626204238921	1e-08
262	0.27651320538539187	93.25626204238921	1e-08
263	0.2697953119271063	93.83429672447014	1e-08
264	0.25968906197244723	93.0635838150289	1e-08
265	0.27316886844088345	93.0635838150289	1e-08
266	0.2739258665225409	93.25626204238921	1e-08
267	0.2900420030532315	92.29287090558766	1e-08
268	0.273753169385684	93.44894026974951	1e-08
269	0.27170215475306575	92.67822736030828	1e-08
270	0.2773070441907082	93.25626204238921	1e-08
271	0.2690769338653726	93.44894026974951	1e-08
272	0.280109714508516	94.79768786127168	1e-08
273	0.2827999984310771	93.64161849710983	1e-08
274	0.26419914971771497	93.44894026974951	1e-08
275	0.2649860299391554	93.44894026974951	1e-08
276	0.2607432569095395	95.56840077071291	1e-08
277	0.2695207852504157	94.02697495183044	1e-08
278	0.2874440843085103	92.87090558766859	1e-08
279	0.2660186408457269	93.83429672447014	1e-08
280	0.2583748881986835	93.64161849710983	1e-08
281	0.2907593535664913	92.48554913294798	1e-08
282	0.2538959347214083	93.44894026974951	1e-08
283	0.2787802907313455	92.29287090558766	1e-08
284	0.29493754361406227	92.87090558766859	1e-08
285	0.2722627513670508	93.25626204238921	1e-08
286	0.30778805834020495	91.90751445086705	1e-08
287	0.26639467426118135	94.60500963391137	1e-08
288	0.26583418353444577	92.29287090558766	1e-08
289	0.25467008851856165	93.64161849710983	1e-08
290	0.28993551944147417	92.87090558766859	1e-08
291	0.25654562202377357	93.64161849710983	1e-08
292	0.28571201163220267	93.25626204238921	1e-08
293	0.27586252025556474	92.87090558766859	1e-08
294	0.24345014062001297	94.02697495183044	1e-08
295	0.2688333374342248	93.0635838150289	1e-08
296	0.2903890770524453	92.87090558766859	1e-08
297	0.2607755307287609	93.44894026974951	1e-08
298	0.26955246621014295	92.87090558766859	1e-08
299	0.2962044937704799	92.10019267822736	1e-08
300	0.2907357745317595	91.90751445086705	1e-08
301	0.24258915709622333	94.02697495183044	1e-08
302	0.2840381733829116	91.90751445086705	1e-08
303	0.255656912118943	94.60500963391137	1e-08
304	0.29409296847951666	93.0635838150289	1e-08
305	0.2591781957875327	93.25626204238921	1e-08
306	0.26364398444778425	94.79768786127168	1e-08
307	0.26963010490629713	94.79768786127168	1e-08
308	0.28351851832659947	92.48554913294798	1e-08
309	0.2988292033387517	93.64161849710983	1e-08
310	0.25739326820437847	93.64161849710983	1e-08
311	0.26485615767725174	94.60500963391137	1e-08
312	0.26243412359716345	93.0635838150289	1e-08
313	0.2708525434279947	92.67822736030828	1e-08
314	0.24923184387716024	94.02697495183044	1e-08
315	0.2641248982650926	93.0635838150289	1e-08
316	0.2764540927660488	93.25626204238921	1e-08
317	0.2567327266024257	93.83429672447014	1e-08
318	0.27476287875791044	93.44894026974951	1e-08
319	0.2754175564227536	93.44894026974951	1e-08
320	0.2629291286875058	93.44894026974951	1e-08
321	0.2749534526656818	92.67822736030828	1e-08
322	0.26704463055482947	93.44894026974951	1e-08
323	0.25976994877720616	93.83429672447014	1e-08
324	0.2883109538771054	92.87090558766859	1e-08
325	0.27679416789944233	93.25626204238921	1e-08
326	0.2621142329048789	93.44894026974951	1e-08
327	0.2666070164972647	94.21965317919076	1e-08
328	0.2521130284420098	93.83429672447014	1e-08
329	0.3122485464650542	91.90751445086705	1e-08
330	0.2606378221787469	94.41233140655106	1e-08
331	0.26630967780804127	94.02697495183044	1e-08
332	0.2882205653856715	93.0635838150289	1e-08
333	0.2944221294167414	93.25626204238921	1e-08
334	0.2613739804266046	93.83429672447014	1e-08
335	0.24834388810315802	94.60500963391137	1e-08
336	0.2984937550876871	93.83429672447014	1e-08
337	0.2857932818762829	92.29287090558766	1e-08
338	0.2917387614130744	92.29287090558766	1e-08
339	0.2746088726442444	92.67822736030828	1e-08
340	0.2495288628374221	93.25626204238921	1e-08
341	0.27044851974600315	93.0635838150289	1e-08
342	0.2969954302660073	91.52215799614643	1e-08
343	0.28307230460505955	92.87090558766859	1e-08
344	0.27279944835600367	93.64161849710983	1e-08
345	0.2639821027342754	94.79768786127168	1e-08
346	0.31984608957762894	90.5587668593449	1e-08
347	0.2897783535638526	92.10019267822736	1e-08
348	0.27332950063293837	92.87090558766859	1e-08
349	0.27748964902063783	93.0635838150289	1e-08
350	0.2363277297603372	93.83429672447014	1e-08
351	0.2897116873190812	91.13680154142583	1e-08
352	0.26547731261032853	93.0635838150289	1e-08
353	0.2609969030398165	92.87090558766859	1e-08
354	0.30054741977267185	92.10019267822736	1e-08
355	0.27061735360608624	93.83429672447014	1e-08
356	0.2807065104932914	93.0635838150289	1e-08
357	0.28301590698302825	93.0635838150289	1e-08
358	0.26997228159151093	93.44894026974951	1e-08
359	0.27948919903336233	92.48554913294798	1e-08
360	0.28126374647911345	92.87090558766859	1e-08
361	0.27922082044945057	92.87090558766859	1e-08
362	0.27140165988879855	94.02697495183044	1e-08
363	0.25932025059569547	93.44894026974951	1e-08
364	0.2740211429968046	93.0635838150289	1e-08
365	0.27035285110418505	94.41233140655106	1e-08
366	0.2700403311463909	93.44894026974951	1e-08
367	0.2762784365858875	92.67822736030828	1e-08
368	0.2661062534144848	94.21965317919076	1e-08
369	0.2706475764340748	94.60500963391137	1e-08
370	0.2729814805391896	93.44894026974951	1e-08
371	0.2765886597837786	93.0635838150289	1e-08
372	0.27694451131342923	92.67822736030828	1e-08
373	0.2933433734038432	92.29287090558766	1e-08
374	0.28830837006169246	92.48554913294798	1e-08
375	0.26948395652807744	92.29287090558766	1e-08
376	0.2468437357789519	94.02697495183044	1e-08
377	0.25943435002154236	94.21965317919076	1e-08
378	0.2854817445337887	93.44894026974951	1e-08
379	0.25243910142222353	93.83429672447014	1e-08
380	0.2866068044264652	92.67822736030828	1e-08
381	0.2642528503731266	94.21965317919076	1e-08
382	0.25994287721224146	94.02697495183044	1e-08
383	0.26318286086552867	93.83429672447014	1e-08
384	0.2540607222128006	93.44894026974951	1e-08
385	0.2661462348665116	93.83429672447014	1e-08
386	0.2894527069176323	92.87090558766859	1e-08
387	0.2932828871500974	92.67822736030828	1e-08
388	0.2803353097627158	93.44894026974951	1e-08
389	0.31209619541388717	91.32947976878613	1e-08
390	0.2435098249673384	94.60500963391137	1e-08
391	0.2906517280778903	91.52215799614643	1e-08
392	0.2723562357972353	93.0635838150289	1e-08
393	0.28013198703584874	92.10019267822736	1e-08
394	0.26112636648161563	93.25626204238921	1e-08
395	0.26867725503467643	93.0635838150289	1e-08
396	0.28474696678233286	93.64161849710983	1e-08
397	0.2576006683655557	93.64161849710983	1e-08
398	0.25131980563749007	94.41233140655106	1e-08
399	0.30124921347364525	92.29287090558766	1e-08
400	0.28331155176337286	92.29287090558766	1e-08
401	0.2820414243291109	93.64161849710983	1e-08
402	0.31228622593172256	91.32947976878613	1e-08
403	0.2691211875578342	92.67822736030828	1e-08
404	0.2859576381240507	93.25626204238921	1e-08
405	0.2481155176727758	94.21965317919076	1e-08
406	0.2778157146794718	93.44894026974951	1e-08
407	0.2650759964032899	92.87090558766859	1e-08
408	0.27350362635761327	93.0635838150289	1e-08
409	0.23529744286068602	94.60500963391137	1e-08
410	0.2687013340478688	94.60500963391137	1e-08
411	0.29505057055826134	92.29287090558766	1e-08
412	0.28978785697320525	92.87090558766859	1e-08
413	0.24816453514301248	94.02697495183044	1e-08
414	0.27086605036878864	93.25626204238921	1e-08
415	0.268466913171816	94.41233140655106	1e-08
416	0.27204421828707287	93.25626204238921	1e-08
417	0.3031289495944058	92.29287090558766	1e-08
418	0.2649002054523181	94.02697495183044	1e-08
419	0.25666882542746144	93.83429672447014	1e-08
420	0.28948624882854246	92.87090558766859	1e-08
421	0.3028080357177639	92.48554913294798	1e-08
422	0.2724512675364353	93.0635838150289	1e-08
423	0.2689786993239886	93.25626204238921	1e-08
424	0.2591446012775333	93.83429672447014	1e-08
425	0.2679366107046719	93.83429672447014	1e-08
426	0.27286257524481167	92.67822736030828	1e-08
427	0.2642501208479005	94.02697495183044	1e-08
428	0.265910159243784	93.64161849710983	1e-08
429	0.2710398870855857	93.83429672447014	1e-08
430	0.2585322077391465	94.02697495183044	1e-08
431	0.30579116458148625	90.94412331406551	1e-08
432	0.29593309214579117	92.10019267822736	1e-08
433	0.2666075234812808	93.44894026974951	1e-08
434	0.27310614551997137	94.41233140655106	1e-08
435	0.24565237496399925	93.44894026974951	1e-08
436	0.2830551070284981	93.25626204238921	1e-08
437	0.27595895879071114	93.83429672447014	1e-08
438	0.25347452419801025	94.60500963391137	1e-08
439	0.2784665510029692	91.90751445086705	1e-08
440	0.2906840950652584	92.29287090558766	1e-08
441	0.29567598228509717	92.67822736030828	1e-08
442	0.2571638355422801	94.02697495183044	1e-08
443	0.27659733317835483	92.48554913294798	1e-08
444	0.26427358615719976	93.25626204238921	1e-08
445	0.26844479186686476	93.25626204238921	1e-08
446	0.2662007944202607	93.44894026974951	1e-08
447	0.2554970167735179	93.0635838150289	1e-08
448	0.25686203824761744	94.02697495183044	1e-08
449	0.2592702042275541	93.44894026974951	1e-08
450	0.2698569915657558	92.87090558766859	1e-08
451	0.2513434508517528	94.79768786127168	1e-08
452	0.3202563803319986	93.25626204238921	1e-08
453	0.26971029184457196	93.25626204238921	1e-08
454	0.3011021597422157	93.25626204238921	1e-08
455	0.26100471130570463	94.60500963391137	1e-08
456	0.2731147958593791	93.25626204238921	1e-08
457	0.27765881194085285	92.67822736030828	1e-08
458	0.2561487527941004	94.02697495183044	1e-08
459	0.30337059604065036	92.87090558766859	1e-08
460	0.3013034755209737	91.52215799614643	1e-08
461	0.2503374329766327	94.21965317919076	1e-08
462	0.26380700315124495	93.25626204238921	1e-08
463	0.2618229661373734	94.60500963391137	1e-08
464	0.2697422179413209	93.64161849710983	1e-08
465	0.2620738514471146	92.87090558766859	1e-08
466	0.24385638023961717	94.60500963391137	1e-08
467	0.25518040183881346	93.83429672447014	1e-08
468	0.2549439008295651	95.18304431599229	1e-08
469	0.26856989725017366	94.41233140655106	1e-08
470	0.27401210336097176	93.25626204238921	1e-08
471	0.2656997868895301	93.83429672447014	1e-08
472	0.28647992474265643	93.0635838150289	1e-08
473	0.2558762338120124	94.79768786127168	1e-08
474	0.2557045617544582	93.64161849710983	1e-08
475	0.31988226195980357	92.10019267822736	1e-08
476	0.2700751493604197	93.44894026974951	1e-08
477	0.25768101743650346	93.44894026974951	1e-08
478	0.29914767374078205	93.0635838150289	1e-08
479	0.2555394060694413	93.83429672447014	1e-08
480	0.25133047495503874	93.0635838150289	1e-08
481	0.2767404645164578	94.21965317919076	1e-08
482	0.32112555346507327	91.90751445086705	1e-08
483	0.2802616059205895	92.67822736030828	1e-08
484	0.27227534477191623	93.64161849710983	1e-08
485	0.2790482629356127	93.44894026974951	1e-08
486	0.24653687676942418	94.99036608863199	1e-08
487	0.2600505679903233	94.41233140655106	1e-08
488	0.26293891277846115	92.48554913294798	1e-08
489	0.3013662461600552	92.29287090558766	1e-08
490	0.2875879165179927	92.10019267822736	1e-08
491	0.2800786377492438	93.0635838150289	1e-08
492	0.27626330917970293	94.21965317919076	1e-08
493	0.2762733359097975	93.25626204238921	1e-08
494	0.2843552165752661	92.10019267822736	1e-08
495	0.25799488191544895	94.02697495183044	1e-08
496	0.2717462045953453	93.0635838150289	1e-08
497	0.2656774931445517	91.90751445086705	1e-08
498	0.26925419492069236	93.44894026974951	1e-08
499	0.2711594875377956	93.64161849710983	1e-08
500	0.25584437139691185	94.02697495183044	1e-08
