epoch	batch	iter	loss	acc	lr
1	1	1	2.8717823028564453	0.0	1e-06
1	2	2	2.2696480751037598	14.0	1e-06
1	3	3	2.4430038928985596	2.0	1e-06
1	4	4	2.5513417720794678	8.0	1e-06
1	5	5	3.0762176513671875	0.0	1e-06
1	6	6	2.3075551986694336	10.0	1e-06
1	7	7	2.4482810497283936	6.0	1e-06
1	8	8	2.0986547470092773	16.0	1e-06
1	9	9	3.3657639026641846	0.0	1e-06
1	10	10	2.9575977325439453	8.0	1e-06
1	11	11	1.9036425352096558	66.0	1e-06
1	12	12	2.5326783657073975	6.666666666666667	1e-06
2	1	13	3.3953495025634766	4.0	1e-06
2	2	14	2.675698757171631	4.0	1e-06
2	3	15	2.4440131187438965	6.0	1e-06
2	4	16	3.215268611907959	6.0	1e-06
2	5	17	3.2690045833587646	4.0	1e-06
2	6	18	2.467548370361328	10.0	1e-06
2	7	19	1.9794278144836426	28.0	1e-06
2	8	20	3.2150650024414062	2.0	1e-06
2	9	21	2.253227710723877	42.0	1e-06
2	10	22	3.4517111778259277	2.0	1e-06
2	11	23	2.099789619445801	28.0	1e-06
2	12	24	2.593047618865967	8.88888888888889	1e-06
3	1	25	3.357736825942993	0.0	1e-06
3	2	26	2.068082809448242	58.0	1e-06
3	3	27	3.107224464416504	4.0	1e-06
3	4	28	2.71958589553833	8.0	1e-06
3	5	29	2.159547805786133	6.0	1e-06
3	6	30	4.132856369018555	8.0	1e-06
3	7	31	2.2664871215820312	34.0	1e-06
3	8	32	2.3445725440979004	16.0	1e-06
3	9	33	2.2640585899353027	12.0	1e-06
3	10	34	2.609699010848999	8.0	1e-06
3	11	35	2.992546796798706	4.0	1e-06
3	12	36	2.80666184425354	2.2222222222222223	1e-06
4	1	37	3.2401769161224365	2.0	1e-06
4	2	38	2.492912769317627	4.0	1e-06
4	3	39	2.0707831382751465	2.0	1e-06
4	4	40	3.6200473308563232	8.0	1e-06
4	5	41	1.9547706842422485	54.0	1e-06
4	6	42	2.914172887802124	12.0	1e-06
4	7	43	2.8135735988616943	0.0	1e-06
4	8	44	2.594566583633423	0.0	1e-06
4	9	45	2.1740705966949463	50.0	1e-06
4	10	46	2.5065855979919434	2.0	1e-06
4	11	47	3.011347770690918	0.0	1e-06
4	12	48	2.869513511657715	13.333333333333334	1e-06
5	1	49	1.7707828283309937	42.0	1e-06
5	2	50	1.7840487957000732	56.0	1e-06
5	3	51	3.5605478286743164	2.0	1e-06
5	4	52	2.1260857582092285	32.0	1e-06
5	5	53	2.820944309234619	4.0	1e-06
5	6	54	2.0912728309631348	48.0	1e-06
5	7	55	3.1613199710845947	2.0	1e-06
5	8	56	1.9418865442276	60.0	1e-06
5	9	57	2.4589555263519287	18.0	1e-06
5	10	58	1.7001036405563354	58.0	1e-06
5	11	59	3.263702154159546	2.0	1e-06
5	12	60	2.2258310317993164	2.2222222222222223	1e-06
6	1	61	3.184678077697754	2.0	1e-06
6	2	62	2.704707145690918	6.0	1e-06
6	3	63	1.8865927457809448	52.0	1e-06
6	4	64	1.8910771608352661	56.0	1e-06
6	5	65	1.8374016284942627	54.0	1e-06
6	6	66	2.769134759902954	6.0	1e-06
6	7	67	2.2246391773223877	14.0	1e-06
6	8	68	2.617161273956299	0.0	1e-06
6	9	69	2.401810884475708	18.0	1e-06
6	10	70	2.369623899459839	4.0	1e-06
6	11	71	2.7008917331695557	4.0	1e-06
6	12	72	2.0322251319885254	40.0	1e-06
7	1	73	2.320634365081787	12.0	1e-06
7	2	74	1.9744912385940552	34.0	1e-06
7	3	75	2.1387579441070557	32.0	1e-06
7	4	76	1.9942551851272583	2.0	1e-06
7	5	77	2.2159149646759033	24.0	1e-06
7	6	78	1.9561735391616821	38.0	1e-06
7	7	79	2.119885206222534	32.0	1e-06
7	8	80	1.9683151245117188	58.0	1e-06
7	9	81	2.0125021934509277	26.0	1e-06
7	10	82	2.387279748916626	18.0	1e-06
7	11	83	1.9389665126800537	40.0	1e-06
7	12	84	2.4484004974365234	11.11111111111111	1e-06
8	1	85	3.0076711177825928	4.0	1e-06
8	2	86	2.1574978828430176	30.0	1e-06
8	3	87	1.9268323183059692	48.0	1e-06
8	4	88	2.0704009532928467	20.0	1e-06
8	5	89	2.7213733196258545	2.0	1e-06
8	6	90	2.1661128997802734	32.0	1e-06
8	7	91	2.3983535766601562	10.0	1e-06
8	8	92	1.5124423503875732	60.0	1e-06
8	9	93	1.7402174472808838	46.0	1e-06
8	10	94	2.284106969833374	34.0	1e-06
8	11	95	2.0743160247802734	4.0	1e-06
8	12	96	2.1166296005249023	28.88888888888889	1e-06
9	1	97	2.298386812210083	28.0	1e-06
9	2	98	1.7587847709655762	44.0	1e-06
9	3	99	2.1751856803894043	30.0	1e-06
9	4	100	2.219783067703247	32.0	1e-06
9	5	101	2.4576046466827393	6.0	1e-06
9	6	102	1.9717150926589966	30.0	1e-06
9	7	103	1.5139186382293701	62.0	1e-06
9	8	104	2.7837131023406982	0.0	1e-06
9	9	105	2.012917995452881	42.0	1e-06
9	10	106	1.6776217222213745	56.0	1e-06
9	11	107	2.036759853363037	52.0	1e-06
9	12	108	2.0121147632598877	53.333333333333336	1e-06
10	1	109	2.39892840385437	10.0	1e-06
10	2	110	2.3597397804260254	28.0	1e-06
10	3	111	2.249098539352417	8.0	1e-06
10	4	112	2.553910493850708	10.0	1e-06
10	5	113	2.7648849487304688	2.0	1e-06
10	6	114	3.180716037750244	12.0	1e-06
10	7	115	2.1825995445251465	32.0	1e-06
10	8	116	2.4495749473571777	24.0	1e-06
10	9	117	1.867952585220337	46.0	1e-06
10	10	118	1.8468836545944214	48.0	1e-06
10	11	119	2.065077304840088	46.0	1e-06
10	12	120	2.0384788513183594	48.888888888888886	1e-06
11	1	121	1.863584041595459	52.0	1e-06
11	2	122	2.9934237003326416	8.0	1e-06
11	3	123	2.36495041847229	2.0	1e-06
11	4	124	2.19785213470459	28.0	1e-06
11	5	125	2.4036638736724854	6.0	1e-06
11	6	126	2.101020097732544	32.0	1e-06
11	7	127	1.5478075742721558	60.0	1e-06
11	8	128	1.998315453529358	38.0	1e-06
11	9	129	2.323941230773926	22.0	1e-06
11	10	130	2.4871349334716797	20.0	1e-06
11	11	131	1.917128086090088	56.0	1e-06
11	12	132	1.3724850416183472	64.44444444444444	1e-06
12	1	133	2.657550096511841	12.0	1e-06
12	2	134	2.4315757751464844	20.0	1e-06
12	3	135	2.3540101051330566	18.0	1e-06
12	4	136	2.3761048316955566	16.0	1e-06
12	5	137	2.005228281021118	14.0	1e-06
12	6	138	2.724825859069824	12.0	1e-06
12	7	139	1.5013809204101562	62.0	1e-06
12	8	140	2.368842124938965	12.0	1e-06
12	9	141	2.413188934326172	20.0	1e-06
12	10	142	2.219496726989746	8.0	1e-06
12	11	143	1.9603936672210693	50.0	1e-06
12	12	144	2.6251370906829834	6.666666666666667	1e-06
13	1	145	2.489321708679199	18.0	1e-06
13	2	146	2.137937068939209	20.0	1e-06
13	3	147	1.8277322053909302	56.0	1e-06
13	4	148	2.1168711185455322	52.0	1e-06
13	5	149	1.8570512533187866	48.0	1e-06
13	6	150	2.0114054679870605	46.0	1e-06
13	7	151	2.4147279262542725	22.0	1e-06
13	8	152	1.7944493293762207	42.0	1e-06
13	9	153	2.561993360519409	16.0	1e-06
13	10	154	1.756993055343628	54.0	1e-06
13	11	155	2.1602015495300293	36.0	1e-06
13	12	156	1.8783036470413208	44.44444444444444	1e-06
14	1	157	1.4931161403656006	56.0	1e-06
14	2	158	1.9611073732376099	44.0	1e-06
14	3	159	1.626674771308899	54.0	1e-06
14	4	160	2.4779107570648193	30.0	1e-06
14	5	161	2.001296043395996	42.0	1e-06
14	6	162	1.8565253019332886	40.0	1e-06
14	7	163	2.202591896057129	14.0	1e-06
14	8	164	1.94508695602417	38.0	1e-06
14	9	165	1.5781015157699585	64.0	1e-06
14	10	166	1.4597039222717285	68.0	1e-06
14	11	167	3.3953192234039307	10.0	1e-06
14	12	168	2.1134042739868164	40.0	1e-06
15	1	169	1.7944931983947754	48.0	1e-06
15	2	170	1.7212295532226562	56.0	1e-06
15	3	171	1.7276803255081177	58.0	1e-06
15	4	172	2.8800559043884277	12.0	1e-06
15	5	173	2.140322685241699	28.0	1e-06
15	6	174	2.725616693496704	10.0	1e-06
15	7	175	1.5122807025909424	62.0	1e-06
15	8	176	1.9950587749481201	44.0	1e-06
15	9	177	2.7849819660186768	10.0	1e-06
15	10	178	1.5046260356903076	54.0	1e-06
15	11	179	1.8663808107376099	42.0	1e-06
15	12	180	1.7678335905075073	37.77777777777778	1e-06
16	1	181	2.1679439544677734	40.0	1e-06
16	2	182	2.279881238937378	44.0	1e-06
16	3	183	2.062986373901367	32.0	1e-06
16	4	184	1.887020468711853	46.0	1e-06
16	5	185	1.609899878501892	56.0	1e-06
16	6	186	1.3935308456420898	68.0	1e-06
16	7	187	1.8117201328277588	46.0	1e-06
16	8	188	1.6228773593902588	62.0	1e-06
16	9	189	1.4223535060882568	68.0	1e-06
16	10	190	2.8801498413085938	6.0	1e-06
16	11	191	1.2494878768920898	72.0	1e-06
16	12	192	2.8034377098083496	8.88888888888889	1e-06
17	1	193	2.002265214920044	44.0	1e-06
17	2	194	1.9854751825332642	42.0	1e-06
17	3	195	1.9891375303268433	36.0	1e-06
17	4	196	1.5806221961975098	56.0	1e-06
17	5	197	1.596980094909668	62.0	1e-06
17	6	198	2.126077175140381	24.0	1e-06
17	7	199	1.2725926637649536	68.0	1e-06
17	8	200	1.9693523645401	34.0	1e-06
17	9	201	1.6512371301651	42.0	1e-06
17	10	202	2.3290493488311768	8.0	1e-06
17	11	203	2.1117098331451416	32.0	1e-06
17	12	204	1.8279210329055786	35.55555555555556	1e-06
18	1	205	2.001199722290039	36.0	1e-06
18	2	206	1.5452862977981567	54.0	1e-06
18	3	207	1.4580351114273071	56.0	1e-06
18	4	208	2.268535614013672	42.0	1e-06
18	5	209	1.5217291116714478	60.0	1e-06
18	6	210	2.3670952320098877	6.0	1e-06
18	7	211	1.615339756011963	62.0	1e-06
18	8	212	1.4369475841522217	62.0	1e-06
18	9	213	1.9672373533248901	42.0	1e-06
18	10	214	1.574866771697998	50.0	1e-06
18	11	215	1.7960634231567383	42.0	1e-06
18	12	216	1.5355666875839233	51.111111111111114	1e-06
19	1	217	1.9835125207901	42.0	1e-06
19	2	218	2.184924364089966	26.0	1e-06
19	3	219	1.6292426586151123	42.0	1e-06
19	4	220	1.4635553359985352	54.0	1e-06
19	5	221	1.6784859895706177	52.0	1e-06
19	6	222	1.3303802013397217	64.0	1e-06
19	7	223	2.3297438621520996	44.0	1e-06
19	8	224	2.032594680786133	40.0	1e-06
19	9	225	2.413043975830078	24.0	1e-06
19	10	226	1.750544786453247	54.0	1e-06
19	11	227	2.5416829586029053	2.0	1e-06
19	12	228	1.6737874746322632	46.666666666666664	1e-06
20	1	229	1.7099511623382568	46.0	1e-06
20	2	230	1.645338773727417	54.0	1e-06
20	3	231	1.61051607131958	54.0	1e-06
20	4	232	1.835770606994629	42.0	1e-06
20	5	233	1.5181241035461426	62.0	1e-06
20	6	234	3.1386945247650146	6.0	1e-06
20	7	235	1.7996232509613037	32.0	1e-06
20	8	236	1.5086627006530762	64.0	1e-06
20	9	237	1.6757351160049438	62.0	1e-06
20	10	238	1.375861644744873	70.0	1e-06
20	11	239	1.6308704614639282	52.0	1e-06
20	12	240	1.6424058675765991	51.111111111111114	1e-06
21	1	241	1.7572520971298218	52.0	1e-06
21	2	242	1.9409446716308594	42.0	1e-06
21	3	243	2.083521842956543	26.0	1e-06
21	4	244	2.1113054752349854	34.0	1e-06
21	5	245	1.5552117824554443	52.0	1e-06
21	6	246	1.2127021551132202	74.0	1e-06
21	7	247	1.3616118431091309	70.0	1e-06
21	8	248	1.5746749639511108	54.0	1e-06
21	9	249	2.5494771003723145	24.0	1e-06
21	10	250	1.9738637208938599	32.0	1e-06
21	11	251	1.8602306842803955	42.0	1e-06
21	12	252	1.3639862537384033	60.0	1e-06
22	1	253	2.0295004844665527	38.0	1e-06
22	2	254	1.9367252588272095	34.0	1e-06
22	3	255	2.014876365661621	34.0	1e-06
22	4	256	2.179780960083008	16.0	1e-06
22	5	257	1.950129747390747	32.0	1e-06
22	6	258	2.626253366470337	14.0	1e-06
22	7	259	2.041513204574585	42.0	1e-06
22	8	260	1.9795929193496704	34.0	1e-06
22	9	261	1.8218234777450562	50.0	1e-06
22	10	262	1.3766884803771973	58.0	1e-06
22	11	263	1.474870204925537	62.0	1e-06
22	12	264	2.3095030784606934	31.11111111111111	1e-06
23	1	265	2.073390245437622	32.0	1e-06
23	2	266	2.0003345012664795	42.0	1e-06
23	3	267	1.8595472574234009	48.0	1e-06
23	4	268	2.1357080936431885	38.0	1e-06
23	5	269	2.040518283843994	36.0	1e-06
23	6	270	2.2113466262817383	36.0	1e-06
23	7	271	1.6938899755477905	44.0	1e-06
23	8	272	1.4516421556472778	60.0	1e-06
23	9	273	1.6660096645355225	52.0	1e-06
23	10	274	1.8538305759429932	44.0	1e-06
23	11	275	2.5712690353393555	14.0	1e-06
23	12	276	1.5427793264389038	62.22222222222222	1e-06
24	1	277	1.4827815294265747	58.0	1e-06
24	2	278	1.6493033170700073	44.0	1e-06
24	3	279	1.7470895051956177	40.0	1e-06
24	4	280	1.6754255294799805	54.0	1e-06
24	5	281	1.5950982570648193	54.0	1e-06
24	6	282	1.715908169746399	56.0	1e-06
24	7	283	1.7961426973342896	42.0	1e-06
24	8	284	1.397005319595337	60.0	1e-06
24	9	285	1.3786998987197876	60.0	1e-06
24	10	286	1.5987868309020996	52.0	1e-06
24	11	287	1.5161114931106567	60.0	1e-06
24	12	288	1.1493923664093018	73.33333333333333	1e-06
25	1	289	1.8339511156082153	42.0	1e-06
25	2	290	1.9361399412155151	36.0	1e-06
25	3	291	1.4774236679077148	70.0	1e-06
25	4	292	1.895216941833496	40.0	1e-06
25	5	293	2.0645833015441895	42.0	1e-06
25	6	294	1.4734431505203247	52.0	1e-06
25	7	295	1.3094984292984009	64.0	1e-06
25	8	296	1.6962472200393677	48.0	1e-06
25	9	297	1.7062616348266602	44.0	1e-06
25	10	298	1.1666308641433716	66.0	1e-06
25	11	299	1.3249893188476562	62.0	1e-06
25	12	300	1.5434085130691528	57.77777777777778	1e-06
26	1	301	1.3202316761016846	54.0	1e-06
26	2	302	1.8334678411483765	50.0	1e-06
26	3	303	1.5242562294006348	58.0	1e-06
26	4	304	1.1129474639892578	70.0	1e-06
26	5	305	1.2933824062347412	62.0	1e-06
26	6	306	1.8263840675354004	44.0	1e-06
26	7	307	1.1743531227111816	68.0	1e-06
26	8	308	2.0721054077148438	36.0	1e-06
26	9	309	1.3834768533706665	66.0	1e-06
26	10	310	1.5928678512573242	52.0	1e-06
26	11	311	1.7613345384597778	50.0	1e-06
26	12	312	1.2792389392852783	64.44444444444444	1e-06
27	1	313	1.7449589967727661	38.0	1e-06
27	2	314	1.843876600265503	52.0	1e-06
27	3	315	2.123178005218506	34.0	1e-06
27	4	316	1.856076955795288	24.0	1e-06
27	5	317	1.7194926738739014	54.0	1e-06
27	6	318	1.2868256568908691	62.0	1e-06
27	7	319	1.8321119546890259	48.0	1e-06
27	8	320	1.1892709732055664	76.0	1e-06
27	9	321	1.261072039604187	68.0	1e-06
27	10	322	1.727433681488037	50.0	1e-06
27	11	323	2.50671124458313	4.0	1e-06
27	12	324	1.8816806077957153	40.0	1e-06
28	1	325	2.19413685798645	20.0	1e-06
28	2	326	1.8410792350769043	46.0	1e-06
28	3	327	1.7181183099746704	54.0	1e-06
28	4	328	1.4098832607269287	60.0	1e-06
28	5	329	1.220949411392212	66.0	1e-06
28	6	330	1.3218557834625244	58.0	1e-06
28	7	331	1.9762568473815918	38.0	1e-06
28	8	332	2.3511831760406494	16.0	1e-06
28	9	333	1.3170874118804932	58.0	1e-06
28	10	334	1.2650580406188965	70.0	1e-06
28	11	335	1.423588514328003	58.0	1e-06
28	12	336	1.3784786462783813	66.66666666666667	1e-06
29	1	337	1.8647525310516357	54.0	1e-06
29	2	338	1.5790088176727295	58.0	1e-06
29	3	339	1.644319772720337	52.0	1e-06
29	4	340	1.4360765218734741	66.0	1e-06
29	5	341	1.9487738609313965	52.0	1e-06
29	6	342	1.610363483428955	52.0	1e-06
29	7	343	1.0286903381347656	72.0	1e-06
29	8	344	0.8936588764190674	78.0	1e-06
29	9	345	1.578018307685852	54.0	1e-06
29	10	346	1.373594045639038	60.0	1e-06
29	11	347	1.0984716415405273	76.0	1e-06
29	12	348	1.4195836782455444	55.55555555555556	1e-06
30	1	349	1.5149872303009033	62.0	1e-06
30	2	350	1.7369203567504883	44.0	1e-06
30	3	351	1.5000053644180298	66.0	1e-06
30	4	352	1.7980269193649292	42.0	1e-06
30	5	353	1.5687299966812134	62.0	1e-06
30	6	354	1.4280204772949219	64.0	1e-06
30	7	355	1.6715645790100098	50.0	1e-06
30	8	356	1.1315371990203857	70.0	1e-06
30	9	357	1.6318690776824951	54.0	1e-06
30	10	358	1.7503947019577026	44.0	1e-06
30	11	359	1.4049630165100098	60.0	1e-06
30	12	360	1.4720689058303833	62.22222222222222	1e-06
31	1	361	2.386000871658325	42.0	1e-06
31	2	362	1.4052985906600952	58.0	1e-06
31	3	363	2.133770704269409	6.0	1e-06
31	4	364	1.189948320388794	70.0	1e-06
31	5	365	1.2247108221054077	64.0	1e-06
31	6	366	1.489852786064148	62.0	1e-06
31	7	367	1.8003016710281372	40.0	1e-06
31	8	368	2.195880651473999	26.0	1e-06
31	9	369	0.9652933478355408	80.0	1e-06
31	10	370	1.1637517213821411	70.0	1e-06
31	11	371	1.1313905715942383	70.0	1e-06
31	12	372	1.7127587795257568	51.111111111111114	1e-06
32	1	373	1.1933499574661255	66.0	1e-06
32	2	374	1.3723483085632324	52.0	1e-06
32	3	375	1.5461018085479736	56.0	1e-06
32	4	376	1.3003612756729126	64.0	1e-06
32	5	377	1.3953754901885986	64.0	1e-06
32	6	378	1.3921186923980713	64.0	1e-06
32	7	379	1.4647438526153564	58.0	1e-06
32	8	380	1.4666627645492554	60.0	1e-06
32	9	381	1.4531444311141968	52.0	1e-06
32	10	382	0.9838337898254395	74.0	1e-06
32	11	383	1.7106242179870605	50.0	1e-06
32	12	384	1.0274242162704468	68.88888888888889	1e-06
33	1	385	1.4529937505722046	60.0	1e-06
33	2	386	1.609687328338623	54.0	1e-06
33	3	387	1.2715154886245728	64.0	1e-06
33	4	388	1.0900912284851074	72.0	1e-06
33	5	389	1.7590954303741455	40.0	1e-06
33	6	390	1.5357624292373657	60.0	1e-06
33	7	391	1.5468124151229858	46.0	1e-06
33	8	392	1.3265653848648071	68.0	1e-06
33	9	393	1.435447096824646	58.0	1e-06
33	10	394	1.69887113571167	54.0	1e-06
33	11	395	1.7752325534820557	50.0	1e-06
33	12	396	1.068203091621399	68.88888888888889	1e-06
34	1	397	0.8136364817619324	82.0	1e-06
34	2	398	1.1539475917816162	74.0	1e-06
34	3	399	1.764277696609497	46.0	1e-06
34	4	400	1.4808677434921265	62.0	1e-06
34	5	401	1.442496657371521	60.0	1e-06
34	6	402	1.0431588888168335	72.0	1e-06
34	7	403	1.4214879274368286	60.0	1e-06
34	8	404	1.3066487312316895	66.0	1e-06
34	9	405	1.1859692335128784	68.0	1e-06
34	10	406	1.884331226348877	46.0	1e-06
34	11	407	0.9940165877342224	70.0	1e-06
34	12	408	1.3500399589538574	68.88888888888889	1e-06
35	1	409	1.3086495399475098	66.0	1e-06
35	2	410	1.285420536994934	70.0	1e-06
35	3	411	1.1997036933898926	72.0	1e-06
35	4	412	1.0760931968688965	74.0	1e-06
35	5	413	1.9681833982467651	42.0	1e-06
35	6	414	1.334297776222229	66.0	1e-06
35	7	415	1.4420523643493652	60.0	1e-06
35	8	416	1.4492652416229248	56.0	1e-06
35	9	417	2.144585609436035	42.0	1e-06
35	10	418	1.3848193883895874	56.0	1e-06
35	11	419	1.734095573425293	44.0	1e-06
35	12	420	1.2404874563217163	64.44444444444444	1e-06
36	1	421	1.2199125289916992	72.0	1e-06
36	2	422	1.754683017730713	50.0	1e-06
36	3	423	1.2450040578842163	64.0	1e-06
36	4	424	1.041648507118225	70.0	1e-06
36	5	425	1.2451037168502808	72.0	1e-06
36	6	426	1.480641484260559	54.0	1e-06
36	7	427	1.3324568271636963	64.0	1e-06
36	8	428	0.9603282809257507	78.0	1e-06
36	9	429	1.32326340675354	56.0	1e-06
36	10	430	1.065780520439148	66.0	1e-06
36	11	431	1.520177960395813	66.0	1e-06
36	12	432	1.320306420326233	57.77777777777778	1e-06
37	1	433	1.788881778717041	46.0	1e-06
37	2	434	1.4890601634979248	58.0	1e-06
37	3	435	1.6988286972045898	48.0	1e-06
37	4	436	0.9274725317955017	80.0	1e-06
37	5	437	0.9108357429504395	76.0	1e-06
37	6	438	1.4494365453720093	58.0	1e-06
37	7	439	1.6980243921279907	50.0	1e-06
37	8	440	1.5413841009140015	60.0	1e-06
37	9	441	1.7045996189117432	52.0	1e-06
37	10	442	1.0883854627609253	74.0	1e-06
37	11	443	1.5971441268920898	48.0	1e-06
37	12	444	1.3778780698776245	62.22222222222222	1e-06
38	1	445	1.4251339435577393	66.0	1e-06
38	2	446	1.5420535802841187	54.0	1e-06
38	3	447	1.652440071105957	56.0	1e-06
38	4	448	1.5200457572937012	52.0	1e-06
38	5	449	1.2988593578338623	70.0	1e-06
38	6	450	1.338530421257019	70.0	1e-06
38	7	451	1.6348662376403809	50.0	1e-06
38	8	452	1.5148556232452393	56.0	1e-06
38	9	453	0.9522497653961182	76.0	1e-06
38	10	454	1.3946963548660278	64.0	1e-06
38	11	455	1.2415549755096436	66.0	1e-06
38	12	456	1.3166717290878296	64.44444444444444	1e-06
39	1	457	1.385134220123291	68.0	1e-06
39	2	458	1.188317894935608	64.0	1e-06
39	3	459	1.1177546977996826	62.0	1e-06
39	4	460	1.3560705184936523	64.0	1e-06
39	5	461	1.484208583831787	64.0	1e-06
39	6	462	1.0358953475952148	72.0	1e-06
39	7	463	1.5979211330413818	54.0	1e-06
39	8	464	1.1723164319992065	74.0	1e-06
39	9	465	1.2421191930770874	66.0	1e-06
39	10	466	1.5421541929244995	58.0	1e-06
39	11	467	1.1619147062301636	72.0	1e-06
39	12	468	1.4150303602218628	57.77777777777778	1e-06
40	1	469	1.356245756149292	62.0	1e-06
40	2	470	1.1234647035598755	66.0	1e-06
40	3	471	1.0940215587615967	74.0	1e-06
40	4	472	1.2649695873260498	66.0	1e-06
40	5	473	1.543205738067627	60.0	1e-06
40	6	474	1.1394720077514648	76.0	1e-06
40	7	475	2.165492296218872	36.0	1e-06
40	8	476	1.498784065246582	56.0	1e-06
40	9	477	1.4338780641555786	56.0	1e-06
40	10	478	1.309446096420288	64.0	1e-06
40	11	479	1.214127779006958	64.0	1e-06
40	12	480	1.2372875213623047	60.0	1e-06
41	1	481	1.3864134550094604	60.0	1e-06
41	2	482	1.5072484016418457	62.0	1e-06
41	3	483	1.0003021955490112	70.0	1e-06
41	4	484	1.2661949396133423	64.0	1e-06
41	5	485	1.3490703105926514	62.0	1e-06
41	6	486	1.2229862213134766	62.0	1e-06
41	7	487	1.5562254190444946	68.0	1e-06
41	8	488	1.5167393684387207	62.0	1e-06
41	9	489	1.144230842590332	74.0	1e-06
41	10	490	1.1597981452941895	80.0	1e-06
41	11	491	1.1111531257629395	72.0	1e-06
41	12	492	1.2964520454406738	62.22222222222222	1e-06
42	1	493	1.8078380823135376	48.0	1e-06
42	2	494	1.4359523057937622	64.0	1e-06
42	3	495	1.2526030540466309	66.0	1e-06
42	4	496	1.4959930181503296	54.0	1e-06
42	5	497	1.570823311805725	64.0	1e-06
42	6	498	1.789422869682312	32.0	1e-06
42	7	499	1.4237220287322998	66.0	1e-06
42	8	500	1.4335670471191406	62.0	1e-06
42	9	501	0.6603519916534424	88.0	1e-06
42	10	502	1.2070908546447754	62.0	1e-06
42	11	503	1.660391092300415	60.0	1e-06
42	12	504	1.0954241752624512	73.33333333333333	1e-06
43	1	505	1.2962881326675415	66.0	1e-06
43	2	506	1.2224327325820923	62.0	1e-06
43	3	507	1.3501899242401123	68.0	1e-06
43	4	508	1.4513620138168335	54.0	1e-06
43	5	509	1.149255394935608	70.0	1e-06
43	6	510	1.0758076906204224	64.0	1e-06
43	7	511	1.2423228025436401	60.0	1e-06
43	8	512	1.7157540321350098	54.0	1e-06
43	9	513	0.9436204433441162	78.0	1e-06
43	10	514	1.5620777606964111	62.0	1e-06
43	11	515	1.2030835151672363	70.0	1e-06
43	12	516	1.1522669792175293	71.11111111111111	1e-06
44	1	517	1.056899905204773	78.0	1e-06
44	2	518	1.208293080329895	66.0	1e-06
44	3	519	1.1461971998214722	64.0	1e-06
44	4	520	1.1250617504119873	68.0	1e-06
44	5	521	1.0585360527038574	72.0	1e-06
44	6	522	1.2153675556182861	68.0	1e-06
44	7	523	1.0356899499893188	72.0	1e-06
44	8	524	1.2820440530776978	60.0	1e-06
44	9	525	1.3427648544311523	62.0	1e-06
44	10	526	0.8832335472106934	84.0	1e-06
44	11	527	1.358820915222168	72.0	1e-06
44	12	528	1.406737208366394	57.77777777777778	1e-06
45	1	529	1.2413355112075806	70.0	1e-06
45	2	530	1.9511771202087402	48.0	1e-06
45	3	531	1.610732078552246	64.0	1e-06
45	4	532	1.2032028436660767	74.0	1e-06
45	5	533	1.4735331535339355	68.0	1e-06
45	6	534	1.0173308849334717	68.0	1e-06
45	7	535	1.6658326387405396	50.0	1e-06
45	8	536	1.5536155700683594	54.0	1e-06
45	9	537	1.4782171249389648	64.0	1e-06
45	10	538	1.3688288927078247	62.0	1e-06
45	11	539	1.131099820137024	70.0	1e-06
45	12	540	0.9065822958946228	84.44444444444444	1e-06
46	1	541	1.4583556652069092	66.0	1e-06
46	2	542	1.4926207065582275	58.0	1e-06
46	3	543	1.320162296295166	68.0	1e-06
46	4	544	1.5444855690002441	52.0	1e-06
46	5	545	1.216333031654358	66.0	1e-06
46	6	546	1.12454092502594	68.0	1e-06
46	7	547	0.936909019947052	80.0	1e-06
46	8	548	1.7475413084030151	52.0	1e-06
46	9	549	0.857502818107605	72.0	1e-06
46	10	550	0.8832364082336426	74.0	1e-06
46	11	551	1.4463881254196167	58.0	1e-06
46	12	552	1.5590072870254517	51.111111111111114	1e-06
47	1	553	1.4113842248916626	68.0	1e-06
47	2	554	1.265802264213562	72.0	1e-06
47	3	555	1.599493384361267	56.0	1e-06
47	4	556	1.3261361122131348	58.0	1e-06
47	5	557	1.0042271614074707	72.0	1e-06
47	6	558	1.2304034233093262	74.0	1e-06
47	7	559	1.056929111480713	72.0	1e-06
47	8	560	1.0430102348327637	76.0	1e-06
47	9	561	0.7223560214042664	80.0	1e-06
47	10	562	1.1625735759735107	64.0	1e-06
47	11	563	0.9046273827552795	76.0	1e-06
47	12	564	1.590683102607727	57.77777777777778	1e-06
48	1	565	1.0225462913513184	76.0	1e-06
48	2	566	1.1110644340515137	74.0	1e-06
48	3	567	1.5806655883789062	54.0	1e-06
48	4	568	1.0881632566452026	74.0	1e-06
48	5	569	0.8723468780517578	74.0	1e-06
48	6	570	1.374178409576416	58.0	1e-06
48	7	571	1.034935712814331	76.0	1e-06
48	8	572	1.5580134391784668	56.0	1e-06
48	9	573	1.2291960716247559	70.0	1e-06
48	10	574	1.002295732498169	74.0	1e-06
48	11	575	1.118129014968872	66.0	1e-06
48	12	576	1.1409447193145752	73.33333333333333	1e-06
49	1	577	1.2580605745315552	70.0	1e-06
49	2	578	1.1726711988449097	68.0	1e-06
49	3	579	0.9912087321281433	78.0	1e-06
49	4	580	1.350846290588379	64.0	1e-06
49	5	581	1.2988080978393555	68.0	1e-06
49	6	582	0.8986862301826477	80.0	1e-06
49	7	583	1.4417742490768433	58.0	1e-06
49	8	584	1.3297877311706543	70.0	1e-06
49	9	585	0.8790342211723328	78.0	1e-06
49	10	586	0.9203161597251892	78.0	1e-06
49	11	587	0.8792018294334412	76.0	1e-06
49	12	588	1.338617205619812	62.22222222222222	1e-06
50	1	589	1.247626543045044	62.0	1e-06
50	2	590	1.2124688625335693	66.0	1e-06
50	3	591	1.0433363914489746	68.0	1e-06
50	4	592	0.9374179244041443	80.0	1e-06
50	5	593	1.181880235671997	66.0	1e-06
50	6	594	1.3644146919250488	60.0	1e-06
50	7	595	0.7878316640853882	80.0	1e-06
50	8	596	1.0464389324188232	76.0	1e-06
50	9	597	1.383955955505371	54.0	1e-06
50	10	598	1.2449960708618164	68.0	1e-06
50	11	599	1.4020708799362183	68.0	1e-06
50	12	600	1.1008721590042114	68.88888888888889	1e-06
51	1	601	1.518497109413147	50.0	1e-06
51	2	602	1.2816706895828247	68.0	1e-06
51	3	603	0.7920929789543152	86.0	1e-06
51	4	604	1.789296269416809	46.0	1e-06
51	5	605	1.1444400548934937	66.0	1e-06
51	6	606	0.8960115909576416	80.0	1e-06
51	7	607	1.212969183921814	68.0	1e-06
51	8	608	1.681006669998169	62.0	1e-06
51	9	609	1.315112590789795	68.0	1e-06
51	10	610	1.232743740081787	66.0	1e-06
51	11	611	0.7622582912445068	86.0	1e-06
51	12	612	1.2731024026870728	60.0	1e-06
52	1	613	1.0813164710998535	72.0	1e-06
52	2	614	1.4433306455612183	60.0	1e-06
52	3	615	1.469477653503418	62.0	1e-06
52	4	616	1.1307052373886108	72.0	1e-06
52	5	617	1.2453068494796753	74.0	1e-06
52	6	618	0.8775491118431091	78.0	1e-06
52	7	619	1.0108745098114014	72.0	1e-06
52	8	620	1.131553292274475	66.0	1e-06
52	9	621	0.7969112396240234	76.0	1e-06
52	10	622	1.375761866569519	66.0	1e-06
52	11	623	1.5603384971618652	62.0	1e-06
52	12	624	1.089714765548706	68.88888888888889	1e-06
53	1	625	1.099225640296936	80.0	1e-06
53	2	626	1.1191922426223755	66.0	1e-06
53	3	627	1.1399632692337036	64.0	1e-06
53	4	628	1.1758915185928345	78.0	1e-06
53	5	629	1.591576337814331	50.0	1e-06
53	6	630	1.2510871887207031	72.0	1e-06
53	7	631	1.2520354986190796	62.0	1e-06
53	8	632	0.8895947337150574	78.0	1e-06
53	9	633	0.7468106746673584	80.0	1e-06
53	10	634	0.7859472632408142	82.0	1e-06
53	11	635	1.2061469554901123	64.0	1e-06
53	12	636	1.2670871019363403	62.22222222222222	1e-06
54	1	637	1.2021251916885376	62.0	1e-06
54	2	638	1.4789243936538696	64.0	1e-06
54	3	639	0.9966700673103333	70.0	1e-06
54	4	640	1.1094982624053955	68.0	1e-06
54	5	641	1.1930698156356812	76.0	1e-06
54	6	642	1.0833327770233154	74.0	1e-06
54	7	643	1.3660746812820435	66.0	1e-06
54	8	644	1.3501945734024048	60.0	1e-06
54	9	645	1.3269778490066528	60.0	1e-06
54	10	646	0.8424268960952759	84.0	1e-06
54	11	647	0.888634204864502	78.0	1e-06
54	12	648	1.2705069780349731	73.33333333333333	1e-06
55	1	649	1.1017378568649292	64.0	1e-06
55	2	650	0.9999333024024963	68.0	1e-06
55	3	651	1.3504664897918701	66.0	1e-06
55	4	652	0.8704414963722229	84.0	1e-06
55	5	653	1.2582443952560425	64.0	1e-06
55	6	654	0.8566315174102783	76.0	1e-06
55	7	655	0.9326760768890381	76.0	1e-06
55	8	656	1.3165572881698608	64.0	1e-06
55	9	657	0.64620041847229	80.0	1e-06
55	10	658	1.551094651222229	68.0	1e-06
55	11	659	1.7769261598587036	52.0	1e-06
55	12	660	1.6862237453460693	51.111111111111114	1e-06
56	1	661	0.9796614646911621	80.0	1e-06
56	2	662	1.345757007598877	60.0	1e-06
56	3	663	0.9117932915687561	78.0	1e-06
56	4	664	0.8927963972091675	78.0	1e-06
56	5	665	0.9573506116867065	74.0	1e-06
56	6	666	1.457435131072998	60.0	1e-06
56	7	667	0.8093808889389038	74.0	1e-06
56	8	668	1.2339701652526855	66.0	1e-06
56	9	669	0.963522732257843	80.0	1e-06
56	10	670	1.5131628513336182	58.0	1e-06
56	11	671	1.4276995658874512	62.0	1e-06
56	12	672	0.9143354892730713	77.77777777777777	1e-06
57	1	673	0.9441675543785095	80.0	1e-06
57	2	674	0.9274501800537109	74.0	1e-06
57	3	675	1.4262123107910156	64.0	1e-06
57	4	676	1.2154194116592407	72.0	1e-06
57	5	677	1.0825613737106323	64.0	1e-06
57	6	678	1.0043072700500488	72.0	1e-06
57	7	679	1.09629225730896	68.0	1e-06
57	8	680	1.5813556909561157	70.0	1e-06
57	9	681	1.099975824356079	76.0	1e-06
57	10	682	0.9440368413925171	76.0	1e-06
57	11	683	1.1523019075393677	72.0	1e-06
57	12	684	1.4996834993362427	60.0	1e-06
58	1	685	0.9402757883071899	80.0	1e-06
58	2	686	1.024987816810608	80.0	1e-06
58	3	687	1.2897322177886963	64.0	1e-06
58	4	688	1.240911841392517	68.0	1e-06
58	5	689	1.0275057554244995	68.0	1e-06
58	6	690	0.9344856142997742	76.0	1e-06
58	7	691	1.4903624057769775	48.0	1e-06
58	8	692	1.0273010730743408	68.0	1e-06
58	9	693	1.3612672090530396	60.0	1e-06
58	10	694	1.1795849800109863	72.0	1e-06
58	11	695	1.1292107105255127	70.0	1e-06
58	12	696	1.1990187168121338	66.66666666666667	1e-06
59	1	697	1.1044796705245972	66.0	1e-06
59	2	698	1.1919856071472168	68.0	1e-06
59	3	699	0.6360425353050232	82.0	1e-06
59	4	700	1.4182214736938477	60.0	1e-06
59	5	701	0.8113256096839905	82.0	1e-06
59	6	702	1.0687624216079712	70.0	1e-06
59	7	703	1.1851475238800049	72.0	1e-06
59	8	704	1.2413835525512695	64.0	1e-06
59	9	705	0.99406898021698	72.0	1e-06
59	10	706	0.9725241661071777	74.0	1e-06
59	11	707	1.2931466102600098	64.0	1e-06
59	12	708	0.9395597577095032	68.88888888888889	1e-06
60	1	709	1.0674054622650146	64.0	1e-06
60	2	710	0.8591788411140442	74.0	1e-06
60	3	711	1.2533332109451294	68.0	1e-06
60	4	712	1.2553393840789795	66.0	1e-06
60	5	713	0.9306075572967529	74.0	1e-06
60	6	714	0.9642113447189331	76.0	1e-06
60	7	715	1.0183368921279907	78.0	1e-06
60	8	716	0.7544746398925781	80.0	1e-06
60	9	717	1.2474178075790405	68.0	1e-06
60	10	718	1.042826533317566	80.0	1e-06
60	11	719	1.1171075105667114	68.0	1e-06
60	12	720	1.2590407133102417	66.66666666666667	1e-06
61	1	721	0.9563620090484619	82.0	1e-06
61	2	722	1.4838513135910034	52.0	1e-06
61	3	723	1.749733567237854	38.0	1e-06
61	4	724	0.9197320342063904	72.0	1e-06
61	5	725	1.3391231298446655	64.0	1e-06
61	6	726	0.992766261100769	70.0	1e-06
61	7	727	1.0841232538223267	72.0	1e-06
61	8	728	1.1170289516448975	70.0	1e-06
61	9	729	1.0840363502502441	66.0	1e-06
61	10	730	1.04489004611969	78.0	1e-06
61	11	731	1.057920217514038	70.0	1e-06
61	12	732	1.0178236961364746	73.33333333333333	1e-06
62	1	733	1.0914180278778076	72.0	1e-06
62	2	734	0.9535078406333923	80.0	1e-06
62	3	735	1.237688422203064	60.0	1e-06
62	4	736	0.9156702160835266	76.0	1e-06
62	5	737	1.186267375946045	72.0	1e-06
62	6	738	0.8099923133850098	78.0	1e-06
62	7	739	1.012373924255371	70.0	1e-06
62	8	740	1.1666450500488281	72.0	1e-06
62	9	741	1.1883445978164673	62.0	1e-06
62	10	742	0.8188719749450684	78.0	1e-06
62	11	743	0.948180079460144	78.0	1e-06
62	12	744	1.1830575466156006	75.55555555555556	1e-06
63	1	745	0.8412214517593384	78.0	1e-06
63	2	746	1.0937672853469849	74.0	1e-06
63	3	747	1.0162265300750732	70.0	1e-06
63	4	748	1.1080366373062134	76.0	1e-06
63	5	749	1.3013273477554321	60.0	1e-06
63	6	750	1.1431370973587036	76.0	1e-06
63	7	751	1.0869243144989014	76.0	1e-06
63	8	752	0.9891879558563232	68.0	1e-06
63	9	753	1.0666450262069702	68.0	1e-06
63	10	754	1.1616564989089966	68.0	1e-06
63	11	755	0.8627092242240906	78.0	1e-06
63	12	756	0.8572456240653992	73.33333333333333	1e-06
64	1	757	1.1705892086029053	64.0	1e-06
64	2	758	1.0562952756881714	72.0	1e-06
64	3	759	0.8929708003997803	68.0	1e-06
64	4	760	1.404362678527832	62.0	1e-06
64	5	761	1.028853178024292	68.0	1e-06
64	6	762	1.202754259109497	66.0	1e-06
64	7	763	1.0185080766677856	78.0	1e-06
64	8	764	1.1278700828552246	72.0	1e-06
64	9	765	1.8239909410476685	48.0	1e-06
64	10	766	0.9370095729827881	78.0	1e-06
64	11	767	0.9762488603591919	80.0	1e-06
64	12	768	0.748602032661438	77.77777777777777	1e-06
65	1	769	0.9194587469100952	76.0	1e-06
65	2	770	1.1605968475341797	70.0	1e-06
65	3	771	1.221145510673523	68.0	1e-06
65	4	772	1.3372166156768799	62.0	1e-06
65	5	773	1.0468931198120117	78.0	1e-06
65	6	774	0.7857528924942017	86.0	1e-06
65	7	775	1.1949011087417603	74.0	1e-06
65	8	776	1.2784439325332642	70.0	1e-06
65	9	777	1.2503066062927246	74.0	1e-06
65	10	778	1.130029320716858	74.0	1e-06
65	11	779	1.192601203918457	72.0	1e-06
65	12	780	0.8148466944694519	80.0	1e-06
66	1	781	1.04677414894104	70.0	1e-06
66	2	782	1.062410593032837	68.0	1e-06
66	3	783	1.1150506734848022	72.0	1e-06
66	4	784	0.7140840291976929	86.0	1e-06
66	5	785	1.0327569246292114	76.0	1e-06
66	6	786	1.0289502143859863	72.0	1e-06
66	7	787	1.2289471626281738	64.0	1e-06
66	8	788	1.3083513975143433	52.0	1e-06
66	9	789	1.2579673528671265	62.0	1e-06
66	10	790	0.671792209148407	86.0	1e-06
66	11	791	0.9857837557792664	72.0	1e-06
66	12	792	0.9235946536064148	71.11111111111111	1e-06
67	1	793	1.1444807052612305	70.0	1e-06
67	2	794	1.199899673461914	70.0	1e-06
67	3	795	0.706153929233551	80.0	1e-06
67	4	796	1.0616852045059204	70.0	1e-06
67	5	797	1.1500771045684814	64.0	1e-06
67	6	798	0.8171568512916565	74.0	1e-06
67	7	799	0.911344587802887	82.0	1e-06
67	8	800	1.1927621364593506	70.0	1e-06
67	9	801	1.2085822820663452	64.0	1e-06
67	10	802	0.8211655616760254	80.0	1e-06
67	11	803	0.6571082472801208	82.0	1e-06
67	12	804	1.1858935356140137	66.66666666666667	1e-06
68	1	805	0.9954498410224915	70.0	1e-06
68	2	806	0.7672397494316101	76.0	1e-06
68	3	807	1.0382721424102783	70.0	1e-06
68	4	808	1.1096092462539673	66.0	1e-06
68	5	809	0.7580299377441406	76.0	1e-06
68	6	810	0.8646201491355896	72.0	1e-06
68	7	811	0.6671908497810364	76.0	1e-06
68	8	812	1.0749602317810059	66.0	1e-06
68	9	813	0.8422439098358154	76.0	1e-06
68	10	814	0.9796107411384583	76.0	1e-06
68	11	815	0.6460031867027283	84.0	1e-06
68	12	816	1.1740922927856445	66.66666666666667	1e-06
69	1	817	1.046749472618103	68.0	1e-06
69	2	818	0.9289901852607727	82.0	1e-06
69	3	819	1.0686287879943848	72.0	1e-06
69	4	820	0.9656077027320862	80.0	1e-06
69	5	821	0.9119054675102234	74.0	1e-06
69	6	822	0.6007124185562134	86.0	1e-06
69	7	823	1.2139182090759277	66.0	1e-06
69	8	824	0.9771599769592285	74.0	1e-06
69	9	825	1.220963478088379	70.0	1e-06
69	10	826	1.2921031713485718	62.0	1e-06
69	11	827	0.9815583229064941	72.0	1e-06
69	12	828	1.1833287477493286	64.44444444444444	1e-06
70	1	829	0.6935182213783264	84.0	1e-06
70	2	830	0.9303585886955261	72.0	1e-06
70	3	831	0.6571446061134338	82.0	1e-06
70	4	832	0.8709954023361206	72.0	1e-06
70	5	833	1.449519395828247	64.0	1e-06
70	6	834	1.6272152662277222	50.0	1e-06
70	7	835	0.9532092809677124	70.0	1e-06
70	8	836	1.4438176155090332	76.0	1e-06
70	9	837	0.8700969815254211	74.0	1e-06
70	10	838	1.257320523262024	60.0	1e-06
70	11	839	1.129244327545166	70.0	1e-06
70	12	840	0.7324693202972412	77.77777777777777	1e-06
71	1	841	1.0937244892120361	72.0	1e-06
71	2	842	0.8937451839447021	76.0	1e-06
71	3	843	0.8900762796401978	70.0	1e-06
71	4	844	0.7957580089569092	78.0	1e-06
71	5	845	0.8869874477386475	74.0	1e-06
71	6	846	0.8842421174049377	72.0	1e-06
71	7	847	0.8019796013832092	80.0	1e-06
71	8	848	0.8945157527923584	76.0	1e-06
71	9	849	0.7325182557106018	74.0	1e-06
71	10	850	1.5093181133270264	62.0	1e-06
71	11	851	0.9526091814041138	70.0	1e-06
71	12	852	1.032940149307251	71.11111111111111	1e-06
72	1	853	1.2910523414611816	64.0	1e-06
72	2	854	0.8743281364440918	80.0	1e-06
72	3	855	0.8336732387542725	78.0	1e-06
72	4	856	1.0423922538757324	68.0	1e-06
72	5	857	1.2953877449035645	72.0	1e-06
72	6	858	0.8007103800773621	82.0	1e-06
72	7	859	1.2299522161483765	64.0	1e-06
72	8	860	1.00788152217865	70.0	1e-06
72	9	861	0.8533589839935303	76.0	1e-06
72	10	862	0.8982532024383545	80.0	1e-06
72	11	863	1.1229711771011353	68.0	1e-06
72	12	864	0.9264876246452332	71.11111111111111	1e-06
73	1	865	1.2208863496780396	62.0	1e-06
73	2	866	1.0273654460906982	72.0	1e-06
73	3	867	0.9832969903945923	72.0	1e-06
73	4	868	1.051806926727295	68.0	1e-06
73	5	869	1.3753790855407715	60.0	1e-06
73	6	870	1.104474663734436	72.0	1e-06
73	7	871	0.9909898638725281	70.0	1e-06
73	8	872	0.8001583218574524	78.0	1e-06
73	9	873	0.8699193596839905	70.0	1e-06
73	10	874	1.069624900817871	76.0	1e-06
73	11	875	0.90117347240448	82.0	1e-06
73	12	876	0.7937734127044678	73.33333333333333	1e-06
74	1	877	1.0496538877487183	74.0	1e-06
74	2	878	0.7438468337059021	82.0	1e-06
74	3	879	0.7684975266456604	76.0	1e-06
74	4	880	0.849922239780426	72.0	1e-06
74	5	881	0.5491763949394226	88.0	1e-06
74	6	882	0.7843199372291565	76.0	1e-06
74	7	883	1.1366459131240845	78.0	1e-06
74	8	884	0.9543431997299194	64.0	1e-06
74	9	885	0.9676046967506409	74.0	1e-06
74	10	886	1.0980255603790283	68.0	1e-06
74	11	887	0.8980600833892822	74.0	1e-06
74	12	888	1.2966158390045166	66.66666666666667	1e-06
75	1	889	0.9824820756912231	70.0	1e-06
75	2	890	1.3692986965179443	64.0	1e-06
75	3	891	1.0911120176315308	64.0	1e-06
75	4	892	0.6964070200920105	80.0	1e-06
75	5	893	1.0929911136627197	74.0	1e-06
75	6	894	0.7214935421943665	80.0	1e-06
75	7	895	1.0092185735702515	76.0	1e-06
75	8	896	1.0428065061569214	70.0	1e-06
75	9	897	0.7544533610343933	74.0	1e-06
75	10	898	1.318527102470398	64.0	1e-06
75	11	899	0.7992597818374634	80.0	1e-06
75	12	900	0.8735835552215576	77.77777777777777	1e-06
76	1	901	0.9469136595726013	70.0	1e-06
76	2	902	1.0108811855316162	64.0	1e-06
76	3	903	0.8161901831626892	78.0	1e-06
76	4	904	1.5038063526153564	22.0	1e-06
76	5	905	0.8844400644302368	78.0	1e-06
76	6	906	1.0046629905700684	66.0	1e-06
76	7	907	0.5542030334472656	86.0	1e-06
76	8	908	0.7213036417961121	78.0	1e-06
76	9	909	1.0702674388885498	66.0	1e-06
76	10	910	0.8719619512557983	80.0	1e-06
76	11	911	0.8997554779052734	68.0	1e-06
76	12	912	0.770681619644165	84.44444444444444	1e-06
77	1	913	0.6997154951095581	82.0	1e-06
77	2	914	1.0197659730911255	70.0	1e-06
77	3	915	0.7545034885406494	78.0	1e-06
77	4	916	1.3484708070755005	66.0	1e-06
77	5	917	1.1795660257339478	76.0	1e-06
77	6	918	1.1635634899139404	64.0	1e-06
77	7	919	0.8833224773406982	76.0	1e-06
77	8	920	0.8966525793075562	74.0	1e-06
77	9	921	0.7311136722564697	80.0	1e-06
77	10	922	1.169989824295044	60.0	1e-06
77	11	923	1.014747977256775	66.0	1e-06
77	12	924	0.9206724166870117	75.55555555555556	1e-06
78	1	925	0.6606512665748596	84.0	1e-06
78	2	926	1.3776317834854126	58.0	1e-06
78	3	927	1.0260730981826782	74.0	1e-06
78	4	928	0.8863339424133301	76.0	1e-06
78	5	929	0.9319695234298706	74.0	1e-06
78	6	930	0.998460054397583	72.0	1e-06
78	7	931	0.6293941736221313	88.0	1e-06
78	8	932	1.1182608604431152	68.0	1e-06
78	9	933	0.8691051006317139	80.0	1e-06
78	10	934	0.649495005607605	80.0	1e-06
78	11	935	1.0558991432189941	72.0	1e-06
78	12	936	1.002763271331787	68.88888888888889	1e-06
79	1	937	1.283847689628601	60.0	1e-06
79	2	938	0.8295934796333313	76.0	1e-06
79	3	939	1.0264898538589478	72.0	1e-06
79	4	940	0.7163830399513245	74.0	1e-06
79	5	941	0.9246630072593689	72.0	1e-06
79	6	942	1.108726143836975	66.0	1e-06
79	7	943	1.250746488571167	68.0	1e-06
79	8	944	1.1730265617370605	62.0	1e-06
79	9	945	1.054577350616455	78.0	1e-06
79	10	946	0.5989663600921631	82.0	1e-06
79	11	947	1.281059980392456	58.0	1e-06
79	12	948	0.6877172589302063	80.0	1e-06
80	1	949	1.107925534248352	68.0	1e-06
80	2	950	1.0407133102416992	68.0	1e-06
80	3	951	0.8429146409034729	74.0	1e-06
80	4	952	0.8585699200630188	72.0	1e-06
80	5	953	0.8777822852134705	70.0	1e-06
80	6	954	0.8160021305084229	76.0	1e-06
80	7	955	1.438265085220337	74.0	1e-06
80	8	956	0.6774834990501404	84.0	1e-06
80	9	957	0.7288299798965454	80.0	1e-06
80	10	958	0.599688708782196	86.0	1e-06
80	11	959	0.7439997792243958	84.0	1e-06
80	12	960	0.9353981614112854	77.77777777777777	1e-06
81	1	961	0.9040328860282898	70.0	1e-06
81	2	962	0.7034307718276978	80.0	1e-06
81	3	963	1.080757975578308	70.0	1e-06
81	4	964	0.9051529765129089	76.0	1e-06
81	5	965	0.8653689026832581	72.0	1e-06
81	6	966	0.956179141998291	76.0	1e-06
81	7	967	0.7614142894744873	72.0	1e-06
81	8	968	0.8165544271469116	76.0	1e-06
81	9	969	1.0096995830535889	76.0	1e-06
81	10	970	0.9967588186264038	68.0	1e-06
81	11	971	0.6485949158668518	84.0	1e-06
81	12	972	0.7241401672363281	77.77777777777777	1e-06
82	1	973	0.6409260630607605	84.0	1e-06
82	2	974	1.004672646522522	66.0	1e-06
82	3	975	1.237967610359192	68.0	1e-06
82	4	976	0.6861986517906189	74.0	1e-06
82	5	977	0.6810780167579651	78.0	1e-06
82	6	978	1.0426594018936157	74.0	1e-06
82	7	979	0.7012010216712952	76.0	1e-06
82	8	980	0.9124067425727844	76.0	1e-06
82	9	981	0.8088104128837585	74.0	1e-06
82	10	982	1.02796471118927	68.0	1e-06
82	11	983	0.8256896734237671	78.0	1e-06
82	12	984	0.9613159894943237	80.0	1e-06
83	1	985	0.8859802484512329	76.0	1e-06
83	2	986	1.1117995977401733	68.0	1e-06
83	3	987	0.5815511345863342	84.0	1e-06
83	4	988	1.019281268119812	60.0	1e-06
83	5	989	0.8951777815818787	76.0	1e-06
83	6	990	0.9424318075180054	68.0	1e-06
83	7	991	0.6350805759429932	86.0	1e-06
83	8	992	0.9714714884757996	70.0	1e-06
83	9	993	1.5615348815917969	52.0	1e-06
83	10	994	0.81255042552948	74.0	1e-06
83	11	995	0.899204432964325	76.0	1e-06
83	12	996	0.8927507996559143	77.77777777777777	1e-06
84	1	997	1.062678337097168	72.0	1e-06
84	2	998	0.9296143054962158	72.0	1e-06
84	3	999	0.7186694145202637	74.0	1e-06
84	4	1000	0.7692603468894958	80.0	1e-06
84	5	1001	0.581999659538269	80.0	1e-06
84	6	1002	0.6793932318687439	78.0	1e-06
84	7	1003	0.7423250675201416	74.0	1e-06
84	8	1004	0.9608904123306274	74.0	1e-06
84	9	1005	0.6832301616668701	78.0	1e-06
84	10	1006	0.8884829878807068	78.0	1e-06
84	11	1007	0.9163246750831604	68.0	1e-06
84	12	1008	0.8091715574264526	77.77777777777777	1e-06
85	1	1009	0.877727210521698	72.0	1e-06
85	2	1010	1.4021060466766357	66.0	1e-06
85	3	1011	0.6311886310577393	78.0	1e-06
85	4	1012	0.811886727809906	76.0	1e-06
85	5	1013	0.8444132208824158	80.0	1e-06
85	6	1014	0.5823854207992554	86.0	1e-06
85	7	1015	0.7868905663490295	82.0	1e-06
85	8	1016	0.6852130889892578	84.0	1e-06
85	9	1017	1.1663589477539062	74.0	1e-06
85	10	1018	0.9004091620445251	76.0	1e-06
85	11	1019	0.8345475792884827	72.0	1e-06
85	12	1020	0.7113267779350281	77.77777777777777	1e-06
86	1	1021	0.5640699863433838	82.0	1e-06
86	2	1022	0.8659241199493408	74.0	1e-06
86	3	1023	0.8189790844917297	78.0	1e-06
86	4	1024	1.3543815612792969	64.0	1e-06
86	5	1025	0.9459762573242188	70.0	1e-06
86	6	1026	1.186524510383606	66.0	1e-06
86	7	1027	1.0393955707550049	74.0	1e-06
86	8	1028	0.741680383682251	76.0	1e-06
86	9	1029	0.7547279596328735	82.0	1e-06
86	10	1030	0.7402974963188171	74.0	1e-06
86	11	1031	0.6694532632827759	82.0	1e-06
86	12	1032	0.7951371669769287	80.0	1e-06
87	1	1033	0.8352620005607605	76.0	1e-06
87	2	1034	0.7902611494064331	78.0	1e-06
87	3	1035	0.6296072006225586	80.0	1e-06
87	4	1036	1.0866092443466187	68.0	1e-06
87	5	1037	0.9591501355171204	78.0	1e-06
87	6	1038	0.6970086693763733	74.0	1e-06
87	7	1039	0.8993374109268188	78.0	1e-06
87	8	1040	0.9534404277801514	72.0	1e-06
87	9	1041	0.7743191719055176	76.0	1e-06
87	10	1042	0.7660529613494873	72.0	1e-06
87	11	1043	0.7990689873695374	76.0	1e-06
87	12	1044	0.7560325860977173	82.22222222222223	1e-06
88	1	1045	0.6434855461120605	80.0	1e-06
88	2	1046	0.9441542029380798	70.0	1e-06
88	3	1047	0.9641645550727844	72.0	1e-06
88	4	1048	0.5230042934417725	84.0	1e-06
88	5	1049	0.8095905184745789	76.0	1e-06
88	6	1050	0.9319676756858826	76.0	1e-06
88	7	1051	0.6126737594604492	80.0	1e-06
88	8	1052	0.903157651424408	76.0	1e-06
88	9	1053	1.300604224205017	58.0	1e-06
88	10	1054	1.2152312994003296	74.0	1e-06
88	11	1055	0.8181259632110596	80.0	1e-06
88	12	1056	1.117230772972107	66.66666666666667	1e-06
89	1	1057	0.8725616335868835	68.0	1e-06
89	2	1058	0.648716151714325	82.0	1e-06
89	3	1059	1.2170932292938232	66.0	1e-06
89	4	1060	0.9798552989959717	64.0	1e-06
89	5	1061	0.8188111782073975	84.0	1e-06
89	6	1062	0.8052240014076233	78.0	1e-06
89	7	1063	0.5643965601921082	78.0	1e-06
89	8	1064	1.0819119215011597	68.0	1e-06
89	9	1065	0.770582914352417	80.0	1e-06
89	10	1066	0.5519351363182068	88.0	1e-06
89	11	1067	1.0705018043518066	72.0	1e-06
89	12	1068	1.388107180595398	62.22222222222222	1e-06
90	1	1069	0.768092930316925	80.0	1e-06
90	2	1070	0.8413897752761841	82.0	1e-06
90	3	1071	0.676487147808075	76.0	1e-06
90	4	1072	0.9385576844215393	70.0	1e-06
90	5	1073	1.0016220808029175	74.0	1e-06
90	6	1074	0.6647355556488037	84.0	1e-06
90	7	1075	0.9308496713638306	76.0	1e-06
90	8	1076	0.8143450021743774	76.0	1e-06
90	9	1077	0.48998719453811646	86.0	1e-06
90	10	1078	1.0235594511032104	70.0	1e-06
90	11	1079	1.0170855522155762	68.0	1e-06
90	12	1080	0.6977850794792175	80.0	1e-06
91	1	1081	1.1697473526000977	64.0	1e-06
91	2	1082	1.1160612106323242	68.0	1e-06
91	3	1083	0.7580260634422302	80.0	1e-06
91	4	1084	0.8057441711425781	78.0	1e-06
91	5	1085	0.9690991044044495	72.0	1e-06
91	6	1086	0.726665735244751	78.0	1e-06
91	7	1087	0.6029911637306213	82.0	1e-06
91	8	1088	0.9362776279449463	76.0	1e-06
91	9	1089	0.6917436122894287	78.0	1e-06
91	10	1090	0.6495522260665894	80.0	1e-06
91	11	1091	0.9056099057197571	76.0	1e-06
91	12	1092	0.7084514498710632	82.22222222222223	1e-06
92	1	1093	1.1012849807739258	66.0	1e-06
92	2	1094	0.9326027631759644	76.0	1e-06
92	3	1095	0.8546673059463501	70.0	1e-06
92	4	1096	0.8775975704193115	72.0	1e-06
92	5	1097	0.8059433102607727	70.0	1e-06
92	6	1098	0.6669854521751404	84.0	1e-06
92	7	1099	0.7880939245223999	78.0	1e-06
92	8	1100	0.9159095287322998	68.0	1e-06
92	9	1101	0.8347637057304382	74.0	1e-06
92	10	1102	0.42878231406211853	86.0	1e-06
92	11	1103	0.5850499868392944	80.0	1e-06
92	12	1104	0.8067539930343628	75.55555555555556	1e-06
93	1	1105	0.6508777141571045	76.0	1e-06
93	2	1106	0.8367676734924316	74.0	1e-06
93	3	1107	0.6888265013694763	82.0	1e-06
93	4	1108	0.6113350987434387	84.0	1e-06
93	5	1109	1.0501295328140259	68.0	1e-06
93	6	1110	0.8692708015441895	74.0	1e-06
93	7	1111	0.7189632654190063	80.0	1e-06
93	8	1112	1.0319433212280273	62.0	1e-06
93	9	1113	0.5919360518455505	82.0	1e-06
93	10	1114	0.9865627884864807	68.0	1e-06
93	11	1115	0.8405311107635498	78.0	1e-06
93	12	1116	1.0835144519805908	64.44444444444444	1e-06
94	1	1117	1.0641275644302368	64.0	1e-06
94	2	1118	0.5915762186050415	80.0	1e-06
94	3	1119	0.6913550496101379	74.0	1e-06
94	4	1120	0.44998204708099365	86.0	1e-06
94	5	1121	1.040088176727295	68.0	1e-06
94	6	1122	0.8225539922714233	70.0	1e-06
94	7	1123	0.692389965057373	80.0	1e-06
94	8	1124	0.9063472151756287	70.0	1e-06
94	9	1125	0.8247072696685791	70.0	1e-06
94	10	1126	0.8440753817558289	82.0	1e-06
94	11	1127	0.8653247952461243	76.0	1e-06
94	12	1128	0.8844833970069885	68.88888888888889	1e-06
95	1	1129	1.0011613368988037	72.0	1e-06
95	2	1130	0.6778312921524048	86.0	1e-06
95	3	1131	0.529766321182251	80.0	1e-06
95	4	1132	0.7212786674499512	80.0	1e-06
95	5	1133	0.6797708868980408	78.0	1e-06
95	6	1134	0.8473594784736633	74.0	1e-06
95	7	1135	0.75396329164505	78.0	1e-06
95	8	1136	0.4948917031288147	84.0	1e-06
95	9	1137	0.9752764701843262	72.0	1e-06
95	10	1138	0.7976534366607666	72.0	1e-06
95	11	1139	0.6605768799781799	84.0	1e-06
95	12	1140	0.8374789953231812	80.0	1e-06
96	1	1141	0.768595278263092	80.0	1e-06
96	2	1142	0.7668278217315674	76.0	1e-06
96	3	1143	0.5397595763206482	84.0	1e-06
96	4	1144	1.0458999872207642	74.0	1e-06
96	5	1145	0.8761197924613953	74.0	1e-06
96	6	1146	0.9003994464874268	74.0	1e-06
96	7	1147	0.9263550639152527	82.0	1e-06
96	8	1148	0.9170584678649902	74.0	1e-06
96	9	1149	0.8486058712005615	74.0	1e-06
96	10	1150	0.9439119696617126	76.0	1e-06
96	11	1151	0.7897557616233826	78.0	1e-06
96	12	1152	0.9866809248924255	66.66666666666667	1e-06
97	1	1153	0.7485518455505371	76.0	1e-06
97	2	1154	0.9492685794830322	74.0	1e-06
97	3	1155	1.0617625713348389	68.0	1e-06
97	4	1156	0.5415677428245544	78.0	1e-06
97	5	1157	0.7075805068016052	80.0	1e-06
97	6	1158	0.5276656150817871	82.0	1e-06
97	7	1159	0.9802228808403015	68.0	1e-06
97	8	1160	0.8463160991668701	78.0	1e-06
97	9	1161	0.788332462310791	76.0	1e-06
97	10	1162	0.6410537958145142	84.0	1e-06
97	11	1163	1.1202696561813354	70.0	1e-06
97	12	1164	0.6965527534484863	86.66666666666667	1e-06
98	1	1165	0.872093141078949	72.0	1e-06
98	2	1166	0.8317806124687195	74.0	1e-06
98	3	1167	0.8307817578315735	80.0	1e-06
98	4	1168	0.51019686460495	82.0	1e-06
98	5	1169	0.7051721215248108	70.0	1e-06
98	6	1170	0.7411723136901855	80.0	1e-06
98	7	1171	0.6987127065658569	86.0	1e-06
98	8	1172	0.6813544631004333	82.0	1e-06
98	9	1173	0.7701331973075867	78.0	1e-06
98	10	1174	0.6548629999160767	74.0	1e-06
98	11	1175	0.7764320373535156	78.0	1e-06
98	12	1176	0.6318026781082153	75.55555555555556	1e-06
99	1	1177	1.0485368967056274	74.0	1e-06
99	2	1178	0.5577633380889893	84.0	1e-06
99	3	1179	0.7918788194656372	82.0	1e-06
99	4	1180	1.04733145236969	76.0	1e-06
99	5	1181	0.7361646294593811	76.0	1e-06
99	6	1182	0.6029677391052246	84.0	1e-06
99	7	1183	1.1817704439163208	70.0	1e-06
99	8	1184	0.6909609436988831	86.0	1e-06
99	9	1185	0.9329349398612976	78.0	1e-06
99	10	1186	0.8101045489311218	78.0	1e-06
99	11	1187	0.8808966279029846	74.0	1e-06
99	12	1188	0.6214434504508972	77.77777777777777	1e-06
100	1	1189	0.867868185043335	72.0	1e-06
100	2	1190	0.6833975315093994	82.0	1e-06
100	3	1191	0.5659480094909668	80.0	1e-06
100	4	1192	0.8315073251724243	72.0	1e-06
100	5	1193	0.8465551733970642	74.0	1e-06
100	6	1194	0.670920193195343	80.0	1e-06
100	7	1195	0.9208479523658752	70.0	1e-06
100	8	1196	0.6764881014823914	78.0	1e-06
100	9	1197	0.5322522521018982	84.0	1e-06
100	10	1198	0.9018366932868958	78.0	1e-06
100	11	1199	0.5545978546142578	90.0	1e-06
100	12	1200	0.9500206708908081	75.55555555555556	1e-06
101	1	1201	0.343049556016922	88.0	1e-06
101	2	1202	0.7158389091491699	72.0	1e-06
101	3	1203	0.6518784165382385	82.0	1e-06
101	4	1204	0.7788540124893188	78.0	1e-06
101	5	1205	0.7518839836120605	78.0	1e-06
101	6	1206	0.7084162831306458	74.0	1e-06
101	7	1207	0.7863944172859192	78.0	1e-06
101	8	1208	0.861371636390686	74.0	1e-06
101	9	1209	0.6900781393051147	80.0	1e-06
101	10	1210	0.9262076020240784	76.0	1e-06
101	11	1211	1.5094784498214722	66.0	1e-06
101	12	1212	0.8283451795578003	84.44444444444444	1e-06
102	1	1213	0.731904923915863	84.0	1e-06
102	2	1214	0.6983125805854797	78.0	1e-06
102	3	1215	0.5615089535713196	86.0	1e-06
102	4	1216	0.7839235067367554	80.0	1e-06
102	5	1217	0.48691290616989136	90.0	1e-06
102	6	1218	0.7377957105636597	80.0	1e-06
102	7	1219	0.7298271656036377	76.0	1e-06
102	8	1220	0.9012708067893982	78.0	1e-06
102	9	1221	0.6254624128341675	80.0	1e-06
102	10	1222	1.088316559791565	60.0	1e-06
102	11	1223	1.0243302583694458	66.0	1e-06
102	12	1224	0.7789542078971863	75.55555555555556	1e-06
103	1	1225	0.7052385210990906	80.0	1e-06
103	2	1226	0.8115811347961426	80.0	1e-06
103	3	1227	0.5944177508354187	80.0	1e-06
103	4	1228	0.6919171214103699	76.0	1e-06
103	5	1229	0.960635781288147	76.0	1e-06
103	6	1230	0.7414431571960449	82.0	1e-06
103	7	1231	0.8025752305984497	74.0	1e-06
103	8	1232	0.7904158234596252	74.0	1e-06
103	9	1233	0.5886756777763367	78.0	1e-06
103	10	1234	0.7937252521514893	76.0	1e-06
103	11	1235	0.6442854404449463	74.0	1e-06
103	12	1236	0.6054002046585083	82.22222222222223	1e-06
104	1	1237	0.7338441610336304	78.0	1e-06
104	2	1238	0.8962167501449585	72.0	1e-06
104	3	1239	0.5642476677894592	88.0	1e-06
104	4	1240	0.608453094959259	86.0	1e-06
104	5	1241	1.1571996212005615	62.0	1e-06
104	6	1242	0.8333802819252014	70.0	1e-06
104	7	1243	0.4870702028274536	88.0	1e-06
104	8	1244	0.5268590450286865	84.0	1e-06
104	9	1245	0.454863041639328	88.0	1e-06
104	10	1246	0.7026636600494385	80.0	1e-06
104	11	1247	1.0438106060028076	66.0	1e-06
104	12	1248	1.0838533639907837	73.33333333333333	1e-06
105	1	1249	0.6664021015167236	84.0	1e-06
105	2	1250	0.6542026996612549	78.0	1e-06
105	3	1251	0.622378408908844	80.0	1e-06
105	4	1252	0.7853888869285583	82.0	1e-06
105	5	1253	0.4512173533439636	88.0	1e-06
105	6	1254	0.8644754886627197	80.0	1e-06
105	7	1255	0.8173788189888	70.0	1e-06
105	8	1256	0.6396490931510925	78.0	1e-06
105	9	1257	1.073918342590332	64.0	1e-06
105	10	1258	0.5852735638618469	86.0	1e-06
105	11	1259	0.9225630164146423	80.0	1e-06
105	12	1260	1.0406900644302368	64.44444444444444	1e-06
106	1	1261	0.9302805066108704	70.0	1e-06
106	2	1262	0.6566407084465027	80.0	1e-06
106	3	1263	0.8589689135551453	70.0	1e-06
106	4	1264	0.21792609989643097	94.0	1e-06
106	5	1265	0.689978837966919	82.0	1e-06
106	6	1266	0.8055371046066284	72.0	1e-06
106	7	1267	1.11941397190094	66.0	1e-06
106	8	1268	0.41785743832588196	92.0	1e-06
106	9	1269	0.8424511551856995	74.0	1e-06
106	10	1270	0.8189805746078491	70.0	1e-06
106	11	1271	0.6599615216255188	84.0	1e-06
106	12	1272	0.7218424677848816	77.77777777777777	1e-06
107	1	1273	0.767764151096344	74.0	1e-06
107	2	1274	0.5299165844917297	82.0	1e-06
107	3	1275	0.488089919090271	88.0	1e-06
107	4	1276	0.7617425322532654	80.0	1e-06
107	5	1277	0.6376675367355347	82.0	1e-06
107	6	1278	0.5141074657440186	86.0	1e-06
107	7	1279	1.027001976966858	76.0	1e-06
107	8	1280	0.8914293050765991	74.0	1e-06
107	9	1281	0.9614002108573914	70.0	1e-06
107	10	1282	0.567573070526123	82.0	1e-06
107	11	1283	0.766798734664917	76.0	1e-06
107	12	1284	0.5557680130004883	86.66666666666667	1e-06
108	1	1285	0.7668789029121399	80.0	1e-06
108	2	1286	0.5462141633033752	86.0	1e-06
108	3	1287	0.7847943305969238	78.0	1e-06
108	4	1288	0.9599876999855042	72.0	1e-06
108	5	1289	0.8652954697608948	74.0	1e-06
108	6	1290	1.0330256223678589	70.0	1e-06
108	7	1291	0.7909504175186157	82.0	1e-06
108	8	1292	0.9976189136505127	74.0	1e-06
108	9	1293	0.8207240104675293	74.0	1e-06
108	10	1294	0.6911425590515137	74.0	1e-06
108	11	1295	0.6238090991973877	84.0	1e-06
108	12	1296	0.9068731665611267	71.11111111111111	1e-06
109	1	1297	0.8572074770927429	76.0	1e-06
109	2	1298	0.5835510492324829	86.0	1e-06
109	3	1299	0.7319005727767944	82.0	1e-06
109	4	1300	0.729316234588623	78.0	1e-06
109	5	1301	0.6525045037269592	78.0	1e-06
109	6	1302	0.7926098704338074	78.0	1e-06
109	7	1303	0.8889628052711487	72.0	1e-06
109	8	1304	0.7393829822540283	82.0	1e-06
109	9	1305	0.7787352800369263	80.0	1e-06
109	10	1306	0.9077352285385132	78.0	1e-06
109	11	1307	0.7793341875076294	82.0	1e-06
109	12	1308	0.9534821510314941	71.11111111111111	1e-06
110	1	1309	0.8525173664093018	70.0	1e-06
110	2	1310	0.9277957677841187	66.0	1e-06
110	3	1311	0.48835915327072144	82.0	1e-06
110	4	1312	0.9722105264663696	64.0	1e-06
110	5	1313	0.7486943602561951	82.0	1e-06
110	6	1314	0.5465595126152039	84.0	1e-06
110	7	1315	0.47183167934417725	88.0	1e-06
110	8	1316	0.897146999835968	74.0	1e-06
110	9	1317	0.39922988414764404	88.0	1e-06
110	10	1318	0.9122290015220642	72.0	1e-06
110	11	1319	0.8004934787750244	82.0	1e-06
110	12	1320	0.7578679323196411	86.66666666666667	1e-06
111	1	1321	0.6432937383651733	86.0	1e-06
111	2	1322	0.689369797706604	74.0	1e-06
111	3	1323	0.7460998296737671	84.0	1e-06
111	4	1324	0.5011064410209656	80.0	1e-06
111	5	1325	0.5456839799880981	84.0	1e-06
111	6	1326	0.7980399131774902	78.0	1e-06
111	7	1327	0.8779386878013611	72.0	1e-06
111	8	1328	0.9299885034561157	64.0	1e-06
111	9	1329	0.8461281061172485	78.0	1e-06
111	10	1330	0.6485832333564758	80.0	1e-06
111	11	1331	0.39215779304504395	92.0	1e-06
111	12	1332	0.6796278357505798	77.77777777777777	1e-06
112	1	1333	0.8198168277740479	76.0	1e-06
112	2	1334	0.8384443521499634	70.0	1e-06
112	3	1335	0.7428457736968994	78.0	1e-06
112	4	1336	0.833221435546875	70.0	1e-06
112	5	1337	0.5879831910133362	80.0	1e-06
112	6	1338	0.7558737993240356	74.0	1e-06
112	7	1339	0.5524295568466187	88.0	1e-06
112	8	1340	0.4934297502040863	84.0	1e-06
112	9	1341	0.9193929433822632	78.0	1e-06
112	10	1342	1.1849550008773804	64.0	1e-06
112	11	1343	0.5904524326324463	82.0	1e-06
112	12	1344	0.5973940491676331	82.22222222222223	1e-06
113	1	1345	0.4858364760875702	88.0	1e-06
113	2	1346	0.7375342845916748	78.0	1e-06
113	3	1347	0.6917764544487	82.0	1e-06
113	4	1348	0.6120035648345947	82.0	1e-06
113	5	1349	0.42985403537750244	90.0	1e-06
113	6	1350	0.5823386311531067	82.0	1e-06
113	7	1351	0.7256707549095154	74.0	1e-06
113	8	1352	0.6670618653297424	78.0	1e-06
113	9	1353	0.9368346333503723	78.0	1e-06
113	10	1354	0.6808046698570251	70.0	1e-06
113	11	1355	0.4735325872898102	92.0	1e-06
113	12	1356	0.703336238861084	82.22222222222223	1e-06
114	1	1357	0.5695185661315918	80.0	1e-06
114	2	1358	0.8529553413391113	74.0	1e-06
114	3	1359	0.6176512241363525	82.0	1e-06
114	4	1360	0.8255339860916138	72.0	1e-06
114	5	1361	0.5155047178268433	82.0	1e-06
114	6	1362	0.8368069529533386	78.0	1e-06
114	7	1363	0.8174166083335876	74.0	1e-06
114	8	1364	0.5149816274642944	88.0	1e-06
114	9	1365	0.5866750478744507	84.0	1e-06
114	10	1366	0.6478914618492126	78.0	1e-06
114	11	1367	0.49317073822021484	90.0	1e-06
114	12	1368	0.7724964618682861	77.77777777777777	1e-06
115	1	1369	0.917174220085144	76.0	1e-06
115	2	1370	0.4770681858062744	86.0	1e-06
115	3	1371	0.7246308326721191	82.0	1e-06
115	4	1372	0.7423280477523804	80.0	1e-06
115	5	1373	0.5983507633209229	80.0	1e-06
115	6	1374	0.5988650321960449	80.0	1e-06
115	7	1375	0.5093746781349182	80.0	1e-06
115	8	1376	0.9723823070526123	74.0	1e-06
115	9	1377	0.7436536550521851	74.0	1e-06
115	10	1378	1.2353248596191406	52.0	1e-06
115	11	1379	0.8222032785415649	74.0	1e-06
115	12	1380	0.6528015732765198	84.44444444444444	1e-06
116	1	1381	0.8706849813461304	72.0	1e-06
116	2	1382	0.9170568585395813	70.0	1e-06
116	3	1383	0.6463077068328857	86.0	1e-06
116	4	1384	0.6037005186080933	82.0	1e-06
116	5	1385	0.30737167596817017	94.0	1e-06
116	6	1386	0.654346227645874	82.0	1e-06
116	7	1387	0.678587794303894	72.0	1e-06
116	8	1388	0.730935275554657	82.0	1e-06
116	9	1389	0.6622274518013	86.0	1e-06
116	10	1390	0.36254531145095825	90.0	1e-06
116	11	1391	0.6719992160797119	76.0	1e-06
116	12	1392	0.712537407875061	77.77777777777777	1e-06
117	1	1393	0.4625544250011444	90.0	1e-06
117	2	1394	0.7965747117996216	76.0	1e-06
117	3	1395	0.710918664932251	78.0	1e-06
117	4	1396	0.6592707633972168	78.0	1e-06
117	5	1397	0.5861770510673523	86.0	1e-06
117	6	1398	0.7377076148986816	76.0	1e-06
117	7	1399	0.3802904188632965	88.0	1e-06
117	8	1400	0.6194758415222168	82.0	1e-06
117	9	1401	0.9310007691383362	70.0	1e-06
117	10	1402	0.5811132192611694	86.0	1e-06
117	11	1403	0.6726377606391907	88.0	1e-06
117	12	1404	0.5546501874923706	75.55555555555556	1e-06
118	1	1405	0.8101073503494263	80.0	1e-06
118	2	1406	0.7019475698471069	84.0	1e-06
118	3	1407	0.9340366125106812	70.0	1e-06
118	4	1408	0.495912104845047	82.0	1e-06
118	5	1409	0.7340080142021179	80.0	1e-06
118	6	1410	0.7061225175857544	74.0	1e-06
118	7	1411	0.5961975455284119	82.0	1e-06
118	8	1412	0.6328442096710205	80.0	1e-06
118	9	1413	0.7822890281677246	80.0	1e-06
118	10	1414	0.4759182333946228	84.0	1e-06
118	11	1415	1.222357153892517	74.0	1e-06
118	12	1416	0.4161510765552521	86.66666666666667	1e-06
119	1	1417	0.5294510126113892	82.0	1e-06
119	2	1418	0.6231921315193176	82.0	1e-06
119	3	1419	0.4061488211154938	86.0	1e-06
119	4	1420	0.48010215163230896	86.0	1e-06
119	5	1421	0.6125309467315674	86.0	1e-06
119	6	1422	1.017125129699707	74.0	1e-06
119	7	1423	0.5991858839988708	88.0	1e-06
119	8	1424	0.6819337606430054	78.0	1e-06
119	9	1425	0.9695834517478943	70.0	1e-06
119	10	1426	0.37233966588974	88.0	1e-06
119	11	1427	0.7301711440086365	78.0	1e-06
119	12	1428	0.4930088520050049	86.66666666666667	1e-06
120	1	1429	0.923367977142334	74.0	1e-06
120	2	1430	0.975991427898407	74.0	1e-06
120	3	1431	0.48676544427871704	92.0	1e-06
120	4	1432	0.7962455749511719	76.0	1e-06
120	5	1433	0.48240551352500916	86.0	1e-06
120	6	1434	0.493819922208786	86.0	1e-06
120	7	1435	0.7853352427482605	76.0	1e-06
120	8	1436	0.5184206962585449	84.0	1e-06
120	9	1437	0.9395849704742432	70.0	1e-06
120	10	1438	0.9162625670433044	74.0	1e-06
120	11	1439	0.37246212363243103	90.0	1e-06
120	12	1440	0.5912638902664185	84.44444444444444	1e-06
121	1	1441	0.4377078115940094	82.0	1e-06
121	2	1442	0.8119720220565796	70.0	1e-06
121	3	1443	0.6880122423171997	76.0	1e-06
121	4	1444	0.9949405789375305	70.0	1e-06
121	5	1445	0.424596905708313	86.0	1e-06
121	6	1446	0.6148293018341064	84.0	1e-06
121	7	1447	0.4302525818347931	88.0	1e-06
121	8	1448	0.8207032680511475	72.0	1e-06
121	9	1449	0.5485348701477051	86.0	1e-06
121	10	1450	0.7309942841529846	76.0	1e-06
121	11	1451	0.642529308795929	78.0	1e-06
121	12	1452	0.6730623841285706	80.0	1e-06
122	1	1453	0.37427040934562683	86.0	1e-06
122	2	1454	0.6426577568054199	84.0	1e-06
122	3	1455	1.3779429197311401	68.0	1e-06
122	4	1456	0.446959912776947	84.0	1e-06
122	5	1457	0.8033600449562073	74.0	1e-06
122	6	1458	0.8346242308616638	78.0	1e-06
122	7	1459	0.4651576280593872	86.0	1e-06
122	8	1460	0.5200745463371277	84.0	1e-06
122	9	1461	0.7332112789154053	78.0	1e-06
122	10	1462	0.5341333746910095	80.0	1e-06
122	11	1463	0.7953072190284729	80.0	1e-06
122	12	1464	0.5395449995994568	84.44444444444444	1e-06
123	1	1465	0.6630693078041077	80.0	1e-06
123	2	1466	0.5381815433502197	88.0	1e-06
123	3	1467	0.7089465856552124	78.0	1e-06
123	4	1468	0.7909719944000244	76.0	1e-06
123	5	1469	0.5319368839263916	82.0	1e-06
123	6	1470	0.606009840965271	84.0	1e-06
123	7	1471	0.5766915678977966	82.0	1e-06
123	8	1472	0.8623182773590088	64.0	1e-06
123	9	1473	0.47195255756378174	86.0	1e-06
123	10	1474	0.47895920276641846	88.0	1e-06
123	11	1475	0.5090551972389221	84.0	1e-06
123	12	1476	0.6613527536392212	75.55555555555556	1e-06
124	1	1477	0.5872827768325806	82.0	1e-06
124	2	1478	0.6752936840057373	84.0	1e-06
124	3	1479	0.8630470037460327	70.0	1e-06
124	4	1480	1.014033317565918	74.0	1e-06
124	5	1481	0.8651698231697083	68.0	1e-06
124	6	1482	0.7527544498443604	72.0	1e-06
124	7	1483	0.7306907773017883	76.0	1e-06
124	8	1484	0.6029560565948486	80.0	1e-06
124	9	1485	0.5804271697998047	86.0	1e-06
124	10	1486	0.5143978595733643	84.0	1e-06
124	11	1487	0.45497381687164307	86.0	1e-06
124	12	1488	0.5802271366119385	77.77777777777777	1e-06
125	1	1489	0.59834885597229	78.0	1e-06
125	2	1490	0.4993499517440796	84.0	1e-06
125	3	1491	0.5546073317527771	82.0	1e-06
125	4	1492	0.547374963760376	80.0	1e-06
125	5	1493	0.3836800754070282	90.0	1e-06
125	6	1494	0.6419656276702881	84.0	1e-06
125	7	1495	0.7145837545394897	76.0	1e-06
125	8	1496	0.8833665251731873	72.0	1e-06
125	9	1497	0.7864930629730225	78.0	1e-06
125	10	1498	0.5845949649810791	82.0	1e-06
125	11	1499	0.8191575407981873	68.0	1e-06
125	12	1500	0.9042374491691589	71.11111111111111	1e-06
126	1	1501	0.4486083984375	86.0	1e-06
126	2	1502	0.7682536840438843	78.0	1e-06
126	3	1503	0.6165229678153992	88.0	1e-06
126	4	1504	0.86334627866745	74.0	1e-06
126	5	1505	0.4674088954925537	86.0	1e-06
126	6	1506	0.7363935112953186	80.0	1e-06
126	7	1507	0.5163061022758484	78.0	1e-06
126	8	1508	0.596116304397583	80.0	1e-06
126	9	1509	1.0448395013809204	74.0	1e-06
126	10	1510	0.7135845422744751	72.0	1e-06
126	11	1511	0.593268871307373	80.0	1e-06
126	12	1512	0.6427686214447021	73.33333333333333	1e-06
127	1	1513	0.5748770236968994	86.0	1e-06
127	2	1514	0.6557570099830627	72.0	1e-06
127	3	1515	0.5472565293312073	86.0	1e-06
127	4	1516	0.5639286637306213	80.0	1e-06
127	5	1517	0.7107946276664734	76.0	1e-06
127	6	1518	0.48570355772972107	86.0	1e-06
127	7	1519	0.8651302456855774	66.0	1e-06
127	8	1520	0.6878545880317688	86.0	1e-06
127	9	1521	0.45591312646865845	94.0	1e-06
127	10	1522	0.6262720823287964	88.0	1e-06
127	11	1523	0.6139420866966248	80.0	1e-06
127	12	1524	0.6306727528572083	82.22222222222223	1e-06
128	1	1525	0.7167201042175293	82.0	1e-06
128	2	1526	0.3973326086997986	86.0	1e-06
128	3	1527	0.7151996493339539	84.0	1e-06
128	4	1528	0.6031023263931274	80.0	1e-06
128	5	1529	0.7685574889183044	74.0	1e-06
128	6	1530	0.7075977325439453	80.0	1e-06
128	7	1531	0.8022207617759705	74.0	1e-06
128	8	1532	0.5813080668449402	76.0	1e-06
128	9	1533	0.6347913146018982	80.0	1e-06
128	10	1534	0.4560915231704712	84.0	1e-06
128	11	1535	0.5940920114517212	82.0	1e-06
128	12	1536	0.5567066669464111	88.88888888888889	1e-06
129	1	1537	0.5527709722518921	86.0	1e-06
129	2	1538	0.8052780032157898	76.0	1e-06
129	3	1539	0.6970443725585938	78.0	1e-06
129	4	1540	0.6148438453674316	86.0	1e-06
129	5	1541	0.6790515780448914	76.0	1e-06
129	6	1542	0.9364128112792969	72.0	1e-06
129	7	1543	0.3730127811431885	88.0	1e-06
129	8	1544	0.6137521862983704	82.0	1e-06
129	9	1545	0.6328423023223877	82.0	1e-06
129	10	1546	0.5769171714782715	78.0	1e-06
129	11	1547	0.8699902892112732	74.0	1e-06
129	12	1548	0.6116693019866943	80.0	1e-06
130	1	1549	0.8647533655166626	66.0	1e-06
130	2	1550	0.34424906969070435	92.0	1e-06
130	3	1551	0.5656138062477112	84.0	1e-06
130	4	1552	0.7695252895355225	74.0	1e-06
130	5	1553	0.4899658262729645	82.0	1e-06
130	6	1554	0.6673629283905029	80.0	1e-06
130	7	1555	0.619738757610321	84.0	1e-06
130	8	1556	0.5737089514732361	86.0	1e-06
130	9	1557	0.739757776260376	80.0	1e-06
130	10	1558	0.47283855080604553	90.0	1e-06
130	11	1559	0.6040393114089966	80.0	1e-06
130	12	1560	0.28190502524375916	93.33333333333333	1e-06
131	1	1561	0.6220510601997375	74.0	1e-06
131	2	1562	0.45823052525520325	82.0	1e-06
131	3	1563	0.7520982623100281	76.0	1e-06
131	4	1564	0.5129797458648682	86.0	1e-06
131	5	1565	0.6687256693840027	78.0	1e-06
131	6	1566	0.3591703772544861	94.0	1e-06
131	7	1567	0.9226780533790588	76.0	1e-06
131	8	1568	0.4855648875236511	84.0	1e-06
131	9	1569	0.5348953008651733	90.0	1e-06
131	10	1570	0.4957863986492157	88.0	1e-06
131	11	1571	0.7276807427406311	80.0	1e-06
131	12	1572	0.2934933304786682	91.11111111111111	1e-06
132	1	1573	0.5001704692840576	86.0	1e-06
132	2	1574	0.6902896761894226	84.0	1e-06
132	3	1575	0.6624717712402344	76.0	1e-06
132	4	1576	0.662189781665802	76.0	1e-06
132	5	1577	0.8184576630592346	76.0	1e-06
132	6	1578	0.6736758947372437	86.0	1e-06
132	7	1579	0.5331897139549255	86.0	1e-06
132	8	1580	0.7378363013267517	82.0	1e-06
132	9	1581	0.4789412021636963	82.0	1e-06
132	10	1582	0.4304826259613037	88.0	1e-06
132	11	1583	0.48344215750694275	88.0	1e-06
132	12	1584	0.44073307514190674	86.66666666666667	1e-06
133	1	1585	0.7300204634666443	74.0	1e-06
133	2	1586	0.5750381946563721	84.0	1e-06
133	3	1587	0.4515153169631958	90.0	1e-06
133	4	1588	0.555622398853302	84.0	1e-06
133	5	1589	0.6088100671768188	80.0	1e-06
133	6	1590	0.6674778461456299	76.0	1e-06
133	7	1591	0.6152013540267944	86.0	1e-06
133	8	1592	0.6226009726524353	80.0	1e-06
133	9	1593	0.8696319460868835	74.0	1e-06
133	10	1594	0.8301306366920471	74.0	1e-06
133	11	1595	0.41391217708587646	84.0	1e-06
133	12	1596	0.5040634274482727	86.66666666666667	1e-06
134	1	1597	0.7971610426902771	78.0	1e-06
134	2	1598	0.7598169445991516	72.0	1e-06
134	3	1599	0.841910183429718	74.0	1e-06
134	4	1600	0.8415228128433228	70.0	1e-06
134	5	1601	0.46673232316970825	82.0	1e-06
134	6	1602	0.8571363091468811	76.0	1e-06
134	7	1603	0.8822048902511597	84.0	1e-06
134	8	1604	0.4808084964752197	86.0	1e-06
134	9	1605	0.3874673545360565	88.0	1e-06
134	10	1606	0.46457985043525696	80.0	1e-06
134	11	1607	0.5428839325904846	76.0	1e-06
134	12	1608	0.8150132298469543	73.33333333333333	1e-06
135	1	1609	0.5222460627555847	80.0	1e-06
135	2	1610	0.8452088236808777	78.0	1e-06
135	3	1611	0.5535968542098999	84.0	1e-06
135	4	1612	0.7468172311782837	74.0	1e-06
135	5	1613	0.4562477171421051	90.0	1e-06
135	6	1614	0.6223697662353516	80.0	1e-06
135	7	1615	0.41958725452423096	86.0	1e-06
135	8	1616	0.501472532749176	84.0	1e-06
135	9	1617	0.6415945291519165	76.0	1e-06
135	10	1618	0.4517882466316223	90.0	1e-06
135	11	1619	0.5081892013549805	86.0	1e-06
135	12	1620	0.7816897630691528	82.22222222222223	1e-06
136	1	1621	0.7550489902496338	80.0	1e-06
136	2	1622	0.39886119961738586	86.0	1e-06
136	3	1623	0.6159714460372925	82.0	1e-06
136	4	1624	0.590053915977478	76.0	1e-06
136	5	1625	0.5598146319389343	86.0	1e-06
136	6	1626	0.5971522331237793	86.0	1e-06
136	7	1627	0.5281432271003723	84.0	1e-06
136	8	1628	0.5968040227890015	82.0	1e-06
136	9	1629	0.5941236019134521	80.0	1e-06
136	10	1630	0.5179080367088318	82.0	1e-06
136	11	1631	0.5042256712913513	84.0	1e-06
136	12	1632	0.3712078928947449	88.88888888888889	1e-06
137	1	1633	0.5120251178741455	84.0	1e-06
137	2	1634	0.29564937949180603	92.0	1e-06
137	3	1635	0.5668697357177734	80.0	1e-06
137	4	1636	0.4881765842437744	86.0	1e-06
137	5	1637	0.8095343708992004	72.0	1e-06
137	6	1638	0.3512885570526123	92.0	1e-06
137	7	1639	0.48184433579444885	86.0	1e-06
137	8	1640	0.6327340006828308	86.0	1e-06
137	9	1641	0.5825281739234924	84.0	1e-06
137	10	1642	0.5370034575462341	82.0	1e-06
137	11	1643	0.5984788537025452	88.0	1e-06
137	12	1644	0.9787564873695374	71.11111111111111	1e-06
138	1	1645	0.7079877257347107	74.0	1e-06
138	2	1646	0.5820112824440002	78.0	1e-06
138	3	1647	0.455770879983902	86.0	1e-06
138	4	1648	0.5583822727203369	84.0	1e-06
138	5	1649	0.6245265007019043	84.0	1e-06
138	6	1650	0.7867297530174255	70.0	1e-06
138	7	1651	0.78455650806427	78.0	1e-06
138	8	1652	0.5782431960105896	84.0	1e-06
138	9	1653	0.5905190706253052	78.0	1e-06
138	10	1654	0.5402794480323792	82.0	1e-06
138	11	1655	0.5156391859054565	82.0	1e-06
138	12	1656	0.8809351325035095	71.11111111111111	1e-06
139	1	1657	0.5143491625785828	80.0	1e-06
139	2	1658	0.6276062726974487	84.0	1e-06
139	3	1659	0.4652491509914398	86.0	1e-06
139	4	1660	0.42666614055633545	88.0	1e-06
139	5	1661	0.800051748752594	74.0	1e-06
139	6	1662	0.6235975027084351	86.0	1e-06
139	7	1663	0.6248891949653625	78.0	1e-06
