epoch	loss	acc	lr
1	2.3283266235638216	6.358381502890174	2e-06
2	2.266218171643384	10.789980732177264	2e-06
3	2.2133770485144817	26.204238921001927	2e-06
4	2.1629852513587084	36.030828516377646	2e-06
5	2.1042594928043195	43.93063583815029	2e-06
6	2.06538335849784	45.664739884393065	2e-06
7	2.0172689957885153	49.32562620423892	2e-06
8	1.9844755235205267	50.28901734104046	2e-06
9	1.931302615902557	53.564547206165706	2e-06
10	1.8954405697324601	51.63776493256262	2e-06
11	1.8713209573933154	55.10597302504817	2e-06
12	1.8452608957456027	54.335260115606935	2e-06
13	1.815441690658099	54.527938342967246	2e-06
14	1.769878699600352	57.41811175337187	2e-06
15	1.7474673892261894	57.41811175337187	2e-06
16	1.726467901801328	56.84007707129094	2e-06
17	1.6803821228832179	58.188824662813104	2e-06
18	1.6609271530471097	58.57418111753372	2e-06
19	1.6354647840378602	59.152215799614645	2e-06
20	1.6005373053927412	60.5009633911368	2e-06
21	1.5912132520436781	58.57418111753372	2e-06
22	1.570063107045859	59.73025048169557	2e-06
23	1.5442389879153184	61.27167630057804	2e-06
24	1.5383018546940503	60.5009633911368	2e-06
25	1.51192811389879	60.886319845857415	2e-06
26	1.5060564587341339	60.5009633911368	2e-06
27	1.4957064194945702	60.5009633911368	2e-06
28	1.4711016159296495	60.308285163776496	2e-06
29	1.4641686971936383	60.308285163776496	2e-06
30	1.4625391429559345	60.69364161849711	2e-06
31	1.4561366162088796	60.308285163776496	2e-06
32	1.4246589889416117	61.46435452793834	2e-06
33	1.431256874448302	59.53757225433526	2e-06
34	1.4206408239283772	62.42774566473989	2e-06
35	1.4060770010213173	62.42774566473989	2e-06
36	1.3853346890337435	62.62042389210019	2e-06
37	1.4058908212621317	61.65703275529865	2e-06
38	1.3860640608506396	62.42774566473989	2e-06
39	1.3705232825582427	62.42774566473989	2e-06
40	1.3783991116319778	61.46435452793834	2e-06
41	1.366165567225344	62.62042389210019	2e-06
42	1.371607652978401	62.62042389210019	2e-06
43	1.3432751363412494	62.8131021194605	2e-06
44	1.348805316381142	63.39113680154143	2e-06
45	1.330978559850498	63.19845857418112	2e-06
46	1.3287616042502812	62.8131021194605	2e-06
47	1.3172552957700168	63.77649325626204	2e-06
48	1.3108442493486496	64.35452793834297	2e-06
49	1.2943401699580668	64.35452793834297	2e-06
50	1.2841667644320656	65.3179190751445	2e-06
51	1.284404668504792	64.54720616570327	2e-06
52	1.2876833112253618	64.54720616570327	2e-06
53	1.2818758790892673	64.16184971098266	2e-06
54	1.2737486164923577	64.35452793834297	2e-06
55	1.2791237243108438	63.005780346820806	2e-06
56	1.2734015465701476	64.54720616570327	2e-06
57	1.2394861653590707	65.3179190751445	2e-06
58	1.254435220205715	65.1252408477842	2e-06
59	1.229367654562456	65.51059730250482	2e-06
60	1.2283884247833134	65.51059730250482	2e-06
61	1.2093731729970503	66.28131021194605	2e-06
62	1.2191906375002999	65.70327552986512	2e-06
63	1.2354206308464095	65.1252408477842	2e-06
64	1.22489374979383	65.89595375722543	2e-06
65	1.189952518439247	65.51059730250482	2e-06
66	1.2015772313740902	65.70327552986512	2e-06
67	1.1893121291217548	66.28131021194605	2e-06
68	1.1719140999579016	67.05202312138728	2e-06
69	1.2018352358786817	64.73988439306359	2e-06
70	1.1511549683205196	65.89595375722543	2e-06
71	1.1628711370604117	66.28131021194605	2e-06
72	1.1264073203294493	67.4373795761079	2e-06
73	1.1508371864440123	65.3179190751445	2e-06
74	1.1538958675829203	67.2447013487476	2e-06
75	1.1134363059133923	66.08863198458575	2e-06
76	1.1290844785684795	65.51059730250482	2e-06
77	1.1238591847851556	65.89595375722543	2e-06
78	1.1185198845431525	66.47398843930635	2e-06
79	1.11987556979376	65.89595375722543	2e-06
80	1.0880131614690571	67.82273603082852	2e-06
81	1.0704696991540104	68.40077071290943	2e-06
82	1.087481115135384	67.6300578034682	2e-06
83	1.0613911845550832	69.17148362235068	2e-06
84	1.0322044598573894	69.55684007707129	2e-06
85	1.035369812638314	69.36416184971098	2e-06
86	1.0619890891977357	67.82273603082852	2e-06
87	1.0162748374001829	68.20809248554913	2e-06
88	1.024865810352024	68.78612716763006	2e-06
89	1.015917744939727	69.36416184971098	2e-06
90	1.000676915135687	68.59344894026975	2e-06
91	0.9719001220140843	71.29094412331406	2e-06
92	0.9618291967406668	70.32755298651253	2e-06
93	0.9549365385878752	70.13487475915221	2e-06
94	0.928412584211096	72.06165703275529	2e-06
95	0.9826517633390335	68.97880539499036	2e-06
96	0.932920883386351	70.32755298651253	2e-06
97	0.9161143656640613	71.48362235067438	2e-06
98	0.9295126261738683	73.02504816955684	2e-06
99	0.8900556300187157	72.25433526011561	2e-06
100	0.8912992897750325	73.79576107899807	2e-06
101	0.8758729279385826	72.44701348747591	2e-06
102	0.8899050379075066	73.02504816955684	2e-06
103	0.8558831276921178	74.56647398843931	2e-06
104	0.858184475200484	74.75915221579962	2e-06
105	0.8695361795682668	73.98843930635839	2e-06
106	0.8499666249131881	73.02504816955684	2e-06
107	0.8768074514778593	72.44701348747591	2e-06
108	0.8476873683332249	74.373795761079	2e-06
109	0.8613320802677573	71.86897880539499	2e-06
110	0.8086794805434857	75.52986512524085	2e-06
111	0.8099871885340109	75.14450867052022	2e-06
112	0.787427651399822	75.33718689788054	2e-06
113	0.8400484828820348	73.60308285163777	2e-06
114	0.84281467426719	74.95183044315992	2e-06
115	0.7943434336281925	74.75915221579962	2e-06
116	0.7892367534325072	74.56647398843931	2e-06
117	0.8239002017616537	74.75915221579962	2e-06
118	0.8185082128511918	73.21772639691714	2e-06
119	0.7776814538389731	75.52986512524085	2e-06
120	0.7925432538021506	77.26396917148362	2e-06
121	0.8094954047359253	73.21772639691714	2e-06
122	0.799334203576766	75.14450867052022	2e-06
123	0.7682795554456913	75.72254335260115	2e-06
124	0.7780197420101864	76.10789980732177	2e-06
125	0.7640593574455937	75.33718689788054	2e-06
126	0.7827975230869301	74.95183044315992	2e-06
127	0.7357264950096263	74.373795761079	2e-06
128	0.7768053290701555	74.75915221579962	2e-06
129	0.7746292866608541	73.21772639691714	2e-06
130	0.7061946652757869	78.03468208092485	2e-06
131	0.7582384035536779	74.56647398843931	2e-06
132	0.7475979055972458	75.33718689788054	2e-06
133	0.7270987921597182	75.33718689788054	2e-06
134	0.7394393667549986	76.4932562620424	2e-06
135	0.7029482149204996	76.878612716763	2e-06
136	0.7282210311678333	76.4932562620424	2e-06
137	0.7340915551075357	76.10789980732177	2e-06
138	0.728603395997674	75.52986512524085	2e-06
139	0.7211566926886351	76.4932562620424	2e-06
140	0.6919952404751714	76.30057803468208	2e-06
141	0.7048108142465066	77.45664739884393	2e-06
142	0.7007529903239138	76.30057803468208	2e-06
143	0.6976563196650819	77.26396917148362	2e-06
144	0.6935001986104858	79.57610789980733	2e-06
145	0.6833415344960427	77.07129094412332	2e-06
146	0.687217677374566	77.64932562620425	2e-06
147	0.7114311635838768	77.26396917148362	2e-06
148	0.6500156208269858	78.42003853564547	2e-06
149	0.6697464459548795	77.64932562620425	2e-06
150	0.6583819586876959	79.1907514450867	2e-06
151	0.6749030163292711	78.22736030828517	2e-06
152	0.6852384659825952	77.07129094412332	2e-06
153	0.6776752947382845	77.07129094412332	2e-06
154	0.6591091624574165	80.15414258188825	2e-06
155	0.6444477083480886	77.45664739884393	2e-06
156	0.6224664499075196	78.03468208092485	2e-06
157	0.6313496349174852	79.96146435452793	2e-06
158	0.6697836792767622	77.84200385356455	2e-06
159	0.6504013655502672	78.61271676300578	2e-06
160	0.6509061222590923	80.34682080924856	2e-06
161	0.6463738171121748	78.22736030828517	2e-06
162	0.6252461388161646	79.57610789980733	2e-06
163	0.6243100186418706	81.11753371868978	2e-06
164	0.6583833671488973	78.80539499036608	2e-06
165	0.6147361940960894	80.34682080924856	2e-06
166	0.631788719079398	78.80539499036608	2e-06
167	0.5893523740745463	82.08092485549133	2e-06
168	0.6010068189891088	82.27360308285164	2e-06
169	0.6162750470615306	81.69556840077071	2e-06
170	0.6075708713375305	80.73217726396918	2e-06
171	0.6224790168405727	78.9980732177264	2e-06
172	0.6182030899905975	79.1907514450867	2e-06
173	0.6114676792267889	79.96146435452793	2e-06
174	0.5955399294349729	81.3102119460501	2e-06
175	0.6294376897214695	80.53949903660886	2e-06
176	0.5940282558430137	80.53949903660886	2e-06
177	0.5548306855163133	81.88824662813101	2e-06
178	0.6052338281118801	80.92485549132948	2e-06
179	0.6348749377364598	80.73217726396918	2e-07
180	0.6257893610781557	78.80539499036608	2e-07
181	0.6139231899570179	81.5028901734104	2e-07
182	0.583967219657751	81.11753371868978	2e-07
183	0.5702010907649075	81.69556840077071	2e-07
184	0.6331247099332497	79.38342967244701	2e-07
185	0.6055277627327539	78.42003853564547	2e-07
186	0.5926777814624397	80.34682080924856	2e-07
187	0.5842237842335637	79.57610789980733	2e-07
188	0.5629619590808891	83.04431599229287	2e-07
189	0.5910264908808045	81.3102119460501	2e-07
190	0.5879734060897533	81.3102119460501	2e-07
191	0.5789498236597388	81.88824662813101	2e-07
192	0.6218344445173452	79.57610789980733	2e-07
193	0.5855882007607146	79.57610789980733	2e-07
194	0.6088934808912075	79.96146435452793	2e-07
195	0.5647929495699373	82.46628131021194	2e-07
196	0.5653208991466	81.11753371868978	2e-07
197	0.5668924706979064	80.53949903660886	2e-07
198	0.5976334827483734	80.15414258188825	2e-07
199	0.5925619437974772	81.3102119460501	2e-07
200	0.5654051045461886	83.42967244701349	2e-07
201	0.5868055140581664	82.85163776493256	2e-07
202	0.5692128040657337	82.65895953757226	2e-07
203	0.5797124224820808	80.92485549132948	2e-07
204	0.5382120733316234	81.69556840077071	2e-07
205	0.5964437724308241	81.5028901734104	2e-07
206	0.6004044205122601	80.92485549132948	2e-07
207	0.6419097931628512	78.03468208092485	2e-07
208	0.5504134549456066	82.08092485549133	2e-07
209	0.5611553643480202	81.3102119460501	2e-07
210	0.609953906494758	80.34682080924856	2e-07
211	0.5783681368781882	81.69556840077071	2e-07
212	0.5809624558583849	81.88824662813101	2e-07
213	0.6025712486062206	81.69556840077071	2e-07
214	0.5548175589427323	82.85163776493256	2e-07
215	0.5729533306436042	82.08092485549133	2e-07
216	0.5244958988733605	84.20038535645472	2e-07
217	0.6203786990316388	78.9980732177264	2e-07
218	0.5786039217129378	81.5028901734104	2e-07
219	0.5650384836114211	81.5028901734104	2e-07
220	0.5325726790924292	82.85163776493256	2e-07
221	0.5491663069394283	82.27360308285164	2e-07
222	0.5726851271411587	82.27360308285164	2e-07
223	0.557905483452571	81.88824662813101	2e-07
224	0.5702566904713883	80.53949903660886	2e-07
225	0.5641443632930689	81.88824662813101	2e-07
226	0.5434788431046326	82.08092485549133	2e-07
227	0.5902674481818212	82.08092485549133	2e-07
228	0.6318524231800454	79.57610789980733	2e-07
229	0.5940065081868328	81.5028901734104	2e-07
230	0.5579147594971923	82.27360308285164	2e-08
231	0.6365015558424713	80.15414258188825	2e-08
232	0.5557654714768103	83.62235067437379	2e-08
233	0.594949452059347	80.73217726396918	2e-08
234	0.559682889251121	82.65895953757226	2e-08
235	0.5379806266010152	84.00770712909441	2e-08
236	0.5661691114851964	81.3102119460501	2e-08
237	0.5812550630413269	81.5028901734104	2e-08
238	0.5354181513161558	83.62235067437379	2e-08
239	0.5584781602857659	81.11753371868978	2e-08
240	0.5824255318540599	82.08092485549133	2e-08
241	0.571947228357282	80.73217726396918	2e-08
242	0.5991547421223855	82.08092485549133	2e-08
243	0.5959134480856747	81.3102119460501	2e-08
244	0.6109779148662251	79.76878612716763	2e-08
245	0.6047749697358162	79.1907514450867	2e-08
246	0.5601824798221073	81.69556840077071	2e-08
247	0.5629241258078228	82.27360308285164	2e-08
248	0.5791340395664664	80.53949903660886	2e-08
249	0.5768371232442543	80.34682080924856	2e-08
250	0.5405852945094394	82.65895953757226	2e-08
251	0.5893746315858727	80.34682080924856	2e-08
252	0.5478539335934413	83.23699421965318	2e-08
253	0.5632973113501003	83.23699421965318	2e-08
254	0.5615595364386865	82.27360308285164	2e-08
255	0.5716929682647103	80.34682080924856	2e-08
256	0.5850007506464258	82.46628131021194	2e-08
257	0.6036091209721244	79.38342967244701	2e-08
258	0.5804488283361313	81.88824662813101	2e-08
259	0.5477828546525886	82.85163776493256	2e-08
260	0.5591619025076056	83.81502890173411	2e-08
261	0.59550259797789	80.73217726396918	2e-08
262	0.5683615113499078	82.65895953757226	2e-08
263	0.5729126480617964	82.27360308285164	2e-08
264	0.5519993387894824	83.04431599229287	2e-08
265	0.5351459831860713	82.85163776493256	2e-08
266	0.5597406786530923	83.62235067437379	2e-08
267	0.5511770776700882	82.85163776493256	2e-08
268	0.5581057474792348	83.42967244701349	2e-08
269	0.5381078869391498	84.00770712909441	2e-08
270	0.557901771139777	81.69556840077071	2e-08
271	0.5780706139198847	81.3102119460501	2e-08
272	0.5847030821792882	81.5028901734104	2e-08
273	0.5592151275604447	81.3102119460501	2e-08
274	0.5554348744868314	80.15414258188825	2e-08
275	0.569931369870614	81.11753371868978	2e-08
276	0.5672232077415739	82.27360308285164	2e-08
277	0.540929890322088	82.27360308285164	2e-08
278	0.5631317784561127	81.11753371868978	2e-08
279	0.5390718726294119	82.46628131021194	2e-08
280	0.5503004713554602	82.85163776493256	2e-08
281	0.5658705584805366	81.3102119460501	2e-09
282	0.5385584694572038	83.42967244701349	2e-09
283	0.5990833108365421	79.96146435452793	2e-09
284	0.6311648206099839	79.96146435452793	2e-09
285	0.5657361520737811	82.08092485549133	2e-09
286	0.6214861735443159	79.1907514450867	2e-09
287	0.5663660392595854	82.65895953757226	2e-09
288	0.5406715916990086	83.62235067437379	2e-09
289	0.5344933234657626	82.65895953757226	2e-09
290	0.574550497221809	82.46628131021194	2e-09
291	0.5349105699903014	82.65895953757226	2e-09
292	0.550469151466568	81.3102119460501	2e-09
293	0.540895993309903	83.81502890173411	2e-09
294	0.533258615660989	84.39306358381504	2e-09
295	0.5883914794995376	79.96146435452793	2e-09
296	0.5516752798203558	82.08092485549133	2e-09
297	0.5617229042714731	82.27360308285164	2e-09
298	0.5708148323272235	82.08092485549133	2e-09
299	0.6000056747985942	81.11753371868978	2e-09
300	0.5645912945385384	82.65895953757226	2e-09
301	0.5452944898191904	83.23699421965318	2e-09
302	0.6054751809851512	80.15414258188825	2e-09
303	0.576151464486168	82.08092485549133	2e-09
304	0.5769040165953554	79.96146435452793	2e-09
305	0.5232826702167533	82.46628131021194	2e-09
306	0.552188935307409	81.69556840077071	2e-09
307	0.5838260697721287	80.15414258188825	2e-09
308	0.607847719523259	80.15414258188825	2e-09
309	0.5787043845952131	80.53949903660886	2e-09
310	0.5329029777146488	83.81502890173411	2e-09
311	0.5853877259931582	81.5028901734104	2e-09
312	0.5599400977638186	80.92485549132948	2e-09
313	0.5446185488002608	82.08092485549133	2e-09
314	0.5262563204489692	83.23699421965318	2e-09
315	0.5916021175696901	79.76878612716763	2e-09
316	0.5967692336595127	80.92485549132948	2e-09
317	0.5191078907262843	83.81502890173411	2e-09
318	0.5636888044188247	82.46628131021194	2e-09
319	0.6248770051838576	79.96146435452793	2e-09
320	0.5675156059063009	82.08092485549133	2e-09
321	0.5740199100534811	82.85163776493256	2e-09
322	0.5539781243355517	82.27360308285164	2e-09
323	0.5689527744962071	80.73217726396918	2e-09
324	0.5835420712110854	81.88824662813101	2e-09
325	0.5840833609733508	82.08092485549133	2e-09
326	0.5486158126810842	83.04431599229287	2e-09
327	0.5944717478200879	82.46628131021194	2e-09
328	0.5644813885693376	81.88824662813101	2e-09
329	0.5967379863551586	79.96146435452793	2e-09
330	0.5410407233789477	83.42967244701349	2e-09
331	0.5938773313698741	82.27360308285164	2e-09
332	0.5647322704337235	80.15414258188825	2e-09
333	0.5758513204164818	82.08092485549133	2e-09
334	0.5611083850350683	82.85163776493256	2e-09
335	0.5197579264640808	84.58574181117534	2e-09
336	0.607341316279189	80.92485549132948	2e-09
337	0.5479348292699898	80.53949903660886	2e-09
338	0.5925256336585175	80.34682080924856	2e-09
339	0.5526761689397411	81.69556840077071	2e-09
340	0.5229554901003608	84.00770712909441	2e-09
341	0.577151136361565	80.15414258188825	2e-09
342	0.5974955689700353	83.23699421965318	2e-09
343	0.5371285792375575	83.42967244701349	2e-09
344	0.587231534983611	82.85163776493256	2e-09
345	0.5396200145140778	82.65895953757226	2e-09
346	0.6090205092420927	79.96146435452793	2e-09
347	0.5945810432149266	81.3102119460501	2e-09
348	0.5753267672709647	82.08092485549133	2e-09
349	0.5759844162101231	81.11753371868978	2e-09
350	0.5339711907971112	82.08092485549133	2e-09
351	0.5888746424447135	80.53949903660886	2e-09
352	0.5497223376538712	82.46628131021194	2e-09
353	0.5405352023754965	82.27360308285164	2e-09
354	0.5922740843714087	82.46628131021194	2e-09
355	0.6096681240436429	80.73217726396918	2e-09
356	0.5883118026173872	82.46628131021194	2e-09
357	0.5718300729013821	81.69556840077071	2e-09
358	0.5853741893648872	81.3102119460501	2e-09
359	0.5551437455335334	81.88824662813101	2e-09
360	0.5538124554648794	82.65895953757226	2e-09
361	0.5715476636252651	82.08092485549133	2e-09
362	0.5633721519297488	82.27360308285164	2e-09
363	0.5765080890673893	80.73217726396918	2e-09
364	0.5971684837157556	80.92485549132948	2e-09
365	0.5662934377588519	83.62235067437379	2e-09
366	0.5718972202900058	81.3102119460501	2e-09
367	0.5499220060934681	81.88824662813101	2e-09
368	0.5583311570862125	82.46628131021194	2e-09
369	0.5642554824292545	82.85163776493256	2e-09
370	0.5518484396397034	82.85163776493256	2e-09
371	0.5764838217081133	80.92485549132948	2e-09
372	0.569572012663347	82.08092485549133	2e-09
373	0.6024657464900228	80.92485549132948	2e-09
374	0.5832211588848533	80.53949903660886	2e-09
375	0.5742164312759576	82.27360308285164	2e-09
376	0.530636911677028	83.81502890173411	2e-09
377	0.5357951123360724	83.04431599229287	2e-09
378	0.5536269308974059	82.46628131021194	2e-09
379	0.5042107495728715	83.62235067437379	2e-09
380	0.5661500689496425	81.11753371868978	2e-09
381	0.5619459177487618	81.69556840077071	2e-09
382	0.548192797024126	83.42967244701349	2e-09
383	0.5637138073614337	81.3102119460501	2e-09
384	0.5481456591099902	82.65895953757226	2e-09
385	0.5581107052305071	81.5028901734104	2e-09
386	0.5847709850768823	80.73217726396918	2e-09
387	0.5718673858109696	83.04431599229287	2e-09
388	0.5822713182151662	80.34682080924856	2e-09
389	0.6155943906146437	80.53949903660886	2e-09
390	0.5334683099693416	84.39306358381504	2e-09
391	0.5775682621838271	82.85163776493256	2e-09
392	0.5622958756251142	79.96146435452793	2e-09
393	0.5759457902182503	80.15414258188825	2e-09
394	0.5678735313387965	81.3102119460501	2e-09
395	0.6087699442929615	80.92485549132948	2e-09
396	0.5768962392228187	81.69556840077071	2e-09
397	0.5549012132003358	82.08092485549133	2e-09
398	0.5573154725780377	81.69556840077071	2e-09
399	0.586215151183178	80.53949903660886	2e-09
400	0.5843823823166261	82.65895953757226	2e-09
401	0.5900596828129939	81.3102119460501	2e-09
402	0.5882461242133712	81.3102119460501	2e-09
403	0.568043263661379	81.88824662813101	2e-09
404	0.5601108198221019	82.27360308285164	2e-09
405	0.5519809308309316	81.88824662813101	2e-09
406	0.5746903789870311	82.46628131021194	2e-09
407	0.580626738324101	80.92485549132948	2e-09
408	0.5792713021152511	80.73217726396918	2e-09
409	0.5520286454401034	82.85163776493256	2e-09
410	0.5573208986679253	82.27360308285164	2e-09
411	0.5869421800437001	81.69556840077071	2e-09
412	0.553340030543377	81.88824662813101	2e-09
413	0.5778692352059719	81.3102119460501	2e-09
414	0.565776809102538	81.11753371868978	2e-09
415	0.5770998345634152	81.69556840077071	2e-09
416	0.5882835068914013	80.53949903660886	2e-09
417	0.5942377509524138	80.92485549132948	2e-09
418	0.5663901007014662	81.88824662813101	2e-09
419	0.5598867602201326	82.27360308285164	2e-09
420	0.596578801183572	81.69556840077071	2e-09
421	0.5669580437314763	81.3102119460501	2e-09
422	0.5510192508872075	83.04431599229287	2e-09
423	0.5696500062023744	80.15414258188825	2e-09
424	0.5637467012010328	81.5028901734104	2e-09
425	0.5350178181550865	82.65895953757226	2e-09
426	0.5753646218478106	81.69556840077071	2e-09
427	0.5473761955897013	81.69556840077071	2e-09
428	0.540238784801983	83.04431599229287	2e-09
429	0.5374178557382153	82.85163776493256	2e-09
430	0.5556158156982965	81.11753371868978	2e-09
431	0.600728080451833	81.11753371868978	2e-09
432	0.5833189640201355	80.34682080924856	2e-09
433	0.5720318370931181	83.23699421965318	2e-09
434	0.5334302111168128	83.62235067437379	2e-09
435	0.5542519909108994	81.3102119460501	2e-09
436	0.5677316756721636	81.3102119460501	2e-09
437	0.5576612176463324	82.08092485549133	2e-09
438	0.5309070635852556	84.20038535645472	2e-09
439	0.5408720356880585	83.04431599229287	2e-09
440	0.5853051342256727	82.27360308285164	2e-09
441	0.5887787042325632	79.96146435452793	2e-09
442	0.5401260742562355	82.65895953757226	2e-09
443	0.5707789657203218	80.92485549132948	2e-09
444	0.5699416152084953	79.96146435452793	2e-09
445	0.5700217187978859	82.08092485549133	2e-09
446	0.5841837198058993	80.53949903660886	2e-09
447	0.5526143960755225	82.65895953757226	2e-09
448	0.5797047055755277	81.11753371868978	2e-09
449	0.5667136505619409	81.88824662813101	2e-09
450	0.576894278815716	80.53949903660886	2e-09
451	0.5452068658233378	83.04431599229287	2e-09
452	0.6259150205320017	78.9980732177264	2e-09
453	0.5779627359441709	81.88824662813101	2e-09
454	0.6105608156306206	80.53949903660886	2e-09
455	0.5877912754268315	81.88824662813101	2e-09
456	0.5682142985579136	82.46628131021194	2e-09
457	0.5979351354242519	79.38342967244701	2e-09
458	0.5457453917216704	82.46628131021194	2e-09
459	0.5977335691681717	80.53949903660886	2e-09
460	0.5957901961311899	81.11753371868978	2e-09
461	0.5681707890047504	81.11753371868978	2e-09
462	0.5472757412633914	81.3102119460501	2e-09
463	0.5513800938464773	83.04431599229287	2e-09
464	0.5555497773695084	81.69556840077071	2e-09
465	0.5605139806435976	83.23699421965318	2e-09
466	0.5575999879423593	82.85163776493256	2e-09
467	0.5481768093127506	83.23699421965318	2e-09
468	0.5675048715002504	81.88824662813101	2e-09
469	0.553324296065608	82.65895953757226	2e-09
470	0.6011647259339202	80.73217726396918	2e-09
471	0.5287981897535122	83.23699421965318	2e-09
472	0.5900349944313138	80.15414258188825	2e-09
473	0.5653686758870105	82.65895953757226	2e-09
474	0.5640475323893891	79.57610789980733	2e-09
475	0.6109696124789802	80.15414258188825	2e-09
476	0.5712053732146187	81.69556840077071	2e-09
477	0.5694752061068438	81.88824662813101	2e-09
478	0.5989087859674685	79.57610789980733	2e-09
479	0.5619553343638749	82.65895953757226	2e-09
480	0.57666842056607	78.80539499036608	2e-09
481	0.5436527788753914	82.65895953757226	2e-09
482	0.6311720475296064	79.76878612716763	2e-09
483	0.5603806777266868	82.65895953757226	2e-09
484	0.5762371106184516	79.1907514450867	2e-09
485	0.5882667978374945	81.69556840077071	2e-09
486	0.5236717377554245	82.27360308285164	2e-09
487	0.539629911469127	83.04431599229287	2e-09
488	0.542170780242523	82.65895953757226	2e-09
489	0.6128154460175649	80.92485549132948	2e-09
490	0.5779970882600443	80.53949903660886	2e-09
491	0.5604948031649654	80.34682080924856	2e-09
492	0.5672083552173107	81.11753371868978	2e-09
493	0.5703781497501454	80.73217726396918	2e-09
494	0.554443946635792	81.69556840077071	2e-09
495	0.5532594064756625	82.65895953757226	2e-09
496	0.6137163945705215	79.96146435452793	2e-09
497	0.5484171022224977	84.58574181117534	2e-09
498	0.5381787559430263	82.85163776493256	2e-09
499	0.5619648318874124	82.65895953757226	2e-09
500	0.5519100766420824	82.65895953757226	2e-09
