epoch	batch	iter	loss	acc	lr
1	1	1	2.88405704498291	8.0	1e-06
1	2	2	2.509993076324463	8.0	1e-06
1	3	3	2.695909023284912	10.0	1e-06
1	4	4	2.9868228435516357	2.0	1e-06
1	5	5	2.975665807723999	4.0	1e-06
1	6	6	2.0563039779663086	52.0	1e-06
1	7	7	2.3980560302734375	4.0	1e-06
1	8	8	3.833385944366455	2.0	1e-06
1	9	9	2.837681770324707	4.0	1e-06
1	10	10	2.3846795558929443	4.0	1e-06
1	11	11	3.623483657836914	0.0	1e-06
2	1	12	2.0845091342926025	52.0	1e-06
2	2	13	2.0077645778656006	44.0	1e-06
2	3	14	3.465662956237793	0.0	1e-06
2	4	15	2.387437343597412	10.0	1e-06
2	5	16	2.793381452560425	4.0	1e-06
2	6	17	3.460502862930298	12.0	1e-06
2	7	18	2.0957796573638916	34.0	1e-06
2	8	19	2.244593381881714	40.0	1e-06
2	9	20	2.5701546669006348	4.0	1e-06
2	10	21	2.9596054553985596	2.0	1e-06
2	11	22	1.9770939350128174	47.36842105263158	1e-06
3	1	23	2.7528653144836426	2.0	1e-06
3	2	24	3.208857774734497	4.0	1e-06
3	3	25	2.4054696559906006	8.0	1e-06
3	4	26	2.319113254547119	2.0	1e-06
3	5	27	2.3830225467681885	0.0	1e-06
3	6	28	2.7441060543060303	4.0	1e-06
3	7	29	2.0894148349761963	50.0	1e-06
3	8	30	3.062669277191162	2.0	1e-06
3	9	31	3.1578869819641113	6.0	1e-06
3	10	32	3.3002266883850098	0.0	1e-06
3	11	33	2.5799310207366943	5.2631578947368425	1e-06
4	1	34	2.9160823822021484	6.0	1e-06
4	2	35	2.428687572479248	8.0	1e-06
4	3	36	2.3468101024627686	6.0	1e-06
4	4	37	3.3020763397216797	4.0	1e-06
4	5	38	2.4120800495147705	22.0	1e-06
4	6	39	2.3231201171875	16.0	1e-06
4	7	40	3.281813621520996	4.0	1e-06
4	8	41	2.5619659423828125	4.0	1e-06
4	9	42	2.0795867443084717	40.0	1e-06
4	10	43	1.954344630241394	46.0	1e-06
4	11	44	1.7354636192321777	57.89473684210526	1e-06
5	1	45	3.1966769695281982	2.0	1e-06
5	2	46	2.751356601715088	12.0	1e-06
5	3	47	2.4774892330169678	8.0	1e-06
5	4	48	1.8289647102355957	52.0	1e-06
5	5	49	1.9513827562332153	44.0	1e-06
5	6	50	2.382093906402588	2.0	1e-06
5	7	51	2.278663158416748	8.0	1e-06
5	8	52	2.744460105895996	6.0	1e-06
5	9	53	2.570098638534546	12.0	1e-06
5	10	54	2.404102087020874	8.0	1e-06
5	11	55	2.6182117462158203	10.526315789473685	1e-06
6	1	56	3.212825059890747	4.0	1e-06
6	2	57	2.265672206878662	4.0	1e-06
6	3	58	2.2430450916290283	34.0	1e-06
6	4	59	1.2278540134429932	68.0	1e-06
6	5	60	2.616837978363037	8.0	1e-06
6	6	61	2.119267225265503	30.0	1e-06
6	7	62	2.922454595565796	0.0	1e-06
6	8	63	2.0981569290161133	32.0	1e-06
6	9	64	2.517510414123535	12.0	1e-06
6	10	65	2.6533596515655518	6.0	1e-06
6	11	66	1.8375455141067505	47.36842105263158	1e-06
7	1	67	2.7049367427825928	4.0	1e-06
7	2	68	2.317450523376465	10.0	1e-06
7	3	69	2.3001649379730225	14.0	1e-06
7	4	70	2.460277795791626	4.0	1e-06
7	5	71	2.122577428817749	38.0	1e-06
7	6	72	1.9846844673156738	30.0	1e-06
7	7	73	2.3198719024658203	10.0	1e-06
7	8	74	2.8834359645843506	2.0	1e-06
7	9	75	2.019801139831543	38.0	1e-06
7	10	76	2.652066230773926	2.0	1e-06
7	11	77	2.5180885791778564	5.2631578947368425	1e-06
8	1	78	1.6207122802734375	58.0	1e-06
8	2	79	1.5641485452651978	64.0	1e-06
8	3	80	2.4059078693389893	8.0	1e-06
8	4	81	2.5596489906311035	4.0	1e-06
8	5	82	2.377934217453003	18.0	1e-06
8	6	83	2.469628095626831	28.0	1e-06
8	7	84	1.6677566766738892	64.0	1e-06
8	8	85	2.7472028732299805	8.0	1e-06
8	9	86	2.0977509021759033	26.0	1e-06
8	10	87	1.6902159452438354	56.0	1e-06
8	11	88	2.406087875366211	21.05263157894737	1e-06
9	1	89	2.683751106262207	4.0	1e-06
9	2	90	2.048776626586914	42.0	1e-06
9	3	91	2.1783058643341064	30.0	1e-06
9	4	92	2.135234832763672	32.0	1e-06
9	5	93	2.2015535831451416	32.0	1e-06
9	6	94	3.5954887866973877	4.0	1e-06
9	7	95	1.8512835502624512	46.0	1e-06
9	8	96	1.8693939447402954	44.0	1e-06
9	9	97	3.1095385551452637	6.0	1e-06
9	10	98	2.300063133239746	22.0	1e-06
9	11	99	2.7204887866973877	31.57894736842105	1e-06
10	1	100	2.440591335296631	28.0	1e-06
10	2	101	2.1539037227630615	40.0	1e-06
10	3	102	2.6729354858398438	8.0	1e-06
10	4	103	2.080366611480713	30.0	1e-06
10	5	104	2.1805601119995117	34.0	1e-06
10	6	105	2.4376540184020996	20.0	1e-06
10	7	106	2.4356653690338135	10.0	1e-06
10	8	107	2.285682439804077	26.0	1e-06
10	9	108	1.7451313734054565	50.0	1e-06
10	10	109	2.183680534362793	40.0	1e-06
10	11	110	2.4059112071990967	15.789473684210526	1e-06
11	1	111	1.8458138704299927	46.0	1e-06
11	2	112	2.989053964614868	4.0	1e-06
11	3	113	2.657289505004883	14.0	1e-06
11	4	114	1.723892331123352	58.0	1e-06
11	5	115	2.2508018016815186	32.0	1e-06
11	6	116	2.168294906616211	28.0	1e-06
11	7	117	1.9251670837402344	42.0	1e-06
11	8	118	2.539876937866211	14.0	1e-06
11	9	119	2.2726058959960938	34.0	1e-06
11	10	120	1.8008818626403809	52.0	1e-06
11	11	121	1.6191428899765015	57.89473684210526	1e-06
12	1	122	2.1661713123321533	32.0	1e-06
12	2	123	1.9521673917770386	50.0	1e-06
12	3	124	2.0427138805389404	34.0	1e-06
12	4	125	1.4826756715774536	54.0	1e-06
12	5	126	1.677962303161621	48.0	1e-06
12	6	127	1.5511953830718994	60.0	1e-06
12	7	128	2.199552536010742	36.0	1e-06
12	8	129	2.1195411682128906	46.0	1e-06
12	9	130	2.403393507003784	18.0	1e-06
12	10	131	2.600203037261963	34.0	1e-06
12	11	132	2.7700161933898926	26.31578947368421	1e-06
13	1	133	1.3806856870651245	62.0	1e-06
13	2	134	1.8089464902877808	48.0	1e-06
13	3	135	2.012254238128662	36.0	1e-06
13	4	136	1.9060754776000977	44.0	1e-06
13	5	137	2.1786680221557617	44.0	1e-06
13	6	138	1.602198600769043	52.0	1e-06
13	7	139	2.426032304763794	16.0	1e-06
13	8	140	1.8961011171340942	48.0	1e-06
13	9	141	2.483956813812256	14.0	1e-06
13	10	142	1.668241262435913	46.0	1e-06
13	11	143	2.4267208576202393	31.57894736842105	1e-06
14	1	144	1.7809956073760986	46.0	1e-06
14	2	145	2.2496280670166016	28.0	1e-06
14	3	146	2.059677839279175	32.0	1e-06
14	4	147	2.1065495014190674	44.0	1e-06
14	5	148	1.4799426794052124	66.0	1e-06
14	6	149	2.0309932231903076	40.0	1e-06
14	7	150	2.0075607299804688	42.0	1e-06
14	8	151	1.7688485383987427	56.0	1e-06
14	9	152	2.119690179824829	34.0	1e-06
14	10	153	1.6510157585144043	48.0	1e-06
14	11	154	1.9135422706604004	42.10526315789474	1e-06
15	1	155	1.5064325332641602	68.0	1e-06
15	2	156	2.0452640056610107	44.0	1e-06
15	3	157	1.7323569059371948	52.0	1e-06
15	4	158	1.819015383720398	36.0	1e-06
15	5	159	1.4902541637420654	56.0	1e-06
15	6	160	2.6264538764953613	8.0	1e-06
15	7	161	2.0920121669769287	46.0	1e-06
15	8	162	2.4724085330963135	22.0	1e-06
15	9	163	1.9503333568572998	48.0	1e-06
15	10	164	2.178171157836914	32.0	1e-06
15	11	165	1.5864671468734741	47.36842105263158	1e-06
16	1	166	2.055509328842163	36.0	1e-06
16	2	167	1.6302971839904785	52.0	1e-06
16	3	168	1.8447986841201782	54.0	1e-06
16	4	169	1.7298365831375122	50.0	1e-06
16	5	170	2.1174814701080322	48.0	1e-06
16	6	171	1.6609572172164917	56.0	1e-06
16	7	172	1.93214750289917	44.0	1e-06
16	8	173	1.4756768941879272	66.0	1e-06
16	9	174	2.095000982284546	40.0	1e-06
16	10	175	2.370265245437622	30.0	1e-06
16	11	176	1.6862092018127441	57.89473684210526	1e-06
17	1	177	1.785758376121521	58.0	1e-06
17	2	178	2.6344573497772217	2.0	1e-06
17	3	179	1.7979981899261475	48.0	1e-06
17	4	180	1.5501163005828857	50.0	1e-06
17	5	181	2.3583855628967285	36.0	1e-06
17	6	182	1.6777331829071045	48.0	1e-06
17	7	183	1.8916518688201904	48.0	1e-06
17	8	184	2.0532264709472656	36.0	1e-06
17	9	185	1.6842464208602905	56.0	1e-06
17	10	186	1.5094107389450073	56.0	1e-06
17	11	187	1.914261817932129	42.10526315789474	1e-06
18	1	188	1.6882967948913574	58.0	1e-06
18	2	189	1.9167900085449219	42.0	1e-06
18	3	190	1.5339293479919434	48.0	1e-06
18	4	191	1.9839173555374146	40.0	1e-06
18	5	192	1.739098310470581	52.0	1e-06
18	6	193	1.827915072441101	48.0	1e-06
18	7	194	1.8315907716751099	24.0	1e-06
18	8	195	1.6905219554901123	48.0	1e-06
18	9	196	1.7084764242172241	48.0	1e-06
18	10	197	1.7782284021377563	46.0	1e-06
18	11	198	2.9564685821533203	5.2631578947368425	1e-06
19	1	199	1.6821664571762085	44.0	1e-06
19	2	200	2.502929449081421	34.0	1e-06
19	3	201	1.1746493577957153	70.0	1e-06
19	4	202	1.8031944036483765	42.0	1e-06
19	5	203	1.8714218139648438	50.0	1e-06
19	6	204	2.3252341747283936	28.0	1e-06
19	7	205	1.3515419960021973	62.0	1e-06
19	8	206	1.8141697645187378	56.0	1e-06
19	9	207	1.5553920269012451	54.0	1e-06
19	10	208	1.4917396306991577	56.0	1e-06
19	11	209	2.223855972290039	26.31578947368421	1e-06
20	1	210	2.488893508911133	32.0	1e-06
20	2	211	1.711662769317627	44.0	1e-06
20	3	212	1.1235759258270264	68.0	1e-06
20	4	213	1.9618351459503174	34.0	1e-06
20	5	214	1.8371871709823608	48.0	1e-06
20	6	215	1.5479347705841064	64.0	1e-06
20	7	216	1.6018348932266235	48.0	1e-06
20	8	217	2.1799843311309814	40.0	1e-06
20	9	218	1.673799753189087	54.0	1e-06
20	10	219	1.8407530784606934	46.0	1e-06
20	11	220	1.9086878299713135	57.89473684210526	1e-06
21	1	221	1.699922800064087	50.0	1e-06
21	2	222	1.7082210779190063	56.0	1e-06
21	3	223	1.58940851688385	62.0	1e-06
21	4	224	1.4013389348983765	66.0	1e-06
21	5	225	2.1632840633392334	18.0	1e-06
21	6	226	1.4411141872406006	60.0	1e-06
21	7	227	1.6784683465957642	56.0	1e-06
21	8	228	2.0636239051818848	38.0	1e-06
21	9	229	1.7970842123031616	52.0	1e-06
21	10	230	1.6982579231262207	50.0	1e-06
21	11	231	2.183339834213257	36.8421052631579	1e-06
22	1	232	2.010240077972412	30.0	1e-06
22	2	233	1.5406585931777954	66.0	1e-06
22	3	234	1.5676072835922241	54.0	1e-06
22	4	235	1.7276721000671387	56.0	1e-06
22	5	236	1.6779413223266602	42.0	1e-06
22	6	237	2.3273134231567383	30.0	1e-06
22	7	238	2.0424182415008545	40.0	1e-06
22	8	239	2.0143849849700928	46.0	1e-06
22	9	240	1.8421120643615723	42.0	1e-06
22	10	241	1.2540156841278076	66.0	1e-06
22	11	242	1.3289836645126343	63.1578947368421	1e-06
23	1	243	1.564287543296814	50.0	1e-06
23	2	244	2.047083616256714	32.0	1e-06
23	3	245	1.5555568933486938	66.0	1e-06
23	4	246	1.47607421875	62.0	1e-06
23	5	247	1.2176573276519775	72.0	1e-06
23	6	248	1.4172451496124268	62.0	1e-06
23	7	249	1.7372643947601318	50.0	1e-06
23	8	250	1.4596446752548218	62.0	1e-06
23	9	251	1.5038745403289795	56.0	1e-06
23	10	252	1.571040391921997	58.0	1e-06
23	11	253	1.1750847101211548	73.6842105263158	1e-06
24	1	254	1.4866807460784912	64.0	1e-06
24	2	255	1.8461118936538696	46.0	1e-06
24	3	256	1.5993337631225586	54.0	1e-06
24	4	257	1.3012890815734863	68.0	1e-06
24	5	258	1.4667389392852783	60.0	1e-06
24	6	259	2.1058385372161865	48.0	1e-06
24	7	260	1.3992855548858643	70.0	1e-06
24	8	261	1.8605437278747559	54.0	1e-06
24	9	262	2.1855945587158203	40.0	1e-06
24	10	263	1.6104099750518799	52.0	1e-06
24	11	264	1.6885018348693848	57.89473684210526	1e-06
25	1	265	1.8524588346481323	48.0	1e-06
25	2	266	1.6416511535644531	50.0	1e-06
25	3	267	1.7997134923934937	50.0	1e-06
25	4	268	1.3724826574325562	66.0	1e-06
25	5	269	1.3966549634933472	68.0	1e-06
25	6	270	1.9943339824676514	46.0	1e-06
25	7	271	1.5240850448608398	58.0	1e-06
25	8	272	1.165652871131897	70.0	1e-06
25	9	273	1.7558181285858154	54.0	1e-06
25	10	274	1.7511889934539795	54.0	1e-06
25	11	275	1.318494439125061	63.1578947368421	1e-06
26	1	276	1.9388253688812256	50.0	1e-06
26	2	277	1.0075714588165283	80.0	1e-06
26	3	278	1.5673339366912842	50.0	1e-06
26	4	279	1.4720474481582642	52.0	1e-06
26	5	280	2.406299352645874	30.0	1e-06
26	6	281	1.9752757549285889	52.0	1e-06
26	7	282	1.3383314609527588	62.0	1e-06
26	8	283	1.8215597867965698	56.0	1e-06
26	9	284	1.4611353874206543	60.0	1e-06
26	10	285	1.602114200592041	52.0	1e-06
26	11	286	1.2167378664016724	57.89473684210526	1e-06
27	1	287	1.4401363134384155	62.0	1e-06
27	2	288	1.2807049751281738	70.0	1e-06
27	3	289	1.5124120712280273	52.0	1e-06
27	4	290	2.4980790615081787	38.0	1e-06
27	5	291	1.1951394081115723	74.0	1e-06
27	6	292	1.557007908821106	60.0	1e-06
27	7	293	1.8519564867019653	46.0	1e-06
27	8	294	1.5659728050231934	50.0	1e-06
27	9	295	1.6056309938430786	54.0	1e-06
27	10	296	1.4045580625534058	60.0	1e-06
27	11	297	1.6966631412506104	57.89473684210526	1e-06
28	1	298	1.731958031654358	52.0	1e-06
28	2	299	0.9231684803962708	80.0	1e-06
28	3	300	1.0804564952850342	76.0	1e-06
28	4	301	1.4670370817184448	50.0	1e-06
28	5	302	1.3666812181472778	64.0	1e-06
28	6	303	1.6851283311843872	52.0	1e-06
28	7	304	1.407863736152649	62.0	1e-06
28	8	305	1.199020266532898	60.0	1e-06
28	9	306	1.558372974395752	50.0	1e-06
28	10	307	1.6269947290420532	48.0	1e-06
28	11	308	1.9981962442398071	47.36842105263158	1e-06
29	1	309	1.44163179397583	60.0	1e-06
29	2	310	1.3947439193725586	62.0	1e-06
29	3	311	1.4121583700180054	56.0	1e-06
29	4	312	1.3952112197875977	56.0	1e-06
29	5	313	1.4934136867523193	62.0	1e-06
29	6	314	1.5259569883346558	62.0	1e-06
29	7	315	1.2711613178253174	64.0	1e-06
29	8	316	1.9403899908065796	46.0	1e-06
29	9	317	1.5785390138626099	58.0	1e-06
29	10	318	1.9645031690597534	44.0	1e-06
29	11	319	2.0535824298858643	36.8421052631579	1e-06
30	1	320	1.4249824285507202	66.0	1e-06
30	2	321	1.6176713705062866	64.0	1e-06
30	3	322	1.4078190326690674	50.0	1e-06
30	4	323	1.469386339187622	60.0	1e-06
30	5	324	1.8320667743682861	50.0	1e-06
30	6	325	1.3016653060913086	62.0	1e-06
30	7	326	1.629562258720398	58.0	1e-06
30	8	327	1.5933743715286255	62.0	1e-06
30	9	328	1.6535171270370483	56.0	1e-06
30	10	329	1.6420522928237915	56.0	1e-06
30	11	330	1.2261526584625244	73.6842105263158	1e-06
31	1	331	1.450197696685791	68.0	1e-06
31	2	332	1.4046772718429565	68.0	1e-06
31	3	333	1.4247751235961914	62.0	1e-06
31	4	334	1.4286677837371826	56.0	1e-06
31	5	335	1.3409024477005005	60.0	1e-06
31	6	336	1.266810655593872	68.0	1e-06
31	7	337	1.1035174131393433	62.0	1e-06
31	8	338	1.4627856016159058	56.0	1e-06
31	9	339	1.677458643913269	52.0	1e-06
31	10	340	1.649112343788147	48.0	1e-06
31	11	341	1.428515076637268	57.89473684210526	1e-06
32	1	342	1.1145802736282349	72.0	1e-06
32	2	343	1.9009482860565186	42.0	1e-06
32	3	344	1.7193135023117065	52.0	1e-06
32	4	345	1.730089545249939	64.0	1e-06
32	5	346	1.4710110425949097	56.0	1e-06
32	6	347	1.5195502042770386	66.0	1e-06
32	7	348	1.3138965368270874	66.0	1e-06
32	8	349	1.5669654607772827	60.0	1e-06
32	9	350	1.4778242111206055	68.0	1e-06
32	10	351	1.4036891460418701	62.0	1e-06
32	11	352	1.5083820819854736	63.1578947368421	1e-06
33	1	353	1.4058390855789185	60.0	1e-06
33	2	354	1.5190086364746094	64.0	1e-06
33	3	355	1.4622795581817627	62.0	1e-06
33	4	356	1.6122113466262817	50.0	1e-06
33	5	357	1.6074045896530151	66.0	1e-06
33	6	358	2.0870015621185303	44.0	1e-06
33	7	359	1.2569482326507568	68.0	1e-06
33	8	360	1.4042021036148071	66.0	1e-06
33	9	361	2.258089542388916	48.0	1e-06
33	10	362	0.9206500053405762	78.0	1e-06
33	11	363	2.026838541030884	36.8421052631579	1e-06
34	1	364	1.4025471210479736	64.0	1e-06
34	2	365	1.29079270362854	70.0	1e-06
34	3	366	1.043018102645874	76.0	1e-06
34	4	367	0.9014434218406677	78.0	1e-06
34	5	368	1.2349704504013062	66.0	1e-06
34	6	369	1.7743287086486816	52.0	1e-06
34	7	370	2.2341480255126953	42.0	1e-06
34	8	371	1.2721396684646606	62.0	1e-06
34	9	372	1.7886641025543213	46.0	1e-06
34	10	373	1.1850680112838745	66.0	1e-06
34	11	374	1.1484689712524414	57.89473684210526	1e-06
35	1	375	1.2740918397903442	64.0	1e-06
35	2	376	2.6214771270751953	26.0	1e-06
35	3	377	1.3569724559783936	62.0	1e-06
35	4	378	1.206169605255127	72.0	1e-06
35	5	379	1.4350072145462036	62.0	1e-06
35	6	380	1.729399561882019	48.0	1e-06
35	7	381	1.3417909145355225	64.0	1e-06
35	8	382	1.995710015296936	44.0	1e-06
35	9	383	1.5680017471313477	60.0	1e-06
35	10	384	1.5086419582366943	54.0	1e-06
35	11	385	1.3756171464920044	63.1578947368421	1e-06
36	1	386	1.3814491033554077	64.0	1e-06
36	2	387	2.0448694229125977	48.0	1e-06
36	3	388	1.380609154701233	66.0	1e-06
36	4	389	1.055539608001709	70.0	1e-06
36	5	390	1.202707290649414	70.0	1e-06
36	6	391	1.7186022996902466	58.0	1e-06
36	7	392	1.4036942720413208	64.0	1e-06
36	8	393	1.0458052158355713	66.0	1e-06
36	9	394	1.2923933267593384	68.0	1e-06
36	10	395	1.471890926361084	62.0	1e-06
36	11	396	1.8051971197128296	52.63157894736842	1e-06
37	1	397	1.649174451828003	60.0	1e-06
37	2	398	1.7541098594665527	52.0	1e-06
37	3	399	1.3778507709503174	68.0	1e-06
37	4	400	1.3159946203231812	64.0	1e-06
37	5	401	1.0086666345596313	84.0	1e-06
37	6	402	1.1967281103134155	64.0	1e-06
37	7	403	1.524021029472351	50.0	1e-06
37	8	404	1.7850946187973022	54.0	1e-06
37	9	405	1.3188705444335938	56.0	1e-06
37	10	406	0.9603298902511597	76.0	1e-06
37	11	407	2.2866270542144775	31.57894736842105	1e-06
38	1	408	1.385727047920227	70.0	1e-06
38	2	409	1.3042794466018677	68.0	1e-06
38	3	410	2.010140895843506	42.0	1e-06
38	4	411	1.0822793245315552	74.0	1e-06
38	5	412	1.887963891029358	50.0	1e-06
38	6	413	1.4089490175247192	60.0	1e-06
38	7	414	1.0722784996032715	72.0	1e-06
38	8	415	1.1923062801361084	64.0	1e-06
38	9	416	1.4434291124343872	66.0	1e-06
38	10	417	0.9154951572418213	76.0	1e-06
38	11	418	1.3426306247711182	63.1578947368421	1e-06
39	1	419	1.4068925380706787	62.0	1e-06
39	2	420	1.3590493202209473	60.0	1e-06
39	3	421	1.4022258520126343	56.0	1e-06
39	4	422	1.1833492517471313	68.0	1e-06
39	5	423	1.4250432252883911	70.0	1e-06
39	6	424	1.2515006065368652	72.0	1e-06
39	7	425	1.3741685152053833	62.0	1e-06
39	8	426	1.1452538967132568	74.0	1e-06
39	9	427	1.478926658630371	58.0	1e-06
39	10	428	1.345004916191101	62.0	1e-06
39	11	429	0.7677208781242371	73.6842105263158	1e-06
40	1	430	1.0810843706130981	80.0	1e-06
40	2	431	1.2806029319763184	64.0	1e-06
40	3	432	1.6269012689590454	44.0	1e-06
40	4	433	1.5608078241348267	52.0	1e-06
40	5	434	1.1921011209487915	72.0	1e-06
40	6	435	1.1081980466842651	76.0	1e-06
40	7	436	1.0628938674926758	74.0	1e-06
40	8	437	1.1422021389007568	76.0	1e-06
40	9	438	1.0482842922210693	74.0	1e-06
40	10	439	1.2216370105743408	70.0	1e-06
40	11	440	1.924965500831604	52.63157894736842	1e-06
41	1	441	1.1334543228149414	72.0	1e-06
41	2	442	1.8254905939102173	48.0	1e-06
41	3	443	1.5849148035049438	70.0	1e-06
41	4	444	1.1018314361572266	66.0	1e-06
41	5	445	1.440719723701477	58.0	1e-06
41	6	446	1.3321536779403687	60.0	1e-06
41	7	447	1.0600923299789429	70.0	1e-06
41	8	448	0.9068314433097839	76.0	1e-06
41	9	449	1.1083595752716064	72.0	1e-06
41	10	450	1.1061495542526245	70.0	1e-06
41	11	451	1.5555721521377563	52.63157894736842	1e-06
42	1	452	1.0251541137695312	74.0	1e-06
42	2	453	1.8563801050186157	48.0	1e-06
42	3	454	1.0562739372253418	66.0	1e-06
42	4	455	1.0508190393447876	78.0	1e-06
42	5	456	1.1758956909179688	74.0	1e-06
42	6	457	1.0957248210906982	68.0	1e-06
42	7	458	1.0519169569015503	72.0	1e-06
42	8	459	1.367142915725708	64.0	1e-06
42	9	460	1.131425142288208	72.0	1e-06
42	10	461	1.4318833351135254	62.0	1e-06
42	11	462	1.788000464439392	47.36842105263158	1e-06
43	1	463	1.0241062641143799	74.0	1e-06
43	2	464	1.0518131256103516	74.0	1e-06
43	3	465	1.1983357667922974	74.0	1e-06
43	4	466	1.3203227519989014	66.0	1e-06
43	5	467	1.633367657661438	68.0	1e-06
43	6	468	1.6191595792770386	54.0	1e-06
43	7	469	1.4024585485458374	64.0	1e-06
43	8	470	1.3690282106399536	60.0	1e-06
43	9	471	1.1551480293273926	74.0	1e-06
43	10	472	1.1559678316116333	66.0	1e-06
43	11	473	1.467410683631897	57.89473684210526	1e-06
44	1	474	1.001218318939209	76.0	1e-06
44	2	475	1.1545002460479736	68.0	1e-06
44	3	476	1.3384872674942017	68.0	1e-06
44	4	477	0.9454918503761292	76.0	1e-06
44	5	478	1.0602715015411377	76.0	1e-06
44	6	479	0.9159162044525146	76.0	1e-06
44	7	480	1.2030909061431885	64.0	1e-06
44	8	481	1.0658690929412842	68.0	1e-06
44	9	482	1.2905300855636597	62.0	1e-06
44	10	483	1.490721583366394	66.0	1e-06
44	11	484	1.6111112833023071	47.36842105263158	1e-06
45	1	485	1.1820393800735474	70.0	1e-06
45	2	486	1.9090362787246704	42.0	1e-06
45	3	487	1.6128917932510376	56.0	1e-06
45	4	488	0.9867174029350281	78.0	1e-06
45	5	489	0.977669894695282	74.0	1e-06
45	6	490	1.04974365234375	70.0	1e-06
45	7	491	0.8400180339813232	84.0	1e-06
45	8	492	1.2215920686721802	68.0	1e-06
45	9	493	0.9380619525909424	76.0	1e-06
45	10	494	1.003799557685852	70.0	1e-06
45	11	495	1.6753841638565063	52.63157894736842	1e-06
46	1	496	1.5104821920394897	66.0	1e-06
46	2	497	0.9831023216247559	80.0	1e-06
46	3	498	1.3259608745574951	60.0	1e-06
46	4	499	1.165073275566101	68.0	1e-06
46	5	500	1.3809667825698853	58.0	1e-06
46	6	501	1.2528456449508667	66.0	1e-06
46	7	502	1.37959623336792	72.0	1e-06
46	8	503	1.2878570556640625	54.0	1e-06
46	9	504	1.430322289466858	62.0	1e-06
46	10	505	1.3638938665390015	66.0	1e-06
46	11	506	0.5316620469093323	84.21052631578948	1e-06
47	1	507	1.2153141498565674	68.0	1e-06
47	2	508	1.2404130697250366	66.0	1e-06
47	3	509	1.043982744216919	78.0	1e-06
47	4	510	1.2331128120422363	68.0	1e-06
47	5	511	1.1153655052185059	74.0	1e-06
47	6	512	1.080965518951416	72.0	1e-06
47	7	513	1.5776736736297607	62.0	1e-06
47	8	514	1.1862372159957886	68.0	1e-06
47	9	515	0.8691580891609192	78.0	1e-06
47	10	516	1.1256481409072876	74.0	1e-06
47	11	517	1.3437458276748657	63.1578947368421	1e-06
48	1	518	1.2714945077896118	66.0	1e-06
48	2	519	1.580100417137146	58.0	1e-06
48	3	520	1.3330578804016113	64.0	1e-06
48	4	521	1.0498050451278687	76.0	1e-06
48	5	522	1.007554054260254	78.0	1e-06
48	6	523	0.7607257962226868	78.0	1e-06
48	7	524	1.202255129814148	68.0	1e-06
48	8	525	1.103940725326538	70.0	1e-06
48	9	526	1.3570315837860107	62.0	1e-06
48	10	527	1.028533935546875	74.0	1e-06
48	11	528	1.0251814126968384	84.21052631578948	1e-06
49	1	529	1.161808729171753	70.0	1e-06
49	2	530	1.310261845588684	66.0	1e-06
49	3	531	1.000157356262207	74.0	1e-06
49	4	532	0.999473512172699	72.0	1e-06
49	5	533	1.2157405614852905	70.0	1e-06
49	6	534	1.568635106086731	54.0	1e-06
49	7	535	0.7400708198547363	82.0	1e-06
49	8	536	1.1359918117523193	70.0	1e-06
49	9	537	1.2335553169250488	68.0	1e-06
49	10	538	1.0678075551986694	76.0	1e-06
49	11	539	1.8018875122070312	57.89473684210526	1e-06
50	1	540	1.0924266576766968	70.0	1e-06
50	2	541	1.6582356691360474	58.0	1e-06
50	3	542	1.151820421218872	70.0	1e-06
50	4	543	1.303769826889038	64.0	1e-06
50	5	544	1.1032716035842896	68.0	1e-06
50	6	545	1.289925217628479	76.0	1e-06
50	7	546	1.4883816242218018	68.0	1e-06
50	8	547	0.9346314072608948	78.0	1e-06
50	9	548	1.2541826963424683	70.0	1e-06
50	10	549	1.2209460735321045	72.0	1e-06
50	11	550	1.8829193115234375	57.89473684210526	1e-06
51	1	551	1.3470180034637451	62.0	1e-06
51	2	552	1.1338465213775635	64.0	1e-06
51	3	553	1.7169058322906494	62.0	1e-06
51	4	554	1.4215275049209595	56.0	1e-06
51	5	555	1.3056739568710327	72.0	1e-06
51	6	556	1.1217294931411743	78.0	1e-06
51	7	557	0.9366680979728699	80.0	1e-06
51	8	558	1.4859837293624878	62.0	1e-06
51	9	559	1.0403034687042236	72.0	1e-06
51	10	560	1.6102856397628784	58.0	1e-06
51	11	561	1.4925851821899414	57.89473684210526	1e-06
52	1	562	0.982596218585968	78.0	1e-06
52	2	563	1.439468264579773	58.0	1e-06
52	3	564	1.4366525411605835	56.0	1e-06
52	4	565	1.6345508098602295	62.0	1e-06
52	5	566	1.1100928783416748	68.0	1e-06
52	6	567	0.9207008481025696	76.0	1e-06
52	7	568	0.9724233150482178	76.0	1e-06
52	8	569	0.9592082500457764	74.0	1e-06
52	9	570	1.0314019918441772	70.0	1e-06
52	10	571	0.9753388166427612	76.0	1e-06
52	11	572	1.1774616241455078	68.42105263157895	1e-06
53	1	573	1.3134379386901855	74.0	1e-06
53	2	574	1.2591257095336914	70.0	1e-06
53	3	575	1.069258451461792	74.0	1e-06
53	4	576	1.2262160778045654	64.0	1e-06
53	5	577	1.0878313779830933	74.0	1e-06
53	6	578	1.1600987911224365	74.0	1e-06
53	7	579	1.2871514558792114	64.0	1e-06
53	8	580	1.460816502571106	56.0	1e-06
53	9	581	0.9269964694976807	76.0	1e-06
53	10	582	1.2731716632843018	60.0	1e-06
53	11	583	1.4361639022827148	63.1578947368421	1e-06
54	1	584	1.4019427299499512	60.0	1e-06
54	2	585	1.2675347328186035	70.0	1e-06
54	3	586	1.2826498746871948	70.0	1e-06
54	4	587	1.331321120262146	66.0	1e-06
54	5	588	1.0283411741256714	70.0	1e-06
54	6	589	1.193611741065979	64.0	1e-06
54	7	590	1.327804684638977	66.0	1e-06
54	8	591	0.9971122145652771	78.0	1e-06
54	9	592	0.7495917677879333	80.0	1e-06
54	10	593	1.7856019735336304	64.0	1e-06
54	11	594	0.5596033334732056	89.47368421052632	1e-06
55	1	595	1.3592609167099	68.0	1e-06
55	2	596	1.2023210525512695	70.0	1e-06
55	3	597	0.9937626719474792	78.0	1e-06
55	4	598	1.1296265125274658	66.0	1e-06
55	5	599	1.3591430187225342	66.0	1e-06
55	6	600	0.9976298809051514	72.0	1e-06
55	7	601	1.1240993738174438	64.0	1e-06
55	8	602	0.9567663669586182	74.0	1e-06
55	9	603	1.115066647529602	74.0	1e-06
55	10	604	1.144206166267395	70.0	1e-06
55	11	605	1.8420968055725098	52.63157894736842	1e-06
56	1	606	1.0431691408157349	72.0	1e-06
56	2	607	1.078152060508728	72.0	1e-06
56	3	608	0.9758978486061096	76.0	1e-06
56	4	609	1.1697427034378052	68.0	1e-06
56	5	610	0.9561599493026733	74.0	1e-06
56	6	611	1.4753336906433105	60.0	1e-06
56	7	612	1.2154550552368164	72.0	1e-06
56	8	613	1.3081698417663574	62.0	1e-06
56	9	614	1.022538423538208	74.0	1e-06
56	10	615	1.0036289691925049	68.0	1e-06
56	11	616	0.9160752296447754	73.6842105263158	1e-06
57	1	617	1.2271512746810913	66.0	1e-06
57	2	618	0.9878857135772705	72.0	1e-06
57	3	619	1.2424801588058472	66.0	1e-06
57	4	620	1.2682900428771973	68.0	1e-06
57	5	621	0.8357762098312378	82.0	1e-06
57	6	622	1.2155612707138062	66.0	1e-06
57	7	623	1.3389172554016113	66.0	1e-06
57	8	624	1.656960129737854	66.0	1e-06
57	9	625	1.2478947639465332	72.0	1e-06
57	10	626	0.9816632866859436	78.0	1e-06
57	11	627	1.298945665359497	63.1578947368421	1e-06
58	1	628	1.1810216903686523	70.0	1e-06
58	2	629	1.008999228477478	66.0	1e-06
58	3	630	1.0267146825790405	72.0	1e-06
58	4	631	1.655644416809082	64.0	1e-06
58	5	632	0.936511754989624	72.0	1e-06
58	6	633	1.3748581409454346	60.0	1e-06
58	7	634	0.8673480153083801	76.0	1e-06
58	8	635	1.7285784482955933	64.0	1e-06
58	9	636	1.3629705905914307	64.0	1e-06
58	10	637	1.1644853353500366	64.0	1e-06
58	11	638	1.0922924280166626	68.42105263157895	1e-06
59	1	639	1.3042107820510864	66.0	1e-06
59	2	640	1.335877537727356	68.0	1e-06
59	3	641	1.0827932357788086	72.0	1e-06
59	4	642	0.8499305248260498	74.0	1e-06
59	5	643	1.3599728345870972	56.0	1e-06
59	6	644	1.255619764328003	66.0	1e-06
59	7	645	1.3136385679244995	64.0	1e-06
59	8	646	1.2153278589248657	64.0	1e-06
59	9	647	1.0758651494979858	70.0	1e-06
59	10	648	1.1729300022125244	62.0	1e-06
59	11	649	0.7063519358634949	84.21052631578948	1e-06
60	1	650	0.8195895552635193	82.0	1e-06
60	2	651	1.1526798009872437	72.0	1e-06
60	3	652	1.188460111618042	70.0	1e-06
60	4	653	1.1373573541641235	72.0	1e-06
60	5	654	0.7065946459770203	80.0	1e-06
60	6	655	1.2615445852279663	60.0	1e-06
60	7	656	1.5292819738388062	50.0	1e-06
60	8	657	1.3000366687774658	60.0	1e-06
60	9	658	0.7817736268043518	82.0	1e-06
60	10	659	0.9266446828842163	76.0	1e-06
60	11	660	1.618186593055725	52.63157894736842	1e-06
61	1	661	1.0744518041610718	70.0	1e-06
61	2	662	1.4376434087753296	64.0	1e-06
61	3	663	0.9968499541282654	80.0	1e-06
61	4	664	0.9471541047096252	72.0	1e-06
61	5	665	1.268202543258667	64.0	1e-06
61	6	666	0.9231172204017639	70.0	1e-06
61	7	667	1.2808269262313843	62.0	1e-06
61	8	668	1.2267076969146729	68.0	1e-06
61	9	669	0.8738082051277161	72.0	1e-06
61	10	670	1.3638519048690796	66.0	1e-06
61	11	671	0.8253951072692871	84.21052631578948	1e-06
62	1	672	1.0937190055847168	76.0	1e-06
62	2	673	0.9237516522407532	70.0	1e-06
62	3	674	1.100488543510437	70.0	1e-06
62	4	675	0.8453274369239807	76.0	1e-06
62	5	676	1.0443649291992188	74.0	1e-06
62	6	677	1.3941270112991333	62.0	1e-06
62	7	678	1.5644394159317017	52.0	1e-06
62	8	679	1.2905138731002808	68.0	1e-06
62	9	680	0.6725344657897949	82.0	1e-06
62	10	681	1.1744565963745117	64.0	1e-06
62	11	682	1.7929811477661133	52.63157894736842	1e-06
63	1	683	0.9214667677879333	74.0	1e-06
63	2	684	1.0579754114151	70.0	1e-06
63	3	685	0.9659080505371094	74.0	1e-06
63	4	686	0.9396618604660034	72.0	1e-06
63	5	687	0.9837238192558289	72.0	1e-06
63	6	688	1.055250644683838	72.0	1e-06
63	7	689	1.4453414678573608	66.0	1e-06
63	8	690	1.4202407598495483	58.0	1e-06
63	9	691	1.0543514490127563	74.0	1e-06
63	10	692	1.3651983737945557	68.0	1e-06
63	11	693	1.9108338356018066	47.36842105263158	1e-06
64	1	694	0.8783642649650574	80.0	1e-06
64	2	695	1.2269887924194336	66.0	1e-06
64	3	696	1.5871533155441284	62.0	1e-06
64	4	697	0.9770029187202454	76.0	1e-06
64	5	698	0.9519104957580566	82.0	1e-06
64	6	699	0.8457802534103394	76.0	1e-06
64	7	700	1.1063700914382935	72.0	1e-06
64	8	701	1.4705517292022705	56.0	1e-06
64	9	702	0.8834406137466431	78.0	1e-06
64	10	703	0.630704939365387	86.0	1e-06
64	11	704	1.148999810218811	68.42105263157895	1e-06
65	1	705	1.056382656097412	68.0	1e-06
65	2	706	0.911862313747406	76.0	1e-06
65	3	707	0.9778615832328796	78.0	1e-06
65	4	708	1.173954725265503	68.0	1e-06
65	5	709	1.235428810119629	62.0	1e-06
65	6	710	1.2235515117645264	62.0	1e-06
65	7	711	0.9891166687011719	70.0	1e-06
65	8	712	1.6847485303878784	58.0	1e-06
65	9	713	1.2764581441879272	68.0	1e-06
65	10	714	1.0108681917190552	76.0	1e-06
65	11	715	0.9605790972709656	78.94736842105263	1e-06
66	1	716	1.2329437732696533	68.0	1e-06
66	2	717	1.1165337562561035	62.0	1e-06
66	3	718	1.1130186319351196	70.0	1e-06
66	4	719	1.3654109239578247	62.0	1e-06
66	5	720	0.8675512671470642	78.0	1e-06
66	6	721	1.3171595335006714	72.0	1e-06
66	7	722	1.064560890197754	68.0	1e-06
66	8	723	0.8747512102127075	78.0	1e-06
66	9	724	1.2047998905181885	68.0	1e-06
66	10	725	1.2394174337387085	64.0	1e-06
66	11	726	0.47901666164398193	89.47368421052632	1e-06
67	1	727	0.6855626702308655	76.0	1e-06
67	2	728	1.1051748991012573	70.0	1e-06
67	3	729	1.0006881952285767	72.0	1e-06
67	4	730	1.1125445365905762	66.0	1e-06
67	5	731	1.1526771783828735	66.0	1e-06
67	6	732	0.9267337322235107	76.0	1e-06
67	7	733	1.204448938369751	62.0	1e-06
67	8	734	0.9129480719566345	80.0	1e-06
67	9	735	1.3909035921096802	64.0	1e-06
67	10	736	1.05508291721344	74.0	1e-06
67	11	737	1.9932345151901245	42.10526315789474	1e-06
68	1	738	0.8033320903778076	80.0	1e-06
68	2	739	0.9045459628105164	80.0	1e-06
68	3	740	1.2642978429794312	62.0	1e-06
68	4	741	0.954943835735321	74.0	1e-06
68	5	742	0.8928184509277344	74.0	1e-06
68	6	743	0.8631284832954407	78.0	1e-06
68	7	744	1.022255301475525	68.0	1e-06
68	8	745	1.1520100831985474	66.0	1e-06
68	9	746	1.615505576133728	60.0	1e-06
68	10	747	0.7890515327453613	78.0	1e-06
68	11	748	1.1655887365341187	63.1578947368421	1e-06
69	1	749	1.2758777141571045	66.0	1e-06
69	2	750	1.202287197113037	62.0	1e-06
69	3	751	1.1424527168273926	70.0	1e-06
69	4	752	1.1047272682189941	68.0	1e-06
69	5	753	1.1246509552001953	72.0	1e-06
69	6	754	1.140953779220581	68.0	1e-06
69	7	755	0.8310010433197021	84.0	1e-06
69	8	756	1.2540860176086426	72.0	1e-06
69	9	757	1.1259217262268066	62.0	1e-06
69	10	758	0.828481912612915	84.0	1e-06
69	11	759	1.390575885772705	57.89473684210526	1e-06
70	1	760	0.6637496948242188	80.0	1e-06
70	2	761	1.2639979124069214	68.0	1e-06
70	3	762	1.1465340852737427	70.0	1e-06
70	4	763	0.8797377943992615	76.0	1e-06
70	5	764	1.0821343660354614	72.0	1e-06
70	6	765	1.101516842842102	64.0	1e-06
70	7	766	1.3850096464157104	66.0	1e-06
70	8	767	0.7400270104408264	80.0	1e-06
70	9	768	1.1368499994277954	74.0	1e-06
70	10	769	1.3570636510849	62.0	1e-06
70	11	770	0.9861224293708801	63.1578947368421	1e-06
71	1	771	1.640504002571106	54.0	1e-06
71	2	772	1.188572645187378	66.0	1e-06
71	3	773	1.1093347072601318	72.0	1e-06
71	4	774	1.0091053247451782	80.0	1e-06
71	5	775	1.0244120359420776	72.0	1e-06
71	6	776	0.9869717359542847	70.0	1e-06
71	7	777	1.059970498085022	72.0	1e-06
71	8	778	0.9949111938476562	74.0	1e-06
71	9	779	0.7134813666343689	82.0	1e-06
71	10	780	0.8202968835830688	78.0	1e-06
71	11	781	1.0412193536758423	57.89473684210526	1e-06
72	1	782	1.269842267036438	64.0	1e-06
72	2	783	0.599580705165863	80.0	1e-06
72	3	784	1.115922451019287	72.0	1e-06
72	4	785	0.9839270710945129	68.0	1e-06
72	5	786	0.7143287658691406	76.0	1e-06
72	6	787	0.9902359843254089	70.0	1e-06
72	7	788	1.2906696796417236	66.0	1e-06
72	8	789	1.071359395980835	74.0	1e-06
72	9	790	1.009299874305725	68.0	1e-06
72	10	791	1.274855613708496	68.0	1e-06
72	11	792	0.8626343607902527	73.6842105263158	1e-06
73	1	793	1.0948691368103027	62.0	1e-06
73	2	794	1.531801462173462	60.0	1e-06
73	3	795	1.0400265455245972	74.0	1e-06
73	4	796	1.3717454671859741	50.0	1e-06
73	5	797	1.2757397890090942	64.0	1e-06
73	6	798	0.7096671462059021	78.0	1e-06
73	7	799	1.0209507942199707	70.0	1e-06
73	8	800	0.5248631238937378	88.0	1e-06
73	9	801	0.9629998207092285	72.0	1e-06
73	10	802	1.371486783027649	56.0	1e-06
73	11	803	0.9424376487731934	73.6842105263158	1e-06
74	1	804	1.2198266983032227	60.0	1e-06
74	2	805	1.178734302520752	74.0	1e-06
74	3	806	1.121809482574463	70.0	1e-06
74	4	807	0.9883330464363098	74.0	1e-06
74	5	808	0.9286531805992126	72.0	1e-06
74	6	809	1.2026817798614502	74.0	1e-06
74	7	810	0.9541020393371582	76.0	1e-06
74	8	811	1.0933574438095093	74.0	1e-06
74	9	812	1.0993282794952393	78.0	1e-06
74	10	813	0.8859561681747437	76.0	1e-06
74	11	814	1.4035396575927734	63.1578947368421	1e-06
75	1	815	1.1998399496078491	66.0	1e-06
75	2	816	1.5873534679412842	52.0	1e-06
75	3	817	0.8284470438957214	76.0	1e-06
75	4	818	1.1035423278808594	66.0	1e-06
75	5	819	0.8437387347221375	80.0	1e-06
75	6	820	0.8988922834396362	78.0	1e-06
75	7	821	1.3409816026687622	68.0	1e-06
75	8	822	0.8488298058509827	74.0	1e-06
75	9	823	1.2142970561981201	66.0	1e-06
75	10	824	0.9859785437583923	72.0	1e-06
75	11	825	0.7264731526374817	73.6842105263158	1e-06
76	1	826	1.0677855014801025	68.0	1e-06
76	2	827	1.4655060768127441	66.0	1e-06
76	3	828	1.170447826385498	68.0	1e-06
76	4	829	0.939139187335968	82.0	1e-06
76	5	830	1.0224727392196655	70.0	1e-06
76	6	831	1.0681877136230469	66.0	1e-06
76	7	832	1.047307014465332	80.0	1e-06
76	8	833	1.4806146621704102	58.0	1e-06
76	9	834	1.250597596168518	66.0	1e-06
76	10	835	0.9530029892921448	74.0	1e-06
76	11	836	0.5025658011436462	73.6842105263158	1e-06
77	1	837	0.751545786857605	80.0	1e-06
77	2	838	0.9794297814369202	80.0	1e-06
77	3	839	1.0546096563339233	70.0	1e-06
77	4	840	0.9619206786155701	74.0	1e-06
77	5	841	1.1895830631256104	64.0	1e-06
77	6	842	1.1146481037139893	76.0	1e-06
77	7	843	1.3524885177612305	68.0	1e-06
77	8	844	0.7605809569358826	84.0	1e-06
77	9	845	1.0697238445281982	70.0	1e-06
77	10	846	1.0491372346878052	72.0	1e-06
77	11	847	1.705578088760376	52.63157894736842	1e-06
78	1	848	1.0054466724395752	70.0	1e-06
78	2	849	0.638603687286377	84.0	1e-06
78	3	850	1.077290415763855	70.0	1e-06
78	4	851	0.8650910258293152	78.0	1e-06
78	5	852	1.0082305669784546	80.0	1e-06
78	6	853	1.1047269105911255	68.0	1e-06
78	7	854	1.1356614828109741	72.0	1e-06
78	8	855	1.0708695650100708	72.0	1e-06
78	9	856	0.8967741131782532	72.0	1e-06
78	10	857	1.2451632022857666	64.0	1e-06
78	11	858	1.499906063079834	57.89473684210526	1e-06
79	1	859	1.0803364515304565	70.0	1e-06
79	2	860	1.5567007064819336	60.0	1e-06
79	3	861	1.2402805089950562	66.0	1e-06
79	4	862	0.7829205989837646	78.0	1e-06
79	5	863	0.9986048340797424	74.0	1e-06
79	6	864	0.9792382121086121	72.0	1e-06
79	7	865	0.9173240065574646	72.0	1e-06
79	8	866	1.058719515800476	70.0	1e-06
79	9	867	0.8457298874855042	78.0	1e-06
79	10	868	0.704708993434906	80.0	1e-06
79	11	869	0.9770233631134033	78.94736842105263	1e-06
80	1	870	0.9209775328636169	74.0	1e-06
80	2	871	1.0338236093521118	68.0	1e-06
80	3	872	0.967963695526123	74.0	1e-06
80	4	873	1.077950119972229	74.0	1e-06
80	5	874	0.9722757935523987	74.0	1e-06
80	6	875	0.881482720375061	68.0	1e-06
80	7	876	0.8857492208480835	80.0	1e-06
80	8	877	1.0744950771331787	66.0	1e-06
80	9	878	1.3924773931503296	56.0	1e-06
80	10	879	1.0864206552505493	78.0	1e-06
80	11	880	1.447840690612793	68.42105263157895	1e-06
81	1	881	0.8827111124992371	76.0	1e-06
81	2	882	1.459048867225647	66.0	1e-06
81	3	883	0.8067309856414795	74.0	1e-06
81	4	884	1.1319360733032227	64.0	1e-06
81	5	885	0.7622580528259277	78.0	1e-06
81	6	886	1.040269136428833	64.0	1e-06
81	7	887	1.1751388311386108	62.0	1e-06
81	8	888	1.1965479850769043	70.0	1e-06
81	9	889	0.9313476085662842	80.0	1e-06
81	10	890	1.1302769184112549	66.0	1e-06
81	11	891	1.084168791770935	63.1578947368421	1e-06
82	1	892	1.6744030714035034	48.0	1e-06
82	2	893	1.0574431419372559	68.0	1e-06
82	3	894	0.8599376082420349	84.0	1e-06
82	4	895	0.759268581867218	76.0	1e-06
82	5	896	0.8354241847991943	74.0	1e-06
82	6	897	1.0839065313339233	68.0	1e-06
82	7	898	0.9360571503639221	72.0	1e-06
82	8	899	1.043581247329712	74.0	1e-06
82	9	900	1.4114181995391846	62.0	1e-06
82	10	901	1.502492070198059	54.0	1e-06
82	11	902	1.4554294347763062	63.1578947368421	1e-06
83	1	903	1.2145299911499023	62.0	1e-06
83	2	904	0.7808923125267029	74.0	1e-06
83	3	905	0.6805345416069031	80.0	1e-06
83	4	906	1.1833335161209106	74.0	1e-06
83	5	907	0.9455010890960693	70.0	1e-06
83	6	908	1.240563988685608	64.0	1e-06
83	7	909	0.8472328186035156	80.0	1e-06
83	8	910	0.6764006018638611	80.0	1e-06
83	9	911	0.980878472328186	76.0	1e-06
83	10	912	1.0635321140289307	70.0	1e-06
83	11	913	0.7654941082000732	78.94736842105263	1e-06
84	1	914	0.8309051990509033	70.0	1e-06
84	2	915	0.8483098745346069	78.0	1e-06
84	3	916	0.9397233724594116	80.0	1e-06
84	4	917	0.6741921901702881	82.0	1e-06
84	5	918	0.9455547332763672	78.0	1e-06
84	6	919	0.9122750759124756	76.0	1e-06
84	7	920	0.6909401416778564	82.0	1e-06
84	8	921	1.2486847639083862	74.0	1e-06
84	9	922	1.7159396409988403	50.0	1e-06
84	10	923	1.187446117401123	70.0	1e-06
84	11	924	1.1320956945419312	73.6842105263158	1e-06
85	1	925	1.112605094909668	66.0	1e-06
85	2	926	0.7637591361999512	78.0	1e-06
85	3	927	1.3902724981307983	62.0	1e-06
85	4	928	0.5798004865646362	82.0	1e-06
85	5	929	0.8585165143013	78.0	1e-06
85	6	930	1.109279751777649	68.0	1e-06
85	7	931	1.0378165245056152	76.0	1e-06
85	8	932	1.1602158546447754	70.0	1e-06
85	9	933	0.9476573467254639	74.0	1e-06
85	10	934	0.9482078552246094	72.0	1e-06
85	11	935	0.8100250959396362	68.42105263157895	1e-06
86	1	936	0.8114163875579834	82.0	1e-06
86	2	937	1.0920782089233398	70.0	1e-06
86	3	938	0.956092357635498	76.0	1e-06
86	4	939	1.1443558931350708	70.0	1e-06
86	5	940	1.1623927354812622	64.0	1e-06
86	6	941	1.168546438217163	70.0	1e-06
86	7	942	1.1017498970031738	74.0	1e-06
86	8	943	0.9572190642356873	74.0	1e-06
86	9	944	0.9006902575492859	68.0	1e-06
86	10	945	1.0820419788360596	70.0	1e-06
86	11	946	1.1350104808807373	73.6842105263158	1e-06
87	1	947	1.1609476804733276	62.0	1e-06
87	2	948	0.9357199668884277	80.0	1e-06
87	3	949	0.6904010772705078	80.0	1e-06
87	4	950	0.8794915080070496	80.0	1e-06
87	5	951	1.0522302389144897	72.0	1e-06
87	6	952	1.3910576105117798	58.0	1e-06
87	7	953	1.1979897022247314	74.0	1e-06
87	8	954	1.0878326892852783	70.0	1e-06
87	9	955	1.1589937210083008	62.0	1e-06
87	10	956	0.7667148113250732	72.0	1e-06
87	11	957	0.45657292008399963	89.47368421052632	1e-06
88	1	958	0.8773095011711121	80.0	1e-06
88	2	959	1.1508105993270874	74.0	1e-06
88	3	960	0.8533275723457336	72.0	1e-06
88	4	961	1.1414073705673218	68.0	1e-06
88	5	962	1.1223559379577637	66.0	1e-06
88	6	963	0.9096651673316956	72.0	1e-06
88	7	964	0.9833360314369202	72.0	1e-06
88	8	965	1.1400169134140015	70.0	1e-06
88	9	966	1.1548349857330322	66.0	1e-06
88	10	967	0.6602243781089783	82.0	1e-06
88	11	968	0.5932404398918152	78.94736842105263	1e-06
89	1	969	0.8777398467063904	76.0	1e-06
89	2	970	0.9694892764091492	68.0	1e-06
89	3	971	0.9161397814750671	72.0	1e-06
89	4	972	0.9503666162490845	74.0	1e-06
89	5	973	1.1818984746932983	68.0	1e-06
89	6	974	0.9773370623588562	68.0	1e-06
89	7	975	1.1013833284378052	64.0	1e-06
89	8	976	0.7959929704666138	76.0	1e-06
89	9	977	1.5692259073257446	62.0	1e-06
89	10	978	0.8260576725006104	74.0	1e-06
89	11	979	1.1789218187332153	73.6842105263158	1e-06
90	1	980	1.101647138595581	68.0	1e-06
90	2	981	0.6913745999336243	76.0	1e-06
90	3	982	0.8329007029533386	78.0	1e-06
90	4	983	1.4235737323760986	56.0	1e-06
90	5	984	0.8639234900474548	76.0	1e-06
90	6	985	0.900165855884552	72.0	1e-06
90	7	986	0.8411500453948975	74.0	1e-06
90	8	987	0.9757718443870544	76.0	1e-06
90	9	988	1.417729377746582	58.0	1e-06
90	10	989	0.7602707147598267	78.0	1e-06
90	11	990	1.0403542518615723	68.42105263157895	1e-06
91	1	991	0.6679664850234985	80.0	1e-06
91	2	992	0.9262515902519226	72.0	1e-06
91	3	993	1.1908926963806152	64.0	1e-06
91	4	994	0.835195004940033	72.0	1e-06
91	5	995	0.8994194269180298	72.0	1e-06
91	6	996	0.8088924288749695	78.0	1e-06
91	7	997	0.9678025841712952	68.0	1e-06
91	8	998	1.0509085655212402	70.0	1e-06
91	9	999	0.8993961811065674	72.0	1e-06
91	10	1000	0.44368284940719604	88.0	1e-06
91	11	1001	1.597915530204773	63.1578947368421	1e-06
92	1	1002	0.6885561943054199	82.0	1e-06
92	2	1003	1.1543517112731934	68.0	1e-06
92	3	1004	1.0602070093154907	78.0	1e-06
92	4	1005	0.78829026222229	80.0	1e-06
92	5	1006	0.790930986404419	74.0	1e-06
92	6	1007	1.0136690139770508	70.0	1e-06
92	7	1008	0.8231083750724792	76.0	1e-06
92	8	1009	0.7457616925239563	80.0	1e-06
92	9	1010	1.0084514617919922	68.0	1e-06
92	10	1011	0.7741813659667969	76.0	1e-06
92	11	1012	1.114188313484192	73.6842105263158	1e-06
93	1	1013	0.9873992800712585	72.0	1e-06
93	2	1014	0.8182275295257568	78.0	1e-06
93	3	1015	0.8688687086105347	78.0	1e-06
93	4	1016	0.906998872756958	72.0	1e-06
93	5	1017	0.933204710483551	72.0	1e-06
93	6	1018	0.6683574914932251	82.0	1e-06
93	7	1019	1.02635657787323	68.0	1e-06
93	8	1020	0.8727454543113708	82.0	1e-06
93	9	1021	1.2198729515075684	64.0	1e-06
93	10	1022	0.8633624911308289	74.0	1e-06
93	11	1023	0.9441478252410889	73.6842105263158	1e-06
94	1	1024	0.934181809425354	74.0	1e-06
94	2	1025	0.9253093004226685	74.0	1e-06
94	3	1026	1.0211635828018188	72.0	1e-06
94	4	1027	0.9301441311836243	78.0	1e-06
94	5	1028	0.6859687566757202	84.0	1e-06
94	6	1029	0.8563807010650635	74.0	1e-06
94	7	1030	0.7871991991996765	76.0	1e-06
94	8	1031	0.7000601887702942	80.0	1e-06
94	9	1032	1.4600496292114258	58.0	1e-06
94	10	1033	0.9028933644294739	68.0	1e-06
94	11	1034	0.5336747765541077	89.47368421052632	1e-06
95	1	1035	1.0180853605270386	72.0	1e-06
95	2	1036	0.7376092672348022	74.0	1e-06
95	3	1037	0.9647933840751648	72.0	1e-06
95	4	1038	0.8145117163658142	78.0	1e-06
95	5	1039	1.1677089929580688	68.0	1e-06
95	6	1040	0.9252471923828125	76.0	1e-06
95	7	1041	0.7112377882003784	78.0	1e-06
95	8	1042	0.9529852867126465	74.0	1e-06
95	9	1043	0.7856870293617249	76.0	1e-06
95	10	1044	0.7606552839279175	80.0	1e-06
95	11	1045	1.2426822185516357	63.1578947368421	1e-06
96	1	1046	1.177543044090271	68.0	1e-06
96	2	1047	1.1030927896499634	72.0	1e-06
96	3	1048	1.0690944194793701	74.0	1e-06
96	4	1049	0.6498402953147888	80.0	1e-06
96	5	1050	1.1167428493499756	68.0	1e-06
96	6	1051	0.6846431493759155	78.0	1e-06
96	7	1052	1.101253628730774	76.0	1e-06
96	8	1053	0.6992858052253723	78.0	1e-06
96	9	1054	0.6938095092773438	80.0	1e-06
96	10	1055	1.09837007522583	76.0	1e-06
96	11	1056	0.6457794308662415	73.6842105263158	1e-06
97	1	1057	1.1415801048278809	64.0	1e-06
97	2	1058	0.6216503977775574	84.0	1e-06
97	3	1059	0.6572306752204895	82.0	1e-06
97	4	1060	0.8817577362060547	70.0	1e-06
97	5	1061	0.695040225982666	78.0	1e-06
97	6	1062	0.9330803751945496	70.0	1e-06
97	7	1063	1.2032017707824707	62.0	1e-06
97	8	1064	0.8908871412277222	74.0	1e-06
97	9	1065	0.8204602003097534	74.0	1e-06
97	10	1066	0.4644101858139038	86.0	1e-06
97	11	1067	0.8550171852111816	73.6842105263158	1e-06
98	1	1068	1.0041918754577637	68.0	1e-06
98	2	1069	0.6234278678894043	84.0	1e-06
98	3	1070	0.5795459151268005	78.0	1e-06
98	4	1071	0.9638400077819824	74.0	1e-06
98	5	1072	0.9152138233184814	74.0	1e-06
98	6	1073	1.0614063739776611	68.0	1e-06
98	7	1074	0.7111270427703857	76.0	1e-06
98	8	1075	1.0902389287948608	70.0	1e-06
98	9	1076	0.9606961607933044	76.0	1e-06
98	10	1077	0.6668776869773865	80.0	1e-06
98	11	1078	0.677629292011261	78.94736842105263	1e-06
99	1	1079	0.9690435528755188	76.0	1e-06
99	2	1080	0.8465526103973389	74.0	1e-06
99	3	1081	0.7906008958816528	80.0	1e-06
99	4	1082	0.6042965650558472	82.0	1e-06
99	5	1083	0.9488678574562073	68.0	1e-06
99	6	1084	0.5661677122116089	80.0	1e-06
99	7	1085	0.7322766780853271	82.0	1e-06
99	8	1086	1.0817033052444458	74.0	1e-06
99	9	1087	0.8460334539413452	76.0	1e-06
99	10	1088	1.1164155006408691	72.0	1e-06
99	11	1089	0.5390419363975525	89.47368421052632	1e-06
100	1	1090	1.0984349250793457	60.0	1e-06
100	2	1091	0.7908458709716797	84.0	1e-06
100	3	1092	0.8628937005996704	80.0	1e-06
100	4	1093	0.9961048364639282	72.0	1e-06
100	5	1094	0.6517677307128906	78.0	1e-06
100	6	1095	1.0206948518753052	68.0	1e-06
100	7	1096	1.0432621240615845	66.0	1e-06
100	8	1097	0.803864061832428	76.0	1e-06
100	9	1098	0.7050535678863525	78.0	1e-06
100	10	1099	1.1005151271820068	76.0	1e-06
100	11	1100	0.7945153117179871	73.6842105263158	1e-06
101	1	1101	1.0295636653900146	76.0	1e-06
101	2	1102	0.6844106912612915	78.0	1e-06
101	3	1103	0.9709848165512085	70.0	1e-06
101	4	1104	0.6052433848381042	76.0	1e-06
101	5	1105	0.9210307598114014	72.0	1e-06
101	6	1106	0.7813060879707336	82.0	1e-06
101	7	1107	0.9499454498291016	76.0	1e-06
101	8	1108	0.6959242224693298	80.0	1e-06
101	9	1109	1.1807292699813843	72.0	1e-06
101	10	1110	1.1004427671432495	68.0	1e-06
101	11	1111	1.0281649827957153	78.94736842105263	1e-06
102	1	1112	0.65729820728302	86.0	1e-06
102	2	1113	0.9099497199058533	72.0	1e-06
102	3	1114	1.1320371627807617	70.0	1e-06
102	4	1115	0.6617242693901062	74.0	1e-06
102	5	1116	0.8445096611976624	70.0	1e-06
102	6	1117	0.910514235496521	76.0	1e-06
102	7	1118	0.6530959606170654	84.0	1e-06
102	8	1119	0.7747622132301331	80.0	1e-06
102	9	1120	0.7774814367294312	76.0	1e-06
102	10	1121	0.8987818360328674	68.0	1e-06
102	11	1122	2.116560459136963	36.8421052631579	1e-06
103	1	1123	0.897758960723877	78.0	1e-06
103	2	1124	0.6383897662162781	82.0	1e-06
103	3	1125	1.205068826675415	76.0	1e-06
103	4	1126	1.1032898426055908	64.0	1e-06
103	5	1127	0.7593433260917664	74.0	1e-06
103	6	1128	0.4827539920806885	86.0	1e-06
103	7	1129	1.3221114873886108	66.0	1e-06
103	8	1130	0.9702851176261902	70.0	1e-06
103	9	1131	0.7705877423286438	78.0	1e-06
103	10	1132	0.6462016105651855	82.0	1e-06
103	11	1133	1.2555911540985107	57.89473684210526	1e-06
104	1	1134	1.0173496007919312	72.0	1e-06
104	2	1135	0.9565116167068481	72.0	1e-06
104	3	1136	1.0083444118499756	70.0	1e-06
104	4	1137	0.893308162689209	72.0	1e-06
104	5	1138	0.695384681224823	88.0	1e-06
104	6	1139	1.2528529167175293	76.0	1e-06
104	7	1140	1.4275283813476562	62.0	1e-06
104	8	1141	0.6867533922195435	82.0	1e-06
104	9	1142	0.44416293501853943	90.0	1e-06
104	10	1143	1.4253859519958496	60.0	1e-06
104	11	1144	0.7496262788772583	78.94736842105263	1e-06
105	1	1145	0.8164198994636536	70.0	1e-06
105	2	1146	0.9268942475318909	72.0	1e-06
105	3	1147	0.712192714214325	78.0	1e-06
105	4	1148	0.7964252233505249	76.0	1e-06
105	5	1149	0.8667415380477905	86.0	1e-06
105	6	1150	0.4859532117843628	86.0	1e-06
105	7	1151	0.8783109784126282	72.0	1e-06
105	8	1152	0.710252583026886	76.0	1e-06
105	9	1153	1.1758657693862915	64.0	1e-06
105	10	1154	1.0635607242584229	66.0	1e-06
105	11	1155	1.1100252866744995	73.6842105263158	1e-06
106	1	1156	0.8098214864730835	76.0	1e-06
106	2	1157	0.7679429650306702	76.0	1e-06
106	3	1158	0.6918702721595764	82.0	1e-06
106	4	1159	1.133633017539978	64.0	1e-06
106	5	1160	0.8057430982589722	76.0	1e-06
106	6	1161	0.9367625713348389	66.0	1e-06
106	7	1162	0.7001492381095886	80.0	1e-06
106	8	1163	0.9950551390647888	76.0	1e-06
106	9	1164	0.7672855854034424	78.0	1e-06
106	10	1165	0.656049370765686	82.0	1e-06
106	11	1166	0.44995537400245667	89.47368421052632	1e-06
107	1	1167	1.036065936088562	68.0	1e-06
107	2	1168	1.0596097707748413	68.0	1e-06
107	3	1169	0.9140421152114868	76.0	1e-06
107	4	1170	0.49212607741355896	84.0	1e-06
107	5	1171	0.7990608811378479	78.0	1e-06
107	6	1172	0.9571653604507446	70.0	1e-06
107	7	1173	0.5324633717536926	82.0	1e-06
107	8	1174	0.6634603142738342	86.0	1e-06
107	9	1175	0.7349326610565186	80.0	1e-06
107	10	1176	0.8983975052833557	76.0	1e-06
107	11	1177	1.8418772220611572	42.10526315789474	1e-06
108	1	1178	1.391822099685669	62.0	1e-06
108	2	1179	0.5845485925674438	82.0	1e-06
108	3	1180	0.8368037343025208	74.0	1e-06
108	4	1181	0.6945748329162598	84.0	1e-06
108	5	1182	0.7729475498199463	74.0	1e-06
108	6	1183	0.8689815402030945	72.0	1e-06
108	7	1184	1.141973853111267	70.0	1e-06
108	8	1185	0.7219197750091553	82.0	1e-06
108	9	1186	1.191818118095398	66.0	1e-06
108	10	1187	0.9565374851226807	72.0	1e-06
108	11	1188	0.7072111368179321	84.21052631578948	1e-06
109	1	1189	0.7560278177261353	74.0	1e-06
109	2	1190	1.080981731414795	74.0	1e-06
109	3	1191	0.9221287369728088	72.0	1e-06
109	4	1192	0.7371076941490173	76.0	1e-06
109	5	1193	0.644814670085907	80.0	1e-06
109	6	1194	1.0935901403427124	68.0	1e-06
109	7	1195	0.9611449241638184	72.0	1e-06
109	8	1196	0.7818268537521362	80.0	1e-06
109	9	1197	0.9269349575042725	74.0	1e-06
109	10	1198	0.7390480637550354	76.0	1e-06
109	11	1199	1.5435045957565308	47.36842105263158	1e-06
110	1	1200	0.8623643517494202	76.0	1e-06
110	2	1201	0.7267245650291443	80.0	1e-06
110	3	1202	0.6515733599662781	80.0	1e-06
110	4	1203	0.993872880935669	70.0	1e-06
110	5	1204	0.7917134761810303	80.0	1e-06
110	6	1205	0.8878375887870789	74.0	1e-06
110	7	1206	0.6751565337181091	84.0	1e-06
110	8	1207	0.432625412940979	88.0	1e-06
110	9	1208	0.9784944653511047	68.0	1e-06
110	10	1209	0.49253466725349426	86.0	1e-06
110	11	1210	0.7976333498954773	78.94736842105263	1e-06
111	1	1211	1.0115021467208862	70.0	1e-06
111	2	1212	0.5066915154457092	84.0	1e-06
111	3	1213	0.901155412197113	68.0	1e-06
111	4	1214	0.5832705497741699	82.0	1e-06
111	5	1215	0.530928909778595	84.0	1e-06
111	6	1216	0.7454993724822998	74.0	1e-06
111	7	1217	0.8932080268859863	70.0	1e-06
111	8	1218	0.4858074486255646	90.0	1e-06
111	9	1219	1.1126424074172974	66.0	1e-06
111	10	1220	0.7695593237876892	78.0	1e-06
111	11	1221	1.4203901290893555	63.1578947368421	1e-06
112	1	1222	1.1952083110809326	68.0	1e-06
112	2	1223	1.192842960357666	68.0	1e-06
112	3	1224	0.8911746144294739	72.0	1e-06
112	4	1225	0.8150399923324585	74.0	1e-06
112	5	1226	0.795992374420166	72.0	1e-06
112	6	1227	0.49735328555107117	84.0	1e-06
112	7	1228	0.6855716109275818	82.0	1e-06
112	8	1229	0.9350063800811768	76.0	1e-06
112	9	1230	0.680690586566925	92.0	1e-06
112	10	1231	0.6853349208831787	84.0	1e-06
112	11	1232	0.7360994219779968	73.6842105263158	1e-06
113	1	1233	0.7925202250480652	82.0	1e-06
113	2	1234	1.0635435581207275	72.0	1e-06
113	3	1235	1.1077609062194824	72.0	1e-06
113	4	1236	0.9620782732963562	68.0	1e-06
113	5	1237	0.8728989958763123	68.0	1e-06
113	6	1238	0.6480464935302734	86.0	1e-06
113	7	1239	0.5465681552886963	84.0	1e-06
113	8	1240	0.8523121476173401	82.0	1e-06
113	9	1241	0.5728577971458435	88.0	1e-06
113	10	1242	0.7497995495796204	68.0	1e-06
113	11	1243	0.3613976836204529	94.73684210526316	1e-06
114	1	1244	0.7771173119544983	74.0	1e-06
114	2	1245	0.6108057498931885	86.0	1e-06
114	3	1246	0.9510197639465332	68.0	1e-06
114	4	1247	0.6426135301589966	82.0	1e-06
114	5	1248	0.8562033772468567	72.0	1e-06
114	6	1249	0.462801069021225	88.0	1e-06
114	7	1250	0.5797269344329834	84.0	1e-06
114	8	1251	0.8091126084327698	74.0	1e-06
114	9	1252	0.6407222747802734	94.0	1e-06
114	10	1253	0.8037343621253967	74.0	1e-06
114	11	1254	1.1112912893295288	68.42105263157895	1e-06
115	1	1255	0.6316076517105103	80.0	1e-06
115	2	1256	0.7129890322685242	84.0	1e-06
115	3	1257	0.9856182336807251	68.0	1e-06
115	4	1258	1.0415531396865845	68.0	1e-06
115	5	1259	0.7971262335777283	82.0	1e-06
115	6	1260	1.1329575777053833	68.0	1e-06
115	7	1261	0.8449004888534546	70.0	1e-06
115	8	1262	0.6683975458145142	76.0	1e-06
115	9	1263	0.8316314816474915	74.0	1e-06
115	10	1264	0.458159476518631	86.0	1e-06
115	11	1265	1.612136960029602	57.89473684210526	1e-06
116	1	1266	0.8570684194564819	76.0	1e-06
116	2	1267	0.8539442420005798	78.0	1e-06
116	3	1268	0.8889411091804504	68.0	1e-06
116	4	1269	0.7844110131263733	74.0	1e-06
116	5	1270	0.9259400963783264	70.0	1e-06
116	6	1271	0.6505089402198792	78.0	1e-06
116	7	1272	0.8693011999130249	76.0	1e-06
116	8	1273	0.8959066271781921	72.0	1e-06
116	9	1274	0.9809820652008057	72.0	1e-06
116	10	1275	0.7443637847900391	80.0	1e-06
116	11	1276	0.8149247765541077	78.94736842105263	1e-06
117	1	1277	0.540363609790802	84.0	1e-06
117	2	1278	0.5990979671478271	78.0	1e-06
117	3	1279	0.9769649505615234	70.0	1e-06
117	4	1280	0.7223941087722778	84.0	1e-06
117	5	1281	0.927998423576355	70.0	1e-06
117	6	1282	0.6137757897377014	80.0	1e-06
117	7	1283	1.0971753597259521	68.0	1e-06
117	8	1284	0.8154730200767517	78.0	1e-06
117	9	1285	0.7083130478858948	76.0	1e-06
117	10	1286	1.1739104986190796	74.0	1e-06
117	11	1287	0.7861465811729431	78.94736842105263	1e-06
118	1	1288	0.5930195450782776	80.0	1e-06
118	2	1289	0.8445639610290527	72.0	1e-06
118	3	1290	0.5352098345756531	90.0	1e-06
118	4	1291	0.7759867310523987	76.0	1e-06
118	5	1292	0.7367872595787048	84.0	1e-06
118	6	1293	0.7133764028549194	78.0	1e-06
118	7	1294	0.9147641658782959	66.0	1e-06
118	8	1295	0.8130040168762207	76.0	1e-06
118	9	1296	0.7134817242622375	76.0	1e-06
118	10	1297	0.9719357490539551	74.0	1e-06
118	11	1298	0.5940717458724976	84.21052631578948	1e-06
119	1	1299	0.9220649003982544	64.0	1e-06
119	2	1300	0.8188444375991821	74.0	1e-06
119	3	1301	0.5567827820777893	86.0	1e-06
119	4	1302	0.5801774263381958	82.0	1e-06
119	5	1303	0.6256847977638245	84.0	1e-06
119	6	1304	0.9388117790222168	76.0	1e-06
119	7	1305	0.8859994411468506	74.0	1e-06
119	8	1306	0.6280811429023743	82.0	1e-06
119	9	1307	0.5714235901832581	80.0	1e-06
119	10	1308	0.7202971577644348	78.0	1e-06
119	11	1309	0.6714344620704651	89.47368421052632	1e-06
120	1	1310	0.7042555212974548	76.0	1e-06
120	2	1311	0.4157637059688568	90.0	1e-06
120	3	1312	0.7136034369468689	80.0	1e-06
120	4	1313	0.3334212601184845	90.0	1e-06
120	5	1314	0.9206220507621765	80.0	1e-06
120	6	1315	0.7619023323059082	74.0	1e-06
120	7	1316	0.775364100933075	80.0	1e-06
120	8	1317	0.8578752279281616	72.0	1e-06
120	9	1318	0.7734417915344238	74.0	1e-06
120	10	1319	0.715671181678772	78.0	1e-06
120	11	1320	0.33403387665748596	89.47368421052632	1e-06
121	1	1321	0.6765800714492798	82.0	1e-06
121	2	1322	0.715545654296875	80.0	1e-06
121	3	1323	0.7338594198226929	82.0	1e-06
121	4	1324	0.346770316362381	90.0	1e-06
121	5	1325	0.8944652080535889	74.0	1e-06
121	6	1326	0.6586560010910034	76.0	1e-06
121	7	1327	0.7647836208343506	78.0	1e-06
121	8	1328	0.7061823010444641	80.0	1e-06
121	9	1329	0.8928788900375366	76.0	1e-06
121	10	1330	0.597083568572998	82.0	1e-06
121	11	1331	0.7400507926940918	73.6842105263158	1e-06
122	1	1332	0.697287917137146	76.0	1e-06
122	2	1333	0.5489807724952698	78.0	1e-06
122	3	1334	1.0412020683288574	70.0	1e-06
122	4	1335	1.1739461421966553	64.0	1e-06
122	5	1336	0.9609867930412292	72.0	1e-06
122	6	1337	0.6654751300811768	80.0	1e-06
122	7	1338	0.4628024697303772	90.0	1e-06
122	8	1339	1.1401108503341675	74.0	1e-06
122	9	1340	0.4972877502441406	90.0	1e-06
122	10	1341	0.43930375576019287	92.0	1e-06
122	11	1342	0.7659529447555542	68.42105263157895	1e-06
123	1	1343	0.4314076900482178	90.0	1e-06
123	2	1344	0.8065534234046936	74.0	1e-06
123	3	1345	0.4986238181591034	86.0	1e-06
123	4	1346	1.011016845703125	70.0	1e-06
123	5	1347	0.4405674338340759	88.0	1e-06
123	6	1348	0.6895578503608704	78.0	1e-06
123	7	1349	0.8503294587135315	72.0	1e-06
123	8	1350	0.6108583211898804	80.0	1e-06
123	9	1351	0.7219564914703369	74.0	1e-06
123	10	1352	0.7181573510169983	78.0	1e-06
123	11	1353	0.9175677299499512	68.42105263157895	1e-06
124	1	1354	0.41116440296173096	88.0	1e-06
124	2	1355	0.883730411529541	78.0	1e-06
124	3	1356	0.5427352786064148	84.0	1e-06
124	4	1357	0.9036738872528076	74.0	1e-06
124	5	1358	0.9648366570472717	72.0	1e-06
124	6	1359	0.7867498993873596	80.0	1e-06
124	7	1360	0.6637894511222839	82.0	1e-06
124	8	1361	0.6163758635520935	80.0	1e-06
124	9	1362	0.7676244974136353	74.0	1e-06
124	10	1363	0.7902576327323914	80.0	1e-06
124	11	1364	0.4179162383079529	89.47368421052632	1e-06
125	1	1365	0.8199863433837891	70.0	1e-06
125	2	1366	0.7154418230056763	80.0	1e-06
125	3	1367	0.6214728355407715	82.0	1e-06
125	4	1368	0.4916795492172241	84.0	1e-06
125	5	1369	0.6654676795005798	78.0	1e-06
125	6	1370	0.4090114235877991	88.0	1e-06
125	7	1371	0.7432448863983154	76.0	1e-06
125	8	1372	0.920738935470581	72.0	1e-06
125	9	1373	0.6828864216804504	82.0	1e-06
125	10	1374	0.7719941139221191	80.0	1e-06
125	11	1375	0.7313121557235718	73.6842105263158	1e-06
126	1	1376	0.45168182253837585	86.0	1e-06
126	2	1377	0.9520546197891235	70.0	1e-06
126	3	1378	0.6914995312690735	88.0	1e-06
126	4	1379	0.7858606576919556	72.0	1e-06
126	5	1380	0.6286910176277161	82.0	1e-06
126	6	1381	0.4629584550857544	84.0	1e-06
126	7	1382	0.9329033493995667	70.0	1e-06
126	8	1383	0.6545218825340271	84.0	1e-06
126	9	1384	0.6738600730895996	76.0	1e-06
126	10	1385	0.8721321821212769	74.0	1e-06
126	11	1386	0.8149614930152893	78.94736842105263	1e-06
127	1	1387	0.9188668131828308	76.0	1e-06
127	2	1388	0.6061528325080872	82.0	1e-06
127	3	1389	1.0755518674850464	66.0	1e-06
127	4	1390	0.5759087800979614	80.0	1e-06
127	5	1391	0.5863679051399231	78.0	1e-06
127	6	1392	0.6775275468826294	78.0	1e-06
127	7	1393	0.6271464824676514	82.0	1e-06
127	8	1394	0.5616869330406189	82.0	1e-06
127	9	1395	0.570346474647522	84.0	1e-06
127	10	1396	0.6962926983833313	80.0	1e-06
127	11	1397	0.9207424521446228	68.42105263157895	1e-06
128	1	1398	0.7907227873802185	72.0	1e-06
128	2	1399	0.5860446691513062	82.0	1e-06
128	3	1400	0.6384892463684082	84.0	1e-06
128	4	1401	0.48685118556022644	92.0	1e-06
128	5	1402	0.6404118537902832	80.0	1e-06
128	6	1403	0.7443456053733826	82.0	1e-06
128	7	1404	0.43056759238243103	84.0	1e-06
128	8	1405	0.5774106383323669	86.0	1e-06
128	9	1406	0.8369249105453491	72.0	1e-06
128	10	1407	0.5922662615776062	88.0	1e-06
128	11	1408	0.9415424466133118	73.6842105263158	1e-06
129	1	1409	0.6589097380638123	86.0	1e-06
129	2	1410	0.7265810370445251	82.0	1e-06
129	3	1411	0.908939003944397	72.0	1e-06
129	4	1412	0.8221105933189392	80.0	1e-06
129	5	1413	0.9491506814956665	66.0	1e-06
129	6	1414	0.5944455862045288	82.0	1e-06
129	7	1415	0.6565915942192078	80.0	1e-06
129	8	1416	0.9168642163276672	72.0	1e-06
129	9	1417	0.6565456986427307	82.0	1e-06
129	10	1418	0.6220459342002869	78.0	1e-06
129	11	1419	0.5061105489730835	84.21052631578948	1e-06
130	1	1420	0.6950831413269043	80.0	1e-06
130	2	1421	0.6177595257759094	84.0	1e-06
130	3	1422	0.6340206861495972	82.0	1e-06
130	4	1423	0.5904544591903687	86.0	1e-06
130	5	1424	0.8043642640113831	78.0	1e-06
130	6	1425	0.6939795613288879	80.0	1e-06
130	7	1426	0.5826735496520996	78.0	1e-06
130	8	1427	0.9174962639808655	66.0	1e-06
130	9	1428	0.551105797290802	82.0	1e-06
130	10	1429	0.6531538367271423	80.0	1e-06
130	11	1430	0.8214651346206665	73.6842105263158	1e-06
131	1	1431	0.5127518773078918	84.0	1e-06
131	2	1432	0.5183137655258179	88.0	1e-06
131	3	1433	0.5849378705024719	80.0	1e-06
131	4	1434	0.6487818360328674	82.0	1e-06
131	5	1435	0.6413091421127319	82.0	1e-06
131	6	1436	0.8211848735809326	80.0	1e-06
131	7	1437	0.8124338388442993	74.0	1e-06
131	8	1438	0.7316967844963074	84.0	1e-06
131	9	1439	0.7130197286605835	74.0	1e-06
131	10	1440	0.7464611530303955	72.0	1e-06
131	11	1441	1.48173189163208	68.42105263157895	1e-06
132	1	1442	0.5896495580673218	78.0	1e-06
132	2	1443	0.5423524379730225	84.0	1e-06
132	3	1444	0.6362857818603516	82.0	1e-06
132	4	1445	0.7053859829902649	76.0	1e-06
132	5	1446	0.6268140077590942	80.0	1e-06
132	6	1447	0.4827748239040375	88.0	1e-06
132	7	1448	0.836728572845459	74.0	1e-06
132	8	1449	0.6336098909378052	82.0	1e-06
132	9	1450	0.648978590965271	80.0	1e-06
132	10	1451	0.44836562871932983	90.0	1e-06
132	11	1452	0.9769757986068726	78.94736842105263	1e-06
133	1	1453	0.3140474557876587	84.0	1e-06
133	2	1454	0.7708801031112671	78.0	1e-06
133	3	1455	0.6097609996795654	80.0	1e-06
133	4	1456	0.5534143447875977	84.0	1e-06
133	5	1457	0.6986425518989563	82.0	1e-06
133	6	1458	0.7906479835510254	74.0	1e-06
133	7	1459	0.8233880400657654	70.0	1e-06
133	8	1460	0.42940735816955566	90.0	1e-06
133	9	1461	0.44931817054748535	90.0	1e-06
133	10	1462	0.8089196085929871	76.0	1e-06
133	11	1463	0.6980384588241577	68.42105263157895	1e-06
134	1	1464	0.8228409290313721	72.0	1e-06
134	2	1465	0.6645276546478271	80.0	1e-06
134	3	1466	0.8783019185066223	72.0	1e-06
134	4	1467	0.6108916997909546	92.0	1e-06
134	5	1468	0.9694225788116455	70.0	1e-06
134	6	1469	0.6089643239974976	82.0	1e-06
134	7	1470	0.8034359216690063	74.0	1e-06
134	8	1471	0.5722504258155823	78.0	1e-06
134	9	1472	0.6370865106582642	78.0	1e-06
134	10	1473	0.7752683758735657	74.0	1e-06
134	11	1474	0.5077230930328369	84.21052631578948	1e-06
135	1	1475	0.4679886996746063	86.0	1e-06
135	2	1476	0.8675537705421448	72.0	1e-06
135	3	1477	0.41143113374710083	90.0	1e-06
135	4	1478	0.6365565657615662	84.0	1e-06
135	5	1479	0.4780474007129669	86.0	1e-06
135	6	1480	0.5724902153015137	86.0	1e-06
135	7	1481	0.556581974029541	84.0	1e-06
135	8	1482	0.6019668579101562	88.0	1e-06
135	9	1483	1.1063462495803833	68.0	1e-06
135	10	1484	0.5904848575592041	80.0	1e-06
135	11	1485	0.8680254220962524	78.94736842105263	1e-06
136	1	1486	0.48130372166633606	86.0	1e-06
136	2	1487	0.5063202381134033	84.0	1e-06
136	3	1488	0.5967102646827698	84.0	1e-06
136	4	1489	0.9917285442352295	76.0	1e-06
136	5	1490	0.7937737107276917	74.0	1e-06
136	6	1491	0.4069764316082001	84.0	1e-06
136	7	1492	0.6124564409255981	84.0	1e-06
136	8	1493	0.5299011468887329	90.0	1e-06
136	9	1494	0.7367554306983948	72.0	1e-06
136	10	1495	0.9762203693389893	70.0	1e-06
136	11	1496	0.844687283039093	73.6842105263158	1e-06
137	1	1497	0.7837245464324951	80.0	1e-06
137	2	1498	0.8300783038139343	78.0	1e-06
137	3	1499	0.6575282216072083	82.0	1e-06
137	4	1500	0.49247825145721436	94.0	1e-06
137	5	1501	0.7956961989402771	72.0	1e-06
137	6	1502	0.7981593608856201	72.0	1e-06
137	7	1503	0.46238425374031067	90.0	1e-06
137	8	1504	0.9848968386650085	78.0	1e-06
137	9	1505	0.44839897751808167	88.0	1e-06
137	10	1506	0.6941160559654236	80.0	1e-06
137	11	1507	0.6717031598091125	78.94736842105263	1e-06
138	1	1508	0.657661497592926	82.0	1e-06
138	2	1509	0.8531458377838135	74.0	1e-06
138	3	1510	0.8918372988700867	72.0	1e-06
138	4	1511	0.42874154448509216	88.0	1e-06
138	5	1512	0.4558109939098358	86.0	1e-06
138	6	1513	0.47301623225212097	92.0	1e-06
138	7	1514	0.28050336241722107	94.0	1e-06
138	8	1515	0.6328076720237732	82.0	1e-06
138	9	1516	0.7912740111351013	84.0	1e-06
138	10	1517	0.7340850830078125	74.0	1e-06
138	11	1518	0.768124520778656	89.47368421052632	1e-06
