epoch	loss	acc	lr
1	2.7551221640213677	10.434782608695652	1e-05
2	2.8244375871575396	7.826086956521739	1e-05
3	2.6526056994562563	15.652173913043478	1e-05
4	2.8048113843669062	8.695652173913043	1e-05
5	2.6028062053348706	16.52173913043478	1e-05
6	2.3756721019744873	16.52173913043478	1e-05
7	2.5056430464205532	19.130434782608695	1e-05
8	2.5162067724310835	12.173913043478262	1e-05
9	2.3652543399644936	13.043478260869565	1e-05
10	2.5592305349267046	14.782608695652174	1e-05
11	2.4957900047302246	17.391304347826086	1e-05
12	2.3547031050143032	20.869565217391305	1e-05
13	2.217380300812099	28.695652173913043	1e-05
14	2.1027114132176274	26.08695652173913	1e-05
15	2.1753215478814165	28.695652173913043	1e-05
16	2.1628244493318642	23.47826086956522	1e-05
17	2.015203724736753	33.91304347826087	1e-05
18	1.9146673472031304	34.78260869565217	1e-05
19	2.3243598316026772	33.04347826086956	1e-05
20	1.8658073674077573	34.78260869565217	1e-05
21	1.9076200257176938	34.78260869565217	1e-05
22	1.9117373176242993	32.17391304347826	1e-05
23	1.7118500730265742	35.65217391304348	1e-05
24	1.646082966224007	43.47826086956522	1e-05
25	1.725483573001364	39.130434782608695	1e-05
26	1.7732486621193264	40.0	1e-05
27	1.8025154600972715	38.26086956521739	1e-05
28	1.638951793960903	46.08695652173913	1e-05
29	1.6533784918163135	46.08695652173913	1e-05
30	1.6723699828852778	39.130434782608695	1e-05
31	1.5302849386049353	46.95652173913044	1e-05
32	1.6557629056598828	40.0	1e-05
33	1.4375401217004526	46.08695652173913	1e-05
34	1.5390774270762568	44.34782608695652	1e-05
35	1.5576627617296965	49.56521739130435	1e-05
36	1.4495039038036182	47.82608695652174	1e-05
37	1.4065997185914412	48.69565217391305	1e-05
38	1.34023742572121	53.91304347826087	1e-05
39	1.3563075221103171	53.04347826086956	1e-05
40	1.4331445434819097	44.34782608695652	1e-05
41	1.2125018472256868	59.130434782608695	1e-05
42	1.4706032068833061	49.56521739130435	1e-05
43	1.2132777856743855	58.26086956521739	1e-05
44	1.222825718962628	57.391304347826086	1e-05
45	1.2367000502088796	53.04347826086956	1e-05
46	1.0761167225630388	62.608695652173914	1e-05
47	1.3426407368286797	51.30434782608695	1e-05
48	1.1122330530830051	60.869565217391305	1e-05
49	1.2000094807666282	54.78260869565217	1e-05
50	1.189197151557259	50.43478260869565	1e-05
51	1.0759321813998015	61.73913043478261	1e-05
52	1.1051025416540063	60.0	1e-05
53	1.1759065285972927	53.04347826086956	1e-05
54	1.2467024326324463	53.91304347826087	1e-05
55	1.0051694512367249	63.47826086956522	1e-05
56	1.0264084157736406	62.608695652173914	1e-05
57	1.0358341362165369	66.95652173913044	1e-05
58	0.9523089916809745	70.43478260869566	1e-05
59	0.8731362301370372	69.56521739130434	1e-05
60	1.100961244624594	63.47826086956522	1e-05
61	0.8926965464716372	66.08695652173913	1e-05
62	0.9470328429470891	69.56521739130434	1e-05
63	0.9770087729329648	62.608695652173914	1e-05
64	0.8650093959725421	73.04347826086956	1e-05
65	0.8389044766840728	67.82608695652173	1e-05
66	0.8676350738691248	71.30434782608695	1e-05
67	0.804264643917913	73.04347826086956	1e-05
68	0.8428290460420691	75.65217391304348	1e-05
69	0.857917264751766	73.04347826086956	1e-05
70	0.8678723677344944	67.82608695652173	1e-05
71	0.8974564904751985	66.95652173913044	1e-05
72	0.7796446784682896	76.52173913043478	1e-05
73	0.9841784238815308	62.608695652173914	1e-05
74	0.7805408239364624	71.30434782608695	1e-05
75	0.7746941006701925	66.08695652173913	1e-05
76	0.7713554060977438	73.91304347826087	1e-05
77	0.697890827189321	76.52173913043478	1e-05
78	0.7551450988520747	71.30434782608695	1e-05
79	0.727165963338769	73.04347826086956	1e-05
80	0.5814440833485645	76.52173913043478	1e-05
81	0.6064160803089971	83.47826086956522	1e-05
82	0.6962492154992145	76.52173913043478	1e-05
83	0.5875981294590494	82.6086956521739	1e-05
84	0.5965732983920885	82.6086956521739	1e-05
85	0.7053270443626072	76.52173913043478	1e-05
86	0.7162888853446298	74.78260869565217	1e-05
87	0.7294037031090778	74.78260869565217	1e-05
88	0.48445854238841846	83.47826086956522	1e-05
89	0.6151223467743915	82.6086956521739	1e-05
90	0.6916562888933264	79.1304347826087	1e-05
91	0.6156232719836028	77.3913043478261	1e-05
92	0.5789712822955587	81.73913043478261	1e-05
93	0.5554601005885912	80.8695652173913	1e-05
94	0.5633903767751611	83.47826086956522	1e-05
95	0.48752804554027057	80.0	1e-05
96	0.46185887507770373	90.43478260869566	1e-05
97	0.5811606697414232	80.8695652173913	1e-05
98	0.49971518438795337	83.47826086956522	1e-05
99	0.578271033971206	80.0	1e-05
100	0.4333062638407168	85.21739130434783	1e-05
101	0.38399686761524365	86.95652173913044	1e-05
102	0.3792576504790265	84.34782608695652	1e-05
103	0.541615763436193	82.6086956521739	1e-05
104	0.6152340225551439	81.73913043478261	1e-05
105	0.5655191748038583	80.8695652173913	1e-05
106	0.5077260292094686	86.08695652173913	1e-05
107	0.4776286780834198	86.08695652173913	1e-05
108	0.6551066481548807	80.0	1e-05
109	0.4461262718490932	86.08695652173913	1e-05
110	0.3702642852845399	86.08695652173913	1e-05
111	0.509914746750956	83.47826086956522	1e-05
112	0.598655501137609	81.73913043478261	1e-05
113	0.5311795991400013	83.47826086956522	1e-05
114	0.3974267438701961	88.69565217391305	1e-05
115	0.6816670842792677	74.78260869565217	1.0000000000000002e-06
116	0.5827977618445521	78.26086956521739	1.0000000000000002e-06
117	0.30046237033346423	89.56521739130434	1.0000000000000002e-06
118	0.3594781860061314	86.95652173913044	1.0000000000000002e-06
119	0.7621223719223685	76.52173913043478	1.0000000000000002e-06
120	0.4315989445085111	85.21739130434783	1.0000000000000002e-06
121	0.5390469224556632	77.3913043478261	1.0000000000000002e-06
122	0.4947254346764606	83.47826086956522	1.0000000000000002e-06
123	0.38069045543670654	88.69565217391305	1.0000000000000002e-06
124	0.41863921673401544	86.08695652173913	1.0000000000000002e-06
125	0.30246653051480005	89.56521739130434	1.0000000000000002e-06
126	0.3563128411769867	90.43478260869566	1.0000000000000002e-06
127	0.30721062875312305	90.43478260869566	1.0000000000000002e-06
128	0.379082871520001	86.08695652173913	1.0000000000000002e-06
129	0.42986092878424603	87.82608695652173	1.0000000000000002e-06
130	0.4235111267670341	84.34782608695652	1.0000000000000002e-06
131	0.3854761382807856	86.95652173913044	1.0000000000000002e-06
132	0.4460393060808596	85.21739130434783	1.0000000000000002e-06
133	0.26139846184979315	91.30434782608695	1.0000000000000002e-06
134	0.4016850538875746	86.08695652173913	1.0000000000000002e-06
135	0.33282815373462177	89.56521739130434	1.0000000000000002e-06
136	0.36137482264767523	91.30434782608695	1.0000000000000002e-06
137	0.3963685230068538	86.08695652173913	1.0000000000000002e-06
138	0.4513750840788302	87.82608695652173	1.0000000000000002e-06
139	0.38981037295382953	86.08695652173913	1.0000000000000002e-06
140	0.4018017040646594	83.47826086956522	1.0000000000000002e-06
141	0.29549481039461883	90.43478260869566	1.0000000000000002e-06
142	0.47626595393471094	82.6086956521739	1.0000000000000002e-06
143	0.31385310706884967	91.30434782608695	1.0000000000000002e-06
144	0.3857648722503496	90.43478260869566	1.0000000000000002e-06
145	0.35794195532798767	91.30434782608695	1.0000000000000002e-06
146	0.35270530503729114	89.56521739130434	1.0000000000000002e-06
147	0.32675566751024	87.82608695652173	1.0000000000000002e-06
148	0.43994652091161063	85.21739130434783	1.0000000000000002e-06
149	0.3758394199868907	86.08695652173913	1.0000000000000002e-06
150	0.4121312058490256	87.82608695652173	1.0000000000000002e-06
151	0.41291707494984503	88.69565217391305	1.0000000000000002e-06
152	0.4613591613976852	85.21739130434783	1.0000000000000002e-06
153	0.27043426166410034	91.30434782608695	1.0000000000000002e-06
154	0.555656391641368	73.91304347826087	1.0000000000000002e-06
155	0.37912128282629926	87.82608695652173	1.0000000000000002e-06
156	0.245130634178286	93.04347826086956	1.0000000000000002e-06
157	0.2912785423838574	92.17391304347827	1.0000000000000002e-06
158	0.39097126022629114	86.08695652173913	1.0000000000000002e-06
159	0.20406632514103598	96.52173913043478	1.0000000000000002e-06
160	0.39937355984812195	90.43478260869566	1.0000000000000002e-06
161	0.45168147138927295	86.95652173913044	1.0000000000000002e-06
162	0.36060538110525714	86.95652173913044	1.0000000000000002e-06
163	0.2698193542335344	93.04347826086956	1.0000000000000002e-06
164	0.3889255057210508	87.82608695652173	1.0000000000000002e-06
165	0.30886121677315753	90.43478260869566	1.0000000000000002e-06
166	0.33311053462650464	90.43478260869566	1.0000000000000002e-06
167	0.4088798268981602	84.34782608695652	1.0000000000000002e-06
168	0.4787522398907205	81.73913043478261	1.0000000000000002e-06
169	0.31184824523718463	91.30434782608695	1.0000000000000002e-06
170	0.3860055726507436	86.08695652173913	1.0000000000000002e-06
171	0.25217448563679407	94.78260869565217	1.0000000000000002e-06
172	0.287435338548992	89.56521739130434	1.0000000000000002e-06
173	0.28558436036109924	92.17391304347827	1.0000000000000002e-06
174	0.2655248952948529	92.17391304347827	1.0000000000000002e-06
175	0.36841935567233874	86.95652173913044	1.0000000000000002e-06
176	0.2803962101107058	90.43478260869566	1.0000000000000002e-06
177	0.3023214314294898	89.56521739130434	1.0000000000000002e-06
178	0.24122716680816983	92.17391304347827	1.0000000000000002e-06
179	0.28508945392525714	91.30434782608695	1.0000000000000002e-06
180	0.2745136884243592	92.17391304347827	1.0000000000000002e-06
181	0.4959179862685826	86.08695652173913	1.0000000000000002e-06
182	0.285225413415743	92.17391304347827	1.0000000000000002e-06
183	0.4479580158772676	83.47826086956522	1.0000000000000002e-07
184	0.27448217635569366	91.30434782608695	1.0000000000000002e-07
185	0.30371290056601813	93.91304347826087	1.0000000000000002e-07
186	0.24644096130910126	95.65217391304348	1.0000000000000002e-07
187	0.45300246062486066	85.21739130434783	1.0000000000000002e-07
188	0.3594183759844821	88.69565217391305	1.0000000000000002e-07
189	0.35870601819909137	90.43478260869566	1.0000000000000002e-07
190	0.19589836571527564	95.65217391304348	1.0000000000000002e-07
191	0.299572484648746	89.56521739130434	1.0000000000000002e-07
192	0.47356547998345416	86.95652173913044	1.0000000000000002e-07
193	0.30751886056817096	89.56521739130434	1.0000000000000002e-07
194	0.29690537374952564	89.56521739130434	1.0000000000000002e-07
195	0.30151120735251385	91.30434782608695	1.0000000000000002e-07
196	0.28080801989721216	90.43478260869566	1.0000000000000002e-07
197	0.26672923176184943	89.56521739130434	1.0000000000000002e-07
198	0.3798340643229692	88.69565217391305	1.0000000000000002e-07
199	0.42804870916449506	84.34782608695652	1.0000000000000002e-07
200	0.3176762720812922	87.82608695652173	1.0000000000000002e-07
201	0.35685785179552826	90.43478260869566	1.0000000000000002e-07
202	0.539475987786832	80.8695652173913	1.0000000000000002e-07
203	0.3134815602198891	89.56521739130434	1.0000000000000002e-07
204	0.4132521735585254	84.34782608695652	1.0000000000000002e-07
205	0.3552561933579652	87.82608695652173	1.0000000000000002e-07
206	0.2487510462170062	94.78260869565217	1.0000000000000002e-07
207	0.5304303324740866	83.47826086956522	1.0000000000000002e-07
208	0.31713324785232544	92.17391304347827	1.0000000000000002e-07
209	0.3724046116289885	86.08695652173913	1.0000000000000002e-07
210	0.4235815017119698	86.08695652173913	1.0000000000000002e-07
211	0.34176063796748285	91.30434782608695	1.0000000000000002e-07
212	0.18416077999965005	96.52173913043478	1.0000000000000002e-07
213	0.30892660047696985	91.30434782608695	1.0000000000000002e-07
214	0.388158539067144	90.43478260869566	1.0000000000000002e-07
215	0.28796549854071246	90.43478260869566	1.0000000000000002e-07
216	0.35751850773458893	86.08695652173913	1.0000000000000002e-07
217	0.2960839141970095	90.43478260869566	1.0000000000000002e-07
218	0.40325192783189856	86.08695652173913	1.0000000000000002e-07
219	0.3117791582708773	87.82608695652173	1.0000000000000002e-07
220	0.29371768495310907	88.69565217391305	1.0000000000000002e-07
221	0.4066015274628349	84.34782608695652	1.0000000000000002e-07
222	0.36695847044820373	86.95652173913044	1.0000000000000002e-07
223	0.33614768800528155	89.56521739130434	1.0000000000000002e-07
224	0.26437004364055133	90.43478260869566	1.0000000000000002e-07
225	0.31718856873719586	86.95652173913044	1.0000000000000002e-07
226	0.2778248715659846	90.43478260869566	1.0000000000000002e-07
227	0.27048543225164	92.17391304347827	1.0000000000000002e-07
228	0.3335822574470354	86.95652173913044	1.0000000000000002e-07
229	0.19209634998570319	95.65217391304348	1.0000000000000002e-07
230	0.27850087440532184	91.30434782608695	1.0000000000000002e-07
