epoch	epistemic	aleatoric	random_param_mean	random_param_log_alpha	total_param_mean	total_param_log_alpha
1	7.91929692565696e-05	0.11723144602031821	0.0020276664290577173	-4.999988555908203	-3.231146911275573e-05	-4.99998664855957
2	0.0020326529479208766	0.1704859392366349	0.0020244678016752005	-4.999977111816406	-3.239559009671211e-05	-4.999973297119141
3	0.00013592636018759652	0.14712782556008058	0.0020248275250196457	-4.999965667724609	-3.2485815609106794e-05	-4.999968528747559
4	0.0005057273389882933	0.19472585643441565	0.0020248328801244497	-4.9999542236328125	-3.2448187994305044e-05	-4.999953746795654
5	0.016752497879760464	0.19911698299062974	0.0020281269680708647	-4.999942779541016	-3.2369454856961966e-05	-4.999939918518066
6	0.0019045714965379434	0.18620737051194491	0.0020299118477851152	-4.999931335449219	-3.2165622542379424e-05	-4.999935150146484
7	0.007097259005295953	0.21060614345775908	0.0020316194277256727	-4.999919891357422	-3.2024170650402084e-05	-4.999922275543213
8	0.015397813239875699	0.20938783399812183	0.0020350799895823	-4.999908447265625	-3.194226519553922e-05	-4.999908447265625
9	0.005587732390910871	0.18523121958381805	0.0020368946716189384	-4.999897003173828	-3.186968024238013e-05	-4.999895095825195
10	0.021963698950818733	0.21934066231366023	0.0020392436999827623	-4.999885559082031	-3.177956386934966e-05	-4.999881744384766
11	0.0005188524074885431	0.18481756370589636	0.0020390457939356565	-4.999874114990234	-3.173162986058742e-05	-4.999876976013184
12	0.004007289581057005	0.21576374804892184	0.0020422381348907948	-4.9998626708984375	-3.163440487696789e-05	-4.999863147735596
13	0.004998279832278893	0.20757813154568322	0.0020408746786415577	-4.999851226806641	-3.1477764423470944e-05	-4.999848365783691
14	0.07041254160714178	0.17867249225021514	0.0020417356863617897	-4.999839782714844	-3.143024514429271e-05	-4.999843597412109
15	0.016952269863411196	0.19941560339881703	0.0020414243917912245	-4.999828338623047	-3.143017602269538e-05	-4.999830722808838
16	0.004665183921170213	0.2058559108779403	0.00203731213696301	-4.99981689453125	-3.1543047953164205e-05	-4.99981689453125
17	0.04802923339037024	0.19674962189795986	0.002035614103078842	-4.999805450439453	-3.161918721161783e-05	-4.99980354309082
18	0.03618208599699119	0.21211952190909922	0.002034313278272748	-4.999794006347656	-3.163111978210509e-05	-4.999790191650391
19	0.03556492112517434	0.21438754922640196	0.00203100498765707	-4.999782562255859	-3.1474097340833396e-05	-4.999785423278809
20	0.042533860001042256	0.19512906224106064	0.002026781439781189	-4.9997711181640625	-3.150797783746384e-05	-4.999770641326904
21	0.01909652859046468	0.22431624983194776	0.0020235064439475536	-4.999759674072266	-3.1600677175447345e-05	-4.999756813049316
22	0.006705335863754491	0.2330713167436793	0.00202249176800251	-4.999748229980469	-3.166927126585506e-05	-4.999752044677734
23	0.021445690945075757	0.2174478448450361	0.002021299907937646	-4.999736785888672	-3.155203739879653e-05	-4.999739170074463
24	0.003344566242031888	0.246055286463285	0.002017874037846923	-4.999725341796875	-3.148423638776876e-05	-4.999725341796875
25	0.02293170903803149	0.21831514377422562	0.0020147180184721947	-4.999713897705078	-3.132313213427551e-05	-4.999711990356445
26	0.028989575509945353	0.21881843419843228	0.002014411613345146	-4.999702453613281	-3.117172309430316e-05	-4.999698638916016
27	0.0058843410116105055	0.24285276123802335	0.002012619748711586	-4.999691009521484	-3.112693229923025e-05	-4.999693870544434
28	0.03049621500502897	0.2035474518093663	0.002007744973525405	-4.9996795654296875	-3.108553937636316e-05	-4.999680042266846
29	0.02048197173396299	0.2286675722938234	0.0020057668443769217	-4.999668121337891	-3.113891580142081e-05	-4.999665260314941
30	0.060024734534126434	0.1855215989139818	0.00200248952023685	-4.999656677246094	-3.125274088233709e-05	-4.999660491943359
31	0.014339322501449536	0.2121223497315473	0.0019987907726317644	-4.999645233154297	-3.126865703961812e-05	-4.999647617340088
32	0.10624356449318045	0.14016051236465027	0.0019996229093521833	-4.9996337890625	-3.11210096697323e-05	-4.9996337890625
33	0.03513556993730366	0.20879681403723782	0.0019984813407063484	-4.999622344970703	-3.0967919883551076e-05	-4.99962043762207
34	0.06956819824754773	0.1662576743232005	0.0019971230067312717	-4.999610900878906	-3.088257653871551e-05	-4.999607086181641
35	0.06454257622952014	0.16598879577605596	0.001993549522012472	-4.999599456787109	-3.0777307983953506e-05	-4.999602317810059
36	0.026715149646989955	0.1728317504545105	0.0019910417031496763	-4.9995880126953125	-3.061610914301127e-05	-4.999587535858154
37	0.04901732704819278	0.1964996839440578	0.0019859427120536566	-4.999576568603516	-3.05565154121723e-05	-4.999573707580566
38	0.03829290420790765	0.16956944793176287	0.0019801987800747156	-4.999565124511719	-3.0572275136364624e-05	-4.999568939208984
39	0.08079743875264289	0.16862217106830224	0.001978622516617179	-4.999553680419922	-3.060993549297564e-05	-4.999556064605713
40	0.017352076627932034	0.1943238233932254	0.0019747065380215645	-4.999542236328125	-3.0662864446640015e-05	-4.999542236328125
41	0.02604906764556486	0.21607160081815446	0.0019717903342097998	-4.999530792236328	-3.070103775826283e-05	-4.999528884887695
42	0.06422384192049851	0.15751180722385238	0.001970181940123439	-4.999519348144531	-3.0640010663773865e-05	-4.999515533447266
43	0.040412429768261926	0.17780519203664436	0.001970689743757248	-4.999507904052734	-3.058130823774263e-05	-4.999510765075684
44	0.05675258094347835	0.14925691797009555	0.0019739517010748386	-4.9994964599609375	-3.0511495424434543e-05	-4.999496936798096
45	0.030998480401174255	0.21489662900697049	0.0019720757845789194	-4.999485015869141	-3.0497611078317277e-05	-4.999482154846191
46	0.08772734044723474	0.11572169333818483	0.001968118827790022	-4.999473571777344	-3.056856076000258e-05	-4.999477386474609
47	0.06048439381835918	0.15319877051949393	0.001967341871932149	-4.999462127685547	-3.053199907299131e-05	-4.999464511871338
48	0.057694124465804186	0.15170157531995243	0.001967936521396041	-4.99945068359375	-3.0432776839006692e-05	-4.99945068359375
49	0.08600538692199833	0.09330451677193063	0.0019703609868884087	-4.999439239501953	-3.0423301723203622e-05	-4.99943733215332
50	0.10701432636624553	0.11381935521858999	0.0019707984756678343	-4.999427795410156	-3.0344883271027356e-05	-4.999423980712891
51	0.041119129498327966	0.12157750025607572	0.0019696587696671486	-4.999416351318359	-3.0170762329362333e-05	-4.999419212341309
52	0.004665529619528597	0.15495683310163155	0.0019699889235198498	-4.9994049072265625	-3.0057668482186273e-05	-4.999404430389404
53	0.006269734605605315	0.23313069013773813	0.001968798926100135	-4.999393463134766	-2.9996406738064252e-05	-4.999390602111816
54	0.07606584027482732	0.12455240323232353	0.001969503238797188	-4.999382019042969	-2.995091381308157e-05	-4.999385833740234
55	0.020436389297558755	0.12162829235849237	0.001968551427125931	-4.999370574951172	-2.9796879971399903e-05	-4.999372959136963
56	0.04251020778233716	0.17932438704143472	0.001966386567801237	-4.999359130859375	-2.9639491913258098e-05	-4.999359130859375
57	0.055608654716086336	0.18393083457260362	0.0019605865236371756	-4.999347686767578	-2.9552262276411057e-05	-4.999345779418945
58	0.07765308356272871	0.1395867546074454	0.001960005611181259	-4.999336242675781	-2.9505239581339993e-05	-4.999332427978516
59	0.024819356703340734	0.192773068403002	0.001958934124559164	-4.999324798583984	-2.9400400308077224e-05	-4.999327659606934
60	0.011517769619619811	0.13609769343488676	0.0019601918756961823	-4.9993133544921875	-2.932069037342444e-05	-4.999313831329346
61	0.061564822872862246	0.12055293577686288	0.0019613117910921574	-4.999301910400391	-2.916925586760044e-05	-4.999299049377441
62	0.004204970179854328	0.17377716238107332	0.0019617623183876276	-4.999290466308594	-2.9017197448411025e-05	-4.999294281005859
63	0.014909494154088376	0.09939529203232222	0.001962465699762106	-4.999279022216797	-2.8985443350393325e-05	-4.999281406402588
64	0.02581636276352217	0.16318847110078671	0.0019618335645645857	-4.999267578125	-2.8977630790905096e-05	-4.999267578125
65	0.07992635288736061	0.07497501355674352	0.001961369765922427	-4.999256134033203	-2.8974145607207902e-05	-4.99925422668457
66	0.013292752563534016	0.17785023457965288	0.0019598372746258974	-4.999244689941406	-2.8953027140232734e-05	-4.999240875244141
67	0.011504505748461069	0.1997416696594696	0.0019611946772783995	-4.999233245849609	-2.8946195016033016e-05	-4.999236106872559
68	0.006471276415001448	0.11398563424034691	0.0019631260074675083	-4.9992218017578125	-2.8843056497862563e-05	-4.999221324920654
69	0.06487527940667537	0.12255238434002003	0.001962477806955576	-4.999210357666016	-2.8840648155892268e-05	-4.999207496643066
70	0.03520983510625331	0.18505359121310772	0.0019617083016783	-4.999198913574219	-2.875249265343882e-05	-4.999202728271484
71	0.01759131012969628	0.17567117066788906	0.0019611595198512077	-4.999187469482422	-2.867443981813267e-05	-4.999189853668213
72	0.010882149716505252	0.12411908349089895	0.0019619769882410765	-4.999176025390625	-2.865528585971333e-05	-4.999176025390625
73	0.035027068828071384	0.16467888874046266	0.0019644650164991617	-4.999164581298828	-2.858421066775918e-05	-4.999162673950195
74	0.011150630014406415	0.11215004039874987	0.001966828480362892	-4.999153137207031	-2.8666128855547868e-05	-4.999149322509766
75	0.04028726956187145	0.14628765843300062	0.0019676326774060726	-4.999141693115234	-2.866307295334991e-05	-4.999144554138184
76	0.004722597794821537	0.0753485469529549	0.0019650005269795656	-4.9991302490234375	-2.853373189282138e-05	-4.999130725860596
77	0.026226793677802673	0.11533709044193596	0.0019638938829302788	-4.999118804931641	-2.859163396351505e-05	-4.999115943908691
78	0.0027768986534164597	0.056903473225167645	0.0019634352065622807	-4.999107360839844	-2.8653652407228947e-05	-4.999111175537109
79	0.00908437612074553	0.0611221265834887	0.001962951384484768	-4.999095916748047	-2.857901927200146e-05	-4.999098300933838
80	0.08686096825597356	0.07536721691211223	0.00196103029884398	-4.99908447265625	-2.848776421160437e-05	-4.99908447265625
81	0.012918366334844888	0.09463969661108518	0.0019598265644162893	-4.999073028564453	-2.8324962840997614e-05	-4.99907112121582
82	0.055241148902154924	0.08766595938173771	0.001962360693141818	-4.999061584472656	-2.8306783860898577e-05	-4.999057769775391
83	0.020931569404032402	0.08334811956367538	0.0019658030942082405	-4.999050140380859	-2.8435579224606045e-05	-4.999053001403809
84	0.02368175905163583	0.17785628557831212	0.0019667232409119606	-4.9990386962890625	-2.8546575776999816e-05	-4.999038219451904
85	0.0013876571245541314	0.05033430843531583	0.0019719197880476713	-4.999027252197266	-2.8688431484624743e-05	-4.999024391174316
86	0.00818895339389858	0.21255056439205866	0.0019737654365599155	-4.999015808105469	-2.872840195777826e-05	-4.999019622802734
87	0.001309169023138601	0.0956156331787863	0.0019769396167248487	-4.999004364013672	-2.8667549486272037e-05	-4.999006748199463
88	0.0012988027301641392	0.09978636209324687	0.001979760592803359	-4.998992919921875	-2.8621185265365057e-05	-4.998992919921875
89	0.04995886878090805	0.09292753325474279	0.001977971289306879	-4.998981475830078	-2.859816413547378e-05	-4.998979568481445
90	0.02183099405421518	0.11489789962812669	0.001976652769371867	-4.998970031738281	-2.8517519240267575e-05	-4.998966217041016
91	0.02386144079029684	0.10311924812445561	0.00197526253759861	-4.998958587646484	-2.8380229196045548e-05	-4.998961448669434
92	0.03924464800231031	0.09077578628952399	0.0019770071376115084	-4.9989471435546875	-2.8318274416960776e-05	-4.998947620391846
93	0.008641097156401045	0.0982499435605444	0.0019762746524065733	-4.998935699462891	-2.8347780244075693e-05	-4.998932838439941
94	0.0015659562722400988	0.0676952624526459	0.001977053936570883	-4.998924255371094	-2.8488504540291615e-05	-4.998928070068359
95	0.0021572861255350073	0.0517292233341875	0.0019784194882959127	-4.998912811279297	-2.8565025786519982e-05	-4.998915195465088
96	0.028800674206864718	0.172152731805985	0.001980638364329934	-4.9989013671875	-2.865119677153416e-05	-4.9989013671875
97	0.003137789024494353	0.08060111915963297	0.0019792451057583094	-4.998889923095703	-2.8734970328514464e-05	-4.99888801574707
98	0.007810223167611596	0.08216805139401906	0.001980630913749337	-4.998878479003906	-2.8825243134633638e-05	-4.998874664306641
99	0.007871313884274755	0.08793672937044228	0.0019828651566058397	-4.998867034912109	-2.8900245524710044e-05	-4.998869895935059
100	0.006342090733339134	0.1166642571744756	0.001986319199204445	-4.9988555908203125	-2.8969043341930956e-05	-4.998855113983154
101	0.003000963536891277	0.12156647230622752	0.0019894258584827185	-4.998844146728516	-2.899105311371386e-05	-4.998841285705566
102	0.0072307465918619584	0.11179542031684875	0.0019905155058950186	-4.998832702636719	-2.9025850381003693e-05	-4.998836517333984
103	0.01749341936827764	0.13005247612055282	0.001990552293136716	-4.998821258544922	-2.915793447755277e-05	-4.998823642730713
104	0.007423034825221775	0.05542213202423785	0.0019900845363736153	-4.998809814453125	-2.9212265872047283e-05	-4.998809814453125
105	0.031835728041253786	0.13039259839602213	0.001989642856642604	-4.998798370361328	-2.9138827812857926e-05	-4.998796463012695
106	0.04493504672453574	0.09458117554080281	0.0019887827802449465	-4.998786926269531	-2.9039039873168804e-05	-4.998783111572266
107	0.01735391554534438	0.09645616963353909	0.0019901683554053307	-4.998775482177734	-2.9173132134019397e-05	-4.998778343200684
108	0.003530840906837973	0.08942898968393287	0.001991019584238529	-4.9987640380859375	-2.9337787054828368e-05	-4.998764514923096
109	0.046043766357801885	0.16595878644247963	0.0019928275141865015	-4.998752593994141	-2.941821003332734e-05	-4.998749732971191
110	0.002839714939420146	0.0454378846804131	0.0019933083094656467	-4.998741149902344	-2.9612992875627242e-05	-4.998744964599609
111	0.0007158737094261625	0.033754211348620444	0.001995390048250556	-4.998729705810547	-2.971937647089362e-05	-4.998732089996338
112	0.008350235454420485	0.09175735800949347	0.001994628459215164	-4.99871826171875	-2.9724369596806355e-05	-4.99871826171875
113	0.009100355479159994	0.10968067066016296	0.0019960664212703705	-4.998706817626953	-2.982889964187052e-05	-4.99870491027832
114	0.0029107392996656767	0.07398052184250847	0.001997341401875019	-4.998695373535156	-3.0039755074540153e-05	-4.998691558837891
115	0.015653622384971255	0.15294246417561563	0.0019988068379461765	-4.998683929443359	-3.003185884153936e-05	-4.998686790466309
116	0.02535419776603831	0.08773653598677456	0.0020030182786285877	-4.9986724853515625	-2.997231058543548e-05	-4.998672008514404
117	0.0021695836908017796	0.06722118765194374	0.0020060206297785044	-4.998661041259766	-2.9965452995384112e-05	-4.998658180236816
118	0.03220322805943798	0.12425346143822757	0.0020020105876028538	-4.998649597167969	-2.998079071403481e-05	-4.998653411865234
119	0.048932898398148295	0.15798368900226212	0.002002326538786292	-4.998638153076172	-3.0148377845762298e-05	-4.998640537261963
120	0.006336147003620951	0.054102466986647	0.002005496993660927	-4.998626708984375	-3.0305838663480245e-05	-4.998626708984375
121	0.007547203479714604	0.07965724462494173	0.0020071747712790966	-4.998615264892578	-3.041569289052859e-05	-4.998613357543945
122	0.02559327819301771	0.0946343920666628	0.002007966861128807	-4.998603820800781	-3.0676048481836915e-05	-4.998600006103516
123	0.0010887040999492115	0.06062987978192069	0.002008049050346017	-4.998592376708984	-3.083800038439222e-05	-4.998595237731934
124	0.009228136698733236	0.06268529273964152	0.0020103417336940765	-4.9985809326171875	-3.1065192160895094e-05	-4.998581409454346
125	0.010158794036189134	0.07829384889201574	0.0020101529080420732	-4.998569488525391	-3.111793921561912e-05	-4.998566627502441
126	0.03227415798989841	0.09762922682648334	0.0020088974852114916	-4.998558044433594	-3.107788143097423e-05	-4.998561859130859
127	0.044425562040996125	0.07749921525263392	0.0020117047242820263	-4.998546600341797	-3.1169565772870556e-05	-4.998548984527588
128	0.035487934451707615	0.11433189644754815	0.0020157296676188707	-4.99853515625	-3.138075044262223e-05	-4.99853515625
129	0.004694790479414124	0.08705626871418026	0.0020180651918053627	-4.998523712158203	-3.147754250676371e-05	-4.99852180480957
130	0.0019169130778990962	0.03942094564968457	0.002022271975874901	-4.998512268066406	-3.147812094539404e-05	-4.998508453369141
131	0.028327568977444484	0.0883538690275616	0.002024412853643298	-4.998500823974609	-3.161362110404298e-05	-4.998503684997559
132	0.000778996714699387	0.03967870358030634	0.0020235872361809015	-4.9984893798828125	-3.1664196285419166e-05	-4.998488903045654
133	0.05767659216629961	0.1267949621203881	0.0020219087600708008	-4.998477935791016	-3.176103928126395e-05	-4.998475074768066
134	0.00047192561022124657	0.025877439434339955	0.0020248424261808395	-4.998466491699219	-3.174844096065499e-05	-4.998470306396484
135	0.004755833989045222	0.06343952732006919	0.002027444541454315	-4.998455047607422	-3.186225876561366e-05	-4.998457431793213
136	0.0008798379515813082	0.037909121075346164	0.002027803799137473	-4.998443603515625	-3.1905859941616654e-05	-4.998443603515625
137	0.03917870579573157	0.09866978713472196	0.002028163755312562	-4.998432159423828	-3.190231655025855e-05	-4.998430252075195
138	0.015510621759949217	0.09259709788954318	0.002029433846473694	-4.998420715332031	-3.2019939681049436e-05	-4.998416900634766
139	0.00010355065438072408	0.020511046263469446	0.002030797768384218	-4.998409271240234	-3.2162955903913826e-05	-4.998412132263184
140	0.01171757774558091	0.07879409509903734	0.002031569601967931	-4.9983978271484375	-3.233180905226618e-05	-4.998398303985596
141	0.000248622774824625	0.013976091290382797	0.0020288170780986547	-4.998386383056641	-3.242730599595234e-05	-4.998383522033691
142	0.03802485260716604	0.10214863953931985	0.0020283288322389126	-4.998374938964844	-3.240659134462476e-05	-4.998378753662109
143	0.07941644818058613	0.11501219665707119	0.002025306224822998	-4.998363494873047	-3.241330341552384e-05	-4.998365879058838
144	0.01564733401954843	0.11918327014423191	0.0020245215855538845	-4.99835205078125	-3.2517538784304634e-05	-4.99835205078125
145	0.02699970036308197	0.093506214944715	0.0020260124001652002	-4.998340606689453	-3.2439344067825004e-05	-4.99833869934082
146	0.005796326468970214	0.16262144794052702	0.002027497859671712	-4.998329162597656	-3.245178231736645e-05	-4.998325347900391
147	0.004681064896646658	0.05602064038308274	0.0020274061243981123	-4.998317718505859	-3.2374082366004586e-05	-4.998320579528809
148	0.0029184156668602412	0.07689890728983606	0.002024799818173051	-4.9983062744140625	-3.2343548809876665e-05	-4.998305797576904
149	0.006531982028859629	0.05924894944805015	0.002027679467573762	-4.998294830322266	-3.242443926865235e-05	-4.998291969299316
150	0.01720292751959196	0.12853995850161049	0.0020289267413318157	-4.998283386230469	-3.2498672226211056e-05	-4.998287200927734
151	0.026869783643897804	0.09564632140695117	0.0020249292720109224	-4.998271942138672	-3.231671144021675e-05	-4.998274326324463
152	0.00025611293910077215	0.013437258956305875	0.0020216885022819042	-4.998260498046875	-3.221016231691465e-05	-4.998260498046875
153	0.021322524872595672	0.09542720860543419	0.002020142273977399	-4.998249053955078	-3.216445111320354e-05	-4.998247146606445
154	0.0062094378368324765	0.050535086627836456	0.0020198675338178873	-4.998237609863281	-3.212953743059188e-05	-4.998233795166016
155	1.3706308480188056e-05	0.009936370497390712	0.00201856205239892	-4.998226165771484	-3.211675721104257e-05	-4.998229026794434
156	0.023874890024836226	0.07602261065605909	0.0020215497352182865	-4.9982147216796875	-3.210808426956646e-05	-4.998215198516846
157	0.0098919066862162	0.07026588710163839	0.0020199106074869633	-4.998203277587891	-3.2115098292706534e-05	-4.998200416564941
158	0.002930811822091428	0.055290742477156485	0.0020192561205476522	-4.998191833496094	-3.218369238311425e-05	-4.998195648193359
159	0.031613716926746305	0.08545028503451046	0.0020176940597593784	-4.998180389404297	-3.217887569917366e-05	-4.998182773590088
160	0.014862059289514562	0.07747648730467382	0.0020186800975352526	-4.9981689453125	-3.230474976589903e-05	-4.9981689453125
161	0.004237289546081158	0.04687719203793783	0.002021410735324025	-4.998157501220703	-3.2423267839476466e-05	-4.99815559387207
162	0.0005606587205750913	0.024774098837268	0.002024734625592828	-4.998146057128906	-3.249611472710967e-05	-4.998142242431641
163	0.003043673452561846	0.04164722728425563	0.002026192843914032	-4.998134613037109	-3.26469998981338e-05	-4.998137474060059
164	0.010693057786483884	0.09926465072208934	0.002023475244641304	-4.9981231689453125	-3.280285818618722e-05	-4.998122692108154
165	0.00022842380319509914	0.010713098947631394	0.002022567205131054	-4.998111724853516	-3.2897009077714756e-05	-4.998108863830566
166	0.012002500184217446	0.11713186493919459	0.002019681502133608	-4.998100280761719	-3.296926661278121e-05	-4.998104095458984
167	0.0016984503430288456	0.041620874114689954	0.00201640953309834	-4.998088836669922	-3.305315476609394e-05	-4.998091220855713
168	0.03811084021657396	0.12711287819897965	0.002013732213526964	-4.998077392578125	-3.310072497697547e-05	-4.998077392578125
169	0.0032042013791819812	0.0752195856902862	0.0020122271962463856	-4.998065948486328	-3.312230182928033e-05	-4.998064041137695
170	0.0009513724528307232	0.025618960555987336	0.0020148982293903828	-4.998054504394531	-3.3110278309322894e-05	-4.998050689697266
171	0.0012387996258815814	0.0330386620855867	0.002014745259657502	-4.998043060302734	-3.3130127121694386e-05	-4.998045921325684
172	0.0006014443925408397	0.024749967366582304	0.0020133478101342916	-4.9980316162109375	-3.30942239088472e-05	-4.998032093048096
173	0.008988286037148852	0.05333523207161672	0.0020132509525865316	-4.998020172119141	-3.328265302116051e-05	-4.998017311096191
174	0.000538956605998564	0.022500886168538514	0.0020124565344303846	-4.998008728027344	-3.3365784474881366e-05	-4.998012542724609
175	0.011664097721465039	0.05946907750441088	0.002012582728639245	-4.997997283935547	-3.326036312500946e-05	-4.997999668121338
176	0.0045398486069760935	0.05412529364852681	0.002012990415096283	-4.99798583984375	-3.3238244213862345e-05	-4.99798583984375
177	0.0034649129951214164	0.05078140318167179	0.002015855396166444	-4.997974395751953	-3.329038736410439e-05	-4.99797248840332
178	0.0024735075925164107	0.05272391270385146	0.002016655867919326	-4.997962951660156	-3.319805909995921e-05	-4.997959136962891
179	0.016744347082136457	0.06002638083820777	0.0020140642300248146	-4.997951507568359	-3.3137046557385474e-05	-4.997954368591309
180	0.0009627899487725244	0.05053189294967808	0.002015290781855583	-4.9979400634765625	-3.3152708056150004e-05	-4.997939586639404
181	0.015595969334271542	0.07511035838533875	0.002010663039982319	-4.997928619384766	-3.326881051179953e-05	-4.997925758361816
182	0.005563394079275197	0.06366021820163237	0.002008790383115411	-4.997917175292969	-3.333377026137896e-05	-4.997920989990234
183	0.04513327906344533	0.1066474455985904	0.002006105612963438	-4.997905731201172	-3.3449970942456275e-05	-4.997908115386963
184	0.0035385759756791924	0.05837523807039435	0.002007237868383527	-4.997894287109375	-3.348069003550336e-05	-4.997894287109375
185	0.005143607098887726	0.055571038547388873	0.0020077787339687347	-4.997882843017578	-3.3514243114041165e-05	-4.997880935668945
186	0.007607482949504529	0.0455562932050011	0.00200442411005497	-4.997871398925781	-3.359047695994377e-05	-4.997867584228516
187	0.0007246962324973794	0.02524082249159143	0.002003563567996025	-4.997859954833984	-3.3630927646299824e-05	-4.997862815856934
188	0.00020857881989755356	0.01511158978916427	0.0020045768469572067	-4.9978485107421875	-3.3554122637724504e-05	-4.997848987579346
189	0.0006948291884476543	0.026845526446263257	0.002008141716942191	-4.997837066650391	-3.350207771291025e-05	-4.997834205627441
190	0.015943698055081112	0.10959866287218656	0.002008211798965931	-4.997825622558594	-3.352324347360991e-05	-4.997829437255859
191	0.013403794204884134	0.12188042595224058	0.0020073691848665476	-4.997814178466797	-3.363166979397647e-05	-4.997816562652588
192	0.002122798823212868	0.05082267175587596	0.00200539268553257	-4.997802734375	-3.368953548488207e-05	-4.997802734375
193	0.0017427031155081707	0.03565534392778069	0.0020056716166436672	-4.997791290283203	-3.3751552109606564e-05	-4.99778938293457
194	0.0013927421739168278	0.032711134025695365	0.002005998743698001	-4.997779846191406	-3.376258609932847e-05	-4.997776031494141
