epoch	epistemic	aleatoric	random_param_mean	random_param_log_alpha	total_param_mean	total_param_log_alpha
1	3.4137993387192006e-06	0.10924646033710202	0	0	0	0
2	2.0139428865206116e-05	0.11617239310042686	0	0	0	0
3	3.852652322149444e-05	0.1140264706752212	0	0	0	0
4	7.220851124838806e-05	0.11399895192862271	0	0	0	0
5	6.607143076806793e-05	0.11587108746508627	0	0	0	0
6	0.00020533037867354748	0.12042920438472833	0	0	0	0
7	0.0005812853463558025	0.13316284664555808	0	0	0	0
8	0.0008638641839895829	0.13914754728290832	0	0	0	0
9	0.001169780695216005	0.14151611204952097	0	0	0	0
10	0.0014119143704061435	0.1449560277487808	0	0	0	0
11	0.0016186602753288301	0.1439608719522855	0	0	0	0
12	0.0020140964465857683	0.1480739149730023	0	0	0	0
13	0.002448386911002902	0.150160496510074	0	0	0	0
14	0.0023252548633260137	0.15169867036486762	0	0	0	0
15	0.0022340151171459585	0.15255873964437397	0	0	0	0
16	0.002264982816825717	0.15632767051194837	0	0	0	0
17	0.0024088799316887913	0.16071009066574135	0	0	0	0
18	0.0018181938712255943	0.16270497199957915	0	0	0	0
19	0.0017284669967975522	0.1667628713059451	0	0	0	0
20	0.0018893064958396752	0.17065165183164552	0	0	0	0
21	0.0025127296214011233	0.17835511116622013	0	0	0	0
22	0.0024161761581014615	0.18325331511534074	0	0	0	0
23	0.0029662582609554233	0.18825972859776482	0	0	0	0
24	0.002942922565066841	0.19473181116476168	0	0	0	0
25	0.0033075129490622024	0.2031572467263417	0	0	0	0
26	0.0037070622413387655	0.20833640154954317	0	0	0	0
27	0.004207928202491842	0.21196413744926976	0	0	0	0
28	0.005338375290184896	0.21517896136029638	0	0	0	0
29	0.006711426513755905	0.21686166086081807	0	0	0	0
30	0.007421525131081047	0.22055106994604723	0	0	0	0
31	0.008415823551537	0.22457661012896604	0	0	0	0
32	0.009327279714001546	0.22652725839256904	0	0	0	0
33	0.01136007807280534	0.2281239038435596	0	0	0	0
34	0.01320294300374178	0.22925075074905146	0	0	0	0
35	0.01335140579930641	0.2304408092977499	0	0	0	0
36	0.014293089685471522	0.23107725702830909	0	0	0	0
37	0.014165933390888036	0.23141307986388723	0	0	0	0
38	0.012756325020772147	0.23517517156906478	0	0	0	0
39	0.014167764585500592	0.2342686207125397	0	0	0	0
40	0.015178288622925168	0.23473069917884656	0	0	0	0
41	0.01680279799727674	0.23319709304297	0	0	0	0
42	0.014280792481233318	0.23563243794254327	0	0	0	0
43	0.0168882696618482	0.23264537596307377	0	0	0	0
44	0.015084443660803304	0.23411498836230793	0	0	0	0
45	0.014935973670667013	0.23413709173652064	0	0	0	0
46	0.01603296778913027	0.23159794914247658	0	0	0	0
47	0.016028016298015146	0.23154583633895212	0	0	0	0
48	0.014092620749579177	0.23128735062380082	0	0	0	0
49	0.017891585378616015	0.2271582729478642	0	0	0	0
50	0.013852466265294128	0.2296909615715177	0	0	0	0
51	0.016624882038131783	0.22588775099209238	0	0	0	0
52	0.018974858065390232	0.22430091510332698	0	0	0	0
53	0.016900466457754615	0.22451365703530066	0	0	0	0
54	0.016306264938808157	0.22414818692714475	0	0	0	0
55	0.017960785473036867	0.22160754923281015	0	0	0	0
56	0.014700367588128482	0.22080299000647452	0	0	0	0
57	0.013828009800453012	0.216876555308995	0	0	0	0
58	0.01509470875264829	0.2149558083930896	0	0	0	0
59	0.015520410819585606	0.2146278160942122	0	0	0	0
60	0.015470691079457033	0.2132795867114717	0	0	0	0
61	0.016635435760828876	0.20985990423394738	0	0	0	0
62	0.013448294044203835	0.20888281167218517	0	0	0	0
63	0.012368815829057134	0.2040360785111215	0	0	0	0
64	0.014596211358237743	0.20488394442532432	0	0	0	0
65	0.01282904428491749	0.20437769600729006	0	0	0	0
66	0.013506043241218735	0.203060483359506	0	0	0	0
67	0.012809385711357757	0.1981084572310768	0	0	0	0
68	0.011068376763102017	0.19682358168225159	0	0	0	0
69	0.011776348741214804	0.19398757103553876	0	0	0	0
70	0.010802251897335746	0.19251329920242574	0	0	0	0
71	0.012010431923838105	0.19493286425314812	0	0	0	0
72	0.010308474478973872	0.19278148201679812	0	0	0	0
73	0.013853883166109804	0.19180907042816978	0	0	0	0
74	0.01559906550319412	0.19214376286728432	0	0	0	0
75	0.013313445238311128	0.1870280784096797	0	0	0	0
76	0.011819942474915468	0.1839810829408055	0	0	0	0
77	0.011657574857065423	0.181648765713008	0	0	0	0
78	0.01263076395769902	0.18153439975158214	0	0	0	0
79	0.013126322629009923	0.1782317727852701	0	0	0	0
80	0.01526885380647125	0.18162473837225276	0	0	0	0
81	0.015056246635180126	0.17949529470207182	0	0	0	0
82	0.01421257611795046	0.17736895955899948	0	0	0	0
83	0.014895430873943738	0.18088660076308413	0	0	0	0
84	0.020403919986922925	0.1812467840487102	0	0	0	0
85	0.01963412871865111	0.18105217241153918	0	0	0	0
86	0.020733063591713896	0.17772821307277317	0	0	0	0
87	0.01762906439842471	0.17318434477778233	0	0	0	0
88	0.019321284771617986	0.17502342082061575	0	0	0	0
89	0.023874744523846303	0.1725375129936785	0	0	0	0
90	0.02227719717523602	0.16790741558683445	0	0	0	0
91	0.021624524552077307	0.1661342859992255	0	0	0	0
92	0.027516859296386698	0.166873698609206	0	0	0	0
93	0.028311138508292144	0.16556448068148658	0	0	0	0
94	0.029899413079902404	0.164124612805848	0	0	0	0
95	0.036538565654940514	0.16637193522127625	0	0	0	0
96	0.035825521677410266	0.16371832585538573	0	0	0	0
97	0.03288350583665667	0.16241088303670384	0	0	0	0
98	0.0387756288386244	0.1645087832292155	0	0	0	0
99	0.03718512387089146	0.1606065014682696	0	0	0	0
100	0.03754143771381113	0.1590087122323074	0	0	0	0
101	0.037434493761166254	0.15534397062275737	0	0	0	0
102	0.04019938539037804	0.15469035035245562	0	0	0	0
103	0.03923832134435157	0.15034193456836378	0	0	0	0
104	0.04612486955010042	0.15099730976272122	0	0	0	0
105	0.042789858756846155	0.15127650979656737	0	0	0	0
106	0.04344724921775689	0.14782184902185577	0	0	0	0
107	0.04468582034215818	0.14708791111532923	0	0	0	0
108	0.04360348286269666	0.14098636342339596	0	0	0	0
109	0.03768015075325781	0.1503722708208445	0	0	0	0
110	0.03952445277113714	0.1549858121281975	0	0	0	0
111	0.03588867546003682	0.1526829942461855	0	0	0	0
112	0.040460511323822335	0.14528290238094557	0	0	0	0
113	0.044465540949885196	0.13305701930234828	0	0	0	0
114	0.040466446894892316	0.13390957427823702	0	0	0	0
115	0.03511572824617726	0.14101457414056803	0	0	0	0
116	0.037467123618600495	0.14408202498389308	0	0	0	0
117	0.02960842480342729	0.1485688681725373	0	0	0	0
118	0.027496217453781946	0.1536641469065286	0	0	0	0
119	0.028943781005775104	0.14622648942938335	0	0	0	0
120	0.03197108009405092	0.14719138003812246	0	0	0	0
121	0.03450956762069923	0.14615783405867275	0	0	0	0
122	0.0350143741289336	0.14180715593408463	0	0	0	0
123	0.03160868442278708	0.1399083387977472	0	0	0	0
124	0.03547368906442938	0.1313903154289524	0	0	0	0
125	0.02973199180026198	0.13638688443274663	0	0	0	0
126	0.02522400477293496	0.14556428973220883	0	0	0	0
127	0.02679418604599837	0.13544075048501591	0	0	0	0
128	0.02397315609628803	0.13926220698845584	0	0	0	0
129	0.02633681703911661	0.13591979626267406	0	0	0	0
130	0.03077150446970478	0.13779433123587306	0	0	0	0
131	0.026823942956193725	0.13341362603460696	0	0	0	0
132	0.026329901434674507	0.1356105948937351	0	0	0	0
133	0.027265601992554123	0.13402380375313663	0	0	0	0
134	0.026701512711401643	0.13378102560315583	0	0	0	0
135	0.021453257236555445	0.1383763108867111	0	0	0	0
136	0.02848826470903465	0.1306991209681958	0	0	0	0
137	0.02559338095022967	0.12731170327865296	0	0	0	0
138	0.019520378680921602	0.14126440894668293	0	0	0	0
139	0.02250321233060315	0.1416205223662903	0	0	0	0
140	0.027026990967199294	0.13168402275093646	0	0	0	0
141	0.029303294105775146	0.13151954690097747	0	0	0	0
142	0.03209852564150195	0.1335166640443166	0	0	0	0
143	0.03000562205762658	0.12728433459318098	0	0	0	0
144	0.026172068022156325	0.12678077658447448	0	0	0	0
145	0.025244242857033083	0.13212884303201497	0	0	0	0
146	0.027282586545718912	0.12616464150308326	0	0	0	0
147	0.020450798797488345	0.1326003275393989	0	0	0	0
148	0.01688479914293073	0.13399579249090485	0	0	0	0
149	0.019945764151201972	0.14233379724203665	0	0	0	0
150	0.01972171113367216	0.13685655111295011	0	0	0	0
151	0.021054666077061523	0.13323535190799993	0	0	0	0
152	0.019957179861874508	0.13222511767742814	0	0	0	0
153	0.016439132800052825	0.1406187243390402	0	0	0	0
154	0.01789039009354032	0.1395994534161892	0	0	0	0
155	0.01823608822690226	0.13375699018865758	0	0	0	0
156	0.015295692768268032	0.1286002774277938	0	0	0	0
157	0.021191689425177684	0.12716945345407163	0	0	0	0
158	0.024283315096944147	0.11995719867987138	0	0	0	0
159	0.019366923210526132	0.126177323575007	0	0	0	0
160	0.01716939068061696	0.12710338180355465	0	0	0	0
161	0.020263485627065148	0.1280681506136503	0	0	0	0
162	0.02236724824431724	0.1411098647658567	0	0	0	0
163	0.018334803731301696	0.1332530932174135	0	0	0	0
164	0.014892920088995232	0.12935293709831855	0	0	0	0
165	0.015022174474252026	0.12548031768357445	0	0	0	0
166	0.01810549971521136	0.1123096308136186	0	0	0	0
167	0.017463949106605647	0.10619116875465551	0	0	0	0
168	0.016643477690665764	0.11178825016273031	0	0	0	0
169	0.01543304028451209	0.12099718806100175	0	0	0	0
170	0.014769743412401781	0.12007806722376024	0	0	0	0
171	0.01862455749136016	0.12947055435313715	0	0	0	0
172	0.024337664763880884	0.12840287801767936	0	0	0	0
173	0.0196817377226135	0.12212015398700042	0	0	0	0
174	0.018888351318103513	0.1262364191379651	0	0	0	0
175	0.01825301871856022	0.1157295776531407	0	0	0	0
176	0.016901371611943272	0.11800447441681783	0	0	0	0
177	0.021040276269697622	0.12285103418241346	0	0	0	0
178	0.021544456717929372	0.12257378079282984	0	0	0	0
179	0.02402655619375993	0.12731183970226154	0	0	0	0
180	0.02521592274622242	0.12760252152705695	0	0	0	0
181	0.019753207827878705	0.12881869605607518	0	0	0	0
182	0.019205317988509663	0.13224245943322246	0	0	0	0
183	0.020768018782156616	0.1309590820958597	0	0	0	0
184	0.021526445879014533	0.12729229859285063	0	0	0	0
185	0.018063893049012125	0.12855284481829976	0	0	0	0
186	0.017982293915451586	0.1292479813221513	0	0	0	0
187	0.018642414786161687	0.12442913609880613	0	0	0	0
188	0.01655021063685269	0.12572001899786045	0	0	0	0
189	0.016510507201148883	0.12727734353647038	0	0	0	0
190	0.018745283996390305	0.12485031203739953	0	0	0	0
191	0.018780174779957415	0.12756227946059084	0	0	0	0
192	0.01867850266923754	0.12439480886554932	0	0	0	0
193	0.018414680513159976	0.12562468854772035	0	0	0	0
194	0.019792921053471635	0.12230464317006391	0	0	0	0
195	0.017607533209971438	0.13219035892147404	0	0	0	0
196	0.01989288245697385	0.12858397782859873	0	0	0	0
197	0.01857115647908636	0.125219892929931	0	0	0	0
198	0.021310446967246377	0.12495397784354505	0	0	0	0
199	0.019804894067764867	0.12818201875972868	0	0	0	0
200	0.01885833990869512	0.12248808913099711	0	0	0	0
201	0.01704912264617231	0.125344120147437	0	0	0	0
202	0.02067116215524989	0.11969705126462611	0	0	0	0
203	0.018548701178663363	0.1268176761488841	0	0	0	0
204	0.02089000801666241	0.13173859937431764	0	0	0	0
205	0.017564383776697223	0.12786857740965493	0	0	0	0
206	0.018175025037656	0.1275878113698692	0	0	0	0
207	0.019293285612975608	0.13008429157832305	0	0	0	0
208	0.020568563399217754	0.1305969145177368	0	0	0	0
209	0.019286075951495563	0.12921563021827906	0	0	0	0
210	0.016976602849150146	0.12789587862802834	0	0	0	0
211	0.01805595146173844	0.12000319420175624	0	0	0	0
212	0.017933427494181253	0.1276314307457914	0	0	0	0
213	0.019707867271205437	0.12753463028238934	0	0	0	0
214	0.018183447865195213	0.12180162169926827	0	0	0	0
215	0.01579297289086501	0.12482264986543434	0	0	0	0
216	0.015505555897684764	0.12452020308343197	0	0	0	0
217	0.017272759636639212	0.1237005886799339	0	0	0	0
218	0.018716940079419042	0.12639991614758492	0	0	0	0
219	0.01975087096127126	0.1270131983934455	0	0	0	0
220	0.015044135448229135	0.12395724527766679	0	0	0	0
221	0.018670730221781118	0.1231739572458294	0	0	0	0
222	0.018507517282387975	0.12373568685480407	0	0	0	0
223	0.01737654786935361	0.12445846244652851	0	0	0	0
224	0.01690215781851312	0.12460090821639902	0	0	0	0
225	0.0172388175475785	0.11849157530381345	0	0	0	0
226	0.017532479595652073	0.12036504886526818	0	0	0	0
227	0.019938066713776736	0.12292587284276202	0	0	0	0
228	0.018684919251397702	0.12393766156170945	0	0	0	0
229	0.020003195952703834	0.128639937700477	0	0	0	0
230	0.019637517121571135	0.12706824781082085	0	0	0	0
231	0.018133766754985015	0.12007108280887142	0	0	0	0
232	0.0190367039047854	0.12484768146105137	0	0	0	0
233	0.01854151929865666	0.12283599603978601	0	0	0	0
234	0.01681884195611938	0.12703436477887683	0	0	0	0
235	0.016596082201765894	0.12594373402608974	0	0	0	0
236	0.017557743203966525	0.13148136914788408	0	0	0	0
237	0.01555949363568343	0.12084982335362386	0	0	0	0
238	0.018112098601870463	0.12055196053446042	0	0	0	0
239	0.017867575984617634	0.12635566608748347	0	0	0	0
240	0.017134405711872525	0.1281478793879837	0	0	0	0
241	0.018552913028668683	0.12456691079306263	0	0	0	0
242	0.019812599243600126	0.12560539173876606	0	0	0	0
243	0.0183638762656404	0.12306267264419131	0	0	0	0
244	0.01653835934180803	0.1211661851309304	0	0	0	0
245	0.01762303872707527	0.12098454371843619	0	0	0	0
246	0.016597682596396823	0.12846818082094677	0	0	0	0
247	0.016921346421105432	0.1228944733213672	0	0	0	0
248	0.018894340981920776	0.12943483723480634	0	0	0	0
249	0.02009036941608855	0.1267788514309771	0	0	0	0
250	0.019743817265581165	0.12690317967118503	0	0	0	0
251	0.020328692170327067	0.1291067894778409	0	0	0	0
252	0.01829477413035452	0.13083827897327716	0	0	0	0
253	0.017327055319956042	0.12729064118560038	0	0	0	0
254	0.01959271255532702	0.12741635913905705	0	0	0	0
255	0.019816630968431004	0.12977853240731166	0	0	0	0
256	0.020171629405906333	0.129125948082498	0	0	0	0
257	0.01867574593514687	0.12860829186786363	0	0	0	0
258	0.017051208280762453	0.12666164765721236	0	0	0	0
259	0.018086824050348782	0.12728970736771336	0	0	0	0
260	0.019375464871692838	0.13269248127541525	0	0	0	0
261	0.01757489859152117	0.12517224430849794	0	0	0	0
262	0.0177246083904955	0.12345680615487471	0	0	0	0
263	0.01640739727113827	0.12186183452104811	0	0	0	0
264	0.017616886995804548	0.1191343027283042	0	0	0	0
265	0.017886330791079375	0.12154838784593085	0	0	0	0
266	0.019797753727916367	0.12329312453001033	0	0	0	0
267	0.016096549863482967	0.12571238030089008	0	0	0	0
268	0.016696178113375204	0.12425706188778089	0	0	0	0
269	0.017812500635920436	0.12310027437268722	0	0	0	0
270	0.015438028267791837	0.1252803288435024	0	0	0	0
271	0.019274986129956817	0.12972620681548896	0	0	0	0
272	0.016283395492549646	0.12453235633075899	0	0	0	0
273	0.018804934420853736	0.12129458664340238	0	0	0	0
274	0.016553807726074732	0.1229697168091306	0	0	0	0
275	0.01725194962275778	0.12111638643399718	0	0	0	0
276	0.017155766006513695	0.12378775048347872	0	0	0	0
277	0.01900874746775516	0.12092463074561799	0	0	0	0
278	0.01744707110041377	0.12484408401014176	0	0	0	0
279	0.01678185855346881	0.1250655601318377	0	0	0	0
280	0.015871508890950792	0.12380535540977415	0	0	0	0
281	0.015613786741305868	0.1264964840319145	0	0	0	0
282	0.01629638516015952	0.11942964211354538	0	0	0	0
283	0.016278274430804096	0.12643926727830568	0	0	0	0
284	0.016632395346546258	0.12047257567492527	0	0	0	0
285	0.018312442221516068	0.1240392672864612	0	0	0	0
286	0.021330592123902647	0.13474563420190222	0	0	0	0
287	0.017040703375894695	0.12408085782311969	0	0	0	0
288	0.01785680217416985	0.12163453971187188	0	0	0	0
289	0.02034555423378892	0.12354884978197174	0	0	0	0
290	0.016046542073508085	0.12423002022741751	0	0	0	0
291	0.020344495498097026	0.12266919275973127	0	0	0	0
292	0.019264531998254952	0.12600874534998793	0	0	0	0
293	0.01913574433510179	0.12727628845808722	0	0	0	0
294	0.01938009162547727	0.12219369438970833	0	0	0	0
295	0.01681290811073355	0.1206970670410481	0	0	0	0
296	0.016593720591831063	0.12271278252799729	0	0	0	0
297	0.01747831343750883	0.11611140914808853	0	0	0	0
298	0.01702248487216773	0.12622234576184907	0	0	0	0
299	0.017319288238407338	0.12852266375931917	0	0	0	0
300	0.016759888664028666	0.12725415246374658	0	0	0	0
301	0.016180922993529023	0.12561077986951888	0	0	0	0
302	0.017335855234741793	0.12423070149266853	0	0	0	0
303	0.01896095241215401	0.12623900119088502	0	0	0	0
304	0.018767783729778942	0.12158898279561885	0	0	0	0
305	0.01915760554749546	0.12317901259163833	0	0	0	0
306	0.01622277483881618	0.12783953938866688	0	0	0	0
307	0.018627554811642688	0.12323153323353668	0	0	0	0
308	0.017486478119191795	0.12480206875374773	0	0	0	0
309	0.01867408667077719	0.12473974486082125	0	0	0	0
310	0.017521240767449542	0.13175451424950543	0	0	0	0
311	0.019087420355024087	0.1263389039589485	0	0	0	0
312	0.017030962703682984	0.12982580308051794	0	0	0	0
313	0.015194209959816685	0.12911013162339913	0	0	0	0
314	0.019695225557620044	0.1240056404162111	0	0	0	0
315	0.019491307146385695	0.12701926859167698	0	0	0	0
316	0.018471658146111403	0.1267683430995691	0	0	0	0
317	0.01861052796015672	0.13155586276692985	0	0	0	0
318	0.02015565717928658	0.11815882967018017	0	0	0	0
319	0.01420976156320286	0.11868932290912977	0	0	0	0
320	0.01691764686140318	0.12430909083999235	0	0	0	0
321	0.019027938608619288	0.11841111020291646	0	0	0	0
322	0.01673448572834091	0.12645959385653072	0	0	0	0
323	0.019202814050657158	0.1271327507767411	0	0	0	0
324	0.02062199107828433	0.12153136675196367	0	0	0	0
325	0.02005510983983627	0.12003172514409144	0	0	0	0
326	0.01887358416199647	0.128281921051317	0	0	0	0
327	0.018208773225149244	0.12877992567148824	0	0	0	0
328	0.01824136710376878	0.12622593862686968	0	0	0	0
329	0.017465030968064732	0.12833035062125062	0	0	0	0
330	0.017708759988927292	0.12901084830679702	0	0	0	0
331	0.02066881554801492	0.12304268661372102	0	0	0	0
332	0.021557025403018293	0.13007174822729498	0	0	0	0
333	0.018666113409014473	0.12900379627555658	0	0	0	0
334	0.020174230997720977	0.12724431712896353	0	0	0	0
335	0.017531159372467964	0.12494237011014064	0	0	0	0
336	0.018737086768076616	0.12071315648446242	0	0	0	0
337	0.019612493089998573	0.12411457373949197	0	0	0	0
338	0.018417598017800296	0.11935814850131858	0	0	0	0
339	0.017748089894198515	0.1255051277523093	0	0	0	0
340	0.020249498570940383	0.1306290914026178	0	0	0	0
341	0.015423467418001713	0.1288322298202059	0	0	0	0
342	0.019477228238025446	0.13529730435896306	0	0	0	0
343	0.01708284076010924	0.1252903924898169	0	0	0	0
344	0.01627642784568073	0.11999300878608328	0	0	0	0
345	0.01731279318114165	0.12702461112260544	0	0	0	0
346	0.01857109869947815	0.12461295520166733	0	0	0	0
347	0.018514844202799696	0.12804497903236545	0	0	0	0
348	0.018963297077044028	0.12733981342454115	0	0	0	0
349	0.017512736736635004	0.12650148550048593	0	0	0	0
350	0.017050756973176484	0.1272910583163546	0	0	0	0
351	0.01681696096333596	0.12525169584647244	0	0	0	0
352	0.01592847974374101	0.12634674506302565	0	0	0	0
353	0.020003960705366475	0.12624788938250417	0	0	0	0
354	0.02031884289689001	0.12303832816535791	0	0	0	0
355	0.0172538978439285	0.12411761275664723	0	0	0	0
356	0.017710926188520326	0.12345513820793741	0	0	0	0
357	0.01837710011730398	0.12020246409898168	0	0	0	0
358	0.0169476763480626	0.12262803843817001	0	0	0	0
359	0.019501896184750067	0.12426777171621417	0	0	0	0
360	0.021333499076604978	0.12813513984462924	0	0	0	0
361	0.019445417060541037	0.12382720889471639	0	0	0	0
362	0.018038452333899335	0.11938427132473113	0	0	0	0
363	0.01672941438675546	0.1261865379013365	0	0	0	0
364	0.015442987812709474	0.11928384460049794	0	0	0	0
365	0.018337027572117526	0.12341076430557567	0	0	0	0
366	0.01638305491703973	0.12517700505929064	0	0	0	0
367	0.017680755550285587	0.12617337683593335	0	0	0	0
368	0.016532700157497637	0.12657397002825319	0	0	0	0
369	0.015555883351057176	0.1301557966949248	0	0	0	0
370	0.016658240243961786	0.12893565037012897	0	0	0	0
371	0.020290666677371783	0.13381654921513095	0	0	0	0
372	0.0197365889260267	0.12347818337686138	0	0	0	0
373	0.01808151490733967	0.11673615658667735	0	0	0	0
374	0.01995390468336855	0.12953376428228403	0	0	0	0
375	0.018759338297975603	0.1275037810808506	0	0	0	0
376	0.01821960366650277	0.12445107795239885	0	0	0	0
377	0.01948562004512966	0.1213022350473203	0	0	0	0
378	0.018250584053547736	0.11786879569391573	0	0	0	0
379	0.014842680164467215	0.12087073347933656	0	0	0	0
380	0.018393176408581513	0.1235333150201144	0	0	0	0
381	0.020369672466861388	0.12047538382743224	0	0	0	0
382	0.01894708443884885	0.12333440699309328	0	0	0	0
383	0.018579655028826636	0.125067050116499	0	0	0	0
384	0.015451879810802871	0.12836975527023556	0	0	0	0
385	0.017486262403993758	0.12698683279719228	0	0	0	0
386	0.018228957823707037	0.13056468252499265	0	0	0	0
387	0.019615560802576093	0.12506991164519002	0	0	0	0
388	0.01886064484800143	0.12268469367316293	0	0	0	0
389	0.019038004900582828	0.12230355156272606	0	0	0	0
390	0.021321630169898742	0.1255438835879866	0	0	0	0
391	0.019915261776377924	0.13454863310006418	0	0	0	0
392	0.016788576288090162	0.1266947271238994	0	0	0	0
393	0.0165369530129591	0.1253868931082837	0	0	0	0
394	0.018743924628865538	0.12234087475032496	0	0	0	0
395	0.020366268442566948	0.12021159365201879	0	0	0	0
396	0.016571374594390398	0.12321120356025321	0	0	0	0
397	0.01568510167560433	0.12075247833200464	0	0	0	0
398	0.017293408391930498	0.12889266956082027	0	0	0	0
399	0.01822630298631933	0.12709621972140953	0	0	0	0
400	0.01607192428224824	0.1223800975754384	0	0	0	0
401	0.0170330552126311	0.12052956372304043	0	0	0	0
402	0.01677503194265617	0.12183625726619358	0	0	0	0
403	0.016205104551921368	0.11945722953676885	0	0	0	0
404	0.017245208192615546	0.12185140504736817	0	0	0	0
405	0.015767626991439965	0.12898713364353162	0	0	0	0
406	0.01428237933106924	0.12467411080774049	0	0	0	0
407	0.01555377342042319	0.13135258482664428	0	0	0	0
408	0.016401238482348313	0.12453401071387897	0	0	0	0
409	0.017854725689280038	0.12041655157693931	0	0	0	0
410	0.01628564863764126	0.11765104007017513	0	0	0	0
411	0.015539348619940774	0.11970138599089471	0	0	0	0
412	0.015854419067541592	0.1245482761547283	0	0	0	0
413	0.01646084533269432	0.12565965148332778	0	0	0	0
414	0.018431946918939235	0.12952018792778652	0	0	0	0
415	0.018831023392454238	0.1245658972076183	0	0	0	0
416	0.01817324782891616	0.12793987779826743	0	0	0	0
417	0.017612654010853324	0.12307540943324884	0	0	0	0
418	0.018253069606277372	0.13284994932710545	0	0	0	0
419	0.017603308092307923	0.12704727955716066	0	0	0	0
420	0.01725909727710162	0.12262978356781495	0	0	0	0
421	0.01685365383446169	0.12723280575137844	0	0	0	0
422	0.01780676461103592	0.13213244690510292	0	0	0	0
423	0.0199607367437733	0.12592085153906693	0	0	0	0
424	0.017336274134997276	0.12006805647766268	0	0	0	0
425	0.017365463438453577	0.11844960511883625	0	0	0	0
426	0.01639499073485995	0.12175347179049052	0	0	0	0
427	0.017280829198057734	0.12674835343030288	0	0	0	0
428	0.02048222392140131	0.12356878617712397	0	0	0	0
429	0.021458917790321053	0.11536177709680888	0	0	0	0
430	0.020801719656179052	0.1218086926600505	0	0	0	0
431	0.01796683802482546	0.11548360583173789	0	0	0	0
432	0.014100677438604436	0.11866832826761471	0	0	0	0
433	0.01730690826632797	0.12416654903685931	0	0	0	0
434	0.01894134155936611	0.12684143049748128	0	0	0	0
435	0.017150187553930274	0.1233737823548952	0	0	0	0
436	0.016636160007231116	0.12372867203588989	0	0	0	0
437	0.018739146402025342	0.12691636524070068	0	0	0	0
438	0.015875977504036465	0.11753641128744263	0	0	0	0
439	0.01556687915181365	0.1191720950881378	0	0	0	0
440	0.017633951539510306	0.12242340491174335	0	0	0	0
441	0.014860759248529698	0.12204087219103481	0	0	0	0
442	0.017284027425392035	0.11777579862198333	0	0	0	0
443	0.020084464909022604	0.12485644465999061	0	0	0	0
444	0.016736290026539202	0.1252032641741566	0	0	0	0
445	0.01906083645622103	0.12630282231917592	0	0	0	0
446	0.019585600350440435	0.12000402491224153	0	0	0	0
447	0.015396290883415653	0.12214443517167577	0	0	0	0
448	0.016860361656391376	0.12537694650686504	0	0	0	0
449	0.020695663429082134	0.13319963560635806	0	0	0	0
450	0.018973894657180912	0.126154562569497	0	0	0	0
451	0.015668437238658073	0.12432484329839373	0	0	0	0
452	0.01601596460884691	0.11714359729008805	0	0	0	0
453	0.017222474058897874	0.11684165488539773	0	0	0	0
454	0.01741409023464946	0.1195501935151313	0	0	0	0
455	0.02142793524674591	0.11776757328048622	0	0	0	0
456	0.02015054063352617	0.11813929778953043	0	0	0	0
457	0.01906654431366972	0.11611600375797337	0	0	0	0
458	0.016413839752551174	0.1234147080799423	0	0	0	0
459	0.01937254119020171	0.12546460968914452	0	0	0	0
460	0.0178006657604467	0.11997999936304578	0	0	0	0
461	0.015208626647499113	0.12201871667414584	0	0	0	0
462	0.015000882787745362	0.1240250809725616	0	0	0	0
463	0.01769271592672006	0.1270018797804872	0	0	0	0
464	0.01585152196229933	0.12461645806610495	0	0	0	0
465	0.01632711530160269	0.1288232939188886	0	0	0	0
466	0.016380377237337873	0.12177051725991521	0	0	0	0
467	0.017350939503831597	0.12748932333503404	0	0	0	0
468	0.01635913687149604	0.12935090062538693	0	0	0	0
469	0.01597187373087028	0.12324022106941494	0	0	0	0
470	0.015095979427761752	0.1205257327619081	0	0	0	0
471	0.015028566344266303	0.12182772521273517	0	0	0	0
472	0.01566443592745248	0.12668270390835326	0	0	0	0
473	0.016207862001549223	0.1259976873068999	0	0	0	0
474	0.020391660227120467	0.13079147479862266	0	0	0	0
475	0.017350613964511652	0.12341219078004013	0	0	0	0
476	0.018341330160239977	0.12667664382097144	0	0	0	0
477	0.016569059477828274	0.12348619544777388	0	0	0	0
478	0.017936672901968875	0.12132325589219188	0	0	0	0
479	0.014140193294858938	0.11716791014080445	0	0	0	0
480	0.013888184761468247	0.12087521959402281	0	0	0	0
481	0.017113443286871366	0.11927087530968332	0	0	0	0
482	0.016019142683674215	0.11801356070903068	0	0	0	0
483	0.016283677326280332	0.11901738903582941	0	0	0	0
484	0.01605908151457469	0.11980669685486293	0	0	0	0
485	0.017276800928343494	0.11739822591956717	0	0	0	0
486	0.016949267229848353	0.11895945194355129	0	0	0	0
487	0.01561485612570912	0.1205898191136825	0	0	0	0
488	0.016747309383114084	0.11727613805151431	0	0	0	0
489	0.019990563743749967	0.12919011204824513	0	0	0	0
490	0.020320759052952275	0.13017551298819954	0	0	0	0
491	0.016916099883148794	0.12142572149330337	0	0	0	0
492	0.016590526550484763	0.12070234034655532	0	0	0	0
493	0.017332981355220434	0.11822434318185415	0	0	0	0
494	0.01665497284145734	0.11872659638148579	0	0	0	0
495	0.014391786566833376	0.11790093648105622	0	0	0	0
496	0.014091754241624677	0.12189031071592045	0	0	0	0
497	0.018200032398769772	0.12629614810842624	0	0	0	0
498	0.016384881588444755	0.12561793097594057	0	0	0	0
499	0.016835327365837927	0.12242499151658078	0	0	0	0
500	0.01752693105517622	0.12548526250858671	0	0	0	0
