epoch	batch	iter	loss	acc	lr
1	1	1	2.4189748764038086	8.0	1e-05
1	2	2	2.4218156337738037	18.0	1e-05
1	3	3	2.4630541801452637	6.666666666666667	1e-05
2	1	4	2.4227452278137207	16.0	1e-05
2	2	5	2.277151107788086	26.0	1e-05
2	3	6	2.288020610809326	33.333333333333336	1e-05
3	1	7	2.2265868186950684	22.0	1e-05
3	2	8	2.263653516769409	30.0	1e-05
3	3	9	2.3738913536071777	20.0	1e-05
4	1	10	2.1703243255615234	30.0	1e-05
4	2	11	2.1760144233703613	36.0	1e-05
4	3	12	2.3490686416625977	13.333333333333334	1e-05
5	1	13	2.180600166320801	34.0	1e-05
5	2	14	2.125927209854126	32.0	1e-05
5	3	15	2.1231541633605957	26.666666666666668	1e-05
6	1	16	2.0972330570220947	44.0	1e-05
6	2	17	2.163064956665039	30.0	1e-05
6	3	18	2.0584776401519775	26.666666666666668	1e-05
7	1	19	2.003152370452881	42.0	1e-05
7	2	20	2.1834912300109863	36.0	1e-05
7	3	21	2.0371062755584717	40.0	1e-05
8	1	22	1.9542142152786255	46.0	1e-05
8	2	23	2.1109976768493652	26.0	1e-05
8	3	24	2.090679168701172	26.666666666666668	1e-05
9	1	25	1.952715277671814	48.0	1e-05
9	2	26	1.9576900005340576	44.0	1e-05
9	3	27	2.058863639831543	60.0	1e-05
10	1	28	1.9666248559951782	50.0	1e-05
10	2	29	1.894800066947937	48.0	1e-05
10	3	30	1.9398953914642334	46.666666666666664	1e-05
11	1	31	1.838118314743042	56.0	1e-05
11	2	32	2.0003662109375	40.0	1e-05
11	3	33	1.6426911354064941	46.666666666666664	1e-05
12	1	34	1.9024717807769775	36.0	1e-05
12	2	35	1.7415138483047485	54.0	1e-05
12	3	36	1.6789253950119019	60.0	1e-05
13	1	37	1.8558387756347656	50.0	1e-05
13	2	38	1.7065701484680176	56.0	1e-05
13	3	39	1.6407626867294312	46.666666666666664	1e-05
14	1	40	1.6820317506790161	54.0	1e-05
14	2	41	1.7702512741088867	50.0	1e-05
14	3	42	1.6755317449569702	40.0	1e-05
15	1	43	1.7705962657928467	50.0	1e-05
15	2	44	1.7013331651687622	46.0	1e-05
15	3	45	1.606149673461914	53.333333333333336	1e-05
16	1	46	1.6387497186660767	50.0	1e-05
16	2	47	1.7807273864746094	42.0	1e-05
16	3	48	1.7385201454162598	46.666666666666664	1e-05
17	1	49	1.5795685052871704	48.0	1e-05
17	2	50	1.7042250633239746	46.0	1e-05
17	3	51	1.2760807275772095	73.33333333333333	1e-05
18	1	52	1.5931280851364136	48.0	1e-05
18	2	53	1.4913157224655151	54.0	1e-05
18	3	54	1.964152216911316	26.666666666666668	1e-05
19	1	55	1.4911410808563232	48.0	1e-05
19	2	56	1.589353322982788	46.0	1e-05
19	3	57	1.4178411960601807	60.0	1e-05
20	1	58	1.3812429904937744	50.0	1e-05
20	2	59	1.5725831985473633	44.0	1e-05
20	3	60	1.2540018558502197	73.33333333333333	1e-05
21	1	61	1.3935619592666626	56.0	1e-05
21	2	62	1.4055432081222534	56.0	1e-05
21	3	63	1.362583875656128	53.333333333333336	1e-05
22	1	64	1.4648170471191406	46.0	1e-05
22	2	65	1.254336953163147	58.0	1e-05
22	3	66	1.7783113718032837	26.666666666666668	1e-05
23	1	67	1.2643437385559082	58.0	1e-05
23	2	68	1.4741642475128174	44.0	1e-05
23	3	69	1.317322850227356	60.0	1e-05
24	1	70	1.311591625213623	60.0	1e-05
24	2	71	1.2950953245162964	60.0	1e-05
24	3	72	1.2606714963912964	60.0	1e-05
25	1	73	1.0709115266799927	66.0	1e-05
25	2	74	1.3908495903015137	58.0	1e-05
25	3	75	1.4249156713485718	53.333333333333336	1e-05
26	1	76	1.2663006782531738	58.0	1e-05
26	2	77	1.3964958190917969	56.0	1e-05
26	3	78	0.7671849131584167	86.66666666666667	1e-05
27	1	79	1.3254013061523438	58.0	1e-05
27	2	80	1.0808428525924683	70.0	1e-05
27	3	81	1.3898292779922485	53.333333333333336	1e-05
28	1	82	1.203693151473999	50.0	1e-05
28	2	83	1.204314112663269	70.0	1e-05
28	3	84	1.0851953029632568	80.0	1e-05
29	1	85	1.262682318687439	58.0	1e-05
29	2	86	1.1720912456512451	60.0	1e-05
29	3	87	1.4333046674728394	60.0	1e-05
30	1	88	1.16813325881958	70.0	1e-05
30	2	89	1.0894207954406738	64.0	1e-05
30	3	90	1.4592039585113525	40.0	1e-05
31	1	91	1.1168551445007324	60.0	1e-05
31	2	92	1.0193476676940918	72.0	1e-05
31	3	93	1.3356397151947021	53.333333333333336	1e-05
32	1	94	1.1757310628890991	64.0	1e-05
32	2	95	0.959450364112854	74.0	1e-05
32	3	96	1.0370506048202515	73.33333333333333	1e-05
33	1	97	0.98393714427948	74.0	1e-05
33	2	98	1.1204193830490112	64.0	1e-05
33	3	99	0.875433623790741	80.0	1e-05
34	1	100	1.0649633407592773	64.0	1e-05
34	2	101	0.8588373064994812	80.0	1e-05
34	3	102	1.6086045503616333	33.333333333333336	1e-05
35	1	103	0.9721630811691284	74.0	1e-05
35	2	104	1.0217138528823853	66.0	1e-05
35	3	105	1.3516868352890015	53.333333333333336	1e-05
36	1	106	1.0942656993865967	62.0	1e-05
36	2	107	0.7743377089500427	84.0	1e-05
36	3	108	1.1352174282073975	73.33333333333333	1e-05
37	1	109	0.9892163276672363	72.0	1e-05
37	2	110	0.7936665415763855	80.0	1e-05
37	3	111	1.2950336933135986	53.333333333333336	1e-05
38	1	112	1.0135194063186646	64.0	1e-05
38	2	113	0.9406587481498718	78.0	1e-05
38	3	114	0.8097487092018127	80.0	1e-05
39	1	115	0.9632251858711243	66.0	1e-05
39	2	116	0.8136282563209534	78.0	1e-05
39	3	117	0.9786407351493835	66.66666666666667	1e-05
40	1	118	0.9220958948135376	68.0	1e-05
40	2	119	0.7661879062652588	76.0	1e-05
40	3	120	1.198647379875183	80.0	1e-05
41	1	121	0.7887457013130188	78.0	1e-05
41	2	122	0.8398287892341614	72.0	1e-05
41	3	123	0.8397319316864014	60.0	1e-05
42	1	124	0.8284156322479248	74.0	1e-05
42	2	125	0.7834353446960449	74.0	1e-05
42	3	126	0.8534361720085144	86.66666666666667	1e-05
43	1	127	0.8107706308364868	78.0	1e-05
43	2	128	0.7626893520355225	76.0	1e-05
43	3	129	0.9075878262519836	86.66666666666667	1e-05
44	1	130	0.8817974925041199	72.0	1e-05
44	2	131	0.7220868468284607	80.0	1e-05
44	3	132	0.9750650525093079	66.66666666666667	1e-05
45	1	133	0.5882999300956726	88.0	1e-05
45	2	134	0.7515251040458679	80.0	1e-05
45	3	135	1.241543173789978	60.0	1e-05
46	1	136	0.6557549238204956	78.0	1e-05
46	2	137	0.7583625912666321	80.0	1e-05
46	3	138	0.9236525893211365	73.33333333333333	1e-05
47	1	139	0.6388428211212158	82.0	1e-05
47	2	140	0.7853230834007263	76.0	1e-05
47	3	141	0.7083545327186584	86.66666666666667	1e-05
48	1	142	0.7048859596252441	80.0	1e-05
48	2	143	0.6286659836769104	84.0	1e-05
48	3	144	0.740797758102417	86.66666666666667	1e-05
49	1	145	0.652255117893219	86.0	1e-05
49	2	146	0.8005801439285278	72.0	1e-05
49	3	147	0.8661229610443115	73.33333333333333	1e-05
50	1	148	0.7656114101409912	76.0	1e-05
50	2	149	0.737672746181488	72.0	1e-05
50	3	150	0.7132627964019775	80.0	1e-05
51	1	151	0.6871432662010193	80.0	1e-05
51	2	152	0.6788256764411926	84.0	1e-05
51	3	153	0.6500738859176636	80.0	1e-05
52	1	154	0.6770781874656677	80.0	1e-05
52	2	155	0.6346973180770874	86.0	1e-05
52	3	156	0.41607221961021423	93.33333333333333	1e-05
53	1	157	0.6016807556152344	84.0	1e-05
53	2	158	0.8032316565513611	74.0	1e-05
53	3	159	0.6043245792388916	93.33333333333333	1e-05
54	1	160	0.7091331481933594	74.0	1e-05
54	2	161	0.6697112321853638	80.0	1e-05
54	3	162	0.7043445110321045	80.0	1e-05
55	1	163	0.7005411386489868	76.0	1e-05
55	2	164	0.661979615688324	78.0	1e-05
55	3	165	0.5209560990333557	93.33333333333333	1e-05
56	1	166	0.5698039531707764	84.0	1e-05
56	2	167	0.5009575486183167	90.0	1e-05
56	3	168	0.7168636918067932	73.33333333333333	1e-05
57	1	169	0.5870774984359741	80.0	1e-05
57	2	170	0.523800253868103	92.0	1e-05
57	3	171	0.45087966322898865	93.33333333333333	1e-05
58	1	172	0.5450333952903748	76.0	1e-05
58	2	173	0.6080145239830017	88.0	1e-05
58	3	174	0.5703484416007996	93.33333333333333	1e-05
59	1	175	0.5209977626800537	90.0	1e-05
59	2	176	0.5157663226127625	82.0	1e-05
59	3	177	0.6391926407814026	86.66666666666667	1e-05
60	1	178	0.5130318999290466	82.0	1e-05
60	2	179	0.49341797828674316	86.0	1e-05
60	3	180	0.582073450088501	80.0	1e-05
61	1	181	0.4737836718559265	88.0	1e-05
61	2	182	0.5267680287361145	86.0	1e-05
61	3	183	0.7111055850982666	80.0	1e-05
62	1	184	0.52665114402771	86.0	1e-05
62	2	185	0.5177693963050842	88.0	1e-05
62	3	186	0.5508887767791748	86.66666666666667	1e-05
63	1	187	0.4732992649078369	86.0	1e-05
63	2	188	0.4905528128147125	84.0	1e-05
63	3	189	0.6434811949729919	60.0	1e-05
64	1	190	0.47204363346099854	86.0	1e-05
64	2	191	0.6028792858123779	80.0	1e-05
64	3	192	1.1034339666366577	73.33333333333333	1e-05
65	1	193	0.5454913973808289	84.0	1e-05
65	2	194	0.5163378715515137	84.0	1e-05
65	3	195	0.8659073710441589	66.66666666666667	1e-05
66	1	196	0.42504918575286865	88.0	1e-05
66	2	197	0.5461216568946838	84.0	1e-05
66	3	198	0.5479629635810852	66.66666666666667	1e-05
67	1	199	0.5469839572906494	78.0	1e-05
67	2	200	0.4084559381008148	90.0	1e-05
67	3	201	0.6871181726455688	66.66666666666667	1e-05
68	1	202	0.45273712277412415	88.0	1e-05
68	2	203	0.49365344643592834	92.0	1e-05
68	3	204	0.5503226518630981	93.33333333333333	1e-05
69	1	205	0.4210701286792755	86.0	1e-05
69	2	206	0.4252571761608124	90.0	1e-05
69	3	207	0.3562888503074646	100.0	1e-05
70	1	208	0.36274826526641846	94.0	1e-05
70	2	209	0.5103715658187866	86.0	1e-05
70	3	210	0.4468778967857361	86.66666666666667	1e-05
71	1	211	0.3791206479072571	92.0	1e-05
71	2	212	0.5092942714691162	86.0	1e-05
71	3	213	0.401985764503479	100.0	1e-05
72	1	214	0.3655719459056854	94.0	1e-05
72	2	215	0.43853434920310974	92.0	1e-05
72	3	216	0.882029116153717	60.0	1e-05
73	1	217	0.35491129755973816	94.0	1e-05
73	2	218	0.4075485169887543	90.0	1e-05
73	3	219	0.8351040482521057	66.66666666666667	1e-05
74	1	220	0.3723233938217163	94.0	1e-05
74	2	221	0.4143243134021759	82.0	1e-05
74	3	222	0.5799493193626404	86.66666666666667	1e-05
75	1	223	0.4793163537979126	84.0	1e-05
75	2	224	0.35495078563690186	90.0	1e-05
75	3	225	0.6032453179359436	80.0	1e-05
76	1	226	0.36828842759132385	90.0	1e-05
76	2	227	0.3853830099105835	86.0	1e-05
76	3	228	0.34875616431236267	86.66666666666667	1e-05
77	1	229	0.38099318742752075	88.0	1e-05
77	2	230	0.416906476020813	86.0	1e-05
77	3	231	0.3994259536266327	86.66666666666667	1e-05
78	1	232	0.37502551078796387	88.0	1e-05
78	2	233	0.4025131165981293	88.0	1e-05
78	3	234	0.35438939929008484	93.33333333333333	1e-05
79	1	235	0.37243756651878357	90.0	1e-05
79	2	236	0.4022582769393921	92.0	1e-05
79	3	237	0.692952573299408	80.0	1e-05
80	1	238	0.46265220642089844	84.0	1e-05
80	2	239	0.35086336731910706	90.0	1e-05
80	3	240	0.304623007774353	93.33333333333333	1e-05
81	1	241	0.24086208641529083	96.0	1e-05
81	2	242	0.37324807047843933	88.0	1e-05
81	3	243	0.5432318449020386	80.0	1e-05
82	1	244	0.3325011432170868	92.0	1e-05
82	2	245	0.3754209280014038	88.0	1e-05
82	3	246	0.8606424927711487	73.33333333333333	1e-05
83	1	247	0.29707399010658264	94.0	1e-05
83	2	248	0.4261592626571655	86.0	1e-05
83	3	249	0.5041154026985168	80.0	1e-05
84	1	250	0.4653257131576538	84.0	1e-05
84	2	251	0.34672242403030396	88.0	1e-05
84	3	252	0.2185545116662979	100.0	1e-05
85	1	253	0.30913928151130676	94.0	1e-05
85	2	254	0.31010428071022034	90.0	1e-05
85	3	255	0.36492109298706055	93.33333333333333	1e-05
86	1	256	0.22756555676460266	98.0	1e-05
86	2	257	0.32054007053375244	90.0	1e-05
86	3	258	0.5913813710212708	80.0	1e-05
87	1	259	0.4154728651046753	90.0	1e-05
87	2	260	0.3187596797943115	92.0	1e-05
87	3	261	0.35979315638542175	93.33333333333333	1e-05
88	1	262	0.37857741117477417	92.0	1e-05
88	2	263	0.25163373351097107	98.0	1e-05
88	3	264	0.42302337288856506	86.66666666666667	1e-05
89	1	265	0.36693447828292847	90.0	1e-05
89	2	266	0.3360862731933594	92.0	1e-05
89	3	267	0.4393971860408783	80.0	1e-05
90	1	268	0.286137193441391	90.0	1e-05
90	2	269	0.24627292156219482	100.0	1e-05
90	3	270	0.4992018938064575	86.66666666666667	1e-05
91	1	271	0.35664814710617065	92.0	1e-05
91	2	272	0.2475866824388504	96.0	1e-05
91	3	273	0.5349061489105225	86.66666666666667	1e-05
92	1	274	0.24966198205947876	94.0	1e-05
92	2	275	0.24817058444023132	94.0	1e-05
92	3	276	0.35116392374038696	93.33333333333333	1e-05
93	1	277	0.29071468114852905	92.0	1e-05
93	2	278	0.19758668541908264	98.0	1e-05
93	3	279	0.23111101984977722	100.0	1e-05
94	1	280	0.3299620747566223	92.0	1e-05
94	2	281	0.2809339463710785	94.0	1e-05
94	3	282	0.3958055078983307	86.66666666666667	1e-05
95	1	283	0.23673759400844574	94.0	1e-05
95	2	284	0.2083667814731598	98.0	1e-05
95	3	285	0.46212661266326904	86.66666666666667	1e-05
96	1	286	0.25117233395576477	96.0	1e-05
96	2	287	0.21575945615768433	96.0	1e-05
96	3	288	0.6848284006118774	73.33333333333333	1e-05
97	1	289	0.23463721573352814	96.0	1e-05
97	2	290	0.27612191438674927	92.0	1e-05
97	3	291	0.14926160871982574	100.0	1e-05
98	1	292	0.22396507859230042	94.0	1e-05
98	2	293	0.2678002417087555	96.0	1e-05
98	3	294	0.4440523386001587	80.0	1e-05
99	1	295	0.3734809458255768	90.0	1e-05
99	2	296	0.17442314326763153	100.0	1e-05
99	3	297	0.5911087393760681	66.66666666666667	1e-05
100	1	298	0.259380042552948	94.0	1e-05
100	2	299	0.299521803855896	94.0	1e-05
100	3	300	0.31456905603408813	86.66666666666667	1e-05
101	1	301	0.1659264713525772	98.0	1e-05
101	2	302	0.14946570992469788	100.0	1e-05
101	3	303	0.6135984063148499	73.33333333333333	1e-05
102	1	304	0.31561875343322754	92.0	1e-05
102	2	305	0.20657582581043243	98.0	1e-05
102	3	306	0.3159641921520233	93.33333333333333	1e-05
103	1	307	0.40841254591941833	84.0	1e-05
103	2	308	0.28098607063293457	92.0	1e-05
103	3	309	0.34940868616104126	93.33333333333333	1e-05
104	1	310	0.3688841164112091	88.0	1e-05
104	2	311	0.37118226289749146	94.0	1e-05
104	3	312	0.24699953198432922	93.33333333333333	1e-05
105	1	313	0.3485214114189148	92.0	1e-05
105	2	314	0.25455179810523987	92.0	1e-05
105	3	315	0.2625596225261688	93.33333333333333	1e-05
106	1	316	0.26501789689064026	92.0	1e-05
106	2	317	0.19103766977787018	96.0	1e-05
106	3	318	0.16431240737438202	100.0	1e-05
107	1	319	0.3374272286891937	94.0	1e-05
107	2	320	0.2000470757484436	94.0	1e-05
107	3	321	0.4396330416202545	73.33333333333333	1e-05
108	1	322	0.29697734117507935	96.0	1.0000000000000002e-06
108	2	323	0.2899776101112366	96.0	1.0000000000000002e-06
108	3	324	0.5322570204734802	86.66666666666667	1.0000000000000002e-06
109	1	325	0.22912456095218658	92.0	1.0000000000000002e-06
109	2	326	0.15112386643886566	98.0	1.0000000000000002e-06
109	3	327	0.3923710584640503	86.66666666666667	1.0000000000000002e-06
110	1	328	0.18327747285366058	94.0	1.0000000000000002e-06
110	2	329	0.3658529222011566	88.0	1.0000000000000002e-06
110	3	330	0.2608374357223511	86.66666666666667	1.0000000000000002e-06
111	1	331	0.254469096660614	90.0	1.0000000000000002e-06
111	2	332	0.2695315182209015	92.0	1.0000000000000002e-06
111	3	333	0.3709554374217987	93.33333333333333	1.0000000000000002e-06
112	1	334	0.2898215353488922	90.0	1.0000000000000002e-06
112	2	335	0.21735340356826782	96.0	1.0000000000000002e-06
112	3	336	0.42774713039398193	93.33333333333333	1.0000000000000002e-06
113	1	337	0.21737545728683472	92.0	1.0000000000000002e-06
113	2	338	0.13954515755176544	100.0	1.0000000000000002e-06
113	3	339	0.4149627685546875	80.0	1.0000000000000002e-06
114	1	340	0.34384772181510925	92.0	1.0000000000000002e-06
114	2	341	0.19590677320957184	94.0	1.0000000000000002e-06
114	3	342	0.4767858386039734	86.66666666666667	1.0000000000000002e-06
115	1	343	0.24525386095046997	94.0	1.0000000000000002e-06
115	2	344	0.15261052548885345	98.0	1.0000000000000002e-06
115	3	345	0.6976271271705627	73.33333333333333	1.0000000000000002e-06
116	1	346	0.24359415471553802	92.0	1.0000000000000002e-06
116	2	347	0.2344026416540146	98.0	1.0000000000000002e-06
116	3	348	0.23963923752307892	93.33333333333333	1.0000000000000002e-06
117	1	349	0.22629205882549286	92.0	1.0000000000000002e-06
117	2	350	0.3217274844646454	90.0	1.0000000000000002e-06
117	3	351	0.3131745159626007	86.66666666666667	1.0000000000000002e-06
118	1	352	0.24352897703647614	94.0	1.0000000000000002e-06
118	2	353	0.2899782955646515	92.0	1.0000000000000002e-06
118	3	354	0.5212535262107849	80.0	1.0000000000000002e-06
119	1	355	0.23301273584365845	94.0	1.0000000000000002e-06
119	2	356	0.18874870240688324	98.0	1.0000000000000002e-06
119	3	357	0.40178579092025757	93.33333333333333	1.0000000000000002e-06
120	1	358	0.19357356429100037	98.0	1.0000000000000002e-06
120	2	359	0.20644611120224	96.0	1.0000000000000002e-06
120	3	360	0.5215414762496948	80.0	1.0000000000000002e-06
121	1	361	0.2255041003227234	96.0	1.0000000000000002e-06
121	2	362	0.1347196251153946	100.0	1.0000000000000002e-06
121	3	363	0.47402316331863403	80.0	1.0000000000000002e-06
122	1	364	0.16603027284145355	98.0	1.0000000000000002e-06
122	2	365	0.19117149710655212	98.0	1.0000000000000002e-06
122	3	366	0.19488422572612762	100.0	1.0000000000000002e-06
123	1	367	0.280437707901001	92.0	1.0000000000000002e-06
123	2	368	0.18024510145187378	96.0	1.0000000000000002e-06
123	3	369	0.37971019744873047	86.66666666666667	1.0000000000000002e-06
124	1	370	0.279687762260437	88.0	1.0000000000000002e-06
124	2	371	0.1925087422132492	96.0	1.0000000000000002e-06
124	3	372	0.19995412230491638	93.33333333333333	1.0000000000000002e-06
125	1	373	0.20824642479419708	94.0	1.0000000000000002e-06
125	2	374	0.3046336770057678	90.0	1.0000000000000002e-06
125	3	375	0.42628204822540283	80.0	1.0000000000000002e-06
126	1	376	0.1782078891992569	96.0	1.0000000000000002e-06
126	2	377	0.2464727759361267	92.0	1.0000000000000002e-06
126	3	378	0.6718204021453857	73.33333333333333	1.0000000000000002e-06
127	1	379	0.25241976976394653	94.0	1.0000000000000002e-06
127	2	380	0.1966240257024765	94.0	1.0000000000000002e-06
127	3	381	0.21736189723014832	100.0	1.0000000000000002e-06
128	1	382	0.2596036195755005	94.0	1.0000000000000002e-06
128	2	383	0.2223292738199234	96.0	1.0000000000000002e-06
128	3	384	0.27769169211387634	100.0	1.0000000000000002e-06
129	1	385	0.2029108852148056	94.0	1.0000000000000002e-06
129	2	386	0.15290208160877228	98.0	1.0000000000000002e-06
129	3	387	0.15448476374149323	100.0	1.0000000000000002e-06
130	1	388	0.2545284926891327	96.0	1.0000000000000002e-06
130	2	389	0.23939470946788788	92.0	1.0000000000000002e-06
130	3	390	0.28496959805488586	80.0	1.0000000000000002e-06
131	1	391	0.2253509759902954	92.0	1.0000000000000002e-06
131	2	392	0.2053672969341278	98.0	1.0000000000000002e-06
131	3	393	0.4237271249294281	86.66666666666667	1.0000000000000002e-06
132	1	394	0.1391005516052246	96.0	1.0000000000000002e-06
132	2	395	0.1778244823217392	96.0	1.0000000000000002e-06
132	3	396	0.5431419610977173	73.33333333333333	1.0000000000000002e-06
133	1	397	0.35646605491638184	92.0	1.0000000000000002e-06
133	2	398	0.20163436233997345	96.0	1.0000000000000002e-06
133	3	399	0.5643148422241211	86.66666666666667	1.0000000000000002e-06
134	1	400	0.1374448537826538	100.0	1.0000000000000002e-07
134	2	401	0.2483058124780655	92.0	1.0000000000000002e-07
134	3	402	0.18118788301944733	93.33333333333333	1.0000000000000002e-07
135	1	403	0.27272656559944153	92.0	1.0000000000000002e-07
135	2	404	0.33490586280822754	92.0	1.0000000000000002e-07
135	3	405	0.3866945207118988	93.33333333333333	1.0000000000000002e-07
136	1	406	0.18985804915428162	96.0	1.0000000000000002e-07
136	2	407	0.3588131070137024	90.0	1.0000000000000002e-07
136	3	408	0.2041354477405548	100.0	1.0000000000000002e-07
137	1	409	0.200377956032753	94.0	1.0000000000000002e-07
137	2	410	0.23720058798789978	90.0	1.0000000000000002e-07
137	3	411	0.16829180717468262	100.0	1.0000000000000002e-07
138	1	412	0.2697826027870178	92.0	1.0000000000000002e-07
138	2	413	0.2797034978866577	88.0	1.0000000000000002e-07
138	3	414	0.3726207911968231	86.66666666666667	1.0000000000000002e-07
139	1	415	0.2573549151420593	88.0	1.0000000000000002e-07
139	2	416	0.277502179145813	94.0	1.0000000000000002e-07
139	3	417	0.2419426441192627	100.0	1.0000000000000002e-07
140	1	418	0.25921666622161865	94.0	1.0000000000000002e-07
140	2	419	0.2075839638710022	94.0	1.0000000000000002e-07
140	3	420	0.2624960243701935	100.0	1.0000000000000002e-07
141	1	421	0.2877365052700043	90.0	1.0000000000000002e-07
141	2	422	0.13763251900672913	100.0	1.0000000000000002e-07
141	3	423	0.1912287324666977	93.33333333333333	1.0000000000000002e-07
142	1	424	0.1819734424352646	96.0	1.0000000000000002e-07
142	2	425	0.21654155850410461	96.0	1.0000000000000002e-07
142	3	426	0.5290306210517883	86.66666666666667	1.0000000000000002e-07
143	1	427	0.12417919933795929	98.0	1.0000000000000002e-07
143	2	428	0.21328437328338623	96.0	1.0000000000000002e-07
143	3	429	0.17483344674110413	100.0	1.0000000000000002e-07
144	1	430	0.21757085621356964	94.0	1.0000000000000002e-07
144	2	431	0.1835324466228485	98.0	1.0000000000000002e-07
144	3	432	0.2848101258277893	93.33333333333333	1.0000000000000002e-07
145	1	433	0.23920536041259766	98.0	1.0000000000000002e-07
145	2	434	0.15265017747879028	96.0	1.0000000000000002e-07
145	3	435	0.24023808538913727	93.33333333333333	1.0000000000000002e-07
146	1	436	0.11159136891365051	98.0	1.0000000000000002e-07
146	2	437	0.17463549971580505	98.0	1.0000000000000002e-07
146	3	438	0.7731909155845642	66.66666666666667	1.0000000000000002e-07
147	1	439	0.1753094494342804	98.0	1.0000000000000002e-07
147	2	440	0.2358940839767456	94.0	1.0000000000000002e-07
147	3	441	0.3890630602836609	80.0	1.0000000000000002e-07
148	1	442	0.21121448278427124	96.0	1.0000000000000002e-07
148	2	443	0.13334016501903534	98.0	1.0000000000000002e-07
148	3	444	0.28043410181999207	93.33333333333333	1.0000000000000002e-07
149	1	445	0.2807433009147644	88.0	1.0000000000000002e-07
149	2	446	0.26619741320610046	94.0	1.0000000000000002e-07
149	3	447	0.41715964674949646	86.66666666666667	1.0000000000000002e-07
150	1	448	0.18136274814605713	94.0	1.0000000000000002e-07
150	2	449	0.13146287202835083	98.0	1.0000000000000002e-07
150	3	450	0.4802628457546234	80.0	1.0000000000000002e-07
151	1	451	0.20588310062885284	96.0	1.0000000000000002e-07
151	2	452	0.29855087399482727	96.0	1.0000000000000002e-07
151	3	453	0.33736279606819153	86.66666666666667	1.0000000000000002e-07
152	1	454	0.1962081491947174	96.0	1.0000000000000002e-07
152	2	455	0.1962943971157074	94.0	1.0000000000000002e-07
152	3	456	0.23733629286289215	100.0	1.0000000000000002e-07
153	1	457	0.20147113502025604	98.0	1.0000000000000002e-07
153	2	458	0.2778773903846741	94.0	1.0000000000000002e-07
153	3	459	0.2930302321910858	93.33333333333333	1.0000000000000002e-07
154	1	460	0.21359588205814362	96.0	1.0000000000000002e-07
154	2	461	0.21500620245933533	94.0	1.0000000000000002e-07
154	3	462	0.2784072160720825	100.0	1.0000000000000002e-07
155	1	463	0.3364683985710144	92.0	1.0000000000000002e-07
155	2	464	0.2040845900774002	92.0	1.0000000000000002e-07
155	3	465	0.411184698343277	86.66666666666667	1.0000000000000002e-07
156	1	466	0.2206215262413025	96.0	1.0000000000000002e-07
156	2	467	0.332396000623703	90.0	1.0000000000000002e-07
156	3	468	0.12461304664611816	100.0	1.0000000000000002e-07
157	1	469	0.21946865320205688	96.0	1.0000000000000002e-07
157	2	470	0.23119845986366272	96.0	1.0000000000000002e-07
157	3	471	0.20474769175052643	100.0	1.0000000000000002e-07
158	1	472	0.15578746795654297	98.0	1.0000000000000002e-07
158	2	473	0.16513963043689728	96.0	1.0000000000000002e-07
158	3	474	0.2921268045902252	100.0	1.0000000000000002e-07
159	1	475	0.16451860964298248	98.0	1.0000000000000002e-07
159	2	476	0.15741945803165436	96.0	1.0000000000000002e-07
159	3	477	0.21640628576278687	100.0	1.0000000000000002e-07
160	1	478	0.215171679854393	94.0	1.0000000000000004e-08
160	2	479	0.23483699560165405	94.0	1.0000000000000004e-08
160	3	480	0.10497535020112991	100.0	1.0000000000000004e-08
161	1	481	0.2350047081708908	90.0	1.0000000000000004e-08
161	2	482	0.22245146334171295	92.0	1.0000000000000004e-08
161	3	483	0.37803950905799866	93.33333333333333	1.0000000000000004e-08
162	1	484	0.21908901631832123	94.0	1.0000000000000004e-08
162	2	485	0.1691003441810608	98.0	1.0000000000000004e-08
162	3	486	0.3851732313632965	80.0	1.0000000000000004e-08
163	1	487	0.2627287209033966	94.0	1.0000000000000004e-08
163	2	488	0.23463979363441467	96.0	1.0000000000000004e-08
163	3	489	0.3529787063598633	100.0	1.0000000000000004e-08
164	1	490	0.16712099313735962	98.0	1.0000000000000004e-08
164	2	491	0.17917975783348083	98.0	1.0000000000000004e-08
164	3	492	0.6465752124786377	66.66666666666667	1.0000000000000004e-08
165	1	493	0.20075523853302002	94.0	1.0000000000000004e-08
165	2	494	0.3228948712348938	88.0	1.0000000000000004e-08
165	3	495	0.3181306719779968	86.66666666666667	1.0000000000000004e-08
166	1	496	0.13034959137439728	98.0	1.0000000000000004e-08
166	2	497	0.23400306701660156	96.0	1.0000000000000004e-08
166	3	498	0.4609624147415161	86.66666666666667	1.0000000000000004e-08
167	1	499	0.13931092619895935	98.0	1.0000000000000004e-08
167	2	500	0.18264193832874298	98.0	1.0000000000000004e-08
167	3	501	0.2725147008895874	93.33333333333333	1.0000000000000004e-08
168	1	502	0.1361839324235916	98.0	1.0000000000000004e-08
168	2	503	0.17556020617485046	98.0	1.0000000000000004e-08
168	3	504	0.2216654121875763	100.0	1.0000000000000004e-08
169	1	505	0.21802540123462677	94.0	1.0000000000000004e-08
169	2	506	0.3050987124443054	96.0	1.0000000000000004e-08
169	3	507	0.368007093667984	86.66666666666667	1.0000000000000004e-08
170	1	508	0.2418353259563446	94.0	1.0000000000000004e-08
170	2	509	0.19971239566802979	96.0	1.0000000000000004e-08
170	3	510	0.4589891731739044	86.66666666666667	1.0000000000000004e-08
171	1	511	0.14600630104541779	100.0	1.0000000000000004e-08
171	2	512	0.20893308520317078	94.0	1.0000000000000004e-08
171	3	513	0.7154026627540588	73.33333333333333	1.0000000000000004e-08
172	1	514	0.1862357258796692	92.0	1.0000000000000004e-08
172	2	515	0.18177653849124908	98.0	1.0000000000000004e-08
172	3	516	0.2371278703212738	93.33333333333333	1.0000000000000004e-08
173	1	517	0.30178698897361755	92.0	1.0000000000000004e-08
173	2	518	0.1627645045518875	98.0	1.0000000000000004e-08
173	3	519	0.19258980453014374	100.0	1.0000000000000004e-08
174	1	520	0.2454957813024521	94.0	1.0000000000000004e-08
174	2	521	0.25364425778388977	98.0	1.0000000000000004e-08
174	3	522	0.3142509460449219	86.66666666666667	1.0000000000000004e-08
175	1	523	0.24335651099681854	94.0	1.0000000000000004e-08
175	2	524	0.21960613131523132	94.0	1.0000000000000004e-08
175	3	525	0.142333522439003	100.0	1.0000000000000004e-08
176	1	526	0.26475128531455994	94.0	1.0000000000000004e-08
176	2	527	0.34563225507736206	90.0	1.0000000000000004e-08
176	3	528	0.3084041178226471	93.33333333333333	1.0000000000000004e-08
177	1	529	0.18448325991630554	98.0	1.0000000000000004e-08
177	2	530	0.24023762345314026	94.0	1.0000000000000004e-08
177	3	531	0.7551071047782898	80.0	1.0000000000000004e-08
178	1	532	0.19250378012657166	98.0	1.0000000000000004e-08
178	2	533	0.22879768908023834	98.0	1.0000000000000004e-08
178	3	534	0.4380670487880707	86.66666666666667	1.0000000000000004e-08
179	1	535	0.24284620583057404	94.0	1.0000000000000004e-08
179	2	536	0.18783527612686157	96.0	1.0000000000000004e-08
179	3	537	0.140081986784935	100.0	1.0000000000000004e-08
180	1	538	0.2675478458404541	92.0	1.0000000000000004e-08
180	2	539	0.17802101373672485	96.0	1.0000000000000004e-08
180	3	540	0.594549298286438	80.0	1.0000000000000004e-08
181	1	541	0.18154437839984894	96.0	1.0000000000000004e-08
181	2	542	0.1557915061712265	94.0	1.0000000000000004e-08
181	3	543	0.3324631452560425	86.66666666666667	1.0000000000000004e-08
182	1	544	0.22716298699378967	94.0	1.0000000000000004e-08
182	2	545	0.21830865740776062	96.0	1.0000000000000004e-08
182	3	546	0.14152473211288452	100.0	1.0000000000000004e-08
183	1	547	0.2135889083147049	94.0	1.0000000000000004e-08
183	2	548	0.24827410280704498	96.0	1.0000000000000004e-08
183	3	549	0.31156259775161743	93.33333333333333	1.0000000000000004e-08
184	1	550	0.21162886917591095	94.0	1.0000000000000004e-08
184	2	551	0.1981874406337738	96.0	1.0000000000000004e-08
184	3	552	0.18372787535190582	93.33333333333333	1.0000000000000004e-08
185	1	553	0.20136527717113495	96.0	1.0000000000000004e-08
185	2	554	0.13875405490398407	98.0	1.0000000000000004e-08
185	3	555	0.30963799357414246	86.66666666666667	1.0000000000000004e-08
186	1	556	0.25794339179992676	92.0	1.0000000000000004e-08
186	2	557	0.16757476329803467	96.0	1.0000000000000004e-08
186	3	558	0.22210831940174103	93.33333333333333	1.0000000000000004e-08
187	1	559	0.18553926050662994	94.0	1.0000000000000004e-08
187	2	560	0.1918366253376007	98.0	1.0000000000000004e-08
187	3	561	0.21976152062416077	93.33333333333333	1.0000000000000004e-08
188	1	562	0.22274023294448853	96.0	1.0000000000000004e-08
188	2	563	0.19129768013954163	98.0	1.0000000000000004e-08
188	3	564	0.22181691229343414	100.0	1.0000000000000004e-08
189	1	565	0.32602593302726746	88.0	1.0000000000000004e-08
189	2	566	0.1679421216249466	98.0	1.0000000000000004e-08
189	3	567	0.3680174946784973	93.33333333333333	1.0000000000000004e-08
190	1	568	0.10680726170539856	100.0	1.0000000000000004e-08
190	2	569	0.18603554368019104	98.0	1.0000000000000004e-08
190	3	570	0.271768182516098	93.33333333333333	1.0000000000000004e-08
191	1	571	0.21696871519088745	96.0	1.0000000000000004e-08
191	2	572	0.2326536923646927	94.0	1.0000000000000004e-08
191	3	573	0.1548037827014923	100.0	1.0000000000000004e-08
192	1	574	0.1952439546585083	98.0	1.0000000000000004e-08
192	2	575	0.19427482783794403	94.0	1.0000000000000004e-08
192	3	576	0.29095587134361267	93.33333333333333	1.0000000000000004e-08
193	1	577	0.18990257382392883	96.0	1.0000000000000004e-08
193	2	578	0.16073821485042572	98.0	1.0000000000000004e-08
193	3	579	0.3745017945766449	93.33333333333333	1.0000000000000004e-08
194	1	580	0.19240616261959076	96.0	1.0000000000000004e-08
194	2	581	0.2930343449115753	92.0	1.0000000000000004e-08
194	3	582	0.5630040764808655	80.0	1.0000000000000004e-08
195	1	583	0.18120889365673065	98.0	1.0000000000000004e-08
195	2	584	0.16494964063167572	98.0	1.0000000000000004e-08
195	3	585	0.3287556767463684	93.33333333333333	1.0000000000000004e-08
196	1	586	0.24895694851875305	92.0	1.0000000000000004e-08
196	2	587	0.13059483468532562	100.0	1.0000000000000004e-08
196	3	588	0.34011247754096985	80.0	1.0000000000000004e-08
197	1	589	0.19757163524627686	94.0	1.0000000000000004e-08
197	2	590	0.17541664838790894	96.0	1.0000000000000004e-08
197	3	591	0.19803816080093384	100.0	1.0000000000000004e-08
198	1	592	0.1146363615989685	100.0	1.0000000000000004e-08
198	2	593	0.26551637053489685	96.0	1.0000000000000004e-08
198	3	594	0.4288492798805237	86.66666666666667	1.0000000000000004e-08
199	1	595	0.17805980145931244	96.0	1.0000000000000004e-08
199	2	596	0.18222999572753906	96.0	1.0000000000000004e-08
199	3	597	0.28158101439476013	93.33333333333333	1.0000000000000004e-08
200	1	598	0.15654943883419037	98.0	1.0000000000000004e-08
200	2	599	0.1685195416212082	98.0	1.0000000000000004e-08
200	3	600	0.3375757336616516	93.33333333333333	1.0000000000000004e-08
201	1	601	0.23413357138633728	92.0	1.0000000000000004e-08
201	2	602	0.11417805403470993	100.0	1.0000000000000004e-08
201	3	603	0.3170604109764099	86.66666666666667	1.0000000000000004e-08
202	1	604	0.25565046072006226	96.0	1.0000000000000004e-08
202	2	605	0.2627542316913605	96.0	1.0000000000000004e-08
202	3	606	0.20164158940315247	100.0	1.0000000000000004e-08
203	1	607	0.2449120730161667	92.0	1.0000000000000004e-08
203	2	608	0.1666138470172882	100.0	1.0000000000000004e-08
203	3	609	0.17683343589305878	93.33333333333333	1.0000000000000004e-08
204	1	610	0.1774408221244812	98.0	1.0000000000000004e-08
204	2	611	0.21548804640769958	94.0	1.0000000000000004e-08
204	3	612	0.46401068568229675	86.66666666666667	1.0000000000000004e-08
205	1	613	0.18864765763282776	96.0	1.0000000000000004e-08
205	2	614	0.2924407720565796	92.0	1.0000000000000004e-08
205	3	615	0.40302756428718567	93.33333333333333	1.0000000000000004e-08
206	1	616	0.1556369960308075	96.0	1.0000000000000004e-08
206	2	617	0.14263799786567688	96.0	1.0000000000000004e-08
206	3	618	0.22479267418384552	100.0	1.0000000000000004e-08
207	1	619	0.2069227546453476	96.0	1.0000000000000004e-08
207	2	620	0.24157066643238068	94.0	1.0000000000000004e-08
207	3	621	0.16703100502490997	100.0	1.0000000000000004e-08
208	1	622	0.22915180027484894	94.0	1.0000000000000004e-08
208	2	623	0.31148040294647217	92.0	1.0000000000000004e-08
208	3	624	0.37310653924942017	86.66666666666667	1.0000000000000004e-08
209	1	625	0.15038155019283295	100.0	1.0000000000000004e-08
209	2	626	0.39787352085113525	86.0	1.0000000000000004e-08
209	3	627	0.11919457465410233	100.0	1.0000000000000004e-08
210	1	628	0.14957734942436218	100.0	1.0000000000000004e-08
210	2	629	0.22274276614189148	98.0	1.0000000000000004e-08
210	3	630	0.2927277386188507	100.0	1.0000000000000004e-08
211	1	631	0.2065785527229309	94.0	1.0000000000000004e-08
211	2	632	0.2851543724536896	94.0	1.0000000000000004e-08
211	3	633	0.5118138194084167	80.0	1.0000000000000004e-08
212	1	634	0.15631510317325592	96.0	1.0000000000000004e-08
212	2	635	0.15321116149425507	98.0	1.0000000000000004e-08
212	3	636	0.29915398359298706	93.33333333333333	1.0000000000000004e-08
213	1	637	0.3048725724220276	92.0	1.0000000000000004e-08
213	2	638	0.28253164887428284	90.0	1.0000000000000004e-08
213	3	639	0.29815804958343506	100.0	1.0000000000000004e-08
214	1	640	0.1617700159549713	98.0	1.0000000000000004e-08
214	2	641	0.20826618373394012	100.0	1.0000000000000004e-08
214	3	642	0.18880081176757812	100.0	1.0000000000000004e-08
215	1	643	0.23502814769744873	98.0	1.0000000000000004e-08
215	2	644	0.3207145035266876	90.0	1.0000000000000004e-08
215	3	645	0.32386621832847595	93.33333333333333	1.0000000000000004e-08
216	1	646	0.20250190794467926	94.0	1.0000000000000004e-08
216	2	647	0.17848248779773712	98.0	1.0000000000000004e-08
216	3	648	0.5464454889297485	86.66666666666667	1.0000000000000004e-08
217	1	649	0.21550773084163666	94.0	1.0000000000000004e-08
217	2	650	0.18284428119659424	96.0	1.0000000000000004e-08
217	3	651	0.2624947428703308	86.66666666666667	1.0000000000000004e-08
218	1	652	0.24922341108322144	92.0	1.0000000000000004e-08
218	2	653	0.3223753869533539	90.0	1.0000000000000004e-08
218	3	654	0.10163736343383789	100.0	1.0000000000000004e-08
219	1	655	0.22608159482479095	94.0	1.0000000000000004e-08
219	2	656	0.2565487027168274	90.0	1.0000000000000004e-08
219	3	657	0.515453040599823	86.66666666666667	1.0000000000000004e-08
220	1	658	0.2231118232011795	94.0	1.0000000000000004e-08
220	2	659	0.34117066860198975	88.0	1.0000000000000004e-08
220	3	660	0.28063249588012695	86.66666666666667	1.0000000000000004e-08
221	1	661	0.1736319363117218	98.0	1.0000000000000004e-08
221	2	662	0.1680092066526413	98.0	1.0000000000000004e-08
221	3	663	0.6913965940475464	80.0	1.0000000000000004e-08
222	1	664	0.22834445536136627	96.0	1.0000000000000004e-08
222	2	665	0.16980037093162537	100.0	1.0000000000000004e-08
222	3	666	0.28372085094451904	93.33333333333333	1.0000000000000004e-08
223	1	667	0.15531879663467407	98.0	1.0000000000000004e-08
223	2	668	0.206004798412323	98.0	1.0000000000000004e-08
223	3	669	0.412048876285553	93.33333333333333	1.0000000000000004e-08
224	1	670	0.18347427248954773	96.0	1.0000000000000004e-08
224	2	671	0.24731191992759705	92.0	1.0000000000000004e-08
224	3	672	0.3086215555667877	100.0	1.0000000000000004e-08
225	1	673	0.1936841905117035	96.0	1.0000000000000004e-08
225	2	674	0.2188618779182434	94.0	1.0000000000000004e-08
225	3	675	0.13606825470924377	100.0	1.0000000000000004e-08
226	1	676	0.1719604879617691	96.0	1.0000000000000004e-08
226	2	677	0.17367435991764069	96.0	1.0000000000000004e-08
226	3	678	0.3957335650920868	80.0	1.0000000000000004e-08
227	1	679	0.19699260592460632	96.0	1.0000000000000004e-08
227	2	680	0.2221752554178238	96.0	1.0000000000000004e-08
227	3	681	0.12715882062911987	100.0	1.0000000000000004e-08
228	1	682	0.2533760964870453	92.0	1.0000000000000004e-08
228	2	683	0.17213958501815796	94.0	1.0000000000000004e-08
228	3	684	0.1367509514093399	100.0	1.0000000000000004e-08
229	1	685	0.2175297886133194	94.0	1.0000000000000004e-08
229	2	686	0.22240401804447174	92.0	1.0000000000000004e-08
229	3	687	0.8457255959510803	80.0	1.0000000000000004e-08
230	1	688	0.24592269957065582	96.0	1.0000000000000004e-08
230	2	689	0.17093421518802643	98.0	1.0000000000000004e-08
230	3	690	0.501600980758667	86.66666666666667	1.0000000000000004e-08
231	1	691	0.167648047208786	98.0	1.0000000000000004e-08
231	2	692	0.15725454688072205	100.0	1.0000000000000004e-08
231	3	693	0.404269814491272	86.66666666666667	1.0000000000000004e-08
232	1	694	0.14460866153240204	100.0	1.0000000000000004e-08
232	2	695	0.24866452813148499	94.0	1.0000000000000004e-08
232	3	696	0.26742228865623474	93.33333333333333	1.0000000000000004e-08
233	1	697	0.18505826592445374	92.0	1.0000000000000004e-08
233	2	698	0.21172302961349487	94.0	1.0000000000000004e-08
233	3	699	0.6150450110435486	73.33333333333333	1.0000000000000004e-08
234	1	700	0.22635719180107117	96.0	1.0000000000000004e-08
234	2	701	0.17477813363075256	96.0	1.0000000000000004e-08
234	3	702	0.2900759279727936	93.33333333333333	1.0000000000000004e-08
235	1	703	0.18790355324745178	98.0	1.0000000000000004e-08
235	2	704	0.23124253749847412	96.0	1.0000000000000004e-08
235	3	705	0.21829773485660553	93.33333333333333	1.0000000000000004e-08
236	1	706	0.21487820148468018	94.0	1.0000000000000004e-08
236	2	707	0.22132070362567902	94.0	1.0000000000000004e-08
236	3	708	0.3106299042701721	93.33333333333333	1.0000000000000004e-08
237	1	709	0.1999090164899826	94.0	1.0000000000000004e-08
237	2	710	0.22984863817691803	92.0	1.0000000000000004e-08
237	3	711	0.3792155981063843	86.66666666666667	1.0000000000000004e-08
238	1	712	0.21281154453754425	94.0	1.0000000000000004e-08
238	2	713	0.26777639985084534	92.0	1.0000000000000004e-08
238	3	714	0.1700921207666397	100.0	1.0000000000000004e-08
239	1	715	0.26324617862701416	92.0	1.0000000000000004e-08
239	2	716	0.15717846155166626	100.0	1.0000000000000004e-08
239	3	717	0.3269090950489044	93.33333333333333	1.0000000000000004e-08
240	1	718	0.18679215013980865	96.0	1.0000000000000004e-08
240	2	719	0.16648651659488678	100.0	1.0000000000000004e-08
240	3	720	0.28551360964775085	93.33333333333333	1.0000000000000004e-08
241	1	721	0.2223147600889206	92.0	1.0000000000000004e-08
241	2	722	0.2258058339357376	94.0	1.0000000000000004e-08
241	3	723	0.3294864296913147	93.33333333333333	1.0000000000000004e-08
242	1	724	0.1705121248960495	94.0	1.0000000000000004e-08
242	2	725	0.11632033437490463	100.0	1.0000000000000004e-08
242	3	726	0.5794934630393982	73.33333333333333	1.0000000000000004e-08
243	1	727	0.16195186972618103	98.0	1.0000000000000004e-08
243	2	728	0.1596248745918274	98.0	1.0000000000000004e-08
243	3	729	0.35383275151252747	86.66666666666667	1.0000000000000004e-08
244	1	730	0.17421980202198029	96.0	1.0000000000000004e-08
244	2	731	0.11697304993867874	100.0	1.0000000000000004e-08
244	3	732	0.44632819294929504	80.0	1.0000000000000004e-08
245	1	733	0.1865173727273941	96.0	1.0000000000000004e-08
245	2	734	0.2216797024011612	96.0	1.0000000000000004e-08
245	3	735	0.2764750123023987	93.33333333333333	1.0000000000000004e-08
246	1	736	0.17766448855400085	100.0	1.0000000000000004e-08
246	2	737	0.20533590018749237	96.0	1.0000000000000004e-08
246	3	738	0.23119373619556427	93.33333333333333	1.0000000000000004e-08
247	1	739	0.1403626650571823	100.0	1.0000000000000004e-08
247	2	740	0.22325217723846436	94.0	1.0000000000000004e-08
247	3	741	0.5878725051879883	86.66666666666667	1.0000000000000004e-08
248	1	742	0.25650158524513245	92.0	1.0000000000000004e-08
248	2	743	0.24283844232559204	98.0	1.0000000000000004e-08
248	3	744	0.12339744716882706	100.0	1.0000000000000004e-08
249	1	745	0.1543530374765396	98.0	1.0000000000000004e-08
249	2	746	0.23760002851486206	92.0	1.0000000000000004e-08
249	3	747	0.20188647508621216	93.33333333333333	1.0000000000000004e-08
250	1	748	0.22849026322364807	96.0	1.0000000000000004e-08
250	2	749	0.26090043783187866	96.0	1.0000000000000004e-08
250	3	750	0.43771830201148987	86.66666666666667	1.0000000000000004e-08
251	1	751	0.13808150589466095	100.0	1.0000000000000004e-08
251	2	752	0.25410911440849304	90.0	1.0000000000000004e-08
251	3	753	0.4979366958141327	80.0	1.0000000000000004e-08
252	1	754	0.17293666303157806	96.0	1.0000000000000004e-08
252	2	755	0.27123168110847473	92.0	1.0000000000000004e-08
252	3	756	0.19584819674491882	100.0	1.0000000000000004e-08
253	1	757	0.24811844527721405	90.0	1.0000000000000004e-08
253	2	758	0.21349157392978668	98.0	1.0000000000000004e-08
253	3	759	0.5854197144508362	73.33333333333333	1.0000000000000004e-08
254	1	760	0.2709406316280365	94.0	1.0000000000000004e-08
254	2	761	0.1789940595626831	96.0	1.0000000000000004e-08
254	3	762	0.29687532782554626	86.66666666666667	1.0000000000000004e-08
255	1	763	0.255728155374527	90.0	1.0000000000000004e-08
255	2	764	0.16020704805850983	98.0	1.0000000000000004e-08
255	3	765	0.5318981409072876	86.66666666666667	1.0000000000000004e-08
256	1	766	0.2959864139556885	92.0	1.0000000000000004e-08
256	2	767	0.18622684478759766	96.0	1.0000000000000004e-08
256	3	768	0.19144661724567413	100.0	1.0000000000000004e-08
257	1	769	0.25009799003601074	92.0	1.0000000000000004e-08
257	2	770	0.1720648556947708	98.0	1.0000000000000004e-08
257	3	771	0.44051843881607056	93.33333333333333	1.0000000000000004e-08
258	1	772	0.14057141542434692	98.0	1.0000000000000004e-08
258	2	773	0.12203856557607651	98.0	1.0000000000000004e-08
258	3	774	0.4098890423774719	93.33333333333333	1.0000000000000004e-08
259	1	775	0.2598532438278198	92.0	1.0000000000000004e-08
259	2	776	0.3020293414592743	90.0	1.0000000000000004e-08
259	3	777	0.330849289894104	100.0	1.0000000000000004e-08
260	1	778	0.20794326066970825	94.0	1.0000000000000004e-08
260	2	779	0.22824928164482117	94.0	1.0000000000000004e-08
260	3	780	0.47744670510292053	86.66666666666667	1.0000000000000004e-08
261	1	781	0.1668761819601059	98.0	1.0000000000000004e-08
261	2	782	0.22769051790237427	92.0	1.0000000000000004e-08
261	3	783	0.4032783508300781	93.33333333333333	1.0000000000000004e-08
262	1	784	0.25844842195510864	94.0	1.0000000000000004e-08
262	2	785	0.16720356047153473	98.0	1.0000000000000004e-08
262	3	786	0.5346671938896179	80.0	1.0000000000000004e-08
263	1	787	0.15566708147525787	98.0	1.0000000000000004e-08
263	2	788	0.2453455775976181	92.0	1.0000000000000004e-08
263	3	789	0.1518709361553192	100.0	1.0000000000000004e-08
264	1	790	0.22058384120464325	96.0	1.0000000000000004e-08
264	2	791	0.26210397481918335	92.0	1.0000000000000004e-08
264	3	792	0.6253093481063843	93.33333333333333	1.0000000000000004e-08
265	1	793	0.09724210947751999	98.0	1.0000000000000004e-08
265	2	794	0.1624431610107422	96.0	1.0000000000000004e-08
265	3	795	0.4511350095272064	93.33333333333333	1.0000000000000004e-08
266	1	796	0.19551943242549896	96.0	1.0000000000000004e-08
266	2	797	0.16427600383758545	100.0	1.0000000000000004e-08
266	3	798	0.4448120892047882	86.66666666666667	1.0000000000000004e-08
267	1	799	0.20495662093162537	94.0	1.0000000000000004e-08
267	2	800	0.15072256326675415	96.0	1.0000000000000004e-08
267	3	801	0.2198791652917862	100.0	1.0000000000000004e-08
268	1	802	0.20362500846385956	96.0	1.0000000000000004e-08
268	2	803	0.2503035366535187	96.0	1.0000000000000004e-08
268	3	804	0.4185802638530731	93.33333333333333	1.0000000000000004e-08
269	1	805	0.28534021973609924	90.0	1.0000000000000004e-08
269	2	806	0.15592525899410248	100.0	1.0000000000000004e-08
269	3	807	0.23850446939468384	93.33333333333333	1.0000000000000004e-08
270	1	808	0.2650759816169739	94.0	1.0000000000000004e-08
270	2	809	0.2243625521659851	96.0	1.0000000000000004e-08
270	3	810	0.3018985688686371	86.66666666666667	1.0000000000000004e-08
271	1	811	0.27031075954437256	90.0	1.0000000000000004e-08
271	2	812	0.18932314217090607	96.0	1.0000000000000004e-08
271	3	813	0.4067457616329193	93.33333333333333	1.0000000000000004e-08
272	1	814	0.1972401738166809	96.0	1.0000000000000004e-08
272	2	815	0.1889302134513855	98.0	1.0000000000000004e-08
272	3	816	0.3980788588523865	93.33333333333333	1.0000000000000004e-08
273	1	817	0.28421154618263245	94.0	1.0000000000000004e-08
273	2	818	0.2211267352104187	98.0	1.0000000000000004e-08
273	3	819	0.30388110876083374	86.66666666666667	1.0000000000000004e-08
274	1	820	0.2235163450241089	94.0	1.0000000000000004e-08
274	2	821	0.2439287155866623	92.0	1.0000000000000004e-08
274	3	822	0.29328155517578125	93.33333333333333	1.0000000000000004e-08
275	1	823	0.15281710028648376	96.0	1.0000000000000004e-08
275	2	824	0.176069438457489	96.0	1.0000000000000004e-08
275	3	825	0.2047259509563446	93.33333333333333	1.0000000000000004e-08
276	1	826	0.19359701871871948	94.0	1.0000000000000004e-08
276	2	827	0.24446362257003784	90.0	1.0000000000000004e-08
276	3	828	0.27768754959106445	93.33333333333333	1.0000000000000004e-08
277	1	829	0.14859433472156525	98.0	1.0000000000000004e-08
277	2	830	0.157989963889122	100.0	1.0000000000000004e-08
277	3	831	0.24146918952465057	93.33333333333333	1.0000000000000004e-08
278	1	832	0.15913617610931396	98.0	1.0000000000000004e-08
278	2	833	0.16816799342632294	100.0	1.0000000000000004e-08
278	3	834	0.6182597875595093	86.66666666666667	1.0000000000000004e-08
279	1	835	0.20261892676353455	96.0	1.0000000000000004e-08
279	2	836	0.16969886422157288	96.0	1.0000000000000004e-08
279	3	837	0.15505997836589813	100.0	1.0000000000000004e-08
280	1	838	0.19261722266674042	98.0	1.0000000000000004e-08
280	2	839	0.24360521137714386	94.0	1.0000000000000004e-08
280	3	840	0.1993686556816101	100.0	1.0000000000000004e-08
281	1	841	0.22456401586532593	94.0	1.0000000000000004e-08
281	2	842	0.3052702248096466	88.0	1.0000000000000004e-08
281	3	843	0.5309197306632996	80.0	1.0000000000000004e-08
282	1	844	0.20984356105327606	94.0	1.0000000000000004e-08
282	2	845	0.19735947251319885	96.0	1.0000000000000004e-08
282	3	846	0.1877373903989792	93.33333333333333	1.0000000000000004e-08
283	1	847	0.2399967908859253	92.0	1.0000000000000004e-08
283	2	848	0.3020752966403961	90.0	1.0000000000000004e-08
283	3	849	0.23569093644618988	93.33333333333333	1.0000000000000004e-08
284	1	850	0.231540247797966	96.0	1.0000000000000004e-08
284	2	851	0.13791637122631073	98.0	1.0000000000000004e-08
284	3	852	0.18270042538642883	100.0	1.0000000000000004e-08
285	1	853	0.2200806736946106	94.0	1.0000000000000004e-08
285	2	854	0.23175735771656036	96.0	1.0000000000000004e-08
285	3	855	0.16207480430603027	100.0	1.0000000000000004e-08
286	1	856	0.1692386418581009	100.0	1.0000000000000004e-08
286	2	857	0.23739221692085266	94.0	1.0000000000000004e-08
286	3	858	0.16634508967399597	93.33333333333333	1.0000000000000004e-08
287	1	859	0.22587284445762634	94.0	1.0000000000000004e-08
287	2	860	0.325062096118927	94.0	1.0000000000000004e-08
287	3	861	0.12018661201000214	100.0	1.0000000000000004e-08
288	1	862	0.1871049553155899	92.0	1.0000000000000004e-08
288	2	863	0.14830799400806427	100.0	1.0000000000000004e-08
288	3	864	0.3642573058605194	93.33333333333333	1.0000000000000004e-08
289	1	865	0.22264036536216736	98.0	1.0000000000000004e-08
289	2	866	0.21351757645606995	94.0	1.0000000000000004e-08
289	3	867	0.24948708713054657	93.33333333333333	1.0000000000000004e-08
290	1	868	0.15929056704044342	98.0	1.0000000000000004e-08
290	2	869	0.20581355690956116	92.0	1.0000000000000004e-08
290	3	870	0.2426973134279251	93.33333333333333	1.0000000000000004e-08
291	1	871	0.2210160493850708	94.0	1.0000000000000004e-08
291	2	872	0.23871544003486633	94.0	1.0000000000000004e-08
291	3	873	0.12556980550289154	100.0	1.0000000000000004e-08
292	1	874	0.20150107145309448	96.0	1.0000000000000004e-08
292	2	875	0.19335216283798218	94.0	1.0000000000000004e-08
292	3	876	0.32855352759361267	86.66666666666667	1.0000000000000004e-08
293	1	877	0.20297832787036896	96.0	1.0000000000000004e-08
293	2	878	0.15013696253299713	100.0	1.0000000000000004e-08
293	3	879	0.18587526679039001	100.0	1.0000000000000004e-08
294	1	880	0.25325343012809753	90.0	1.0000000000000004e-08
294	2	881	0.1392011046409607	98.0	1.0000000000000004e-08
294	3	882	0.41230425238609314	93.33333333333333	1.0000000000000004e-08
295	1	883	0.12166095525026321	100.0	1.0000000000000004e-08
295	2	884	0.26575616002082825	92.0	1.0000000000000004e-08
295	3	885	0.36417248845100403	80.0	1.0000000000000004e-08
296	1	886	0.1890280544757843	96.0	1.0000000000000004e-08
296	2	887	0.1272912621498108	98.0	1.0000000000000004e-08
296	3	888	0.19146594405174255	100.0	1.0000000000000004e-08
297	1	889	0.24403944611549377	94.0	1.0000000000000004e-08
297	2	890	0.15753625333309174	96.0	1.0000000000000004e-08
297	3	891	0.23818567395210266	93.33333333333333	1.0000000000000004e-08
298	1	892	0.23636898398399353	98.0	1.0000000000000004e-08
298	2	893	0.16817454993724823	98.0	1.0000000000000004e-08
298	3	894	0.22414642572402954	100.0	1.0000000000000004e-08
299	1	895	0.22291655838489532	96.0	1.0000000000000004e-08
299	2	896	0.2260533571243286	94.0	1.0000000000000004e-08
299	3	897	0.34350380301475525	86.66666666666667	1.0000000000000004e-08
300	1	898	0.1765800416469574	96.0	1.0000000000000004e-08
300	2	899	0.19871066510677338	96.0	1.0000000000000004e-08
300	3	900	0.2106042355298996	93.33333333333333	1.0000000000000004e-08
301	1	901	0.19597889482975006	100.0	1.0000000000000004e-08
301	2	902	0.15296335518360138	98.0	1.0000000000000004e-08
301	3	903	0.11665506660938263	100.0	1.0000000000000004e-08
302	1	904	0.1672050654888153	100.0	1.0000000000000004e-08
302	2	905	0.19252857565879822	92.0	1.0000000000000004e-08
302	3	906	0.36563199758529663	80.0	1.0000000000000004e-08
303	1	907	0.1687946915626526	96.0	1.0000000000000004e-08
303	2	908	0.23970691859722137	92.0	1.0000000000000004e-08
303	3	909	0.41115087270736694	86.66666666666667	1.0000000000000004e-08
304	1	910	0.24232736229896545	96.0	1.0000000000000004e-08
304	2	911	0.22952213883399963	98.0	1.0000000000000004e-08
304	3	912	0.27083224058151245	86.66666666666667	1.0000000000000004e-08
305	1	913	0.12661853432655334	98.0	1.0000000000000004e-08
305	2	914	0.26487597823143005	92.0	1.0000000000000004e-08
305	3	915	0.6197394132614136	73.33333333333333	1.0000000000000004e-08
306	1	916	0.1483936458826065	96.0	1.0000000000000004e-08
306	2	917	0.21315105259418488	96.0	1.0000000000000004e-08
306	3	918	0.22382447123527527	93.33333333333333	1.0000000000000004e-08
307	1	919	0.2798120975494385	88.0	1.0000000000000004e-08
307	2	920	0.18450075387954712	96.0	1.0000000000000004e-08
307	3	921	0.20891399681568146	100.0	1.0000000000000004e-08
308	1	922	0.18764659762382507	96.0	1.0000000000000004e-08
308	2	923	0.1634165197610855	96.0	1.0000000000000004e-08
308	3	924	0.30062204599380493	86.66666666666667	1.0000000000000004e-08
309	1	925	0.16024696826934814	98.0	1.0000000000000004e-08
309	2	926	0.23850210011005402	92.0	1.0000000000000004e-08
309	3	927	0.14491932094097137	100.0	1.0000000000000004e-08
310	1	928	0.18506713211536407	96.0	1.0000000000000004e-08
310	2	929	0.13300921022891998	100.0	1.0000000000000004e-08
310	3	930	0.6540347933769226	80.0	1.0000000000000004e-08
311	1	931	0.22155821323394775	94.0	1.0000000000000004e-08
311	2	932	0.17944049835205078	98.0	1.0000000000000004e-08
311	3	933	0.2519875764846802	100.0	1.0000000000000004e-08
312	1	934	0.13751675188541412	96.0	1.0000000000000004e-08
312	2	935	0.21046340465545654	94.0	1.0000000000000004e-08
312	3	936	0.3743179738521576	93.33333333333333	1.0000000000000004e-08
313	1	937	0.2122848927974701	94.0	1.0000000000000004e-08
313	2	938	0.18317565321922302	98.0	1.0000000000000004e-08
313	3	939	0.2725265324115753	86.66666666666667	1.0000000000000004e-08
314	1	940	0.23813995718955994	94.0	1.0000000000000004e-08
314	2	941	0.19029884040355682	92.0	1.0000000000000004e-08
314	3	942	0.20385341346263885	93.33333333333333	1.0000000000000004e-08
315	1	943	0.18934030830860138	96.0	1.0000000000000004e-08
315	2	944	0.19823087751865387	96.0	1.0000000000000004e-08
315	3	945	0.4865833520889282	93.33333333333333	1.0000000000000004e-08
316	1	946	0.20897811651229858	96.0	1.0000000000000004e-08
316	2	947	0.23654556274414062	94.0	1.0000000000000004e-08
316	3	948	0.4531268775463104	86.66666666666667	1.0000000000000004e-08
317	1	949	0.3342374563217163	86.0	1.0000000000000004e-08
317	2	950	0.3120418190956116	86.0	1.0000000000000004e-08
317	3	951	0.4118412137031555	93.33333333333333	1.0000000000000004e-08
318	1	952	0.17123037576675415	94.0	1.0000000000000004e-08
318	2	953	0.18813377618789673	96.0	1.0000000000000004e-08
318	3	954	0.3081718981266022	93.33333333333333	1.0000000000000004e-08
319	1	955	0.17925485968589783	96.0	1.0000000000000004e-08
319	2	956	0.18688955903053284	92.0	1.0000000000000004e-08
319	3	957	0.2966700792312622	93.33333333333333	1.0000000000000004e-08
320	1	958	0.16338786482810974	98.0	1.0000000000000004e-08
320	2	959	0.30779629945755005	90.0	1.0000000000000004e-08
320	3	960	0.40565288066864014	80.0	1.0000000000000004e-08
321	1	961	0.26440247893333435	94.0	1.0000000000000004e-08
321	2	962	0.1639450490474701	98.0	1.0000000000000004e-08
321	3	963	0.5048172473907471	80.0	1.0000000000000004e-08
322	1	964	0.20416703820228577	96.0	1.0000000000000004e-08
322	2	965	0.3096141219139099	90.0	1.0000000000000004e-08
322	3	966	0.16600345075130463	100.0	1.0000000000000004e-08
323	1	967	0.17105156183242798	100.0	1.0000000000000004e-08
323	2	968	0.18222609162330627	96.0	1.0000000000000004e-08
323	3	969	0.30649614334106445	93.33333333333333	1.0000000000000004e-08
324	1	970	0.16031600534915924	94.0	1.0000000000000004e-08
324	2	971	0.26568669080734253	94.0	1.0000000000000004e-08
324	3	972	0.3576105237007141	80.0	1.0000000000000004e-08
325	1	973	0.1832096129655838	98.0	1.0000000000000004e-08
325	2	974	0.18624621629714966	96.0	1.0000000000000004e-08
325	3	975	0.13444259762763977	100.0	1.0000000000000004e-08
326	1	976	0.22624513506889343	96.0	1.0000000000000004e-08
326	2	977	0.1876150518655777	98.0	1.0000000000000004e-08
326	3	978	0.46132364869117737	86.66666666666667	1.0000000000000004e-08
327	1	979	0.22165358066558838	96.0	1.0000000000000004e-08
327	2	980	0.10728967934846878	100.0	1.0000000000000004e-08
327	3	981	0.5133565664291382	86.66666666666667	1.0000000000000004e-08
328	1	982	0.2477647066116333	94.0	1.0000000000000004e-08
328	2	983	0.23744827508926392	94.0	1.0000000000000004e-08
328	3	984	0.6043144464492798	80.0	1.0000000000000004e-08
329	1	985	0.24591772258281708	92.0	1.0000000000000004e-08
329	2	986	0.16033631563186646	96.0	1.0000000000000004e-08
329	3	987	0.25424304604530334	93.33333333333333	1.0000000000000004e-08
330	1	988	0.1981133222579956	100.0	1.0000000000000004e-08
330	2	989	0.1670866459608078	98.0	1.0000000000000004e-08
330	3	990	0.23141366243362427	100.0	1.0000000000000004e-08
331	1	991	0.20697647333145142	94.0	1.0000000000000004e-08
331	2	992	0.25924938917160034	94.0	1.0000000000000004e-08
331	3	993	0.5708544850349426	86.66666666666667	1.0000000000000004e-08
332	1	994	0.135353684425354	98.0	1.0000000000000004e-08
332	2	995	0.20373685657978058	94.0	1.0000000000000004e-08
332	3	996	0.2528704106807709	93.33333333333333	1.0000000000000004e-08
333	1	997	0.2149665653705597	92.0	1.0000000000000004e-08
333	2	998	0.20713317394256592	94.0	1.0000000000000004e-08
333	3	999	0.2976973354816437	93.33333333333333	1.0000000000000004e-08
334	1	1000	0.17933158576488495	96.0	1.0000000000000004e-08
334	2	1001	0.23676767945289612	94.0	1.0000000000000004e-08
334	3	1002	0.6242437958717346	80.0	1.0000000000000004e-08
335	1	1003	0.1618848741054535	100.0	1.0000000000000004e-08
335	2	1004	0.19240404665470123	94.0	1.0000000000000004e-08
335	3	1005	0.6551381349563599	86.66666666666667	1.0000000000000004e-08
336	1	1006	0.20860275626182556	96.0	1.0000000000000004e-08
336	2	1007	0.15152646601200104	100.0	1.0000000000000004e-08
336	3	1008	0.556668221950531	86.66666666666667	1.0000000000000004e-08
337	1	1009	0.20099088549613953	94.0	1.0000000000000004e-08
337	2	1010	0.17965008318424225	98.0	1.0000000000000004e-08
337	3	1011	0.18696077167987823	93.33333333333333	1.0000000000000004e-08
338	1	1012	0.18851199746131897	94.0	1.0000000000000004e-08
338	2	1013	0.1387491524219513	96.0	1.0000000000000004e-08
338	3	1014	0.25586405396461487	100.0	1.0000000000000004e-08
339	1	1015	0.18769550323486328	96.0	1.0000000000000004e-08
339	2	1016	0.144114688038826	98.0	1.0000000000000004e-08
339	3	1017	0.49831780791282654	86.66666666666667	1.0000000000000004e-08
340	1	1018	0.20110966265201569	98.0	1.0000000000000004e-08
340	2	1019	0.32896459102630615	92.0	1.0000000000000004e-08
340	3	1020	0.3468110263347626	93.33333333333333	1.0000000000000004e-08
341	1	1021	0.20510825514793396	94.0	1.0000000000000004e-08
341	2	1022	0.21127185225486755	96.0	1.0000000000000004e-08
341	3	1023	0.4740554094314575	80.0	1.0000000000000004e-08
342	1	1024	0.26192936301231384	92.0	1.0000000000000004e-08
342	2	1025	0.2641696631908417	94.0	1.0000000000000004e-08
342	3	1026	0.47201764583587646	80.0	1.0000000000000004e-08
343	1	1027	0.30556389689445496	94.0	1.0000000000000004e-08
343	2	1028	0.2806915044784546	90.0	1.0000000000000004e-08
343	3	1029	0.4010549485683441	86.66666666666667	1.0000000000000004e-08
344	1	1030	0.22451354563236237	98.0	1.0000000000000004e-08
344	2	1031	0.20180462300777435	94.0	1.0000000000000004e-08
344	3	1032	0.5031020045280457	80.0	1.0000000000000004e-08
345	1	1033	0.20780080556869507	96.0	1.0000000000000004e-08
345	2	1034	0.17694725096225739	96.0	1.0000000000000004e-08
345	3	1035	0.26196032762527466	93.33333333333333	1.0000000000000004e-08
346	1	1036	0.16377566754817963	96.0	1.0000000000000004e-08
346	2	1037	0.21710273623466492	98.0	1.0000000000000004e-08
346	3	1038	0.2705691456794739	100.0	1.0000000000000004e-08
347	1	1039	0.13218873739242554	98.0	1.0000000000000004e-08
347	2	1040	0.22482065856456757	96.0	1.0000000000000004e-08
347	3	1041	0.7455964684486389	73.33333333333333	1.0000000000000004e-08
348	1	1042	0.1986076682806015	100.0	1.0000000000000004e-08
348	2	1043	0.223830908536911	92.0	1.0000000000000004e-08
348	3	1044	0.1579156219959259	100.0	1.0000000000000004e-08
349	1	1045	0.2973850965499878	94.0	1.0000000000000004e-08
349	2	1046	0.16647033393383026	98.0	1.0000000000000004e-08
349	3	1047	0.4138018786907196	86.66666666666667	1.0000000000000004e-08
350	1	1048	0.172205850481987	96.0	1.0000000000000004e-08
350	2	1049	0.21298183500766754	94.0	1.0000000000000004e-08
350	3	1050	0.33413636684417725	86.66666666666667	1.0000000000000004e-08
351	1	1051	0.25095391273498535	94.0	1.0000000000000004e-08
351	2	1052	0.2739894390106201	94.0	1.0000000000000004e-08
351	3	1053	0.42424920201301575	86.66666666666667	1.0000000000000004e-08
352	1	1054	0.1671409159898758	96.0	1.0000000000000004e-08
352	2	1055	0.191966712474823	96.0	1.0000000000000004e-08
352	3	1056	0.23507775366306305	93.33333333333333	1.0000000000000004e-08
353	1	1057	0.2214089184999466	98.0	1.0000000000000004e-08
353	2	1058	0.14163312315940857	96.0	1.0000000000000004e-08
353	3	1059	0.11246524006128311	100.0	1.0000000000000004e-08
354	1	1060	0.17588818073272705	96.0	1.0000000000000004e-08
354	2	1061	0.18961817026138306	96.0	1.0000000000000004e-08
354	3	1062	0.15484149754047394	100.0	1.0000000000000004e-08
355	1	1063	0.22257758677005768	96.0	1.0000000000000004e-08
355	2	1064	0.1971021145582199	98.0	1.0000000000000004e-08
355	3	1065	0.4791756272315979	93.33333333333333	1.0000000000000004e-08
356	1	1066	0.20479446649551392	96.0	1.0000000000000004e-08
356	2	1067	0.17886878550052643	100.0	1.0000000000000004e-08
356	3	1068	0.22304792702198029	100.0	1.0000000000000004e-08
357	1	1069	0.17781801521778107	98.0	1.0000000000000004e-08
357	2	1070	0.1887570023536682	94.0	1.0000000000000004e-08
357	3	1071	0.2867794334888458	86.66666666666667	1.0000000000000004e-08
358	1	1072	0.17157669365406036	96.0	1.0000000000000004e-08
358	2	1073	0.22360099852085114	98.0	1.0000000000000004e-08
358	3	1074	0.1413445770740509	100.0	1.0000000000000004e-08
359	1	1075	0.21178390085697174	98.0	1.0000000000000004e-08
359	2	1076	0.17897219955921173	94.0	1.0000000000000004e-08
359	3	1077	0.3100508451461792	93.33333333333333	1.0000000000000004e-08
360	1	1078	0.18721751868724823	96.0	1.0000000000000004e-08
360	2	1079	0.17009228467941284	96.0	1.0000000000000004e-08
360	3	1080	0.19636233150959015	93.33333333333333	1.0000000000000004e-08
361	1	1081	0.1714331954717636	96.0	1.0000000000000004e-08
361	2	1082	0.1546967476606369	98.0	1.0000000000000004e-08
361	3	1083	0.27462270855903625	93.33333333333333	1.0000000000000004e-08
362	1	1084	0.26359835267066956	92.0	1.0000000000000004e-08
362	2	1085	0.26112106442451477	96.0	1.0000000000000004e-08
362	3	1086	0.38758406043052673	93.33333333333333	1.0000000000000004e-08
363	1	1087	0.18729795515537262	98.0	1.0000000000000004e-08
363	2	1088	0.2111862301826477	92.0	1.0000000000000004e-08
363	3	1089	0.38177016377449036	93.33333333333333	1.0000000000000004e-08
364	1	1090	0.20581626892089844	98.0	1.0000000000000004e-08
364	2	1091	0.2021983563899994	98.0	1.0000000000000004e-08
364	3	1092	0.1532295197248459	100.0	1.0000000000000004e-08
365	1	1093	0.22359730303287506	92.0	1.0000000000000004e-08
365	2	1094	0.24200721085071564	90.0	1.0000000000000004e-08
365	3	1095	0.1807105839252472	100.0	1.0000000000000004e-08
366	1	1096	0.13727322220802307	100.0	1.0000000000000004e-08
366	2	1097	0.21329094469547272	96.0	1.0000000000000004e-08
366	3	1098	0.33574098348617554	86.66666666666667	1.0000000000000004e-08
367	1	1099	0.26349133253097534	92.0	1.0000000000000004e-08
367	2	1100	0.18499188125133514	96.0	1.0000000000000004e-08
367	3	1101	0.21547113358974457	100.0	1.0000000000000004e-08
368	1	1102	0.2815036475658417	92.0	1.0000000000000004e-08
368	2	1103	0.17015531659126282	98.0	1.0000000000000004e-08
368	3	1104	0.43888533115386963	86.66666666666667	1.0000000000000004e-08
369	1	1105	0.25339722633361816	94.0	1.0000000000000004e-08
369	2	1106	0.15065854787826538	100.0	1.0000000000000004e-08
369	3	1107	0.28690657019615173	93.33333333333333	1.0000000000000004e-08
370	1	1108	0.2081981897354126	96.0	1.0000000000000004e-08
370	2	1109	0.2192237228155136	96.0	1.0000000000000004e-08
370	3	1110	0.2449871152639389	93.33333333333333	1.0000000000000004e-08
371	1	1111	0.238286554813385	94.0	1.0000000000000004e-08
371	2	1112	0.20871639251708984	96.0	1.0000000000000004e-08
371	3	1113	0.4155743718147278	86.66666666666667	1.0000000000000004e-08
372	1	1114	0.15911713242530823	100.0	1.0000000000000004e-08
372	2	1115	0.1849072426557541	96.0	1.0000000000000004e-08
372	3	1116	0.1915411800146103	100.0	1.0000000000000004e-08
373	1	1117	0.2155340611934662	96.0	1.0000000000000004e-08
373	2	1118	0.18212291598320007	94.0	1.0000000000000004e-08
373	3	1119	0.35054871439933777	86.66666666666667	1.0000000000000004e-08
374	1	1120	0.17570972442626953	98.0	1.0000000000000004e-08
374	2	1121	0.15633636713027954	100.0	1.0000000000000004e-08
374	3	1122	0.44869765639305115	86.66666666666667	1.0000000000000004e-08
375	1	1123	0.15753069519996643	96.0	1.0000000000000004e-08
375	2	1124	0.27121150493621826	88.0	1.0000000000000004e-08
375	3	1125	0.3429761230945587	93.33333333333333	1.0000000000000004e-08
376	1	1126	0.1432848870754242	100.0	1.0000000000000004e-08
376	2	1127	0.20862926542758942	94.0	1.0000000000000004e-08
376	3	1128	0.28366586565971375	93.33333333333333	1.0000000000000004e-08
377	1	1129	0.23827709257602692	96.0	1.0000000000000004e-08
377	2	1130	0.3245352506637573	92.0	1.0000000000000004e-08
377	3	1131	0.16468754410743713	100.0	1.0000000000000004e-08
378	1	1132	0.1902512013912201	94.0	1.0000000000000004e-08
378	2	1133	0.23681604862213135	94.0	1.0000000000000004e-08
378	3	1134	0.24359242618083954	93.33333333333333	1.0000000000000004e-08
379	1	1135	0.16143681108951569	98.0	1.0000000000000004e-08
379	2	1136	0.14371459186077118	98.0	1.0000000000000004e-08
379	3	1137	0.3457273542881012	93.33333333333333	1.0000000000000004e-08
380	1	1138	0.23627200722694397	96.0	1.0000000000000004e-08
380	2	1139	0.24409931898117065	90.0	1.0000000000000004e-08
380	3	1140	0.2062802016735077	93.33333333333333	1.0000000000000004e-08
381	1	1141	0.27548208832740784	94.0	1.0000000000000004e-08
381	2	1142	0.17917415499687195	98.0	1.0000000000000004e-08
381	3	1143	0.21911053359508514	93.33333333333333	1.0000000000000004e-08
382	1	1144	0.19616061449050903	94.0	1.0000000000000004e-08
382	2	1145	0.18364232778549194	94.0	1.0000000000000004e-08
382	3	1146	0.4333116412162781	93.33333333333333	1.0000000000000004e-08
383	1	1147	0.1311681866645813	98.0	1.0000000000000004e-08
383	2	1148	0.23958778381347656	90.0	1.0000000000000004e-08
383	3	1149	0.45438969135284424	86.66666666666667	1.0000000000000004e-08
384	1	1150	0.16164211928844452	98.0	1.0000000000000004e-08
384	2	1151	0.22037403285503387	94.0	1.0000000000000004e-08
384	3	1152	0.5404238104820251	80.0	1.0000000000000004e-08
385	1	1153	0.2517077326774597	96.0	1.0000000000000004e-08
385	2	1154	0.2859835922718048	92.0	1.0000000000000004e-08
385	3	1155	0.28236138820648193	93.33333333333333	1.0000000000000004e-08
386	1	1156	0.11731290817260742	100.0	1.0000000000000004e-08
386	2	1157	0.16403056681156158	98.0	1.0000000000000004e-08
386	3	1158	0.38760289549827576	93.33333333333333	1.0000000000000004e-08
387	1	1159	0.1938585340976715	96.0	1.0000000000000004e-08
387	2	1160	0.15427924692630768	96.0	1.0000000000000004e-08
387	3	1161	0.4240785539150238	86.66666666666667	1.0000000000000004e-08
388	1	1162	0.27102214097976685	92.0	1.0000000000000004e-08
388	2	1163	0.12212306261062622	98.0	1.0000000000000004e-08
388	3	1164	0.32080256938934326	86.66666666666667	1.0000000000000004e-08
389	1	1165	0.16189542412757874	98.0	1.0000000000000004e-08
389	2	1166	0.26540839672088623	92.0	1.0000000000000004e-08
389	3	1167	0.2943088114261627	93.33333333333333	1.0000000000000004e-08
390	1	1168	0.18827520310878754	96.0	1.0000000000000004e-08
390	2	1169	0.16665542125701904	98.0	1.0000000000000004e-08
390	3	1170	0.2414155900478363	100.0	1.0000000000000004e-08
391	1	1171	0.1384935975074768	100.0	1.0000000000000004e-08
391	2	1172	0.3446512222290039	90.0	1.0000000000000004e-08
391	3	1173	0.32497915625572205	93.33333333333333	1.0000000000000004e-08
392	1	1174	0.18879054486751556	94.0	1.0000000000000004e-08
392	2	1175	0.22205223143100739	94.0	1.0000000000000004e-08
392	3	1176	0.7239711880683899	73.33333333333333	1.0000000000000004e-08
393	1	1177	0.2889525890350342	90.0	1.0000000000000004e-08
393	2	1178	0.2756110727787018	94.0	1.0000000000000004e-08
393	3	1179	0.15170548856258392	100.0	1.0000000000000004e-08
394	1	1180	0.29862740635871887	96.0	1.0000000000000004e-08
394	2	1181	0.19860827922821045	98.0	1.0000000000000004e-08
394	3	1182	0.3615272343158722	86.66666666666667	1.0000000000000004e-08
395	1	1183	0.17768238484859467	96.0	1.0000000000000004e-08
395	2	1184	0.19831904768943787	96.0	1.0000000000000004e-08
395	3	1185	0.5523518323898315	73.33333333333333	1.0000000000000004e-08
396	1	1186	0.30787739157676697	90.0	1.0000000000000004e-08
396	2	1187	0.17117105424404144	98.0	1.0000000000000004e-08
396	3	1188	0.7416408658027649	73.33333333333333	1.0000000000000004e-08
397	1	1189	0.30223092436790466	90.0	1.0000000000000004e-08
397	2	1190	0.19178615510463715	96.0	1.0000000000000004e-08
397	3	1191	0.277470201253891	93.33333333333333	1.0000000000000004e-08
398	1	1192	0.2336995154619217	96.0	1.0000000000000004e-08
398	2	1193	0.12923049926757812	98.0	1.0000000000000004e-08
398	3	1194	0.26371529698371887	100.0	1.0000000000000004e-08
399	1	1195	0.26536181569099426	92.0	1.0000000000000004e-08
399	2	1196	0.3335302472114563	88.0	1.0000000000000004e-08
399	3	1197	0.36026477813720703	86.66666666666667	1.0000000000000004e-08
400	1	1198	0.3337072730064392	90.0	1.0000000000000004e-08
400	2	1199	0.20304718613624573	96.0	1.0000000000000004e-08
400	3	1200	0.3218916952610016	93.33333333333333	1.0000000000000004e-08
401	1	1201	0.23239795863628387	94.0	1.0000000000000004e-08
401	2	1202	0.14770859479904175	98.0	1.0000000000000004e-08
401	3	1203	0.3619374632835388	86.66666666666667	1.0000000000000004e-08
402	1	1204	0.17447952926158905	98.0	1.0000000000000004e-08
402	2	1205	0.1639128178358078	96.0	1.0000000000000004e-08
402	3	1206	0.259989857673645	93.33333333333333	1.0000000000000004e-08
403	1	1207	0.24518433213233948	94.0	1.0000000000000004e-08
403	2	1208	0.24450214207172394	98.0	1.0000000000000004e-08
403	3	1209	0.12270621955394745	100.0	1.0000000000000004e-08
404	1	1210	0.19799871742725372	96.0	1.0000000000000004e-08
404	2	1211	0.2106076031923294	94.0	1.0000000000000004e-08
404	3	1212	0.5316166281700134	73.33333333333333	1.0000000000000004e-08
405	1	1213	0.1678803265094757	98.0	1.0000000000000004e-08
405	2	1214	0.2578375041484833	92.0	1.0000000000000004e-08
405	3	1215	0.5289029479026794	80.0	1.0000000000000004e-08
406	1	1216	0.23699496686458588	92.0	1.0000000000000004e-08
406	2	1217	0.17698903381824493	98.0	1.0000000000000004e-08
406	3	1218	0.5390682220458984	80.0	1.0000000000000004e-08
407	1	1219	0.24905982613563538	92.0	1.0000000000000004e-08
407	2	1220	0.30478182435035706	94.0	1.0000000000000004e-08
407	3	1221	0.3284345865249634	86.66666666666667	1.0000000000000004e-08
408	1	1222	0.14413289725780487	100.0	1.0000000000000004e-08
408	2	1223	0.18072599172592163	96.0	1.0000000000000004e-08
408	3	1224	0.36502397060394287	86.66666666666667	1.0000000000000004e-08
409	1	1225	0.25157272815704346	96.0	1.0000000000000004e-08
409	2	1226	0.26989802718162537	94.0	1.0000000000000004e-08
409	3	1227	0.5004739165306091	80.0	1.0000000000000004e-08
410	1	1228	0.20788882672786713	96.0	1.0000000000000004e-08
410	2	1229	0.2433173805475235	92.0	1.0000000000000004e-08
410	3	1230	0.35327640175819397	80.0	1.0000000000000004e-08
411	1	1231	0.2806125283241272	90.0	1.0000000000000004e-08
411	2	1232	0.35869842767715454	92.0	1.0000000000000004e-08
411	3	1233	0.5340273976325989	80.0	1.0000000000000004e-08
412	1	1234	0.2228306233882904	96.0	1.0000000000000004e-08
412	2	1235	0.17723152041435242	94.0	1.0000000000000004e-08
412	3	1236	0.1627206653356552	100.0	1.0000000000000004e-08
413	1	1237	0.13208860158920288	98.0	1.0000000000000004e-08
413	2	1238	0.2320999950170517	96.0	1.0000000000000004e-08
413	3	1239	0.37417852878570557	86.66666666666667	1.0000000000000004e-08
414	1	1240	0.2001715451478958	94.0	1.0000000000000004e-08
414	2	1241	0.18009735643863678	94.0	1.0000000000000004e-08
414	3	1242	0.3450615704059601	86.66666666666667	1.0000000000000004e-08
415	1	1243	0.1820201426744461	96.0	1.0000000000000004e-08
415	2	1244	0.20696625113487244	98.0	1.0000000000000004e-08
415	3	1245	0.19458885490894318	93.33333333333333	1.0000000000000004e-08
416	1	1246	0.18974407017230988	96.0	1.0000000000000004e-08
416	2	1247	0.3183721601963043	88.0	1.0000000000000004e-08
416	3	1248	0.3441667854785919	86.66666666666667	1.0000000000000004e-08
417	1	1249	0.22018234431743622	92.0	1.0000000000000004e-08
417	2	1250	0.2170037478208542	90.0	1.0000000000000004e-08
417	3	1251	0.2441318780183792	93.33333333333333	1.0000000000000004e-08
418	1	1252	0.1539047658443451	98.0	1.0000000000000004e-08
418	2	1253	0.18352407217025757	96.0	1.0000000000000004e-08
418	3	1254	0.4767511785030365	80.0	1.0000000000000004e-08
419	1	1255	0.27543115615844727	92.0	1.0000000000000004e-08
419	2	1256	0.17215266823768616	98.0	1.0000000000000004e-08
419	3	1257	0.1630813479423523	100.0	1.0000000000000004e-08
420	1	1258	0.21925236284732819	92.0	1.0000000000000004e-08
420	2	1259	0.10679538547992706	100.0	1.0000000000000004e-08
420	3	1260	0.31886520981788635	86.66666666666667	1.0000000000000004e-08
421	1	1261	0.19116085767745972	98.0	1.0000000000000004e-08
421	2	1262	0.24236860871315002	94.0	1.0000000000000004e-08
421	3	1263	0.2969288229942322	93.33333333333333	1.0000000000000004e-08
422	1	1264	0.25676119327545166	92.0	1.0000000000000004e-08
422	2	1265	0.2056778520345688	94.0	1.0000000000000004e-08
422	3	1266	0.2632635533809662	93.33333333333333	1.0000000000000004e-08
423	1	1267	0.30490511655807495	94.0	1.0000000000000004e-08
423	2	1268	0.17530818283557892	98.0	1.0000000000000004e-08
423	3	1269	0.2205059677362442	93.33333333333333	1.0000000000000004e-08
424	1	1270	0.29552897810935974	88.0	1.0000000000000004e-08
424	2	1271	0.09365513920783997	100.0	1.0000000000000004e-08
424	3	1272	0.47995421290397644	73.33333333333333	1.0000000000000004e-08
425	1	1273	0.21030808985233307	98.0	1.0000000000000004e-08
425	2	1274	0.16430920362472534	96.0	1.0000000000000004e-08
425	3	1275	0.37449324131011963	86.66666666666667	1.0000000000000004e-08
426	1	1276	0.12820854783058167	96.0	1.0000000000000004e-08
426	2	1277	0.2801527678966522	94.0	1.0000000000000004e-08
426	3	1278	0.15477612614631653	100.0	1.0000000000000004e-08
427	1	1279	0.18626296520233154	96.0	1.0000000000000004e-08
427	2	1280	0.18605279922485352	96.0	1.0000000000000004e-08
427	3	1281	0.41816967725753784	86.66666666666667	1.0000000000000004e-08
428	1	1282	0.1575634479522705	98.0	1.0000000000000004e-08
428	2	1283	0.1768057942390442	98.0	1.0000000000000004e-08
428	3	1284	0.12162502855062485	100.0	1.0000000000000004e-08
429	1	1285	0.23104238510131836	96.0	1.0000000000000004e-08
429	2	1286	0.21132133901119232	96.0	1.0000000000000004e-08
429	3	1287	0.13300880789756775	100.0	1.0000000000000004e-08
430	1	1288	0.1441469043493271	98.0	1.0000000000000004e-08
430	2	1289	0.16223251819610596	96.0	1.0000000000000004e-08
430	3	1290	0.26777222752571106	93.33333333333333	1.0000000000000004e-08
431	1	1291	0.12899193167686462	96.0	1.0000000000000004e-08
431	2	1292	0.18948127329349518	94.0	1.0000000000000004e-08
431	3	1293	0.26926565170288086	93.33333333333333	1.0000000000000004e-08
432	1	1294	0.15542060136795044	98.0	1.0000000000000004e-08
432	2	1295	0.180130273103714	98.0	1.0000000000000004e-08
432	3	1296	0.19499316811561584	93.33333333333333	1.0000000000000004e-08
433	1	1297	0.24642124772071838	96.0	1.0000000000000004e-08
433	2	1298	0.22849182784557343	96.0	1.0000000000000004e-08
433	3	1299	0.09803679585456848	100.0	1.0000000000000004e-08
434	1	1300	0.28838208317756653	90.0	1.0000000000000004e-08
434	2	1301	0.23685100674629211	94.0	1.0000000000000004e-08
434	3	1302	0.26759523153305054	93.33333333333333	1.0000000000000004e-08
435	1	1303	0.19585399329662323	98.0	1.0000000000000004e-08
435	2	1304	0.20609451830387115	96.0	1.0000000000000004e-08
435	3	1305	0.4332613945007324	86.66666666666667	1.0000000000000004e-08
436	1	1306	0.19979217648506165	94.0	1.0000000000000004e-08
436	2	1307	0.23427914083003998	94.0	1.0000000000000004e-08
436	3	1308	0.236832395195961	93.33333333333333	1.0000000000000004e-08
437	1	1309	0.15903931856155396	98.0	1.0000000000000004e-08
437	2	1310	0.2527601420879364	90.0	1.0000000000000004e-08
437	3	1311	0.5590624213218689	86.66666666666667	1.0000000000000004e-08
438	1	1312	0.2339557260274887	96.0	1.0000000000000004e-08
438	2	1313	0.12925995886325836	96.0	1.0000000000000004e-08
438	3	1314	0.2011433094739914	100.0	1.0000000000000004e-08
439	1	1315	0.16398616135120392	96.0	1.0000000000000004e-08
439	2	1316	0.20633487403392792	96.0	1.0000000000000004e-08
439	3	1317	0.34289219975471497	86.66666666666667	1.0000000000000004e-08
440	1	1318	0.2967832088470459	94.0	1.0000000000000004e-08
440	2	1319	0.16750545799732208	96.0	1.0000000000000004e-08
440	3	1320	0.1602339744567871	100.0	1.0000000000000004e-08
441	1	1321	0.28045547008514404	94.0	1.0000000000000004e-08
441	2	1322	0.22613635659217834	96.0	1.0000000000000004e-08
441	3	1323	0.31168797612190247	86.66666666666667	1.0000000000000004e-08
442	1	1324	0.11834576725959778	98.0	1.0000000000000004e-08
442	2	1325	0.1772998869419098	96.0	1.0000000000000004e-08
442	3	1326	0.3941989839076996	86.66666666666667	1.0000000000000004e-08
443	1	1327	0.1577361673116684	98.0	1.0000000000000004e-08
443	2	1328	0.1266336590051651	100.0	1.0000000000000004e-08
443	3	1329	0.3155179023742676	93.33333333333333	1.0000000000000004e-08
444	1	1330	0.23680275678634644	92.0	1.0000000000000004e-08
444	2	1331	0.1816583275794983	98.0	1.0000000000000004e-08
444	3	1332	0.2495414912700653	100.0	1.0000000000000004e-08
445	1	1333	0.23224292695522308	94.0	1.0000000000000004e-08
445	2	1334	0.12728719413280487	100.0	1.0000000000000004e-08
445	3	1335	0.49723416566848755	86.66666666666667	1.0000000000000004e-08
446	1	1336	0.23250791430473328	96.0	1.0000000000000004e-08
446	2	1337	0.15036994218826294	100.0	1.0000000000000004e-08
446	3	1338	0.4052467942237854	93.33333333333333	1.0000000000000004e-08
447	1	1339	0.1864566206932068	96.0	1.0000000000000004e-08
447	2	1340	0.2753022015094757	94.0	1.0000000000000004e-08
447	3	1341	0.2638697326183319	93.33333333333333	1.0000000000000004e-08
448	1	1342	0.25707149505615234	92.0	1.0000000000000004e-08
448	2	1343	0.22165034711360931	94.0	1.0000000000000004e-08
448	3	1344	0.23586982488632202	93.33333333333333	1.0000000000000004e-08
449	1	1345	0.21603019535541534	98.0	1.0000000000000004e-08
449	2	1346	0.19818760454654694	94.0	1.0000000000000004e-08
449	3	1347	0.31779107451438904	86.66666666666667	1.0000000000000004e-08
450	1	1348	0.309647798538208	90.0	1.0000000000000004e-08
450	2	1349	0.18831577897071838	100.0	1.0000000000000004e-08
450	3	1350	0.5937532782554626	73.33333333333333	1.0000000000000004e-08
451	1	1351	0.18513967096805573	96.0	1.0000000000000004e-08
451	2	1352	0.1877254694700241	96.0	1.0000000000000004e-08
451	3	1353	0.6801778078079224	73.33333333333333	1.0000000000000004e-08
452	1	1354	0.16528066992759705	100.0	1.0000000000000004e-08
452	2	1355	0.23588791489601135	94.0	1.0000000000000004e-08
452	3	1356	0.383801132440567	86.66666666666667	1.0000000000000004e-08
453	1	1357	0.13990315794944763	98.0	1.0000000000000004e-08
453	2	1358	0.180260568857193	96.0	1.0000000000000004e-08
453	3	1359	0.3048017621040344	86.66666666666667	1.0000000000000004e-08
454	1	1360	0.191945418715477	94.0	1.0000000000000004e-08
454	2	1361	0.14970974624156952	100.0	1.0000000000000004e-08
454	3	1362	0.16030891239643097	100.0	1.0000000000000004e-08
455	1	1363	0.2071690410375595	98.0	1.0000000000000004e-08
455	2	1364	0.21762046217918396	92.0	1.0000000000000004e-08
455	3	1365	0.201873317360878	93.33333333333333	1.0000000000000004e-08
456	1	1366	0.2066722810268402	94.0	1.0000000000000004e-08
456	2	1367	0.17653465270996094	98.0	1.0000000000000004e-08
456	3	1368	0.3980255424976349	86.66666666666667	1.0000000000000004e-08
457	1	1369	0.22371728718280792	98.0	1.0000000000000004e-08
457	2	1370	0.18057647347450256	96.0	1.0000000000000004e-08
457	3	1371	0.35848745703697205	86.66666666666667	1.0000000000000004e-08
458	1	1372	0.30951640009880066	94.0	1.0000000000000004e-08
458	2	1373	0.16308841109275818	96.0	1.0000000000000004e-08
458	3	1374	0.3725813031196594	86.66666666666667	1.0000000000000004e-08
459	1	1375	0.24357981979846954	92.0	1.0000000000000004e-08
459	2	1376	0.13936085999011993	100.0	1.0000000000000004e-08
459	3	1377	0.38977113366127014	86.66666666666667	1.0000000000000004e-08
460	1	1378	0.15943732857704163	100.0	1.0000000000000004e-08
460	2	1379	0.117190420627594	98.0	1.0000000000000004e-08
460	3	1380	0.4282236397266388	86.66666666666667	1.0000000000000004e-08
461	1	1381	0.2651265859603882	92.0	1.0000000000000004e-08
461	2	1382	0.1631840467453003	100.0	1.0000000000000004e-08
461	3	1383	0.5270785689353943	86.66666666666667	1.0000000000000004e-08
462	1	1384	0.15245534479618073	96.0	1.0000000000000004e-08
462	2	1385	0.26545801758766174	94.0	1.0000000000000004e-08
462	3	1386	0.23427647352218628	93.33333333333333	1.0000000000000004e-08
463	1	1387	0.12768536806106567	100.0	1.0000000000000004e-08
463	2	1388	0.23355238139629364	96.0	1.0000000000000004e-08
463	3	1389	0.42043536901474	86.66666666666667	1.0000000000000004e-08
464	1	1390	0.1792472004890442	98.0	1.0000000000000004e-08
464	2	1391	0.18625850975513458	98.0	1.0000000000000004e-08
464	3	1392	0.2487364411354065	93.33333333333333	1.0000000000000004e-08
465	1	1393	0.1652456820011139	98.0	1.0000000000000004e-08
465	2	1394	0.21847575902938843	96.0	1.0000000000000004e-08
465	3	1395	0.2264954298734665	100.0	1.0000000000000004e-08
466	1	1396	0.1654386669397354	94.0	1.0000000000000004e-08
466	2	1397	0.19867923855781555	98.0	1.0000000000000004e-08
466	3	1398	0.4321597218513489	73.33333333333333	1.0000000000000004e-08
467	1	1399	0.25102198123931885	92.0	1.0000000000000004e-08
467	2	1400	0.35013407468795776	86.0	1.0000000000000004e-08
467	3	1401	0.40858393907546997	93.33333333333333	1.0000000000000004e-08
468	1	1402	0.18938440084457397	96.0	1.0000000000000004e-08
468	2	1403	0.22989359498023987	94.0	1.0000000000000004e-08
468	3	1404	0.29608064889907837	93.33333333333333	1.0000000000000004e-08
469	1	1405	0.2711765170097351	94.0	1.0000000000000004e-08
469	2	1406	0.21552948653697968	94.0	1.0000000000000004e-08
469	3	1407	0.2368897795677185	93.33333333333333	1.0000000000000004e-08
470	1	1408	0.28083768486976624	90.0	1.0000000000000004e-08
470	2	1409	0.21080996096134186	96.0	1.0000000000000004e-08
470	3	1410	0.4204883575439453	80.0	1.0000000000000004e-08
471	1	1411	0.2095232456922531	96.0	1.0000000000000004e-08
471	2	1412	0.27595606446266174	92.0	1.0000000000000004e-08
471	3	1413	0.13537845015525818	100.0	1.0000000000000004e-08
472	1	1414	0.14848564565181732	98.0	1.0000000000000004e-08
472	2	1415	0.21657554805278778	98.0	1.0000000000000004e-08
472	3	1416	0.23414447903633118	93.33333333333333	1.0000000000000004e-08
473	1	1417	0.15727239847183228	100.0	1.0000000000000004e-08
473	2	1418	0.16714034974575043	98.0	1.0000000000000004e-08
473	3	1419	0.6199338436126709	73.33333333333333	1.0000000000000004e-08
474	1	1420	0.22771115601062775	96.0	1.0000000000000004e-08
474	2	1421	0.21618835628032684	94.0	1.0000000000000004e-08
474	3	1422	0.48872479796409607	80.0	1.0000000000000004e-08
475	1	1423	0.1374281644821167	98.0	1.0000000000000004e-08
475	2	1424	0.22305983304977417	94.0	1.0000000000000004e-08
475	3	1425	0.564403772354126	86.66666666666667	1.0000000000000004e-08
476	1	1426	0.1271764039993286	96.0	1.0000000000000004e-08
476	2	1427	0.27267318964004517	92.0	1.0000000000000004e-08
476	3	1428	0.39816561341285706	86.66666666666667	1.0000000000000004e-08
477	1	1429	0.20017139613628387	98.0	1.0000000000000004e-08
477	2	1430	0.14388607442378998	100.0	1.0000000000000004e-08
477	3	1431	0.20911845564842224	93.33333333333333	1.0000000000000004e-08
478	1	1432	0.2587413787841797	94.0	1.0000000000000004e-08
478	2	1433	0.2167687565088272	96.0	1.0000000000000004e-08
478	3	1434	0.14109161496162415	100.0	1.0000000000000004e-08
479	1	1435	0.15854036808013916	96.0	1.0000000000000004e-08
479	2	1436	0.19168369472026825	96.0	1.0000000000000004e-08
479	3	1437	0.31571200489997864	93.33333333333333	1.0000000000000004e-08
480	1	1438	0.25883352756500244	92.0	1.0000000000000004e-08
480	2	1439	0.1429883986711502	100.0	1.0000000000000004e-08
480	3	1440	0.27917471528053284	86.66666666666667	1.0000000000000004e-08
481	1	1441	0.25128164887428284	92.0	1.0000000000000004e-08
481	2	1442	0.23042938113212585	92.0	1.0000000000000004e-08
481	3	1443	0.36802423000335693	86.66666666666667	1.0000000000000004e-08
482	1	1444	0.17701378464698792	96.0	1.0000000000000004e-08
482	2	1445	0.26093336939811707	92.0	1.0000000000000004e-08
482	3	1446	0.11667056381702423	100.0	1.0000000000000004e-08
483	1	1447	0.2436237782239914	94.0	1.0000000000000004e-08
483	2	1448	0.20823390781879425	94.0	1.0000000000000004e-08
483	3	1449	0.16996261477470398	100.0	1.0000000000000004e-08
484	1	1450	0.2212187796831131	94.0	1.0000000000000004e-08
484	2	1451	0.15909121930599213	98.0	1.0000000000000004e-08
484	3	1452	0.13380734622478485	100.0	1.0000000000000004e-08
485	1	1453	0.2380553036928177	94.0	1.0000000000000004e-08
485	2	1454	0.20724214613437653	94.0	1.0000000000000004e-08
485	3	1455	0.15036426484584808	100.0	1.0000000000000004e-08
486	1	1456	0.18794241547584534	98.0	1.0000000000000004e-08
486	2	1457	0.18692263960838318	94.0	1.0000000000000004e-08
486	3	1458	0.2817646861076355	100.0	1.0000000000000004e-08
487	1	1459	0.1877942681312561	100.0	1.0000000000000004e-08
487	2	1460	0.17891789972782135	96.0	1.0000000000000004e-08
487	3	1461	0.5496809482574463	73.33333333333333	1.0000000000000004e-08
488	1	1462	0.14542259275913239	98.0	1.0000000000000004e-08
488	2	1463	0.13657207787036896	98.0	1.0000000000000004e-08
488	3	1464	0.20702104270458221	100.0	1.0000000000000004e-08
489	1	1465	0.2831839323043823	94.0	1.0000000000000004e-08
489	2	1466	0.20864784717559814	92.0	1.0000000000000004e-08
489	3	1467	0.17367145419120789	93.33333333333333	1.0000000000000004e-08
490	1	1468	0.3017178475856781	90.0	1.0000000000000004e-08
490	2	1469	0.12960922718048096	98.0	1.0000000000000004e-08
490	3	1470	0.2290952056646347	93.33333333333333	1.0000000000000004e-08
491	1	1471	0.3121214807033539	94.0	1.0000000000000004e-08
491	2	1472	0.2849704325199127	92.0	1.0000000000000004e-08
491	3	1473	0.31580182909965515	86.66666666666667	1.0000000000000004e-08
492	1	1474	0.22953106462955475	94.0	1.0000000000000004e-08
492	2	1475	0.19513137638568878	90.0	1.0000000000000004e-08
492	3	1476	0.18127848207950592	100.0	1.0000000000000004e-08
493	1	1477	0.16604115068912506	98.0	1.0000000000000004e-08
493	2	1478	0.23862983286380768	94.0	1.0000000000000004e-08
493	3	1479	0.31181326508522034	80.0	1.0000000000000004e-08
494	1	1480	0.23296737670898438	94.0	1.0000000000000004e-08
494	2	1481	0.14019420742988586	100.0	1.0000000000000004e-08
494	3	1482	0.41208165884017944	93.33333333333333	1.0000000000000004e-08
495	1	1483	0.19590404629707336	96.0	1.0000000000000004e-08
495	2	1484	0.2926027774810791	92.0	1.0000000000000004e-08
495	3	1485	0.46001574397087097	73.33333333333333	1.0000000000000004e-08
496	1	1486	0.22552992403507233	94.0	1.0000000000000004e-08
496	2	1487	0.14632871747016907	98.0	1.0000000000000004e-08
496	3	1488	0.19550104439258575	100.0	1.0000000000000004e-08
497	1	1489	0.24582701921463013	94.0	1.0000000000000004e-08
497	2	1490	0.18076318502426147	98.0	1.0000000000000004e-08
497	3	1491	0.3015139400959015	86.66666666666667	1.0000000000000004e-08
498	1	1492	0.17078067362308502	96.0	1.0000000000000004e-08
498	2	1493	0.18547508120536804	96.0	1.0000000000000004e-08
498	3	1494	0.3815104365348816	93.33333333333333	1.0000000000000004e-08
499	1	1495	0.15701338648796082	98.0	1.0000000000000004e-08
499	2	1496	0.1876569539308548	98.0	1.0000000000000004e-08
499	3	1497	0.5902772545814514	86.66666666666667	1.0000000000000004e-08
500	1	1498	0.23914439976215363	94.0	1.0000000000000004e-08
500	2	1499	0.23440150916576385	92.0	1.0000000000000004e-08
500	3	1500	0.34536659717559814	86.66666666666667	1.0000000000000004e-08
