epoch	epistemic	aleatoric	random_param_mean	random_param_log_alpha	total_param_mean	total_param_log_alpha
1	0.002787137175393417	0.1840447560831507	0.002028734190389514	-4.9999494552612305	-3.205007305950858e-05	-4.999950885772705
2	0.018706550650090345	0.18348466219873819	0.00202911626547575	-4.999898910522461	-3.161689528496936e-05	-4.999897003173828
3	0.004146341915896676	0.2035089266352815	0.0020259979646652937	-4.999848365783691	-3.142913192277774e-05	-4.999847888946533
4	0.020336850980211707	0.1932536539162268	0.002013132208958268	-4.999797821044922	-3.107295196969062e-05	-4.999800205230713
5	0.010735607723499269	0.1869645980883531	0.0020123219583183527	-4.999747276306152	-3.0936262191971764e-05	-4.999744415283203
6	0.013382258989362461	0.1963026111189874	0.002019294770434499	-4.999696731567383	-3.102377741015516e-05	-4.999695301055908
7	0.018292991389963	0.19003936647774666	0.002009021118283272	-4.999646186828613	-3.0639057513326406e-05	-4.999647617340088
8	0.01792667993786104	0.19366360583671524	0.00199995213188231	-4.999595642089844	-3.070095772272907e-05	-4.999599456787109
9	0.004743847816761362	0.20304633891279025	0.001998296007514	-4.999545097351074	-3.073030893574469e-05	-4.999543190002441
10	0.014062472273182025	0.20112290288655213	0.001997834537178278	-4.999494552612305	-2.9855675165890716e-05	-4.999495506286621
11	0.01105391057532673	0.20573871181923567	0.0020006897393614054	-4.999444007873535	-3.025811201951001e-05	-4.999447345733643
12	0.00890333175426758	0.1940716106315749	0.002009243704378605	-4.999393463134766	-3.0319406505441293e-05	-4.999390602111816
13	0.010019333290833585	0.19310519220407757	0.002015270758420229	-4.999342918395996	-3.022710734512657e-05	-4.999342918395996
14	0.009832119379485554	0.19619947334248705	0.00200431770645082	-4.999292373657227	-3.0761311791138723e-05	-4.999294757843018
15	0.00870471184120511	0.19199073409853423	0.001991918543353677	-4.999241828918457	-3.105192809016444e-05	-4.999239921569824
16	0.020448307942450006	0.21008405102758446	0.0019882204942405224	-4.9991912841796875	-3.080466922256164e-05	-4.999191761016846
17	0.03338273950874959	0.19874143747328893	0.0019934135489165783	-4.999140739440918	-3.1096362363314256e-05	-4.999142646789551
18	0.017244440887947646	0.19469426711563836	0.001992358360439539	-4.999090194702148	-3.130134427919984e-05	-4.999087810516357
19	0.018626723312508156	0.2011901489400047	0.0019937027245759964	-4.999039649963379	-3.162097345921211e-05	-4.999039649963379
20	0.02759166400736926	0.2046130827413632	0.0019825242925435305	-4.998989105224609	-3.201006256858818e-05	-4.998991966247559
21	0.02523350704280497	0.2109920696115643	0.0019700280390679836	-4.99893856048584	-3.227924389648251e-05	-4.998935222625732
22	0.03190059006665405	0.2096258843546726	0.0019644922576844692	-4.99888801574707	-3.2879961509024724e-05	-4.998887062072754
23	0.03088586449887515	0.2128399132127758	0.0019610587041825056	-4.998837471008301	-3.338772876304574e-05	-4.998839378356934
24	0.024048287718062833	0.21289800271061815	0.001962682930752635	-4.998786926269531	-3.3656906452961266e-05	-4.998783111572266
25	0.0167127861727025	0.22327161055105244	0.0019565827678889036	-4.998736381530762	-3.42524544976186e-05	-4.998735427856445
26	0.03353095005653048	0.20956048767286153	0.0019577043130993843	-4.998685836791992	-3.5234606912126765e-05	-4.998687267303467
27	0.04565226971713468	0.1981585840888859	0.0019481462659314275	-4.998635292053223	-3.598419061745517e-05	-4.998638153076172
28	0.031098790781914715	0.21568365959313449	0.0019332998199388385	-4.998584747314453	-3.656819899333641e-05	-4.99858283996582
29	0.038579290755287876	0.208494196453458	0.001932903891429305	-4.998534202575684	-3.704672781168483e-05	-4.998534679412842
30	0.04145190818784503	0.2085031106017569	0.0019380745943635702	-4.998483657836914	-3.7310077459551394e-05	-4.998485565185547
31	0.02105497056970862	0.22186583616364267	0.0019374568946659565	-4.9984331130981445	-3.792687493842095e-05	-4.99843168258667
32	0.032953175239486515	0.21518606772211352	0.001939804176799953	-4.998382568359375	-3.864066457026638e-05	-4.998382568359375
33	0.04336007597349947	0.20620317706325597	0.0019398131407797337	-4.9983320236206055	-3.90598906960804e-05	-4.99833345413208
34	0.05987422421561067	0.18878716280717245	0.0019477622117847204	-4.998281478881836	-3.9204653148772195e-05	-4.998279571533203
35	0.033179369310247064	0.21655888082761637	0.0019454231951385736	-4.998230934143066	-3.9827387809054926e-05	-4.998230457305908
36	0.0495341150276547	0.20023866770206414	0.0019445221405476332	-4.998180389404297	-4.014820297015831e-05	-4.998182773590088
37	0.03903728164989673	0.20791336276587832	0.0019452652195468545	-4.998129844665527	-4.067647023475729e-05	-4.998126983642578
38	0.05708801840846944	0.18610915459405358	0.0019415684510022402	-4.998079299926758	-4.108551729586907e-05	-4.998077869415283
39	0.040880716499654385	0.20840556978479424	0.001956694759428501	-4.998028755187988	-4.1464380046818405e-05	-4.998030185699463
40	0.04556703898397779	0.2043715784141281	0.001962743466719985	-4.997978210449219	-4.1975737985922024e-05	-4.997982025146484
41	0.05941130841497466	0.18837745549883414	0.0019741456490010023	-4.997927665710449	-4.18732306570746e-05	-4.997925758361816
42	0.0404080378993239	0.20859849603209524	0.001968155615031719	-4.99787712097168	-4.2204326746286824e-05	-4.997878074645996
43	0.045968493827335116	0.20379486242574765	0.001968969125300646	-4.99782657623291	-4.2340459913248196e-05	-4.997829914093018
44	0.03027257130073413	0.21918693485555685	0.001964241499081254	-4.997776031494141	-4.30478248745203e-05	-4.997773170471191
45	0.0597789042162466	0.1895720131130385	0.0019698699470609426	-4.997725486755371	-4.281912333681248e-05	-4.997725486755371
46	0.05011322566555648	0.19980298495872675	0.001974525162950158	-4.997674942016602	-4.255977910361253e-05	-4.997677326202393
47	0.04586763267531363	0.20339861626546188	0.001980968751013279	-4.997624397277832	-4.268320481060073e-05	-4.997622489929199
48	0.028316093743917248	0.22148910442010866	0.0019826525822281837	-4.9975738525390625	-4.282319059711881e-05	-4.997573375701904
49	0.05803192621397413	0.18936788598830448	0.001981208333745599	-4.997523307800293	-4.289388016331941e-05	-4.997525215148926
50	0.04797627381499392	0.19817718422631253	0.001991192577406764	-4.997472763061523	-4.3013369577238336e-05	-4.997470378875732
51	0.05207693416074077	0.1978825353351683	0.001985813258215785	-4.997422218322754	-4.352886026026681e-05	-4.997422218322754
52	0.048765854140146836	0.20088819066604024	0.001978139625862241	-4.997371673583984	-4.3518048187252134e-05	-4.997374534606934
53	0.04937289170313208	0.19979545692774145	0.001974557526409626	-4.997321128845215	-4.343181717558764e-05	-4.997317790985107
54	0.037376958201299326	0.21100444753817746	0.0019747258629649878	-4.997270584106445	-4.3783387809526175e-05	-4.997269630432129
55	0.02643612860965422	0.22302994904250992	0.001972820842638612	-4.997220039367676	-4.380052268970758e-05	-4.997221946716309
56	0.05643960210613341	0.1910700816290388	0.001974279759451747	-4.997169494628906	-4.4139269448351115e-05	-4.997165679931641
57	0.04273019593602079	0.1976982964734097	0.001974622020497918	-4.997118949890137	-4.462655488168821e-05	-4.99711799621582
58	0.06236291647748099	0.18543277600603608	0.0019736778922379017	-4.997068405151367	-4.4505384721560404e-05	-4.997069835662842
59	0.035943823967222954	0.2099610199834408	0.001975567312911153	-4.997017860412598	-4.526052362052724e-05	-4.997020721435547
60	0.05056795319288049	0.17358199295533266	0.001973832491785288	-4.996967315673828	-4.5589589717565104e-05	-4.996965408325195
61	0.06645439845686163	0.1760656347085577	0.001974067883566022	-4.996916770935059	-4.555848136078566e-05	-4.996917247772217
62	0.045676157782631344	0.1933847821772455	0.0019718960393220186	-4.996866226196289	-4.553937105811201e-05	-4.996868133544922
63	0.05368878411403605	0.1770955794017548	0.0019593837205320597	-4.9968156814575195	-4.5773696911055595e-05	-4.996814250946045
64	0.03803608005960002	0.19202096484636982	0.001960391877219081	-4.99676513671875	-4.564212940749712e-05	-4.99676513671875
65	0.04048534560683653	0.20644262265641294	0.0019582088571041822	-4.9967145919799805	-4.572000398184173e-05	-4.996716022491455
66	0.04499035018767422	0.20099184262657674	0.001959394197911024	-4.996664047241211	-4.613019700627774e-05	-4.996662139892578
67	0.04312124237373194	0.18376154335025507	0.0019612435717135668	-4.996613502502441	-4.601349792210385e-05	-4.996613025665283
68	0.0669812107218471	0.17658682765750214	0.0019454770954325795	-4.996562957763672	-4.640346742235124e-05	-4.996565341949463
69	0.03785071449191402	0.20721863869782173	0.0019557687919586897	-4.996512413024902	-4.626849477062933e-05	-4.996509552001953
70	0.038552091792236565	0.19197297735531946	0.0019491163548082113	-4.996461868286133	-4.641072155209258e-05	-4.996460437774658
71	0.049750753313278495	0.1910288268606668	0.0019505575764924288	-4.996411323547363	-4.670407361118123e-05	-4.996412754058838
72	0.0427696836649793	0.19829377849382399	0.001949034514836967	-4.996360778808594	-4.6855373511789367e-05	-4.996364593505859
73	0.06278443268803813	0.18105428763019651	0.001957900822162628	-4.996310234069824	-4.651704875868745e-05	-4.996308326721191
74	0.041218709197544945	0.1931515198315598	0.0019640729296952486	-4.996259689331055	-4.652445204555988e-05	-4.996260643005371
75	0.051215049376950816	0.17308253889085107	0.001964500406756997	-4.996209144592285	-4.6690431190654635e-05	-4.996212482452393
76	0.053988855004274916	0.18837589305990482	0.001967604272067547	-4.996158599853516	-4.6734425268368796e-05	-4.996155738830566
77	0.04422850191891925	0.1894429994447599	0.0019780644215643406	-4.996108055114746	-4.6778444811934605e-05	-4.996108055114746
78	0.05147038824137634	0.18536625031852197	0.001980880508199334	-4.996057510375977	-4.7045912651810795e-05	-4.996059894561768
79	0.03501567751102608	0.19841864367971937	0.0019926324021071196	-4.996006965637207	-4.731693843496032e-05	-4.996005058288574
80	0.04220437290937762	0.18643728622826336	0.0019993360619992018	-4.9959564208984375	-4.737740528071299e-05	-4.995956897735596