epoch	loss	acc	lr
1	3.2007343153799734	3.381893860561915	1e-07
2	3.1454215289774843	4.8647242455775235	1e-07
3	3.101315616879081	5.82726326742976	1e-07
4	3.0668190346175996	7.1605098855359	1e-07
5	3.0364559450953363	8.214099895941727	1e-07
6	3.009451923490687	9.397762747138398	1e-07
7	2.9865177399037903	11.25780437044745	1e-07
8	2.963475423102324	12.421956295525494	1e-07
9	2.9430470497315433	14.340530697190427	1e-07
10	2.928747436506567	14.756763787721123	1e-07
11	2.90821274990966	16.213579604578563	1e-07
12	2.8913235938821944	16.460718002081165	1e-07
13	2.8809433810792777	17.137096774193548	1e-07
14	2.8671560445325555	17.29318418314256	1e-07
15	2.8519792805787305	17.93054110301769	1e-07
16	2.8403199863049293	18.593912591050987	1e-07
17	2.828120058396604	18.854058272632674	1e-07
18	2.817911470376738	18.541883454734652	1e-07
19	2.8063972940306012	19.02965660770031	1e-07
20	2.7960832818613834	19.588969823100935	1e-07
21	2.7880739675724295	19.712539021852237	1e-07
22	2.7780743211848926	20.284859521331946	1e-07
23	2.7680437290085464	20.505983350676377	1e-07
24	2.7604126425675126	20.922216441207077	1e-07
25	2.753013789808837	21.50754422476587	1e-07
26	2.74749427429099	21.585587929240376	1e-07
27	2.7354445020812608	22.086368366285118	1e-07
28	2.7305032773394986	22.580645161290324	1e-07
29	2.721796562315646	22.62617065556712	1e-07
30	2.714795301626674	22.457075962539022	1e-07
31	2.709717208463369	23.003381893860563	1e-07
32	2.7002547864921382	23.172476586888656	1e-07
33	2.692702583170086	23.23751300728408	1e-07
34	2.685255218494943	23.484651404786682	1e-07
35	2.6800057908188664	23.54318418314256	1e-07
36	2.671030987220798	23.770811654526536	1e-07
37	2.6631815357213213	23.900884495317378	1e-07
38	2.6578463549172344	23.81633714880333	1e-07
39	2.649961252056225	24.24557752341311	1e-07
40	2.6421462417455173	24.42767950052029	1e-07
41	2.6382166565580993	24.414672216441208	1e-07
42	2.631972105086284	24.54474505723205	1e-07
43	2.624595954657593	24.72684703433923	1e-07
44	2.6183300787712853	25.071540062434963	1e-07
45	2.609945196049767	25.377211238293444	1e-07
46	2.605530951292284	25.084547346514046	1e-07
47	2.59875167039505	25.442247658688867	1e-07
48	2.595478387609605	25.650364203954215	1e-07
49	2.5860277003725907	25.715400624349634	1e-07
50	2.5779439448441974	25.917013527575442	1e-07
51	2.573736603438668	26.235691987513007	1e-07
52	2.572897029747948	26.073100936524455	1e-08
53	2.569862704557385	26.352757544224765	1e-08
54	2.5687177025874868	26.112122788761706	1e-08
55	2.5673801426646863	25.82596253902185	1e-08
56	2.5676455014888258	26.27471383975026	1e-08
57	2.5668868482671097	26.443808532778355	1e-08
58	2.566244443981258	26.255202913631635	1e-08
59	2.570098689828033	26.385275754422477	1e-08
60	2.5656934860593696	26.411290322580644	1e-08
61	2.5634091848451313	26.33975026014568	1e-08
62	2.5661381814904067	26.677939646201875	1e-08
63	2.566451614158583	26.170655567117585	1e-08
64	2.5647337775014565	26.222684703433924	1e-08
65	2.5641877787046203	26.229188345473464	1e-08
66	2.56100375272729	26.684443288241415	1e-08
67	2.5617960384125267	26.24219562955255	1e-08
68	2.5600308171482165	26.573881373569197	1e-08
69	2.557804415985151	26.17715920915713	1e-08
70	2.5618169767613463	26.26821019771072	1e-08
71	2.5595623029630463	26.593392299687824	1e-08
72	2.5594680259676803	26.847034339229968	1e-08
73	2.555797646432712	26.48933402705515	1e-08
74	2.5567606754531225	26.09261186264308	1e-08
75	2.5579796299167774	26.736472424557753	1e-08
76	2.555231022071888	26.664932362122787	1e-08
77	2.552750669179424	26.60639958376691	1e-08
78	2.55869504834189	26.677939646201875	1e-08
79	2.555775341053535	26.67143600416233	1e-08
80	2.554224959614374	26.39177939646202	1e-08
81	2.553201627532848	26.775494276795005	1e-08
82	2.5518603164559224	26.990114464099896	1e-08
83	2.5536141384404605	26.528355879292405	1e-08
84	2.5506627092314313	26.63891779396462	1e-08
85	2.5497876410987947	26.528355879292405	1e-08
86	2.5486935965414474	26.892559833506763	1e-08
87	2.5488591807565877	27.03563995837669	1e-08
88	2.5489500955786095	26.983610822060353	1e-08
89	2.54946812106593	26.567377731529657	1e-08
90	2.5496507333233005	27.15270551508845	1e-08
91	2.5470022209663172	26.801508844953172	1e-08
92	2.5483159305339798	26.69094693028096	1e-08
93	2.548596864033192	27.081165452653487	1e-08
94	2.5459021635345813	26.886056191467222	1e-08
95	2.545853001456107	26.905567117585846	1e-08
96	2.547911518384217	26.8210197710718	1e-08
97	2.543540564802757	26.808012486992716	1e-08
98	2.544248584033795	26.886056191467222	1e-08
99	2.5418550323745337	26.87955254942768	1e-08
100	2.5451273551592593	26.97060353798127	1e-08
101	2.5401440694168382	27.100676378772114	1e-08
102	2.5386963786245262	27.03563995837669	1e-08
103	2.5410387746749388	26.899063475546306	1e-08
104	2.5407095989067026	26.938085327783558	1e-08
105	2.5411661309766718	26.801508844953172	1e-08
106	2.539369932167488	27.36732570239334	1e-08
107	2.5375471676735675	27.146201873048906	1e-08
108	2.534759880166644	27.224245577523412	1e-08
109	2.5362287303287454	27.172216441207077	1e-08
110	2.533248993038015	27.29578563995838	1e-08
111	2.5323281846359045	27.321800208116546	1e-08
112	2.536080681601623	27.211238293444328	1e-08
113	2.534090658752529	27.412851196670136	1e-08
114	2.533255308804477	27.29578563995838	1e-08
115	2.5322698617080746	27.568938605619145	1e-08
116	2.5314150371362962	27.7315296566077	1e-08
117	2.5332231756365635	27.42585848074922	1e-08
118	2.5323379028910282	27.341311134235173	1e-08
119	2.5327957923777022	27.542924037460978	1e-08
120	2.533578893582605	27.37382934443288	1e-08
121	2.5278038171650095	27.42585848074922	1e-08
122	2.532054818631707	27.360822060353797	1e-08
123	2.5279271704349258	27.51690946930281	1e-08
124	2.528481707643644	27.66649323621228	1e-08
125	2.5264934251137254	27.581945889698233	1e-08
126	2.527661836234141	27.6079604578564	1e-08
127	2.523628775088522	27.744536940686785	1e-08
128	2.5261509294130304	27.627471383975028	1e-08
129	2.5236988205009148	27.633975026014568	1e-08
130	2.526895191648376	27.217741935483872	1e-08
131	2.524036038213416	27.46488033298647	1e-08
132	2.5236477365602936	27.861602497398543	1e-08
133	2.522835211903942	27.52341311134235	1e-08
134	2.5233045656090596	27.328303850156086	1e-08
135	2.5220735844042497	27.744536940686785	1e-08
136	2.52007486991406	28.050208116545264	1e-08
137	2.5171911547136854	27.7315296566077	1e-08
138	2.520974395798595	27.920135275754422	1e-08
139	2.519481011750671	27.45837669094693	1e-08
140	2.517282086002963	27.581945889698233	1e-08
141	2.518139194034265	27.66649323621228	1e-08
142	2.5168947111989657	27.777055150884497	1e-08
143	2.5151021703845133	27.829084287200832	1e-08
144	2.516707875726126	28.03069719042664	1e-08
145	2.5136861340312384	27.7315296566077	1e-08
146	2.5126706738563778	28.12174817898023	1e-08
147	2.51755360665108	27.581945889698233	1e-08
148	2.5133152547661646	27.816077003121748	1e-08
149	2.512295318288684	27.842091571279916	1e-08
150	2.5132109403734275	27.842091571279916	1e-08
151	2.5126506891198512	27.588449531737773	1e-08
152	2.5120640849533737	27.874609781477627	1e-08
153	2.5120200556349186	27.959157127991677	1e-08
154	2.5105409268968186	27.842091571279916	1e-08
155	2.5064861549299042	28.141259105098854	1e-08
156	2.508671788686768	28.024193548387096	1e-08
157	2.510807953193458	27.926638917793966	1e-08
158	2.506708486736379	28.03069719042664	1e-08
159	2.5074537073288203	28.336368366285118	1e-08
160	2.5084884101902905	28.15426638917794	1e-08
161	2.5049247669751886	28.21930280957336	1e-08
162	2.5016470042897563	27.985171696149845	1e-08
163	2.505806926416929	28.043704474505724	1e-08
164	2.5068188114915504	28.596514047866805	1e-08
165	2.5030830455372164	28.225806451612904	1e-08
166	2.502159578588081	28.355879292403745	1e-08
167	2.5065562183911543	27.991675338189385	1e-08
168	2.50011781661245	28.225806451612904	1e-08
169	2.502348872612964	28.18028095733611	1e-08
170	2.4997535610918447	28.687565036420395	1e-08
171	2.4990491506708525	28.141259105098854	1e-08
172	2.497591766680937	28.596514047866805	1e-08
173	2.4974354513291885	28.2713319458897	1e-08
174	2.4968987968784218	28.63553590010406	1e-08
175	2.500200283111816	28.316857440166494	1e-08
176	2.499621983156244	28.407908428720084	1e-08
177	2.495368882750125	28.58350676378772	1e-08
178	2.4945206766818244	28.446930280957336	1e-08
179	2.4909092664532557	28.420915712799168	1e-08
180	2.491348877595689	28.746097814776274	1e-08
181	2.49252340420848	28.720083246618106	1e-08
182	2.492916637820334	28.577003121748177	1e-08
183	2.492729975052108	28.661550468262227	1e-08
184	2.4909983459980256	28.720083246618106	1e-08
185	2.4919243467958117	28.563995837669093	1e-08
186	2.4911032912944533	28.479448491155047	1e-08
187	2.492434084694542	28.31035379812695	1e-08
188	2.4899852824136692	28.420915712799168	1e-08
189	2.4901230057990267	28.70057232049948	1e-08
190	2.4869502185224617	28.713579604578563	1e-08
191	2.487524594991438	28.49245577523413	1e-08
192	2.489863987147622	28.752601456815817	1e-08
193	2.4872289308338087	28.928199791883454	1e-08
194	2.489553897363462	28.60301768990635	1e-08
195	2.485385916793756	28.986732570239333	1e-08
196	2.4835927577594314	29.00624349635796	1e-08
197	2.4864525397721984	28.629032258064516	1e-08
198	2.481631205524788	28.91519250780437	1e-08
199	2.4840093669670553	28.69406867845994	1e-08
200	2.4806019603337757	28.850156087408948	1e-08
201	2.4809164779801525	28.60301768990635	1e-08
202	2.4804462464865487	29.181841831425597	1e-08
203	2.4796047369163565	28.739594172736734	1e-08
204	2.4804235336745815	28.804630593132153	1e-08
205	2.479924741539325	28.616024973985432	1e-08
206	2.4798328584364375	29.077783558792923	1e-08
207	2.4784177631666955	28.87617065556712	1e-08
208	2.476675097391583	28.778616024973985	1e-08
209	2.477201631829592	28.91519250780437	1e-08
210	2.4769184010706136	28.82414151925078	1e-08
211	2.4769506549673945	29.032258064516128	1e-08
212	2.4752037130707136	29.142819979188346	1e-08
213	2.476838035743517	28.869667013527575	1e-08
214	2.4742224945858293	29.253381893860563	1e-08
215	2.473947046481608	29.071279916753383	1e-08
216	2.4753546467308696	28.97372528616025	1e-08
217	2.47034060300699	29.402965660770032	1e-08
218	2.4695903644291346	29.227367325702392	1e-08
219	2.4702714526256337	29.162330905306973	1e-08
220	2.468429269453241	29.292403746097815	1e-08
221	2.471504024331701	28.980228928199793	1e-08
222	2.4708666006620668	28.752601456815817	1e-08
223	2.469993096949779	29.18834547346514	1e-08
224	2.4698150865307213	29.43548387096774	1e-08
