epoch	epistemic	aleatoric	random_param_mean	random_param_log_alpha	total_param_mean	total_param_log_alpha
1	0.020634921338431644	0.19373731156105226	0.0018950655357912183	-4.997797012329102	-6.56507327221334e-05	-4.997799396514893
2	0.0018211076796608716	0.20297361122600388	0.0018578253220766783	-4.995594024658203	-7.255539094330743e-05	-4.99559211730957
3	0.008127599893886839	0.20799453139421684	0.0017578803235664964	-4.993391036987305	-7.199310493888333e-05	-4.993391990661621
4	0.04171358234453257	0.18689391959653173	0.0016862328629940748	-4.991188049316406	-7.653290958842263e-05	-4.991184234619141
5	0.014855151751563128	0.22406509811811068	0.0015463157324120402	-4.988985061645508	-7.191683835117146e-05	-4.988983631134033
6	0.04345414846180948	0.20353279073848185	0.001619493355974555	-4.986786365509033	-7.508509588660672e-05	-4.986785888671875
7	0.006638703407518237	0.22981231343750105	0.001575340866111219	-4.984593868255615	-8.32657387945801e-05	-4.984591960906982
8	0.02902518439944385	0.20585395739706927	0.0013251490890979767	-4.982401371002197	-7.655039371456951e-05	-4.982402801513672
9	0.05827722107618222	0.18761324416437056	0.001068585435859859	-4.980208873748779	-5.6526139815105125e-05	-4.980208873748779
10	0.06563395515999582	0.1499475008907545	0.0010346595663577318	-4.978016376495361	-4.4528773287311196e-05	-4.978014945983887
11	0.07257231190582505	0.17689363616795745	0.001320048002526164	-4.975823879241943	-4.492275547818281e-05	-4.975826740264893
12	0.04405493033016994	0.19928072670487304	0.001018960028886795	-4.973631381988525	-4.715260001830757e-05	-4.973632335662842
13	0.03344346856066485	0.19808488198641594	0.0009294727351516485	-4.971438884735107	-6.22834122623317e-05	-4.971436500549316
14	0.049886922144244256	0.1706967320674507	0.0006336504593491554	-4.9692463874816895	-6.392993236659095e-05	-4.969248294830322
15	0.04430943255453568	0.20361429177048132	0.0009086651843972504	-4.9670538902282715	-6.0686110373353586e-05	-4.967054843902588
16	0.05586205531820809	0.18206386155672177	0.0008627099450677633	-4.9648613929748535	-6.797440437367186e-05	-4.964860916137695
17	0.07901319844588384	0.16566749091502578	0.0009293408947996795	-4.9626688957214355	-5.6643661082489416e-05	-4.962667942047119
18	0.04803713068400134	0.18830184482191523	0.000856625905726105	-4.960476398468018	-6.339115498121828e-05	-4.960478782653809
19	0.033780136018477736	0.21568378599319674	0.0006429454078897834	-4.9582839012146	-4.5056865928927436e-05	-4.958282947540283
20	0.052287747470085855	0.19493623650918349	0.0007895276066847146	-4.956091403961182	-5.3486339311348274e-05	-4.956088542938232
21	0.04582397570295332	0.20354103723066647	0.00014622027811128646	-4.953898906707764	-4.3790128984255716e-05	-4.953900337219238
22	0.09964438925994318	0.1355492084349755	-0.00017658426077105105	-4.951706409454346	-4.4401771447155625e-05	-4.951706409454346
23	0.055102313347863974	0.1823177629929002	-0.00021128599473740906	-4.949513912200928	-5.004859121982008e-05	-4.949512481689453
24	0.04183440871187577	0.19387433539502877	-0.00016469541878905147	-4.94732141494751	-4.229705155012198e-05	-4.947323322296143
25	0.0609688840815617	0.15944249862072823	-0.0002226239739684388	-4.945128917694092	-3.5995879443362355e-05	-4.94512939453125
26	0.08275116094882484	0.16301338951194191	-0.00012657455226872116	-4.942936420440674	-6.595243030460551e-05	-4.942934513092041
27	0.06510491393916168	0.1743954268257487	2.8276546800043434e-05	-4.940743923187256	-8.814557804726064e-05	-4.940746307373047
28	0.05971467885556614	0.19000368126366574	0.00026930763851851225	-4.938551425933838	-6.789743929402903e-05	-4.938551902770996
29	0.029640063232183933	0.1541750391069693	9.535355638945475e-05	-4.93635892868042	-6.003093221806921e-05	-4.936357498168945
30	0.08042068104953826	0.1601460146490808	0.00015514183905906975	-4.934166431427002	-5.088172110845335e-05	-4.934170246124268
31	0.02336517655578052	0.12268210522640367	2.02883493329864e-05	-4.931980609893799	-5.4196763812797144e-05	-4.931978702545166
32	0.0402447059571997	0.18218073942330745	-0.0006885014590807259	-4.929798603057861	-4.859564796788618e-05	-4.929797172546387
33	0.028414367358038983	0.18196099043336508	-0.0007019766489975154	-4.927616596221924	-5.405830961535685e-05	-4.927614688873291
34	0.020517181445682237	0.2263882338268251	-0.0008865774143487215	-4.925434589385986	-3.418271808186546e-05	-4.925433158874512
35	0.06330084770324368	0.14432024737031263	-0.00036660375189967453	-4.923252582550049	-4.124268889427185e-05	-4.923250675201416
36	0.07060269527270535	0.15598672080768022	-0.0004358502628747374	-4.921070575714111	-4.906479443889111e-05	-4.921069145202637
37	0.03891764389822844	0.17746742122187578	-0.0007703599985688925	-4.918888568878174	-3.8479454815387726e-05	-4.918886661529541
38	0.05273820033073684	0.19341217310212352	-0.0006368657341226935	-4.916706562042236	-4.143682599533349e-05	-4.916705131530762
39	0.05471597520041521	0.18499058900934517	-0.00041823077481240034	-4.914524555206299	-4.813331543118693e-05	-4.914522647857666
40	0.06704002063226172	0.15222280865349586	-0.0006378752877935767	-4.912342548370361	-5.436687933979556e-05	-4.912341117858887
41	0.08366240861113167	0.16281212274757945	-0.0005171429365873337	-4.910160541534424	-6.231340375961736e-05	-4.910158634185791
42	0.04690928894881763	0.14610283403360824	-0.0003121639310847968	-4.907978534698486	-8.059453830355778e-05	-4.907977104187012
43	0.05119366424898014	0.18314100377251583	-0.00028878910234197974	-4.905796527862549	-7.157010259106755e-05	-4.905794620513916
44	0.05711207529278456	0.18519717844280187	-0.00046029745135456324	-4.903614521026611	-6.735684291925281e-05	-4.903613090515137
45	0.0655860405005968	0.13575962608943926	-0.00024796059005893767	-4.901432514190674	-8.303157665068284e-05	-4.901430606842041
46	0.04044897227124822	0.19272642899312023	-0.0008316399762406945	-4.899250507354736	-8.404960681218654e-05	-4.899249076843262
47	0.05163260690248628	0.1792706384315658	-0.0010034929728135467	-4.897068500518799	-9.283939289161935e-05	-4.897066593170166
48	0.045606261521111024	0.1845252104983811	-0.0008264377829618752	-4.894886493682861	-9.820848208619282e-05	-4.894885063171387
49	0.05758352358533636	0.17349464293147665	-0.0004890409181825817	-4.892704486846924	-0.00011976445966865867	-4.892702579498291
50	0.03989361742966302	0.12378650872256279	-0.0006425727042369545	-4.890522480010986	-0.00012076104758307338	-4.890521049499512
51	0.05303080586597203	0.15833266979503524	-0.0008529230835847557	-4.888340473175049	-8.851264283293858e-05	-4.888338565826416
52	0.050388346084009994	0.13244671571205924	-0.000871610245667398	-4.886158466339111	-8.350613643415272e-05	-4.886157035827637
53	0.07712908480573855	0.1533332032439661	-0.0007155437488108873	-4.883976459503174	-7.580198143841699e-05	-4.883974552154541
54	0.04371241985962471	0.1736966026368013	-0.0011596570257097483	-4.881794452667236	-8.47677729325369e-05	-4.881793022155762
55	0.04371141309617066	0.11599264020441177	-0.0014559091068804264	-4.879612445831299	-8.132975926855579e-05	-4.879610538482666
56	0.06317314763206616	0.16194324133326984	-0.001406849711202085	-4.877430438995361	-7.767036004224792e-05	-4.877429008483887
57	0.03580982393048593	0.1651345097414555	-0.0011967315804213285	-4.875248432159424	-7.180777174653485e-05	-4.875246524810791
58	0.025518968053535818	0.1705995601441487	-0.0010089926654472947	-4.873066425323486	-6.835433305241168e-05	-4.873064994812012
59	0.04652938236986842	0.16748443560816983	-0.0009558995952829719	-4.8728461265563965	-6.942032632650807e-05	-4.872847557067871
60	0.062863976515185	0.1683808140971292	-0.0009064744226634502	-4.872625827789307	-6.825102173024788e-05	-4.872622966766357
61	0.07802187139449962	0.13527381590263776	-0.0008856626227498055	-4.872405529022217	-6.858915003249422e-05	-4.872406005859375
62	0.06914022973455919	0.17671429468328803	-0.0008709748508408666	-4.872185230255127	-6.863566522952169e-05	-4.872188091278076
63	0.05959231539100729	0.1762971328883509	-0.000855722522828728	-4.871964931488037	-6.862784357508644e-05	-4.871963977813721
64	0.0832934501189661	0.15168361909730518	-0.0008367738337256014	-4.871744632720947	-6.842801667517051e-05	-4.87174654006958
65	0.07177884746738855	0.17620372683747787	-0.0008162992307916284	-4.871524333953857	-6.749223393853754e-05	-4.871521949768066
66	0.04437877485937414	0.17953914296907472	-0.0008153686649166048	-4.871304035186768	-6.763042620150372e-05	-4.871306419372559
67	0.06998496649388936	0.14021496207892267	-0.000815248058643192	-4.871083736419678	-6.76631461828947e-05	-4.871082305908203
68	0.025537853459744297	0.2138223462850818	-0.0008156659896485507	-4.870863437652588	-6.729535380145535e-05	-4.870864391326904
69	0.05084340121112768	0.18923789805255717	-0.0008213634719140828	-4.870643138885498	-6.763902638340369e-05	-4.870640754699707
70	0.057369930249884016	0.14560389853234737	-0.0008214630652219057	-4.870422840118408	-6.840960122644901e-05	-4.87042236328125
71	0.06166278960295235	0.18400128101063767	-0.0008186951745301485	-4.870202541351318	-6.830888742115349e-05	-4.870205402374268
72	0.1028995568175392	0.13020935457205296	-0.0007979371584951878	-4.8699822425842285	-6.815583037678152e-05	-4.869980812072754
73	0.08903391638006247	0.1595125634450299	-0.000783864816185087	-4.869761943817139	-6.858395499875769e-05	-4.869763374328613
74	0.0552100289957933	0.1796999204700647	-0.0007796413265168667	-4.869541645050049	-7.022073987172917e-05	-4.869539737701416
75	0.05497690098764063	0.18481152816966212	-0.000793359475210309	-4.869321346282959	-7.062921213218942e-05	-4.869322776794434
76	0.06797594954606939	0.14339070954520639	-0.0008083900320343673	-4.869101047515869	-7.117971836123616e-05	-4.869098663330078
77	0.06735962577115184	0.13892244706061863	-0.0008070790208876133	-4.868880748748779	-7.104003452695906e-05	-4.868880748748779
78	0.0793350203310278	0.15065528474815898	-0.0008039720123633742	-4.8686604499816895	-7.138415094232187e-05	-4.868662357330322
79	0.06146620819347537	0.14025321026215515	-0.0008032394689507782	-4.8684401512146	-7.187427399912849e-05	-4.868439197540283
80	0.05313783720803972	0.18796904009919874	-0.000795327068772167	-4.86821985244751	-7.230001938296482e-05	-4.868221759796143
81	0.06119581394173046	0.15957468064451696	-0.000800963316578418	-4.86799955368042	-7.235536759253591e-05	-4.867998123168945
82	0.0580431651565379	0.18245391876241246	-0.0008018944063223898	-4.86777925491333	-7.189992174971849e-05	-4.867781162261963
83	0.08104909411767153	0.1566638434190758	-0.0008167023188434541	-4.86755895614624	-7.181901310104877e-05	-4.867557048797607
84	0.09008564806979413	0.1509066331967651	-0.0008244139025919139	-4.86733865737915	-7.185925642261282e-05	-4.867339611053467
85	0.03905305179316004	0.2085003402911193	-0.0008240103488788009	-4.8671183586120605	-7.197490049293265e-05	-4.867116451263428
86	0.0730670907423766	0.1736342202639977	-0.0008253129199147224	-4.866898059844971	-7.206783629953861e-05	-4.866898059844971
87	0.05840127317987198	0.18269685770319088	-0.000823976646643132	-4.866677761077881	-7.1543145168107e-05	-4.866680145263672
88	0.06095283058983858	0.17231635556626881	-0.0008242640178650618	-4.866457462310791	-7.135862688301131e-05	-4.866456031799316
89	0.07717449467216442	0.15831248786442503	-0.0008264350472018123	-4.866237163543701	-7.117120549082756e-05	-4.866239070892334
90	0.0590199943982026	0.16118479217059994	-0.0008243243210017681	-4.866016864776611	-7.095868932083249e-05	-4.866015434265137
91	0.05044662961421853	0.1312083616285736	-0.0008245785138569772	-4.8657965660095215	-7.10005551809445e-05	-4.865797996520996
92	0.05222975725598972	0.1892212475772933	-0.0008296218002215028	-4.865576267242432	-7.10555978002958e-05	-4.865573406219482
93	0.07599957787680783	0.15624473305417239	-0.00082184694474563	-4.865355968475342	-7.069919956848025e-05	-4.8653564453125
94	0.06719179258353158	0.14132664610508755	-0.000821968074887991	-4.865135669708252	-6.97326977388002e-05	-4.865138530731201
95	0.10350850936904621	0.12974565702357518	-0.0008276145672425628	-4.864915370941162	-6.920253508724272e-05	-4.864914417266846
96	0.06952953262147132	0.16712665951819095	-0.0008422342361882329	-4.864695072174072	-6.892989040352404e-05	-4.864696979522705
97	0.0939973182093185	0.15084723729844982	-0.0008717917371541262	-4.864474773406982	-6.842445873189718e-05	-4.864472389221191
98	0.05382956086933732	0.13720138230527734	-0.0008584425668232143	-4.864254474639893	-6.93345136824064e-05	-4.864256858825684
99	0.06464000390200608	0.1355414368096863	-0.0008555577369406819	-4.864034175872803	-6.960506289033219e-05	-4.864032745361328
100	0.07206743732352394	0.14997496341735073	-0.000858485174831003	-4.863813877105713	-6.996103911660612e-05	-4.863814830780029
101	0.05733931613689208	0.1837921837096228	-0.0008500997791998088	-4.863593578338623	-7.049557461868972e-05	-4.863591194152832
102	0.053786149964351826	0.1651022839010418	-0.000857811828609556	-4.863373279571533	-7.026483945082873e-05	-4.863372802734375
103	0.04025077206679195	0.16074071351487135	-0.0008568607736378908	-4.863152980804443	-7.000972254900262e-05	-4.863155841827393
104	0.035955552959919146	0.15494478392216443	-0.0008530388586223125	-4.8629326820373535	-6.987180677242577e-05	-4.862931251525879
105	0.08380442870451676	0.07596233522696909	-0.0008495268411934376	-4.862712383270264	-6.937289435882121e-05	-4.862713813781738
106	0.05742634742330022	0.11833920798597683	-0.0008573125232942402	-4.862492084503174	-6.93346664775163e-05	-4.862490177154541
107	0.0454643116290675	0.160491791738283	-0.0008541433489881456	-4.862271785736084	-6.883389869472012e-05	-4.862273216247559
108	0.06809706336987509	0.12867921541013091	-0.0008522704592905939	-4.862051486968994	-6.835725798737258e-05	-4.862049102783203
109	0.05329324181211981	0.17114115845669994	-0.0008520086412318051	-4.861831188201904	-6.8049987021368e-05	-4.861831188201904
110	0.03432338647932465	0.2038944386273032	-0.0008516673697158694	-4.861810207366943	-6.802820280427113e-05	-4.861813068389893
111	0.03549581943735808	0.2107606911322883	-0.0008516081143170595	-4.861789226531982	-6.799741822760552e-05	-4.861786842346191
112	0.07868259975762631	0.15128330534291803	-0.0008507479797117412	-4.8617682456970215	-6.799638504162431e-05	-4.861769676208496
113	0.06660280507343963	0.15541654017937923	-0.0008501309785060585	-4.8617472648620605	-6.798672256991267e-05	-4.861745357513428
114	0.08439220323958008	0.15406896642477408	-0.0008500385447405279	-4.8617262840271	-6.794420187361538e-05	-4.861725330352783
115	0.047623979110711145	0.15865881655091718	-0.0008487017475999892	-4.861705303192139	-6.796162051614374e-05	-4.861706733703613
116	0.0930940213106316	0.13586622234682977	-0.0008474006317555904	-4.861684322357178	-6.795379886170849e-05	-4.861682891845703
117	0.05035542759614947	0.18416695909645092	-0.0008468243177048862	-4.861663341522217	-6.80609155097045e-05	-4.861663818359375
118	0.04613330956831463	0.18007571209193507	-0.0008476799703203142	-4.861642360687256	-6.799482798669487e-05	-4.861644744873047
119	0.04212097571438522	0.18949269775083424	-0.0008463492267765105	-4.861621379852295	-6.794658111175522e-05	-4.86161994934082
120	0.06786804373565292	0.13721093609754684	-0.0008450615569017828	-4.861600399017334	-6.791147461626679e-05	-4.861601829528809
121	0.053750441578658215	0.16601326770973202	-0.0008490010513924062	-4.861579418182373	-6.788627069909126e-05	-4.861577033996582
122	0.052987952409911	0.1676794605710601	-0.0008511035121046007	-4.861558437347412	-6.798138201702386e-05	-4.861557483673096
123	0.0415183886431012	0.17395817626138094	-0.0008513968205079436	-4.861537456512451	-6.797871901653707e-05	-4.861539363861084
124	0.06358494856816554	0.14389666251322952	-0.00085241295164451	-4.86151647567749	-6.791018677176908e-05	-4.861514568328857
125	0.054264829380474666	0.17003033532010667	-0.0008491625776514411	-4.861495494842529	-6.803826545365155e-05	-4.861495494842529
126	0.0707619952925378	0.13519046023271325	-0.0008479056414216757	-4.861474514007568	-6.803703581681475e-05	-4.861477375030518
127	0.0728218734572636	0.16646921197904213	-0.0008471423643641174	-4.861453533172607	-6.801648123655468e-05	-4.861451148986816
128	0.060816477225136945	0.1677714195274293	-0.0008464270504191518	-4.8614325523376465	-6.801737617934123e-05	-4.861433982849121
129	0.07646249730683358	0.14034166432877793	-0.0008462445111945271	-4.8614115715026855	-6.801250128773972e-05	-4.861409664154053
130	0.05571608161323127	0.1788717668788199	-0.0008459054515697062	-4.861390590667725	-6.79971999488771e-05	-4.861389636993408
131	0.07436369430739725	0.13281291426529268	-0.0008459799573756754	-4.861369609832764	-6.797862442908809e-05	-4.861371040344238
