epoch	batch	iter	loss	acc	lr
1	1	1	18865934.0	0.16	0.0001
1	2	2	9432357.0	0.08	0.0001
1	3	3	4716791.5	0.12	0.0001
1	4	4	2358828.0	0.12	0.0001
1	5	5	1178902.625	0.08	0.0001
1	6	6	589379.875	0.12	0.0001
1	7	7	294630.5625	0.04	0.0001
1	8	8	147352.15625	0.04	0.0001
1	9	9	73691.671875	0.08	0.0001
1	10	10	36840.84765625	0.04	0.0001
1	11	11	18422.9609375	0.04	0.0001
1	12	12	9215.3935546875	0.08	0.0001
1	13	13	4611.431640625	0.08	0.0001
1	14	14	2308.017578125	0.32	0.0001
1	15	15	1160.1202392578125	0.04	0.0001
1	16	16	582.8114624023438	0.12	0.0001
1	17	17	298.32745361328125	0.0	0.0001
1	18	18	152.54971313476562	0.04	0.0001
1	19	19	83.64910888671875	0.04	0.0001
1	20	20	46.049964904785156	0.0	0.0001
2	1	21	18855834.0	0.08	0.0001
2	2	22	9427301.0	0.2	0.0001
2	3	23	4712918.0	0.08	0.0001
2	4	24	2357009.25	0.12	0.0001
2	5	25	1178503.5	0.0	0.0001
2	6	26	588997.0	0.08	0.0001
2	7	27	294493.71875	0.08	0.0001
2	8	28	147316.296875	0.08	0.0001
2	9	29	73631.2734375	0.08	0.0001
2	10	30	36829.15625	0.0	0.0001
2	11	31	18412.83984375	0.08	0.0001
2	12	32	9212.58203125	0.08	0.0001
2	13	33	4607.85302734375	0.08	0.0001
2	14	34	2310.6396484375	0.08	0.0001
2	15	35	1160.396484375	0.0	0.0001
2	16	36	582.5220336914062	0.16	0.0001
2	17	37	298.1031799316406	0.04	0.0001
2	18	38	151.1480712890625	0.12	0.0001
2	19	39	79.98943328857422	0.12	0.0001
2	20	40	46.73042297363281	0.0	0.0001
3	1	41	18844804.0	0.08	0.0001
3	2	42	9421364.0	0.12	0.0001
3	3	43	4708619.0	0.0	0.0001
3	4	44	2355798.75	0.08	0.0001
3	5	45	1177912.75	0.16	0.0001
3	6	46	588867.5625	0.04	0.0001
3	7	47	294328.375	0.04	0.0001
3	8	48	147211.09375	0.12	0.0001
3	9	49	73593.0859375	0.08	0.0001
3	10	50	36799.32421875	0.04	0.0001
3	11	51	18410.30859375	0.08	0.0001
3	12	52	9207.482421875	0.04	0.0001
3	13	53	4605.1337890625	0.04	0.0001
3	14	54	2307.399169921875	0.12	0.0001
3	15	55	1158.0408935546875	0.12	0.0001
3	16	56	581.9851684570312	0.12	0.0001
3	17	57	297.6023864746094	0.04	0.0001
3	18	58	152.85899353027344	0.04	0.0001
3	19	59	80.63825988769531	0.12	0.0001
3	20	60	44.83382797241211	0.0	0.0001
4	1	61	18831116.0	0.08	0.0001
4	2	62	9418278.0	0.0	0.0001
4	3	63	4708227.0	0.04	0.0001
4	4	64	2353492.5	0.12	0.0001
4	5	65	1176542.75	0.08	0.0001
4	6	66	588472.0	0.04	0.0001
4	7	67	294127.90625	0.12	0.0001
4	8	68	147105.1875	0.12	0.0001
4	9	69	73550.6484375	0.16	0.0001
4	10	70	36767.10546875	0.16	0.0001
4	11	71	18393.359375	0.08	0.0001
4	12	72	9201.0908203125	0.0	0.0001
4	13	73	4604.203125	0.08	0.0001
4	14	74	2306.940185546875	0.04	0.0001
4	15	75	1157.3521728515625	0.08	0.0001
4	16	76	581.5517578125	0.24	0.0001
4	17	77	295.56719970703125	0.04	0.0001
4	18	78	153.18472290039062	0.04	0.0001
4	19	79	79.03742218017578	0.12	0.0001
4	20	80	45.323585510253906	0.25	0.0001
5	1	81	18818746.0	0.04	0.0001
5	2	82	9409179.0	0.04	0.0001
5	3	83	4705531.0	0.12	0.0001
5	4	84	2352677.5	0.08	0.0001
5	5	85	1176041.5	0.04	0.0001
5	6	86	588032.4375	0.16	0.0001
5	7	87	293998.15625	0.08	0.0001
5	8	88	147007.953125	0.04	0.0001
5	9	89	73495.546875	0.12	0.0001
5	10	90	36753.1328125	0.16	0.0001
5	11	91	18379.755859375	0.12	0.0001
5	12	92	9191.5986328125	0.12	0.0001
5	13	93	4600.37744140625	0.08	0.0001
5	14	94	2305.298828125	0.04	0.0001
5	15	95	1154.9312744140625	0.12	0.0001
5	16	96	580.1338500976562	0.2	0.0001
5	17	97	296.1995544433594	0.0	0.0001
5	18	98	152.34519958496094	0.04	0.0001
5	19	99	81.35893249511719	0.04	0.0001
5	20	100	38.08782196044922	0.25	0.0001
6	1	101	18811992.0	0.12	0.0001
6	2	102	9401198.0	0.08	0.0001
6	3	103	4701674.5	0.2	0.0001
6	4	104	2350585.75	0.08	0.0001
6	5	105	1175673.125	0.12	0.0001
6	6	106	587796.4375	0.08	0.0001
6	7	107	293811.125	0.08	0.0001
6	8	108	146902.515625	0.08	0.0001
6	9	109	73462.2109375	0.16	0.0001
6	10	110	36725.26953125	0.04	0.0001
6	11	111	18366.134765625	0.16	0.0001
6	12	112	9190.888671875	0.08	0.0001
6	13	113	4598.55029296875	0.0	0.0001
6	14	114	2302.33740234375	0.16	0.0001
6	15	115	1156.74560546875	0.0	0.0001
6	16	116	583.024658203125	0.0	0.0001
6	17	117	294.7637023925781	0.12	0.0001
6	18	118	150.7648162841797	0.04	0.0001
6	19	119	80.3209457397461	0.16	0.0001
6	20	120	40.924503326416016	0.25	0.0001
7	1	121	18795092.0	0.16	0.0001
7	2	122	9396147.0	0.12	0.0001
7	3	123	4699717.0	0.08	0.0001
7	4	124	2349699.25	0.12	0.0001
7	5	125	1174676.125	0.12	0.0001
7	6	126	587341.625	0.12	0.0001
7	7	127	293637.53125	0.04	0.0001
7	8	128	146793.71875	0.12	0.0001
7	9	129	73415.8359375	0.04	0.0001
7	10	130	36720.0078125	0.08	0.0001
7	11	131	18355.224609375	0.16	0.0001
7	12	132	9178.001953125	0.08	0.0001
7	13	133	4594.10546875	0.04	0.0001
7	14	134	2301.188720703125	0.04	0.0001
7	15	135	1153.953125	0.04	0.0001
7	16	136	582.3836669921875	0.04	0.0001
7	17	137	296.37554931640625	0.08	0.0001
7	18	138	151.86338806152344	0.08	0.0001
7	19	139	78.0356216430664	0.2	0.0001
7	20	140	44.85181427001953	0.0	0.0001
8	1	141	18790738.0	0.08	0.0001
8	2	142	9394279.0	0.08	0.0001
8	3	143	4696054.0	0.08	0.0001
8	4	144	2347810.0	0.16	0.0001
8	5	145	1174081.375	0.04	0.0001
8	6	146	586832.9375	0.12	0.0001
8	7	147	293489.40625	0.08	0.0001
8	8	148	146703.5625	0.04	0.0001
8	9	149	73360.6796875	0.12	0.0001
8	10	150	36686.1796875	0.08	0.0001
8	11	151	18347.62109375	0.08	0.0001
8	12	152	9174.1005859375	0.04	0.0001
8	13	153	4591.6083984375	0.08	0.0001
8	14	154	2300.2958984375	0.04	0.0001
8	15	155	1154.8353271484375	0.08	0.0001
8	16	156	581.8097534179688	0.04	0.0001
8	17	157	296.79571533203125	0.0	0.0001
8	18	158	151.046875	0.12	0.0001
8	19	159	78.93071746826172	0.08	0.0001
8	20	160	39.85700225830078	0.0	0.0001
9	1	161	18771440.0	0.08	0.0001
9	2	162	9385827.0	0.04	0.0001
9	3	163	4692086.5	0.04	0.0001
9	4	164	2346140.0	0.08	0.0001
9	5	165	1173530.125	0.08	0.0001
9	6	166	586569.875	0.08	0.0001
9	7	167	293314.1875	0.04	0.0001
9	8	168	146628.859375	0.08	0.0001
9	9	169	73317.4453125	0.08	0.0001
9	10	170	36660.33203125	0.08	0.0001
9	11	171	18338.48046875	0.16	0.0001
9	12	172	9173.7578125	0.08	0.0001
9	13	173	4590.427734375	0.04	0.0001
9	14	174	2299.171875	0.08	0.0001
9	15	175	1153.4224853515625	0.12	0.0001
9	16	176	580.6277465820312	0.12	0.0001
9	17	177	295.2052917480469	0.04	0.0001
9	18	178	150.25733947753906	0.08	0.0001
9	19	179	78.2131576538086	0.16	0.0001
9	20	180	45.47289276123047	0.0	0.0001
10	1	181	18759560.0	0.04	0.0001
10	2	182	9379201.0	0.04	0.0001
10	3	183	4691600.0	0.12	0.0001
10	4	184	2345201.25	0.08	0.0001
10	5	185	1172443.875	0.16	0.0001
10	6	186	586213.5625	0.16	0.0001
10	7	187	293099.9375	0.16	0.0001
10	8	188	146529.578125	0.16	0.0001
10	9	189	73281.3515625	0.16	0.0001
10	10	190	36636.39453125	0.12	0.0001
10	11	191	18327.81640625	0.12	0.0001
10	12	192	9165.83203125	0.08	0.0001
10	13	193	4585.90869140625	0.08	0.0001
10	14	194	2298.113037109375	0.08	0.0001
10	15	195	1153.618408203125	0.08	0.0001
10	16	196	579.8914794921875	0.0	0.0001
10	17	197	293.8175964355469	0.04	0.0001
10	18	198	150.63458251953125	0.08	0.0001
10	19	199	77.97102355957031	0.08	0.0001
10	20	200	45.549747467041016	0.0	0.0001
11	1	201	18751504.0	0.2	0.0001
11	2	202	9372694.0	0.16	0.0001
11	3	203	4688010.0	0.2	0.0001
11	4	204	2342934.75	0.12	0.0001
11	5	205	1171813.625	0.16	0.0001
11	6	206	585983.0625	0.12	0.0001
11	7	207	292902.25	0.08	0.0001
11	8	208	146404.390625	0.04	0.0001
11	9	209	73225.3984375	0.08	0.0001
11	10	210	36625.46484375	0.0	0.0001
11	11	211	18312.181640625	0.12	0.0001
11	12	212	9157.595703125	0.0	0.0001
11	13	213	4583.2568359375	0.04	0.0001
11	14	214	2295.770263671875	0.04	0.0001
11	15	215	1150.389892578125	0.16	0.0001
11	16	216	579.1288452148438	0.08	0.0001
11	17	217	294.716796875	0.12	0.0001
11	18	218	149.72984313964844	0.08	0.0001
11	19	219	79.3401107788086	0.16	0.0001
11	20	220	44.97691345214844	0.0	0.0001
12	1	221	18739504.0	0.08	0.0001
12	2	222	9370805.0	0.12	0.0001
12	3	223	4685681.5	0.12	0.0001
12	4	224	2341813.75	0.12	0.0001
12	5	225	1170628.625	0.12	0.0001
12	6	226	585406.5	0.12	0.0001
12	7	227	292777.15625	0.04	0.0001
12	8	228	146355.84375	0.08	0.0001
12	9	229	73162.078125	0.12	0.0001
12	10	230	36591.80078125	0.04	0.0001
12	11	231	18306.75	0.04	0.0001
12	12	232	9152.908203125	0.12	0.0001
12	13	233	4583.2509765625	0.08	0.0001
12	14	234	2295.03076171875	0.04	0.0001
12	15	235	1152.1556396484375	0.08	0.0001
12	16	236	579.4384765625	0.12	0.0001
12	17	237	293.0450439453125	0.08	0.0001
12	18	238	150.66392517089844	0.12	0.0001
12	19	239	78.5124740600586	0.24	0.0001
12	20	240	39.33710861206055	0.25	0.0001
13	1	241	18730530.0	0.16	0.0001
13	2	242	9361784.0	0.08	0.0001
13	3	243	4681971.5	0.04	0.0001
13	4	244	2340202.25	0.16	0.0001
13	5	245	1169881.25	0.04	0.0001
13	6	246	585125.375	0.04	0.0001
13	7	247	292568.625	0.04	0.0001
13	8	248	146261.140625	0.04	0.0001
13	9	249	73115.515625	0.12	0.0001
13	10	250	36571.94921875	0.04	0.0001
13	11	251	18283.142578125	0.12	0.0001
13	12	252	9145.9052734375	0.08	0.0001
13	13	253	4578.95556640625	0.04	0.0001
13	14	254	2291.65576171875	0.04	0.0001
13	15	255	1148.5889892578125	0.04	0.0001
13	16	256	580.35791015625	0.0	0.0001
13	17	257	295.8294677734375	0.04	0.0001
13	18	258	147.85665893554688	0.16	0.0001
13	19	259	78.71235656738281	0.08	0.0001
13	20	260	44.703155517578125	0.0	0.0001
14	1	261	18716708.0	0.0	0.0001
14	2	262	9358418.0	0.04	0.0001
14	3	263	4677724.5	0.08	0.0001
14	4	264	2339159.0	0.16	0.0001
14	5	265	1168930.5	0.04	0.0001
14	6	266	584827.875	0.08	0.0001
14	7	267	292401.71875	0.28	0.0001
14	8	268	146199.59375	0.04	0.0001
14	9	269	73100.640625	0.08	0.0001
14	10	270	36547.1484375	0.08	0.0001
14	11	271	18281.734375	0.08	0.0001
14	12	272	9144.87109375	0.08	0.0001
14	13	273	4574.1357421875	0.0	0.0001
14	14	274	2291.352294921875	0.12	0.0001
14	15	275	1148.848388671875	0.08	0.0001
14	16	276	578.4437866210938	0.08	0.0001
14	17	277	294.1187744140625	0.0	0.0001
14	18	278	151.56121826171875	0.0	0.0001
14	19	279	79.42040252685547	0.08	0.0001
14	20	280	44.385345458984375	0.0	0.0001
15	1	281	nan	0.0	0.0001
15	2	282	nan	0.0	0.0001
15	3	283	nan	0.0	0.0001
15	4	284	nan	0.08	0.0001
15	5	285	nan	0.0	0.0001
15	6	286	nan	0.0	0.0001
15	7	287	nan	0.04	0.0001
15	8	288	nan	0.0	0.0001
15	9	289	nan	0.0	0.0001
15	10	290	nan	0.08	0.0001
15	11	291	nan	0.0	0.0001
15	12	292	nan	0.0	0.0001
15	13	293	nan	0.12	0.0001
15	14	294	nan	0.0	0.0001
15	15	295	nan	0.0	0.0001
15	16	296	nan	0.12	0.0001
15	17	297	nan	0.0	0.0001
15	18	298	nan	0.0	0.0001
15	19	299	nan	0.04	0.0001
15	20	300	nan	0.0	0.0001
16	1	301	nan	0.0	0.0001
16	2	302	nan	0.0	0.0001
16	3	303	nan	0.0	0.0001
16	4	304	nan	0.16	0.0001
16	5	305	nan	0.0	0.0001
16	6	306	nan	0.0	0.0001
16	7	307	nan	0.12	0.0001
16	8	308	nan	0.0	0.0001
16	9	309	nan	0.0	0.0001
16	10	310	nan	0.04	0.0001
16	11	311	nan	0.0	0.0001
16	12	312	nan	0.0	0.0001
16	13	313	nan	0.16	0.0001
16	14	314	nan	0.0	0.0001
16	15	315	nan	0.0	0.0001
16	16	316	nan	0.0	0.0001
16	17	317	nan	0.0	0.0001
16	18	318	nan	0.0	0.0001
16	19	319	nan	0.04	0.0001
16	20	320	nan	0.0	0.0001
17	1	321	nan	0.0	0.0001
17	2	322	nan	0.0	0.0001
17	3	323	nan	0.0	0.0001
17	4	324	nan	0.12	0.0001
17	5	325	nan	0.0	0.0001
17	6	326	nan	0.0	0.0001
17	7	327	nan	0.0	0.0001
17	8	328	nan	0.0	0.0001
17	9	329	nan	0.0	0.0001
17	10	330	nan	0.16	0.0001
17	11	331	nan	0.0	0.0001
17	12	332	nan	0.0	0.0001
17	13	333	nan	0.08	0.0001
17	14	334	nan	0.0	0.0001
17	15	335	nan	0.0	0.0001
17	16	336	nan	0.04	0.0001
17	17	337	nan	0.0	0.0001
17	18	338	nan	0.0	0.0001
17	19	339	nan	0.08	0.0001
17	20	340	nan	0.0	0.0001
18	1	341	nan	0.0	0.0001
18	2	342	nan	0.0	0.0001
18	3	343	nan	0.0	0.0001
18	4	344	nan	0.0	0.0001
18	5	345	nan	0.0	0.0001
18	6	346	nan	0.0	0.0001
18	7	347	nan	0.16	0.0001
18	8	348	nan	0.0	0.0001
18	9	349	nan	0.0	0.0001
18	10	350	nan	0.04	0.0001
18	11	351	nan	0.0	0.0001
18	12	352	nan	0.0	0.0001
18	13	353	nan	0.08	0.0001
18	14	354	nan	0.0	0.0001
18	15	355	nan	0.0	0.0001
18	16	356	nan	0.08	0.0001
18	17	357	nan	0.0	0.0001
18	18	358	nan	0.0	0.0001
18	19	359	nan	0.12	0.0001
18	20	360	nan	0.0	0.0001
19	1	361	nan	0.0	0.0001
19	2	362	nan	0.0	0.0001
19	3	363	nan	0.0	0.0001
19	4	364	nan	0.04	0.0001
19	5	365	nan	0.0	0.0001
19	6	366	nan	0.0	0.0001
19	7	367	nan	0.08	0.0001
19	8	368	nan	0.0	0.0001
19	9	369	nan	0.0	0.0001
19	10	370	nan	0.04	0.0001
19	11	371	nan	0.0	0.0001
19	12	372	nan	0.0	0.0001
19	13	373	nan	0.12	0.0001
19	14	374	nan	0.0	0.0001
19	15	375	nan	0.0	0.0001
19	16	376	nan	0.16	0.0001
19	17	377	nan	0.0	0.0001
19	18	378	nan	0.0	0.0001
19	19	379	nan	0.16	0.0001
19	20	380	nan	0.0	0.0001
20	1	381	nan	0.0	0.0001
20	2	382	nan	0.0	0.0001
20	3	383	nan	0.0	0.0001
20	4	384	nan	0.12	0.0001
20	5	385	nan	0.0	0.0001
20	6	386	nan	0.0	0.0001
20	7	387	nan	0.12	0.0001
20	8	388	nan	0.0	0.0001
20	9	389	nan	0.0	0.0001
20	10	390	nan	0.08	0.0001
20	11	391	nan	0.0	0.0001
20	12	392	nan	0.0	0.0001
20	13	393	nan	0.08	0.0001
20	14	394	nan	0.0	0.0001
20	15	395	nan	0.0	0.0001
20	16	396	nan	0.08	0.0001
20	17	397	nan	0.0	0.0001
20	18	398	nan	0.0	0.0001
20	19	399	nan	0.04	0.0001
20	20	400	nan	0.0	0.0001
21	1	401	nan	0.0	0.0001
21	2	402	nan	0.0	0.0001
21	3	403	nan	0.0	0.0001
21	4	404	nan	0.04	0.0001
21	5	405	nan	0.0	0.0001
21	6	406	nan	0.0	0.0001
21	7	407	nan	0.04	0.0001
21	8	408	nan	0.0	0.0001
21	9	409	nan	0.0	0.0001
21	10	410	nan	0.04	0.0001
21	11	411	nan	0.0	0.0001
21	12	412	nan	0.0	0.0001
21	13	413	nan	0.08	0.0001
21	14	414	nan	0.0	0.0001
21	15	415	nan	0.0	0.0001
21	16	416	nan	0.04	0.0001
21	17	417	nan	0.0	0.0001
21	18	418	nan	0.0	0.0001
21	19	419	nan	0.04	0.0001
21	20	420	nan	0.0	0.0001
22	1	421	nan	0.0	0.0001
22	2	422	nan	0.0	0.0001
22	3	423	nan	0.0	0.0001
22	4	424	nan	0.04	0.0001
22	5	425	nan	0.0	0.0001
22	6	426	nan	0.0	0.0001
22	7	427	nan	0.08	0.0001
22	8	428	nan	0.0	0.0001
22	9	429	nan	0.0	0.0001
22	10	430	nan	0.04	0.0001
22	11	431	nan	0.0	0.0001
22	12	432	nan	0.0	0.0001
22	13	433	nan	0.08	0.0001
22	14	434	nan	0.0	0.0001
22	15	435	nan	0.0	0.0001
22	16	436	nan	0.0	0.0001
22	17	437	nan	0.0	0.0001
22	18	438	nan	0.0	0.0001
22	19	439	nan	0.2	0.0001
22	20	440	nan	0.0	0.0001
23	1	441	nan	0.0	0.0001
23	2	442	nan	0.0	0.0001
23	3	443	nan	0.0	0.0001
23	4	444	nan	0.08	0.0001
23	5	445	nan	0.0	0.0001
23	6	446	nan	0.0	0.0001
23	7	447	nan	0.08	0.0001
23	8	448	nan	0.0	0.0001
23	9	449	nan	0.0	0.0001
23	10	450	nan	0.08	0.0001
23	11	451	nan	0.0	0.0001
23	12	452	nan	0.0	0.0001
23	13	453	nan	0.2	0.0001
23	14	454	nan	0.0	0.0001
23	15	455	nan	0.0	0.0001
23	16	456	nan	0.12	0.0001
23	17	457	nan	0.0	0.0001
23	18	458	nan	0.0	0.0001
23	19	459	nan	0.08	0.0001
23	20	460	nan	0.0	0.0001
24	1	461	nan	0.0	0.0001
24	2	462	nan	0.0	0.0001
24	3	463	nan	0.0	0.0001
24	4	464	nan	0.16	0.0001
24	5	465	nan	0.0	0.0001
24	6	466	nan	0.0	0.0001
24	7	467	nan	0.08	0.0001
24	8	468	nan	0.0	0.0001
24	9	469	nan	0.0	0.0001
24	10	470	nan	0.04	0.0001
24	11	471	nan	0.0	0.0001
24	12	472	nan	0.0	0.0001
24	13	473	nan	0.08	0.0001
24	14	474	nan	0.0	0.0001
24	15	475	nan	0.0	0.0001
24	16	476	nan	0.12	0.0001
24	17	477	nan	0.0	0.0001
24	18	478	nan	0.0	0.0001
24	19	479	nan	0.04	0.0001
24	20	480	nan	0.0	0.0001
25	1	481	nan	0.0	0.0001
25	2	482	nan	0.0	0.0001
25	3	483	nan	0.0	0.0001
25	4	484	nan	0.08	0.0001
25	5	485	nan	0.0	0.0001
25	6	486	nan	0.0	0.0001
25	7	487	nan	0.08	0.0001
25	8	488	nan	0.0	0.0001
25	9	489	nan	0.0	0.0001
25	10	490	nan	0.04	0.0001
25	11	491	nan	0.0	0.0001
25	12	492	nan	0.0	0.0001
25	13	493	nan	0.08	0.0001
25	14	494	nan	0.0	0.0001
25	15	495	nan	0.0	0.0001
25	16	496	nan	0.08	0.0001
25	17	497	nan	0.0	0.0001
25	18	498	nan	0.0	0.0001
25	19	499	nan	0.04	0.0001
25	20	500	nan	0.0	0.0001
26	1	501	nan	0.0	0.0001
26	2	502	nan	0.0	0.0001
26	3	503	nan	0.0	0.0001
26	4	504	nan	0.04	0.0001
26	5	505	nan	0.0	0.0001
26	6	506	nan	0.0	0.0001
26	7	507	nan	0.04	0.0001
26	8	508	nan	0.0	0.0001
26	9	509	nan	0.0	0.0001
26	10	510	nan	0.0	0.0001
26	11	511	nan	0.0	0.0001
26	12	512	nan	0.0	0.0001
26	13	513	nan	0.16	0.0001
26	14	514	nan	0.0	0.0001
26	15	515	nan	0.0	0.0001
26	16	516	nan	0.08	0.0001
26	17	517	nan	0.0	0.0001
26	18	518	nan	0.0	0.0001
26	19	519	nan	0.04	0.0001
26	20	520	nan	0.0	0.0001
27	1	521	nan	0.0	0.0001
27	2	522	nan	0.0	0.0001
27	3	523	nan	0.0	0.0001
27	4	524	nan	0.16	0.0001
27	5	525	nan	0.0	0.0001
27	6	526	nan	0.0	0.0001
27	7	527	nan	0.04	0.0001
27	8	528	nan	0.0	0.0001
27	9	529	nan	0.0	0.0001
27	10	530	nan	0.08	0.0001
27	11	531	nan	0.0	0.0001
27	12	532	nan	0.0	0.0001
27	13	533	nan	0.08	0.0001
27	14	534	nan	0.0	0.0001
27	15	535	nan	0.0	0.0001
27	16	536	nan	0.04	0.0001
27	17	537	nan	0.0	0.0001
27	18	538	nan	0.0	0.0001
27	19	539	nan	0.16	0.0001
27	20	540	nan	0.0	0.0001
28	1	541	nan	0.0	0.0001
28	2	542	nan	0.0	0.0001
28	3	543	nan	0.0	0.0001
28	4	544	nan	0.08	0.0001
28	5	545	nan	0.0	0.0001
28	6	546	nan	0.0	0.0001
28	7	547	nan	0.04	0.0001
28	8	548	nan	0.0	0.0001
28	9	549	nan	0.0	0.0001
28	10	550	nan	0.04	0.0001
28	11	551	nan	0.0	0.0001
28	12	552	nan	0.0	0.0001
28	13	553	nan	0.08	0.0001
28	14	554	nan	0.0	0.0001
28	15	555	nan	0.0	0.0001
28	16	556	nan	0.12	0.0001
28	17	557	nan	0.0	0.0001
28	18	558	nan	0.0	0.0001
28	19	559	nan	0.08	0.0001
28	20	560	nan	0.0	0.0001
29	1	561	nan	0.0	0.0001
29	2	562	nan	0.0	0.0001
29	3	563	nan	0.0	0.0001
29	4	564	nan	0.08	0.0001
29	5	565	nan	0.0	0.0001
29	6	566	nan	0.0	0.0001
29	7	567	nan	0.04	0.0001
29	8	568	nan	0.0	0.0001
29	9	569	nan	0.0	0.0001
29	10	570	nan	0.04	0.0001
29	11	571	nan	0.0	0.0001
29	12	572	nan	0.0	0.0001
29	13	573	nan	0.12	0.0001
29	14	574	nan	0.0	0.0001
29	15	575	nan	0.0	0.0001
29	16	576	nan	0.08	0.0001
29	17	577	nan	0.0	0.0001
29	18	578	nan	0.0	0.0001
29	19	579	nan	0.16	0.0001
29	20	580	nan	0.0	0.0001
30	1	581	nan	0.0	0.0001
30	2	582	nan	0.0	0.0001
30	3	583	nan	0.0	0.0001
30	4	584	nan	0.12	0.0001
30	5	585	nan	0.0	0.0001
30	6	586	nan	0.0	0.0001
30	7	587	nan	0.2	0.0001
30	8	588	nan	0.0	0.0001
30	9	589	nan	0.0	0.0001
30	10	590	nan	0.04	0.0001
30	11	591	nan	0.0	0.0001
30	12	592	nan	0.0	0.0001
30	13	593	nan	0.04	0.0001
30	14	594	nan	0.0	0.0001
30	15	595	nan	0.0	0.0001
30	16	596	nan	0.04	0.0001
30	17	597	nan	0.0	0.0001
30	18	598	nan	0.0	0.0001
30	19	599	nan	0.04	0.0001
30	20	600	nan	0.0	0.0001
31	1	601	nan	0.0	0.0001
31	2	602	nan	0.0	0.0001
31	3	603	nan	0.0	0.0001
31	4	604	nan	0.04	0.0001
31	5	605	nan	0.0	0.0001
31	6	606	nan	0.0	0.0001
31	7	607	nan	0.0	0.0001
31	8	608	nan	0.0	0.0001
31	9	609	nan	0.0	0.0001
31	10	610	nan	0.0	0.0001
31	11	611	nan	0.0	0.0001
31	12	612	nan	0.0	0.0001
31	13	613	nan	0.24	0.0001
31	14	614	nan	0.0	0.0001
31	15	615	nan	0.0	0.0001
31	16	616	nan	0.04	0.0001
31	17	617	nan	0.0	0.0001
31	18	618	nan	0.0	0.0001
31	19	619	nan	0.12	0.0001
31	20	620	nan	0.0	0.0001
32	1	621	nan	0.0	0.0001
32	2	622	nan	0.0	0.0001
32	3	623	nan	0.0	0.0001
32	4	624	nan	0.12	0.0001
32	5	625	nan	0.0	0.0001
32	6	626	nan	0.0	0.0001
32	7	627	nan	0.04	0.0001
32	8	628	nan	0.0	0.0001
32	9	629	nan	0.0	0.0001
32	10	630	nan	0.04	0.0001
32	11	631	nan	0.0	0.0001
32	12	632	nan	0.0	0.0001
32	13	633	nan	0.04	0.0001
32	14	634	nan	0.0	0.0001
32	15	635	nan	0.0	0.0001
32	16	636	nan	0.08	0.0001
32	17	637	nan	0.0	0.0001
32	18	638	nan	0.0	0.0001
32	19	639	nan	0.12	0.0001
32	20	640	nan	0.0	0.0001
33	1	641	nan	0.0	0.0001
33	2	642	nan	0.0	0.0001
33	3	643	nan	0.0	0.0001
33	4	644	nan	0.04	0.0001
33	5	645	nan	0.0	0.0001
33	6	646	nan	0.0	0.0001
33	7	647	nan	0.04	0.0001
33	8	648	nan	0.0	0.0001
33	9	649	nan	0.0	0.0001
33	10	650	nan	0.04	0.0001
33	11	651	nan	0.0	0.0001
33	12	652	nan	0.0	0.0001
33	13	653	nan	0.08	0.0001
33	14	654	nan	0.0	0.0001
33	15	655	nan	0.0	0.0001
33	16	656	nan	0.08	0.0001
33	17	657	nan	0.0	0.0001
33	18	658	nan	0.0	0.0001
33	19	659	nan	0.04	0.0001
33	20	660	nan	0.0	0.0001
34	1	661	nan	0.0	0.0001
34	2	662	nan	0.0	0.0001
34	3	663	nan	0.0	0.0001
34	4	664	nan	0.08	0.0001
34	5	665	nan	0.0	0.0001
34	6	666	nan	0.0	0.0001
34	7	667	nan	0.0	0.0001
34	8	668	nan	0.0	0.0001
34	9	669	nan	0.0	0.0001
34	10	670	nan	0.0	0.0001
34	11	671	nan	0.0	0.0001
34	12	672	nan	0.0	0.0001
34	13	673	nan	0.08	0.0001
34	14	674	nan	0.0	0.0001
34	15	675	nan	0.0	0.0001
34	16	676	nan	0.08	0.0001
34	17	677	nan	0.0	0.0001
34	18	678	nan	0.0	0.0001
34	19	679	nan	0.08	0.0001
34	20	680	nan	0.0	0.0001
35	1	681	nan	0.0	0.0001
35	2	682	nan	0.0	0.0001
35	3	683	nan	0.0	0.0001
35	4	684	nan	0.04	0.0001
35	5	685	nan	0.0	0.0001
35	6	686	nan	0.0	0.0001
35	7	687	nan	0.16	0.0001
35	8	688	nan	0.0	0.0001
35	9	689	nan	0.0	0.0001
35	10	690	nan	0.12	0.0001
35	11	691	nan	0.0	0.0001
35	12	692	nan	0.0	0.0001
35	13	693	nan	0.08	0.0001
35	14	694	nan	0.0	0.0001
35	15	695	nan	0.0	0.0001
35	16	696	nan	0.04	0.0001
35	17	697	nan	0.0	0.0001
35	18	698	nan	0.0	0.0001
35	19	699	nan	0.16	0.0001
35	20	700	nan	0.0	0.0001
36	1	701	nan	0.0	0.0001
36	2	702	nan	0.0	0.0001
36	3	703	nan	0.0	0.0001
36	4	704	nan	0.16	0.0001
36	5	705	nan	0.0	0.0001
36	6	706	nan	0.0	0.0001
36	7	707	nan	0.0	0.0001
36	8	708	nan	0.0	0.0001
36	9	709	nan	0.0	0.0001
36	10	710	nan	0.04	0.0001
36	11	711	nan	0.0	0.0001
36	12	712	nan	0.0	0.0001
36	13	713	nan	0.16	0.0001
36	14	714	nan	0.0	0.0001
36	15	715	nan	0.0	0.0001
36	16	716	nan	0.2	0.0001
36	17	717	nan	0.0	0.0001
36	18	718	nan	0.0	0.0001
36	19	719	nan	0.08	0.0001
36	20	720	nan	0.0	0.0001
37	1	721	nan	0.0	0.0001
37	2	722	nan	0.0	0.0001
37	3	723	nan	0.0	0.0001
37	4	724	nan	0.12	0.0001
37	5	725	nan	0.0	0.0001
37	6	726	nan	0.0	0.0001
37	7	727	nan	0.0	0.0001
37	8	728	nan	0.0	0.0001
37	9	729	nan	0.0	0.0001
37	10	730	nan	0.0	0.0001
37	11	731	nan	0.0	0.0001
37	12	732	nan	0.0	0.0001
37	13	733	nan	0.08	0.0001
37	14	734	nan	0.0	0.0001
37	15	735	nan	0.0	0.0001
37	16	736	nan	0.0	0.0001
37	17	737	nan	0.0	0.0001
37	18	738	nan	0.0	0.0001
37	19	739	nan	0.04	0.0001
37	20	740	nan	0.0	0.0001
38	1	741	nan	0.0	0.0001
38	2	742	nan	0.0	0.0001
38	3	743	nan	0.0	0.0001
38	4	744	nan	0.04	0.0001
38	5	745	nan	0.0	0.0001
38	6	746	nan	0.0	0.0001
38	7	747	nan	0.08	0.0001
38	8	748	nan	0.0	0.0001
38	9	749	nan	0.0	0.0001
38	10	750	nan	0.08	0.0001
38	11	751	nan	0.0	0.0001
38	12	752	nan	0.0	0.0001
38	13	753	nan	0.16	0.0001
38	14	754	nan	0.0	0.0001
38	15	755	nan	0.0	0.0001
38	16	756	nan	0.04	0.0001
38	17	757	nan	0.0	0.0001
38	18	758	nan	0.0	0.0001
38	19	759	nan	0.0	0.0001
38	20	760	nan	0.0	0.0001
39	1	761	nan	0.0	0.0001
39	2	762	nan	0.0	0.0001
39	3	763	nan	0.0	0.0001
39	4	764	nan	0.24	0.0001
39	5	765	nan	0.0	0.0001
39	6	766	nan	0.0	0.0001
39	7	767	nan	0.12	0.0001
39	8	768	nan	0.0	0.0001
39	9	769	nan	0.0	0.0001
39	10	770	nan	0.08	0.0001
39	11	771	nan	0.0	0.0001
39	12	772	nan	0.0	0.0001
39	13	773	nan	0.04	0.0001
39	14	774	nan	0.0	0.0001
39	15	775	nan	0.0	0.0001
39	16	776	nan	0.08	0.0001
39	17	777	nan	0.0	0.0001
39	18	778	nan	0.0	0.0001
39	19	779	nan	0.08	0.0001
39	20	780	nan	0.0	0.0001
40	1	781	nan	0.0	0.0001
40	2	782	nan	0.0	0.0001
40	3	783	nan	0.0	0.0001
40	4	784	nan	0.12	0.0001
40	5	785	nan	0.0	0.0001
40	6	786	nan	0.0	0.0001
40	7	787	nan	0.04	0.0001
40	8	788	nan	0.0	0.0001
40	9	789	nan	0.0	0.0001
40	10	790	nan	0.08	0.0001
40	11	791	nan	0.0	0.0001
40	12	792	nan	0.0	0.0001
40	13	793	nan	0.04	0.0001
40	14	794	nan	0.0	0.0001
40	15	795	nan	0.0	0.0001
40	16	796	nan	0.16	0.0001
40	17	797	nan	0.0	0.0001
40	18	798	nan	0.0	0.0001
40	19	799	nan	0.04	0.0001
40	20	800	nan	0.0	0.0001
41	1	801	nan	0.0	0.0001
41	2	802	nan	0.0	0.0001
41	3	803	nan	0.0	0.0001
41	4	804	nan	0.0	0.0001
41	5	805	nan	0.0	0.0001
41	6	806	nan	0.0	0.0001
41	7	807	nan	0.12	0.0001
41	8	808	nan	0.0	0.0001
41	9	809	nan	0.0	0.0001
41	10	810	nan	0.04	0.0001
41	11	811	nan	0.0	0.0001
41	12	812	nan	0.0	0.0001
41	13	813	nan	0.08	0.0001
41	14	814	nan	0.0	0.0001
41	15	815	nan	0.0	0.0001
41	16	816	nan	0.04	0.0001
41	17	817	nan	0.0	0.0001
41	18	818	nan	0.0	0.0001
41	19	819	nan	0.16	0.0001
41	20	820	nan	0.0	0.0001
42	1	821	nan	0.0	0.0001
42	2	822	nan	0.0	0.0001
42	3	823	nan	0.0	0.0001
42	4	824	nan	0.08	0.0001
42	5	825	nan	0.0	0.0001
42	6	826	nan	0.0	0.0001
42	7	827	nan	0.04	0.0001
42	8	828	nan	0.0	0.0001
42	9	829	nan	0.0	0.0001
42	10	830	nan	0.04	0.0001
42	11	831	nan	0.0	0.0001
42	12	832	nan	0.0	0.0001
42	13	833	nan	0.08	0.0001
42	14	834	nan	0.0	0.0001
42	15	835	nan	0.0	0.0001
42	16	836	nan	0.0	0.0001
42	17	837	nan	0.0	0.0001
42	18	838	nan	0.0	0.0001
42	19	839	nan	0.08	0.0001
42	20	840	nan	0.0	0.0001
43	1	841	nan	0.0	0.0001
43	2	842	nan	0.0	0.0001
43	3	843	nan	0.0	0.0001
43	4	844	nan	0.08	0.0001
43	5	845	nan	0.0	0.0001
43	6	846	nan	0.0	0.0001
43	7	847	nan	0.04	0.0001
43	8	848	nan	0.0	0.0001
43	9	849	nan	0.0	0.0001
43	10	850	nan	0.08	0.0001
43	11	851	nan	0.0	0.0001
43	12	852	nan	0.0	0.0001
43	13	853	nan	0.0	0.0001
43	14	854	nan	0.0	0.0001
43	15	855	nan	0.0	0.0001
43	16	856	nan	0.0	0.0001
43	17	857	nan	0.0	0.0001
43	18	858	nan	0.0	0.0001
43	19	859	nan	0.08	0.0001
43	20	860	nan	0.0	0.0001
44	1	861	nan	0.0	0.0001
44	2	862	nan	0.0	0.0001
44	3	863	nan	0.0	0.0001
44	4	864	nan	0.08	0.0001
44	5	865	nan	0.0	0.0001
44	6	866	nan	0.0	0.0001
44	7	867	nan	0.08	0.0001
44	8	868	nan	0.0	0.0001
44	9	869	nan	0.0	0.0001
44	10	870	nan	0.0	0.0001
44	11	871	nan	0.0	0.0001
44	12	872	nan	0.0	0.0001
44	13	873	nan	0.12	0.0001
44	14	874	nan	0.0	0.0001
44	15	875	nan	0.0	0.0001
44	16	876	nan	0.12	0.0001
44	17	877	nan	0.0	0.0001
44	18	878	nan	0.0	0.0001
44	19	879	nan	0.04	0.0001
44	20	880	nan	0.0	0.0001
45	1	881	nan	0.0	0.0001
45	2	882	nan	0.0	0.0001
45	3	883	nan	0.0	0.0001
45	4	884	nan	0.04	0.0001
45	5	885	nan	0.0	0.0001
45	6	886	nan	0.0	0.0001
45	7	887	nan	0.08	0.0001
45	8	888	nan	0.0	0.0001
45	9	889	nan	0.0	0.0001
45	10	890	nan	0.08	0.0001
45	11	891	nan	0.0	0.0001
45	12	892	nan	0.0	0.0001
45	13	893	nan	0.04	0.0001
45	14	894	nan	0.0	0.0001
45	15	895	nan	0.0	0.0001
45	16	896	nan	0.0	0.0001
45	17	897	nan	0.0	0.0001
45	18	898	nan	0.0	0.0001
45	19	899	nan	0.12	0.0001
45	20	900	nan	0.0	0.0001
46	1	901	nan	0.0	0.0001
46	2	902	nan	0.0	0.0001
46	3	903	nan	0.0	0.0001
46	4	904	nan	0.12	0.0001
46	5	905	nan	0.0	0.0001
46	6	906	nan	0.0	0.0001
46	7	907	nan	0.08	0.0001
46	8	908	nan	0.0	0.0001
46	9	909	nan	0.0	0.0001
46	10	910	nan	0.0	0.0001
46	11	911	nan	0.0	0.0001
46	12	912	nan	0.0	0.0001
46	13	913	nan	0.12	0.0001
46	14	914	nan	0.0	0.0001
46	15	915	nan	0.0	0.0001
46	16	916	nan	0.12	0.0001
46	17	917	nan	0.0	0.0001
46	18	918	nan	0.0	0.0001
46	19	919	nan	0.12	0.0001
46	20	920	nan	0.0	0.0001
47	1	921	nan	0.0	0.0001
47	2	922	nan	0.0	0.0001
47	3	923	nan	0.0	0.0001
47	4	924	nan	0.08	0.0001
47	5	925	nan	0.0	0.0001
47	6	926	nan	0.0	0.0001
47	7	927	nan	0.12	0.0001
47	8	928	nan	0.0	0.0001
47	9	929	nan	0.0	0.0001
47	10	930	nan	0.04	0.0001
47	11	931	nan	0.0	0.0001
47	12	932	nan	0.0	0.0001
47	13	933	nan	0.04	0.0001
47	14	934	nan	0.0	0.0001
47	15	935	nan	0.0	0.0001
47	16	936	nan	0.08	0.0001
47	17	937	nan	0.0	0.0001
47	18	938	nan	0.0	0.0001
47	19	939	nan	0.12	0.0001
47	20	940	nan	0.0	0.0001
48	1	941	nan	0.0	0.0001
48	2	942	nan	0.0	0.0001
48	3	943	nan	0.0	0.0001
48	4	944	nan	0.2	0.0001
48	5	945	nan	0.0	0.0001
48	6	946	nan	0.0	0.0001
48	7	947	nan	0.12	0.0001
48	8	948	nan	0.0	0.0001
48	9	949	nan	0.0	0.0001
48	10	950	nan	0.08	0.0001
48	11	951	nan	0.0	0.0001
48	12	952	nan	0.0	0.0001
48	13	953	nan	0.0	0.0001
48	14	954	nan	0.0	0.0001
48	15	955	nan	0.0	0.0001
48	16	956	nan	0.12	0.0001
48	17	957	nan	0.0	0.0001
48	18	958	nan	0.0	0.0001
48	19	959	nan	0.0	0.0001
48	20	960	nan	0.0	0.0001
49	1	961	nan	0.0	0.0001
49	2	962	nan	0.0	0.0001
49	3	963	nan	0.0	0.0001
49	4	964	nan	0.04	0.0001
49	5	965	nan	0.0	0.0001
49	6	966	nan	0.0	0.0001
49	7	967	nan	0.16	0.0001
49	8	968	nan	0.0	0.0001
49	9	969	nan	0.0	0.0001
49	10	970	nan	0.2	0.0001
49	11	971	nan	0.0	0.0001
49	12	972	nan	0.0	0.0001
49	13	973	nan	0.04	0.0001
49	14	974	nan	0.0	0.0001
49	15	975	nan	0.0	0.0001
49	16	976	nan	0.12	0.0001
49	17	977	nan	0.0	0.0001
49	18	978	nan	0.0	0.0001
49	19	979	nan	0.04	0.0001
49	20	980	nan	0.0	0.0001
50	1	981	nan	0.0	0.0001
50	2	982	nan	0.0	0.0001
50	3	983	nan	0.0	0.0001
50	4	984	nan	0.08	0.0001
50	5	985	nan	0.0	0.0001
50	6	986	nan	0.0	0.0001
50	7	987	nan	0.04	0.0001
50	8	988	nan	0.0	0.0001
50	9	989	nan	0.0	0.0001
50	10	990	nan	0.16	0.0001
50	11	991	nan	0.0	0.0001
50	12	992	nan	0.0	0.0001
50	13	993	nan	0.04	0.0001
50	14	994	nan	0.0	0.0001
50	15	995	nan	0.0	0.0001
50	16	996	nan	0.04	0.0001
50	17	997	nan	0.0	0.0001
50	18	998	nan	0.0	0.0001
50	19	999	nan	0.08	0.0001
50	20	1000	nan	0.0	0.0001
51	1	1001	nan	0.0	0.0001
51	2	1002	nan	0.0	0.0001
51	3	1003	nan	0.0	0.0001
51	4	1004	nan	0.04	0.0001
51	5	1005	nan	0.0	0.0001
51	6	1006	nan	0.0	0.0001
51	7	1007	nan	0.04	0.0001
51	8	1008	nan	0.0	0.0001
51	9	1009	nan	0.0	0.0001
51	10	1010	nan	0.08	0.0001
51	11	1011	nan	0.0	0.0001
51	12	1012	nan	0.0	0.0001
51	13	1013	nan	0.08	0.0001
51	14	1014	nan	0.0	0.0001
51	15	1015	nan	0.0	0.0001
51	16	1016	nan	0.04	0.0001
51	17	1017	nan	0.0	0.0001
51	18	1018	nan	0.0	0.0001
51	19	1019	nan	0.08	0.0001
51	20	1020	nan	0.0	0.0001
52	1	1021	nan	0.0	0.0001
52	2	1022	nan	0.0	0.0001
52	3	1023	nan	0.0	0.0001
52	4	1024	nan	0.08	0.0001
52	5	1025	nan	0.0	0.0001
52	6	1026	nan	0.0	0.0001
52	7	1027	nan	0.08	0.0001
52	8	1028	nan	0.0	0.0001
52	9	1029	nan	0.0	0.0001
52	10	1030	nan	0.08	0.0001
52	11	1031	nan	0.0	0.0001
52	12	1032	nan	0.0	0.0001
52	13	1033	nan	0.04	0.0001
52	14	1034	nan	0.0	0.0001
52	15	1035	nan	0.0	0.0001
52	16	1036	nan	0.08	0.0001
52	17	1037	nan	0.0	0.0001
52	18	1038	nan	0.0	0.0001
52	19	1039	nan	0.08	0.0001
52	20	1040	nan	0.0	0.0001
53	1	1041	nan	0.0	1e-05
53	2	1042	nan	0.0	1e-05
53	3	1043	nan	0.0	1e-05
53	4	1044	nan	0.08	1e-05
53	5	1045	nan	0.0	1e-05
53	6	1046	nan	0.0	1e-05
53	7	1047	nan	0.04	1e-05
53	8	1048	nan	0.0	1e-05
53	9	1049	nan	0.0	1e-05
53	10	1050	nan	0.04	1e-05
53	11	1051	nan	0.0	1e-05
53	12	1052	nan	0.0	1e-05
53	13	1053	nan	0.04	1e-05
53	14	1054	nan	0.0	1e-05
53	15	1055	nan	0.0	1e-05
53	16	1056	nan	0.0	1e-05
53	17	1057	nan	0.0	1e-05
53	18	1058	nan	0.0	1e-05
53	19	1059	nan	0.0	1e-05
53	20	1060	nan	0.0	1e-05
54	1	1061	nan	0.0	1e-05
54	2	1062	nan	0.0	1e-05
54	3	1063	nan	0.0	1e-05
54	4	1064	nan	0.08	1e-05
54	5	1065	nan	0.0	1e-05
54	6	1066	nan	0.0	1e-05
54	7	1067	nan	0.12	1e-05
54	8	1068	nan	0.0	1e-05
54	9	1069	nan	0.0	1e-05
54	10	1070	nan	0.04	1e-05
54	11	1071	nan	0.0	1e-05
54	12	1072	nan	0.0	1e-05
54	13	1073	nan	0.04	1e-05
54	14	1074	nan	0.0	1e-05
54	15	1075	nan	0.0	1e-05
54	16	1076	nan	0.04	1e-05
54	17	1077	nan	0.0	1e-05
54	18	1078	nan	0.0	1e-05
54	19	1079	nan	0.0	1e-05
54	20	1080	nan	0.0	1e-05
55	1	1081	nan	0.0	1e-05
55	2	1082	nan	0.0	1e-05
55	3	1083	nan	0.0	1e-05
55	4	1084	nan	0.12	1e-05
55	5	1085	nan	0.0	1e-05
55	6	1086	nan	0.0	1e-05
55	7	1087	nan	0.0	1e-05
55	8	1088	nan	0.0	1e-05
55	9	1089	nan	0.0	1e-05
55	10	1090	nan	0.08	1e-05
55	11	1091	nan	0.0	1e-05
55	12	1092	nan	0.0	1e-05
55	13	1093	nan	0.12	1e-05
55	14	1094	nan	0.0	1e-05
55	15	1095	nan	0.0	1e-05
55	16	1096	nan	0.04	1e-05
55	17	1097	nan	0.0	1e-05
55	18	1098	nan	0.0	1e-05
55	19	1099	nan	0.04	1e-05
55	20	1100	nan	0.0	1e-05
56	1	1101	nan	0.0	1e-05
56	2	1102	nan	0.0	1e-05
56	3	1103	nan	0.0	1e-05
56	4	1104	nan	0.04	1e-05
56	5	1105	nan	0.0	1e-05
56	6	1106	nan	0.0	1e-05
56	7	1107	nan	0.08	1e-05
56	8	1108	nan	0.0	1e-05
56	9	1109	nan	0.0	1e-05
56	10	1110	nan	0.12	1e-05
56	11	1111	nan	0.0	1e-05
56	12	1112	nan	0.0	1e-05
56	13	1113	nan	0.0	1e-05
56	14	1114	nan	0.0	1e-05
56	15	1115	nan	0.0	1e-05
56	16	1116	nan	0.2	1e-05
56	17	1117	nan	0.0	1e-05
56	18	1118	nan	0.0	1e-05
56	19	1119	nan	0.0	1e-05
56	20	1120	nan	0.0	1e-05
57	1	1121	nan	0.0	1e-05
57	2	1122	nan	0.0	1e-05
57	3	1123	nan	0.0	1e-05
57	4	1124	nan	0.16	1e-05
57	5	1125	nan	0.0	1e-05
57	6	1126	nan	0.0	1e-05
57	7	1127	nan	0.08	1e-05
57	8	1128	nan	0.0	1e-05
57	9	1129	nan	0.0	1e-05
57	10	1130	nan	0.04	1e-05
57	11	1131	nan	0.0	1e-05
57	12	1132	nan	0.0	1e-05
57	13	1133	nan	0.12	1e-05
57	14	1134	nan	0.0	1e-05
57	15	1135	nan	0.0	1e-05
57	16	1136	nan	0.08	1e-05
57	17	1137	nan	0.0	1e-05
57	18	1138	nan	0.0	1e-05
57	19	1139	nan	0.08	1e-05
57	20	1140	nan	0.0	1e-05
58	1	1141	nan	0.0	1e-05
58	2	1142	nan	0.0	1e-05
58	3	1143	nan	0.0	1e-05
58	4	1144	nan	0.04	1e-05
58	5	1145	nan	0.0	1e-05
58	6	1146	nan	0.0	1e-05
58	7	1147	nan	0.04	1e-05
58	8	1148	nan	0.0	1e-05
58	9	1149	nan	0.0	1e-05
58	10	1150	nan	0.08	1e-05
58	11	1151	nan	0.0	1e-05
58	12	1152	nan	0.0	1e-05
58	13	1153	nan	0.12	1e-05
58	14	1154	nan	0.0	1e-05
58	15	1155	nan	0.0	1e-05
58	16	1156	nan	0.04	1e-05
58	17	1157	nan	0.0	1e-05
58	18	1158	nan	0.0	1e-05
58	19	1159	nan	0.0	1e-05
58	20	1160	nan	0.0	1e-05
59	1	1161	nan	0.0	1e-05
59	2	1162	nan	0.0	1e-05
59	3	1163	nan	0.0	1e-05
59	4	1164	nan	0.08	1e-05
59	5	1165	nan	0.0	1e-05
59	6	1166	nan	0.0	1e-05
59	7	1167	nan	0.08	1e-05
59	8	1168	nan	0.0	1e-05
59	9	1169	nan	0.0	1e-05
59	10	1170	nan	0.16	1e-05
59	11	1171	nan	0.0	1e-05
59	12	1172	nan	0.0	1e-05
59	13	1173	nan	0.08	1e-05
59	14	1174	nan	0.0	1e-05
59	15	1175	nan	0.0	1e-05
59	16	1176	nan	0.0	1e-05
59	17	1177	nan	0.0	1e-05
59	18	1178	nan	0.0	1e-05
59	19	1179	nan	0.04	1e-05
59	20	1180	nan	0.0	1e-05
60	1	1181	nan	0.0	1e-05
60	2	1182	nan	0.0	1e-05
60	3	1183	nan	0.0	1e-05
60	4	1184	nan	0.0	1e-05
60	5	1185	nan	0.0	1e-05
60	6	1186	nan	0.0	1e-05
60	7	1187	nan	0.08	1e-05
60	8	1188	nan	0.0	1e-05
60	9	1189	nan	0.0	1e-05
60	10	1190	nan	0.08	1e-05
60	11	1191	nan	0.0	1e-05
60	12	1192	nan	0.0	1e-05
60	13	1193	nan	0.08	1e-05
60	14	1194	nan	0.0	1e-05
60	15	1195	nan	0.0	1e-05
60	16	1196	nan	0.12	1e-05
60	17	1197	nan	0.0	1e-05
60	18	1198	nan	0.0	1e-05
60	19	1199	nan	0.04	1e-05
60	20	1200	nan	0.0	1e-05
61	1	1201	nan	0.0	1e-05
61	2	1202	nan	0.0	1e-05
61	3	1203	nan	0.0	1e-05
61	4	1204	nan	0.04	1e-05
61	5	1205	nan	0.0	1e-05
61	6	1206	nan	0.0	1e-05
61	7	1207	nan	0.04	1e-05
61	8	1208	nan	0.0	1e-05
61	9	1209	nan	0.0	1e-05
61	10	1210	nan	0.16	1e-05
61	11	1211	nan	0.0	1e-05
61	12	1212	nan	0.0	1e-05
61	13	1213	nan	0.08	1e-05
61	14	1214	nan	0.0	1e-05
61	15	1215	nan	0.0	1e-05
61	16	1216	nan	0.0	1e-05
61	17	1217	nan	0.0	1e-05
61	18	1218	nan	0.0	1e-05
61	19	1219	nan	0.04	1e-05
61	20	1220	nan	0.0	1e-05
62	1	1221	nan	0.0	1e-05
62	2	1222	nan	0.0	1e-05
62	3	1223	nan	0.0	1e-05
62	4	1224	nan	0.12	1e-05
62	5	1225	nan	0.0	1e-05
62	6	1226	nan	0.0	1e-05
62	7	1227	nan	0.04	1e-05
62	8	1228	nan	0.0	1e-05
62	9	1229	nan	0.0	1e-05
62	10	1230	nan	0.0	1e-05
62	11	1231	nan	0.0	1e-05
62	12	1232	nan	0.0	1e-05
62	13	1233	nan	0.16	1e-05
62	14	1234	nan	0.0	1e-05
62	15	1235	nan	0.0	1e-05
62	16	1236	nan	0.12	1e-05
62	17	1237	nan	0.0	1e-05
62	18	1238	nan	0.0	1e-05
62	19	1239	nan	0.04	1e-05
62	20	1240	nan	0.0	1e-05
63	1	1241	nan	0.0	1e-05
63	2	1242	nan	0.0	1e-05
63	3	1243	nan	0.0	1e-05
63	4	1244	nan	0.08	1e-05
63	5	1245	nan	0.0	1e-05
63	6	1246	nan	0.0	1e-05
63	7	1247	nan	0.04	1e-05
63	8	1248	nan	0.0	1e-05
63	9	1249	nan	0.0	1e-05
63	10	1250	nan	0.04	1e-05
63	11	1251	nan	0.0	1e-05
63	12	1252	nan	0.0	1e-05
63	13	1253	nan	0.0	1e-05
63	14	1254	nan	0.0	1e-05
63	15	1255	nan	0.0	1e-05
63	16	1256	nan	0.08	1e-05
63	17	1257	nan	0.0	1e-05
63	18	1258	nan	0.0	1e-05
63	19	1259	nan	0.12	1e-05
63	20	1260	nan	0.0	1e-05
64	1	1261	nan	0.0	1e-05
64	2	1262	nan	0.0	1e-05
64	3	1263	nan	0.0	1e-05
64	4	1264	nan	0.16	1e-05
64	5	1265	nan	0.0	1e-05
64	6	1266	nan	0.0	1e-05
64	7	1267	nan	0.0	1e-05
64	8	1268	nan	0.0	1e-05
64	9	1269	nan	0.0	1e-05
64	10	1270	nan	0.16	1e-05
64	11	1271	nan	0.0	1e-05
64	12	1272	nan	0.0	1e-05
64	13	1273	nan	0.16	1e-05
64	14	1274	nan	0.0	1e-05
64	15	1275	nan	0.0	1e-05
64	16	1276	nan	0.04	1e-05
64	17	1277	nan	0.0	1e-05
64	18	1278	nan	0.0	1e-05
64	19	1279	nan	0.08	1e-05
64	20	1280	nan	0.0	1e-05
65	1	1281	nan	0.0	1e-05
65	2	1282	nan	0.0	1e-05
65	3	1283	nan	0.0	1e-05
65	4	1284	nan	0.08	1e-05
65	5	1285	nan	0.0	1e-05
65	6	1286	nan	0.0	1e-05
65	7	1287	nan	0.08	1e-05
65	8	1288	nan	0.0	1e-05
65	9	1289	nan	0.0	1e-05
65	10	1290	nan	0.12	1e-05
65	11	1291	nan	0.0	1e-05
65	12	1292	nan	0.0	1e-05
65	13	1293	nan	0.0	1e-05
65	14	1294	nan	0.0	1e-05
65	15	1295	nan	0.0	1e-05
65	16	1296	nan	0.12	1e-05
65	17	1297	nan	0.0	1e-05
65	18	1298	nan	0.0	1e-05
65	19	1299	nan	0.12	1e-05
65	20	1300	nan	0.0	1e-05
66	1	1301	nan	0.0	1e-05
66	2	1302	nan	0.0	1e-05
66	3	1303	nan	0.0	1e-05
66	4	1304	nan	0.12	1e-05
66	5	1305	nan	0.0	1e-05
66	6	1306	nan	0.0	1e-05
66	7	1307	nan	0.16	1e-05
66	8	1308	nan	0.0	1e-05
66	9	1309	nan	0.0	1e-05
66	10	1310	nan	0.0	1e-05
66	11	1311	nan	0.0	1e-05
66	12	1312	nan	0.0	1e-05
66	13	1313	nan	0.12	1e-05
66	14	1314	nan	0.0	1e-05
66	15	1315	nan	0.0	1e-05
66	16	1316	nan	0.08	1e-05
66	17	1317	nan	0.0	1e-05
66	18	1318	nan	0.0	1e-05
66	19	1319	nan	0.12	1e-05
66	20	1320	nan	0.0	1e-05
67	1	1321	nan	0.0	1e-05
67	2	1322	nan	0.0	1e-05
67	3	1323	nan	0.0	1e-05
67	4	1324	nan	0.04	1e-05
67	5	1325	nan	0.0	1e-05
67	6	1326	nan	0.0	1e-05
67	7	1327	nan	0.12	1e-05
67	8	1328	nan	0.0	1e-05
67	9	1329	nan	0.0	1e-05
67	10	1330	nan	0.16	1e-05
67	11	1331	nan	0.0	1e-05
67	12	1332	nan	0.0	1e-05
67	13	1333	nan	0.08	1e-05
67	14	1334	nan	0.0	1e-05
67	15	1335	nan	0.0	1e-05
67	16	1336	nan	0.0	1e-05
