epoch	loss	acc	lr
1	4.009014340675845	0.0196078431372549	0.001
2	3.9311669440496537	0.020448179271708684	0.001
3	3.908126221317537	0.023529411764705882	0.001
4	3.902218255008302	0.028011204481792718	0.001
5	3.897864968168969	0.030252100840336135	0.001
6	3.8838143342015456	0.028011204481792718	0.001
7	3.8744363470905636	0.03137254901960784	0.001
8	3.8701743585388866	0.030252100840336135	0.001
9	3.8664229690861633	0.03137254901960784	0.001
10	3.8534227145486186	0.036414565826330535	0.001
11	3.8485144153028643	0.035854341736694675	0.001
12	3.837327016167948	0.0392156862745098	0.001
13	3.8338807757829083	0.041736694677871146	0.001
14	3.8301998941170403	0.047058823529411764	0.001
15	3.815474073426062	0.042296918767507005	0.001
16	3.8058867227463495	0.047058823529411764	0.001
17	3.801275217900423	0.04453781512605042	0.001
18	3.78988454522205	0.050140056022408966	0.001
19	3.7840086198320577	0.043137254901960784	0.001
20	3.770446598362856	0.05350140056022409	0.001
21	3.7500415342528615	0.052941176470588235	0.001
22	3.760965219064921	0.05350140056022409	0.001
23	3.7498802898310815	0.04985994397759104	0.001
24	3.737676580413049	0.05714285714285714	0.001
25	3.7306653711976123	0.048179271708683476	0.001
26	3.723092977406264	0.05826330532212885	0.001
27	3.725445011416737	0.05070028011204482	0.001
28	3.702222630423324	0.06498599439775911	0.001
29	3.7186647316320935	0.057703081232493	0.001
30	3.697845752833604	0.06218487394957983	0.001
31	3.6960958025368655	0.06190476190476191	0.001
32	3.6813229225596795	0.060784313725490195	0.001
33	3.681403803224323	0.06274509803921569	0.001
34	3.691109514370018	0.06330532212885154	0.001
35	3.6704274519484916	0.0700280112044818	0.001
36	3.671333571442035	0.06694677871148459	0.001
37	3.6672045496665464	0.07086834733893557	0.001
38	3.6539614901823154	0.07058823529411765	0.001
39	3.6456639165637874	0.073109243697479	0.001
40	3.6314549719920013	0.07647058823529412	0.001
41	3.637239762714931	0.07815126050420168	0.001
42	3.6290418493981456	0.07787114845938375	0.001
43	3.622946427315891	0.07647058823529412	0.001
44	3.61244300901055	0.08403361344537816	0.001
45	3.6037250727164647	0.08599439775910364	0.001
46	3.6006185941669453	0.0876750700280112	0.001
47	3.5848085332651434	0.08683473389355742	0.001
48	3.5735110982793388	0.09327731092436975	0.001
49	3.565304744811285	0.09411764705882353	0.001
50	3.550477409229225	0.09439775910364145	0.001
51	3.559859619087198	0.08347338935574229	0.001
52	3.556634718630494	0.09943977591036414	0.001
53	3.5509342733217553	0.09299719887955182	0.001
54	3.5374869465494023	0.09803921568627451	0.001
55	3.539850227639121	0.10448179271708684	0.001
56	3.5371789631723356	0.09215686274509804	0.001
57	3.513349892378521	0.10252100840336134	0.001
58	3.510233814976796	0.10560224089635854	0.001
59	3.502889693952074	0.10560224089635854	0.001
60	3.4974300233589837	0.10532212885154062	0.001
61	3.489537237739029	0.10504201680672269	0.001
62	3.4885018746725986	0.1092436974789916	0.001
63	3.4708317040729257	0.11736694677871148	0.001
64	3.4633137525296678	0.11848739495798319	0.001
65	3.4687911949905694	0.11512605042016806	0.001
66	3.458024115121665	0.10756302521008404	0.001
67	3.450872874727436	0.11596638655462185	0.001
68	3.4519959671490668	0.11764705882352941	0.001
69	3.43691930650663	0.12436974789915967	0.001
70	3.4178240679893173	0.12605042016806722	0.001
71	3.4235757579322623	0.11820728291316526	0.001
72	3.4302149994366644	0.12212885154061624	0.001
73	3.417852071820855	0.1296918767507003	0.001
74	3.3972135298058435	0.12605042016806722	0.001
75	3.387632844828758	0.1341736694677871	0.001
76	3.3890381139867447	0.12717086834733893	0.001
77	3.3809256573685076	0.13165266106442577	0.001
78	3.408026705936891	0.12745098039215685	0.001
79	3.377392035572469	0.13165266106442577	0.001
80	3.3719023589660475	0.13585434173669467	0.001
81	3.3600275883821547	0.13585434173669467	0.001
82	3.365995351006003	0.13361344537815126	0.001
83	3.3514332544235956	0.14257703081232492	0.001
84	3.3471285762573157	0.13641456582633052	0.001
85	3.3230538822355724	0.14565826330532214	0.001
86	3.321326890245539	0.14705882352941177	0.001
87	3.322817061795574	0.14929971988795518	0.001
88	3.318346812277615	0.1434173669467787	0.001
89	3.3152352995565293	0.15126050420168066	0.001
90	3.304865668133861	0.146218487394958	0.001
91	3.311449810904281	0.15098039215686274	0.001
92	3.2815584842564345	0.14285714285714285	0.001
93	3.292752539076391	0.14565826330532214	0.001
94	3.277882964671159	0.1588235294117647	0.001
95	3.2762269052136848	0.1546218487394958	0.001
96	3.2691423505628143	0.1627450980392157	0.001
97	3.2366006688243534	0.1638655462184874	0.001
98	3.240415342047769	0.15798319327731092	0.001
99	3.2578413526551064	0.16358543417366947	0.001
100	3.2389996485883783	0.16470588235294117	0.001
101	3.2163592072762026	0.16302521008403362	0.001
102	3.214013306700549	0.1599439775910364	0.001
103	3.2207611789222526	0.16778711484593836	0.001
104	3.206842903997384	0.16526610644257703	0.001
105	3.224207265704286	0.16526610644257703	0.001
106	3.1989740370368422	0.16946778711484595	0.001
107	3.1968176298114765	0.17366946778711484	0.001
108	3.176311905644521	0.1753501400560224	0.001
109	3.157362503831794	0.18571428571428572	0.001
110	3.1652251992906844	0.17507002801120447	0.001
111	3.1829492832098354	0.17086834733893558	0.001
112	3.1651693672693075	0.1826330532212885	0.001
113	3.1520564936790145	0.1843137254901961	0.001
114	3.140905880460552	0.18375350140056024	0.001
115	3.137213244825518	0.17983193277310924	0.001
116	3.1173988043093215	0.18935574229691876	0.0001
117	3.1119608585240126	0.20028011204481794	0.0001
118	3.1122574445580233	0.19047619047619047	0.0001
119	3.108447615839854	0.1907563025210084	0.0001
120	3.1029460870919108	0.19243697478991598	0.0001
121	3.097336145342231	0.19411764705882353	0.0001
122	3.0976145608084544	0.18795518207282913	0.0001
123	3.0860733291348157	0.1991596638655462	0.0001
124	3.097278465409907	0.19411764705882353	0.0001
125	3.0920868040132925	0.19635854341736694	0.0001
126	3.1026949962648023	0.20168067226890757	0.0001
127	3.0990787941534648	0.20140056022408964	0.0001
128	3.0996528526648084	0.1969187675070028	0.0001
129	3.101194035773184	0.1915966386554622	0.0001
130	3.105313267694468	0.19523809523809524	0.0001
131	3.072976394193847	0.20056022408963586	0.0001
132	3.0946486677442278	0.2008403361344538	0.0001
133	3.0724171056133023	0.20112044817927172	0.0001
134	3.078917586836828	0.20280112044817927	1e-05
135	3.0836911228190615	0.2019607843137255	1e-05
136	3.0791011711462537	0.19747899159663865	1e-05
137	3.093984722089367	0.19523809523809524	1e-05
138	3.0789273973940467	0.20168067226890757	1e-05
139	3.085474134493275	0.1991596638655462	1e-05
140	3.094587862324648	0.2030812324929972	1e-05
141	3.0927187080810716	0.2008403361344538	1e-05
142	3.0910320676007523	0.19943977591036416	1e-05
143	3.0830840389935577	0.20252100840336135	1e-05
144	3.080433703938118	0.20056022408963586	1e-05
145	3.0754551867477034	0.20504201680672268	1.0000000000000002e-06
146	3.0833490869912112	0.2042016806722689	1.0000000000000002e-06
147	3.0696929583028587	0.19131652661064424	1.0000000000000002e-06
148	3.0726297736501826	0.20280112044817927	1.0000000000000002e-06
149	3.0774113163560712	0.20784313725490197	1.0000000000000002e-06
150	3.0691214990215143	0.20560224089635853	1.0000000000000002e-06
151	3.088214380066602	0.19467787114845939	1.0000000000000002e-06
152	3.073140356053157	0.20056022408963586	1.0000000000000002e-06
153	3.0759588576832404	0.19411764705882353	1.0000000000000002e-06
154	3.0759824310698094	0.19299719887955183	1.0000000000000002e-06
155	3.089888431778809	0.19607843137254902	1.0000000000000002e-06
156	3.0903735120757285	0.20112044817927172	1.0000000000000002e-06
157	3.0715157311169707	0.2030812324929972	1.0000000000000002e-06
158	3.0744818559213845	0.20336134453781513	1.0000000000000002e-06
159	3.07114841156647	0.2053221288515406	1.0000000000000002e-06
160	3.0739000230944122	0.20588235294117646	1.0000000000000002e-06
161	3.077586316260971	0.1949579831932773	1.0000000000000002e-06
162	3.083804096494402	0.19635854341736694	1.0000000000000002e-06
163	3.081152508572704	0.20980392156862746	1.0000000000000002e-06
164	3.0802849240663672	0.19355742296918768	1.0000000000000002e-06
165	3.0732449136194395	0.2061624649859944	1.0000000000000002e-07
166	3.109064440099465	0.19635854341736694	1.0000000000000002e-07
167	3.102904809289286	0.19243697478991598	1.0000000000000002e-07
168	3.0702825928268647	0.20252100840336135	1.0000000000000002e-07
169	3.097748477919763	0.1907563025210084	1.0000000000000002e-07
170	3.073872874764835	0.1980392156862745	1.0000000000000002e-07
171	3.0907681048417293	0.20280112044817927	1.0000000000000002e-07
172	3.07229800852073	0.2064425770308123	1.0000000000000002e-07
173	3.07473989027221	0.2030812324929972	1.0000000000000002e-07
174	3.0634468403183113	0.2008403361344538	1.0000000000000002e-07
175	3.080550846265478	0.20112044817927172	1.0000000000000002e-07
176	3.087651363607882	0.19719887955182072	1.0000000000000002e-07
177	3.087994421897482	0.20028011204481794	1.0000000000000002e-07
178	3.089020570119222	0.19663865546218487	1.0000000000000002e-07
179	3.0794776694781305	0.20476190476190476	1.0000000000000002e-07
180	3.1032232543667493	0.19523809523809524	1.0000000000000002e-07
181	3.087408574689336	0.20504201680672268	1.0000000000000002e-07
182	3.102442821534742	0.19103641456582632	1.0000000000000002e-07
183	3.0636770631752763	0.2030812324929972	1.0000000000000002e-07
184	3.0830514985306254	0.20672268907563024	1.0000000000000002e-07
185	3.0739752752106395	0.20056022408963586	1.0000000000000002e-07
186	3.063882899885418	0.21204481792717086	1.0000000000000004e-08
187	3.0795630927847215	0.20588235294117646	1.0000000000000004e-08
188	3.0962455212569036	0.19187675070028012	1.0000000000000004e-08
189	3.092479285739717	0.20280112044817927	1.0000000000000004e-08
190	3.097282262743354	0.20056022408963586	1.0000000000000004e-08
191	3.076122776800845	0.20252100840336135	1.0000000000000004e-08
192	3.081995067810144	0.20112044817927172	1.0000000000000004e-08
193	3.071410865008998	0.2064425770308123	1.0000000000000004e-08
194	3.089674757976158	0.1957983193277311	1.0000000000000004e-08
195	3.0799755969969165	0.2008403361344538	1.0000000000000004e-08
196	3.0796706395990707	0.20252100840336135	1.0000000000000004e-08
197	3.0782859612579774	0.20672268907563024	1.0000000000000004e-08
198	3.087958850780455	0.20252100840336135	1.0000000000000004e-08
199	3.0821276913170053	0.20448179271708683	1.0000000000000004e-08
200	3.0625583564533905	0.20728291316526612	1.0000000000000004e-08
